upointer
8b 44 24 24                   movl  0x24(%esp), %eax
89 44 24 20                   movl  %eax, 0x20(%esp)
8b 44 24 20                   movl  0x20(%esp), %eax
8b 44 24 20                   movl  0x20(%esp), %eax
8b 44 24 20                   movl  0x20(%esp), %eax
upointer
8b 44 24 24                   movl  0x24(%esp), %eax
8d 50 0c                      leal  0xc(%eax), %edx
89 50 04                      movl  %edx, 0x4(%eax)
8b 40 04                      movl  0x4(%eax), %eax
85 c0                         test %eax, %eax
74 19                         jz 0x8048a2a
8b 40 04                      movl  0x4(%eax), %eax
89 44 24 04                   movl  %eax, 0x4(%esp)
e8 4e fe ff ff                calll  0x8048874
e8 aa 3b 01 00                calll  0x805c430
e8 48 c3 fe ff                calll  0x8048780
8b 1c 24                      movl  (%esp), %ebx
c3                            retl  
81 c3 c8 cb 07 00             add $0x7cbc8, %ebx
83 ec 10                      sub $0x10, %esp
0f 85 6d 01 00 00             jnz 0x805c5c0
0f 87 a9 00 00 00             jnbe 0x805c508
e9 50 ff ff ff                jmp 0x805c466
0f 82 72 01 00 00             jb 0x805c5e0
0f 85 6a 01 00 00             jnz 0x805c5e0
upointer
8b 44 24 24                   movl  0x24(%esp), %eax
8d 50 18                      leal  0x18(%eax), %edx
89 50 08                      movl  %edx, 0x8(%eax)
8b 40 08                      movl  0x8(%eax), %eax
85 c0                         test %eax, %eax
74 19                         jz 0x8048a4d
8b 40 08                      movl  0x8(%eax), %eax
89 44 24 04                   movl  %eax, 0x4(%esp)
e8 2b fe ff ff                calll  0x8048874
e8 aa 3b 01 00                calll  0x805c430
e8 48 c3 fe ff                calll  0x8048780
8b 1c 24                      movl  (%esp), %ebx
c3                            retl  
81 c3 c8 cb 07 00             add $0x7cbc8, %ebx
83 ec 10                      sub $0x10, %esp
0f 85 6d 01 00 00             jnz 0x805c5c0
0f 87 a9 00 00 00             jnbe 0x805c508
e9 50 ff ff ff                jmp 0x805c466
0f 82 72 01 00 00             jb 0x805c5e0
0f 85 6a 01 00 00             jnz 0x805c5e0
upointer
8b 44 24 24                   movl  0x24(%esp), %eax
83 c0 0c                      add $0xc, %eax
89 44 24 20                   movl  %eax, 0x20(%esp)
8b 44 24 20                   movl  0x20(%esp), %eax
upointer
8b 44 24 24                   movl  0x24(%esp), %eax
83 c0 18                      add $0x18, %eax
89 44 24 20                   movl  %eax, 0x20(%esp)
8b 44 24 20                   movl  0x20(%esp), %eax
8b 44 24 20                   movl  0x20(%esp), %eax
8b 44 24 20                   movl  0x20(%esp), %eax
upointer
8b 44 24 24                   movl  0x24(%esp), %eax
8d 50 24                      leal  0x24(%eax), %edx
89 50 04                      movl  %edx, 0x4(%eax)
8b 40 04                      movl  0x4(%eax), %eax
85 c0                         test %eax, %eax
74 19                         jz 0x8048a2a
8b 40 04                      movl  0x4(%eax), %eax
89 44 24 04                   movl  %eax, 0x4(%esp)
e8 4e fe ff ff                calll  0x8048874
e8 aa 3b 01 00                calll  0x805c430
e8 48 c3 fe ff                calll  0x8048780
8b 1c 24                      movl  (%esp), %ebx
c3                            retl  
81 c3 c8 cb 07 00             add $0x7cbc8, %ebx
83 ec 10                      sub $0x10, %esp
0f 85 6d 01 00 00             jnz 0x805c5c0
0f 87 a9 00 00 00             jnbe 0x805c508
e9 50 ff ff ff                jmp 0x805c466
0f 82 72 01 00 00             jb 0x805c5e0
0f 85 6a 01 00 00             jnz 0x805c5e0
upointer
8b 44 24 24                   movl  0x24(%esp), %eax
8d 50 30                      leal  0x30(%eax), %edx
89 50 08                      movl  %edx, 0x8(%eax)
8b 40 08                      movl  0x8(%eax), %eax
85 c0                         test %eax, %eax
74 19                         jz 0x8048a4d
8b 40 08                      movl  0x8(%eax), %eax
89 44 24 04                   movl  %eax, 0x4(%esp)
e8 2b fe ff ff                calll  0x8048874
e8 aa 3b 01 00                calll  0x805c430
e8 48 c3 fe ff                calll  0x8048780
8b 1c 24                      movl  (%esp), %ebx
c3                            retl  
81 c3 c8 cb 07 00             add $0x7cbc8, %ebx
83 ec 10                      sub $0x10, %esp
0f 85 6d 01 00 00             jnz 0x805c5c0
0f 87 a9 00 00 00             jnbe 0x805c508
e9 50 ff ff ff                jmp 0x805c466
0f 82 72 01 00 00             jb 0x805c5e0
0f 85 6a 01 00 00             jnz 0x805c5e0
upointer
8b 44 24 24                   movl  0x24(%esp), %eax
83 c0 24                      add $0x24, %eax
89 44 24 20                   movl  %eax, 0x20(%esp)
8b 44 24 20                   movl  0x20(%esp), %eax
upointer
8b 44 24 24                   movl  0x24(%esp), %eax
83 c0 30                      add $0x30, %eax
89 44 24 20                   movl  %eax, 0x20(%esp)
8b 44 24 20                   movl  0x20(%esp), %eax
upointer
8b 44 24 24                   movl  0x24(%esp), %eax
89 04 24                      movl  %eax, (%esp)
83 7d 08 00                   cmpl  $0x0, 0x8(%ebp)
75 0a                         jnz 0x804893e
e8 6e 46 01 00                calll  0x805cfc0
e8 b7 b7 fe ff                calll  0x8048780
8b 1c 24                      movl  (%esp), %ebx
c3                            retl  
81 c3 37 c0 07 00             add $0x7c037, %ebx
83 ec 1c                      sub $0x1c, %esp
76 08                         jbe 0x805cff2
0f 85 d0 01 00 00             jnz 0x805d1d0
0f 84 22 02 00 00             jz 0x805d230
0f 85 34 02 00 00             jnz 0x805d250
8d bb 20 05 00 00             leal  0x520(%ebx), %edi
89 f8                         mov %edi, %eax
e8 d1 d6 ff ff                calll  0x805a710
57                            pushl  %edi
53                            pushl  %ebx
e8 ca ee fe ff                calll  0x80495e6
upointer
8b 55 f4                      movl  -0xc(%ebp), %edx
89 10                         movl  %edx, (%eax)
8b 45 dc                      movl  -0x24(%ebp), %eax
85 c0                         test %eax, %eax
0f 85 12 ff ff ff             jnz 0x80489cd
e8 f5 fe ff ff                calll  0x80488cd
8b 00                         movl  (%eax), %eax
85 c0                         test %eax, %eax
75 09                         jnz 0x80488e5
8b 00                         movl  (%eax), %eax
8b 00                         movl  (%eax), %eax
89 45 f0                      movl  %eax, -0x10(%ebp)
8b 00                         movl  (%eax), %eax
75 0a                         jnz 0x8048917
8b 45 f0                      movl  -0x10(%ebp), %eax
89 04 24                      movl  %eax, (%esp)
e8 0e 41 01 00                calll  0x805ca30
e8 02 cf fe ff                calll  0x8049939
8b 34 24                      movl  (%esp), %esi
c3                            retl  
Unknow
8b 45 dc                      movl  -0x24(%ebp), %eax
85 c0                         test %eax, %eax
0f 85 12 ff ff ff             jnz 0x80489cd
e8 f5 fe ff ff                calll  0x80488cd
75 09                         jnz 0x80488e5
75 0a                         jnz 0x8048917
e8 0e 41 01 00                calll  0x805ca30
e8 02 cf fe ff                calll  0x8049939
8b 34 24                      movl  (%esp), %esi
c3                            retl  
81 c6 c9 c5 07 00             add $0x7c5c9, %esi
83 ec 14                      sub $0x14, %esp
0f 85 7e 00 00 00             jnz 0x805cad0
0f 84 83 00 00 00             jz 0x805cadd
75 2b                         jnz 0x805ca90
74 79                         jz 0x805cae8
8d 86 20 05 00 00             leal  0x520(%esi), %eax
74 09                         jz 0x805ca83
83 c4 14                      add $0x14, %esp
e9 91 c9 ff ff                jmp 0x8059420
upointer
8b 45 f4                      movl  -0xc(%ebp), %eax
89 45 e4                      movl  %eax, -0x1c(%ebp)
83 7d e4 00                   cmpl  $0x0, -0x1c(%ebp)
74 6c                         jz 0x8048a4d
8b 45 e4                      movl  -0x1c(%ebp), %eax
8b 45 e4                      movl  -0x1c(%ebp), %eax
74 19                         jz 0x8048a2a
8b 45 e4                      movl  -0x1c(%ebp), %eax
e8 4e fe ff ff                calll  0x8048874
e8 aa 3b 01 00                calll  0x805c430
e8 48 c3 fe ff                calll  0x8048780
8b 1c 24                      movl  (%esp), %ebx
c3                            retl  
81 c3 c8 cb 07 00             add $0x7cbc8, %ebx
83 ec 10                      sub $0x10, %esp
0f 85 6d 01 00 00             jnz 0x805c5c0
0f 87 a9 00 00 00             jnbe 0x805c508
e9 50 ff ff ff                jmp 0x805c466
0f 82 72 01 00 00             jb 0x805c5e0
0f 85 6a 01 00 00             jnz 0x805c5e0
upointer
8b 55 f4                      movl  -0xc(%ebp), %edx
89 50 04                      movl  %edx, 0x4(%eax)
8b 40 04                      movl  0x4(%eax), %eax
85 c0                         test %eax, %eax
74 0c                         jz 0x80488b1
8b 40 04                      movl  0x4(%eax), %eax
75 08                         jnz 0x80488cb
upointer
8b 55 f4                      movl  -0xc(%ebp), %edx
89 10                         movl  %edx, (%eax)
8b 00                         movl  (%eax), %eax
85 c0                         test %eax, %eax
75 08                         jnz 0x80488cb
8b 45 dc                      movl  -0x24(%ebp), %eax
85 c0                         test %eax, %eax
0f 85 12 ff ff ff             jnz 0x80489cd
e8 f5 fe ff ff                calll  0x80488cd
8b 00                         movl  (%eax), %eax
85 c0                         test %eax, %eax
75 09                         jnz 0x80488e5
8b 00                         movl  (%eax), %eax
8b 00                         movl  (%eax), %eax
89 45 f0                      movl  %eax, -0x10(%ebp)
8b 00                         movl  (%eax), %eax
75 0a                         jnz 0x8048917
8b 45 f0                      movl  -0x10(%ebp), %eax
89 04 24                      movl  %eax, (%esp)
e8 0e 41 01 00                calll  0x805ca30
int
83 45 f4 01                   addl  $0x1, -0xc(%ebp)
83 45 f4 01                   addl  $0x1, -0xc(%ebp)
8b 45 f4                      movl  -0xc(%ebp), %eax
89 04 24                      movl  %eax, (%esp)
8b 74 24 30                   movl  0x30(%esp), %esi
89 f0                         mov %esi, %eax
89 f5                         mov %esi, %ebp
09 c8                         or %ecx, %eax
0f af e9                      imul %ecx, %ebp
3d ff ff 00 00                cmp $0xffff, %eax
76 08                         jbe 0x805cff2
0f 85 d0 01 00 00             jnz 0x805d1d0
0f 84 22 02 00 00             jz 0x805d230
0f 85 34 02 00 00             jnz 0x805d250
89 ea                         mov %ebp, %edx
e8 d1 d6 ff ff                calll  0x805a710
55                            pushl  %ebp
8d 4a 13                      leal  0x13(%edx), %ecx
56                            pushl  %esi
e8 ca ee fe ff                calll  0x80495e6
upointer
8b 55 f4                      movl  -0xc(%ebp), %edx
89 50 04                      movl  %edx, 0x4(%eax)
8b 50 04                      movl  0x4(%eax), %edx
89 10                         movl  %edx, (%eax)
8b 00                         movl  (%eax), %eax
85 c0                         test %eax, %eax
75 0a                         jnz 0x8048917
e8 0e 41 01 00                calll  0x805ca30
e8 02 cf fe ff                calll  0x8049939
8b 34 24                      movl  (%esp), %esi
c3                            retl  
81 c6 c9 c5 07 00             add $0x7c5c9, %esi
83 ec 14                      sub $0x14, %esp
0f 85 7e 00 00 00             jnz 0x805cad0
0f 84 83 00 00 00             jz 0x805cadd
75 2b                         jnz 0x805ca90
74 79                         jz 0x805cae8
8d 86 20 05 00 00             leal  0x520(%esi), %eax
74 09                         jz 0x805ca83
83 c4 14                      add $0x14, %esp
int
83 45 f4 01                   addl  $0x1, -0xc(%ebp)
8b 45 f4                      movl  -0xc(%ebp), %eax
89 04 24                      movl  %eax, (%esp)
8b 74 24 30                   movl  0x30(%esp), %esi
89 f0                         mov %esi, %eax
89 f5                         mov %esi, %ebp
09 c8                         or %ecx, %eax
0f af e9                      imul %ecx, %ebp
3d ff ff 00 00                cmp $0xffff, %eax
76 08                         jbe 0x805cff2
0f 85 d0 01 00 00             jnz 0x805d1d0
0f 84 22 02 00 00             jz 0x805d230
0f 85 34 02 00 00             jnz 0x805d250
89 ea                         mov %ebp, %edx
e8 d1 d6 ff ff                calll  0x805a710
55                            pushl  %ebp
8d 4a 13                      leal  0x13(%edx), %ecx
56                            pushl  %esi
e8 ca ee fe ff                calll  0x80495e6
8b 2c 24                      movl  (%esp), %ebp
int
3b 45 f0                      cmpl  -0x10(%ebp), %eax
75 5b                         jnz 0x8048ab0
e8 25 45 01 00                calll  0x805cfc0
e8 b7 b7 fe ff                calll  0x8048780
8b 1c 24                      movl  (%esp), %ebx
c3                            retl  
81 c3 37 c0 07 00             add $0x7c037, %ebx
83 ec 1c                      sub $0x1c, %esp
76 08                         jbe 0x805cff2
0f 85 d0 01 00 00             jnz 0x805d1d0
0f 84 22 02 00 00             jz 0x805d230
0f 85 34 02 00 00             jnz 0x805d250
8d bb 20 05 00 00             leal  0x520(%ebx), %edi
89 f8                         mov %edi, %eax
e8 d1 d6 ff ff                calll  0x805a710
57                            pushl  %edi
53                            pushl  %ebx
e8 ca ee fe ff                calll  0x80495e6
8b 2c 24                      movl  (%esp), %ebp
c3                            retl  
int
8b 45 f0                      movl  -0x10(%ebp), %eax
89 02                         movl  %eax, (%edx)
8b 00                         movl  (%eax), %eax
8b 00                         movl  (%eax), %eax
int
8b 45 f4                      movl  -0xc(%ebp), %eax
89 04 24                      movl  %eax, (%esp)
8b 74 24 30                   movl  0x30(%esp), %esi
89 f0                         mov %esi, %eax
89 f5                         mov %esi, %ebp
09 c8                         or %ecx, %eax
0f af e9                      imul %ecx, %ebp
3d ff ff 00 00                cmp $0xffff, %eax
76 08                         jbe 0x805cff2
0f 85 d0 01 00 00             jnz 0x805d1d0
0f 84 22 02 00 00             jz 0x805d230
0f 85 34 02 00 00             jnz 0x805d250
89 ea                         mov %ebp, %edx
e8 d1 d6 ff ff                calll  0x805a710
55                            pushl  %ebp
8d 4a 13                      leal  0x13(%edx), %ecx
56                            pushl  %esi
e8 ca ee fe ff                calll  0x80495e6
8b 2c 24                      movl  (%esp), %ebp
c3                            retl  
int
8b 45 f4                      movl  -0xc(%ebp), %eax
89 45 f0                      movl  %eax, -0x10(%ebp)
3b 45 f0                      cmpl  -0x10(%ebp), %eax
75 5b                         jnz 0x8048ab0
0f 85 12 ff ff ff             jnz 0x80489cd
e8 f5 fe ff ff                calll  0x80488cd
75 09                         jnz 0x80488e5
75 0a                         jnz 0x8048917
e8 0e 41 01 00                calll  0x805ca30
e8 02 cf fe ff                calll  0x8049939
8b 34 24                      movl  (%esp), %esi
c3                            retl  
81 c6 c9 c5 07 00             add $0x7c5c9, %esi
83 ec 14                      sub $0x14, %esp
0f 85 7e 00 00 00             jnz 0x805cad0
0f 84 83 00 00 00             jz 0x805cadd
75 2b                         jnz 0x805ca90
74 79                         jz 0x805cae8
8d 86 20 05 00 00             leal  0x520(%esi), %eax
74 09                         jz 0x805ca83
int
8b 45 f4                      movl  -0xc(%ebp), %eax
89 45 ec                      movl  %eax, -0x14(%ebp)
8b 55 ec                      movl  -0x14(%ebp), %edx
c1 e2 02                      shl $0x2, %edx
01 c2                         add %eax, %edx
83 45 ec 01                   addl  $0x1, -0x14(%ebp)
8b 45 ec                      movl  -0x14(%ebp), %eax
8b 55 ec                      movl  -0x14(%ebp), %edx
c1 e2 02                      shl $0x2, %edx
01 c2                         add %eax, %edx
83 45 ec 01                   addl  $0x1, -0x14(%ebp)
8b 45 ec                      movl  -0x14(%ebp), %eax
Unknow
8b 45 dc                      movl  -0x24(%ebp), %eax
85 c0                         test %eax, %eax
0f 85 12 ff ff ff             jnz 0x80489cd
e8 f5 fe ff ff                calll  0x80488cd
75 09                         jnz 0x80488e5
75 0a                         jnz 0x8048917
e8 0e 41 01 00                calll  0x805ca30
e8 02 cf fe ff                calll  0x8049939
8b 34 24                      movl  (%esp), %esi
c3                            retl  
81 c6 c9 c5 07 00             add $0x7c5c9, %esi
83 ec 14                      sub $0x14, %esp
0f 85 7e 00 00 00             jnz 0x805cad0
0f 84 83 00 00 00             jz 0x805cadd
75 2b                         jnz 0x805ca90
74 79                         jz 0x805cae8
8d 86 20 05 00 00             leal  0x520(%esi), %eax
74 09                         jz 0x805ca83
83 c4 14                      add $0x14, %esp
e9 91 c9 ff ff                jmp 0x8059420
upointer
8b 45 f4                      movl  -0xc(%ebp), %eax
89 45 e4                      movl  %eax, -0x1c(%ebp)
83 7d e4 00                   cmpl  $0x0, -0x1c(%ebp)
74 6c                         jz 0x8048a4d
8b 45 e4                      movl  -0x1c(%ebp), %eax
8b 45 e4                      movl  -0x1c(%ebp), %eax
74 19                         jz 0x8048a2a
8b 45 e4                      movl  -0x1c(%ebp), %eax
74 19                         jz 0x8048a4d
75 5b                         jnz 0x8048ab0
0f 85 12 ff ff ff             jnz 0x80489cd
e8 f5 fe ff ff                calll  0x80488cd
75 09                         jnz 0x80488e5
75 0a                         jnz 0x8048917
e8 0e 41 01 00                calll  0x805ca30
e8 02 cf fe ff                calll  0x8049939
8b 34 24                      movl  (%esp), %esi
c3                            retl  
81 c6 c9 c5 07 00             add $0x7c5c9, %esi
83 ec 14                      sub $0x14, %esp
int
83 45 ec 01                   addl  $0x1, -0x14(%ebp)
8b 45 ec                      movl  -0x14(%ebp), %eax
8b 55 ec                      movl  -0x14(%ebp), %edx
c1 e2 02                      shl $0x2, %edx
01 c2                         add %eax, %edx
83 45 ec 01                   addl  $0x1, -0x14(%ebp)
8b 45 ec                      movl  -0x14(%ebp), %eax
int
3b 45 f0                      cmpl  -0x10(%ebp), %eax
75 5b                         jnz 0x8048ab0
0f 85 12 ff ff ff             jnz 0x80489cd
e8 f5 fe ff ff                calll  0x80488cd
75 09                         jnz 0x80488e5
75 0a                         jnz 0x8048917
e8 0e 41 01 00                calll  0x805ca30
e8 02 cf fe ff                calll  0x8049939
8b 34 24                      movl  (%esp), %esi
c3                            retl  
81 c6 c9 c5 07 00             add $0x7c5c9, %esi
83 ec 14                      sub $0x14, %esp
0f 85 7e 00 00 00             jnz 0x805cad0
0f 84 83 00 00 00             jz 0x805cadd
75 2b                         jnz 0x805ca90
74 79                         jz 0x805cae8
8d 86 20 05 00 00             leal  0x520(%esi), %eax
74 09                         jz 0x805ca83
83 c4 14                      add $0x14, %esp
e9 91 c9 ff ff                jmp 0x8059420
Unknow
8b 45 dc                      movl  -0x24(%ebp), %eax
85 c0                         test %eax, %eax
0f 85 12 ff ff ff             jnz 0x80489cd
e8 f5 fe ff ff                calll  0x80488cd
75 09                         jnz 0x80488e5
75 0a                         jnz 0x8048917
e8 0e 41 01 00                calll  0x805ca30
e8 02 cf fe ff                calll  0x8049939
8b 34 24                      movl  (%esp), %esi
c3                            retl  
81 c6 c9 c5 07 00             add $0x7c5c9, %esi
83 ec 14                      sub $0x14, %esp
0f 85 7e 00 00 00             jnz 0x805cad0
0f 84 83 00 00 00             jz 0x805cadd
75 2b                         jnz 0x805ca90
74 79                         jz 0x805cae8
8d 86 20 05 00 00             leal  0x520(%esi), %eax
74 09                         jz 0x805ca83
83 c4 14                      add $0x14, %esp
e9 91 c9 ff ff                jmp 0x8059420
upointer
8b 45 f4                      movl  -0xc(%ebp), %eax
89 45 e4                      movl  %eax, -0x1c(%ebp)
83 7d e4 00                   cmpl  $0x0, -0x1c(%ebp)
74 6c                         jz 0x8048a4d
8b 45 e4                      movl  -0x1c(%ebp), %eax
8b 45 e4                      movl  -0x1c(%ebp), %eax
74 19                         jz 0x8048a2a
8b 45 e4                      movl  -0x1c(%ebp), %eax
e8 4e fe ff ff                calll  0x8048874
e8 aa 3b 01 00                calll  0x805c430
e8 48 c3 fe ff                calll  0x8048780
8b 1c 24                      movl  (%esp), %ebx
c3                            retl  
81 c3 c8 cb 07 00             add $0x7cbc8, %ebx
83 ec 10                      sub $0x10, %esp
0f 85 6d 01 00 00             jnz 0x805c5c0
0f 87 a9 00 00 00             jnbe 0x805c508
e9 50 ff ff ff                jmp 0x805c466
0f 82 72 01 00 00             jb 0x805c5e0
0f 85 6a 01 00 00             jnz 0x805c5e0
upointer
8b 55 f4                      movl  -0xc(%ebp), %edx
89 50 04                      movl  %edx, 0x4(%eax)
8b 40 04                      movl  0x4(%eax), %eax
85 c0                         test %eax, %eax
74 0c                         jz 0x80488b1
8b 40 04                      movl  0x4(%eax), %eax
75 08                         jnz 0x80488cb
upointer
8b 55 f4                      movl  -0xc(%ebp), %edx
89 10                         movl  %edx, (%eax)
8b 00                         movl  (%eax), %eax
85 c0                         test %eax, %eax
75 08                         jnz 0x80488cb
8b 45 dc                      movl  -0x24(%ebp), %eax
85 c0                         test %eax, %eax
0f 85 12 ff ff ff             jnz 0x80489cd
e8 f5 fe ff ff                calll  0x80488cd
8b 00                         movl  (%eax), %eax
85 c0                         test %eax, %eax
75 09                         jnz 0x80488e5
8b 00                         movl  (%eax), %eax
8b 00                         movl  (%eax), %eax
89 45 f0                      movl  %eax, -0x10(%ebp)
8b 00                         movl  (%eax), %eax
75 0a                         jnz 0x8048917
8b 45 f0                      movl  -0x10(%ebp), %eax
89 04 24                      movl  %eax, (%esp)
e8 0e 41 01 00                calll  0x805ca30
int
83 45 f4 01                   addl  $0x1, -0xc(%ebp)
83 45 f4 01                   addl  $0x1, -0xc(%ebp)
8b 45 f4                      movl  -0xc(%ebp), %eax
89 04 24                      movl  %eax, (%esp)
8b 74 24 30                   movl  0x30(%esp), %esi
89 f0                         mov %esi, %eax
89 f5                         mov %esi, %ebp
09 c8                         or %ecx, %eax
0f af e9                      imul %ecx, %ebp
3d ff ff 00 00                cmp $0xffff, %eax
76 08                         jbe 0x805cff2
0f 85 d0 01 00 00             jnz 0x805d1d0
0f 84 22 02 00 00             jz 0x805d230
0f 85 34 02 00 00             jnz 0x805d250
89 ea                         mov %ebp, %edx
e8 d1 d6 ff ff                calll  0x805a710
55                            pushl  %ebp
8d 4a 13                      leal  0x13(%edx), %ecx
56                            pushl  %esi
e8 ca ee fe ff                calll  0x80495e6
upointer
8b 55 f4                      movl  -0xc(%ebp), %edx
89 50 04                      movl  %edx, 0x4(%eax)
8b 50 04                      movl  0x4(%eax), %edx
89 10                         movl  %edx, (%eax)
8b 00                         movl  (%eax), %eax
85 c0                         test %eax, %eax
75 0a                         jnz 0x8048917
e8 0e 41 01 00                calll  0x805ca30
e8 02 cf fe ff                calll  0x8049939
8b 34 24                      movl  (%esp), %esi
c3                            retl  
81 c6 c9 c5 07 00             add $0x7c5c9, %esi
83 ec 14                      sub $0x14, %esp
0f 85 7e 00 00 00             jnz 0x805cad0
0f 84 83 00 00 00             jz 0x805cadd
75 2b                         jnz 0x805ca90
74 79                         jz 0x805cae8
8d 86 20 05 00 00             leal  0x520(%esi), %eax
74 09                         jz 0x805ca83
83 c4 14                      add $0x14, %esp
int
83 45 f4 01                   addl  $0x1, -0xc(%ebp)
8b 45 f4                      movl  -0xc(%ebp), %eax
89 04 24                      movl  %eax, (%esp)
8b 74 24 30                   movl  0x30(%esp), %esi
89 f0                         mov %esi, %eax
89 f5                         mov %esi, %ebp
09 c8                         or %ecx, %eax
0f af e9                      imul %ecx, %ebp
3d ff ff 00 00                cmp $0xffff, %eax
76 08                         jbe 0x805cff2
0f 85 d0 01 00 00             jnz 0x805d1d0
0f 84 22 02 00 00             jz 0x805d230
0f 85 34 02 00 00             jnz 0x805d250
89 ea                         mov %ebp, %edx
e8 d1 d6 ff ff                calll  0x805a710
55                            pushl  %ebp
8d 4a 13                      leal  0x13(%edx), %ecx
56                            pushl  %esi
e8 ca ee fe ff                calll  0x80495e6
8b 2c 24                      movl  (%esp), %ebp
int
3b 45 f0                      cmpl  -0x10(%ebp), %eax
75 5b                         jnz 0x8048ab0
e8 25 45 01 00                calll  0x805cfc0
e8 b7 b7 fe ff                calll  0x8048780
8b 1c 24                      movl  (%esp), %ebx
c3                            retl  
81 c3 37 c0 07 00             add $0x7c037, %ebx
83 ec 1c                      sub $0x1c, %esp
76 08                         jbe 0x805cff2
0f 85 d0 01 00 00             jnz 0x805d1d0
0f 84 22 02 00 00             jz 0x805d230
0f 85 34 02 00 00             jnz 0x805d250
8d bb 20 05 00 00             leal  0x520(%ebx), %edi
89 f8                         mov %edi, %eax
e8 d1 d6 ff ff                calll  0x805a710
57                            pushl  %edi
53                            pushl  %ebx
e8 ca ee fe ff                calll  0x80495e6
8b 2c 24                      movl  (%esp), %ebp
c3                            retl  
int
8b 45 f0                      movl  -0x10(%ebp), %eax
89 02                         movl  %eax, (%edx)
8b 00                         movl  (%eax), %eax
8b 00                         movl  (%eax), %eax
8b 00                         movl  (%eax), %eax
int
8b 45 f4                      movl  -0xc(%ebp), %eax
89 04 24                      movl  %eax, (%esp)
8b 74 24 30                   movl  0x30(%esp), %esi
89 f0                         mov %esi, %eax
89 f5                         mov %esi, %ebp
09 c8                         or %ecx, %eax
0f af e9                      imul %ecx, %ebp
3d ff ff 00 00                cmp $0xffff, %eax
76 08                         jbe 0x805cff2
0f 85 d0 01 00 00             jnz 0x805d1d0
0f 84 22 02 00 00             jz 0x805d230
0f 85 34 02 00 00             jnz 0x805d250
89 ea                         mov %ebp, %edx
e8 d1 d6 ff ff                calll  0x805a710
55                            pushl  %ebp
8d 4a 13                      leal  0x13(%edx), %ecx
56                            pushl  %esi
e8 ca ee fe ff                calll  0x80495e6
8b 2c 24                      movl  (%esp), %ebp
c3                            retl  
int
8b 45 f4                      movl  -0xc(%ebp), %eax
89 45 f0                      movl  %eax, -0x10(%ebp)
3b 45 f0                      cmpl  -0x10(%ebp), %eax
75 5b                         jnz 0x8048ab0
0f 85 12 ff ff ff             jnz 0x80489cd
e8 f5 fe ff ff                calll  0x80488cd
75 09                         jnz 0x80488e5
75 0a                         jnz 0x8048917
e8 0e 41 01 00                calll  0x805ca30
e8 02 cf fe ff                calll  0x8049939
8b 34 24                      movl  (%esp), %esi
c3                            retl  
81 c6 c9 c5 07 00             add $0x7c5c9, %esi
83 ec 14                      sub $0x14, %esp
0f 85 7e 00 00 00             jnz 0x805cad0
0f 84 83 00 00 00             jz 0x805cadd
75 2b                         jnz 0x805ca90
74 79                         jz 0x805cae8
8d 86 20 05 00 00             leal  0x520(%esi), %eax
74 09                         jz 0x805ca83
int
8b 45 f4                      movl  -0xc(%ebp), %eax
89 45 ec                      movl  %eax, -0x14(%ebp)
8b 55 ec                      movl  -0x14(%ebp), %edx
c1 e2 02                      shl $0x2, %edx
01 c2                         add %eax, %edx
83 45 ec 01                   addl  $0x1, -0x14(%ebp)
8b 45 ec                      movl  -0x14(%ebp), %eax
8b 55 ec                      movl  -0x14(%ebp), %edx
c1 e2 02                      shl $0x2, %edx
01 c2                         add %eax, %edx
83 45 ec 01                   addl  $0x1, -0x14(%ebp)
8b 45 ec                      movl  -0x14(%ebp), %eax
Unknow
8b 45 dc                      movl  -0x24(%ebp), %eax
85 c0                         test %eax, %eax
0f 85 12 ff ff ff             jnz 0x80489cd
e8 f5 fe ff ff                calll  0x80488cd
75 09                         jnz 0x80488e5
75 0a                         jnz 0x8048917
e8 0e 41 01 00                calll  0x805ca30
e8 02 cf fe ff                calll  0x8049939
8b 34 24                      movl  (%esp), %esi
c3                            retl  
81 c6 c9 c5 07 00             add $0x7c5c9, %esi
83 ec 14                      sub $0x14, %esp
0f 85 7e 00 00 00             jnz 0x805cad0
0f 84 83 00 00 00             jz 0x805cadd
75 2b                         jnz 0x805ca90
74 79                         jz 0x805cae8
8d 86 20 05 00 00             leal  0x520(%esi), %eax
74 09                         jz 0x805ca83
83 c4 14                      add $0x14, %esp
e9 91 c9 ff ff                jmp 0x8059420
upointer
8b 45 f4                      movl  -0xc(%ebp), %eax
89 45 e4                      movl  %eax, -0x1c(%ebp)
83 7d e4 00                   cmpl  $0x0, -0x1c(%ebp)
74 6c                         jz 0x8048a4d
8b 45 e4                      movl  -0x1c(%ebp), %eax
8b 45 e4                      movl  -0x1c(%ebp), %eax
74 19                         jz 0x8048a2a
8b 45 e4                      movl  -0x1c(%ebp), %eax
74 19                         jz 0x8048a4d
75 5b                         jnz 0x8048ab0
0f 85 12 ff ff ff             jnz 0x80489cd
e8 f5 fe ff ff                calll  0x80488cd
75 09                         jnz 0x80488e5
75 0a                         jnz 0x8048917
e8 0e 41 01 00                calll  0x805ca30
e8 02 cf fe ff                calll  0x8049939
8b 34 24                      movl  (%esp), %esi
c3                            retl  
81 c6 c9 c5 07 00             add $0x7c5c9, %esi
83 ec 14                      sub $0x14, %esp
int
83 45 ec 01                   addl  $0x1, -0x14(%ebp)
8b 45 ec                      movl  -0x14(%ebp), %eax
8b 55 ec                      movl  -0x14(%ebp), %edx
c1 e2 02                      shl $0x2, %edx
01 c2                         add %eax, %edx
83 45 ec 01                   addl  $0x1, -0x14(%ebp)
8b 45 ec                      movl  -0x14(%ebp), %eax
int
3b 45 f0                      cmpl  -0x10(%ebp), %eax
75 5b                         jnz 0x8048ab0
0f 85 12 ff ff ff             jnz 0x80489cd
e8 f5 fe ff ff                calll  0x80488cd
75 09                         jnz 0x80488e5
75 0a                         jnz 0x8048917
e8 0e 41 01 00                calll  0x805ca30
e8 02 cf fe ff                calll  0x8049939
8b 34 24                      movl  (%esp), %esi
c3                            retl  
81 c6 c9 c5 07 00             add $0x7c5c9, %esi
83 ec 14                      sub $0x14, %esp
0f 85 7e 00 00 00             jnz 0x805cad0
0f 84 83 00 00 00             jz 0x805cadd
75 2b                         jnz 0x805ca90
74 79                         jz 0x805cae8
8d 86 20 05 00 00             leal  0x520(%esi), %eax
74 09                         jz 0x805ca83
83 c4 14                      add $0x14, %esp
e9 91 c9 ff ff                jmp 0x8059420
Unknow
8b 45 dc                      movl  -0x24(%ebp), %eax
85 c0                         test %eax, %eax
0f 85 12 ff ff ff             jnz 0x80489cd
e8 f5 fe ff ff                calll  0x80488cd
75 09                         jnz 0x80488e5
75 0a                         jnz 0x8048917
e8 0e 41 01 00                calll  0x805ca30
e8 02 cf fe ff                calll  0x8049939
8b 34 24                      movl  (%esp), %esi
c3                            retl  
81 c6 c9 c5 07 00             add $0x7c5c9, %esi
83 ec 14                      sub $0x14, %esp
0f 85 7e 00 00 00             jnz 0x805cad0
0f 84 83 00 00 00             jz 0x805cadd
75 2b                         jnz 0x805ca90
74 79                         jz 0x805cae8
8d 86 20 05 00 00             leal  0x520(%esi), %eax
74 09                         jz 0x805ca83
83 c4 14                      add $0x14, %esp
e9 91 c9 ff ff                jmp 0x8059420
upointer
8b 45 f4                      movl  -0xc(%ebp), %eax
89 45 e4                      movl  %eax, -0x1c(%ebp)
83 7d e4 00                   cmpl  $0x0, -0x1c(%ebp)
74 6c                         jz 0x8048a4d
8b 45 e4                      movl  -0x1c(%ebp), %eax
8b 45 e4                      movl  -0x1c(%ebp), %eax
74 19                         jz 0x8048a2a
8b 45 e4                      movl  -0x1c(%ebp), %eax
74 19                         jz 0x8048a4d
75 5b                         jnz 0x8048ab0
e8 25 45 01 00                calll  0x805cfc0
e8 b7 b7 fe ff                calll  0x8048780
8b 1c 24                      movl  (%esp), %ebx
c3                            retl  
81 c3 37 c0 07 00             add $0x7c037, %ebx
83 ec 1c                      sub $0x1c, %esp
76 08                         jbe 0x805cff2
0f 85 d0 01 00 00             jnz 0x805d1d0
0f 84 22 02 00 00             jz 0x805d230
0f 85 34 02 00 00             jnz 0x805d250
int
3b 45 f0                      cmpl  -0x10(%ebp), %eax
75 5b                         jnz 0x8048ab0
e8 25 45 01 00                calll  0x805cfc0
e8 b7 b7 fe ff                calll  0x8048780
8b 1c 24                      movl  (%esp), %ebx
c3                            retl  
81 c3 37 c0 07 00             add $0x7c037, %ebx
83 ec 1c                      sub $0x1c, %esp
76 08                         jbe 0x805cff2
0f 85 d0 01 00 00             jnz 0x805d1d0
0f 84 22 02 00 00             jz 0x805d230
0f 85 34 02 00 00             jnz 0x805d250
8d bb 20 05 00 00             leal  0x520(%ebx), %edi
89 f8                         mov %edi, %eax
e8 d1 d6 ff ff                calll  0x805a710
57                            pushl  %edi
53                            pushl  %ebx
e8 ca ee fe ff                calll  0x80495e6
8b 2c 24                      movl  (%esp), %ebp
c3                            retl  
int
8b 45 f0                      movl  -0x10(%ebp), %eax
89 02                         movl  %eax, (%edx)
8b 00                         movl  (%eax), %eax
8b 00                         movl  (%eax), %eax
8b 00                         movl  (%eax), %eax
int
8b 45 f4                      movl  -0xc(%ebp), %eax
89 04 24                      movl  %eax, (%esp)
8b 74 24 30                   movl  0x30(%esp), %esi
89 f0                         mov %esi, %eax
89 f5                         mov %esi, %ebp
09 c8                         or %ecx, %eax
0f af e9                      imul %ecx, %ebp
3d ff ff 00 00                cmp $0xffff, %eax
76 08                         jbe 0x805cff2
0f 85 d0 01 00 00             jnz 0x805d1d0
0f 84 22 02 00 00             jz 0x805d230
0f 85 34 02 00 00             jnz 0x805d250
89 ea                         mov %ebp, %edx
e8 d1 d6 ff ff                calll  0x805a710
55                            pushl  %ebp
8d 4a 13                      leal  0x13(%edx), %ecx
56                            pushl  %esi
e8 ca ee fe ff                calll  0x80495e6
8b 2c 24                      movl  (%esp), %ebp
c3                            retl  
upointer
8b 45 e8                      movl  -0x18(%ebp), %eax
89 44 24 1c                   movl  %eax, 0x1c(%esp)
8b 44 24 1c                   movl  0x1c(%esp), %eax
01 d0                         add %edx, %eax
8b 44 24 1c                   movl  0x1c(%esp), %eax
01 d0                         add %edx, %eax
8b 44 24 1c                   movl  0x1c(%esp), %eax
01 d0                         add %edx, %eax
8b 44 24 1c                   movl  0x1c(%esp), %eax
01 d0                         add %edx, %eax
8b 44 24 1c                   movl  0x1c(%esp), %eax
01 d0                         add %edx, %eax
8b 44 24 1c                   movl  0x1c(%esp), %eax
01 d0                         add %edx, %eax
8b 44 24 1c                   movl  0x1c(%esp), %eax
01 d0                         add %edx, %eax
8b 44 24 1c                   movl  0x1c(%esp), %eax
01 d0                         add %edx, %eax
8b 44 24 1c                   movl  0x1c(%esp), %eax
89 04 24                      movl  %eax, (%esp)
int
39 44 24 2c                   cmpl  %eax, 0x2c(%esp)
0f 8c 74 ff ff ff             jl 0x8048bbd
eb 33                         jmp 0x8048bfa
7f b8                         jnle 0x8048bc7
e8 4b 70 00 00                calll  0x804fc40
e8 3a 8b ff ff                calll  0x8048780
8b 1c 24                      movl  (%esp), %ebx
c3                            retl  
81 c3 ba 93 08 00             add $0x893ba, %ebx
83 ec 08                      sub $0x8, %esp
8d 44 24 14                   leal  0x14(%esp), %eax
83 ec 04                      sub $0x4, %esp
50                            pushl  %eax
e8 78 06 03 00                calll  0x80802e0
89 e5                         mov %esp, %ebp
53                            pushl  %ebx
e8 95 84 fc ff                calll  0x8048780
8b 1c 24                      movl  (%esp), %ebx
c3                            retl  
81 c3 15 8d 05 00             add $0x58d15, %ebx
int
8b 54 24 2c                   movl  0x2c(%esp), %edx
c1 e2 02                      shl $0x2, %edx
01 d0                         add %edx, %eax
01 d0                         add %edx, %eax
int
3b 44 24 28                   cmpl  0x28(%esp), %eax
7f b8                         jnle 0x8048bc7
e8 4b 70 00 00                calll  0x804fc40
e8 3a 8b ff ff                calll  0x8048780
8b 1c 24                      movl  (%esp), %ebx
c3                            retl  
81 c3 ba 93 08 00             add $0x893ba, %ebx
83 ec 08                      sub $0x8, %esp
8d 44 24 14                   leal  0x14(%esp), %eax
83 ec 04                      sub $0x4, %esp
50                            pushl  %eax
e8 78 06 03 00                calll  0x80802e0
89 e5                         mov %esp, %ebp
53                            pushl  %ebx
e8 95 84 fc ff                calll  0x8048780
8b 1c 24                      movl  (%esp), %ebx
c3                            retl  
81 c3 15 8d 05 00             add $0x58d15, %ebx
81 ec ec 04 00 00             sub $0x4ec, %esp
8b 45 10                      movl  0x10(%ebp), %eax
int
83 44 24 28 01                addl  $0x1, 0x28(%esp)
3b 44 24 28                   cmpl  0x28(%esp), %eax
7f b8                         jnle 0x8048bc7
e8 55 78 00 00                calll  0x8050470
e8 a9 cc ff ff                calll  0x804d123
8b 3c 24                      movl  (%esp), %edi
c3                            retl  
81 c7 86 8b 08 00             add $0x88b86, %edi
83 ec 1c                      sub $0x1c, %esp
75 3d                         jnz 0x80504d8
74 28                         jz 0x80504d4
74 01                         jz 0x80504bc
74 07                         jz 0x80504c8
73 4c                         jnb 0x8050530
75 27                         jnz 0x805051f
75 1e                         jnz 0x805051f
74 01                         jz 0x8050513
74 07                         jz 0x805051f
c3                            retl  
e8 fa 3d 01 00                calll  0x805ca30
int
3b 44 24 28                   cmpl  0x28(%esp), %eax
7f b8                         jnle 0x8048bc7
e8 55 78 00 00                calll  0x8050470
e8 a9 cc ff ff                calll  0x804d123
8b 3c 24                      movl  (%esp), %edi
c3                            retl  
81 c7 86 8b 08 00             add $0x88b86, %edi
83 ec 1c                      sub $0x1c, %esp
75 3d                         jnz 0x80504d8
74 28                         jz 0x80504d4
74 01                         jz 0x80504bc
74 07                         jz 0x80504c8
73 4c                         jnb 0x8050530
75 27                         jnz 0x805051f
75 1e                         jnz 0x805051f
74 01                         jz 0x8050513
74 07                         jz 0x805051f
c3                            retl  
e8 fa 3d 01 00                calll  0x805ca30
e8 02 cf fe ff                calll  0x8049939
int
83 44 24 2c 01                addl  $0x1, 0x2c(%esp)
39 44 24 2c                   cmpl  %eax, 0x2c(%esp)
0f 8c 74 ff ff ff             jl 0x8048bbd
eb 33                         jmp 0x8048bfa
8b 54 24 2c                   movl  0x2c(%esp), %edx
c1 e2 02                      shl $0x2, %edx
01 d0                         add %edx, %eax
7f b8                         jnle 0x8048bc7
8b 44 24 2c                   movl  0x2c(%esp), %eax
01 d0                         add %edx, %eax
e8 4b 70 00 00                calll  0x804fc40
e8 3a 8b ff ff                calll  0x8048780
8b 1c 24                      movl  (%esp), %ebx
c3                            retl  
81 c3 ba 93 08 00             add $0x893ba, %ebx
83 ec 08                      sub $0x8, %esp
8d 44 24 14                   leal  0x14(%esp), %eax
83 ec 04                      sub $0x4, %esp
50                            pushl  %eax
e8 78 06 03 00                calll  0x80802e0
int
39 44 24 2c                   cmpl  %eax, 0x2c(%esp)
0f 8c 74 ff ff ff             jl 0x8048bbd
eb 33                         jmp 0x8048bfa
7f b8                         jnle 0x8048bc7
e8 4b 70 00 00                calll  0x804fc40
e8 3a 8b ff ff                calll  0x8048780
8b 1c 24                      movl  (%esp), %ebx
c3                            retl  
81 c3 ba 93 08 00             add $0x893ba, %ebx
83 ec 08                      sub $0x8, %esp
8d 44 24 14                   leal  0x14(%esp), %eax
83 ec 04                      sub $0x4, %esp
50                            pushl  %eax
e8 78 06 03 00                calll  0x80802e0
89 e5                         mov %esp, %ebp
53                            pushl  %ebx
e8 95 84 fc ff                calll  0x8048780
8b 1c 24                      movl  (%esp), %ebx
c3                            retl  
81 c3 15 8d 05 00             add $0x58d15, %ebx
int
8b 54 24 2c                   movl  0x2c(%esp), %edx
c1 e2 02                      shl $0x2, %edx
01 d0                         add %edx, %eax
01 d0                         add %edx, %eax
int
3b 44 24 28                   cmpl  0x28(%esp), %eax
7f b8                         jnle 0x8048bc7
e8 4b 70 00 00                calll  0x804fc40
e8 3a 8b ff ff                calll  0x8048780
8b 1c 24                      movl  (%esp), %ebx
c3                            retl  
81 c3 ba 93 08 00             add $0x893ba, %ebx
83 ec 08                      sub $0x8, %esp
8d 44 24 14                   leal  0x14(%esp), %eax
83 ec 04                      sub $0x4, %esp
50                            pushl  %eax
e8 78 06 03 00                calll  0x80802e0
89 e5                         mov %esp, %ebp
53                            pushl  %ebx
e8 95 84 fc ff                calll  0x8048780
8b 1c 24                      movl  (%esp), %ebx
c3                            retl  
81 c3 15 8d 05 00             add $0x58d15, %ebx
81 ec ec 04 00 00             sub $0x4ec, %esp
8b 45 10                      movl  0x10(%ebp), %eax
int
83 44 24 28 01                addl  $0x1, 0x28(%esp)
3b 44 24 28                   cmpl  0x28(%esp), %eax
7f b8                         jnle 0x8048bc7
8b 54 24 28                   movl  0x28(%esp), %edx
c1 e2 02                      shl $0x2, %edx
01 d0                         add %edx, %eax
e8 4b 70 00 00                calll  0x804fc40
e8 3a 8b ff ff                calll  0x8048780
8b 1c 24                      movl  (%esp), %ebx
c3                            retl  
81 c3 ba 93 08 00             add $0x893ba, %ebx
83 ec 08                      sub $0x8, %esp
8d 44 24 14                   leal  0x14(%esp), %eax
83 ec 04                      sub $0x4, %esp
50                            pushl  %eax
e8 78 06 03 00                calll  0x80802e0
89 e5                         mov %esp, %ebp
53                            pushl  %ebx
e8 95 84 fc ff                calll  0x8048780
8b 1c 24                      movl  (%esp), %ebx
int
8b 54 24 2c                   movl  0x2c(%esp), %edx
c1 e2 02                      shl $0x2, %edx
01 d0                         add %edx, %eax
01 d0                         add %edx, %eax
int
3b 44 24 28                   cmpl  0x28(%esp), %eax
7f b8                         jnle 0x8048bc7
e8 4b 70 00 00                calll  0x804fc40
e8 3a 8b ff ff                calll  0x8048780
8b 1c 24                      movl  (%esp), %ebx
c3                            retl  
81 c3 ba 93 08 00             add $0x893ba, %ebx
83 ec 08                      sub $0x8, %esp
8d 44 24 14                   leal  0x14(%esp), %eax
83 ec 04                      sub $0x4, %esp
50                            pushl  %eax
e8 78 06 03 00                calll  0x80802e0
89 e5                         mov %esp, %ebp
53                            pushl  %ebx
e8 95 84 fc ff                calll  0x8048780
8b 1c 24                      movl  (%esp), %ebx
c3                            retl  
81 c3 15 8d 05 00             add $0x58d15, %ebx
81 ec ec 04 00 00             sub $0x4ec, %esp
8b 45 10                      movl  0x10(%ebp), %eax
int
83 44 24 28 01                addl  $0x1, 0x28(%esp)
3b 44 24 28                   cmpl  0x28(%esp), %eax
7f b8                         jnle 0x8048bc7
e8 55 78 00 00                calll  0x8050470
e8 a9 cc ff ff                calll  0x804d123
8b 3c 24                      movl  (%esp), %edi
c3                            retl  
81 c7 86 8b 08 00             add $0x88b86, %edi
83 ec 1c                      sub $0x1c, %esp
75 3d                         jnz 0x80504d8
74 28                         jz 0x80504d4
74 01                         jz 0x80504bc
74 07                         jz 0x80504c8
73 4c                         jnb 0x8050530
75 27                         jnz 0x805051f
75 1e                         jnz 0x805051f
74 01                         jz 0x8050513
74 07                         jz 0x805051f
c3                            retl  
e8 fa 3d 01 00                calll  0x805ca30
int
3b 44 24 28                   cmpl  0x28(%esp), %eax
7f b8                         jnle 0x8048bc7
e8 55 78 00 00                calll  0x8050470
e8 a9 cc ff ff                calll  0x804d123
8b 3c 24                      movl  (%esp), %edi
c3                            retl  
81 c7 86 8b 08 00             add $0x88b86, %edi
83 ec 1c                      sub $0x1c, %esp
75 3d                         jnz 0x80504d8
74 28                         jz 0x80504d4
74 01                         jz 0x80504bc
74 07                         jz 0x80504c8
73 4c                         jnb 0x8050530
75 27                         jnz 0x805051f
75 1e                         jnz 0x805051f
74 01                         jz 0x8050513
74 07                         jz 0x805051f
c3                            retl  
e8 fa 3d 01 00                calll  0x805ca30
e8 02 cf fe ff                calll  0x8049939
int
83 44 24 2c 01                addl  $0x1, 0x2c(%esp)
39 44 24 2c                   cmpl  %eax, 0x2c(%esp)
0f 8c 74 ff ff ff             jl 0x8048bbd
eb 33                         jmp 0x8048bfa
8b 54 24 2c                   movl  0x2c(%esp), %edx
c1 e2 02                      shl $0x2, %edx
01 d0                         add %edx, %eax
7f b8                         jnle 0x8048bc7
8b 44 24 2c                   movl  0x2c(%esp), %eax
01 d0                         add %edx, %eax
e8 4b 70 00 00                calll  0x804fc40
e8 3a 8b ff ff                calll  0x8048780
8b 1c 24                      movl  (%esp), %ebx
c3                            retl  
81 c3 ba 93 08 00             add $0x893ba, %ebx
83 ec 08                      sub $0x8, %esp
8d 44 24 14                   leal  0x14(%esp), %eax
83 ec 04                      sub $0x4, %esp
50                            pushl  %eax
e8 78 06 03 00                calll  0x80802e0
int
39 44 24 2c                   cmpl  %eax, 0x2c(%esp)
0f 8c 74 ff ff ff             jl 0x8048bbd
eb 33                         jmp 0x8048bfa
7f b8                         jnle 0x8048bc7
e8 4b 70 00 00                calll  0x804fc40
e8 3a 8b ff ff                calll  0x8048780
8b 1c 24                      movl  (%esp), %ebx
c3                            retl  
81 c3 ba 93 08 00             add $0x893ba, %ebx
83 ec 08                      sub $0x8, %esp
8d 44 24 14                   leal  0x14(%esp), %eax
83 ec 04                      sub $0x4, %esp
50                            pushl  %eax
e8 78 06 03 00                calll  0x80802e0
89 e5                         mov %esp, %ebp
53                            pushl  %ebx
e8 95 84 fc ff                calll  0x8048780
8b 1c 24                      movl  (%esp), %ebx
c3                            retl  
81 c3 15 8d 05 00             add $0x58d15, %ebx
int
8b 54 24 2c                   movl  0x2c(%esp), %edx
c1 e2 02                      shl $0x2, %edx
01 d0                         add %edx, %eax
01 d0                         add %edx, %eax
int
3b 44 24 28                   cmpl  0x28(%esp), %eax
7f b8                         jnle 0x8048bc7
e8 4b 70 00 00                calll  0x804fc40
e8 3a 8b ff ff                calll  0x8048780
8b 1c 24                      movl  (%esp), %ebx
c3                            retl  
81 c3 ba 93 08 00             add $0x893ba, %ebx
83 ec 08                      sub $0x8, %esp
8d 44 24 14                   leal  0x14(%esp), %eax
83 ec 04                      sub $0x4, %esp
50                            pushl  %eax
e8 78 06 03 00                calll  0x80802e0
89 e5                         mov %esp, %ebp
53                            pushl  %ebx
e8 95 84 fc ff                calll  0x8048780
8b 1c 24                      movl  (%esp), %ebx
c3                            retl  
81 c3 15 8d 05 00             add $0x58d15, %ebx
81 ec ec 04 00 00             sub $0x4ec, %esp
8b 45 10                      movl  0x10(%ebp), %eax
int
83 44 24 28 01                addl  $0x1, 0x28(%esp)
3b 44 24 28                   cmpl  0x28(%esp), %eax
7f b8                         jnle 0x8048bc7
8b 54 24 28                   movl  0x28(%esp), %edx
c1 e2 02                      shl $0x2, %edx
01 d0                         add %edx, %eax
e8 4b 70 00 00                calll  0x804fc40
e8 3a 8b ff ff                calll  0x8048780
8b 1c 24                      movl  (%esp), %ebx
c3                            retl  
81 c3 ba 93 08 00             add $0x893ba, %ebx
83 ec 08                      sub $0x8, %esp
8d 44 24 14                   leal  0x14(%esp), %eax
83 ec 04                      sub $0x4, %esp
50                            pushl  %eax
e8 78 06 03 00                calll  0x80802e0
89 e5                         mov %esp, %ebp
53                            pushl  %ebx
e8 95 84 fc ff                calll  0x8048780
8b 1c 24                      movl  (%esp), %ebx
int
8b 54 24 2c                   movl  0x2c(%esp), %edx
c1 e2 02                      shl $0x2, %edx
01 d0                         add %edx, %eax
01 d0                         add %edx, %eax
int
3b 44 24 28                   cmpl  0x28(%esp), %eax
7f b8                         jnle 0x8048bc7
e8 4b 70 00 00                calll  0x804fc40
e8 3a 8b ff ff                calll  0x8048780
8b 1c 24                      movl  (%esp), %ebx
c3                            retl  
81 c3 ba 93 08 00             add $0x893ba, %ebx
83 ec 08                      sub $0x8, %esp
8d 44 24 14                   leal  0x14(%esp), %eax
83 ec 04                      sub $0x4, %esp
50                            pushl  %eax
e8 78 06 03 00                calll  0x80802e0
89 e5                         mov %esp, %ebp
53                            pushl  %ebx
e8 95 84 fc ff                calll  0x8048780
8b 1c 24                      movl  (%esp), %ebx
c3                            retl  
81 c3 15 8d 05 00             add $0x58d15, %ebx
81 ec ec 04 00 00             sub $0x4ec, %esp
8b 45 10                      movl  0x10(%ebp), %eax
int
83 44 24 28 01                addl  $0x1, 0x28(%esp)
3b 44 24 28                   cmpl  0x28(%esp), %eax
7f b8                         jnle 0x8048bc7
e8 55 78 00 00                calll  0x8050470
e8 a9 cc ff ff                calll  0x804d123
8b 3c 24                      movl  (%esp), %edi
c3                            retl  
81 c7 86 8b 08 00             add $0x88b86, %edi
83 ec 1c                      sub $0x1c, %esp
75 3d                         jnz 0x80504d8
74 28                         jz 0x80504d4
74 01                         jz 0x80504bc
74 07                         jz 0x80504c8
73 4c                         jnb 0x8050530
75 27                         jnz 0x805051f
75 1e                         jnz 0x805051f
74 01                         jz 0x8050513
74 07                         jz 0x805051f
c3                            retl  
e8 fa 3d 01 00                calll  0x805ca30
int
3b 44 24 28                   cmpl  0x28(%esp), %eax
7f b8                         jnle 0x8048bc7
e8 55 78 00 00                calll  0x8050470
e8 a9 cc ff ff                calll  0x804d123
8b 3c 24                      movl  (%esp), %edi
c3                            retl  
81 c7 86 8b 08 00             add $0x88b86, %edi
83 ec 1c                      sub $0x1c, %esp
75 3d                         jnz 0x80504d8
74 28                         jz 0x80504d4
74 01                         jz 0x80504bc
74 07                         jz 0x80504c8
73 4c                         jnb 0x8050530
75 27                         jnz 0x805051f
75 1e                         jnz 0x805051f
74 01                         jz 0x8050513
74 07                         jz 0x805051f
c3                            retl  
e8 fa 3d 01 00                calll  0x805ca30
e8 02 cf fe ff                calll  0x8049939
int
83 44 24 2c 01                addl  $0x1, 0x2c(%esp)
39 44 24 2c                   cmpl  %eax, 0x2c(%esp)
0f 8c 74 ff ff ff             jl 0x8048bbd
e8 db 3d 01 00                calll  0x805ca30
e8 02 cf fe ff                calll  0x8049939
8b 34 24                      movl  (%esp), %esi
c3                            retl  
81 c6 c9 c5 07 00             add $0x7c5c9, %esi
83 ec 14                      sub $0x14, %esp
0f 85 7e 00 00 00             jnz 0x805cad0
0f 84 83 00 00 00             jz 0x805cadd
75 2b                         jnz 0x805ca90
74 79                         jz 0x805cae8
8d 86 20 05 00 00             leal  0x520(%esi), %eax
74 09                         jz 0x805ca83
83 c4 14                      add $0x14, %esp
e9 91 c9 ff ff                jmp 0x8059420
e8 57 f3 fe ff                calll  0x8048780
8b 1c 24                      movl  (%esp), %ebx
c3                            retl  
int
39 44 24 2c                   cmpl  %eax, 0x2c(%esp)
0f 8c 74 ff ff ff             jl 0x8048bbd
e8 db 3d 01 00                calll  0x805ca30
e8 02 cf fe ff                calll  0x8049939
8b 34 24                      movl  (%esp), %esi
c3                            retl  
81 c6 c9 c5 07 00             add $0x7c5c9, %esi
83 ec 14                      sub $0x14, %esp
0f 85 7e 00 00 00             jnz 0x805cad0
0f 84 83 00 00 00             jz 0x805cadd
75 2b                         jnz 0x805ca90
74 79                         jz 0x805cae8
8d 86 20 05 00 00             leal  0x520(%esi), %eax
74 09                         jz 0x805ca83
83 c4 14                      add $0x14, %esp
e9 91 c9 ff ff                jmp 0x8059420
e8 57 f3 fe ff                calll  0x8048780
8b 1c 24                      movl  (%esp), %ebx
c3                            retl  
81 c3 d7 fb 07 00             add $0x7fbd7, %ebx
upointer
8b 44 24 1c                   movl  0x1c(%esp), %eax
89 04 24                      movl  %eax, (%esp)
8b 5c 24 20                   movl  0x20(%esp), %ebx
85 db                         test %ebx, %ebx
0f 84 83 00 00 00             jz 0x805cadd
8d 53 f8                      leal  -0x8(%ebx), %edx
75 2b                         jnz 0x805ca90
74 79                         jz 0x805cae8
74 09                         jz 0x805ca83
e9 91 c9 ff ff                jmp 0x8059420
e8 57 f3 fe ff                calll  0x8048780
8b 1c 24                      movl  (%esp), %ebx
c3                            retl  
81 c3 d7 fb 07 00             add $0x7fbd7, %ebx
83 ec 3c                      sub $0x3c, %esp
39 ca                         cmp %ecx, %edx
0f 87 13 03 00 00             jnbe 0x8059770
8d 7a 08                      leal  0x8(%edx), %edi
f7 c7 0f 00 00 00             test $0xf, %edi
0f 85 04 03 00 00             jnz 0x8059770
upointer
8b 44 24 18                   movl  0x18(%esp), %eax
89 04 24                      movl  %eax, (%esp)
8b 5c 24 20                   movl  0x20(%esp), %ebx
85 db                         test %ebx, %ebx
0f 84 83 00 00 00             jz 0x805cadd
8d 53 f8                      leal  -0x8(%ebx), %edx
75 2b                         jnz 0x805ca90
74 79                         jz 0x805cae8
74 09                         jz 0x805ca83
e9 91 c9 ff ff                jmp 0x8059420
e8 57 f3 fe ff                calll  0x8048780
8b 1c 24                      movl  (%esp), %ebx
c3                            retl  
81 c3 d7 fb 07 00             add $0x7fbd7, %ebx
83 ec 3c                      sub $0x3c, %esp
39 ca                         cmp %ecx, %edx
0f 87 13 03 00 00             jnbe 0x8059770
8d 7a 08                      leal  0x8(%edx), %edi
f7 c7 0f 00 00 00             test $0xf, %edi
0f 85 04 03 00 00             jnz 0x8059770
