upointer
8b 44 24 1c                   movl  0x1c(%esp), %eax
89 44 24 18                   movl  %eax, 0x18(%esp)
8b 44 24 18                   movl  0x18(%esp), %eax
8b 44 24 18                   movl  0x18(%esp), %eax
8b 44 24 18                   movl  0x18(%esp), %eax
8b 44 24 18                   movl  0x18(%esp), %eax
8b 44 24 18                   movl  0x18(%esp), %eax
89 04 24                      movl  %eax, (%esp)
83 7d 08 00                   cmpl  $0x0, 0x8(%ebp)
74 33                         jz 0x804893b
8b 45 08                      movl  0x8(%ebp), %eax
e8 f3 70 00 00                calll  0x804fa10
e8 6a 8d ff ff                calll  0x8048780
8b 1c 24                      movl  (%esp), %ebx
c3                            retl  
81 c3 ea 95 08 00             add $0x895ea, %ebx
83 ec 08                      sub $0x8, %esp
8d 44 24 14                   leal  0x14(%esp), %eax
83 ec 04                      sub $0x4, %esp
50                            pushl  %eax
upointer
83 44 24 1c 0c                addl  $0xc, 0x1c(%esp)
8b 54 24 1c                   movl  0x1c(%esp), %edx
89 50 08                      movl  %edx, 0x8(%eax)
8b 44 24 1c                   movl  0x1c(%esp), %eax
8b 44 24 1c                   movl  0x1c(%esp), %eax
8b 40 08                      movl  0x8(%eax), %eax
83 44 24 1c 0c                addl  $0xc, 0x1c(%esp)
8b 54 24 1c                   movl  0x1c(%esp), %edx
89 50 04                      movl  %edx, 0x4(%eax)
8b 44 24 1c                   movl  0x1c(%esp), %eax
8b 44 24 1c                   movl  0x1c(%esp), %eax
8b 40 08                      movl  0x8(%eax), %eax
8b 40 04                      movl  0x4(%eax), %eax
83 44 24 1c 0c                addl  $0xc, 0x1c(%esp)
8b 54 24 1c                   movl  0x1c(%esp), %edx
89 50 08                      movl  %edx, 0x8(%eax)
8b 44 24 1c                   movl  0x1c(%esp), %eax
8b 44 24 1c                   movl  0x1c(%esp), %eax
8b 44 24 1c                   movl  0x1c(%esp), %eax
8b 44 24 1c                   movl  0x1c(%esp), %eax
upointer
8b 54 24 1c                   movl  0x1c(%esp), %edx
89 50 08                      movl  %edx, 0x8(%eax)
8b 40 08                      movl  0x8(%eax), %eax
8b 40 08                      movl  0x8(%eax), %eax
8b 40 08                      movl  0x8(%eax), %eax
89 04 24                      movl  %eax, (%esp)
83 7d 08 00                   cmpl  $0x0, 0x8(%ebp)
74 33                         jz 0x804893b
8b 45 08                      movl  0x8(%ebp), %eax
e8 f3 70 00 00                calll  0x804fa10
e8 6a 8d ff ff                calll  0x8048780
8b 1c 24                      movl  (%esp), %ebx
c3                            retl  
81 c3 ea 95 08 00             add $0x895ea, %ebx
83 ec 08                      sub $0x8, %esp
8d 44 24 14                   leal  0x14(%esp), %eax
83 ec 04                      sub $0x4, %esp
50                            pushl  %eax
e8 78 06 03 00                calll  0x80800b0
89 e5                         mov %esp, %ebp
upointer
83 44 24 1c 0c                addl  $0xc, 0x1c(%esp)
8b 54 24 1c                   movl  0x1c(%esp), %edx
89 50 04                      movl  %edx, 0x4(%eax)
8b 44 24 1c                   movl  0x1c(%esp), %eax
8b 44 24 1c                   movl  0x1c(%esp), %eax
8b 40 04                      movl  0x4(%eax), %eax
83 44 24 1c 0c                addl  $0xc, 0x1c(%esp)
8b 54 24 1c                   movl  0x1c(%esp), %edx
89 50 08                      movl  %edx, 0x8(%eax)
8b 44 24 1c                   movl  0x1c(%esp), %eax
8b 44 24 1c                   movl  0x1c(%esp), %eax
8b 44 24 1c                   movl  0x1c(%esp), %eax
8b 44 24 1c                   movl  0x1c(%esp), %eax
8b 40 04                      movl  0x4(%eax), %eax
89 04 24                      movl  %eax, (%esp)
83 7d 08 00                   cmpl  $0x0, 0x8(%ebp)
74 33                         jz 0x804893b
8b 45 08                      movl  0x8(%ebp), %eax
e8 f3 70 00 00                calll  0x804fa10
e8 6a 8d ff ff                calll  0x8048780
upointer
8b 54 24 1c                   movl  0x1c(%esp), %edx
89 50 04                      movl  %edx, 0x4(%eax)
8b 40 04                      movl  0x4(%eax), %eax
8b 40 04                      movl  0x4(%eax), %eax
89 04 24                      movl  %eax, (%esp)
83 7d 08 00                   cmpl  $0x0, 0x8(%ebp)
74 33                         jz 0x804893b
8b 45 08                      movl  0x8(%ebp), %eax
e8 f3 70 00 00                calll  0x804fa10
e8 6a 8d ff ff                calll  0x8048780
8b 1c 24                      movl  (%esp), %ebx
c3                            retl  
81 c3 ea 95 08 00             add $0x895ea, %ebx
83 ec 08                      sub $0x8, %esp
8d 44 24 14                   leal  0x14(%esp), %eax
83 ec 04                      sub $0x4, %esp
50                            pushl  %eax
e8 78 06 03 00                calll  0x80800b0
89 e5                         mov %esp, %ebp
53                            pushl  %ebx
upointer
83 44 24 1c 0c                addl  $0xc, 0x1c(%esp)
8b 54 24 1c                   movl  0x1c(%esp), %edx
89 50 08                      movl  %edx, 0x8(%eax)
8b 44 24 1c                   movl  0x1c(%esp), %eax
8b 44 24 1c                   movl  0x1c(%esp), %eax
8b 44 24 1c                   movl  0x1c(%esp), %eax
8b 44 24 1c                   movl  0x1c(%esp), %eax
8b 40 08                      movl  0x8(%eax), %eax
89 04 24                      movl  %eax, (%esp)
83 7d 08 00                   cmpl  $0x0, 0x8(%ebp)
74 33                         jz 0x804893b
8b 45 08                      movl  0x8(%ebp), %eax
e8 f3 70 00 00                calll  0x804fa10
e8 6a 8d ff ff                calll  0x8048780
8b 1c 24                      movl  (%esp), %ebx
c3                            retl  
81 c3 ea 95 08 00             add $0x895ea, %ebx
83 ec 08                      sub $0x8, %esp
8d 44 24 14                   leal  0x14(%esp), %eax
83 ec 04                      sub $0x4, %esp
upointer
8b 54 24 1c                   movl  0x1c(%esp), %edx
89 50 08                      movl  %edx, 0x8(%eax)
8b 40 08                      movl  0x8(%eax), %eax
89 04 24                      movl  %eax, (%esp)
83 7d 08 00                   cmpl  $0x0, 0x8(%ebp)
74 33                         jz 0x804893b
8b 45 08                      movl  0x8(%ebp), %eax
e8 f3 70 00 00                calll  0x804fa10
e8 6a 8d ff ff                calll  0x8048780
8b 1c 24                      movl  (%esp), %ebx
c3                            retl  
81 c3 ea 95 08 00             add $0x895ea, %ebx
83 ec 08                      sub $0x8, %esp
8d 44 24 14                   leal  0x14(%esp), %eax
83 ec 04                      sub $0x4, %esp
50                            pushl  %eax
e8 78 06 03 00                calll  0x80800b0
89 e5                         mov %esp, %ebp
53                            pushl  %ebx
e8 c5 86 fc ff                calll  0x8048780
upointer
8b 44 24 18                   movl  0x18(%esp), %eax
89 04 24                      movl  %eax, (%esp)
83 7d 08 00                   cmpl  $0x0, 0x8(%ebp)
74 33                         jz 0x804893b
8b 45 08                      movl  0x8(%ebp), %eax
e8 f3 70 00 00                calll  0x804fa10
e8 6a 8d ff ff                calll  0x8048780
8b 1c 24                      movl  (%esp), %ebx
c3                            retl  
81 c3 ea 95 08 00             add $0x895ea, %ebx
83 ec 08                      sub $0x8, %esp
8d 44 24 14                   leal  0x14(%esp), %eax
83 ec 04                      sub $0x4, %esp
50                            pushl  %eax
e8 78 06 03 00                calll  0x80800b0
89 e5                         mov %esp, %ebp
53                            pushl  %ebx
e8 c5 86 fc ff                calll  0x8048780
8b 1c 24                      movl  (%esp), %ebx
c3                            retl  
upointer
8b 44 24 18                   movl  0x18(%esp), %eax
89 04 24                      movl  %eax, (%esp)
83 7d 08 00                   cmpl  $0x0, 0x8(%ebp)
75 07                         jnz 0x8048887
8b 45 08                      movl  0x8(%ebp), %eax
e8 df ff ff ff                calll  0x8048874
75 07                         jnz 0x8048887
eb 73                         jmp 0x80488fa
c3                            retl  
8b 45 08                      movl  0x8(%ebp), %eax
e8 ce ff ff ff                calll  0x8048874
89 e5                         mov %esp, %ebp
83 ec 28                      sub $0x28, %esp
75 07                         jnz 0x8048887
e8 df ff ff ff                calll  0x8048874
55                            pushl  %ebp
89 e5                         mov %esp, %ebp
83 ec 28                      sub $0x28, %esp
75 07                         jnz 0x8048887
e8 df ff ff ff                calll  0x8048874
int
83 7d f4 00                   cmpl  $0x0, -0xc(%ebp)
75 0d                         jnz 0x80488bc
75 07                         jnz 0x80488bc
eb 3e                         jmp 0x80488fa
int
83 7d f4 00                   cmpl  $0x0, -0xc(%ebp)
75 0d                         jnz 0x80488bc
75 07                         jnz 0x80488bc
74 0e                         jz 0x80488d0
74 0e                         jz 0x80488e4
75 08                         jnz 0x80488e4
eb 16                         jmp 0x80488fa
int
83 7d f0 00                   cmpl  $0x0, -0x10(%ebp)
75 07                         jnz 0x80488bc
74 0e                         jz 0x80488d0
74 0e                         jz 0x80488e4
75 08                         jnz 0x80488e4
eb 16                         jmp 0x80488fa
int
83 7d f4 00                   cmpl  $0x0, -0xc(%ebp)
74 0e                         jz 0x80488d0
74 0e                         jz 0x80488e4
75 08                         jnz 0x80488e4
eb 16                         jmp 0x80488fa
int
83 7d f0 00                   cmpl  $0x0, -0x10(%ebp)
74 0e                         jz 0x80488e4
75 08                         jnz 0x80488e4
eb 16                         jmp 0x80488fa
int
8b 45 f0                      movl  -0x10(%ebp), %eax
83 c0 01                      add $0x1, %eax
89 45 f4                      movl  %eax, -0xc(%ebp)
83 7d f4 00                   cmpl  $0x0, -0xc(%ebp)
75 0d                         jnz 0x80488bc
83 7d f4 00                   cmpl  $0x0, -0xc(%ebp)
74 0e                         jz 0x80488d0
75 08                         jnz 0x80488d0
8b 45 f4                      movl  -0xc(%ebp), %eax
83 c0 01                      add $0x1, %eax
eb 2a                         jmp 0x80488fa
89 45 f0                      movl  %eax, -0x10(%ebp)
83 7d f0 00                   cmpl  $0x0, -0x10(%ebp)
75 07                         jnz 0x80488bc
74 0e                         jz 0x80488d0
83 7d f0 00                   cmpl  $0x0, -0x10(%ebp)
74 0e                         jz 0x80488e4
75 08                         jnz 0x80488e4
8b 45 f0                      movl  -0x10(%ebp), %eax
83 c0 01                      add $0x1, %eax
int
83 7d f4 00                   cmpl  $0x0, -0xc(%ebp)
75 0d                         jnz 0x80488bc
74 0e                         jz 0x80488d0
75 08                         jnz 0x80488d0
eb 2a                         jmp 0x80488fa
int
83 7d f4 00                   cmpl  $0x0, -0xc(%ebp)
74 0e                         jz 0x80488d0
75 08                         jnz 0x80488d0
eb 2a                         jmp 0x80488fa
int
8b 45 f4                      movl  -0xc(%ebp), %eax
83 c0 01                      add $0x1, %eax
89 45 f0                      movl  %eax, -0x10(%ebp)
83 7d f0 00                   cmpl  $0x0, -0x10(%ebp)
75 07                         jnz 0x80488bc
74 0e                         jz 0x80488d0
83 7d f0 00                   cmpl  $0x0, -0x10(%ebp)
74 0e                         jz 0x80488e4
75 08                         jnz 0x80488e4
8b 45 f0                      movl  -0x10(%ebp), %eax
83 c0 01                      add $0x1, %eax
eb 16                         jmp 0x80488fa
89 44 24 04                   movl  %eax, 0x4(%esp)
8b 00                         movl  (%eax), %eax
99                            cdq 
89 c6                         mov %eax, %esi
31 d0                         xor %edx, %eax
c1 ee 1f                      shr $0x1f, %esi
29 d0                         sub %edx, %eax
89 b5 5c fb ff ff             movl  %esi, -0x4a4(%ebp)
int
83 7d f4 00                   cmpl  $0x0, -0xc(%ebp)
75 0d                         jnz 0x80488bc
75 07                         jnz 0x80488bc
74 0e                         jz 0x80488d0
74 0e                         jz 0x80488e4
75 08                         jnz 0x80488e4
eb 16                         jmp 0x80488fa
int
83 7d f0 00                   cmpl  $0x0, -0x10(%ebp)
75 07                         jnz 0x80488bc
74 0e                         jz 0x80488d0
74 0e                         jz 0x80488e4
75 08                         jnz 0x80488e4
eb 16                         jmp 0x80488fa
int
83 7d f4 00                   cmpl  $0x0, -0xc(%ebp)
74 0e                         jz 0x80488d0
74 0e                         jz 0x80488e4
75 08                         jnz 0x80488e4
eb 16                         jmp 0x80488fa
int
83 7d f0 00                   cmpl  $0x0, -0x10(%ebp)
74 0e                         jz 0x80488e4
75 08                         jnz 0x80488e4
eb 16                         jmp 0x80488fa
int
8b 45 f0                      movl  -0x10(%ebp), %eax
83 c0 01                      add $0x1, %eax
89 44 24 04                   movl  %eax, 0x4(%esp)
8b 00                         movl  (%eax), %eax
99                            cdq 
89 c6                         mov %eax, %esi
31 d0                         xor %edx, %eax
c1 ee 1f                      shr $0x1f, %esi
29 d0                         sub %edx, %eax
89 b5 5c fb ff ff             movl  %esi, -0x4a4(%ebp)
89 85 20 fb ff ff             movl  %eax, -0x4e0(%ebp)
50                            pushl  %eax
8b 4c 24 10                   movl  0x10(%esp), %ecx
89 c8                         mov %ecx, %eax
01 c0                         add %eax, %eax
29 c1                         sub %eax, %ecx
8b b5 20 fb ff ff             movl  -0x4e0(%ebp), %esi
85 f6                         test %esi, %esi
0f 84 42 0d 00 00             jz 0x8081678
75 1f                         jnz 0x8080968
