int
3b 45 f4                      cmpl  -0xc(%ebp), %eax
0f 8f f8 fe ff ff             jnle 0x80488c3
e8 d9 44 01 00                calll  0x805cde0
e8 97 b9 fe ff                calll  0x8048780
8b 1c 24                      movl  (%esp), %ebx
c3                            retl  
81 c3 17 c2 07 00             add $0x7c217, %ebx
83 ec 1c                      sub $0x1c, %esp
76 08                         jbe 0x805ce12
0f 85 d0 01 00 00             jnz 0x805cff0
0f 84 22 02 00 00             jz 0x805d050
0f 85 34 02 00 00             jnz 0x805d070
8d bb 20 05 00 00             leal  0x520(%ebx), %edi
89 f8                         mov %edi, %eax
e8 d1 d6 ff ff                calll  0x805a530
57                            pushl  %edi
53                            pushl  %ebx
e8 ca ee fe ff                calll  0x8049406
8b 2c 24                      movl  (%esp), %ebp
c3                            retl  
int
8b 55 f4                      movl  -0xc(%ebp), %edx
83 c2 01                      add $0x1, %edx
89 10                         movl  %edx, (%eax)
8d 1c 02                      leal  (%edx,%eax,1), %ebx
8b 00                         movl  (%eax), %eax
89 04 24                      movl  %eax, (%esp)
53                            pushl  %ebx
8b 74 24 30                   movl  0x30(%esp), %esi
89 f0                         mov %esi, %eax
89 f5                         mov %esi, %ebp
09 c8                         or %ecx, %eax
0f af e9                      imul %ecx, %ebp
3d ff ff 00 00                cmp $0xffff, %eax
76 08                         jbe 0x805ce12
0f 85 d0 01 00 00             jnz 0x805cff0
0f 84 22 02 00 00             jz 0x805d050
0f 85 34 02 00 00             jnz 0x805d070
89 ea                         mov %ebp, %edx
e8 d1 d6 ff ff                calll  0x805a530
55                            pushl  %ebp
int
3b 45 f4                      cmpl  -0xc(%ebp), %eax
7c 8f                         jl 0x8048929
0f 8f f8 fe ff ff             jnle 0x80488c3
e8 d9 44 01 00                calll  0x805cde0
e8 97 b9 fe ff                calll  0x8048780
8b 1c 24                      movl  (%esp), %ebx
c3                            retl  
81 c3 17 c2 07 00             add $0x7c217, %ebx
83 ec 1c                      sub $0x1c, %esp
76 08                         jbe 0x805ce12
0f 85 d0 01 00 00             jnz 0x805cff0
0f 84 22 02 00 00             jz 0x805d050
0f 85 34 02 00 00             jnz 0x805d070
8d bb 20 05 00 00             leal  0x520(%ebx), %edi
89 f8                         mov %edi, %eax
e8 d1 d6 ff ff                calll  0x805a530
57                            pushl  %edi
53                            pushl  %ebx
e8 ca ee fe ff                calll  0x8049406
8b 2c 24                      movl  (%esp), %ebp
int
83 45 f4 01                   addl  $0x1, -0xc(%ebp)
3b 45 f4                      cmpl  -0xc(%ebp), %eax
0f 8f f8 fe ff ff             jnle 0x80488c3
8b 55 f4                      movl  -0xc(%ebp), %edx
c1 e2 02                      shl $0x2, %edx
01 d0                         add %edx, %eax
8b 55 f4                      movl  -0xc(%ebp), %edx
83 c2 01                      add $0x1, %edx
89 10                         movl  %edx, (%eax)
8b 45 f4                      movl  -0xc(%ebp), %eax
8d 1c 02                      leal  (%edx,%eax,1), %ebx
8b 55 f4                      movl  -0xc(%ebp), %edx
c1 e2 02                      shl $0x2, %edx
01 d0                         add %edx, %eax
8b 00                         movl  (%eax), %eax
89 04 24                      movl  %eax, (%esp)
e8 d9 44 01 00                calll  0x805cde0
53                            pushl  %ebx
e8 97 b9 fe ff                calll  0x8048780
8b 1c 24                      movl  (%esp), %ebx
int
3b 45 f4                      cmpl  -0xc(%ebp), %eax
0f 8f f8 fe ff ff             jnle 0x80488c3
e8 d9 44 01 00                calll  0x805cde0
e8 97 b9 fe ff                calll  0x8048780
8b 1c 24                      movl  (%esp), %ebx
c3                            retl  
81 c3 17 c2 07 00             add $0x7c217, %ebx
83 ec 1c                      sub $0x1c, %esp
76 08                         jbe 0x805ce12
0f 85 d0 01 00 00             jnz 0x805cff0
0f 84 22 02 00 00             jz 0x805d050
0f 85 34 02 00 00             jnz 0x805d070
8d bb 20 05 00 00             leal  0x520(%ebx), %edi
89 f8                         mov %edi, %eax
e8 d1 d6 ff ff                calll  0x805a530
57                            pushl  %edi
53                            pushl  %ebx
e8 ca ee fe ff                calll  0x8049406
8b 2c 24                      movl  (%esp), %ebp
c3                            retl  
int
8b 55 f4                      movl  -0xc(%ebp), %edx
83 c2 01                      add $0x1, %edx
89 10                         movl  %edx, (%eax)
8d 1c 02                      leal  (%edx,%eax,1), %ebx
8b 00                         movl  (%eax), %eax
89 04 24                      movl  %eax, (%esp)
53                            pushl  %ebx
8b 74 24 30                   movl  0x30(%esp), %esi
89 f0                         mov %esi, %eax
89 f5                         mov %esi, %ebp
09 c8                         or %ecx, %eax
0f af e9                      imul %ecx, %ebp
3d ff ff 00 00                cmp $0xffff, %eax
76 08                         jbe 0x805ce12
0f 85 d0 01 00 00             jnz 0x805cff0
0f 84 22 02 00 00             jz 0x805d050
0f 85 34 02 00 00             jnz 0x805d070
89 ea                         mov %ebp, %edx
e8 d1 d6 ff ff                calll  0x805a530
55                            pushl  %ebp
int
3b 45 f4                      cmpl  -0xc(%ebp), %eax
7c 8f                         jl 0x8048929
0f 8f f8 fe ff ff             jnle 0x80488c3
e8 d9 44 01 00                calll  0x805cde0
e8 97 b9 fe ff                calll  0x8048780
8b 1c 24                      movl  (%esp), %ebx
c3                            retl  
81 c3 17 c2 07 00             add $0x7c217, %ebx
83 ec 1c                      sub $0x1c, %esp
76 08                         jbe 0x805ce12
0f 85 d0 01 00 00             jnz 0x805cff0
0f 84 22 02 00 00             jz 0x805d050
0f 85 34 02 00 00             jnz 0x805d070
8d bb 20 05 00 00             leal  0x520(%ebx), %edi
89 f8                         mov %edi, %eax
e8 d1 d6 ff ff                calll  0x805a530
57                            pushl  %edi
53                            pushl  %ebx
e8 ca ee fe ff                calll  0x8049406
8b 2c 24                      movl  (%esp), %ebp
int
83 45 f4 01                   addl  $0x1, -0xc(%ebp)
3b 45 f4                      cmpl  -0xc(%ebp), %eax
0f 8f f8 fe ff ff             jnle 0x80488c3
8b 55 f4                      movl  -0xc(%ebp), %edx
c1 e2 02                      shl $0x2, %edx
01 d0                         add %edx, %eax
8b 55 f4                      movl  -0xc(%ebp), %edx
83 c2 01                      add $0x1, %edx
89 10                         movl  %edx, (%eax)
8b 45 f4                      movl  -0xc(%ebp), %eax
8d 1c 02                      leal  (%edx,%eax,1), %ebx
8b 55 f4                      movl  -0xc(%ebp), %edx
c1 e2 02                      shl $0x2, %edx
01 d0                         add %edx, %eax
8b 00                         movl  (%eax), %eax
89 04 24                      movl  %eax, (%esp)
e8 d9 44 01 00                calll  0x805cde0
53                            pushl  %ebx
e8 97 b9 fe ff                calll  0x8048780
8b 1c 24                      movl  (%esp), %ebx
int
3b 45 f4                      cmpl  -0xc(%ebp), %eax
0f 8f f8 fe ff ff             jnle 0x80488c3
e8 d9 44 01 00                calll  0x805cde0
e8 97 b9 fe ff                calll  0x8048780
8b 1c 24                      movl  (%esp), %ebx
c3                            retl  
81 c3 17 c2 07 00             add $0x7c217, %ebx
83 ec 1c                      sub $0x1c, %esp
76 08                         jbe 0x805ce12
0f 85 d0 01 00 00             jnz 0x805cff0
0f 84 22 02 00 00             jz 0x805d050
0f 85 34 02 00 00             jnz 0x805d070
8d bb 20 05 00 00             leal  0x520(%ebx), %edi
89 f8                         mov %edi, %eax
e8 d1 d6 ff ff                calll  0x805a530
57                            pushl  %edi
53                            pushl  %ebx
e8 ca ee fe ff                calll  0x8049406
8b 2c 24                      movl  (%esp), %ebp
c3                            retl  
int
8b 55 f4                      movl  -0xc(%ebp), %edx
83 c2 01                      add $0x1, %edx
89 10                         movl  %edx, (%eax)
8d 1c 02                      leal  (%edx,%eax,1), %ebx
8b 00                         movl  (%eax), %eax
89 04 24                      movl  %eax, (%esp)
53                            pushl  %ebx
8b 74 24 30                   movl  0x30(%esp), %esi
89 f0                         mov %esi, %eax
89 f5                         mov %esi, %ebp
09 c8                         or %ecx, %eax
0f af e9                      imul %ecx, %ebp
3d ff ff 00 00                cmp $0xffff, %eax
76 08                         jbe 0x805ce12
0f 85 d0 01 00 00             jnz 0x805cff0
0f 84 22 02 00 00             jz 0x805d050
0f 85 34 02 00 00             jnz 0x805d070
89 ea                         mov %ebp, %edx
e8 d1 d6 ff ff                calll  0x805a530
55                            pushl  %ebp
int
3b 45 f4                      cmpl  -0xc(%ebp), %eax
7c 8f                         jl 0x8048929
7c 8f                         jl 0x8048929
0f 8f f8 fe ff ff             jnle 0x80488c3
e8 d9 44 01 00                calll  0x805cde0
e8 97 b9 fe ff                calll  0x8048780
8b 1c 24                      movl  (%esp), %ebx
c3                            retl  
81 c3 17 c2 07 00             add $0x7c217, %ebx
83 ec 1c                      sub $0x1c, %esp
76 08                         jbe 0x805ce12
0f 85 d0 01 00 00             jnz 0x805cff0
0f 84 22 02 00 00             jz 0x805d050
0f 85 34 02 00 00             jnz 0x805d070
8d bb 20 05 00 00             leal  0x520(%ebx), %edi
89 f8                         mov %edi, %eax
e8 d1 d6 ff ff                calll  0x805a530
57                            pushl  %edi
53                            pushl  %ebx
e8 ca ee fe ff                calll  0x8049406
int
8b 4d f0                      movl  -0x10(%ebp), %ecx
81 c1 ff ff ff 3f             add $0x3fffffff, %ecx
c1 e1 02                      shl $0x2, %ecx
01 ca                         add %ecx, %edx
int
3b 45 f4                      cmpl  -0xc(%ebp), %eax
7c 8f                         jl 0x8048929
0f 8f f8 fe ff ff             jnle 0x80488c3
e8 d9 44 01 00                calll  0x805cde0
e8 97 b9 fe ff                calll  0x8048780
8b 1c 24                      movl  (%esp), %ebx
c3                            retl  
81 c3 17 c2 07 00             add $0x7c217, %ebx
83 ec 1c                      sub $0x1c, %esp
76 08                         jbe 0x805ce12
0f 85 d0 01 00 00             jnz 0x805cff0
0f 84 22 02 00 00             jz 0x805d050
0f 85 34 02 00 00             jnz 0x805d070
8d bb 20 05 00 00             leal  0x520(%ebx), %edi
89 f8                         mov %edi, %eax
e8 d1 d6 ff ff                calll  0x805a530
57                            pushl  %edi
53                            pushl  %ebx
e8 ca ee fe ff                calll  0x8049406
8b 2c 24                      movl  (%esp), %ebp
int
83 45 f4 01                   addl  $0x1, -0xc(%ebp)
3b 45 f4                      cmpl  -0xc(%ebp), %eax
0f 8f f8 fe ff ff             jnle 0x80488c3
8b 55 f4                      movl  -0xc(%ebp), %edx
c1 e2 02                      shl $0x2, %edx
01 d0                         add %edx, %eax
8b 55 f4                      movl  -0xc(%ebp), %edx
83 c2 01                      add $0x1, %edx
89 10                         movl  %edx, (%eax)
8b 45 f4                      movl  -0xc(%ebp), %eax
8d 1c 02                      leal  (%edx,%eax,1), %ebx
8b 55 f4                      movl  -0xc(%ebp), %edx
c1 e2 02                      shl $0x2, %edx
01 d0                         add %edx, %eax
8b 00                         movl  (%eax), %eax
89 04 24                      movl  %eax, (%esp)
e8 d9 44 01 00                calll  0x805cde0
53                            pushl  %ebx
e8 97 b9 fe ff                calll  0x8048780
8b 1c 24                      movl  (%esp), %ebx
int
3b 45 f4                      cmpl  -0xc(%ebp), %eax
0f 8f f8 fe ff ff             jnle 0x80488c3
e8 d9 44 01 00                calll  0x805cde0
e8 97 b9 fe ff                calll  0x8048780
8b 1c 24                      movl  (%esp), %ebx
c3                            retl  
81 c3 17 c2 07 00             add $0x7c217, %ebx
83 ec 1c                      sub $0x1c, %esp
76 08                         jbe 0x805ce12
0f 85 d0 01 00 00             jnz 0x805cff0
0f 84 22 02 00 00             jz 0x805d050
0f 85 34 02 00 00             jnz 0x805d070
8d bb 20 05 00 00             leal  0x520(%ebx), %edi
89 f8                         mov %edi, %eax
e8 d1 d6 ff ff                calll  0x805a530
57                            pushl  %edi
53                            pushl  %ebx
e8 ca ee fe ff                calll  0x8049406
8b 2c 24                      movl  (%esp), %ebp
c3                            retl  
int
8b 55 f4                      movl  -0xc(%ebp), %edx
83 c2 01                      add $0x1, %edx
89 10                         movl  %edx, (%eax)
8d 1c 02                      leal  (%edx,%eax,1), %ebx
8b 00                         movl  (%eax), %eax
89 04 24                      movl  %eax, (%esp)
53                            pushl  %ebx
8b 74 24 30                   movl  0x30(%esp), %esi
89 f0                         mov %esi, %eax
89 f5                         mov %esi, %ebp
09 c8                         or %ecx, %eax
0f af e9                      imul %ecx, %ebp
3d ff ff 00 00                cmp $0xffff, %eax
76 08                         jbe 0x805ce12
0f 85 d0 01 00 00             jnz 0x805cff0
0f 84 22 02 00 00             jz 0x805d050
0f 85 34 02 00 00             jnz 0x805d070
89 ea                         mov %ebp, %edx
e8 d1 d6 ff ff                calll  0x805a530
55                            pushl  %ebp
int
3b 45 f4                      cmpl  -0xc(%ebp), %eax
7c 8f                         jl 0x8048929
7c 8f                         jl 0x8048929
7c 8f                         jl 0x8048929
0f 8f f8 fe ff ff             jnle 0x80488c3
e8 d9 44 01 00                calll  0x805cde0
e8 97 b9 fe ff                calll  0x8048780
8b 1c 24                      movl  (%esp), %ebx
c3                            retl  
81 c3 17 c2 07 00             add $0x7c217, %ebx
83 ec 1c                      sub $0x1c, %esp
76 08                         jbe 0x805ce12
0f 85 d0 01 00 00             jnz 0x805cff0
0f 84 22 02 00 00             jz 0x805d050
0f 85 34 02 00 00             jnz 0x805d070
8d bb 20 05 00 00             leal  0x520(%ebx), %edi
89 f8                         mov %edi, %eax
e8 d1 d6 ff ff                calll  0x805a530
57                            pushl  %edi
53                            pushl  %ebx
int
8b 4d f0                      movl  -0x10(%ebp), %ecx
81 c1 ff ff ff 3f             add $0x3fffffff, %ecx
c1 e1 02                      shl $0x2, %ecx
01 ca                         add %ecx, %edx
int
8b 5d f0                      movl  -0x10(%ebp), %ebx
c1 e3 02                      shl $0x2, %ebx
01 da                         add %ebx, %edx
01 da                         add %ebx, %edx
int
83 45 f0 01                   addl  $0x1, -0x10(%ebp)
8b 45 f0                      movl  -0x10(%ebp), %eax
8b 55 f0                      movl  -0x10(%ebp), %edx
c1 e2 02                      shl $0x2, %edx
01 d0                         add %edx, %eax
8b 4d f0                      movl  -0x10(%ebp), %ecx
81 c1 ff ff ff 3f             add $0x3fffffff, %ecx
c1 e1 02                      shl $0x2, %ecx
01 ca                         add %ecx, %edx
8b 5d f0                      movl  -0x10(%ebp), %ebx
c1 e3 02                      shl $0x2, %ebx
01 da                         add %ebx, %edx
83 45 f0 01                   addl  $0x1, -0x10(%ebp)
8b 45 f0                      movl  -0x10(%ebp), %eax
int
3b 45 f4                      cmpl  -0xc(%ebp), %eax
7c 8f                         jl 0x8048929
7c 8f                         jl 0x8048929
0f 8f f8 fe ff ff             jnle 0x80488c3
e8 d9 44 01 00                calll  0x805cde0
e8 97 b9 fe ff                calll  0x8048780
8b 1c 24                      movl  (%esp), %ebx
c3                            retl  
81 c3 17 c2 07 00             add $0x7c217, %ebx
83 ec 1c                      sub $0x1c, %esp
76 08                         jbe 0x805ce12
0f 85 d0 01 00 00             jnz 0x805cff0
0f 84 22 02 00 00             jz 0x805d050
0f 85 34 02 00 00             jnz 0x805d070
8d bb 20 05 00 00             leal  0x520(%ebx), %edi
89 f8                         mov %edi, %eax
e8 d1 d6 ff ff                calll  0x805a530
57                            pushl  %edi
53                            pushl  %ebx
e8 ca ee fe ff                calll  0x8049406
int
8b 4d f0                      movl  -0x10(%ebp), %ecx
81 c1 ff ff ff 3f             add $0x3fffffff, %ecx
c1 e1 02                      shl $0x2, %ecx
01 ca                         add %ecx, %edx
int
3b 45 f4                      cmpl  -0xc(%ebp), %eax
7c 8f                         jl 0x8048929
0f 8f f8 fe ff ff             jnle 0x80488c3
e8 d9 44 01 00                calll  0x805cde0
e8 97 b9 fe ff                calll  0x8048780
8b 1c 24                      movl  (%esp), %ebx
c3                            retl  
81 c3 17 c2 07 00             add $0x7c217, %ebx
83 ec 1c                      sub $0x1c, %esp
76 08                         jbe 0x805ce12
0f 85 d0 01 00 00             jnz 0x805cff0
0f 84 22 02 00 00             jz 0x805d050
0f 85 34 02 00 00             jnz 0x805d070
8d bb 20 05 00 00             leal  0x520(%ebx), %edi
89 f8                         mov %edi, %eax
e8 d1 d6 ff ff                calll  0x805a530
57                            pushl  %edi
53                            pushl  %ebx
e8 ca ee fe ff                calll  0x8049406
8b 2c 24                      movl  (%esp), %ebp
int
83 45 f4 01                   addl  $0x1, -0xc(%ebp)
3b 45 f4                      cmpl  -0xc(%ebp), %eax
0f 8f f8 fe ff ff             jnle 0x80488c3
8b 55 f4                      movl  -0xc(%ebp), %edx
c1 e2 02                      shl $0x2, %edx
01 d0                         add %edx, %eax
8b 55 f4                      movl  -0xc(%ebp), %edx
83 c2 01                      add $0x1, %edx
89 10                         movl  %edx, (%eax)
8b 45 f4                      movl  -0xc(%ebp), %eax
8d 1c 02                      leal  (%edx,%eax,1), %ebx
8b 55 f4                      movl  -0xc(%ebp), %edx
c1 e2 02                      shl $0x2, %edx
01 d0                         add %edx, %eax
8b 00                         movl  (%eax), %eax
89 04 24                      movl  %eax, (%esp)
e8 d9 44 01 00                calll  0x805cde0
53                            pushl  %ebx
e8 97 b9 fe ff                calll  0x8048780
8b 1c 24                      movl  (%esp), %ebx
int
3b 45 f4                      cmpl  -0xc(%ebp), %eax
0f 8f f8 fe ff ff             jnle 0x80488c3
e8 d9 44 01 00                calll  0x805cde0
e8 97 b9 fe ff                calll  0x8048780
8b 1c 24                      movl  (%esp), %ebx
c3                            retl  
81 c3 17 c2 07 00             add $0x7c217, %ebx
83 ec 1c                      sub $0x1c, %esp
76 08                         jbe 0x805ce12
0f 85 d0 01 00 00             jnz 0x805cff0
0f 84 22 02 00 00             jz 0x805d050
0f 85 34 02 00 00             jnz 0x805d070
8d bb 20 05 00 00             leal  0x520(%ebx), %edi
89 f8                         mov %edi, %eax
e8 d1 d6 ff ff                calll  0x805a530
57                            pushl  %edi
53                            pushl  %ebx
e8 ca ee fe ff                calll  0x8049406
8b 2c 24                      movl  (%esp), %ebp
c3                            retl  
int
8b 55 f4                      movl  -0xc(%ebp), %edx
83 c2 01                      add $0x1, %edx
89 10                         movl  %edx, (%eax)
8d 1c 02                      leal  (%edx,%eax,1), %ebx
8b 00                         movl  (%eax), %eax
89 04 24                      movl  %eax, (%esp)
53                            pushl  %ebx
8b 74 24 30                   movl  0x30(%esp), %esi
89 f0                         mov %esi, %eax
89 f5                         mov %esi, %ebp
09 c8                         or %ecx, %eax
0f af e9                      imul %ecx, %ebp
3d ff ff 00 00                cmp $0xffff, %eax
76 08                         jbe 0x805ce12
0f 85 d0 01 00 00             jnz 0x805cff0
0f 84 22 02 00 00             jz 0x805d050
0f 85 34 02 00 00             jnz 0x805d070
89 ea                         mov %ebp, %edx
e8 d1 d6 ff ff                calll  0x805a530
55                            pushl  %ebp
int
3b 45 f4                      cmpl  -0xc(%ebp), %eax
7c 8f                         jl 0x8048929
7c 8f                         jl 0x8048929
7c 8f                         jl 0x8048929
7c 8f                         jl 0x8048929
0f 8f f8 fe ff ff             jnle 0x80488c3
int
8b 4d f0                      movl  -0x10(%ebp), %ecx
81 c1 ff ff ff 3f             add $0x3fffffff, %ecx
c1 e1 02                      shl $0x2, %ecx
01 ca                         add %ecx, %edx
int
8b 5d f0                      movl  -0x10(%ebp), %ebx
c1 e3 02                      shl $0x2, %ebx
01 da                         add %ebx, %edx
01 da                         add %ebx, %edx
int
83 45 f0 01                   addl  $0x1, -0x10(%ebp)
8b 45 f0                      movl  -0x10(%ebp), %eax
8b 55 f0                      movl  -0x10(%ebp), %edx
c1 e2 02                      shl $0x2, %edx
01 d0                         add %edx, %eax
8b 4d f0                      movl  -0x10(%ebp), %ecx
81 c1 ff ff ff 3f             add $0x3fffffff, %ecx
c1 e1 02                      shl $0x2, %ecx
01 ca                         add %ecx, %edx
8b 5d f0                      movl  -0x10(%ebp), %ebx
c1 e3 02                      shl $0x2, %ebx
01 da                         add %ebx, %edx
83 45 f0 01                   addl  $0x1, -0x10(%ebp)
8b 45 f0                      movl  -0x10(%ebp), %eax
8b 55 f0                      movl  -0x10(%ebp), %edx
c1 e2 02                      shl $0x2, %edx
01 d0                         add %edx, %eax
8b 4d f0                      movl  -0x10(%ebp), %ecx
81 c1 ff ff ff 3f             add $0x3fffffff, %ecx
c1 e1 02                      shl $0x2, %ecx
int
3b 45 f4                      cmpl  -0xc(%ebp), %eax
7c 8f                         jl 0x8048929
7c 8f                         jl 0x8048929
7c 8f                         jl 0x8048929
0f 8f f8 fe ff ff             jnle 0x80488c3
int
8b 4d f0                      movl  -0x10(%ebp), %ecx
81 c1 ff ff ff 3f             add $0x3fffffff, %ecx
c1 e1 02                      shl $0x2, %ecx
01 ca                         add %ecx, %edx
int
8b 5d f0                      movl  -0x10(%ebp), %ebx
c1 e3 02                      shl $0x2, %ebx
01 da                         add %ebx, %edx
01 da                         add %ebx, %edx
int
83 45 f0 01                   addl  $0x1, -0x10(%ebp)
8b 45 f0                      movl  -0x10(%ebp), %eax
8b 55 f0                      movl  -0x10(%ebp), %edx
c1 e2 02                      shl $0x2, %edx
01 d0                         add %edx, %eax
8b 4d f0                      movl  -0x10(%ebp), %ecx
81 c1 ff ff ff 3f             add $0x3fffffff, %ecx
c1 e1 02                      shl $0x2, %ecx
01 ca                         add %ecx, %edx
8b 5d f0                      movl  -0x10(%ebp), %ebx
c1 e3 02                      shl $0x2, %ebx
01 da                         add %ebx, %edx
83 45 f0 01                   addl  $0x1, -0x10(%ebp)
8b 45 f0                      movl  -0x10(%ebp), %eax
int
3b 45 f4                      cmpl  -0xc(%ebp), %eax
7c 8f                         jl 0x8048929
7c 8f                         jl 0x8048929
0f 8f f8 fe ff ff             jnle 0x80488c3
int
8b 4d f0                      movl  -0x10(%ebp), %ecx
81 c1 ff ff ff 3f             add $0x3fffffff, %ecx
c1 e1 02                      shl $0x2, %ecx
01 ca                         add %ecx, %edx
upointer
8b 45 ec                      movl  -0x14(%ebp), %eax
89 44 24 24                   movl  %eax, 0x24(%esp)
8b 44 24 24                   movl  0x24(%esp), %eax
01 d0                         add %edx, %eax
8b 44 24 24                   movl  0x24(%esp), %eax
01 d0                         add %edx, %eax
8b 44 24 24                   movl  0x24(%esp), %eax
01 d0                         add %edx, %eax
8b 44 24 24                   movl  0x24(%esp), %eax
01 d0                         add %edx, %eax
8b 44 24 24                   movl  0x24(%esp), %eax
01 d0                         add %edx, %eax
8b 44 24 24                   movl  0x24(%esp), %eax
01 d0                         add %edx, %eax
8b 44 24 24                   movl  0x24(%esp), %eax
01 d0                         add %edx, %eax
8b 44 24 24                   movl  0x24(%esp), %eax
01 d0                         add %edx, %eax
8b 44 24 24                   movl  0x24(%esp), %eax
01 d0                         add %edx, %eax
int
39 44 24 2c                   cmpl  %eax, 0x2c(%esp)
7c 93                         jl 0x8048a17
eb 33                         jmp 0x8048a54
7f b8                         jnle 0x8048a21
e8 11 70 00 00                calll  0x804fa60
e8 1a 8d ff ff                calll  0x8048780
8b 1c 24                      movl  (%esp), %ebx
c3                            retl  
81 c3 9a 95 08 00             add $0x8959a, %ebx
83 ec 08                      sub $0x8, %esp
8d 44 24 14                   leal  0x14(%esp), %eax
83 ec 04                      sub $0x4, %esp
50                            pushl  %eax
e8 78 06 03 00                calll  0x8080100
89 e5                         mov %esp, %ebp
53                            pushl  %ebx
e8 75 86 fc ff                calll  0x8048780
8b 1c 24                      movl  (%esp), %ebx
c3                            retl  
81 c3 f5 8e 05 00             add $0x58ef5, %ebx
int
8b 54 24 2c                   movl  0x2c(%esp), %edx
c1 e2 02                      shl $0x2, %edx
01 d0                         add %edx, %eax
01 d0                         add %edx, %eax
int
3b 44 24 28                   cmpl  0x28(%esp), %eax
7f b8                         jnle 0x8048a21
e8 11 70 00 00                calll  0x804fa60
e8 1a 8d ff ff                calll  0x8048780
8b 1c 24                      movl  (%esp), %ebx
c3                            retl  
81 c3 9a 95 08 00             add $0x8959a, %ebx
83 ec 08                      sub $0x8, %esp
8d 44 24 14                   leal  0x14(%esp), %eax
83 ec 04                      sub $0x4, %esp
50                            pushl  %eax
e8 78 06 03 00                calll  0x8080100
89 e5                         mov %esp, %ebp
53                            pushl  %ebx
e8 75 86 fc ff                calll  0x8048780
8b 1c 24                      movl  (%esp), %ebx
c3                            retl  
81 c3 f5 8e 05 00             add $0x58ef5, %ebx
81 ec ec 04 00 00             sub $0x4ec, %esp
8b 45 10                      movl  0x10(%ebp), %eax
int
83 44 24 28 01                addl  $0x1, 0x28(%esp)
3b 44 24 28                   cmpl  0x28(%esp), %eax
7f b8                         jnle 0x8048a21
e8 1b 78 00 00                calll  0x8050290
e8 a9 cc ff ff                calll  0x804cf43
8b 3c 24                      movl  (%esp), %edi
c3                            retl  
81 c7 66 8d 08 00             add $0x88d66, %edi
83 ec 1c                      sub $0x1c, %esp
75 3d                         jnz 0x80502f8
74 28                         jz 0x80502f4
74 01                         jz 0x80502dc
74 07                         jz 0x80502e8
73 4c                         jnb 0x8050350
75 27                         jnz 0x805033f
75 1e                         jnz 0x805033f
74 01                         jz 0x8050333
74 07                         jz 0x805033f
c3                            retl  
7c 93                         jl 0x8048a17
int
3b 44 24 28                   cmpl  0x28(%esp), %eax
7f b8                         jnle 0x8048a21
e8 1b 78 00 00                calll  0x8050290
e8 a9 cc ff ff                calll  0x804cf43
8b 3c 24                      movl  (%esp), %edi
c3                            retl  
81 c7 66 8d 08 00             add $0x88d66, %edi
83 ec 1c                      sub $0x1c, %esp
75 3d                         jnz 0x80502f8
74 28                         jz 0x80502f4
74 01                         jz 0x80502dc
74 07                         jz 0x80502e8
73 4c                         jnb 0x8050350
75 27                         jnz 0x805033f
75 1e                         jnz 0x805033f
74 01                         jz 0x8050333
74 07                         jz 0x805033f
c3                            retl  
7c 93                         jl 0x8048a17
eb 33                         jmp 0x8048a54
int
83 44 24 2c 01                addl  $0x1, 0x2c(%esp)
39 44 24 2c                   cmpl  %eax, 0x2c(%esp)
7c 93                         jl 0x8048a17
eb 33                         jmp 0x8048a54
8b 54 24 2c                   movl  0x2c(%esp), %edx
c1 e2 02                      shl $0x2, %edx
01 d0                         add %edx, %eax
7f b8                         jnle 0x8048a21
8b 44 24 2c                   movl  0x2c(%esp), %eax
01 d0                         add %edx, %eax
e8 11 70 00 00                calll  0x804fa60
e8 1a 8d ff ff                calll  0x8048780
8b 1c 24                      movl  (%esp), %ebx
c3                            retl  
81 c3 9a 95 08 00             add $0x8959a, %ebx
83 ec 08                      sub $0x8, %esp
8d 44 24 14                   leal  0x14(%esp), %eax
83 ec 04                      sub $0x4, %esp
50                            pushl  %eax
e8 78 06 03 00                calll  0x8080100
int
39 44 24 2c                   cmpl  %eax, 0x2c(%esp)
7c 93                         jl 0x8048a17
eb 33                         jmp 0x8048a54
7f b8                         jnle 0x8048a21
e8 11 70 00 00                calll  0x804fa60
e8 1a 8d ff ff                calll  0x8048780
8b 1c 24                      movl  (%esp), %ebx
c3                            retl  
81 c3 9a 95 08 00             add $0x8959a, %ebx
83 ec 08                      sub $0x8, %esp
8d 44 24 14                   leal  0x14(%esp), %eax
83 ec 04                      sub $0x4, %esp
50                            pushl  %eax
e8 78 06 03 00                calll  0x8080100
89 e5                         mov %esp, %ebp
53                            pushl  %ebx
e8 75 86 fc ff                calll  0x8048780
8b 1c 24                      movl  (%esp), %ebx
c3                            retl  
81 c3 f5 8e 05 00             add $0x58ef5, %ebx
int
8b 54 24 2c                   movl  0x2c(%esp), %edx
c1 e2 02                      shl $0x2, %edx
01 d0                         add %edx, %eax
01 d0                         add %edx, %eax
int
3b 44 24 28                   cmpl  0x28(%esp), %eax
7f b8                         jnle 0x8048a21
e8 11 70 00 00                calll  0x804fa60
e8 1a 8d ff ff                calll  0x8048780
8b 1c 24                      movl  (%esp), %ebx
c3                            retl  
81 c3 9a 95 08 00             add $0x8959a, %ebx
83 ec 08                      sub $0x8, %esp
8d 44 24 14                   leal  0x14(%esp), %eax
83 ec 04                      sub $0x4, %esp
50                            pushl  %eax
e8 78 06 03 00                calll  0x8080100
89 e5                         mov %esp, %ebp
53                            pushl  %ebx
e8 75 86 fc ff                calll  0x8048780
8b 1c 24                      movl  (%esp), %ebx
c3                            retl  
81 c3 f5 8e 05 00             add $0x58ef5, %ebx
81 ec ec 04 00 00             sub $0x4ec, %esp
8b 45 10                      movl  0x10(%ebp), %eax
int
83 44 24 28 01                addl  $0x1, 0x28(%esp)
3b 44 24 28                   cmpl  0x28(%esp), %eax
7f b8                         jnle 0x8048a21
8b 54 24 28                   movl  0x28(%esp), %edx
c1 e2 02                      shl $0x2, %edx
01 d0                         add %edx, %eax
e8 11 70 00 00                calll  0x804fa60
e8 1a 8d ff ff                calll  0x8048780
8b 1c 24                      movl  (%esp), %ebx
c3                            retl  
81 c3 9a 95 08 00             add $0x8959a, %ebx
83 ec 08                      sub $0x8, %esp
8d 44 24 14                   leal  0x14(%esp), %eax
83 ec 04                      sub $0x4, %esp
50                            pushl  %eax
e8 78 06 03 00                calll  0x8080100
89 e5                         mov %esp, %ebp
53                            pushl  %ebx
e8 75 86 fc ff                calll  0x8048780
8b 1c 24                      movl  (%esp), %ebx
int
8b 54 24 2c                   movl  0x2c(%esp), %edx
c1 e2 02                      shl $0x2, %edx
01 d0                         add %edx, %eax
01 d0                         add %edx, %eax
int
3b 44 24 28                   cmpl  0x28(%esp), %eax
7f b8                         jnle 0x8048a21
e8 11 70 00 00                calll  0x804fa60
e8 1a 8d ff ff                calll  0x8048780
8b 1c 24                      movl  (%esp), %ebx
c3                            retl  
81 c3 9a 95 08 00             add $0x8959a, %ebx
83 ec 08                      sub $0x8, %esp
8d 44 24 14                   leal  0x14(%esp), %eax
83 ec 04                      sub $0x4, %esp
50                            pushl  %eax
e8 78 06 03 00                calll  0x8080100
89 e5                         mov %esp, %ebp
53                            pushl  %ebx
e8 75 86 fc ff                calll  0x8048780
8b 1c 24                      movl  (%esp), %ebx
c3                            retl  
81 c3 f5 8e 05 00             add $0x58ef5, %ebx
81 ec ec 04 00 00             sub $0x4ec, %esp
8b 45 10                      movl  0x10(%ebp), %eax
int
83 44 24 28 01                addl  $0x1, 0x28(%esp)
3b 44 24 28                   cmpl  0x28(%esp), %eax
7f b8                         jnle 0x8048a21
e8 1b 78 00 00                calll  0x8050290
e8 a9 cc ff ff                calll  0x804cf43
8b 3c 24                      movl  (%esp), %edi
c3                            retl  
81 c7 66 8d 08 00             add $0x88d66, %edi
83 ec 1c                      sub $0x1c, %esp
75 3d                         jnz 0x80502f8
74 28                         jz 0x80502f4
74 01                         jz 0x80502dc
74 07                         jz 0x80502e8
73 4c                         jnb 0x8050350
75 27                         jnz 0x805033f
75 1e                         jnz 0x805033f
74 01                         jz 0x8050333
74 07                         jz 0x805033f
c3                            retl  
7c 93                         jl 0x8048a17
int
3b 44 24 28                   cmpl  0x28(%esp), %eax
7f b8                         jnle 0x8048a21
e8 1b 78 00 00                calll  0x8050290
e8 a9 cc ff ff                calll  0x804cf43
8b 3c 24                      movl  (%esp), %edi
c3                            retl  
81 c7 66 8d 08 00             add $0x88d66, %edi
83 ec 1c                      sub $0x1c, %esp
75 3d                         jnz 0x80502f8
74 28                         jz 0x80502f4
74 01                         jz 0x80502dc
74 07                         jz 0x80502e8
73 4c                         jnb 0x8050350
75 27                         jnz 0x805033f
75 1e                         jnz 0x805033f
74 01                         jz 0x8050333
74 07                         jz 0x805033f
c3                            retl  
7c 93                         jl 0x8048a17
eb 33                         jmp 0x8048a54
int
83 44 24 2c 01                addl  $0x1, 0x2c(%esp)
39 44 24 2c                   cmpl  %eax, 0x2c(%esp)
7c 93                         jl 0x8048a17
eb 33                         jmp 0x8048a54
8b 54 24 2c                   movl  0x2c(%esp), %edx
c1 e2 02                      shl $0x2, %edx
01 d0                         add %edx, %eax
7f b8                         jnle 0x8048a21
8b 44 24 2c                   movl  0x2c(%esp), %eax
01 d0                         add %edx, %eax
e8 11 70 00 00                calll  0x804fa60
e8 1a 8d ff ff                calll  0x8048780
8b 1c 24                      movl  (%esp), %ebx
c3                            retl  
81 c3 9a 95 08 00             add $0x8959a, %ebx
83 ec 08                      sub $0x8, %esp
8d 44 24 14                   leal  0x14(%esp), %eax
83 ec 04                      sub $0x4, %esp
50                            pushl  %eax
e8 78 06 03 00                calll  0x8080100
int
39 44 24 2c                   cmpl  %eax, 0x2c(%esp)
7c 93                         jl 0x8048a17
eb 33                         jmp 0x8048a54
7f b8                         jnle 0x8048a21
e8 11 70 00 00                calll  0x804fa60
e8 1a 8d ff ff                calll  0x8048780
8b 1c 24                      movl  (%esp), %ebx
c3                            retl  
81 c3 9a 95 08 00             add $0x8959a, %ebx
83 ec 08                      sub $0x8, %esp
8d 44 24 14                   leal  0x14(%esp), %eax
83 ec 04                      sub $0x4, %esp
50                            pushl  %eax
e8 78 06 03 00                calll  0x8080100
89 e5                         mov %esp, %ebp
53                            pushl  %ebx
e8 75 86 fc ff                calll  0x8048780
8b 1c 24                      movl  (%esp), %ebx
c3                            retl  
81 c3 f5 8e 05 00             add $0x58ef5, %ebx
int
8b 54 24 2c                   movl  0x2c(%esp), %edx
c1 e2 02                      shl $0x2, %edx
01 d0                         add %edx, %eax
01 d0                         add %edx, %eax
int
3b 44 24 28                   cmpl  0x28(%esp), %eax
7f b8                         jnle 0x8048a21
e8 11 70 00 00                calll  0x804fa60
e8 1a 8d ff ff                calll  0x8048780
8b 1c 24                      movl  (%esp), %ebx
c3                            retl  
81 c3 9a 95 08 00             add $0x8959a, %ebx
83 ec 08                      sub $0x8, %esp
8d 44 24 14                   leal  0x14(%esp), %eax
83 ec 04                      sub $0x4, %esp
50                            pushl  %eax
e8 78 06 03 00                calll  0x8080100
89 e5                         mov %esp, %ebp
53                            pushl  %ebx
e8 75 86 fc ff                calll  0x8048780
8b 1c 24                      movl  (%esp), %ebx
c3                            retl  
81 c3 f5 8e 05 00             add $0x58ef5, %ebx
81 ec ec 04 00 00             sub $0x4ec, %esp
8b 45 10                      movl  0x10(%ebp), %eax
int
83 44 24 28 01                addl  $0x1, 0x28(%esp)
3b 44 24 28                   cmpl  0x28(%esp), %eax
7f b8                         jnle 0x8048a21
8b 54 24 28                   movl  0x28(%esp), %edx
c1 e2 02                      shl $0x2, %edx
01 d0                         add %edx, %eax
e8 11 70 00 00                calll  0x804fa60
e8 1a 8d ff ff                calll  0x8048780
8b 1c 24                      movl  (%esp), %ebx
c3                            retl  
81 c3 9a 95 08 00             add $0x8959a, %ebx
83 ec 08                      sub $0x8, %esp
8d 44 24 14                   leal  0x14(%esp), %eax
83 ec 04                      sub $0x4, %esp
50                            pushl  %eax
e8 78 06 03 00                calll  0x8080100
89 e5                         mov %esp, %ebp
53                            pushl  %ebx
e8 75 86 fc ff                calll  0x8048780
8b 1c 24                      movl  (%esp), %ebx
int
8b 54 24 2c                   movl  0x2c(%esp), %edx
c1 e2 02                      shl $0x2, %edx
01 d0                         add %edx, %eax
01 d0                         add %edx, %eax
int
3b 44 24 28                   cmpl  0x28(%esp), %eax
7f b8                         jnle 0x8048a21
e8 11 70 00 00                calll  0x804fa60
e8 1a 8d ff ff                calll  0x8048780
8b 1c 24                      movl  (%esp), %ebx
c3                            retl  
81 c3 9a 95 08 00             add $0x8959a, %ebx
83 ec 08                      sub $0x8, %esp
8d 44 24 14                   leal  0x14(%esp), %eax
83 ec 04                      sub $0x4, %esp
50                            pushl  %eax
e8 78 06 03 00                calll  0x8080100
89 e5                         mov %esp, %ebp
53                            pushl  %ebx
e8 75 86 fc ff                calll  0x8048780
8b 1c 24                      movl  (%esp), %ebx
c3                            retl  
81 c3 f5 8e 05 00             add $0x58ef5, %ebx
81 ec ec 04 00 00             sub $0x4ec, %esp
8b 45 10                      movl  0x10(%ebp), %eax
int
83 44 24 28 01                addl  $0x1, 0x28(%esp)
3b 44 24 28                   cmpl  0x28(%esp), %eax
7f b8                         jnle 0x8048a21
8b 54 24 28                   movl  0x28(%esp), %edx
c1 e2 02                      shl $0x2, %edx
01 d0                         add %edx, %eax
e8 11 70 00 00                calll  0x804fa60
e8 1a 8d ff ff                calll  0x8048780
8b 1c 24                      movl  (%esp), %ebx
c3                            retl  
81 c3 9a 95 08 00             add $0x8959a, %ebx
83 ec 08                      sub $0x8, %esp
8d 44 24 14                   leal  0x14(%esp), %eax
83 ec 04                      sub $0x4, %esp
50                            pushl  %eax
e8 78 06 03 00                calll  0x8080100
89 e5                         mov %esp, %ebp
53                            pushl  %ebx
e8 75 86 fc ff                calll  0x8048780
8b 1c 24                      movl  (%esp), %ebx
int
8b 54 24 2c                   movl  0x2c(%esp), %edx
c1 e2 02                      shl $0x2, %edx
01 d0                         add %edx, %eax
01 d0                         add %edx, %eax
int
3b 44 24 28                   cmpl  0x28(%esp), %eax
7f b8                         jnle 0x8048a21
e8 11 70 00 00                calll  0x804fa60
e8 1a 8d ff ff                calll  0x8048780
8b 1c 24                      movl  (%esp), %ebx
c3                            retl  
81 c3 9a 95 08 00             add $0x8959a, %ebx
83 ec 08                      sub $0x8, %esp
8d 44 24 14                   leal  0x14(%esp), %eax
83 ec 04                      sub $0x4, %esp
50                            pushl  %eax
e8 78 06 03 00                calll  0x8080100
89 e5                         mov %esp, %ebp
53                            pushl  %ebx
e8 75 86 fc ff                calll  0x8048780
8b 1c 24                      movl  (%esp), %ebx
c3                            retl  
81 c3 f5 8e 05 00             add $0x58ef5, %ebx
81 ec ec 04 00 00             sub $0x4ec, %esp
8b 45 10                      movl  0x10(%ebp), %eax
int
83 44 24 28 01                addl  $0x1, 0x28(%esp)
3b 44 24 28                   cmpl  0x28(%esp), %eax
7f b8                         jnle 0x8048a21
e8 1b 78 00 00                calll  0x8050290
e8 a9 cc ff ff                calll  0x804cf43
8b 3c 24                      movl  (%esp), %edi
c3                            retl  
81 c7 66 8d 08 00             add $0x88d66, %edi
83 ec 1c                      sub $0x1c, %esp
75 3d                         jnz 0x80502f8
74 28                         jz 0x80502f4
74 01                         jz 0x80502dc
74 07                         jz 0x80502e8
73 4c                         jnb 0x8050350
75 27                         jnz 0x805033f
75 1e                         jnz 0x805033f
74 01                         jz 0x8050333
74 07                         jz 0x805033f
c3                            retl  
7c 93                         jl 0x8048a17
int
3b 44 24 28                   cmpl  0x28(%esp), %eax
7f b8                         jnle 0x8048a21
e8 1b 78 00 00                calll  0x8050290
e8 a9 cc ff ff                calll  0x804cf43
8b 3c 24                      movl  (%esp), %edi
c3                            retl  
81 c7 66 8d 08 00             add $0x88d66, %edi
83 ec 1c                      sub $0x1c, %esp
75 3d                         jnz 0x80502f8
74 28                         jz 0x80502f4
74 01                         jz 0x80502dc
74 07                         jz 0x80502e8
73 4c                         jnb 0x8050350
75 27                         jnz 0x805033f
75 1e                         jnz 0x805033f
74 01                         jz 0x8050333
74 07                         jz 0x805033f
c3                            retl  
7c 93                         jl 0x8048a17
eb 33                         jmp 0x8048a54
int
83 44 24 2c 01                addl  $0x1, 0x2c(%esp)
39 44 24 2c                   cmpl  %eax, 0x2c(%esp)
7c 93                         jl 0x8048a17
eb 33                         jmp 0x8048a54
8b 54 24 2c                   movl  0x2c(%esp), %edx
c1 e2 02                      shl $0x2, %edx
01 d0                         add %edx, %eax
7f b8                         jnle 0x8048a21
8b 44 24 2c                   movl  0x2c(%esp), %eax
01 d0                         add %edx, %eax
e8 11 70 00 00                calll  0x804fa60
e8 1a 8d ff ff                calll  0x8048780
8b 1c 24                      movl  (%esp), %ebx
c3                            retl  
81 c3 9a 95 08 00             add $0x8959a, %ebx
83 ec 08                      sub $0x8, %esp
8d 44 24 14                   leal  0x14(%esp), %eax
83 ec 04                      sub $0x4, %esp
50                            pushl  %eax
e8 78 06 03 00                calll  0x8080100
int
39 44 24 2c                   cmpl  %eax, 0x2c(%esp)
7c 93                         jl 0x8048a17
eb 33                         jmp 0x8048a54
7f b8                         jnle 0x8048a21
e8 11 70 00 00                calll  0x804fa60
e8 1a 8d ff ff                calll  0x8048780
8b 1c 24                      movl  (%esp), %ebx
c3                            retl  
81 c3 9a 95 08 00             add $0x8959a, %ebx
83 ec 08                      sub $0x8, %esp
8d 44 24 14                   leal  0x14(%esp), %eax
83 ec 04                      sub $0x4, %esp
50                            pushl  %eax
e8 78 06 03 00                calll  0x8080100
89 e5                         mov %esp, %ebp
53                            pushl  %ebx
e8 75 86 fc ff                calll  0x8048780
8b 1c 24                      movl  (%esp), %ebx
c3                            retl  
81 c3 f5 8e 05 00             add $0x58ef5, %ebx
int
8b 54 24 2c                   movl  0x2c(%esp), %edx
c1 e2 02                      shl $0x2, %edx
01 d0                         add %edx, %eax
01 d0                         add %edx, %eax
int
3b 44 24 28                   cmpl  0x28(%esp), %eax
7f b8                         jnle 0x8048a21
e8 11 70 00 00                calll  0x804fa60
e8 1a 8d ff ff                calll  0x8048780
8b 1c 24                      movl  (%esp), %ebx
c3                            retl  
81 c3 9a 95 08 00             add $0x8959a, %ebx
83 ec 08                      sub $0x8, %esp
8d 44 24 14                   leal  0x14(%esp), %eax
83 ec 04                      sub $0x4, %esp
50                            pushl  %eax
e8 78 06 03 00                calll  0x8080100
89 e5                         mov %esp, %ebp
53                            pushl  %ebx
e8 75 86 fc ff                calll  0x8048780
8b 1c 24                      movl  (%esp), %ebx
c3                            retl  
81 c3 f5 8e 05 00             add $0x58ef5, %ebx
81 ec ec 04 00 00             sub $0x4ec, %esp
8b 45 10                      movl  0x10(%ebp), %eax
int
83 44 24 28 01                addl  $0x1, 0x28(%esp)
3b 44 24 28                   cmpl  0x28(%esp), %eax
7f b8                         jnle 0x8048a21
8b 54 24 28                   movl  0x28(%esp), %edx
c1 e2 02                      shl $0x2, %edx
01 d0                         add %edx, %eax
e8 11 70 00 00                calll  0x804fa60
e8 1a 8d ff ff                calll  0x8048780
8b 1c 24                      movl  (%esp), %ebx
c3                            retl  
81 c3 9a 95 08 00             add $0x8959a, %ebx
83 ec 08                      sub $0x8, %esp
8d 44 24 14                   leal  0x14(%esp), %eax
83 ec 04                      sub $0x4, %esp
50                            pushl  %eax
e8 78 06 03 00                calll  0x8080100
89 e5                         mov %esp, %ebp
53                            pushl  %ebx
e8 75 86 fc ff                calll  0x8048780
8b 1c 24                      movl  (%esp), %ebx
int
8b 54 24 2c                   movl  0x2c(%esp), %edx
c1 e2 02                      shl $0x2, %edx
01 d0                         add %edx, %eax
01 d0                         add %edx, %eax
int
3b 44 24 28                   cmpl  0x28(%esp), %eax
7f b8                         jnle 0x8048a21
e8 11 70 00 00                calll  0x804fa60
e8 1a 8d ff ff                calll  0x8048780
8b 1c 24                      movl  (%esp), %ebx
c3                            retl  
81 c3 9a 95 08 00             add $0x8959a, %ebx
83 ec 08                      sub $0x8, %esp
8d 44 24 14                   leal  0x14(%esp), %eax
83 ec 04                      sub $0x4, %esp
50                            pushl  %eax
e8 78 06 03 00                calll  0x8080100
89 e5                         mov %esp, %ebp
53                            pushl  %ebx
e8 75 86 fc ff                calll  0x8048780
8b 1c 24                      movl  (%esp), %ebx
c3                            retl  
81 c3 f5 8e 05 00             add $0x58ef5, %ebx
81 ec ec 04 00 00             sub $0x4ec, %esp
8b 45 10                      movl  0x10(%ebp), %eax
int
83 44 24 28 01                addl  $0x1, 0x28(%esp)
3b 44 24 28                   cmpl  0x28(%esp), %eax
7f b8                         jnle 0x8048a21
8b 54 24 28                   movl  0x28(%esp), %edx
c1 e2 02                      shl $0x2, %edx
01 d0                         add %edx, %eax
e8 11 70 00 00                calll  0x804fa60
e8 1a 8d ff ff                calll  0x8048780
8b 1c 24                      movl  (%esp), %ebx
c3                            retl  
81 c3 9a 95 08 00             add $0x8959a, %ebx
83 ec 08                      sub $0x8, %esp
8d 44 24 14                   leal  0x14(%esp), %eax
83 ec 04                      sub $0x4, %esp
50                            pushl  %eax
e8 78 06 03 00                calll  0x8080100
89 e5                         mov %esp, %ebp
53                            pushl  %ebx
e8 75 86 fc ff                calll  0x8048780
8b 1c 24                      movl  (%esp), %ebx
int
8b 54 24 2c                   movl  0x2c(%esp), %edx
c1 e2 02                      shl $0x2, %edx
01 d0                         add %edx, %eax
01 d0                         add %edx, %eax
int
3b 44 24 28                   cmpl  0x28(%esp), %eax
7f b8                         jnle 0x8048a21
e8 11 70 00 00                calll  0x804fa60
e8 1a 8d ff ff                calll  0x8048780
8b 1c 24                      movl  (%esp), %ebx
c3                            retl  
81 c3 9a 95 08 00             add $0x8959a, %ebx
83 ec 08                      sub $0x8, %esp
8d 44 24 14                   leal  0x14(%esp), %eax
83 ec 04                      sub $0x4, %esp
50                            pushl  %eax
e8 78 06 03 00                calll  0x8080100
89 e5                         mov %esp, %ebp
53                            pushl  %ebx
e8 75 86 fc ff                calll  0x8048780
8b 1c 24                      movl  (%esp), %ebx
c3                            retl  
81 c3 f5 8e 05 00             add $0x58ef5, %ebx
81 ec ec 04 00 00             sub $0x4ec, %esp
8b 45 10                      movl  0x10(%ebp), %eax
int
83 44 24 28 01                addl  $0x1, 0x28(%esp)
3b 44 24 28                   cmpl  0x28(%esp), %eax
7f b8                         jnle 0x8048a21
8b 54 24 28                   movl  0x28(%esp), %edx
c1 e2 02                      shl $0x2, %edx
01 d0                         add %edx, %eax
e8 11 70 00 00                calll  0x804fa60
e8 1a 8d ff ff                calll  0x8048780
8b 1c 24                      movl  (%esp), %ebx
c3                            retl  
81 c3 9a 95 08 00             add $0x8959a, %ebx
83 ec 08                      sub $0x8, %esp
8d 44 24 14                   leal  0x14(%esp), %eax
83 ec 04                      sub $0x4, %esp
50                            pushl  %eax
e8 78 06 03 00                calll  0x8080100
89 e5                         mov %esp, %ebp
53                            pushl  %ebx
e8 75 86 fc ff                calll  0x8048780
8b 1c 24                      movl  (%esp), %ebx
int
8b 54 24 2c                   movl  0x2c(%esp), %edx
c1 e2 02                      shl $0x2, %edx
01 d0                         add %edx, %eax
01 d0                         add %edx, %eax
int
3b 44 24 28                   cmpl  0x28(%esp), %eax
7f b8                         jnle 0x8048a21
e8 11 70 00 00                calll  0x804fa60
e8 1a 8d ff ff                calll  0x8048780
8b 1c 24                      movl  (%esp), %ebx
c3                            retl  
81 c3 9a 95 08 00             add $0x8959a, %ebx
83 ec 08                      sub $0x8, %esp
8d 44 24 14                   leal  0x14(%esp), %eax
83 ec 04                      sub $0x4, %esp
50                            pushl  %eax
e8 78 06 03 00                calll  0x8080100
89 e5                         mov %esp, %ebp
53                            pushl  %ebx
e8 75 86 fc ff                calll  0x8048780
8b 1c 24                      movl  (%esp), %ebx
c3                            retl  
81 c3 f5 8e 05 00             add $0x58ef5, %ebx
81 ec ec 04 00 00             sub $0x4ec, %esp
8b 45 10                      movl  0x10(%ebp), %eax
int
83 44 24 28 01                addl  $0x1, 0x28(%esp)
3b 44 24 28                   cmpl  0x28(%esp), %eax
7f b8                         jnle 0x8048a21
e8 1b 78 00 00                calll  0x8050290
e8 a9 cc ff ff                calll  0x804cf43
8b 3c 24                      movl  (%esp), %edi
c3                            retl  
81 c7 66 8d 08 00             add $0x88d66, %edi
83 ec 1c                      sub $0x1c, %esp
75 3d                         jnz 0x80502f8
74 28                         jz 0x80502f4
74 01                         jz 0x80502dc
74 07                         jz 0x80502e8
73 4c                         jnb 0x8050350
75 27                         jnz 0x805033f
75 1e                         jnz 0x805033f
74 01                         jz 0x8050333
74 07                         jz 0x805033f
c3                            retl  
7c 93                         jl 0x8048a17
int
3b 44 24 28                   cmpl  0x28(%esp), %eax
7f b8                         jnle 0x8048a21
e8 1b 78 00 00                calll  0x8050290
e8 a9 cc ff ff                calll  0x804cf43
8b 3c 24                      movl  (%esp), %edi
c3                            retl  
81 c7 66 8d 08 00             add $0x88d66, %edi
83 ec 1c                      sub $0x1c, %esp
75 3d                         jnz 0x80502f8
74 28                         jz 0x80502f4
74 01                         jz 0x80502dc
74 07                         jz 0x80502e8
73 4c                         jnb 0x8050350
75 27                         jnz 0x805033f
75 1e                         jnz 0x805033f
74 01                         jz 0x8050333
74 07                         jz 0x805033f
c3                            retl  
7c 93                         jl 0x8048a17
eb 33                         jmp 0x8048a54
int
83 44 24 2c 01                addl  $0x1, 0x2c(%esp)
39 44 24 2c                   cmpl  %eax, 0x2c(%esp)
7c 93                         jl 0x8048a17
eb 33                         jmp 0x8048a54
8b 54 24 2c                   movl  0x2c(%esp), %edx
c1 e2 02                      shl $0x2, %edx
01 d0                         add %edx, %eax
7f b8                         jnle 0x8048a21
8b 44 24 2c                   movl  0x2c(%esp), %eax
01 d0                         add %edx, %eax
e8 11 70 00 00                calll  0x804fa60
e8 1a 8d ff ff                calll  0x8048780
8b 1c 24                      movl  (%esp), %ebx
c3                            retl  
81 c3 9a 95 08 00             add $0x8959a, %ebx
83 ec 08                      sub $0x8, %esp
8d 44 24 14                   leal  0x14(%esp), %eax
83 ec 04                      sub $0x4, %esp
50                            pushl  %eax
e8 78 06 03 00                calll  0x8080100
int
39 44 24 2c                   cmpl  %eax, 0x2c(%esp)
7c 93                         jl 0x8048a17
eb 33                         jmp 0x8048a54
7f b8                         jnle 0x8048a21
e8 11 70 00 00                calll  0x804fa60
e8 1a 8d ff ff                calll  0x8048780
8b 1c 24                      movl  (%esp), %ebx
c3                            retl  
81 c3 9a 95 08 00             add $0x8959a, %ebx
83 ec 08                      sub $0x8, %esp
8d 44 24 14                   leal  0x14(%esp), %eax
83 ec 04                      sub $0x4, %esp
50                            pushl  %eax
e8 78 06 03 00                calll  0x8080100
89 e5                         mov %esp, %ebp
53                            pushl  %ebx
e8 75 86 fc ff                calll  0x8048780
8b 1c 24                      movl  (%esp), %ebx
c3                            retl  
81 c3 f5 8e 05 00             add $0x58ef5, %ebx
int
8b 54 24 2c                   movl  0x2c(%esp), %edx
c1 e2 02                      shl $0x2, %edx
01 d0                         add %edx, %eax
01 d0                         add %edx, %eax
int
3b 44 24 28                   cmpl  0x28(%esp), %eax
7f b8                         jnle 0x8048a21
e8 11 70 00 00                calll  0x804fa60
e8 1a 8d ff ff                calll  0x8048780
8b 1c 24                      movl  (%esp), %ebx
c3                            retl  
81 c3 9a 95 08 00             add $0x8959a, %ebx
83 ec 08                      sub $0x8, %esp
8d 44 24 14                   leal  0x14(%esp), %eax
83 ec 04                      sub $0x4, %esp
50                            pushl  %eax
e8 78 06 03 00                calll  0x8080100
89 e5                         mov %esp, %ebp
53                            pushl  %ebx
e8 75 86 fc ff                calll  0x8048780
8b 1c 24                      movl  (%esp), %ebx
c3                            retl  
81 c3 f5 8e 05 00             add $0x58ef5, %ebx
81 ec ec 04 00 00             sub $0x4ec, %esp
8b 45 10                      movl  0x10(%ebp), %eax
int
83 44 24 28 01                addl  $0x1, 0x28(%esp)
3b 44 24 28                   cmpl  0x28(%esp), %eax
7f b8                         jnle 0x8048a21
8b 54 24 28                   movl  0x28(%esp), %edx
c1 e2 02                      shl $0x2, %edx
01 d0                         add %edx, %eax
e8 11 70 00 00                calll  0x804fa60
e8 1a 8d ff ff                calll  0x8048780
8b 1c 24                      movl  (%esp), %ebx
c3                            retl  
81 c3 9a 95 08 00             add $0x8959a, %ebx
83 ec 08                      sub $0x8, %esp
8d 44 24 14                   leal  0x14(%esp), %eax
83 ec 04                      sub $0x4, %esp
50                            pushl  %eax
e8 78 06 03 00                calll  0x8080100
89 e5                         mov %esp, %ebp
53                            pushl  %ebx
e8 75 86 fc ff                calll  0x8048780
8b 1c 24                      movl  (%esp), %ebx
int
8b 54 24 2c                   movl  0x2c(%esp), %edx
c1 e2 02                      shl $0x2, %edx
01 d0                         add %edx, %eax
01 d0                         add %edx, %eax
int
3b 44 24 28                   cmpl  0x28(%esp), %eax
7f b8                         jnle 0x8048a21
e8 11 70 00 00                calll  0x804fa60
e8 1a 8d ff ff                calll  0x8048780
8b 1c 24                      movl  (%esp), %ebx
c3                            retl  
81 c3 9a 95 08 00             add $0x8959a, %ebx
83 ec 08                      sub $0x8, %esp
8d 44 24 14                   leal  0x14(%esp), %eax
83 ec 04                      sub $0x4, %esp
50                            pushl  %eax
e8 78 06 03 00                calll  0x8080100
89 e5                         mov %esp, %ebp
53                            pushl  %ebx
e8 75 86 fc ff                calll  0x8048780
8b 1c 24                      movl  (%esp), %ebx
c3                            retl  
81 c3 f5 8e 05 00             add $0x58ef5, %ebx
81 ec ec 04 00 00             sub $0x4ec, %esp
8b 45 10                      movl  0x10(%ebp), %eax
int
83 44 24 28 01                addl  $0x1, 0x28(%esp)
3b 44 24 28                   cmpl  0x28(%esp), %eax
7f b8                         jnle 0x8048a21
8b 54 24 28                   movl  0x28(%esp), %edx
c1 e2 02                      shl $0x2, %edx
01 d0                         add %edx, %eax
e8 11 70 00 00                calll  0x804fa60
e8 1a 8d ff ff                calll  0x8048780
8b 1c 24                      movl  (%esp), %ebx
c3                            retl  
81 c3 9a 95 08 00             add $0x8959a, %ebx
83 ec 08                      sub $0x8, %esp
8d 44 24 14                   leal  0x14(%esp), %eax
83 ec 04                      sub $0x4, %esp
50                            pushl  %eax
e8 78 06 03 00                calll  0x8080100
89 e5                         mov %esp, %ebp
53                            pushl  %ebx
e8 75 86 fc ff                calll  0x8048780
8b 1c 24                      movl  (%esp), %ebx
int
8b 54 24 2c                   movl  0x2c(%esp), %edx
c1 e2 02                      shl $0x2, %edx
01 d0                         add %edx, %eax
01 d0                         add %edx, %eax
int
3b 44 24 28                   cmpl  0x28(%esp), %eax
7f b8                         jnle 0x8048a21
e8 11 70 00 00                calll  0x804fa60
e8 1a 8d ff ff                calll  0x8048780
8b 1c 24                      movl  (%esp), %ebx
c3                            retl  
81 c3 9a 95 08 00             add $0x8959a, %ebx
83 ec 08                      sub $0x8, %esp
8d 44 24 14                   leal  0x14(%esp), %eax
83 ec 04                      sub $0x4, %esp
50                            pushl  %eax
e8 78 06 03 00                calll  0x8080100
89 e5                         mov %esp, %ebp
53                            pushl  %ebx
e8 75 86 fc ff                calll  0x8048780
8b 1c 24                      movl  (%esp), %ebx
c3                            retl  
81 c3 f5 8e 05 00             add $0x58ef5, %ebx
81 ec ec 04 00 00             sub $0x4ec, %esp
8b 45 10                      movl  0x10(%ebp), %eax
int
83 44 24 28 01                addl  $0x1, 0x28(%esp)
3b 44 24 28                   cmpl  0x28(%esp), %eax
7f b8                         jnle 0x8048a21
8b 54 24 28                   movl  0x28(%esp), %edx
c1 e2 02                      shl $0x2, %edx
01 d0                         add %edx, %eax
e8 11 70 00 00                calll  0x804fa60
e8 1a 8d ff ff                calll  0x8048780
8b 1c 24                      movl  (%esp), %ebx
c3                            retl  
81 c3 9a 95 08 00             add $0x8959a, %ebx
83 ec 08                      sub $0x8, %esp
8d 44 24 14                   leal  0x14(%esp), %eax
83 ec 04                      sub $0x4, %esp
50                            pushl  %eax
e8 78 06 03 00                calll  0x8080100
89 e5                         mov %esp, %ebp
53                            pushl  %ebx
e8 75 86 fc ff                calll  0x8048780
8b 1c 24                      movl  (%esp), %ebx
int
8b 54 24 2c                   movl  0x2c(%esp), %edx
c1 e2 02                      shl $0x2, %edx
01 d0                         add %edx, %eax
01 d0                         add %edx, %eax
int
3b 44 24 28                   cmpl  0x28(%esp), %eax
7f b8                         jnle 0x8048a21
e8 11 70 00 00                calll  0x804fa60
e8 1a 8d ff ff                calll  0x8048780
8b 1c 24                      movl  (%esp), %ebx
c3                            retl  
81 c3 9a 95 08 00             add $0x8959a, %ebx
83 ec 08                      sub $0x8, %esp
8d 44 24 14                   leal  0x14(%esp), %eax
83 ec 04                      sub $0x4, %esp
50                            pushl  %eax
e8 78 06 03 00                calll  0x8080100
89 e5                         mov %esp, %ebp
53                            pushl  %ebx
e8 75 86 fc ff                calll  0x8048780
8b 1c 24                      movl  (%esp), %ebx
c3                            retl  
81 c3 f5 8e 05 00             add $0x58ef5, %ebx
81 ec ec 04 00 00             sub $0x4ec, %esp
8b 45 10                      movl  0x10(%ebp), %eax
int
83 44 24 28 01                addl  $0x1, 0x28(%esp)
3b 44 24 28                   cmpl  0x28(%esp), %eax
7f b8                         jnle 0x8048a21
8b 54 24 28                   movl  0x28(%esp), %edx
c1 e2 02                      shl $0x2, %edx
01 d0                         add %edx, %eax
e8 11 70 00 00                calll  0x804fa60
e8 1a 8d ff ff                calll  0x8048780
8b 1c 24                      movl  (%esp), %ebx
c3                            retl  
81 c3 9a 95 08 00             add $0x8959a, %ebx
83 ec 08                      sub $0x8, %esp
8d 44 24 14                   leal  0x14(%esp), %eax
83 ec 04                      sub $0x4, %esp
50                            pushl  %eax
e8 78 06 03 00                calll  0x8080100
89 e5                         mov %esp, %ebp
53                            pushl  %ebx
e8 75 86 fc ff                calll  0x8048780
8b 1c 24                      movl  (%esp), %ebx
int
8b 54 24 2c                   movl  0x2c(%esp), %edx
c1 e2 02                      shl $0x2, %edx
01 d0                         add %edx, %eax
01 d0                         add %edx, %eax
int
3b 44 24 28                   cmpl  0x28(%esp), %eax
7f b8                         jnle 0x8048a21
e8 11 70 00 00                calll  0x804fa60
e8 1a 8d ff ff                calll  0x8048780
8b 1c 24                      movl  (%esp), %ebx
c3                            retl  
81 c3 9a 95 08 00             add $0x8959a, %ebx
83 ec 08                      sub $0x8, %esp
8d 44 24 14                   leal  0x14(%esp), %eax
83 ec 04                      sub $0x4, %esp
50                            pushl  %eax
e8 78 06 03 00                calll  0x8080100
89 e5                         mov %esp, %ebp
53                            pushl  %ebx
e8 75 86 fc ff                calll  0x8048780
8b 1c 24                      movl  (%esp), %ebx
c3                            retl  
81 c3 f5 8e 05 00             add $0x58ef5, %ebx
81 ec ec 04 00 00             sub $0x4ec, %esp
8b 45 10                      movl  0x10(%ebp), %eax
int
83 44 24 28 01                addl  $0x1, 0x28(%esp)
3b 44 24 28                   cmpl  0x28(%esp), %eax
7f b8                         jnle 0x8048a21
e8 1b 78 00 00                calll  0x8050290
e8 a9 cc ff ff                calll  0x804cf43
8b 3c 24                      movl  (%esp), %edi
c3                            retl  
81 c7 66 8d 08 00             add $0x88d66, %edi
83 ec 1c                      sub $0x1c, %esp
75 3d                         jnz 0x80502f8
74 28                         jz 0x80502f4
74 01                         jz 0x80502dc
74 07                         jz 0x80502e8
73 4c                         jnb 0x8050350
75 27                         jnz 0x805033f
75 1e                         jnz 0x805033f
74 01                         jz 0x8050333
74 07                         jz 0x805033f
c3                            retl  
7c 93                         jl 0x8048a17
int
3b 44 24 28                   cmpl  0x28(%esp), %eax
7f b8                         jnle 0x8048a21
e8 1b 78 00 00                calll  0x8050290
e8 a9 cc ff ff                calll  0x804cf43
8b 3c 24                      movl  (%esp), %edi
c3                            retl  
81 c7 66 8d 08 00             add $0x88d66, %edi
83 ec 1c                      sub $0x1c, %esp
75 3d                         jnz 0x80502f8
74 28                         jz 0x80502f4
74 01                         jz 0x80502dc
74 07                         jz 0x80502e8
73 4c                         jnb 0x8050350
75 27                         jnz 0x805033f
75 1e                         jnz 0x805033f
74 01                         jz 0x8050333
74 07                         jz 0x805033f
c3                            retl  
7c 93                         jl 0x8048a17
int
8b 44 24 20                   movl  0x20(%esp), %eax
50                            pushl  %eax
ff 74 24 1c                   pushl  0x1c(%esp)
ff 74 24 38                   pushl  0x38(%esp)
ff 74 24 3c                   pushl  0x3c(%esp)
8b 5c 24 04                   movl  0x4(%esp), %ebx
