int
8b 44 24 18                   movl  0x18(%esp), %eax
89 04 24                      movl  %eax, (%esp)
8b 45 08                      movl  0x8(%ebp), %eax
89 45 e8                      movl  %eax, -0x18(%ebp)
8b 45 e8                      movl  -0x18(%ebp), %eax
83 c0 01                      add $0x1, %eax
89 04 24                      movl  %eax, (%esp)
8b 74 24 30                   movl  0x30(%esp), %esi
89 f0                         mov %esi, %eax
89 f5                         mov %esi, %ebp
09 c8                         or %ecx, %eax
0f af e9                      imul %ecx, %ebp
3d ff ff 00 00                cmp $0xffff, %eax
76 08                         jbe 0x805cd42
0f 85 d0 01 00 00             jnz 0x805cf20
0f 84 22 02 00 00             jz 0x805cf80
0f 85 34 02 00 00             jnz 0x805cfa0
89 ea                         mov %ebp, %edx
e8 d1 d6 ff ff                calll  0x805a460
55                            pushl  %ebp
int
8b 45 e8                      movl  -0x18(%ebp), %eax
83 c0 01                      add $0x1, %eax
89 04 24                      movl  %eax, (%esp)
8b 74 24 30                   movl  0x30(%esp), %esi
89 f0                         mov %esi, %eax
89 f5                         mov %esi, %ebp
09 c8                         or %ecx, %eax
0f af e9                      imul %ecx, %ebp
3d ff ff 00 00                cmp $0xffff, %eax
76 08                         jbe 0x805cd42
0f 85 d0 01 00 00             jnz 0x805cf20
0f 84 22 02 00 00             jz 0x805cf80
0f 85 34 02 00 00             jnz 0x805cfa0
89 ea                         mov %ebp, %edx
e8 d1 d6 ff ff                calll  0x805a460
55                            pushl  %ebp
8d 4a 13                      leal  0x13(%edx), %ecx
56                            pushl  %esi
e8 ca ee fe ff                calll  0x8049336
8b 2c 24                      movl  (%esp), %ebp
int
3b 45 f4                      cmpl  -0xc(%ebp), %eax
0f 8f 7a ff ff ff             jnle 0x80488b9
eb 45                         jmp 0x804890f
7c b3                         jl 0x80488ca
0f 8f 7a ff ff ff             jnle 0x80488b9
eb 45                         jmp 0x804890f
7c b3                         jl 0x80488ca
7c b3                         jl 0x80488ca
0f 8f 7a ff ff ff             jnle 0x80488b9
eb 45                         jmp 0x804890f
7c b3                         jl 0x80488ca
7c b3                         jl 0x80488ca
7c b3                         jl 0x80488ca
0f 8f 7a ff ff ff             jnle 0x80488b9
eb 45                         jmp 0x804890f
7c b3                         jl 0x80488ca
7c b3                         jl 0x80488ca
7c b3                         jl 0x80488ca
7c b3                         jl 0x80488ca
0f 8f 7a ff ff ff             jnle 0x80488b9
int
3b 45 f4                      cmpl  -0xc(%ebp), %eax
7c b3                         jl 0x80488ca
0f 8f 7a ff ff ff             jnle 0x80488b9
eb 45                         jmp 0x804890f
7c b3                         jl 0x80488ca
7c b3                         jl 0x80488ca
0f 8f 7a ff ff ff             jnle 0x80488b9
eb 45                         jmp 0x804890f
7c b3                         jl 0x80488ca
7c b3                         jl 0x80488ca
7c b3                         jl 0x80488ca
0f 8f 7a ff ff ff             jnle 0x80488b9
eb 45                         jmp 0x804890f
7c b3                         jl 0x80488ca
7c b3                         jl 0x80488ca
7c b3                         jl 0x80488ca
7c b3                         jl 0x80488ca
0f 8f 7a ff ff ff             jnle 0x80488b9
eb 45                         jmp 0x804890f
7c b3                         jl 0x80488ca
int
83 45 f4 01                   addl  $0x1, -0xc(%ebp)
3b 45 f4                      cmpl  -0xc(%ebp), %eax
0f 8f 7a ff ff ff             jnle 0x80488b9
eb 45                         jmp 0x804890f
3b 45 f4                      cmpl  -0xc(%ebp), %eax
7c b3                         jl 0x80488ca
3b 45 f4                      cmpl  -0xc(%ebp), %eax
7c b3                         jl 0x80488ca
8b 45 f4                      movl  -0xc(%ebp), %eax
83 45 f4 01                   addl  $0x1, -0xc(%ebp)
3b 45 f4                      cmpl  -0xc(%ebp), %eax
0f 8f 7a ff ff ff             jnle 0x80488b9
eb 45                         jmp 0x804890f
3b 45 f4                      cmpl  -0xc(%ebp), %eax
7c b3                         jl 0x80488ca
3b 45 f4                      cmpl  -0xc(%ebp), %eax
7c b3                         jl 0x80488ca
3b 45 f4                      cmpl  -0xc(%ebp), %eax
7c b3                         jl 0x80488ca
8b 45 f4                      movl  -0xc(%ebp), %eax
int
3b 45 f4                      cmpl  -0xc(%ebp), %eax
0f 8f 7a ff ff ff             jnle 0x80488b9
eb 45                         jmp 0x804890f
7c b3                         jl 0x80488ca
7c b3                         jl 0x80488ca
0f 8f 7a ff ff ff             jnle 0x80488b9
eb 45                         jmp 0x804890f
7c b3                         jl 0x80488ca
7c b3                         jl 0x80488ca
7c b3                         jl 0x80488ca
0f 8f 7a ff ff ff             jnle 0x80488b9
eb 45                         jmp 0x804890f
7c b3                         jl 0x80488ca
7c b3                         jl 0x80488ca
7c b3                         jl 0x80488ca
7c b3                         jl 0x80488ca
0f 8f 7a ff ff ff             jnle 0x80488b9
eb 45                         jmp 0x804890f
7c b3                         jl 0x80488ca
7c b3                         jl 0x80488ca
int
3b 45 f4                      cmpl  -0xc(%ebp), %eax
7c b3                         jl 0x80488ca
7c b3                         jl 0x80488ca
0f 8f 7a ff ff ff             jnle 0x80488b9
eb 45                         jmp 0x804890f
7c b3                         jl 0x80488ca
7c b3                         jl 0x80488ca
7c b3                         jl 0x80488ca
0f 8f 7a ff ff ff             jnle 0x80488b9
eb 45                         jmp 0x804890f
7c b3                         jl 0x80488ca
7c b3                         jl 0x80488ca
7c b3                         jl 0x80488ca
7c b3                         jl 0x80488ca
0f 8f 7a ff ff ff             jnle 0x80488b9
eb 45                         jmp 0x804890f
7c b3                         jl 0x80488ca
7c b3                         jl 0x80488ca
7c b3                         jl 0x80488ca
7c b3                         jl 0x80488ca
int
8b 55 ec                      movl  -0x14(%ebp), %edx
01 ca                         add %ecx, %edx
89 10                         movl  %edx, (%eax)
01 d0                         add %edx, %eax
01 d0                         add %edx, %eax
8b 00                         movl  (%eax), %eax
89 45 e0                      movl  %eax, -0x20(%ebp)
01 d0                         add %edx, %eax
8b 0a                         movl  (%edx), %ecx
01 ca                         add %ecx, %edx
89 10                         movl  %edx, (%eax)
8b 45 e0                      movl  -0x20(%ebp), %eax
89 45 ec                      movl  %eax, -0x14(%ebp)
01 d0                         add %edx, %eax
01 d0                         add %edx, %eax
01 ca                         add %ecx, %edx
8b 55 ec                      movl  -0x14(%ebp), %edx
01 ca                         add %ecx, %edx
89 10                         movl  %edx, (%eax)
01 d0                         add %edx, %eax
int
3b 45 f4                      cmpl  -0xc(%ebp), %eax
7c b3                         jl 0x80488ca
0f 8f 7a ff ff ff             jnle 0x80488b9
eb 45                         jmp 0x804890f
7c b3                         jl 0x80488ca
7c b3                         jl 0x80488ca
7c b3                         jl 0x80488ca
0f 8f 7a ff ff ff             jnle 0x80488b9
eb 45                         jmp 0x804890f
7c b3                         jl 0x80488ca
7c b3                         jl 0x80488ca
7c b3                         jl 0x80488ca
7c b3                         jl 0x80488ca
0f 8f 7a ff ff ff             jnle 0x80488b9
eb 45                         jmp 0x804890f
7c b3                         jl 0x80488ca
7c b3                         jl 0x80488ca
7c b3                         jl 0x80488ca
7c b3                         jl 0x80488ca
7c b3                         jl 0x80488ca
int
83 45 f4 01                   addl  $0x1, -0xc(%ebp)
3b 45 f4                      cmpl  -0xc(%ebp), %eax
0f 8f 7a ff ff ff             jnle 0x80488b9
eb 45                         jmp 0x804890f
3b 45 f4                      cmpl  -0xc(%ebp), %eax
7c b3                         jl 0x80488ca
3b 45 f4                      cmpl  -0xc(%ebp), %eax
7c b3                         jl 0x80488ca
3b 45 f4                      cmpl  -0xc(%ebp), %eax
7c b3                         jl 0x80488ca
8b 45 f4                      movl  -0xc(%ebp), %eax
83 45 f4 01                   addl  $0x1, -0xc(%ebp)
3b 45 f4                      cmpl  -0xc(%ebp), %eax
0f 8f 7a ff ff ff             jnle 0x80488b9
eb 45                         jmp 0x804890f
3b 45 f4                      cmpl  -0xc(%ebp), %eax
7c b3                         jl 0x80488ca
3b 45 f4                      cmpl  -0xc(%ebp), %eax
7c b3                         jl 0x80488ca
3b 45 f4                      cmpl  -0xc(%ebp), %eax
int
3b 45 f4                      cmpl  -0xc(%ebp), %eax
0f 8f 7a ff ff ff             jnle 0x80488b9
eb 45                         jmp 0x804890f
7c b3                         jl 0x80488ca
7c b3                         jl 0x80488ca
7c b3                         jl 0x80488ca
0f 8f 7a ff ff ff             jnle 0x80488b9
eb 45                         jmp 0x804890f
7c b3                         jl 0x80488ca
7c b3                         jl 0x80488ca
7c b3                         jl 0x80488ca
7c b3                         jl 0x80488ca
0f 8f 7a ff ff ff             jnle 0x80488b9
eb 45                         jmp 0x804890f
7c b3                         jl 0x80488ca
7c b3                         jl 0x80488ca
7c b3                         jl 0x80488ca
7c b3                         jl 0x80488ca
7c b3                         jl 0x80488ca
0f 8f 7a ff ff ff             jnle 0x80488b9
int
3b 45 f4                      cmpl  -0xc(%ebp), %eax
7c b3                         jl 0x80488ca
7c b3                         jl 0x80488ca
7c b3                         jl 0x80488ca
0f 8f 7a ff ff ff             jnle 0x80488b9
eb 45                         jmp 0x804890f
7c b3                         jl 0x80488ca
7c b3                         jl 0x80488ca
7c b3                         jl 0x80488ca
7c b3                         jl 0x80488ca
0f 8f 7a ff ff ff             jnle 0x80488b9
eb 45                         jmp 0x804890f
7c b3                         jl 0x80488ca
7c b3                         jl 0x80488ca
7c b3                         jl 0x80488ca
7c b3                         jl 0x80488ca
7c b3                         jl 0x80488ca
0f 8f 7a ff ff ff             jnle 0x80488b9
int
8b 55 ec                      movl  -0x14(%ebp), %edx
01 ca                         add %ecx, %edx
89 10                         movl  %edx, (%eax)
01 d0                         add %edx, %eax
01 d0                         add %edx, %eax
8b 00                         movl  (%eax), %eax
89 45 e0                      movl  %eax, -0x20(%ebp)
8b 0a                         movl  (%edx), %ecx
01 ca                         add %ecx, %edx
89 10                         movl  %edx, (%eax)
8b 45 e0                      movl  -0x20(%ebp), %eax
89 45 ec                      movl  %eax, -0x14(%ebp)
01 d0                         add %edx, %eax
01 d0                         add %edx, %eax
01 ca                         add %ecx, %edx
8b 55 ec                      movl  -0x14(%ebp), %edx
01 ca                         add %ecx, %edx
89 10                         movl  %edx, (%eax)
01 d0                         add %edx, %eax
01 d0                         add %edx, %eax
int
8b 45 e0                      movl  -0x20(%ebp), %eax
89 45 ec                      movl  %eax, -0x14(%ebp)
8b 55 ec                      movl  -0x14(%ebp), %edx
01 ca                         add %ecx, %edx
89 10                         movl  %edx, (%eax)
01 d0                         add %edx, %eax
01 d0                         add %edx, %eax
01 d0                         add %edx, %eax
8b 00                         movl  (%eax), %eax
89 45 e0                      movl  %eax, -0x20(%ebp)
8b 0a                         movl  (%edx), %ecx
01 ca                         add %ecx, %edx
89 10                         movl  %edx, (%eax)
8b 45 e0                      movl  -0x20(%ebp), %eax
89 45 ec                      movl  %eax, -0x14(%ebp)
01 d0                         add %edx, %eax
01 d0                         add %edx, %eax
01 ca                         add %ecx, %edx
8b 55 ec                      movl  -0x14(%ebp), %edx
01 ca                         add %ecx, %edx
int
83 45 f0 01                   addl  $0x1, -0x10(%ebp)
8b 45 f0                      movl  -0x10(%ebp), %eax
8b 45 f0                      movl  -0x10(%ebp), %eax
8b 45 f0                      movl  -0x10(%ebp), %eax
8b 55 f0                      movl  -0x10(%ebp), %edx
83 45 f0 01                   addl  $0x1, -0x10(%ebp)
8b 45 f0                      movl  -0x10(%ebp), %eax
int
3b 45 f4                      cmpl  -0xc(%ebp), %eax
7c b3                         jl 0x80488ca
7c b3                         jl 0x80488ca
0f 8f 7a ff ff ff             jnle 0x80488b9
eb 45                         jmp 0x804890f
7c b3                         jl 0x80488ca
7c b3                         jl 0x80488ca
7c b3                         jl 0x80488ca
7c b3                         jl 0x80488ca
0f 8f 7a ff ff ff             jnle 0x80488b9
eb 45                         jmp 0x804890f
7c b3                         jl 0x80488ca
7c b3                         jl 0x80488ca
7c b3                         jl 0x80488ca
7c b3                         jl 0x80488ca
7c b3                         jl 0x80488ca
0f 8f 7a ff ff ff             jnle 0x80488b9
int
8b 55 ec                      movl  -0x14(%ebp), %edx
01 ca                         add %ecx, %edx
89 10                         movl  %edx, (%eax)
01 d0                         add %edx, %eax
01 d0                         add %edx, %eax
01 d0                         add %edx, %eax
8b 00                         movl  (%eax), %eax
89 45 e0                      movl  %eax, -0x20(%ebp)
8b 0a                         movl  (%edx), %ecx
01 ca                         add %ecx, %edx
89 10                         movl  %edx, (%eax)
8b 45 e0                      movl  -0x20(%ebp), %eax
89 45 ec                      movl  %eax, -0x14(%ebp)
01 d0                         add %edx, %eax
01 d0                         add %edx, %eax
01 ca                         add %ecx, %edx
8b 55 ec                      movl  -0x14(%ebp), %edx
01 ca                         add %ecx, %edx
89 10                         movl  %edx, (%eax)
01 d0                         add %edx, %eax
int
3b 45 f4                      cmpl  -0xc(%ebp), %eax
7c b3                         jl 0x80488ca
0f 8f 7a ff ff ff             jnle 0x80488b9
eb 45                         jmp 0x804890f
7c b3                         jl 0x80488ca
7c b3                         jl 0x80488ca
7c b3                         jl 0x80488ca
7c b3                         jl 0x80488ca
0f 8f 7a ff ff ff             jnle 0x80488b9
eb 45                         jmp 0x804890f
7c b3                         jl 0x80488ca
7c b3                         jl 0x80488ca
7c b3                         jl 0x80488ca
7c b3                         jl 0x80488ca
7c b3                         jl 0x80488ca
0f 8f 7a ff ff ff             jnle 0x80488b9
int
83 45 f4 01                   addl  $0x1, -0xc(%ebp)
3b 45 f4                      cmpl  -0xc(%ebp), %eax
0f 8f 7a ff ff ff             jnle 0x80488b9
eb 45                         jmp 0x804890f
3b 45 f4                      cmpl  -0xc(%ebp), %eax
7c b3                         jl 0x80488ca
3b 45 f4                      cmpl  -0xc(%ebp), %eax
7c b3                         jl 0x80488ca
3b 45 f4                      cmpl  -0xc(%ebp), %eax
7c b3                         jl 0x80488ca
3b 45 f4                      cmpl  -0xc(%ebp), %eax
7c b3                         jl 0x80488ca
8b 45 f4                      movl  -0xc(%ebp), %eax
83 45 f4 01                   addl  $0x1, -0xc(%ebp)
3b 45 f4                      cmpl  -0xc(%ebp), %eax
0f 8f 7a ff ff ff             jnle 0x80488b9
eb 45                         jmp 0x804890f
3b 45 f4                      cmpl  -0xc(%ebp), %eax
7c b3                         jl 0x80488ca
3b 45 f4                      cmpl  -0xc(%ebp), %eax
int
3b 45 f4                      cmpl  -0xc(%ebp), %eax
0f 8f 7a ff ff ff             jnle 0x80488b9
eb 45                         jmp 0x804890f
7c b3                         jl 0x80488ca
7c b3                         jl 0x80488ca
7c b3                         jl 0x80488ca
7c b3                         jl 0x80488ca
0f 8f 7a ff ff ff             jnle 0x80488b9
eb 45                         jmp 0x804890f
7c b3                         jl 0x80488ca
7c b3                         jl 0x80488ca
7c b3                         jl 0x80488ca
7c b3                         jl 0x80488ca
7c b3                         jl 0x80488ca
0f 8f 7a ff ff ff             jnle 0x80488b9
int
3b 45 f4                      cmpl  -0xc(%ebp), %eax
7c b3                         jl 0x80488ca
7c b3                         jl 0x80488ca
7c b3                         jl 0x80488ca
7c b3                         jl 0x80488ca
0f 8f 7a ff ff ff             jnle 0x80488b9
eb 45                         jmp 0x804890f
7c b3                         jl 0x80488ca
7c b3                         jl 0x80488ca
7c b3                         jl 0x80488ca
7c b3                         jl 0x80488ca
7c b3                         jl 0x80488ca
0f 8f 7a ff ff ff             jnle 0x80488b9
int
8b 55 ec                      movl  -0x14(%ebp), %edx
01 ca                         add %ecx, %edx
89 10                         movl  %edx, (%eax)
01 d0                         add %edx, %eax
01 d0                         add %edx, %eax
8b 00                         movl  (%eax), %eax
89 45 e0                      movl  %eax, -0x20(%ebp)
8b 0a                         movl  (%edx), %ecx
01 ca                         add %ecx, %edx
89 10                         movl  %edx, (%eax)
8b 45 e0                      movl  -0x20(%ebp), %eax
89 45 ec                      movl  %eax, -0x14(%ebp)
01 d0                         add %edx, %eax
01 d0                         add %edx, %eax
01 ca                         add %ecx, %edx
8b 55 ec                      movl  -0x14(%ebp), %edx
01 ca                         add %ecx, %edx
89 10                         movl  %edx, (%eax)
01 d0                         add %edx, %eax
01 d0                         add %edx, %eax
int
8b 45 e0                      movl  -0x20(%ebp), %eax
89 45 ec                      movl  %eax, -0x14(%ebp)
8b 55 ec                      movl  -0x14(%ebp), %edx
01 ca                         add %ecx, %edx
89 10                         movl  %edx, (%eax)
01 d0                         add %edx, %eax
01 d0                         add %edx, %eax
8b 00                         movl  (%eax), %eax
89 45 e0                      movl  %eax, -0x20(%ebp)
8b 0a                         movl  (%edx), %ecx
01 ca                         add %ecx, %edx
89 10                         movl  %edx, (%eax)
8b 45 e0                      movl  -0x20(%ebp), %eax
89 45 ec                      movl  %eax, -0x14(%ebp)
01 d0                         add %edx, %eax
01 d0                         add %edx, %eax
01 ca                         add %ecx, %edx
8b 55 ec                      movl  -0x14(%ebp), %edx
01 ca                         add %ecx, %edx
89 10                         movl  %edx, (%eax)
int
83 45 f0 01                   addl  $0x1, -0x10(%ebp)
8b 45 f0                      movl  -0x10(%ebp), %eax
8b 45 f0                      movl  -0x10(%ebp), %eax
8b 45 f0                      movl  -0x10(%ebp), %eax
8b 55 f0                      movl  -0x10(%ebp), %edx
83 45 f0 01                   addl  $0x1, -0x10(%ebp)
8b 45 f0                      movl  -0x10(%ebp), %eax
8b 45 f0                      movl  -0x10(%ebp), %eax
8b 45 f0                      movl  -0x10(%ebp), %eax
8b 55 f0                      movl  -0x10(%ebp), %edx
83 45 f0 01                   addl  $0x1, -0x10(%ebp)
8b 45 f0                      movl  -0x10(%ebp), %eax
int
3b 45 f4                      cmpl  -0xc(%ebp), %eax
7c b3                         jl 0x80488ca
7c b3                         jl 0x80488ca
7c b3                         jl 0x80488ca
0f 8f 7a ff ff ff             jnle 0x80488b9
eb 45                         jmp 0x804890f
7c b3                         jl 0x80488ca
7c b3                         jl 0x80488ca
7c b3                         jl 0x80488ca
7c b3                         jl 0x80488ca
7c b3                         jl 0x80488ca
0f 8f 7a ff ff ff             jnle 0x80488b9
int
8b 55 ec                      movl  -0x14(%ebp), %edx
01 ca                         add %ecx, %edx
89 10                         movl  %edx, (%eax)
01 d0                         add %edx, %eax
01 d0                         add %edx, %eax
8b 00                         movl  (%eax), %eax
89 45 e0                      movl  %eax, -0x20(%ebp)
8b 0a                         movl  (%edx), %ecx
01 ca                         add %ecx, %edx
89 10                         movl  %edx, (%eax)
8b 45 e0                      movl  -0x20(%ebp), %eax
89 45 ec                      movl  %eax, -0x14(%ebp)
01 d0                         add %edx, %eax
01 d0                         add %edx, %eax
01 ca                         add %ecx, %edx
8b 55 ec                      movl  -0x14(%ebp), %edx
01 ca                         add %ecx, %edx
89 10                         movl  %edx, (%eax)
01 d0                         add %edx, %eax
01 d0                         add %edx, %eax
int
8b 45 e0                      movl  -0x20(%ebp), %eax
89 45 ec                      movl  %eax, -0x14(%ebp)
8b 55 ec                      movl  -0x14(%ebp), %edx
01 ca                         add %ecx, %edx
89 10                         movl  %edx, (%eax)
01 d0                         add %edx, %eax
01 d0                         add %edx, %eax
01 d0                         add %edx, %eax
8b 00                         movl  (%eax), %eax
89 45 e0                      movl  %eax, -0x20(%ebp)
8b 0a                         movl  (%edx), %ecx
01 ca                         add %ecx, %edx
89 10                         movl  %edx, (%eax)
8b 45 e0                      movl  -0x20(%ebp), %eax
89 45 ec                      movl  %eax, -0x14(%ebp)
01 d0                         add %edx, %eax
01 d0                         add %edx, %eax
01 ca                         add %ecx, %edx
8b 55 ec                      movl  -0x14(%ebp), %edx
01 ca                         add %ecx, %edx
int
83 45 f0 01                   addl  $0x1, -0x10(%ebp)
8b 45 f0                      movl  -0x10(%ebp), %eax
8b 45 f0                      movl  -0x10(%ebp), %eax
8b 45 f0                      movl  -0x10(%ebp), %eax
8b 55 f0                      movl  -0x10(%ebp), %edx
83 45 f0 01                   addl  $0x1, -0x10(%ebp)
8b 45 f0                      movl  -0x10(%ebp), %eax
int
3b 45 f4                      cmpl  -0xc(%ebp), %eax
7c b3                         jl 0x80488ca
7c b3                         jl 0x80488ca
0f 8f 7a ff ff ff             jnle 0x80488b9
eb 45                         jmp 0x804890f
7c b3                         jl 0x80488ca
7c b3                         jl 0x80488ca
7c b3                         jl 0x80488ca
7c b3                         jl 0x80488ca
7c b3                         jl 0x80488ca
0f 8f 7a ff ff ff             jnle 0x80488b9
int
8b 55 ec                      movl  -0x14(%ebp), %edx
01 ca                         add %ecx, %edx
89 10                         movl  %edx, (%eax)
01 d0                         add %edx, %eax
01 d0                         add %edx, %eax
01 d0                         add %edx, %eax
8b 00                         movl  (%eax), %eax
89 45 e0                      movl  %eax, -0x20(%ebp)
8b 0a                         movl  (%edx), %ecx
01 ca                         add %ecx, %edx
89 10                         movl  %edx, (%eax)
8b 45 e0                      movl  -0x20(%ebp), %eax
89 45 ec                      movl  %eax, -0x14(%ebp)
01 d0                         add %edx, %eax
01 d0                         add %edx, %eax
01 ca                         add %ecx, %edx
8b 55 ec                      movl  -0x14(%ebp), %edx
01 ca                         add %ecx, %edx
89 10                         movl  %edx, (%eax)
01 d0                         add %edx, %eax
int
3b 45 f4                      cmpl  -0xc(%ebp), %eax
7c b3                         jl 0x80488ca
0f 8f 7a ff ff ff             jnle 0x80488b9
eb 45                         jmp 0x804890f
7c b3                         jl 0x80488ca
7c b3                         jl 0x80488ca
7c b3                         jl 0x80488ca
7c b3                         jl 0x80488ca
7c b3                         jl 0x80488ca
0f 8f 7a ff ff ff             jnle 0x80488b9
int
83 45 f4 01                   addl  $0x1, -0xc(%ebp)
3b 45 f4                      cmpl  -0xc(%ebp), %eax
0f 8f 7a ff ff ff             jnle 0x80488b9
eb 45                         jmp 0x804890f
3b 45 f4                      cmpl  -0xc(%ebp), %eax
7c b3                         jl 0x80488ca
3b 45 f4                      cmpl  -0xc(%ebp), %eax
7c b3                         jl 0x80488ca
3b 45 f4                      cmpl  -0xc(%ebp), %eax
7c b3                         jl 0x80488ca
3b 45 f4                      cmpl  -0xc(%ebp), %eax
7c b3                         jl 0x80488ca
3b 45 f4                      cmpl  -0xc(%ebp), %eax
7c b3                         jl 0x80488ca
8b 45 f4                      movl  -0xc(%ebp), %eax
83 45 f4 01                   addl  $0x1, -0xc(%ebp)
3b 45 f4                      cmpl  -0xc(%ebp), %eax
0f 8f 7a ff ff ff             jnle 0x80488b9
int
3b 45 f4                      cmpl  -0xc(%ebp), %eax
0f 8f 7a ff ff ff             jnle 0x80488b9
eb 45                         jmp 0x804890f
7c b3                         jl 0x80488ca
7c b3                         jl 0x80488ca
7c b3                         jl 0x80488ca
7c b3                         jl 0x80488ca
7c b3                         jl 0x80488ca
0f 8f 7a ff ff ff             jnle 0x80488b9
int
3b 45 f4                      cmpl  -0xc(%ebp), %eax
7c b3                         jl 0x80488ca
7c b3                         jl 0x80488ca
7c b3                         jl 0x80488ca
7c b3                         jl 0x80488ca
7c b3                         jl 0x80488ca
0f 8f 7a ff ff ff             jnle 0x80488b9
int
8b 55 ec                      movl  -0x14(%ebp), %edx
01 ca                         add %ecx, %edx
89 10                         movl  %edx, (%eax)
01 d0                         add %edx, %eax
01 d0                         add %edx, %eax
8b 00                         movl  (%eax), %eax
89 44 24 04                   movl  %eax, 0x4(%esp)
8b 00                         movl  (%eax), %eax
99                            cdq 
89 c6                         mov %eax, %esi
31 d0                         xor %edx, %eax
c1 ee 1f                      shr $0x1f, %esi
29 d0                         sub %edx, %eax
89 b5 5c fb ff ff             movl  %esi, -0x4a4(%ebp)
89 85 20 fb ff ff             movl  %eax, -0x4e0(%ebp)
50                            pushl  %eax
8b 4c 24 10                   movl  0x10(%esp), %ecx
89 c8                         mov %ecx, %eax
01 c0                         add %eax, %eax
29 c1                         sub %eax, %ecx
int
8b 45 e0                      movl  -0x20(%ebp), %eax
89 45 ec                      movl  %eax, -0x14(%ebp)
8b 55 ec                      movl  -0x14(%ebp), %edx
01 ca                         add %ecx, %edx
89 10                         movl  %edx, (%eax)
01 d0                         add %edx, %eax
01 d0                         add %edx, %eax
8b 00                         movl  (%eax), %eax
89 44 24 04                   movl  %eax, 0x4(%esp)
8b 00                         movl  (%eax), %eax
99                            cdq 
89 c6                         mov %eax, %esi
31 d0                         xor %edx, %eax
c1 ee 1f                      shr $0x1f, %esi
29 d0                         sub %edx, %eax
89 b5 5c fb ff ff             movl  %esi, -0x4a4(%ebp)
89 85 20 fb ff ff             movl  %eax, -0x4e0(%ebp)
50                            pushl  %eax
8b 4c 24 10                   movl  0x10(%esp), %ecx
89 c8                         mov %ecx, %eax
int
83 45 f0 01                   addl  $0x1, -0x10(%ebp)
8b 45 f0                      movl  -0x10(%ebp), %eax
8b 45 f0                      movl  -0x10(%ebp), %eax
8b 45 f0                      movl  -0x10(%ebp), %eax
8b 55 f0                      movl  -0x10(%ebp), %edx
83 45 f0 01                   addl  $0x1, -0x10(%ebp)
8b 45 f0                      movl  -0x10(%ebp), %eax
8b 45 f0                      movl  -0x10(%ebp), %eax
8b 45 f0                      movl  -0x10(%ebp), %eax
8b 55 f0                      movl  -0x10(%ebp), %edx
83 45 f0 01                   addl  $0x1, -0x10(%ebp)
8b 45 f0                      movl  -0x10(%ebp), %eax
8b 45 f0                      movl  -0x10(%ebp), %eax
8b 45 f0                      movl  -0x10(%ebp), %eax
8b 55 f0                      movl  -0x10(%ebp), %edx
83 45 f0 01                   addl  $0x1, -0x10(%ebp)
8b 45 f0                      movl  -0x10(%ebp), %eax
int
3b 45 f4                      cmpl  -0xc(%ebp), %eax
7c b3                         jl 0x80488ca
7c b3                         jl 0x80488ca
7c b3                         jl 0x80488ca
7c b3                         jl 0x80488ca
0f 8f 7a ff ff ff             jnle 0x80488b9
int
8b 55 ec                      movl  -0x14(%ebp), %edx
01 ca                         add %ecx, %edx
89 10                         movl  %edx, (%eax)
01 d0                         add %edx, %eax
01 d0                         add %edx, %eax
8b 00                         movl  (%eax), %eax
89 44 24 04                   movl  %eax, 0x4(%esp)
8b 00                         movl  (%eax), %eax
99                            cdq 
89 c6                         mov %eax, %esi
31 d0                         xor %edx, %eax
c1 ee 1f                      shr $0x1f, %esi
29 d0                         sub %edx, %eax
89 b5 5c fb ff ff             movl  %esi, -0x4a4(%ebp)
89 85 20 fb ff ff             movl  %eax, -0x4e0(%ebp)
50                            pushl  %eax
8b 4c 24 10                   movl  0x10(%esp), %ecx
89 c8                         mov %ecx, %eax
01 c0                         add %eax, %eax
29 c1                         sub %eax, %ecx
int
8b 45 e0                      movl  -0x20(%ebp), %eax
89 45 ec                      movl  %eax, -0x14(%ebp)
8b 55 ec                      movl  -0x14(%ebp), %edx
01 ca                         add %ecx, %edx
89 10                         movl  %edx, (%eax)
01 d0                         add %edx, %eax
01 d0                         add %edx, %eax
8b 00                         movl  (%eax), %eax
89 44 24 04                   movl  %eax, 0x4(%esp)
8b 00                         movl  (%eax), %eax
99                            cdq 
89 c6                         mov %eax, %esi
31 d0                         xor %edx, %eax
c1 ee 1f                      shr $0x1f, %esi
29 d0                         sub %edx, %eax
89 b5 5c fb ff ff             movl  %esi, -0x4a4(%ebp)
89 85 20 fb ff ff             movl  %eax, -0x4e0(%ebp)
50                            pushl  %eax
8b 4c 24 10                   movl  0x10(%esp), %ecx
89 c8                         mov %ecx, %eax
int
83 45 f0 01                   addl  $0x1, -0x10(%ebp)
8b 45 f0                      movl  -0x10(%ebp), %eax
8b 45 f0                      movl  -0x10(%ebp), %eax
8b 45 f0                      movl  -0x10(%ebp), %eax
8b 55 f0                      movl  -0x10(%ebp), %edx
83 45 f0 01                   addl  $0x1, -0x10(%ebp)
8b 45 f0                      movl  -0x10(%ebp), %eax
8b 45 f0                      movl  -0x10(%ebp), %eax
8b 45 f0                      movl  -0x10(%ebp), %eax
8b 55 f0                      movl  -0x10(%ebp), %edx
83 45 f0 01                   addl  $0x1, -0x10(%ebp)
8b 45 f0                      movl  -0x10(%ebp), %eax
int
3b 45 f4                      cmpl  -0xc(%ebp), %eax
7c b3                         jl 0x80488ca
7c b3                         jl 0x80488ca
7c b3                         jl 0x80488ca
0f 8f 7a ff ff ff             jnle 0x80488b9
int
8b 55 ec                      movl  -0x14(%ebp), %edx
01 ca                         add %ecx, %edx
89 10                         movl  %edx, (%eax)
01 d0                         add %edx, %eax
01 d0                         add %edx, %eax
8b 00                         movl  (%eax), %eax
89 44 24 04                   movl  %eax, 0x4(%esp)
8b 00                         movl  (%eax), %eax
99                            cdq 
89 c6                         mov %eax, %esi
31 d0                         xor %edx, %eax
c1 ee 1f                      shr $0x1f, %esi
29 d0                         sub %edx, %eax
89 b5 5c fb ff ff             movl  %esi, -0x4a4(%ebp)
89 85 20 fb ff ff             movl  %eax, -0x4e0(%ebp)
50                            pushl  %eax
8b 4c 24 10                   movl  0x10(%esp), %ecx
89 c8                         mov %ecx, %eax
01 c0                         add %eax, %eax
29 c1                         sub %eax, %ecx
int
8b 45 e0                      movl  -0x20(%ebp), %eax
89 45 ec                      movl  %eax, -0x14(%ebp)
8b 55 ec                      movl  -0x14(%ebp), %edx
01 ca                         add %ecx, %edx
89 10                         movl  %edx, (%eax)
01 d0                         add %edx, %eax
01 d0                         add %edx, %eax
8b 00                         movl  (%eax), %eax
89 44 24 04                   movl  %eax, 0x4(%esp)
8b 00                         movl  (%eax), %eax
99                            cdq 
89 c6                         mov %eax, %esi
31 d0                         xor %edx, %eax
c1 ee 1f                      shr $0x1f, %esi
29 d0                         sub %edx, %eax
89 b5 5c fb ff ff             movl  %esi, -0x4a4(%ebp)
89 85 20 fb ff ff             movl  %eax, -0x4e0(%ebp)
50                            pushl  %eax
8b 4c 24 10                   movl  0x10(%esp), %ecx
89 c8                         mov %ecx, %eax
int
83 45 f0 01                   addl  $0x1, -0x10(%ebp)
8b 45 f0                      movl  -0x10(%ebp), %eax
8b 45 f0                      movl  -0x10(%ebp), %eax
8b 45 f0                      movl  -0x10(%ebp), %eax
8b 55 f0                      movl  -0x10(%ebp), %edx
83 45 f0 01                   addl  $0x1, -0x10(%ebp)
8b 45 f0                      movl  -0x10(%ebp), %eax
int
3b 45 f4                      cmpl  -0xc(%ebp), %eax
7c b3                         jl 0x80488ca
7c b3                         jl 0x80488ca
0f 8f 7a ff ff ff             jnle 0x80488b9
int
8b 55 ec                      movl  -0x14(%ebp), %edx
01 ca                         add %ecx, %edx
89 10                         movl  %edx, (%eax)
01 d0                         add %edx, %eax
01 d0                         add %edx, %eax
8b 00                         movl  (%eax), %eax
89 44 24 04                   movl  %eax, 0x4(%esp)
8b 00                         movl  (%eax), %eax
99                            cdq 
89 c6                         mov %eax, %esi
31 d0                         xor %edx, %eax
c1 ee 1f                      shr $0x1f, %esi
29 d0                         sub %edx, %eax
89 b5 5c fb ff ff             movl  %esi, -0x4a4(%ebp)
89 85 20 fb ff ff             movl  %eax, -0x4e0(%ebp)
50                            pushl  %eax
8b 4c 24 10                   movl  0x10(%esp), %ecx
89 c8                         mov %ecx, %eax
01 c0                         add %eax, %eax
29 c1                         sub %eax, %ecx
upointer
8b 45 e4                      movl  -0x1c(%ebp), %eax
89 44 24 14                   movl  %eax, 0x14(%esp)
8b 44 24 14                   movl  0x14(%esp), %eax
01 d0                         add %edx, %eax
8b 44 24 14                   movl  0x14(%esp), %eax
01 d0                         add %edx, %eax
8b 44 24 14                   movl  0x14(%esp), %eax
01 d0                         add %edx, %eax
8b 44 24 14                   movl  0x14(%esp), %eax
01 d0                         add %edx, %eax
8b 44 24 14                   movl  0x14(%esp), %eax
01 d0                         add %edx, %eax
8b 44 24 14                   movl  0x14(%esp), %eax
01 d0                         add %edx, %eax
int
3b 44 24 1c                   cmpl  0x1c(%esp), %eax
7f cb                         jnle 0x804896f
e8 fe 6f 00 00                calll  0x804f990
e8 ea 8d ff ff                calll  0x8048780
8b 1c 24                      movl  (%esp), %ebx
c3                            retl  
81 c3 6a 96 08 00             add $0x8966a, %ebx
83 ec 08                      sub $0x8, %esp
8d 44 24 14                   leal  0x14(%esp), %eax
83 ec 04                      sub $0x4, %esp
50                            pushl  %eax
e8 78 06 03 00                calll  0x8080030
89 e5                         mov %esp, %ebp
53                            pushl  %ebx
e8 45 87 fc ff                calll  0x8048780
8b 1c 24                      movl  (%esp), %ebx
c3                            retl  
81 c3 c5 8f 05 00             add $0x58fc5, %ebx
81 ec ec 04 00 00             sub $0x4ec, %esp
8b 45 10                      movl  0x10(%ebp), %eax
int
83 44 24 1c 01                addl  $0x1, 0x1c(%esp)
3b 44 24 1c                   cmpl  0x1c(%esp), %eax
7f cb                         jnle 0x804896f
8b 44 24 1c                   movl  0x1c(%esp), %eax
e8 fe 6f 00 00                calll  0x804f990
e8 ea 8d ff ff                calll  0x8048780
8b 1c 24                      movl  (%esp), %ebx
c3                            retl  
81 c3 6a 96 08 00             add $0x8966a, %ebx
83 ec 08                      sub $0x8, %esp
8d 44 24 14                   leal  0x14(%esp), %eax
83 ec 04                      sub $0x4, %esp
50                            pushl  %eax
e8 78 06 03 00                calll  0x8080030
89 e5                         mov %esp, %ebp
53                            pushl  %ebx
e8 45 87 fc ff                calll  0x8048780
8b 1c 24                      movl  (%esp), %ebx
c3                            retl  
81 c3 c5 8f 05 00             add $0x58fc5, %ebx
int
3b 44 24 1c                   cmpl  0x1c(%esp), %eax
7f cb                         jnle 0x804896f
e8 fe 6f 00 00                calll  0x804f990
e8 ea 8d ff ff                calll  0x8048780
8b 1c 24                      movl  (%esp), %ebx
c3                            retl  
81 c3 6a 96 08 00             add $0x8966a, %ebx
83 ec 08                      sub $0x8, %esp
8d 44 24 14                   leal  0x14(%esp), %eax
83 ec 04                      sub $0x4, %esp
50                            pushl  %eax
e8 78 06 03 00                calll  0x8080030
89 e5                         mov %esp, %ebp
53                            pushl  %ebx
e8 45 87 fc ff                calll  0x8048780
8b 1c 24                      movl  (%esp), %ebx
c3                            retl  
81 c3 c5 8f 05 00             add $0x58fc5, %ebx
81 ec ec 04 00 00             sub $0x4ec, %esp
8b 45 10                      movl  0x10(%ebp), %eax
int
83 44 24 1c 01                addl  $0x1, 0x1c(%esp)
3b 44 24 1c                   cmpl  0x1c(%esp), %eax
7f cb                         jnle 0x804896f
8b 44 24 1c                   movl  0x1c(%esp), %eax
e8 fe 6f 00 00                calll  0x804f990
e8 ea 8d ff ff                calll  0x8048780
8b 1c 24                      movl  (%esp), %ebx
c3                            retl  
81 c3 6a 96 08 00             add $0x8966a, %ebx
83 ec 08                      sub $0x8, %esp
8d 44 24 14                   leal  0x14(%esp), %eax
83 ec 04                      sub $0x4, %esp
50                            pushl  %eax
e8 78 06 03 00                calll  0x8080030
89 e5                         mov %esp, %ebp
53                            pushl  %ebx
e8 45 87 fc ff                calll  0x8048780
8b 1c 24                      movl  (%esp), %ebx
c3                            retl  
81 c3 c5 8f 05 00             add $0x58fc5, %ebx
int
3b 44 24 1c                   cmpl  0x1c(%esp), %eax
7f cb                         jnle 0x804896f
e8 fe 6f 00 00                calll  0x804f990
e8 ea 8d ff ff                calll  0x8048780
8b 1c 24                      movl  (%esp), %ebx
c3                            retl  
81 c3 6a 96 08 00             add $0x8966a, %ebx
83 ec 08                      sub $0x8, %esp
8d 44 24 14                   leal  0x14(%esp), %eax
83 ec 04                      sub $0x4, %esp
50                            pushl  %eax
e8 78 06 03 00                calll  0x8080030
89 e5                         mov %esp, %ebp
53                            pushl  %ebx
e8 45 87 fc ff                calll  0x8048780
8b 1c 24                      movl  (%esp), %ebx
c3                            retl  
81 c3 c5 8f 05 00             add $0x58fc5, %ebx
81 ec ec 04 00 00             sub $0x4ec, %esp
8b 45 10                      movl  0x10(%ebp), %eax
int
83 44 24 1c 01                addl  $0x1, 0x1c(%esp)
3b 44 24 1c                   cmpl  0x1c(%esp), %eax
7f cb                         jnle 0x804896f
8b 44 24 1c                   movl  0x1c(%esp), %eax
e8 fe 6f 00 00                calll  0x804f990
e8 ea 8d ff ff                calll  0x8048780
8b 1c 24                      movl  (%esp), %ebx
c3                            retl  
81 c3 6a 96 08 00             add $0x8966a, %ebx
83 ec 08                      sub $0x8, %esp
8d 44 24 14                   leal  0x14(%esp), %eax
83 ec 04                      sub $0x4, %esp
50                            pushl  %eax
e8 78 06 03 00                calll  0x8080030
89 e5                         mov %esp, %ebp
53                            pushl  %ebx
e8 45 87 fc ff                calll  0x8048780
8b 1c 24                      movl  (%esp), %ebx
c3                            retl  
81 c3 c5 8f 05 00             add $0x58fc5, %ebx
int
3b 44 24 1c                   cmpl  0x1c(%esp), %eax
7f cb                         jnle 0x804896f
e8 fe 6f 00 00                calll  0x804f990
e8 ea 8d ff ff                calll  0x8048780
8b 1c 24                      movl  (%esp), %ebx
c3                            retl  
81 c3 6a 96 08 00             add $0x8966a, %ebx
83 ec 08                      sub $0x8, %esp
8d 44 24 14                   leal  0x14(%esp), %eax
83 ec 04                      sub $0x4, %esp
50                            pushl  %eax
e8 78 06 03 00                calll  0x8080030
89 e5                         mov %esp, %ebp
53                            pushl  %ebx
e8 45 87 fc ff                calll  0x8048780
8b 1c 24                      movl  (%esp), %ebx
c3                            retl  
81 c3 c5 8f 05 00             add $0x58fc5, %ebx
81 ec ec 04 00 00             sub $0x4ec, %esp
8b 45 10                      movl  0x10(%ebp), %eax
int
83 44 24 1c 01                addl  $0x1, 0x1c(%esp)
3b 44 24 1c                   cmpl  0x1c(%esp), %eax
7f cb                         jnle 0x804896f
8b 44 24 1c                   movl  0x1c(%esp), %eax
e8 fe 6f 00 00                calll  0x804f990
e8 ea 8d ff ff                calll  0x8048780
8b 1c 24                      movl  (%esp), %ebx
c3                            retl  
81 c3 6a 96 08 00             add $0x8966a, %ebx
83 ec 08                      sub $0x8, %esp
8d 44 24 14                   leal  0x14(%esp), %eax
83 ec 04                      sub $0x4, %esp
50                            pushl  %eax
e8 78 06 03 00                calll  0x8080030
89 e5                         mov %esp, %ebp
53                            pushl  %ebx
e8 45 87 fc ff                calll  0x8048780
8b 1c 24                      movl  (%esp), %ebx
c3                            retl  
81 c3 c5 8f 05 00             add $0x58fc5, %ebx
int
3b 44 24 1c                   cmpl  0x1c(%esp), %eax
7f cb                         jnle 0x804896f
e8 fe 6f 00 00                calll  0x804f990
e8 ea 8d ff ff                calll  0x8048780
8b 1c 24                      movl  (%esp), %ebx
c3                            retl  
81 c3 6a 96 08 00             add $0x8966a, %ebx
83 ec 08                      sub $0x8, %esp
8d 44 24 14                   leal  0x14(%esp), %eax
83 ec 04                      sub $0x4, %esp
50                            pushl  %eax
e8 78 06 03 00                calll  0x8080030
89 e5                         mov %esp, %ebp
53                            pushl  %ebx
e8 45 87 fc ff                calll  0x8048780
8b 1c 24                      movl  (%esp), %ebx
c3                            retl  
81 c3 c5 8f 05 00             add $0x58fc5, %ebx
81 ec ec 04 00 00             sub $0x4ec, %esp
8b 45 10                      movl  0x10(%ebp), %eax
int
83 44 24 1c 01                addl  $0x1, 0x1c(%esp)
3b 44 24 1c                   cmpl  0x1c(%esp), %eax
7f cb                         jnle 0x804896f
8b 44 24 1c                   movl  0x1c(%esp), %eax
e8 fe 6f 00 00                calll  0x804f990
e8 ea 8d ff ff                calll  0x8048780
8b 1c 24                      movl  (%esp), %ebx
c3                            retl  
81 c3 6a 96 08 00             add $0x8966a, %ebx
83 ec 08                      sub $0x8, %esp
8d 44 24 14                   leal  0x14(%esp), %eax
83 ec 04                      sub $0x4, %esp
50                            pushl  %eax
e8 78 06 03 00                calll  0x8080030
89 e5                         mov %esp, %ebp
53                            pushl  %ebx
e8 45 87 fc ff                calll  0x8048780
8b 1c 24                      movl  (%esp), %ebx
c3                            retl  
81 c3 c5 8f 05 00             add $0x58fc5, %ebx
int
3b 44 24 1c                   cmpl  0x1c(%esp), %eax
7f cb                         jnle 0x804896f
e8 fe 6f 00 00                calll  0x804f990
e8 ea 8d ff ff                calll  0x8048780
8b 1c 24                      movl  (%esp), %ebx
c3                            retl  
81 c3 6a 96 08 00             add $0x8966a, %ebx
83 ec 08                      sub $0x8, %esp
8d 44 24 14                   leal  0x14(%esp), %eax
83 ec 04                      sub $0x4, %esp
50                            pushl  %eax
e8 78 06 03 00                calll  0x8080030
89 e5                         mov %esp, %ebp
53                            pushl  %ebx
e8 45 87 fc ff                calll  0x8048780
8b 1c 24                      movl  (%esp), %ebx
c3                            retl  
81 c3 c5 8f 05 00             add $0x58fc5, %ebx
81 ec ec 04 00 00             sub $0x4ec, %esp
8b 45 10                      movl  0x10(%ebp), %eax
int
83 44 24 1c 01                addl  $0x1, 0x1c(%esp)
3b 44 24 1c                   cmpl  0x1c(%esp), %eax
7f cb                         jnle 0x804896f
e8 10 78 00 00                calll  0x80501c0
e8 a9 cc ff ff                calll  0x804ce73
8b 3c 24                      movl  (%esp), %edi
c3                            retl  
81 c7 36 8e 08 00             add $0x88e36, %edi
83 ec 1c                      sub $0x1c, %esp
75 3d                         jnz 0x8050228
74 28                         jz 0x8050224
74 01                         jz 0x805020c
74 07                         jz 0x8050218
73 4c                         jnb 0x8050280
75 27                         jnz 0x805026f
75 1e                         jnz 0x805026f
74 01                         jz 0x8050263
74 07                         jz 0x805026f
c3                            retl  
int
3b 44 24 1c                   cmpl  0x1c(%esp), %eax
7f cb                         jnle 0x804896f
e8 10 78 00 00                calll  0x80501c0
e8 a9 cc ff ff                calll  0x804ce73
8b 3c 24                      movl  (%esp), %edi
c3                            retl  
81 c7 36 8e 08 00             add $0x88e36, %edi
83 ec 1c                      sub $0x1c, %esp
75 3d                         jnz 0x8050228
74 28                         jz 0x8050224
74 01                         jz 0x805020c
74 07                         jz 0x8050218
73 4c                         jnb 0x8050280
75 27                         jnz 0x805026f
75 1e                         jnz 0x805026f
74 01                         jz 0x8050263
74 07                         jz 0x805026f
c3                            retl  
