int
8b 44 24 1c                   movl  0x1c(%esp), %eax
89 04 24                      movl  %eax, (%esp)
83 7d 08 00                   cmpl  $0x0, 0x8(%ebp)
0f 8f 2b fe ff ff             jnle 0x804889d
eb 16                         jmp 0x80488b5
81 7d 08 e7 03 00 00          cmpl  $0x3e7, 0x8(%ebp)
7f e1                         jnle 0x804889f
81 6d 08 e8 03 00 00          subl  $0x3e8, 0x8(%ebp)
81 7d 08 e7 03 00 00          cmpl  $0x3e7, 0x8(%ebp)
7f e1                         jnle 0x804889f
81 6d 08 e8 03 00 00          subl  $0x3e8, 0x8(%ebp)
81 7d 08 e7 03 00 00          cmpl  $0x3e7, 0x8(%ebp)
7f e1                         jnle 0x804889f
81 7d 08 83 03 00 00          cmpl  $0x383, 0x8(%ebp)
7e 26                         jle 0x80488ed
eb 16                         jmp 0x8048905
81 7d 08 f3 01 00 00          cmpl  $0x1f3, 0x8(%ebp)
7f e1                         jnle 0x80488ef
81 7d 08 8f 01 00 00          cmpl  $0x18f, 0x8(%ebp)
7e 26                         jle 0x804893d
int
83 45 f4 01                   addl  $0x1, -0xc(%ebp)
8b 55 f4                      movl  -0xc(%ebp), %edx
01 d0                         add %edx, %eax
83 45 f4 01                   addl  $0x1, -0xc(%ebp)
8b 55 f4                      movl  -0xc(%ebp), %edx
01 d0                         add %edx, %eax
83 45 f4 01                   addl  $0x1, -0xc(%ebp)
8b 55 f4                      movl  -0xc(%ebp), %edx
01 d0                         add %edx, %eax
8b 45 f4                      movl  -0xc(%ebp), %eax
8d 50 01                      leal  0x1(%eax), %edx
01 d0                         add %edx, %eax
83 45 f4 02                   addl  $0x2, -0xc(%ebp)
21 c2                         and %eax, %edx
74 24                         jz 0x806b401
29 ca                         sub %ecx, %edx
4a                            dec %edx
73 58                         jnb 0x806b469
31 ca                         xor %ecx, %edx
81 e2 00 01 01 01             and $0x1010100, %edx
int
83 45 f4 01                   addl  $0x1, -0xc(%ebp)
8b 55 f4                      movl  -0xc(%ebp), %edx
01 d0                         add %edx, %eax
83 45 f4 01                   addl  $0x1, -0xc(%ebp)
8b 55 f4                      movl  -0xc(%ebp), %edx
01 d0                         add %edx, %eax
8b 45 f4                      movl  -0xc(%ebp), %eax
8d 50 01                      leal  0x1(%eax), %edx
01 d0                         add %edx, %eax
83 45 f4 02                   addl  $0x2, -0xc(%ebp)
21 c2                         and %eax, %edx
74 24                         jz 0x806b401
29 ca                         sub %ecx, %edx
4a                            dec %edx
73 58                         jnb 0x806b469
31 ca                         xor %ecx, %edx
81 e2 00 01 01 01             and $0x1010100, %edx
75 4e                         jnz 0x806b469
29 ca                         sub %ecx, %edx
4a                            dec %edx
int
83 45 f4 01                   addl  $0x1, -0xc(%ebp)
8b 55 f4                      movl  -0xc(%ebp), %edx
01 d0                         add %edx, %eax
8b 45 f4                      movl  -0xc(%ebp), %eax
8d 50 01                      leal  0x1(%eax), %edx
01 d0                         add %edx, %eax
83 45 f4 02                   addl  $0x2, -0xc(%ebp)
21 c2                         and %eax, %edx
74 24                         jz 0x806b401
29 ca                         sub %ecx, %edx
4a                            dec %edx
73 58                         jnb 0x806b469
31 ca                         xor %ecx, %edx
81 e2 00 01 01 01             and $0x1010100, %edx
75 4e                         jnz 0x806b469
29 ca                         sub %ecx, %edx
4a                            dec %edx
73 3e                         jnb 0x806b469
74 0f                         jz 0x806b486
74 0a                         jz 0x806b486
int
8b 45 f4                      movl  -0xc(%ebp), %eax
8d 50 01                      leal  0x1(%eax), %edx
01 d0                         add %edx, %eax
21 c2                         and %eax, %edx
74 24                         jz 0x806b401
29 ca                         sub %ecx, %edx
4a                            dec %edx
73 58                         jnb 0x806b469
31 ca                         xor %ecx, %edx
81 e2 00 01 01 01             and $0x1010100, %edx
75 4e                         jnz 0x806b469
29 ca                         sub %ecx, %edx
4a                            dec %edx
73 3e                         jnb 0x806b469
74 0f                         jz 0x806b486
74 0a                         jz 0x806b486
upointer
8b 45 f0                      movl  -0x10(%ebp), %eax
89 04 24                      movl  %eax, (%esp)
ff 75 08                      pushl  0x8(%ebp)
8b 44 24 04                   movl  0x4(%esp), %eax
21 c2                         and %eax, %edx
74 24                         jz 0x806b401
83 c0 04                      add $0x4, %eax
29 ca                         sub %ecx, %edx
4a                            dec %edx
73 58                         jnb 0x806b469
31 ca                         xor %ecx, %edx
81 e2 00 01 01 01             and $0x1010100, %edx
75 4e                         jnz 0x806b469
83 c0 04                      add $0x4, %eax
29 ca                         sub %ecx, %edx
4a                            dec %edx
73 3e                         jnb 0x806b469
83 e8 04                      sub $0x4, %eax
74 0f                         jz 0x806b486
40                            inc %eax
int
8b 44 24 18                   movl  0x18(%esp), %eax
89 04 24                      movl  %eax, (%esp)
83 7d 08 00                   cmpl  $0x0, 0x8(%ebp)
0f 8f 2b fe ff ff             jnle 0x804889d
eb 16                         jmp 0x80488b5
81 7d 08 e7 03 00 00          cmpl  $0x3e7, 0x8(%ebp)
7f e1                         jnle 0x804889f
81 6d 08 e8 03 00 00          subl  $0x3e8, 0x8(%ebp)
81 7d 08 e7 03 00 00          cmpl  $0x3e7, 0x8(%ebp)
7f e1                         jnle 0x804889f
81 6d 08 e8 03 00 00          subl  $0x3e8, 0x8(%ebp)
81 7d 08 e7 03 00 00          cmpl  $0x3e7, 0x8(%ebp)
7f e1                         jnle 0x804889f
81 7d 08 83 03 00 00          cmpl  $0x383, 0x8(%ebp)
7e 26                         jle 0x80488ed
eb 16                         jmp 0x8048905
81 7d 08 f3 01 00 00          cmpl  $0x1f3, 0x8(%ebp)
7f e1                         jnle 0x80488ef
81 7d 08 8f 01 00 00          cmpl  $0x18f, 0x8(%ebp)
7e 26                         jle 0x804893d
int
83 45 f4 01                   addl  $0x1, -0xc(%ebp)
8b 55 f4                      movl  -0xc(%ebp), %edx
01 d0                         add %edx, %eax
83 45 f4 01                   addl  $0x1, -0xc(%ebp)
8b 55 f4                      movl  -0xc(%ebp), %edx
01 d0                         add %edx, %eax
83 45 f4 01                   addl  $0x1, -0xc(%ebp)
8b 55 f4                      movl  -0xc(%ebp), %edx
01 d0                         add %edx, %eax
83 45 f4 01                   addl  $0x1, -0xc(%ebp)
21 c2                         and %eax, %edx
74 24                         jz 0x806b401
29 ca                         sub %ecx, %edx
4a                            dec %edx
73 58                         jnb 0x806b469
31 ca                         xor %ecx, %edx
81 e2 00 01 01 01             and $0x1010100, %edx
75 4e                         jnz 0x806b469
29 ca                         sub %ecx, %edx
4a                            dec %edx
int
83 45 f4 01                   addl  $0x1, -0xc(%ebp)
8b 55 f4                      movl  -0xc(%ebp), %edx
01 d0                         add %edx, %eax
83 45 f4 01                   addl  $0x1, -0xc(%ebp)
8b 55 f4                      movl  -0xc(%ebp), %edx
01 d0                         add %edx, %eax
83 45 f4 01                   addl  $0x1, -0xc(%ebp)
21 c2                         and %eax, %edx
74 24                         jz 0x806b401
29 ca                         sub %ecx, %edx
4a                            dec %edx
73 58                         jnb 0x806b469
31 ca                         xor %ecx, %edx
81 e2 00 01 01 01             and $0x1010100, %edx
75 4e                         jnz 0x806b469
29 ca                         sub %ecx, %edx
4a                            dec %edx
73 3e                         jnb 0x806b469
74 0f                         jz 0x806b486
int
83 45 f4 01                   addl  $0x1, -0xc(%ebp)
8b 55 f4                      movl  -0xc(%ebp), %edx
01 d0                         add %edx, %eax
83 45 f4 01                   addl  $0x1, -0xc(%ebp)
21 c2                         and %eax, %edx
74 24                         jz 0x806b401
29 ca                         sub %ecx, %edx
4a                            dec %edx
73 58                         jnb 0x806b469
31 ca                         xor %ecx, %edx
81 e2 00 01 01 01             and $0x1010100, %edx
75 4e                         jnz 0x806b469
29 ca                         sub %ecx, %edx
4a                            dec %edx
73 3e                         jnb 0x806b469
74 0f                         jz 0x806b486
int
8b 55 f4                      movl  -0xc(%ebp), %edx
01 d0                         add %edx, %eax
21 c2                         and %eax, %edx
74 24                         jz 0x806b401
29 ca                         sub %ecx, %edx
4a                            dec %edx
73 58                         jnb 0x806b469
31 ca                         xor %ecx, %edx
81 e2 00 01 01 01             and $0x1010100, %edx
75 4e                         jnz 0x806b469
29 ca                         sub %ecx, %edx
4a                            dec %edx
73 3e                         jnb 0x806b469
74 0f                         jz 0x806b486
upointer
8b 45 f0                      movl  -0x10(%ebp), %eax
89 04 24                      movl  %eax, (%esp)
ff 75 08                      pushl  0x8(%ebp)
8b 44 24 04                   movl  0x4(%esp), %eax
21 c2                         and %eax, %edx
74 24                         jz 0x806b401
83 c0 04                      add $0x4, %eax
29 ca                         sub %ecx, %edx
4a                            dec %edx
73 58                         jnb 0x806b469
31 ca                         xor %ecx, %edx
81 e2 00 01 01 01             and $0x1010100, %edx
75 4e                         jnz 0x806b469
83 c0 04                      add $0x4, %eax
29 ca                         sub %ecx, %edx
4a                            dec %edx
73 3e                         jnb 0x806b469
83 e8 04                      sub $0x4, %eax
74 0f                         jz 0x806b486
2b 44 24 04                   subl  0x4(%esp), %eax
