upointer
8b 44 24 1c                   movl  0x1c(%esp), %eax
8d 50 0c                      leal  0xc(%eax), %edx
89 50 04                      movl  %edx, 0x4(%eax)
8b 40 04                      movl  0x4(%eax), %eax
8b 40 04                      movl  0x4(%eax), %eax
85 c0                         test %eax, %eax
75 1b                         jnz 0x80488bf
8b 40 04                      movl  0x4(%eax), %eax
89 04 24                      movl  %eax, (%esp)
e8 99 ff ff ff                calll  0x8048874
83 7d 08 00                   cmpl  $0x0, 0x8(%ebp)
75 02                         jnz 0x8048882
8b 45 08                      movl  0x8(%ebp), %eax
8b 45 08                      movl  0x8(%ebp), %eax
75 1b                         jnz 0x80488bf
8b 45 08                      movl  0x8(%ebp), %eax
75 11                         jnz 0x80488bf
eb 38                         jmp 0x80488f7
c3                            retl  
e8 7d ff ff ff                calll  0x8048874
upointer
8b 44 24 1c                   movl  0x1c(%esp), %eax
8d 50 18                      leal  0x18(%eax), %edx
89 50 08                      movl  %edx, 0x8(%eax)
8b 40 08                      movl  0x8(%eax), %eax
8b 40 08                      movl  0x8(%eax), %eax
89 04 24                      movl  %eax, (%esp)
83 7d 08 00                   cmpl  $0x0, 0x8(%ebp)
75 02                         jnz 0x8048882
8b 45 08                      movl  0x8(%ebp), %eax
8b 45 08                      movl  0x8(%ebp), %eax
75 1b                         jnz 0x80488bf
8b 45 08                      movl  0x8(%ebp), %eax
75 11                         jnz 0x80488bf
eb 38                         jmp 0x80488f7
upointer
8b 44 24 1c                   movl  0x1c(%esp), %eax
89 04 24                      movl  %eax, (%esp)
83 7d 08 00                   cmpl  $0x0, 0x8(%ebp)
75 07                         jnz 0x804890c
8b 45 08                      movl  0x8(%ebp), %eax
89 04 24                      movl  %eax, (%esp)
e8 41 ff ff ff                calll  0x8048874
83 7d 08 00                   cmpl  $0x0, 0x8(%ebp)
75 02                         jnz 0x8048882
8b 45 08                      movl  0x8(%ebp), %eax
8b 45 08                      movl  0x8(%ebp), %eax
75 1b                         jnz 0x80488bf
8b 45 08                      movl  0x8(%ebp), %eax
e8 99 ff ff ff                calll  0x8048874
75 02                         jnz 0x8048882
75 1b                         jnz 0x80488bf
75 11                         jnz 0x80488bf
eb 38                         jmp 0x80488f7
c3                            retl  
8b 45 08                      movl  0x8(%ebp), %eax
int
8b 45 f4                      movl  -0xc(%ebp), %eax
89 44 24 08                   movl  %eax, 0x8(%esp)
8b 55 10                      movl  0x10(%ebp), %edx
89 d0                         mov %edx, %eax
c1 e0 02                      shl $0x2, %eax
01 d0                         add %edx, %eax
01 c0                         add %eax, %eax
89 c2                         mov %eax, %edx
01 d0                         add %edx, %eax
89 45 10                      movl  %eax, 0x10(%ebp)
8b 55 10                      movl  0x10(%ebp), %edx
89 54 24 08                   movl  %edx, 0x8(%esp)
8b 55 10                      movl  0x10(%ebp), %edx
89 d0                         mov %edx, %eax
c1 e0 02                      shl $0x2, %eax
01 d0                         add %edx, %eax
01 c0                         add %eax, %eax
89 c2                         mov %eax, %edx
01 d0                         add %edx, %eax
89 45 10                      movl  %eax, 0x10(%ebp)
int
8b 45 f0                      movl  -0x10(%ebp), %eax
89 44 24 04                   movl  %eax, 0x4(%esp)
8b 00                         movl  (%eax), %eax
99                            cdq 
89 c6                         mov %eax, %esi
31 d0                         xor %edx, %eax
c1 ee 1f                      shr $0x1f, %esi
29 d0                         sub %edx, %eax
89 b5 5c fb ff ff             movl  %esi, -0x4a4(%ebp)
89 85 20 fb ff ff             movl  %eax, -0x4e0(%ebp)
50                            pushl  %eax
8b 4c 24 10                   movl  0x10(%esp), %ecx
89 c8                         mov %ecx, %eax
01 c0                         add %eax, %eax
29 c1                         sub %eax, %ecx
8b b5 20 fb ff ff             movl  -0x4e0(%ebp), %esi
85 f6                         test %esi, %esi
0f 84 42 0d 00 00             jz 0x80814e8
75 1f                         jnz 0x80807d8
0f 85 0c 0d 00 00             jnz 0x808150a
