upointer
8b 45 ec                      movl  -0x14(%ebp), %eax
89 04 24                      movl  %eax, (%esp)
8b 54 24 04                   movl  0x4(%esp), %edx
89 d0                         mov %edx, %eax
int
83 45 f4 01                   addl  $0x1, -0xc(%ebp)
8b 45 f4                      movl  -0xc(%ebp), %eax
8b 45 f4                      movl  -0xc(%ebp), %eax
83 45 f4 01                   addl  $0x1, -0xc(%ebp)
8b 45 f4                      movl  -0xc(%ebp), %eax
8b 45 f4                      movl  -0xc(%ebp), %eax
83 45 f4 01                   addl  $0x1, -0xc(%ebp)
8b 45 f4                      movl  -0xc(%ebp), %eax
8b 45 f4                      movl  -0xc(%ebp), %eax
83 45 f4 01                   addl  $0x1, -0xc(%ebp)
8b 45 f4                      movl  -0xc(%ebp), %eax
8b 45 f4                      movl  -0xc(%ebp), %eax
83 45 f4 01                   addl  $0x1, -0xc(%ebp)
8b 45 f4                      movl  -0xc(%ebp), %eax
int
83 45 f4 01                   addl  $0x1, -0xc(%ebp)
8b 45 f4                      movl  -0xc(%ebp), %eax
8b 45 f4                      movl  -0xc(%ebp), %eax
83 45 f4 01                   addl  $0x1, -0xc(%ebp)
8b 45 f4                      movl  -0xc(%ebp), %eax
8b 45 f4                      movl  -0xc(%ebp), %eax
83 45 f4 01                   addl  $0x1, -0xc(%ebp)
8b 45 f4                      movl  -0xc(%ebp), %eax
8b 45 f4                      movl  -0xc(%ebp), %eax
83 45 f4 01                   addl  $0x1, -0xc(%ebp)
8b 45 f4                      movl  -0xc(%ebp), %eax
int
83 45 f4 01                   addl  $0x1, -0xc(%ebp)
8b 45 f4                      movl  -0xc(%ebp), %eax
8b 45 f4                      movl  -0xc(%ebp), %eax
83 45 f4 01                   addl  $0x1, -0xc(%ebp)
8b 45 f4                      movl  -0xc(%ebp), %eax
8b 45 f4                      movl  -0xc(%ebp), %eax
83 45 f4 01                   addl  $0x1, -0xc(%ebp)
8b 45 f4                      movl  -0xc(%ebp), %eax
int
83 45 f4 01                   addl  $0x1, -0xc(%ebp)
8b 45 f4                      movl  -0xc(%ebp), %eax
8b 45 f4                      movl  -0xc(%ebp), %eax
83 45 f4 01                   addl  $0x1, -0xc(%ebp)
8b 45 f4                      movl  -0xc(%ebp), %eax
int
83 45 f0 01                   addl  $0x1, -0x10(%ebp)
8b 55 f0                      movl  -0x10(%ebp), %edx
01 d0                         add %edx, %eax
01 d0                         add %edx, %eax
8b 45 f0                      movl  -0x10(%ebp), %eax
01 d0                         add %edx, %eax
8b 4d f0                      movl  -0x10(%ebp), %ecx
01 c8                         add %ecx, %eax
8b 45 f0                      movl  -0x10(%ebp), %eax
01 d0                         add %edx, %eax
8b 4d f0                      movl  -0x10(%ebp), %ecx
01 c8                         add %ecx, %eax
8b 45 f0                      movl  -0x10(%ebp), %eax
01 d0                         add %edx, %eax
8b 4d f0                      movl  -0x10(%ebp), %ecx
01 c8                         add %ecx, %eax
8b 45 f0                      movl  -0x10(%ebp), %eax
01 d0                         add %edx, %eax
8b 4d f0                      movl  -0x10(%ebp), %ecx
01 c8                         add %ecx, %eax
int
83 45 f4 01                   addl  $0x1, -0xc(%ebp)
8b 45 f4                      movl  -0xc(%ebp), %eax
8b 45 f4                      movl  -0xc(%ebp), %eax
83 45 f4 01                   addl  $0x1, -0xc(%ebp)
8b 45 f4                      movl  -0xc(%ebp), %eax
8b 45 f4                      movl  -0xc(%ebp), %eax
83 45 f4 01                   addl  $0x1, -0xc(%ebp)
8b 45 f4                      movl  -0xc(%ebp), %eax
8b 45 f4                      movl  -0xc(%ebp), %eax
83 45 f4 01                   addl  $0x1, -0xc(%ebp)
8b 45 f4                      movl  -0xc(%ebp), %eax
8b 45 f4                      movl  -0xc(%ebp), %eax
83 45 f4 01                   addl  $0x1, -0xc(%ebp)
8b 45 f4                      movl  -0xc(%ebp), %eax
int
83 45 f4 01                   addl  $0x1, -0xc(%ebp)
8b 45 f4                      movl  -0xc(%ebp), %eax
8b 45 f4                      movl  -0xc(%ebp), %eax
83 45 f4 01                   addl  $0x1, -0xc(%ebp)
8b 45 f4                      movl  -0xc(%ebp), %eax
8b 45 f4                      movl  -0xc(%ebp), %eax
83 45 f4 01                   addl  $0x1, -0xc(%ebp)
8b 45 f4                      movl  -0xc(%ebp), %eax
8b 45 f4                      movl  -0xc(%ebp), %eax
83 45 f4 01                   addl  $0x1, -0xc(%ebp)
8b 45 f4                      movl  -0xc(%ebp), %eax
int
83 45 f4 01                   addl  $0x1, -0xc(%ebp)
8b 45 f4                      movl  -0xc(%ebp), %eax
8b 45 f4                      movl  -0xc(%ebp), %eax
83 45 f4 01                   addl  $0x1, -0xc(%ebp)
8b 45 f4                      movl  -0xc(%ebp), %eax
8b 45 f4                      movl  -0xc(%ebp), %eax
83 45 f4 01                   addl  $0x1, -0xc(%ebp)
8b 45 f4                      movl  -0xc(%ebp), %eax
int
83 45 f4 01                   addl  $0x1, -0xc(%ebp)
8b 45 f4                      movl  -0xc(%ebp), %eax
8b 45 f4                      movl  -0xc(%ebp), %eax
83 45 f4 01                   addl  $0x1, -0xc(%ebp)
8b 45 f4                      movl  -0xc(%ebp), %eax
int
83 45 f0 01                   addl  $0x1, -0x10(%ebp)
8b 55 f0                      movl  -0x10(%ebp), %edx
01 d0                         add %edx, %eax
01 d0                         add %edx, %eax
8b 45 f0                      movl  -0x10(%ebp), %eax
01 d0                         add %edx, %eax
8b 4d f0                      movl  -0x10(%ebp), %ecx
01 c8                         add %ecx, %eax
8b 45 f0                      movl  -0x10(%ebp), %eax
01 d0                         add %edx, %eax
8b 4d f0                      movl  -0x10(%ebp), %ecx
01 c8                         add %ecx, %eax
8b 45 f0                      movl  -0x10(%ebp), %eax
01 d0                         add %edx, %eax
8b 4d f0                      movl  -0x10(%ebp), %ecx
01 c8                         add %ecx, %eax
8b 45 f0                      movl  -0x10(%ebp), %eax
01 d0                         add %edx, %eax
8b 4d f0                      movl  -0x10(%ebp), %ecx
01 c8                         add %ecx, %eax
int
83 45 f4 01                   addl  $0x1, -0xc(%ebp)
8b 45 f4                      movl  -0xc(%ebp), %eax
8b 45 f4                      movl  -0xc(%ebp), %eax
83 45 f4 01                   addl  $0x1, -0xc(%ebp)
8b 45 f4                      movl  -0xc(%ebp), %eax
8b 45 f4                      movl  -0xc(%ebp), %eax
83 45 f4 01                   addl  $0x1, -0xc(%ebp)
8b 45 f4                      movl  -0xc(%ebp), %eax
8b 45 f4                      movl  -0xc(%ebp), %eax
83 45 f4 01                   addl  $0x1, -0xc(%ebp)
8b 45 f4                      movl  -0xc(%ebp), %eax
8b 45 f4                      movl  -0xc(%ebp), %eax
83 45 f4 01                   addl  $0x1, -0xc(%ebp)
8b 45 f4                      movl  -0xc(%ebp), %eax
int
83 45 f4 01                   addl  $0x1, -0xc(%ebp)
8b 45 f4                      movl  -0xc(%ebp), %eax
8b 45 f4                      movl  -0xc(%ebp), %eax
83 45 f4 01                   addl  $0x1, -0xc(%ebp)
8b 45 f4                      movl  -0xc(%ebp), %eax
8b 45 f4                      movl  -0xc(%ebp), %eax
83 45 f4 01                   addl  $0x1, -0xc(%ebp)
8b 45 f4                      movl  -0xc(%ebp), %eax
8b 45 f4                      movl  -0xc(%ebp), %eax
83 45 f4 01                   addl  $0x1, -0xc(%ebp)
8b 45 f4                      movl  -0xc(%ebp), %eax
int
83 45 f4 01                   addl  $0x1, -0xc(%ebp)
8b 45 f4                      movl  -0xc(%ebp), %eax
8b 45 f4                      movl  -0xc(%ebp), %eax
83 45 f4 01                   addl  $0x1, -0xc(%ebp)
8b 45 f4                      movl  -0xc(%ebp), %eax
8b 45 f4                      movl  -0xc(%ebp), %eax
83 45 f4 01                   addl  $0x1, -0xc(%ebp)
8b 45 f4                      movl  -0xc(%ebp), %eax
int
83 45 f4 01                   addl  $0x1, -0xc(%ebp)
8b 45 f4                      movl  -0xc(%ebp), %eax
8b 45 f4                      movl  -0xc(%ebp), %eax
83 45 f4 01                   addl  $0x1, -0xc(%ebp)
8b 45 f4                      movl  -0xc(%ebp), %eax
int
83 45 f0 01                   addl  $0x1, -0x10(%ebp)
8b 55 f0                      movl  -0x10(%ebp), %edx
01 d0                         add %edx, %eax
01 d0                         add %edx, %eax
8b 45 f0                      movl  -0x10(%ebp), %eax
01 d0                         add %edx, %eax
8b 4d f0                      movl  -0x10(%ebp), %ecx
01 c8                         add %ecx, %eax
8b 55 f0                      movl  -0x10(%ebp), %edx
01 d0                         add %edx, %eax
21 c2                         and %eax, %edx
74 24                         jz 0x806b311
29 ca                         sub %ecx, %edx
4a                            dec %edx
73 58                         jnb 0x806b379
74 0f                         jz 0x806b396
74 0a                         jz 0x806b396
74 01                         jz 0x806b396
int
8b 55 f0                      movl  -0x10(%ebp), %edx
01 d0                         add %edx, %eax
21 c2                         and %eax, %edx
74 24                         jz 0x806b311
29 ca                         sub %ecx, %edx
4a                            dec %edx
73 58                         jnb 0x806b379
74 0f                         jz 0x806b396
74 0a                         jz 0x806b396
74 01                         jz 0x806b396
upointer
8b 45 ec                      movl  -0x14(%ebp), %eax
89 44 24 6c                   movl  %eax, 0x6c(%esp)
8b 44 24 6c                   movl  0x6c(%esp), %eax
89 04 24                      movl  %eax, (%esp)
ff 75 08                      pushl  0x8(%ebp)
8b 44 24 04                   movl  0x4(%esp), %eax
21 c2                         and %eax, %edx
74 24                         jz 0x806b311
83 c0 04                      add $0x4, %eax
29 ca                         sub %ecx, %edx
4a                            dec %edx
73 58                         jnb 0x806b379
83 e8 04                      sub $0x4, %eax
74 0f                         jz 0x806b396
40                            inc %eax
74 0a                         jz 0x806b396
40                            inc %eax
74 01                         jz 0x806b396
40                            inc %eax
2b 44 24 04                   subl  0x4(%esp), %eax
upointer
8b 44 24 6c                   movl  0x6c(%esp), %eax
89 04 24                      movl  %eax, (%esp)
ff 75 08                      pushl  0x8(%ebp)
8b 44 24 04                   movl  0x4(%esp), %eax
21 c2                         and %eax, %edx
74 24                         jz 0x806b311
83 c0 04                      add $0x4, %eax
29 ca                         sub %ecx, %edx
4a                            dec %edx
73 58                         jnb 0x806b379
83 e8 04                      sub $0x4, %eax
74 0f                         jz 0x806b396
40                            inc %eax
74 0a                         jz 0x806b396
40                            inc %eax
74 01                         jz 0x806b396
40                            inc %eax
2b 44 24 04                   subl  0x4(%esp), %eax
89 c6                         mov %eax, %esi
56                            pushl  %esi
upointer
8b 45 ec                      movl  -0x14(%ebp), %eax
89 44 24 6c                   movl  %eax, 0x6c(%esp)
8b 44 24 6c                   movl  0x6c(%esp), %eax
89 04 24                      movl  %eax, (%esp)
ff 75 08                      pushl  0x8(%ebp)
8b 44 24 04                   movl  0x4(%esp), %eax
21 c2                         and %eax, %edx
74 24                         jz 0x806b311
83 c0 04                      add $0x4, %eax
29 ca                         sub %ecx, %edx
4a                            dec %edx
73 58                         jnb 0x806b379
31 ca                         xor %ecx, %edx
81 e2 00 01 01 01             and $0x1010100, %edx
75 4e                         jnz 0x806b379
83 e8 04                      sub $0x4, %eax
74 0f                         jz 0x806b396
2b 44 24 04                   subl  0x4(%esp), %eax
89 c6                         mov %eax, %esi
56                            pushl  %esi
upointer
8b 44 24 6c                   movl  0x6c(%esp), %eax
89 04 24                      movl  %eax, (%esp)
ff 75 08                      pushl  0x8(%ebp)
8b 44 24 04                   movl  0x4(%esp), %eax
21 c2                         and %eax, %edx
74 24                         jz 0x806b311
83 c0 04                      add $0x4, %eax
29 ca                         sub %ecx, %edx
4a                            dec %edx
73 58                         jnb 0x806b379
31 ca                         xor %ecx, %edx
81 e2 00 01 01 01             and $0x1010100, %edx
75 4e                         jnz 0x806b379
83 e8 04                      sub $0x4, %eax
74 0f                         jz 0x806b396
2b 44 24 04                   subl  0x4(%esp), %eax
89 c6                         mov %eax, %esi
56                            pushl  %esi
ff 75 08                      pushl  0x8(%ebp)
56                            pushl  %esi
