upointer
8b 44 24 1c                   movl  0x1c(%esp), %eax
89 44 24 18                   movl  %eax, 0x18(%esp)
8b 44 24 18                   movl  0x18(%esp), %eax
8b 44 24 18                   movl  0x18(%esp), %eax
8b 44 24 18                   movl  0x18(%esp), %eax
upointer
8b 44 24 1c                   movl  0x1c(%esp), %eax
8d 50 08                      leal  0x8(%eax), %edx
89 50 04                      movl  %edx, 0x4(%eax)
8b 40 04                      movl  0x4(%eax), %eax
89 44 24 18                   movl  %eax, 0x18(%esp)
8b 44 24 18                   movl  0x18(%esp), %eax
8b 44 24 18                   movl  0x18(%esp), %eax
8b 44 24 18                   movl  0x18(%esp), %eax
8b 40 04                      movl  0x4(%eax), %eax
85 c0                         test %eax, %eax
75 d1                         jnz 0x8048895
8b 40 04                      movl  0x4(%eax), %eax
89 45 f8                      movl  %eax, -0x8(%ebp)
8b 40 04                      movl  0x4(%eax), %eax
3b 45 f8                      cmpl  -0x8(%ebp), %eax
75 02                         jnz 0x80488b4
74 0a                         jz 0x80488c4
75 d1                         jnz 0x8048895
8b 45 f8                      movl  -0x8(%ebp), %eax
75 02                         jnz 0x80488b4
upointer
8b 44 24 1c                   movl  0x1c(%esp), %eax
8d 50 10                      leal  0x10(%eax), %edx
89 50 04                      movl  %edx, 0x4(%eax)
8b 40 04                      movl  0x4(%eax), %eax
89 44 24 18                   movl  %eax, 0x18(%esp)
8b 44 24 18                   movl  0x18(%esp), %eax
8b 44 24 18                   movl  0x18(%esp), %eax
8b 44 24 18                   movl  0x18(%esp), %eax
8b 40 04                      movl  0x4(%eax), %eax
89 45 fc                      movl  %eax, -0x4(%ebp)
8b 45 fc                      movl  -0x4(%ebp), %eax
83 7d fc 00                   cmpl  $0x0, -0x4(%ebp)
74 0a                         jz 0x80488c4
8b 45 fc                      movl  -0x4(%ebp), %eax
75 d1                         jnz 0x8048895
8b 40 04                      movl  0x4(%eax), %eax
89 45 f8                      movl  %eax, -0x8(%ebp)
8b 45 fc                      movl  -0x4(%ebp), %eax
3b 45 f8                      cmpl  -0x8(%ebp), %eax
75 02                         jnz 0x80488b4
upointer
8b 44 24 1c                   movl  0x1c(%esp), %eax
8d 50 18                      leal  0x18(%eax), %edx
89 50 04                      movl  %edx, 0x4(%eax)
8b 40 04                      movl  0x4(%eax), %eax
89 44 24 18                   movl  %eax, 0x18(%esp)
8b 44 24 18                   movl  0x18(%esp), %eax
8b 44 24 18                   movl  0x18(%esp), %eax
8b 44 24 18                   movl  0x18(%esp), %eax
8b 40 04                      movl  0x4(%eax), %eax
85 c0                         test %eax, %eax
75 d1                         jnz 0x8048895
8b 40 04                      movl  0x4(%eax), %eax
75 02                         jnz 0x80488b4
74 0a                         jz 0x80488c4
75 d1                         jnz 0x8048895
8b 40 04                      movl  0x4(%eax), %eax
89 45 f8                      movl  %eax, -0x8(%ebp)
8b 40 04                      movl  0x4(%eax), %eax
89 45 fc                      movl  %eax, -0x4(%ebp)
8b 45 fc                      movl  -0x4(%ebp), %eax
upointer
8b 44 24 1c                   movl  0x1c(%esp), %eax
8d 50 20                      leal  0x20(%eax), %edx
89 50 04                      movl  %edx, 0x4(%eax)
8b 40 04                      movl  0x4(%eax), %eax
89 44 24 18                   movl  %eax, 0x18(%esp)
8b 44 24 18                   movl  0x18(%esp), %eax
8b 44 24 18                   movl  0x18(%esp), %eax
8b 40 04                      movl  0x4(%eax), %eax
89 45 fc                      movl  %eax, -0x4(%ebp)
8b 45 fc                      movl  -0x4(%ebp), %eax
83 7d fc 00                   cmpl  $0x0, -0x4(%ebp)
74 0a                         jz 0x80488c4
8b 45 fc                      movl  -0x4(%ebp), %eax
75 d1                         jnz 0x8048895
8b 45 fc                      movl  -0x4(%ebp), %eax
75 02                         jnz 0x80488b4
eb 10                         jmp 0x80488c4
74 0a                         jz 0x80488d4
8b 40 04                      movl  0x4(%eax), %eax
85 c0                         test %eax, %eax
upointer
8b 44 24 1c                   movl  0x1c(%esp), %eax
8d 50 10                      leal  0x10(%eax), %edx
89 50 04                      movl  %edx, 0x4(%eax)
8b 40 04                      movl  0x4(%eax), %eax
85 c0                         test %eax, %eax
75 d1                         jnz 0x8048895
8b 40 04                      movl  0x4(%eax), %eax
75 02                         jnz 0x80488b4
eb 10                         jmp 0x80488c4
74 0a                         jz 0x80488d4
75 07                         jnz 0x80488db
eb 12                         jmp 0x80488f5
75 e6                         jnz 0x80488e3
75 e6                         jnz 0x80488e3
8b 40 04                      movl  0x4(%eax), %eax
89 45 fc                      movl  %eax, -0x4(%ebp)
3b 45 fc                      cmpl  -0x4(%ebp), %eax
75 e6                         jnz 0x80488e3
upointer
8b 44 24 1c                   movl  0x1c(%esp), %eax
89 04 24                      movl  %eax, (%esp)
83 7d 08 00                   cmpl  $0x0, 0x8(%ebp)
75 07                         jnz 0x8048887
8b 45 08                      movl  0x8(%ebp), %eax
89 45 fc                      movl  %eax, -0x4(%ebp)
8b 45 08                      movl  0x8(%ebp), %eax
89 45 f8                      movl  %eax, -0x8(%ebp)
eb 1f                         jmp 0x80488b4
83 7d fc 00                   cmpl  $0x0, -0x4(%ebp)
74 0a                         jz 0x80488c4
8b 45 fc                      movl  -0x4(%ebp), %eax
75 d1                         jnz 0x8048895
8b 45 f8                      movl  -0x8(%ebp), %eax
8b 45 fc                      movl  -0x4(%ebp), %eax
75 02                         jnz 0x80488b4
74 0a                         jz 0x80488c4
75 d1                         jnz 0x8048895
75 02                         jnz 0x80488b4
74 0a                         jz 0x80488c4
upointer
83 7d fc 00                   cmpl  $0x0, -0x4(%ebp)
74 0a                         jz 0x80488c4
75 d1                         jnz 0x8048895
75 02                         jnz 0x80488b4
74 0a                         jz 0x80488c4
75 d1                         jnz 0x8048895
75 02                         jnz 0x80488b4
74 0a                         jz 0x80488c4
75 d1                         jnz 0x8048895
75 02                         jnz 0x80488b4
eb 10                         jmp 0x80488c4
74 0a                         jz 0x80488d4
75 07                         jnz 0x80488db
eb 12                         jmp 0x80488f5
75 e6                         jnz 0x80488e3
75 e6                         jnz 0x80488e3
75 e6                         jnz 0x80488e3
upointer
3b 45 f8                      cmpl  -0x8(%ebp), %eax
75 02                         jnz 0x80488b4
74 0a                         jz 0x80488c4
75 d1                         jnz 0x8048895
75 02                         jnz 0x80488b4
74 0a                         jz 0x80488c4
75 d1                         jnz 0x8048895
75 02                         jnz 0x80488b4
eb 10                         jmp 0x80488c4
74 0a                         jz 0x80488d4
75 07                         jnz 0x80488db
eb 12                         jmp 0x80488f5
75 e6                         jnz 0x80488e3
75 e6                         jnz 0x80488e3
75 e6                         jnz 0x80488e3
upointer
83 7d fc 00                   cmpl  $0x0, -0x4(%ebp)
74 0a                         jz 0x80488c4
75 d1                         jnz 0x8048895
75 02                         jnz 0x80488b4
74 0a                         jz 0x80488c4
75 d1                         jnz 0x8048895
75 02                         jnz 0x80488b4
eb 10                         jmp 0x80488c4
74 0a                         jz 0x80488d4
75 07                         jnz 0x80488db
eb 12                         jmp 0x80488f5
75 e6                         jnz 0x80488e3
75 e6                         jnz 0x80488e3
75 e6                         jnz 0x80488e3
upointer
3b 45 f8                      cmpl  -0x8(%ebp), %eax
75 02                         jnz 0x80488b4
74 0a                         jz 0x80488c4
75 d1                         jnz 0x8048895
75 02                         jnz 0x80488b4
eb 10                         jmp 0x80488c4
74 0a                         jz 0x80488d4
75 07                         jnz 0x80488db
eb 12                         jmp 0x80488f5
75 e6                         jnz 0x80488e3
75 e6                         jnz 0x80488e3
75 e6                         jnz 0x80488e3
upointer
83 7d fc 00                   cmpl  $0x0, -0x4(%ebp)
74 0a                         jz 0x80488c4
75 d1                         jnz 0x8048895
75 02                         jnz 0x80488b4
eb 10                         jmp 0x80488c4
74 0a                         jz 0x80488d4
75 07                         jnz 0x80488db
eb 12                         jmp 0x80488f5
75 e6                         jnz 0x80488e3
75 e6                         jnz 0x80488e3
75 e6                         jnz 0x80488e3
upointer
3b 45 f8                      cmpl  -0x8(%ebp), %eax
75 02                         jnz 0x80488b4
eb 10                         jmp 0x80488c4
74 0a                         jz 0x80488d4
75 07                         jnz 0x80488db
eb 12                         jmp 0x80488f5
75 e6                         jnz 0x80488e3
75 e6                         jnz 0x80488e3
75 e6                         jnz 0x80488e3
upointer
83 7d fc 00                   cmpl  $0x0, -0x4(%ebp)
74 0a                         jz 0x80488d4
75 07                         jnz 0x80488db
eb 12                         jmp 0x80488f5
75 e6                         jnz 0x80488e3
75 e6                         jnz 0x80488e3
75 e6                         jnz 0x80488e3
upointer
3b 45 fc                      cmpl  -0x4(%ebp), %eax
75 e6                         jnz 0x80488e3
75 e6                         jnz 0x80488e3
75 e6                         jnz 0x80488e3
upointer
8b 45 f8                      movl  -0x8(%ebp), %eax
89 44 24 14                   movl  %eax, 0x14(%esp)
83 7c 24 14 00                cmpl  $0x0, 0x14(%esp)
74 18                         jz 0x80489fe
8b 44 24 14                   movl  0x14(%esp), %eax
e8 f4 6f 00 00                calll  0x804f9f0
e8 8a 8d ff ff                calll  0x8048780
8b 1c 24                      movl  (%esp), %ebx
c3                            retl  
81 c3 0a 96 08 00             add $0x8960a, %ebx
83 ec 08                      sub $0x8, %esp
8d 44 24 14                   leal  0x14(%esp), %eax
83 ec 04                      sub $0x4, %esp
50                            pushl  %eax
e8 08 07 03 00                calll  0x8080120
89 e5                         mov %esp, %ebp
53                            pushl  %ebx
e8 55 86 fc ff                calll  0x8048780
8b 1c 24                      movl  (%esp), %ebx
c3                            retl  
upointer
83 7c 24 14 00                cmpl  $0x0, 0x14(%esp)
74 18                         jz 0x80489fe
e8 f4 6f 00 00                calll  0x804f9f0
e8 8a 8d ff ff                calll  0x8048780
8b 1c 24                      movl  (%esp), %ebx
c3                            retl  
81 c3 0a 96 08 00             add $0x8960a, %ebx
83 ec 08                      sub $0x8, %esp
8d 44 24 14                   leal  0x14(%esp), %eax
83 ec 04                      sub $0x4, %esp
50                            pushl  %eax
e8 08 07 03 00                calll  0x8080120
89 e5                         mov %esp, %ebp
53                            pushl  %ebx
e8 55 86 fc ff                calll  0x8048780
8b 1c 24                      movl  (%esp), %ebx
c3                            retl  
81 c3 d5 8e 05 00             add $0x58ed5, %ebx
81 ec ec 04 00 00             sub $0x4ec, %esp
8b 45 10                      movl  0x10(%ebp), %eax
