upointer
8b 45 f4                      movl  -0xc(%ebp), %eax
89 44 24 14                   movl  %eax, 0x14(%esp)
8b 44 24 14                   movl  0x14(%esp), %eax
89 44 24 1c                   movl  %eax, 0x1c(%esp)
8b 54 24 1c                   movl  0x1c(%esp), %edx
8b 44 24 1c                   movl  0x1c(%esp), %eax
8b 44 24 14                   movl  0x14(%esp), %eax
89 44 24 1c                   movl  %eax, 0x1c(%esp)
83 7c 24 1c 00                cmpl  $0x0, 0x1c(%esp)
75 d8                         jnz 0x80489c4
8b 44 24 1c                   movl  0x1c(%esp), %eax
e8 46 71 00 00                calll  0x804fb20
e8 5a 8c ff ff                calll  0x8048780
8b 1c 24                      movl  (%esp), %ebx
c3                            retl  
81 c3 da 94 08 00             add $0x894da, %ebx
83 ec 08                      sub $0x8, %esp
8d 44 24 14                   leal  0x14(%esp), %eax
83 ec 04                      sub $0x4, %esp
50                            pushl  %eax
upointer
8b 44 24 14                   movl  0x14(%esp), %eax
89 44 24 1c                   movl  %eax, 0x1c(%esp)
8b 54 24 1c                   movl  0x1c(%esp), %edx
8b 44 24 1c                   movl  0x1c(%esp), %eax
int
83 7c 24 18 05                cmpl  $0x5, 0x18(%esp)
7e d6                         jle 0x8048979
e8 9d ff ff ff                calll  0x8048922
e8 6c 3a 01 00                calll  0x805c3a0
e8 d8 c3 fe ff                calll  0x8048780
8b 1c 24                      movl  (%esp), %ebx
c3                            retl  
81 c3 58 cc 07 00             add $0x7cc58, %ebx
83 ec 10                      sub $0x10, %esp
0f 85 6d 01 00 00             jnz 0x805c530
0f 87 a9 00 00 00             jnbe 0x805c478
e9 50 ff ff ff                jmp 0x805c3d6
0f 82 72 01 00 00             jb 0x805c550
0f 85 6a 01 00 00             jnz 0x805c550
0f 84 95 00 00 00             jz 0x805c490
0f 82 c9 00 00 00             jb 0x805c4d0
0f 84 29 ff ff ff             jz 0x805c407
0f 85 53 01 00 00             jnz 0x805c568
8d 83 20 05 00 00             leal  0x520(%ebx), %eax
e8 5e e2 ff ff                calll  0x805a680
int
8b 44 24 18                   movl  0x18(%esp), %eax
89 04 24                      movl  %eax, (%esp)
8b 55 08                      movl  0x8(%ebp), %edx
89 10                         movl  %edx, (%eax)
8b 00                         movl  (%eax), %eax
89 44 24 04                   movl  %eax, 0x4(%esp)
8b 00                         movl  (%eax), %eax
99                            cdq 
89 c6                         mov %eax, %esi
31 d0                         xor %edx, %eax
c1 ee 1f                      shr $0x1f, %esi
29 d0                         sub %edx, %eax
89 b5 5c fb ff ff             movl  %esi, -0x4a4(%ebp)
89 85 20 fb ff ff             movl  %eax, -0x4e0(%ebp)
50                            pushl  %eax
8b 4c 24 10                   movl  0x10(%esp), %ecx
89 c8                         mov %ecx, %eax
01 c0                         add %eax, %eax
29 c1                         sub %eax, %ecx
8b b5 20 fb ff ff             movl  -0x4e0(%ebp), %esi
upointer
8b 45 f4                      movl  -0xc(%ebp), %eax
89 42 04                      movl  %eax, 0x4(%edx)
8b 40 04                      movl  0x4(%eax), %eax
89 44 24 1c                   movl  %eax, 0x1c(%esp)
8b 54 24 1c                   movl  0x1c(%esp), %edx
8b 44 24 1c                   movl  0x1c(%esp), %eax
8b 40 04                      movl  0x4(%eax), %eax
89 44 24 1c                   movl  %eax, 0x1c(%esp)
83 7c 24 1c 00                cmpl  $0x0, 0x1c(%esp)
75 d8                         jnz 0x80489c4
8b 44 24 1c                   movl  0x1c(%esp), %eax
e8 46 71 00 00                calll  0x804fb20
e8 5a 8c ff ff                calll  0x8048780
8b 1c 24                      movl  (%esp), %ebx
c3                            retl  
81 c3 da 94 08 00             add $0x894da, %ebx
83 ec 08                      sub $0x8, %esp
8d 44 24 14                   leal  0x14(%esp), %eax
83 ec 04                      sub $0x4, %esp
50                            pushl  %eax
int
83 44 24 18 01                addl  $0x1, 0x18(%esp)
83 7c 24 18 05                cmpl  $0x5, 0x18(%esp)
7e d6                         jle 0x8048979
8b 44 24 18                   movl  0x18(%esp), %eax
89 04 24                      movl  %eax, (%esp)
e8 9d ff ff ff                calll  0x8048922
e8 6c 3a 01 00                calll  0x805c3a0
e8 d8 c3 fe ff                calll  0x8048780
8b 1c 24                      movl  (%esp), %ebx
c3                            retl  
81 c3 58 cc 07 00             add $0x7cc58, %ebx
83 ec 10                      sub $0x10, %esp
0f 85 6d 01 00 00             jnz 0x805c530
0f 87 a9 00 00 00             jnbe 0x805c478
e9 50 ff ff ff                jmp 0x805c3d6
0f 82 72 01 00 00             jb 0x805c550
0f 85 6a 01 00 00             jnz 0x805c550
0f 84 95 00 00 00             jz 0x805c490
0f 82 c9 00 00 00             jb 0x805c4d0
0f 84 29 ff ff ff             jz 0x805c407
int
83 7c 24 18 05                cmpl  $0x5, 0x18(%esp)
7e d6                         jle 0x8048979
e8 9d ff ff ff                calll  0x8048922
e8 6c 3a 01 00                calll  0x805c3a0
e8 d8 c3 fe ff                calll  0x8048780
8b 1c 24                      movl  (%esp), %ebx
c3                            retl  
81 c3 58 cc 07 00             add $0x7cc58, %ebx
83 ec 10                      sub $0x10, %esp
0f 85 6d 01 00 00             jnz 0x805c530
0f 87 a9 00 00 00             jnbe 0x805c478
e9 50 ff ff ff                jmp 0x805c3d6
0f 82 72 01 00 00             jb 0x805c550
0f 85 6a 01 00 00             jnz 0x805c550
0f 84 95 00 00 00             jz 0x805c490
0f 82 c9 00 00 00             jb 0x805c4d0
0f 84 29 ff ff ff             jz 0x805c407
0f 85 53 01 00 00             jnz 0x805c568
8d 83 20 05 00 00             leal  0x520(%ebx), %eax
e8 5e e2 ff ff                calll  0x805a680
int
8b 44 24 18                   movl  0x18(%esp), %eax
89 04 24                      movl  %eax, (%esp)
8b 55 08                      movl  0x8(%ebp), %edx
89 10                         movl  %edx, (%eax)
8b 00                         movl  (%eax), %eax
89 44 24 04                   movl  %eax, 0x4(%esp)
8b 00                         movl  (%eax), %eax
99                            cdq 
89 c6                         mov %eax, %esi
31 d0                         xor %edx, %eax
c1 ee 1f                      shr $0x1f, %esi
29 d0                         sub %edx, %eax
89 b5 5c fb ff ff             movl  %esi, -0x4a4(%ebp)
89 85 20 fb ff ff             movl  %eax, -0x4e0(%ebp)
50                            pushl  %eax
8b 4c 24 10                   movl  0x10(%esp), %ecx
89 c8                         mov %ecx, %eax
01 c0                         add %eax, %eax
29 c1                         sub %eax, %ecx
8b b5 20 fb ff ff             movl  -0x4e0(%ebp), %esi
upointer
8b 45 f4                      movl  -0xc(%ebp), %eax
89 42 04                      movl  %eax, 0x4(%edx)
8b 40 04                      movl  0x4(%eax), %eax
89 44 24 1c                   movl  %eax, 0x1c(%esp)
8b 54 24 1c                   movl  0x1c(%esp), %edx
8b 44 24 1c                   movl  0x1c(%esp), %eax
8b 40 04                      movl  0x4(%eax), %eax
89 44 24 1c                   movl  %eax, 0x1c(%esp)
83 7c 24 1c 00                cmpl  $0x0, 0x1c(%esp)
75 d8                         jnz 0x80489c4
8b 44 24 1c                   movl  0x1c(%esp), %eax
e8 46 71 00 00                calll  0x804fb20
e8 5a 8c ff ff                calll  0x8048780
8b 1c 24                      movl  (%esp), %ebx
c3                            retl  
81 c3 da 94 08 00             add $0x894da, %ebx
83 ec 08                      sub $0x8, %esp
8d 44 24 14                   leal  0x14(%esp), %eax
83 ec 04                      sub $0x4, %esp
50                            pushl  %eax
int
83 44 24 18 01                addl  $0x1, 0x18(%esp)
83 7c 24 18 05                cmpl  $0x5, 0x18(%esp)
7e d6                         jle 0x8048979
8b 44 24 18                   movl  0x18(%esp), %eax
89 04 24                      movl  %eax, (%esp)
e8 9d ff ff ff                calll  0x8048922
e8 6c 3a 01 00                calll  0x805c3a0
e8 d8 c3 fe ff                calll  0x8048780
8b 1c 24                      movl  (%esp), %ebx
c3                            retl  
81 c3 58 cc 07 00             add $0x7cc58, %ebx
83 ec 10                      sub $0x10, %esp
0f 85 6d 01 00 00             jnz 0x805c530
0f 87 a9 00 00 00             jnbe 0x805c478
e9 50 ff ff ff                jmp 0x805c3d6
0f 82 72 01 00 00             jb 0x805c550
0f 85 6a 01 00 00             jnz 0x805c550
0f 84 95 00 00 00             jz 0x805c490
0f 82 c9 00 00 00             jb 0x805c4d0
0f 84 29 ff ff ff             jz 0x805c407
int
83 7c 24 18 05                cmpl  $0x5, 0x18(%esp)
7e d6                         jle 0x8048979
e8 9d ff ff ff                calll  0x8048922
e8 6c 3a 01 00                calll  0x805c3a0
e8 d8 c3 fe ff                calll  0x8048780
8b 1c 24                      movl  (%esp), %ebx
c3                            retl  
81 c3 58 cc 07 00             add $0x7cc58, %ebx
83 ec 10                      sub $0x10, %esp
0f 85 6d 01 00 00             jnz 0x805c530
0f 87 a9 00 00 00             jnbe 0x805c478
e9 50 ff ff ff                jmp 0x805c3d6
0f 82 72 01 00 00             jb 0x805c550
0f 85 6a 01 00 00             jnz 0x805c550
0f 84 95 00 00 00             jz 0x805c490
0f 82 c9 00 00 00             jb 0x805c4d0
0f 84 29 ff ff ff             jz 0x805c407
0f 85 53 01 00 00             jnz 0x805c568
8d 83 20 05 00 00             leal  0x520(%ebx), %eax
e8 5e e2 ff ff                calll  0x805a680
int
8b 44 24 18                   movl  0x18(%esp), %eax
89 04 24                      movl  %eax, (%esp)
8b 55 08                      movl  0x8(%ebp), %edx
89 10                         movl  %edx, (%eax)
8b 00                         movl  (%eax), %eax
89 44 24 04                   movl  %eax, 0x4(%esp)
8b 00                         movl  (%eax), %eax
99                            cdq 
89 c6                         mov %eax, %esi
31 d0                         xor %edx, %eax
c1 ee 1f                      shr $0x1f, %esi
29 d0                         sub %edx, %eax
89 b5 5c fb ff ff             movl  %esi, -0x4a4(%ebp)
89 85 20 fb ff ff             movl  %eax, -0x4e0(%ebp)
50                            pushl  %eax
8b 4c 24 10                   movl  0x10(%esp), %ecx
89 c8                         mov %ecx, %eax
01 c0                         add %eax, %eax
29 c1                         sub %eax, %ecx
8b b5 20 fb ff ff             movl  -0x4e0(%ebp), %esi
upointer
8b 45 f4                      movl  -0xc(%ebp), %eax
89 42 04                      movl  %eax, 0x4(%edx)
8b 40 04                      movl  0x4(%eax), %eax
89 44 24 1c                   movl  %eax, 0x1c(%esp)
8b 54 24 1c                   movl  0x1c(%esp), %edx
8b 44 24 1c                   movl  0x1c(%esp), %eax
8b 40 04                      movl  0x4(%eax), %eax
89 44 24 1c                   movl  %eax, 0x1c(%esp)
83 7c 24 1c 00                cmpl  $0x0, 0x1c(%esp)
75 d8                         jnz 0x80489c4
8b 44 24 1c                   movl  0x1c(%esp), %eax
e8 46 71 00 00                calll  0x804fb20
e8 5a 8c ff ff                calll  0x8048780
8b 1c 24                      movl  (%esp), %ebx
c3                            retl  
81 c3 da 94 08 00             add $0x894da, %ebx
83 ec 08                      sub $0x8, %esp
8d 44 24 14                   leal  0x14(%esp), %eax
83 ec 04                      sub $0x4, %esp
50                            pushl  %eax
int
83 44 24 18 01                addl  $0x1, 0x18(%esp)
83 7c 24 18 05                cmpl  $0x5, 0x18(%esp)
7e d6                         jle 0x8048979
8b 44 24 18                   movl  0x18(%esp), %eax
89 04 24                      movl  %eax, (%esp)
e8 9d ff ff ff                calll  0x8048922
e8 6c 3a 01 00                calll  0x805c3a0
e8 d8 c3 fe ff                calll  0x8048780
8b 1c 24                      movl  (%esp), %ebx
c3                            retl  
81 c3 58 cc 07 00             add $0x7cc58, %ebx
83 ec 10                      sub $0x10, %esp
0f 85 6d 01 00 00             jnz 0x805c530
0f 87 a9 00 00 00             jnbe 0x805c478
e9 50 ff ff ff                jmp 0x805c3d6
0f 82 72 01 00 00             jb 0x805c550
0f 85 6a 01 00 00             jnz 0x805c550
0f 84 95 00 00 00             jz 0x805c490
0f 82 c9 00 00 00             jb 0x805c4d0
0f 84 29 ff ff ff             jz 0x805c407
int
83 7c 24 18 05                cmpl  $0x5, 0x18(%esp)
7e d6                         jle 0x8048979
e8 9d ff ff ff                calll  0x8048922
e8 6c 3a 01 00                calll  0x805c3a0
e8 d8 c3 fe ff                calll  0x8048780
8b 1c 24                      movl  (%esp), %ebx
c3                            retl  
81 c3 58 cc 07 00             add $0x7cc58, %ebx
83 ec 10                      sub $0x10, %esp
0f 85 6d 01 00 00             jnz 0x805c530
0f 87 a9 00 00 00             jnbe 0x805c478
e9 50 ff ff ff                jmp 0x805c3d6
0f 82 72 01 00 00             jb 0x805c550
0f 85 6a 01 00 00             jnz 0x805c550
0f 84 95 00 00 00             jz 0x805c490
0f 82 c9 00 00 00             jb 0x805c4d0
0f 84 29 ff ff ff             jz 0x805c407
0f 85 53 01 00 00             jnz 0x805c568
8d 83 20 05 00 00             leal  0x520(%ebx), %eax
e8 5e e2 ff ff                calll  0x805a680
int
8b 44 24 18                   movl  0x18(%esp), %eax
89 04 24                      movl  %eax, (%esp)
8b 55 08                      movl  0x8(%ebp), %edx
89 10                         movl  %edx, (%eax)
8b 00                         movl  (%eax), %eax
89 44 24 04                   movl  %eax, 0x4(%esp)
8b 00                         movl  (%eax), %eax
99                            cdq 
89 c6                         mov %eax, %esi
31 d0                         xor %edx, %eax
c1 ee 1f                      shr $0x1f, %esi
29 d0                         sub %edx, %eax
89 b5 5c fb ff ff             movl  %esi, -0x4a4(%ebp)
89 85 20 fb ff ff             movl  %eax, -0x4e0(%ebp)
50                            pushl  %eax
8b 4c 24 10                   movl  0x10(%esp), %ecx
89 c8                         mov %ecx, %eax
01 c0                         add %eax, %eax
29 c1                         sub %eax, %ecx
8b b5 20 fb ff ff             movl  -0x4e0(%ebp), %esi
upointer
8b 45 f4                      movl  -0xc(%ebp), %eax
89 42 04                      movl  %eax, 0x4(%edx)
8b 40 04                      movl  0x4(%eax), %eax
89 44 24 1c                   movl  %eax, 0x1c(%esp)
8b 44 24 1c                   movl  0x1c(%esp), %eax
8b 40 04                      movl  0x4(%eax), %eax
89 44 24 1c                   movl  %eax, 0x1c(%esp)
83 7c 24 1c 00                cmpl  $0x0, 0x1c(%esp)
75 d8                         jnz 0x80489c4
8b 44 24 1c                   movl  0x1c(%esp), %eax
e8 46 71 00 00                calll  0x804fb20
e8 5a 8c ff ff                calll  0x8048780
8b 1c 24                      movl  (%esp), %ebx
c3                            retl  
81 c3 da 94 08 00             add $0x894da, %ebx
83 ec 08                      sub $0x8, %esp
8d 44 24 14                   leal  0x14(%esp), %eax
83 ec 04                      sub $0x4, %esp
50                            pushl  %eax
e8 08 07 03 00                calll  0x8080250
int
83 44 24 18 01                addl  $0x1, 0x18(%esp)
83 7c 24 18 05                cmpl  $0x5, 0x18(%esp)
7e d6                         jle 0x8048979
e8 66 71 00 00                calll  0x804fb20
e8 5a 8c ff ff                calll  0x8048780
8b 1c 24                      movl  (%esp), %ebx
c3                            retl  
81 c3 da 94 08 00             add $0x894da, %ebx
83 ec 08                      sub $0x8, %esp
8d 44 24 14                   leal  0x14(%esp), %eax
83 ec 04                      sub $0x4, %esp
50                            pushl  %eax
e8 08 07 03 00                calll  0x8080250
89 e5                         mov %esp, %ebp
53                            pushl  %ebx
e8 25 85 fc ff                calll  0x8048780
8b 1c 24                      movl  (%esp), %ebx
c3                            retl  
81 c3 a5 8d 05 00             add $0x58da5, %ebx
81 ec ec 04 00 00             sub $0x4ec, %esp
int
83 7c 24 18 05                cmpl  $0x5, 0x18(%esp)
7e d6                         jle 0x8048979
e8 66 71 00 00                calll  0x804fb20
e8 5a 8c ff ff                calll  0x8048780
8b 1c 24                      movl  (%esp), %ebx
c3                            retl  
81 c3 da 94 08 00             add $0x894da, %ebx
83 ec 08                      sub $0x8, %esp
8d 44 24 14                   leal  0x14(%esp), %eax
83 ec 04                      sub $0x4, %esp
50                            pushl  %eax
e8 08 07 03 00                calll  0x8080250
89 e5                         mov %esp, %ebp
53                            pushl  %ebx
e8 25 85 fc ff                calll  0x8048780
8b 1c 24                      movl  (%esp), %ebx
c3                            retl  
81 c3 a5 8d 05 00             add $0x58da5, %ebx
81 ec ec 04 00 00             sub $0x4ec, %esp
8b 45 10                      movl  0x10(%ebp), %eax
upointer
8b 44 24 14                   movl  0x14(%esp), %eax
89 44 24 1c                   movl  %eax, 0x1c(%esp)
83 7c 24 1c 00                cmpl  $0x0, 0x1c(%esp)
75 d8                         jnz 0x80489c4
8b 44 24 1c                   movl  0x1c(%esp), %eax
e8 46 71 00 00                calll  0x804fb20
e8 5a 8c ff ff                calll  0x8048780
8b 1c 24                      movl  (%esp), %ebx
c3                            retl  
81 c3 da 94 08 00             add $0x894da, %ebx
83 ec 08                      sub $0x8, %esp
8d 44 24 14                   leal  0x14(%esp), %eax
83 ec 04                      sub $0x4, %esp
50                            pushl  %eax
e8 08 07 03 00                calll  0x8080250
89 e5                         mov %esp, %ebp
53                            pushl  %ebx
e8 25 85 fc ff                calll  0x8048780
8b 1c 24                      movl  (%esp), %ebx
c3                            retl  
upointer
83 7c 24 1c 00                cmpl  $0x0, 0x1c(%esp)
75 d8                         jnz 0x80489c4
e8 46 71 00 00                calll  0x804fb20
e8 5a 8c ff ff                calll  0x8048780
8b 1c 24                      movl  (%esp), %ebx
c3                            retl  
81 c3 da 94 08 00             add $0x894da, %ebx
83 ec 08                      sub $0x8, %esp
8d 44 24 14                   leal  0x14(%esp), %eax
83 ec 04                      sub $0x4, %esp
50                            pushl  %eax
e8 08 07 03 00                calll  0x8080250
89 e5                         mov %esp, %ebp
53                            pushl  %ebx
e8 25 85 fc ff                calll  0x8048780
8b 1c 24                      movl  (%esp), %ebx
c3                            retl  
81 c3 a5 8d 05 00             add $0x58da5, %ebx
81 ec ec 04 00 00             sub $0x4ec, %esp
8b 45 10                      movl  0x10(%ebp), %eax
upointer
83 7c 24 1c 00                cmpl  $0x0, 0x1c(%esp)
75 d8                         jnz 0x80489c4
e8 46 71 00 00                calll  0x804fb20
e8 5a 8c ff ff                calll  0x8048780
8b 1c 24                      movl  (%esp), %ebx
c3                            retl  
81 c3 da 94 08 00             add $0x894da, %ebx
83 ec 08                      sub $0x8, %esp
8d 44 24 14                   leal  0x14(%esp), %eax
83 ec 04                      sub $0x4, %esp
50                            pushl  %eax
e8 08 07 03 00                calll  0x8080250
89 e5                         mov %esp, %ebp
53                            pushl  %ebx
e8 25 85 fc ff                calll  0x8048780
8b 1c 24                      movl  (%esp), %ebx
c3                            retl  
81 c3 a5 8d 05 00             add $0x58da5, %ebx
81 ec ec 04 00 00             sub $0x4ec, %esp
8b 45 10                      movl  0x10(%ebp), %eax
upointer
83 7c 24 1c 00                cmpl  $0x0, 0x1c(%esp)
75 d8                         jnz 0x80489c4
e8 46 71 00 00                calll  0x804fb20
e8 5a 8c ff ff                calll  0x8048780
8b 1c 24                      movl  (%esp), %ebx
c3                            retl  
81 c3 da 94 08 00             add $0x894da, %ebx
83 ec 08                      sub $0x8, %esp
8d 44 24 14                   leal  0x14(%esp), %eax
83 ec 04                      sub $0x4, %esp
50                            pushl  %eax
e8 08 07 03 00                calll  0x8080250
89 e5                         mov %esp, %ebp
53                            pushl  %ebx
e8 25 85 fc ff                calll  0x8048780
8b 1c 24                      movl  (%esp), %ebx
c3                            retl  
81 c3 a5 8d 05 00             add $0x58da5, %ebx
81 ec ec 04 00 00             sub $0x4ec, %esp
8b 45 10                      movl  0x10(%ebp), %eax
upointer
83 7c 24 1c 00                cmpl  $0x0, 0x1c(%esp)
75 d8                         jnz 0x80489c4
e8 46 71 00 00                calll  0x804fb20
e8 5a 8c ff ff                calll  0x8048780
8b 1c 24                      movl  (%esp), %ebx
c3                            retl  
81 c3 da 94 08 00             add $0x894da, %ebx
83 ec 08                      sub $0x8, %esp
8d 44 24 14                   leal  0x14(%esp), %eax
83 ec 04                      sub $0x4, %esp
50                            pushl  %eax
e8 08 07 03 00                calll  0x8080250
89 e5                         mov %esp, %ebp
53                            pushl  %ebx
e8 25 85 fc ff                calll  0x8048780
8b 1c 24                      movl  (%esp), %ebx
c3                            retl  
81 c3 a5 8d 05 00             add $0x58da5, %ebx
81 ec ec 04 00 00             sub $0x4ec, %esp
8b 45 10                      movl  0x10(%ebp), %eax
upointer
83 7c 24 1c 00                cmpl  $0x0, 0x1c(%esp)
75 d8                         jnz 0x80489c4
e8 46 71 00 00                calll  0x804fb20
e8 5a 8c ff ff                calll  0x8048780
8b 1c 24                      movl  (%esp), %ebx
c3                            retl  
81 c3 da 94 08 00             add $0x894da, %ebx
83 ec 08                      sub $0x8, %esp
8d 44 24 14                   leal  0x14(%esp), %eax
83 ec 04                      sub $0x4, %esp
50                            pushl  %eax
e8 08 07 03 00                calll  0x8080250
89 e5                         mov %esp, %ebp
53                            pushl  %ebx
e8 25 85 fc ff                calll  0x8048780
8b 1c 24                      movl  (%esp), %ebx
c3                            retl  
81 c3 a5 8d 05 00             add $0x58da5, %ebx
81 ec ec 04 00 00             sub $0x4ec, %esp
8b 45 10                      movl  0x10(%ebp), %eax
upointer
83 7c 24 1c 00                cmpl  $0x0, 0x1c(%esp)
75 d8                         jnz 0x80489c4
e8 58 79 00 00                calll  0x8050350
e8 a8 cc ff ff                calll  0x804d003
8b 3c 24                      movl  (%esp), %edi
c3                            retl  
81 c7 a5 8c 08 00             add $0x88ca5, %edi
83 ec 28                      sub $0x28, %esp
89 fb                         mov %edi, %ebx
e8 22 b1 01 00                calll  0x806b490
74 24                         jz 0x806b4c1
7a 17                         jp 0x806b4b6
0f 84 88 00 00 00             jz 0x806b546
73 58                         jnb 0x806b529
75 4e                         jnz 0x806b529
74 0f                         jz 0x806b546
74 0a                         jz 0x806b546
74 01                         jz 0x806b546
c3                            retl  
83 c4 10                      add $0x10, %esp
upointer
8b 44 24 14                   movl  0x14(%esp), %eax
89 04 24                      movl  %eax, (%esp)
83 7d 08 00                   cmpl  $0x0, 0x8(%ebp)
74 25                         jz 0x8048920
8b 45 08                      movl  0x8(%ebp), %eax
89 45 f0                      movl  %eax, -0x10(%ebp)
8b 45 08                      movl  0x8(%ebp), %eax
89 44 24 04                   movl  %eax, 0x4(%esp)
e8 61 ff ff ff                calll  0x8048874
83 7d 0c 00                   cmpl  $0x0, 0xc(%ebp)
74 0a                         jz 0x804888a
8b 45 0c                      movl  0xc(%ebp), %eax
75 05                         jnz 0x804888f
8b 45 0c                      movl  0xc(%ebp), %eax
e8 d0 ff ff ff                calll  0x8048874
74 0a                         jz 0x804888a
75 05                         jnz 0x804888f
e8 d0 ff ff ff                calll  0x8048874
74 0a                         jz 0x804888a
75 05                         jnz 0x804888f
upointer
8b 55 f4                      movl  -0xc(%ebp), %edx
89 50 04                      movl  %edx, 0x4(%eax)
8b 40 04                      movl  0x4(%eax), %eax
89 44 24 1c                   movl  %eax, 0x1c(%esp)
83 7c 24 1c 00                cmpl  $0x0, 0x1c(%esp)
75 d8                         jnz 0x8048a1a
8b 44 24 1c                   movl  0x1c(%esp), %eax
e8 f0 70 00 00                calll  0x804fb20
e8 5a 8c ff ff                calll  0x8048780
8b 1c 24                      movl  (%esp), %ebx
c3                            retl  
81 c3 da 94 08 00             add $0x894da, %ebx
83 ec 08                      sub $0x8, %esp
8d 44 24 14                   leal  0x14(%esp), %eax
83 ec 04                      sub $0x4, %esp
50                            pushl  %eax
e8 08 07 03 00                calll  0x8080250
89 e5                         mov %esp, %ebp
53                            pushl  %ebx
e8 25 85 fc ff                calll  0x8048780
upointer
8b 55 f0                      movl  -0x10(%ebp), %edx
89 10                         movl  %edx, (%eax)
8b 00                         movl  (%eax), %eax
8b 00                         movl  (%eax), %eax
8b 00                         movl  (%eax), %eax
8b 00                         movl  (%eax), %eax
upointer
8b 55 f0                      movl  -0x10(%ebp), %edx
89 50 04                      movl  %edx, 0x4(%eax)
8b 40 04                      movl  0x4(%eax), %eax
89 44 24 1c                   movl  %eax, 0x1c(%esp)
83 7c 24 1c 00                cmpl  $0x0, 0x1c(%esp)
75 d8                         jnz 0x8048a1a
8b 44 24 1c                   movl  0x1c(%esp), %eax
e8 f0 70 00 00                calll  0x804fb20
e8 5a 8c ff ff                calll  0x8048780
8b 1c 24                      movl  (%esp), %ebx
c3                            retl  
81 c3 da 94 08 00             add $0x894da, %ebx
83 ec 08                      sub $0x8, %esp
8d 44 24 14                   leal  0x14(%esp), %eax
83 ec 04                      sub $0x4, %esp
50                            pushl  %eax
e8 08 07 03 00                calll  0x8080250
89 e5                         mov %esp, %ebp
53                            pushl  %ebx
e8 25 85 fc ff                calll  0x8048780
upointer
8b 55 f4                      movl  -0xc(%ebp), %edx
89 50 04                      movl  %edx, 0x4(%eax)
8b 40 04                      movl  0x4(%eax), %eax
89 44 24 1c                   movl  %eax, 0x1c(%esp)
83 7c 24 1c 00                cmpl  $0x0, 0x1c(%esp)
75 d8                         jnz 0x8048a1a
8b 44 24 1c                   movl  0x1c(%esp), %eax
e8 f0 70 00 00                calll  0x804fb20
e8 5a 8c ff ff                calll  0x8048780
8b 1c 24                      movl  (%esp), %ebx
c3                            retl  
81 c3 da 94 08 00             add $0x894da, %ebx
83 ec 08                      sub $0x8, %esp
8d 44 24 14                   leal  0x14(%esp), %eax
83 ec 04                      sub $0x4, %esp
50                            pushl  %eax
e8 08 07 03 00                calll  0x8080250
89 e5                         mov %esp, %ebp
53                            pushl  %ebx
e8 25 85 fc ff                calll  0x8048780
upointer
8b 55 f0                      movl  -0x10(%ebp), %edx
89 10                         movl  %edx, (%eax)
8b 00                         movl  (%eax), %eax
8b 00                         movl  (%eax), %eax
upointer
8b 55 f0                      movl  -0x10(%ebp), %edx
89 50 04                      movl  %edx, 0x4(%eax)
8b 40 04                      movl  0x4(%eax), %eax
89 44 24 1c                   movl  %eax, 0x1c(%esp)
83 7c 24 1c 00                cmpl  $0x0, 0x1c(%esp)
75 d8                         jnz 0x8048a1a
8b 44 24 1c                   movl  0x1c(%esp), %eax
e8 f0 70 00 00                calll  0x804fb20
e8 5a 8c ff ff                calll  0x8048780
8b 1c 24                      movl  (%esp), %ebx
c3                            retl  
81 c3 da 94 08 00             add $0x894da, %ebx
83 ec 08                      sub $0x8, %esp
8d 44 24 14                   leal  0x14(%esp), %eax
83 ec 04                      sub $0x4, %esp
50                            pushl  %eax
e8 08 07 03 00                calll  0x8080250
89 e5                         mov %esp, %ebp
53                            pushl  %ebx
e8 25 85 fc ff                calll  0x8048780
upointer
8b 45 f4                      movl  -0xc(%ebp), %eax
89 45 f4                      movl  %eax, -0xc(%ebp)
3b 45 f4                      cmpl  -0xc(%ebp), %eax
74 0d                         jz 0x80488be
8b 45 f4                      movl  -0xc(%ebp), %eax
eb 2a                         jmp 0x80488ed
89 45 f4                      movl  %eax, -0xc(%ebp)
8b 45 f4                      movl  -0xc(%ebp), %eax
upointer
8b 44 24 14                   movl  0x14(%esp), %eax
89 44 24 1c                   movl  %eax, 0x1c(%esp)
83 7c 24 1c 00                cmpl  $0x0, 0x1c(%esp)
75 d8                         jnz 0x8048a1a
8b 44 24 1c                   movl  0x1c(%esp), %eax
e8 f0 70 00 00                calll  0x804fb20
e8 5a 8c ff ff                calll  0x8048780
8b 1c 24                      movl  (%esp), %ebx
c3                            retl  
81 c3 da 94 08 00             add $0x894da, %ebx
83 ec 08                      sub $0x8, %esp
8d 44 24 14                   leal  0x14(%esp), %eax
83 ec 04                      sub $0x4, %esp
50                            pushl  %eax
e8 08 07 03 00                calll  0x8080250
89 e5                         mov %esp, %ebp
53                            pushl  %ebx
e8 25 85 fc ff                calll  0x8048780
8b 1c 24                      movl  (%esp), %ebx
c3                            retl  
upointer
83 7c 24 1c 00                cmpl  $0x0, 0x1c(%esp)
75 d8                         jnz 0x8048a1a
e8 f0 70 00 00                calll  0x804fb20
e8 5a 8c ff ff                calll  0x8048780
8b 1c 24                      movl  (%esp), %ebx
c3                            retl  
81 c3 da 94 08 00             add $0x894da, %ebx
83 ec 08                      sub $0x8, %esp
8d 44 24 14                   leal  0x14(%esp), %eax
83 ec 04                      sub $0x4, %esp
50                            pushl  %eax
e8 08 07 03 00                calll  0x8080250
89 e5                         mov %esp, %ebp
53                            pushl  %ebx
e8 25 85 fc ff                calll  0x8048780
8b 1c 24                      movl  (%esp), %ebx
c3                            retl  
81 c3 a5 8d 05 00             add $0x58da5, %ebx
81 ec ec 04 00 00             sub $0x4ec, %esp
8b 45 10                      movl  0x10(%ebp), %eax
upointer
83 7c 24 1c 00                cmpl  $0x0, 0x1c(%esp)
75 d8                         jnz 0x8048a1a
e8 f0 70 00 00                calll  0x804fb20
e8 5a 8c ff ff                calll  0x8048780
8b 1c 24                      movl  (%esp), %ebx
c3                            retl  
81 c3 da 94 08 00             add $0x894da, %ebx
83 ec 08                      sub $0x8, %esp
8d 44 24 14                   leal  0x14(%esp), %eax
83 ec 04                      sub $0x4, %esp
50                            pushl  %eax
e8 08 07 03 00                calll  0x8080250
89 e5                         mov %esp, %ebp
53                            pushl  %ebx
e8 25 85 fc ff                calll  0x8048780
8b 1c 24                      movl  (%esp), %ebx
c3                            retl  
81 c3 a5 8d 05 00             add $0x58da5, %ebx
81 ec ec 04 00 00             sub $0x4ec, %esp
8b 45 10                      movl  0x10(%ebp), %eax
upointer
83 7c 24 1c 00                cmpl  $0x0, 0x1c(%esp)
75 d8                         jnz 0x8048a1a
e8 f0 70 00 00                calll  0x804fb20
e8 5a 8c ff ff                calll  0x8048780
8b 1c 24                      movl  (%esp), %ebx
c3                            retl  
81 c3 da 94 08 00             add $0x894da, %ebx
83 ec 08                      sub $0x8, %esp
8d 44 24 14                   leal  0x14(%esp), %eax
83 ec 04                      sub $0x4, %esp
50                            pushl  %eax
e8 08 07 03 00                calll  0x8080250
89 e5                         mov %esp, %ebp
53                            pushl  %ebx
e8 25 85 fc ff                calll  0x8048780
8b 1c 24                      movl  (%esp), %ebx
c3                            retl  
81 c3 a5 8d 05 00             add $0x58da5, %ebx
81 ec ec 04 00 00             sub $0x4ec, %esp
8b 45 10                      movl  0x10(%ebp), %eax
upointer
83 7c 24 1c 00                cmpl  $0x0, 0x1c(%esp)
75 d8                         jnz 0x8048a1a
e8 f0 70 00 00                calll  0x804fb20
e8 5a 8c ff ff                calll  0x8048780
8b 1c 24                      movl  (%esp), %ebx
c3                            retl  
81 c3 da 94 08 00             add $0x894da, %ebx
83 ec 08                      sub $0x8, %esp
8d 44 24 14                   leal  0x14(%esp), %eax
83 ec 04                      sub $0x4, %esp
50                            pushl  %eax
e8 08 07 03 00                calll  0x8080250
89 e5                         mov %esp, %ebp
53                            pushl  %ebx
e8 25 85 fc ff                calll  0x8048780
8b 1c 24                      movl  (%esp), %ebx
c3                            retl  
81 c3 a5 8d 05 00             add $0x58da5, %ebx
81 ec ec 04 00 00             sub $0x4ec, %esp
8b 45 10                      movl  0x10(%ebp), %eax
upointer
83 7c 24 1c 00                cmpl  $0x0, 0x1c(%esp)
75 d8                         jnz 0x8048a1a
e8 f0 70 00 00                calll  0x804fb20
e8 5a 8c ff ff                calll  0x8048780
8b 1c 24                      movl  (%esp), %ebx
c3                            retl  
81 c3 da 94 08 00             add $0x894da, %ebx
83 ec 08                      sub $0x8, %esp
8d 44 24 14                   leal  0x14(%esp), %eax
83 ec 04                      sub $0x4, %esp
50                            pushl  %eax
e8 08 07 03 00                calll  0x8080250
89 e5                         mov %esp, %ebp
53                            pushl  %ebx
e8 25 85 fc ff                calll  0x8048780
8b 1c 24                      movl  (%esp), %ebx
c3                            retl  
81 c3 a5 8d 05 00             add $0x58da5, %ebx
81 ec ec 04 00 00             sub $0x4ec, %esp
8b 45 10                      movl  0x10(%ebp), %eax
upointer
83 7c 24 1c 00                cmpl  $0x0, 0x1c(%esp)
75 d8                         jnz 0x8048a1a
e8 02 79 00 00                calll  0x8050350
e8 a8 cc ff ff                calll  0x804d003
8b 3c 24                      movl  (%esp), %edi
c3                            retl  
81 c7 a5 8c 08 00             add $0x88ca5, %edi
83 ec 28                      sub $0x28, %esp
89 fb                         mov %edi, %ebx
e8 22 b1 01 00                calll  0x806b490
74 24                         jz 0x806b4c1
7a 17                         jp 0x806b4b6
0f 84 88 00 00 00             jz 0x806b546
73 58                         jnb 0x806b529
75 4e                         jnz 0x806b529
74 0f                         jz 0x806b546
74 0a                         jz 0x806b546
74 01                         jz 0x806b546
c3                            retl  
83 c4 10                      add $0x10, %esp
upointer
8b 45 f4                      movl  -0xc(%ebp), %eax
89 44 24 10                   movl  %eax, 0x10(%esp)
8b 44 24 10                   movl  0x10(%esp), %eax
89 44 24 1c                   movl  %eax, 0x1c(%esp)
8b 54 24 1c                   movl  0x1c(%esp), %edx
8b 44 24 1c                   movl  0x1c(%esp), %eax
8b 44 24 10                   movl  0x10(%esp), %eax
89 44 24 1c                   movl  %eax, 0x1c(%esp)
83 7c 24 1c 00                cmpl  $0x0, 0x1c(%esp)
75 d8                         jnz 0x8048abb
8b 44 24 1c                   movl  0x1c(%esp), %eax
e8 4f 70 00 00                calll  0x804fb20
e8 5a 8c ff ff                calll  0x8048780
8b 1c 24                      movl  (%esp), %ebx
c3                            retl  
81 c3 da 94 08 00             add $0x894da, %ebx
83 ec 08                      sub $0x8, %esp
8d 44 24 14                   leal  0x14(%esp), %eax
83 ec 04                      sub $0x4, %esp
50                            pushl  %eax
upointer
8b 44 24 10                   movl  0x10(%esp), %eax
89 44 24 1c                   movl  %eax, 0x1c(%esp)
8b 54 24 1c                   movl  0x1c(%esp), %edx
8b 44 24 1c                   movl  0x1c(%esp), %eax
int
83 7c 24 18 06                cmpl  $0x6, 0x18(%esp)
7e d6                         jle 0x8048a70
e8 a6 fe ff ff                calll  0x8048922
e8 6c 3a 01 00                calll  0x805c3a0
e8 d8 c3 fe ff                calll  0x8048780
8b 1c 24                      movl  (%esp), %ebx
c3                            retl  
81 c3 58 cc 07 00             add $0x7cc58, %ebx
83 ec 10                      sub $0x10, %esp
0f 85 6d 01 00 00             jnz 0x805c530
0f 87 a9 00 00 00             jnbe 0x805c478
e9 50 ff ff ff                jmp 0x805c3d6
0f 82 72 01 00 00             jb 0x805c550
0f 85 6a 01 00 00             jnz 0x805c550
0f 84 95 00 00 00             jz 0x805c490
0f 82 c9 00 00 00             jb 0x805c4d0
0f 84 29 ff ff ff             jz 0x805c407
0f 85 53 01 00 00             jnz 0x805c568
8d 83 20 05 00 00             leal  0x520(%ebx), %eax
e8 5e e2 ff ff                calll  0x805a680
int
8b 44 24 18                   movl  0x18(%esp), %eax
89 04 24                      movl  %eax, (%esp)
8b 55 08                      movl  0x8(%ebp), %edx
89 10                         movl  %edx, (%eax)
8b 00                         movl  (%eax), %eax
89 44 24 04                   movl  %eax, 0x4(%esp)
8b 00                         movl  (%eax), %eax
99                            cdq 
89 c6                         mov %eax, %esi
31 d0                         xor %edx, %eax
c1 ee 1f                      shr $0x1f, %esi
29 d0                         sub %edx, %eax
89 b5 5c fb ff ff             movl  %esi, -0x4a4(%ebp)
89 85 20 fb ff ff             movl  %eax, -0x4e0(%ebp)
50                            pushl  %eax
8b 4c 24 10                   movl  0x10(%esp), %ecx
89 c8                         mov %ecx, %eax
01 c0                         add %eax, %eax
29 c1                         sub %eax, %ecx
8b b5 20 fb ff ff             movl  -0x4e0(%ebp), %esi
upointer
8b 45 f4                      movl  -0xc(%ebp), %eax
89 42 04                      movl  %eax, 0x4(%edx)
8b 40 04                      movl  0x4(%eax), %eax
89 44 24 1c                   movl  %eax, 0x1c(%esp)
8b 54 24 1c                   movl  0x1c(%esp), %edx
8b 44 24 1c                   movl  0x1c(%esp), %eax
8b 40 04                      movl  0x4(%eax), %eax
89 44 24 1c                   movl  %eax, 0x1c(%esp)
83 7c 24 1c 00                cmpl  $0x0, 0x1c(%esp)
75 d8                         jnz 0x8048abb
8b 44 24 1c                   movl  0x1c(%esp), %eax
e8 4f 70 00 00                calll  0x804fb20
e8 5a 8c ff ff                calll  0x8048780
8b 1c 24                      movl  (%esp), %ebx
c3                            retl  
81 c3 da 94 08 00             add $0x894da, %ebx
83 ec 08                      sub $0x8, %esp
8d 44 24 14                   leal  0x14(%esp), %eax
83 ec 04                      sub $0x4, %esp
50                            pushl  %eax
int
83 44 24 18 01                addl  $0x1, 0x18(%esp)
83 7c 24 18 06                cmpl  $0x6, 0x18(%esp)
7e d6                         jle 0x8048a70
8b 44 24 18                   movl  0x18(%esp), %eax
89 04 24                      movl  %eax, (%esp)
e8 a6 fe ff ff                calll  0x8048922
e8 6c 3a 01 00                calll  0x805c3a0
e8 d8 c3 fe ff                calll  0x8048780
8b 1c 24                      movl  (%esp), %ebx
c3                            retl  
81 c3 58 cc 07 00             add $0x7cc58, %ebx
83 ec 10                      sub $0x10, %esp
0f 85 6d 01 00 00             jnz 0x805c530
0f 87 a9 00 00 00             jnbe 0x805c478
e9 50 ff ff ff                jmp 0x805c3d6
0f 82 72 01 00 00             jb 0x805c550
0f 85 6a 01 00 00             jnz 0x805c550
0f 84 95 00 00 00             jz 0x805c490
0f 82 c9 00 00 00             jb 0x805c4d0
0f 84 29 ff ff ff             jz 0x805c407
int
83 7c 24 18 06                cmpl  $0x6, 0x18(%esp)
7e d6                         jle 0x8048a70
e8 a6 fe ff ff                calll  0x8048922
e8 6c 3a 01 00                calll  0x805c3a0
e8 d8 c3 fe ff                calll  0x8048780
8b 1c 24                      movl  (%esp), %ebx
c3                            retl  
81 c3 58 cc 07 00             add $0x7cc58, %ebx
83 ec 10                      sub $0x10, %esp
0f 85 6d 01 00 00             jnz 0x805c530
0f 87 a9 00 00 00             jnbe 0x805c478
e9 50 ff ff ff                jmp 0x805c3d6
0f 82 72 01 00 00             jb 0x805c550
0f 85 6a 01 00 00             jnz 0x805c550
0f 84 95 00 00 00             jz 0x805c490
0f 82 c9 00 00 00             jb 0x805c4d0
0f 84 29 ff ff ff             jz 0x805c407
0f 85 53 01 00 00             jnz 0x805c568
8d 83 20 05 00 00             leal  0x520(%ebx), %eax
e8 5e e2 ff ff                calll  0x805a680
int
8b 44 24 18                   movl  0x18(%esp), %eax
89 04 24                      movl  %eax, (%esp)
8b 55 08                      movl  0x8(%ebp), %edx
89 10                         movl  %edx, (%eax)
8b 00                         movl  (%eax), %eax
89 44 24 04                   movl  %eax, 0x4(%esp)
8b 00                         movl  (%eax), %eax
99                            cdq 
89 c6                         mov %eax, %esi
31 d0                         xor %edx, %eax
c1 ee 1f                      shr $0x1f, %esi
29 d0                         sub %edx, %eax
89 b5 5c fb ff ff             movl  %esi, -0x4a4(%ebp)
89 85 20 fb ff ff             movl  %eax, -0x4e0(%ebp)
50                            pushl  %eax
8b 4c 24 10                   movl  0x10(%esp), %ecx
89 c8                         mov %ecx, %eax
01 c0                         add %eax, %eax
29 c1                         sub %eax, %ecx
8b b5 20 fb ff ff             movl  -0x4e0(%ebp), %esi
upointer
8b 45 f4                      movl  -0xc(%ebp), %eax
89 42 04                      movl  %eax, 0x4(%edx)
8b 40 04                      movl  0x4(%eax), %eax
89 44 24 1c                   movl  %eax, 0x1c(%esp)
8b 54 24 1c                   movl  0x1c(%esp), %edx
8b 44 24 1c                   movl  0x1c(%esp), %eax
8b 40 04                      movl  0x4(%eax), %eax
89 44 24 1c                   movl  %eax, 0x1c(%esp)
83 7c 24 1c 00                cmpl  $0x0, 0x1c(%esp)
75 d8                         jnz 0x8048abb
8b 44 24 1c                   movl  0x1c(%esp), %eax
e8 4f 70 00 00                calll  0x804fb20
e8 5a 8c ff ff                calll  0x8048780
8b 1c 24                      movl  (%esp), %ebx
c3                            retl  
81 c3 da 94 08 00             add $0x894da, %ebx
83 ec 08                      sub $0x8, %esp
8d 44 24 14                   leal  0x14(%esp), %eax
83 ec 04                      sub $0x4, %esp
50                            pushl  %eax
int
83 44 24 18 01                addl  $0x1, 0x18(%esp)
83 7c 24 18 06                cmpl  $0x6, 0x18(%esp)
7e d6                         jle 0x8048a70
8b 44 24 18                   movl  0x18(%esp), %eax
89 04 24                      movl  %eax, (%esp)
e8 a6 fe ff ff                calll  0x8048922
e8 6c 3a 01 00                calll  0x805c3a0
e8 d8 c3 fe ff                calll  0x8048780
8b 1c 24                      movl  (%esp), %ebx
c3                            retl  
81 c3 58 cc 07 00             add $0x7cc58, %ebx
83 ec 10                      sub $0x10, %esp
0f 85 6d 01 00 00             jnz 0x805c530
0f 87 a9 00 00 00             jnbe 0x805c478
e9 50 ff ff ff                jmp 0x805c3d6
0f 82 72 01 00 00             jb 0x805c550
0f 85 6a 01 00 00             jnz 0x805c550
0f 84 95 00 00 00             jz 0x805c490
0f 82 c9 00 00 00             jb 0x805c4d0
0f 84 29 ff ff ff             jz 0x805c407
int
83 7c 24 18 06                cmpl  $0x6, 0x18(%esp)
7e d6                         jle 0x8048a70
e8 a6 fe ff ff                calll  0x8048922
e8 6c 3a 01 00                calll  0x805c3a0
e8 d8 c3 fe ff                calll  0x8048780
8b 1c 24                      movl  (%esp), %ebx
c3                            retl  
81 c3 58 cc 07 00             add $0x7cc58, %ebx
83 ec 10                      sub $0x10, %esp
0f 85 6d 01 00 00             jnz 0x805c530
0f 87 a9 00 00 00             jnbe 0x805c478
e9 50 ff ff ff                jmp 0x805c3d6
0f 82 72 01 00 00             jb 0x805c550
0f 85 6a 01 00 00             jnz 0x805c550
0f 84 95 00 00 00             jz 0x805c490
0f 82 c9 00 00 00             jb 0x805c4d0
0f 84 29 ff ff ff             jz 0x805c407
0f 85 53 01 00 00             jnz 0x805c568
8d 83 20 05 00 00             leal  0x520(%ebx), %eax
e8 5e e2 ff ff                calll  0x805a680
int
8b 44 24 18                   movl  0x18(%esp), %eax
89 04 24                      movl  %eax, (%esp)
8b 55 08                      movl  0x8(%ebp), %edx
89 10                         movl  %edx, (%eax)
8b 00                         movl  (%eax), %eax
89 44 24 04                   movl  %eax, 0x4(%esp)
8b 00                         movl  (%eax), %eax
99                            cdq 
89 c6                         mov %eax, %esi
31 d0                         xor %edx, %eax
c1 ee 1f                      shr $0x1f, %esi
29 d0                         sub %edx, %eax
89 b5 5c fb ff ff             movl  %esi, -0x4a4(%ebp)
89 85 20 fb ff ff             movl  %eax, -0x4e0(%ebp)
50                            pushl  %eax
8b 4c 24 10                   movl  0x10(%esp), %ecx
89 c8                         mov %ecx, %eax
01 c0                         add %eax, %eax
29 c1                         sub %eax, %ecx
8b b5 20 fb ff ff             movl  -0x4e0(%ebp), %esi
upointer
8b 45 f4                      movl  -0xc(%ebp), %eax
89 42 04                      movl  %eax, 0x4(%edx)
8b 40 04                      movl  0x4(%eax), %eax
89 44 24 1c                   movl  %eax, 0x1c(%esp)
8b 54 24 1c                   movl  0x1c(%esp), %edx
8b 44 24 1c                   movl  0x1c(%esp), %eax
8b 40 04                      movl  0x4(%eax), %eax
89 44 24 1c                   movl  %eax, 0x1c(%esp)
83 7c 24 1c 00                cmpl  $0x0, 0x1c(%esp)
75 d8                         jnz 0x8048abb
8b 44 24 1c                   movl  0x1c(%esp), %eax
e8 4f 70 00 00                calll  0x804fb20
e8 5a 8c ff ff                calll  0x8048780
8b 1c 24                      movl  (%esp), %ebx
c3                            retl  
81 c3 da 94 08 00             add $0x894da, %ebx
83 ec 08                      sub $0x8, %esp
8d 44 24 14                   leal  0x14(%esp), %eax
83 ec 04                      sub $0x4, %esp
50                            pushl  %eax
int
83 44 24 18 01                addl  $0x1, 0x18(%esp)
83 7c 24 18 06                cmpl  $0x6, 0x18(%esp)
7e d6                         jle 0x8048a70
8b 44 24 18                   movl  0x18(%esp), %eax
89 04 24                      movl  %eax, (%esp)
e8 a6 fe ff ff                calll  0x8048922
e8 6c 3a 01 00                calll  0x805c3a0
e8 d8 c3 fe ff                calll  0x8048780
8b 1c 24                      movl  (%esp), %ebx
c3                            retl  
81 c3 58 cc 07 00             add $0x7cc58, %ebx
83 ec 10                      sub $0x10, %esp
0f 85 6d 01 00 00             jnz 0x805c530
0f 87 a9 00 00 00             jnbe 0x805c478
e9 50 ff ff ff                jmp 0x805c3d6
0f 82 72 01 00 00             jb 0x805c550
0f 85 6a 01 00 00             jnz 0x805c550
0f 84 95 00 00 00             jz 0x805c490
0f 82 c9 00 00 00             jb 0x805c4d0
0f 84 29 ff ff ff             jz 0x805c407
int
83 7c 24 18 06                cmpl  $0x6, 0x18(%esp)
7e d6                         jle 0x8048a70
e8 a6 fe ff ff                calll  0x8048922
e8 6c 3a 01 00                calll  0x805c3a0
e8 d8 c3 fe ff                calll  0x8048780
8b 1c 24                      movl  (%esp), %ebx
c3                            retl  
81 c3 58 cc 07 00             add $0x7cc58, %ebx
83 ec 10                      sub $0x10, %esp
0f 85 6d 01 00 00             jnz 0x805c530
0f 87 a9 00 00 00             jnbe 0x805c478
e9 50 ff ff ff                jmp 0x805c3d6
0f 82 72 01 00 00             jb 0x805c550
0f 85 6a 01 00 00             jnz 0x805c550
0f 84 95 00 00 00             jz 0x805c490
0f 82 c9 00 00 00             jb 0x805c4d0
0f 84 29 ff ff ff             jz 0x805c407
0f 85 53 01 00 00             jnz 0x805c568
8d 83 20 05 00 00             leal  0x520(%ebx), %eax
e8 5e e2 ff ff                calll  0x805a680
int
8b 44 24 18                   movl  0x18(%esp), %eax
89 04 24                      movl  %eax, (%esp)
8b 55 08                      movl  0x8(%ebp), %edx
89 10                         movl  %edx, (%eax)
8b 00                         movl  (%eax), %eax
89 44 24 04                   movl  %eax, 0x4(%esp)
8b 00                         movl  (%eax), %eax
99                            cdq 
89 c6                         mov %eax, %esi
31 d0                         xor %edx, %eax
c1 ee 1f                      shr $0x1f, %esi
29 d0                         sub %edx, %eax
89 b5 5c fb ff ff             movl  %esi, -0x4a4(%ebp)
89 85 20 fb ff ff             movl  %eax, -0x4e0(%ebp)
50                            pushl  %eax
8b 4c 24 10                   movl  0x10(%esp), %ecx
89 c8                         mov %ecx, %eax
01 c0                         add %eax, %eax
29 c1                         sub %eax, %ecx
8b b5 20 fb ff ff             movl  -0x4e0(%ebp), %esi
upointer
8b 45 f4                      movl  -0xc(%ebp), %eax
89 42 04                      movl  %eax, 0x4(%edx)
8b 40 04                      movl  0x4(%eax), %eax
89 44 24 1c                   movl  %eax, 0x1c(%esp)
8b 54 24 1c                   movl  0x1c(%esp), %edx
8b 44 24 1c                   movl  0x1c(%esp), %eax
8b 40 04                      movl  0x4(%eax), %eax
89 44 24 1c                   movl  %eax, 0x1c(%esp)
83 7c 24 1c 00                cmpl  $0x0, 0x1c(%esp)
75 d8                         jnz 0x8048abb
8b 44 24 1c                   movl  0x1c(%esp), %eax
e8 4f 70 00 00                calll  0x804fb20
e8 5a 8c ff ff                calll  0x8048780
8b 1c 24                      movl  (%esp), %ebx
c3                            retl  
81 c3 da 94 08 00             add $0x894da, %ebx
83 ec 08                      sub $0x8, %esp
8d 44 24 14                   leal  0x14(%esp), %eax
83 ec 04                      sub $0x4, %esp
50                            pushl  %eax
int
83 44 24 18 01                addl  $0x1, 0x18(%esp)
83 7c 24 18 06                cmpl  $0x6, 0x18(%esp)
7e d6                         jle 0x8048a70
8b 44 24 18                   movl  0x18(%esp), %eax
89 04 24                      movl  %eax, (%esp)
e8 a6 fe ff ff                calll  0x8048922
e8 6c 3a 01 00                calll  0x805c3a0
e8 d8 c3 fe ff                calll  0x8048780
8b 1c 24                      movl  (%esp), %ebx
c3                            retl  
81 c3 58 cc 07 00             add $0x7cc58, %ebx
83 ec 10                      sub $0x10, %esp
0f 85 6d 01 00 00             jnz 0x805c530
0f 87 a9 00 00 00             jnbe 0x805c478
e9 50 ff ff ff                jmp 0x805c3d6
0f 82 72 01 00 00             jb 0x805c550
0f 85 6a 01 00 00             jnz 0x805c550
0f 84 95 00 00 00             jz 0x805c490
0f 82 c9 00 00 00             jb 0x805c4d0
0f 84 29 ff ff ff             jz 0x805c407
int
83 7c 24 18 06                cmpl  $0x6, 0x18(%esp)
7e d6                         jle 0x8048a70
e8 a6 fe ff ff                calll  0x8048922
e8 6c 3a 01 00                calll  0x805c3a0
e8 d8 c3 fe ff                calll  0x8048780
8b 1c 24                      movl  (%esp), %ebx
c3                            retl  
81 c3 58 cc 07 00             add $0x7cc58, %ebx
83 ec 10                      sub $0x10, %esp
0f 85 6d 01 00 00             jnz 0x805c530
0f 87 a9 00 00 00             jnbe 0x805c478
e9 50 ff ff ff                jmp 0x805c3d6
0f 82 72 01 00 00             jb 0x805c550
0f 85 6a 01 00 00             jnz 0x805c550
0f 84 95 00 00 00             jz 0x805c490
0f 82 c9 00 00 00             jb 0x805c4d0
0f 84 29 ff ff ff             jz 0x805c407
0f 85 53 01 00 00             jnz 0x805c568
8d 83 20 05 00 00             leal  0x520(%ebx), %eax
e8 5e e2 ff ff                calll  0x805a680
int
8b 44 24 18                   movl  0x18(%esp), %eax
89 04 24                      movl  %eax, (%esp)
8b 55 08                      movl  0x8(%ebp), %edx
89 10                         movl  %edx, (%eax)
8b 00                         movl  (%eax), %eax
89 44 24 04                   movl  %eax, 0x4(%esp)
8b 00                         movl  (%eax), %eax
99                            cdq 
89 c6                         mov %eax, %esi
31 d0                         xor %edx, %eax
c1 ee 1f                      shr $0x1f, %esi
29 d0                         sub %edx, %eax
89 b5 5c fb ff ff             movl  %esi, -0x4a4(%ebp)
89 85 20 fb ff ff             movl  %eax, -0x4e0(%ebp)
50                            pushl  %eax
8b 4c 24 10                   movl  0x10(%esp), %ecx
89 c8                         mov %ecx, %eax
01 c0                         add %eax, %eax
29 c1                         sub %eax, %ecx
8b b5 20 fb ff ff             movl  -0x4e0(%ebp), %esi
upointer
8b 45 f4                      movl  -0xc(%ebp), %eax
89 42 04                      movl  %eax, 0x4(%edx)
8b 40 04                      movl  0x4(%eax), %eax
89 44 24 1c                   movl  %eax, 0x1c(%esp)
8b 44 24 1c                   movl  0x1c(%esp), %eax
8b 40 04                      movl  0x4(%eax), %eax
89 44 24 1c                   movl  %eax, 0x1c(%esp)
83 7c 24 1c 00                cmpl  $0x0, 0x1c(%esp)
75 d8                         jnz 0x8048abb
8b 44 24 1c                   movl  0x1c(%esp), %eax
e8 4f 70 00 00                calll  0x804fb20
e8 5a 8c ff ff                calll  0x8048780
8b 1c 24                      movl  (%esp), %ebx
c3                            retl  
81 c3 da 94 08 00             add $0x894da, %ebx
83 ec 08                      sub $0x8, %esp
8d 44 24 14                   leal  0x14(%esp), %eax
83 ec 04                      sub $0x4, %esp
50                            pushl  %eax
e8 08 07 03 00                calll  0x8080250
int
83 44 24 18 01                addl  $0x1, 0x18(%esp)
83 7c 24 18 06                cmpl  $0x6, 0x18(%esp)
7e d6                         jle 0x8048a70
e8 6f 70 00 00                calll  0x804fb20
e8 5a 8c ff ff                calll  0x8048780
8b 1c 24                      movl  (%esp), %ebx
c3                            retl  
81 c3 da 94 08 00             add $0x894da, %ebx
83 ec 08                      sub $0x8, %esp
8d 44 24 14                   leal  0x14(%esp), %eax
83 ec 04                      sub $0x4, %esp
50                            pushl  %eax
e8 08 07 03 00                calll  0x8080250
89 e5                         mov %esp, %ebp
53                            pushl  %ebx
e8 25 85 fc ff                calll  0x8048780
8b 1c 24                      movl  (%esp), %ebx
c3                            retl  
81 c3 a5 8d 05 00             add $0x58da5, %ebx
81 ec ec 04 00 00             sub $0x4ec, %esp
int
83 7c 24 18 06                cmpl  $0x6, 0x18(%esp)
7e d6                         jle 0x8048a70
e8 6f 70 00 00                calll  0x804fb20
e8 5a 8c ff ff                calll  0x8048780
8b 1c 24                      movl  (%esp), %ebx
c3                            retl  
81 c3 da 94 08 00             add $0x894da, %ebx
83 ec 08                      sub $0x8, %esp
8d 44 24 14                   leal  0x14(%esp), %eax
83 ec 04                      sub $0x4, %esp
50                            pushl  %eax
e8 08 07 03 00                calll  0x8080250
89 e5                         mov %esp, %ebp
53                            pushl  %ebx
e8 25 85 fc ff                calll  0x8048780
8b 1c 24                      movl  (%esp), %ebx
c3                            retl  
81 c3 a5 8d 05 00             add $0x58da5, %ebx
81 ec ec 04 00 00             sub $0x4ec, %esp
8b 45 10                      movl  0x10(%ebp), %eax
upointer
8b 44 24 10                   movl  0x10(%esp), %eax
89 44 24 1c                   movl  %eax, 0x1c(%esp)
83 7c 24 1c 00                cmpl  $0x0, 0x1c(%esp)
75 d8                         jnz 0x8048abb
8b 44 24 1c                   movl  0x1c(%esp), %eax
e8 4f 70 00 00                calll  0x804fb20
e8 5a 8c ff ff                calll  0x8048780
8b 1c 24                      movl  (%esp), %ebx
c3                            retl  
81 c3 da 94 08 00             add $0x894da, %ebx
83 ec 08                      sub $0x8, %esp
8d 44 24 14                   leal  0x14(%esp), %eax
83 ec 04                      sub $0x4, %esp
50                            pushl  %eax
e8 08 07 03 00                calll  0x8080250
89 e5                         mov %esp, %ebp
53                            pushl  %ebx
e8 25 85 fc ff                calll  0x8048780
8b 1c 24                      movl  (%esp), %ebx
c3                            retl  
upointer
83 7c 24 1c 00                cmpl  $0x0, 0x1c(%esp)
75 d8                         jnz 0x8048abb
e8 4f 70 00 00                calll  0x804fb20
e8 5a 8c ff ff                calll  0x8048780
8b 1c 24                      movl  (%esp), %ebx
c3                            retl  
81 c3 da 94 08 00             add $0x894da, %ebx
83 ec 08                      sub $0x8, %esp
8d 44 24 14                   leal  0x14(%esp), %eax
83 ec 04                      sub $0x4, %esp
50                            pushl  %eax
e8 08 07 03 00                calll  0x8080250
89 e5                         mov %esp, %ebp
53                            pushl  %ebx
e8 25 85 fc ff                calll  0x8048780
8b 1c 24                      movl  (%esp), %ebx
c3                            retl  
81 c3 a5 8d 05 00             add $0x58da5, %ebx
81 ec ec 04 00 00             sub $0x4ec, %esp
8b 45 10                      movl  0x10(%ebp), %eax
upointer
83 7c 24 1c 00                cmpl  $0x0, 0x1c(%esp)
75 d8                         jnz 0x8048abb
e8 4f 70 00 00                calll  0x804fb20
e8 5a 8c ff ff                calll  0x8048780
8b 1c 24                      movl  (%esp), %ebx
c3                            retl  
81 c3 da 94 08 00             add $0x894da, %ebx
83 ec 08                      sub $0x8, %esp
8d 44 24 14                   leal  0x14(%esp), %eax
83 ec 04                      sub $0x4, %esp
50                            pushl  %eax
e8 08 07 03 00                calll  0x8080250
89 e5                         mov %esp, %ebp
53                            pushl  %ebx
e8 25 85 fc ff                calll  0x8048780
8b 1c 24                      movl  (%esp), %ebx
c3                            retl  
81 c3 a5 8d 05 00             add $0x58da5, %ebx
81 ec ec 04 00 00             sub $0x4ec, %esp
8b 45 10                      movl  0x10(%ebp), %eax
upointer
83 7c 24 1c 00                cmpl  $0x0, 0x1c(%esp)
75 d8                         jnz 0x8048abb
e8 4f 70 00 00                calll  0x804fb20
e8 5a 8c ff ff                calll  0x8048780
8b 1c 24                      movl  (%esp), %ebx
c3                            retl  
81 c3 da 94 08 00             add $0x894da, %ebx
83 ec 08                      sub $0x8, %esp
8d 44 24 14                   leal  0x14(%esp), %eax
83 ec 04                      sub $0x4, %esp
50                            pushl  %eax
e8 08 07 03 00                calll  0x8080250
89 e5                         mov %esp, %ebp
53                            pushl  %ebx
e8 25 85 fc ff                calll  0x8048780
8b 1c 24                      movl  (%esp), %ebx
c3                            retl  
81 c3 a5 8d 05 00             add $0x58da5, %ebx
81 ec ec 04 00 00             sub $0x4ec, %esp
8b 45 10                      movl  0x10(%ebp), %eax
upointer
83 7c 24 1c 00                cmpl  $0x0, 0x1c(%esp)
75 d8                         jnz 0x8048abb
e8 4f 70 00 00                calll  0x804fb20
e8 5a 8c ff ff                calll  0x8048780
8b 1c 24                      movl  (%esp), %ebx
c3                            retl  
81 c3 da 94 08 00             add $0x894da, %ebx
83 ec 08                      sub $0x8, %esp
8d 44 24 14                   leal  0x14(%esp), %eax
83 ec 04                      sub $0x4, %esp
50                            pushl  %eax
e8 08 07 03 00                calll  0x8080250
89 e5                         mov %esp, %ebp
53                            pushl  %ebx
e8 25 85 fc ff                calll  0x8048780
8b 1c 24                      movl  (%esp), %ebx
c3                            retl  
81 c3 a5 8d 05 00             add $0x58da5, %ebx
81 ec ec 04 00 00             sub $0x4ec, %esp
8b 45 10                      movl  0x10(%ebp), %eax
upointer
83 7c 24 1c 00                cmpl  $0x0, 0x1c(%esp)
75 d8                         jnz 0x8048abb
e8 4f 70 00 00                calll  0x804fb20
e8 5a 8c ff ff                calll  0x8048780
8b 1c 24                      movl  (%esp), %ebx
c3                            retl  
81 c3 da 94 08 00             add $0x894da, %ebx
83 ec 08                      sub $0x8, %esp
8d 44 24 14                   leal  0x14(%esp), %eax
83 ec 04                      sub $0x4, %esp
50                            pushl  %eax
e8 08 07 03 00                calll  0x8080250
89 e5                         mov %esp, %ebp
53                            pushl  %ebx
e8 25 85 fc ff                calll  0x8048780
8b 1c 24                      movl  (%esp), %ebx
c3                            retl  
81 c3 a5 8d 05 00             add $0x58da5, %ebx
81 ec ec 04 00 00             sub $0x4ec, %esp
8b 45 10                      movl  0x10(%ebp), %eax
upointer
83 7c 24 1c 00                cmpl  $0x0, 0x1c(%esp)
75 d8                         jnz 0x8048abb
e8 4f 70 00 00                calll  0x804fb20
e8 5a 8c ff ff                calll  0x8048780
8b 1c 24                      movl  (%esp), %ebx
c3                            retl  
81 c3 da 94 08 00             add $0x894da, %ebx
83 ec 08                      sub $0x8, %esp
8d 44 24 14                   leal  0x14(%esp), %eax
83 ec 04                      sub $0x4, %esp
50                            pushl  %eax
e8 08 07 03 00                calll  0x8080250
89 e5                         mov %esp, %ebp
53                            pushl  %ebx
e8 25 85 fc ff                calll  0x8048780
8b 1c 24                      movl  (%esp), %ebx
c3                            retl  
81 c3 a5 8d 05 00             add $0x58da5, %ebx
81 ec ec 04 00 00             sub $0x4ec, %esp
8b 45 10                      movl  0x10(%ebp), %eax
upointer
83 7c 24 1c 00                cmpl  $0x0, 0x1c(%esp)
75 d8                         jnz 0x8048abb
e8 61 78 00 00                calll  0x8050350
e8 a8 cc ff ff                calll  0x804d003
8b 3c 24                      movl  (%esp), %edi
c3                            retl  
81 c7 a5 8c 08 00             add $0x88ca5, %edi
83 ec 28                      sub $0x28, %esp
89 fb                         mov %edi, %ebx
e8 22 b1 01 00                calll  0x806b490
74 24                         jz 0x806b4c1
7a 17                         jp 0x806b4b6
0f 84 88 00 00 00             jz 0x806b546
73 58                         jnb 0x806b529
75 4e                         jnz 0x806b529
74 0f                         jz 0x806b546
74 0a                         jz 0x806b546
74 01                         jz 0x806b546
c3                            retl  
83 c4 10                      add $0x10, %esp
upointer
8b 44 24 10                   movl  0x10(%esp), %eax
89 04 24                      movl  %eax, (%esp)
83 7d 08 00                   cmpl  $0x0, 0x8(%ebp)
74 25                         jz 0x8048920
8b 45 08                      movl  0x8(%ebp), %eax
89 45 f0                      movl  %eax, -0x10(%ebp)
8b 45 08                      movl  0x8(%ebp), %eax
89 44 24 04                   movl  %eax, 0x4(%esp)
e8 61 ff ff ff                calll  0x8048874
83 7d 0c 00                   cmpl  $0x0, 0xc(%ebp)
74 0a                         jz 0x804888a
8b 45 0c                      movl  0xc(%ebp), %eax
75 05                         jnz 0x804888f
8b 45 0c                      movl  0xc(%ebp), %eax
e8 d0 ff ff ff                calll  0x8048874
74 0a                         jz 0x804888a
75 05                         jnz 0x804888f
e8 d0 ff ff ff                calll  0x8048874
74 0a                         jz 0x804888a
75 05                         jnz 0x804888f
upointer
8b 55 f4                      movl  -0xc(%ebp), %edx
89 50 04                      movl  %edx, 0x4(%eax)
8b 40 04                      movl  0x4(%eax), %eax
89 44 24 1c                   movl  %eax, 0x1c(%esp)
83 7c 24 1c 00                cmpl  $0x0, 0x1c(%esp)
75 d8                         jnz 0x8048b11
8b 44 24 1c                   movl  0x1c(%esp), %eax
e8 f9 6f 00 00                calll  0x804fb20
e8 5a 8c ff ff                calll  0x8048780
8b 1c 24                      movl  (%esp), %ebx
c3                            retl  
81 c3 da 94 08 00             add $0x894da, %ebx
83 ec 08                      sub $0x8, %esp
8d 44 24 14                   leal  0x14(%esp), %eax
83 ec 04                      sub $0x4, %esp
50                            pushl  %eax
e8 08 07 03 00                calll  0x8080250
89 e5                         mov %esp, %ebp
53                            pushl  %ebx
e8 25 85 fc ff                calll  0x8048780
upointer
8b 55 f0                      movl  -0x10(%ebp), %edx
89 10                         movl  %edx, (%eax)
8b 00                         movl  (%eax), %eax
8b 00                         movl  (%eax), %eax
8b 00                         movl  (%eax), %eax
8b 00                         movl  (%eax), %eax
upointer
8b 55 f0                      movl  -0x10(%ebp), %edx
89 50 04                      movl  %edx, 0x4(%eax)
8b 40 04                      movl  0x4(%eax), %eax
89 44 24 1c                   movl  %eax, 0x1c(%esp)
83 7c 24 1c 00                cmpl  $0x0, 0x1c(%esp)
75 d8                         jnz 0x8048b11
8b 44 24 1c                   movl  0x1c(%esp), %eax
e8 f9 6f 00 00                calll  0x804fb20
e8 5a 8c ff ff                calll  0x8048780
8b 1c 24                      movl  (%esp), %ebx
c3                            retl  
81 c3 da 94 08 00             add $0x894da, %ebx
83 ec 08                      sub $0x8, %esp
8d 44 24 14                   leal  0x14(%esp), %eax
83 ec 04                      sub $0x4, %esp
50                            pushl  %eax
e8 08 07 03 00                calll  0x8080250
89 e5                         mov %esp, %ebp
53                            pushl  %ebx
e8 25 85 fc ff                calll  0x8048780
upointer
8b 55 f4                      movl  -0xc(%ebp), %edx
89 50 04                      movl  %edx, 0x4(%eax)
8b 40 04                      movl  0x4(%eax), %eax
89 44 24 1c                   movl  %eax, 0x1c(%esp)
83 7c 24 1c 00                cmpl  $0x0, 0x1c(%esp)
75 d8                         jnz 0x8048b11
8b 44 24 1c                   movl  0x1c(%esp), %eax
e8 f9 6f 00 00                calll  0x804fb20
e8 5a 8c ff ff                calll  0x8048780
8b 1c 24                      movl  (%esp), %ebx
c3                            retl  
81 c3 da 94 08 00             add $0x894da, %ebx
83 ec 08                      sub $0x8, %esp
8d 44 24 14                   leal  0x14(%esp), %eax
83 ec 04                      sub $0x4, %esp
50                            pushl  %eax
e8 08 07 03 00                calll  0x8080250
89 e5                         mov %esp, %ebp
53                            pushl  %ebx
e8 25 85 fc ff                calll  0x8048780
upointer
8b 55 f0                      movl  -0x10(%ebp), %edx
89 10                         movl  %edx, (%eax)
8b 00                         movl  (%eax), %eax
8b 00                         movl  (%eax), %eax
8b 00                         movl  (%eax), %eax
8b 00                         movl  (%eax), %eax
8b 00                         movl  (%eax), %eax
8b 00                         movl  (%eax), %eax
upointer
8b 55 f0                      movl  -0x10(%ebp), %edx
89 50 04                      movl  %edx, 0x4(%eax)
8b 40 04                      movl  0x4(%eax), %eax
89 44 24 1c                   movl  %eax, 0x1c(%esp)
83 7c 24 1c 00                cmpl  $0x0, 0x1c(%esp)
75 d8                         jnz 0x8048b11
8b 44 24 1c                   movl  0x1c(%esp), %eax
e8 f9 6f 00 00                calll  0x804fb20
e8 5a 8c ff ff                calll  0x8048780
8b 1c 24                      movl  (%esp), %ebx
c3                            retl  
81 c3 da 94 08 00             add $0x894da, %ebx
83 ec 08                      sub $0x8, %esp
8d 44 24 14                   leal  0x14(%esp), %eax
83 ec 04                      sub $0x4, %esp
50                            pushl  %eax
e8 08 07 03 00                calll  0x8080250
89 e5                         mov %esp, %ebp
53                            pushl  %ebx
e8 25 85 fc ff                calll  0x8048780
upointer
3b 45 f4                      cmpl  -0xc(%ebp), %eax
74 0d                         jz 0x80488be
75 05                         jnz 0x80488c3
eb 2a                         jmp 0x80488ed
upointer
8b 45 f4                      movl  -0xc(%ebp), %eax
89 45 f4                      movl  %eax, -0xc(%ebp)
3b 45 f4                      cmpl  -0xc(%ebp), %eax
74 0d                         jz 0x80488be
3b 45 f4                      cmpl  -0xc(%ebp), %eax
75 05                         jnz 0x80488c3
8b 45 f4                      movl  -0xc(%ebp), %eax
eb 2a                         jmp 0x80488ed
89 45 f4                      movl  %eax, -0xc(%ebp)
3b 45 f4                      cmpl  -0xc(%ebp), %eax
74 0d                         jz 0x80488be
3b 45 f4                      cmpl  -0xc(%ebp), %eax
75 05                         jnz 0x80488c3
8b 45 f4                      movl  -0xc(%ebp), %eax
eb 2a                         jmp 0x80488ed
89 45 f4                      movl  %eax, -0xc(%ebp)
8b 45 f4                      movl  -0xc(%ebp), %eax
upointer
3b 45 f4                      cmpl  -0xc(%ebp), %eax
74 0d                         jz 0x80488be
75 05                         jnz 0x80488c3
eb 2a                         jmp 0x80488ed
upointer
8b 45 f4                      movl  -0xc(%ebp), %eax
89 45 f4                      movl  %eax, -0xc(%ebp)
3b 45 f4                      cmpl  -0xc(%ebp), %eax
74 0d                         jz 0x80488be
3b 45 f4                      cmpl  -0xc(%ebp), %eax
75 05                         jnz 0x80488c3
8b 45 f4                      movl  -0xc(%ebp), %eax
eb 2a                         jmp 0x80488ed
89 45 f4                      movl  %eax, -0xc(%ebp)
8b 45 f4                      movl  -0xc(%ebp), %eax
upointer
3b 45 f4                      cmpl  -0xc(%ebp), %eax
74 0d                         jz 0x80488be
75 05                         jnz 0x80488c3
eb 2a                         jmp 0x80488ed
upointer
8b 44 24 10                   movl  0x10(%esp), %eax
89 44 24 1c                   movl  %eax, 0x1c(%esp)
83 7c 24 1c 00                cmpl  $0x0, 0x1c(%esp)
75 d8                         jnz 0x8048b11
8b 44 24 1c                   movl  0x1c(%esp), %eax
e8 f9 6f 00 00                calll  0x804fb20
e8 5a 8c ff ff                calll  0x8048780
8b 1c 24                      movl  (%esp), %ebx
c3                            retl  
81 c3 da 94 08 00             add $0x894da, %ebx
83 ec 08                      sub $0x8, %esp
8d 44 24 14                   leal  0x14(%esp), %eax
83 ec 04                      sub $0x4, %esp
50                            pushl  %eax
e8 08 07 03 00                calll  0x8080250
89 e5                         mov %esp, %ebp
53                            pushl  %ebx
e8 25 85 fc ff                calll  0x8048780
8b 1c 24                      movl  (%esp), %ebx
c3                            retl  
upointer
83 7c 24 1c 00                cmpl  $0x0, 0x1c(%esp)
75 d8                         jnz 0x8048b11
e8 f9 6f 00 00                calll  0x804fb20
e8 5a 8c ff ff                calll  0x8048780
8b 1c 24                      movl  (%esp), %ebx
c3                            retl  
81 c3 da 94 08 00             add $0x894da, %ebx
83 ec 08                      sub $0x8, %esp
8d 44 24 14                   leal  0x14(%esp), %eax
83 ec 04                      sub $0x4, %esp
50                            pushl  %eax
e8 08 07 03 00                calll  0x8080250
89 e5                         mov %esp, %ebp
53                            pushl  %ebx
e8 25 85 fc ff                calll  0x8048780
8b 1c 24                      movl  (%esp), %ebx
c3                            retl  
81 c3 a5 8d 05 00             add $0x58da5, %ebx
81 ec ec 04 00 00             sub $0x4ec, %esp
8b 45 10                      movl  0x10(%ebp), %eax
upointer
83 7c 24 1c 00                cmpl  $0x0, 0x1c(%esp)
75 d8                         jnz 0x8048b11
e8 f9 6f 00 00                calll  0x804fb20
e8 5a 8c ff ff                calll  0x8048780
8b 1c 24                      movl  (%esp), %ebx
c3                            retl  
81 c3 da 94 08 00             add $0x894da, %ebx
83 ec 08                      sub $0x8, %esp
8d 44 24 14                   leal  0x14(%esp), %eax
83 ec 04                      sub $0x4, %esp
50                            pushl  %eax
e8 08 07 03 00                calll  0x8080250
89 e5                         mov %esp, %ebp
53                            pushl  %ebx
e8 25 85 fc ff                calll  0x8048780
8b 1c 24                      movl  (%esp), %ebx
c3                            retl  
81 c3 a5 8d 05 00             add $0x58da5, %ebx
81 ec ec 04 00 00             sub $0x4ec, %esp
8b 45 10                      movl  0x10(%ebp), %eax
upointer
83 7c 24 1c 00                cmpl  $0x0, 0x1c(%esp)
75 d8                         jnz 0x8048b11
e8 f9 6f 00 00                calll  0x804fb20
e8 5a 8c ff ff                calll  0x8048780
8b 1c 24                      movl  (%esp), %ebx
c3                            retl  
81 c3 da 94 08 00             add $0x894da, %ebx
83 ec 08                      sub $0x8, %esp
8d 44 24 14                   leal  0x14(%esp), %eax
83 ec 04                      sub $0x4, %esp
50                            pushl  %eax
e8 08 07 03 00                calll  0x8080250
89 e5                         mov %esp, %ebp
53                            pushl  %ebx
e8 25 85 fc ff                calll  0x8048780
8b 1c 24                      movl  (%esp), %ebx
c3                            retl  
81 c3 a5 8d 05 00             add $0x58da5, %ebx
81 ec ec 04 00 00             sub $0x4ec, %esp
8b 45 10                      movl  0x10(%ebp), %eax
upointer
83 7c 24 1c 00                cmpl  $0x0, 0x1c(%esp)
75 d8                         jnz 0x8048b11
e8 f9 6f 00 00                calll  0x804fb20
e8 5a 8c ff ff                calll  0x8048780
8b 1c 24                      movl  (%esp), %ebx
c3                            retl  
81 c3 da 94 08 00             add $0x894da, %ebx
83 ec 08                      sub $0x8, %esp
8d 44 24 14                   leal  0x14(%esp), %eax
83 ec 04                      sub $0x4, %esp
50                            pushl  %eax
e8 08 07 03 00                calll  0x8080250
89 e5                         mov %esp, %ebp
53                            pushl  %ebx
e8 25 85 fc ff                calll  0x8048780
8b 1c 24                      movl  (%esp), %ebx
c3                            retl  
81 c3 a5 8d 05 00             add $0x58da5, %ebx
81 ec ec 04 00 00             sub $0x4ec, %esp
8b 45 10                      movl  0x10(%ebp), %eax
upointer
83 7c 24 1c 00                cmpl  $0x0, 0x1c(%esp)
75 d8                         jnz 0x8048b11
e8 f9 6f 00 00                calll  0x804fb20
e8 5a 8c ff ff                calll  0x8048780
8b 1c 24                      movl  (%esp), %ebx
c3                            retl  
81 c3 da 94 08 00             add $0x894da, %ebx
83 ec 08                      sub $0x8, %esp
8d 44 24 14                   leal  0x14(%esp), %eax
83 ec 04                      sub $0x4, %esp
50                            pushl  %eax
e8 08 07 03 00                calll  0x8080250
89 e5                         mov %esp, %ebp
53                            pushl  %ebx
e8 25 85 fc ff                calll  0x8048780
8b 1c 24                      movl  (%esp), %ebx
c3                            retl  
81 c3 a5 8d 05 00             add $0x58da5, %ebx
81 ec ec 04 00 00             sub $0x4ec, %esp
8b 45 10                      movl  0x10(%ebp), %eax
upointer
83 7c 24 1c 00                cmpl  $0x0, 0x1c(%esp)
75 d8                         jnz 0x8048b11
e8 f9 6f 00 00                calll  0x804fb20
e8 5a 8c ff ff                calll  0x8048780
8b 1c 24                      movl  (%esp), %ebx
c3                            retl  
81 c3 da 94 08 00             add $0x894da, %ebx
83 ec 08                      sub $0x8, %esp
8d 44 24 14                   leal  0x14(%esp), %eax
83 ec 04                      sub $0x4, %esp
50                            pushl  %eax
e8 08 07 03 00                calll  0x8080250
89 e5                         mov %esp, %ebp
53                            pushl  %ebx
e8 25 85 fc ff                calll  0x8048780
8b 1c 24                      movl  (%esp), %ebx
c3                            retl  
81 c3 a5 8d 05 00             add $0x58da5, %ebx
81 ec ec 04 00 00             sub $0x4ec, %esp
8b 45 10                      movl  0x10(%ebp), %eax
upointer
83 7c 24 1c 00                cmpl  $0x0, 0x1c(%esp)
75 d8                         jnz 0x8048b11
e8 0b 78 00 00                calll  0x8050350
e8 a8 cc ff ff                calll  0x804d003
8b 3c 24                      movl  (%esp), %edi
c3                            retl  
81 c7 a5 8c 08 00             add $0x88ca5, %edi
83 ec 28                      sub $0x28, %esp
89 fb                         mov %edi, %ebx
e8 22 b1 01 00                calll  0x806b490
74 24                         jz 0x806b4c1
7a 17                         jp 0x806b4b6
0f 84 88 00 00 00             jz 0x806b546
73 58                         jnb 0x806b529
75 4e                         jnz 0x806b529
74 0f                         jz 0x806b546
74 0a                         jz 0x806b546
74 01                         jz 0x806b546
c3                            retl  
83 c4 10                      add $0x10, %esp
