upointer
8b 44 24 28                   movl  0x28(%esp), %eax
89 44 24 24                   movl  %eax, 0x24(%esp)
8b 44 24 24                   movl  0x24(%esp), %eax
8b 44 24 24                   movl  0x24(%esp), %eax
8b 44 24 24                   movl  0x24(%esp), %eax
8b 44 24 24                   movl  0x24(%esp), %eax
8b 44 24 24                   movl  0x24(%esp), %eax
8b 44 24 24                   movl  0x24(%esp), %eax
89 04 24                      movl  %eax, (%esp)
83 7d 08 00                   cmpl  $0x0, 0x8(%ebp)
75 0a                         jnz 0x804893e
e8 70 45 01 00                calll  0x805ced0
e8 a7 b8 fe ff                calll  0x8048780
8b 1c 24                      movl  (%esp), %ebx
c3                            retl  
81 c3 27 c1 07 00             add $0x7c127, %ebx
83 ec 1c                      sub $0x1c, %esp
76 08                         jbe 0x805cf02
0f 85 d0 01 00 00             jnz 0x805d0e0
0f 84 22 02 00 00             jz 0x805d140
upointer
83 44 24 28 0c                addl  $0xc, 0x28(%esp)
8b 54 24 28                   movl  0x28(%esp), %edx
89 50 04                      movl  %edx, 0x4(%eax)
8b 44 24 28                   movl  0x28(%esp), %eax
8b 40 04                      movl  0x4(%eax), %eax
83 44 24 28 0c                addl  $0xc, 0x28(%esp)
8b 54 24 28                   movl  0x28(%esp), %edx
89 50 04                      movl  %edx, 0x4(%eax)
8b 44 24 28                   movl  0x28(%esp), %eax
8b 44 24 28                   movl  0x28(%esp), %eax
8b 44 24 28                   movl  0x28(%esp), %eax
8b 44 24 28                   movl  0x28(%esp), %eax
8b 40 04                      movl  0x4(%eax), %eax
83 44 24 28 0c                addl  $0xc, 0x28(%esp)
8b 54 24 28                   movl  0x28(%esp), %edx
89 50 08                      movl  %edx, 0x8(%eax)
8b 44 24 28                   movl  0x28(%esp), %eax
8b 44 24 28                   movl  0x28(%esp), %eax
8b 44 24 28                   movl  0x28(%esp), %eax
8b 44 24 28                   movl  0x28(%esp), %eax
upointer
8b 54 24 28                   movl  0x28(%esp), %edx
89 50 04                      movl  %edx, 0x4(%eax)
8b 40 04                      movl  0x4(%eax), %eax
8b 40 04                      movl  0x4(%eax), %eax
8b 40 04                      movl  0x4(%eax), %eax
89 45 f4                      movl  %eax, -0xc(%ebp)
83 7d f4 00                   cmpl  $0x0, -0xc(%ebp)
74 1d                         jz 0x8048998
8b 45 f4                      movl  -0xc(%ebp), %eax
89 44 24 04                   movl  %eax, 0x4(%esp)
e8 e7 fe ff ff                calll  0x8048874
74 41                         jz 0x80488c1
e8 3c 46 01 00                calll  0x805ced0
e8 a7 b8 fe ff                calll  0x8048780
8b 1c 24                      movl  (%esp), %ebx
c3                            retl  
81 c3 27 c1 07 00             add $0x7c127, %ebx
83 ec 1c                      sub $0x1c, %esp
76 08                         jbe 0x805cf02
0f 85 d0 01 00 00             jnz 0x805d0e0
upointer
83 44 24 28 0c                addl  $0xc, 0x28(%esp)
8b 54 24 28                   movl  0x28(%esp), %edx
89 50 04                      movl  %edx, 0x4(%eax)
8b 44 24 28                   movl  0x28(%esp), %eax
8b 44 24 28                   movl  0x28(%esp), %eax
8b 44 24 28                   movl  0x28(%esp), %eax
8b 44 24 28                   movl  0x28(%esp), %eax
83 44 24 28 0c                addl  $0xc, 0x28(%esp)
8b 54 24 28                   movl  0x28(%esp), %edx
89 50 08                      movl  %edx, 0x8(%eax)
8b 44 24 28                   movl  0x28(%esp), %eax
8b 44 24 28                   movl  0x28(%esp), %eax
8b 44 24 28                   movl  0x28(%esp), %eax
8b 44 24 28                   movl  0x28(%esp), %eax
83 44 24 28 0c                addl  $0xc, 0x28(%esp)
8b 54 24 28                   movl  0x28(%esp), %edx
89 50 08                      movl  %edx, 0x8(%eax)
8b 44 24 28                   movl  0x28(%esp), %eax
8b 44 24 28                   movl  0x28(%esp), %eax
8b 44 24 28                   movl  0x28(%esp), %eax
upointer
8b 54 24 28                   movl  0x28(%esp), %edx
89 50 04                      movl  %edx, 0x4(%eax)
8b 40 04                      movl  0x4(%eax), %eax
89 45 f4                      movl  %eax, -0xc(%ebp)
83 7d f4 00                   cmpl  $0x0, -0xc(%ebp)
74 1d                         jz 0x8048998
8b 45 f4                      movl  -0xc(%ebp), %eax
89 44 24 04                   movl  %eax, 0x4(%esp)
e8 e7 fe ff ff                calll  0x8048874
74 41                         jz 0x80488c1
e8 3c 46 01 00                calll  0x805ced0
e8 a7 b8 fe ff                calll  0x8048780
8b 1c 24                      movl  (%esp), %ebx
c3                            retl  
81 c3 27 c1 07 00             add $0x7c127, %ebx
83 ec 1c                      sub $0x1c, %esp
76 08                         jbe 0x805cf02
0f 85 d0 01 00 00             jnz 0x805d0e0
0f 84 22 02 00 00             jz 0x805d140
0f 85 34 02 00 00             jnz 0x805d160
upointer
83 44 24 28 0c                addl  $0xc, 0x28(%esp)
8b 54 24 28                   movl  0x28(%esp), %edx
89 50 08                      movl  %edx, 0x8(%eax)
8b 44 24 28                   movl  0x28(%esp), %eax
8b 44 24 28                   movl  0x28(%esp), %eax
8b 44 24 28                   movl  0x28(%esp), %eax
8b 44 24 28                   movl  0x28(%esp), %eax
83 44 24 28 0c                addl  $0xc, 0x28(%esp)
8b 54 24 28                   movl  0x28(%esp), %edx
89 50 08                      movl  %edx, 0x8(%eax)
8b 44 24 28                   movl  0x28(%esp), %eax
8b 44 24 28                   movl  0x28(%esp), %eax
8b 44 24 28                   movl  0x28(%esp), %eax
8b 44 24 28                   movl  0x28(%esp), %eax
8b 40 08                      movl  0x8(%eax), %eax
85 c0                         test %eax, %eax
74 16                         jz 0x80489cd
8b 40 08                      movl  0x8(%eax), %eax
74 0b                         jz 0x80489cd
8b 40 08                      movl  0x8(%eax), %eax
upointer
8b 54 24 28                   movl  0x28(%esp), %edx
89 50 08                      movl  %edx, 0x8(%eax)
8b 40 08                      movl  0x8(%eax), %eax
85 c0                         test %eax, %eax
74 16                         jz 0x80489cd
8b 40 08                      movl  0x8(%eax), %eax
74 0b                         jz 0x80489cd
8b 40 08                      movl  0x8(%eax), %eax
89 45 f4                      movl  %eax, -0xc(%ebp)
eb 31                         jmp 0x80489fe
0f 85 6c ff ff ff             jnz 0x8048975
83 7d f4 00                   cmpl  $0x0, -0xc(%ebp)
74 1d                         jz 0x8048998
8b 45 f4                      movl  -0xc(%ebp), %eax
89 44 24 04                   movl  %eax, 0x4(%esp)
e8 e7 fe ff ff                calll  0x8048874
74 41                         jz 0x80488c1
e8 3c 46 01 00                calll  0x805ced0
e8 a7 b8 fe ff                calll  0x8048780
8b 1c 24                      movl  (%esp), %ebx
upointer
83 44 24 28 0c                addl  $0xc, 0x28(%esp)
8b 54 24 28                   movl  0x28(%esp), %edx
89 50 08                      movl  %edx, 0x8(%eax)
8b 44 24 28                   movl  0x28(%esp), %eax
8b 44 24 28                   movl  0x28(%esp), %eax
8b 44 24 28                   movl  0x28(%esp), %eax
8b 44 24 28                   movl  0x28(%esp), %eax
8b 40 08                      movl  0x8(%eax), %eax
85 c0                         test %eax, %eax
74 16                         jz 0x80489cd
8b 40 08                      movl  0x8(%eax), %eax
74 0b                         jz 0x80489cd
8b 40 08                      movl  0x8(%eax), %eax
89 45 f4                      movl  %eax, -0xc(%ebp)
eb 31                         jmp 0x80489fe
0f 85 6c ff ff ff             jnz 0x8048975
83 7d f4 00                   cmpl  $0x0, -0xc(%ebp)
74 1d                         jz 0x8048998
8b 45 f4                      movl  -0xc(%ebp), %eax
89 44 24 04                   movl  %eax, 0x4(%esp)
upointer
8b 54 24 28                   movl  0x28(%esp), %edx
89 50 08                      movl  %edx, 0x8(%eax)
8b 40 08                      movl  0x8(%eax), %eax
85 c0                         test %eax, %eax
74 16                         jz 0x80489cd
8b 40 08                      movl  0x8(%eax), %eax
74 0b                         jz 0x80489cd
8b 40 08                      movl  0x8(%eax), %eax
89 45 f4                      movl  %eax, -0xc(%ebp)
eb 31                         jmp 0x80489fe
0f 85 6c ff ff ff             jnz 0x8048975
83 7d f4 00                   cmpl  $0x0, -0xc(%ebp)
74 1d                         jz 0x8048998
8b 45 f4                      movl  -0xc(%ebp), %eax
89 44 24 04                   movl  %eax, 0x4(%esp)
e8 e7 fe ff ff                calll  0x8048874
74 41                         jz 0x80488c1
e8 3c 46 01 00                calll  0x805ced0
e8 a7 b8 fe ff                calll  0x8048780
8b 1c 24                      movl  (%esp), %ebx
upointer
8b 44 24 24                   movl  0x24(%esp), %eax
89 04 24                      movl  %eax, (%esp)
83 7d 08 00                   cmpl  $0x0, 0x8(%ebp)
75 0a                         jnz 0x804893e
e8 70 45 01 00                calll  0x805ced0
e8 a7 b8 fe ff                calll  0x8048780
8b 1c 24                      movl  (%esp), %ebx
c3                            retl  
81 c3 27 c1 07 00             add $0x7c127, %ebx
83 ec 1c                      sub $0x1c, %esp
76 08                         jbe 0x805cf02
0f 85 d0 01 00 00             jnz 0x805d0e0
0f 84 22 02 00 00             jz 0x805d140
0f 85 34 02 00 00             jnz 0x805d160
8d bb 20 05 00 00             leal  0x520(%ebx), %edi
89 f8                         mov %edi, %eax
e8 d1 d6 ff ff                calll  0x805a620
57                            pushl  %edi
53                            pushl  %ebx
e8 ca ee fe ff                calll  0x80494f6
upointer
83 7d f4 00                   cmpl  $0x0, -0xc(%ebp)
0f 85 62 ff ff ff             jnz 0x8048975
74 1d                         jz 0x8048998
e8 e7 fe ff ff                calll  0x8048874
74 41                         jz 0x80488c1
e8 3c 46 01 00                calll  0x805ced0
e8 a7 b8 fe ff                calll  0x8048780
8b 1c 24                      movl  (%esp), %ebx
c3                            retl  
81 c3 27 c1 07 00             add $0x7c127, %ebx
83 ec 1c                      sub $0x1c, %esp
76 08                         jbe 0x805cf02
0f 85 d0 01 00 00             jnz 0x805d0e0
0f 84 22 02 00 00             jz 0x805d140
0f 85 34 02 00 00             jnz 0x805d160
8d bb 20 05 00 00             leal  0x520(%ebx), %edi
89 f8                         mov %edi, %eax
e8 d1 d6 ff ff                calll  0x805a620
57                            pushl  %edi
53                            pushl  %ebx
upointer
83 7d f4 00                   cmpl  $0x0, -0xc(%ebp)
74 1d                         jz 0x8048998
e8 e7 fe ff ff                calll  0x8048874
74 41                         jz 0x80488c1
e8 3c 46 01 00                calll  0x805ced0
e8 a7 b8 fe ff                calll  0x8048780
8b 1c 24                      movl  (%esp), %ebx
c3                            retl  
81 c3 27 c1 07 00             add $0x7c127, %ebx
83 ec 1c                      sub $0x1c, %esp
76 08                         jbe 0x805cf02
0f 85 d0 01 00 00             jnz 0x805d0e0
0f 84 22 02 00 00             jz 0x805d140
0f 85 34 02 00 00             jnz 0x805d160
8d bb 20 05 00 00             leal  0x520(%ebx), %edi
89 f8                         mov %edi, %eax
e8 d1 d6 ff ff                calll  0x805a620
57                            pushl  %edi
53                            pushl  %ebx
e8 ca ee fe ff                calll  0x80494f6
upointer
8b 45 f4                      movl  -0xc(%ebp), %eax
89 44 24 04                   movl  %eax, 0x4(%esp)
8b 55 0c                      movl  0xc(%ebp), %edx
89 10                         movl  %edx, (%eax)
8b 00                         movl  (%eax), %eax
89 45 e8                      movl  %eax, -0x18(%ebp)
8b 45 e8                      movl  -0x18(%ebp), %eax
8b 45 e8                      movl  -0x18(%ebp), %eax
8b 45 e8                      movl  -0x18(%ebp), %eax
8b 00                         movl  (%eax), %eax
89 45 e8                      movl  %eax, -0x18(%ebp)
8b 45 e8                      movl  -0x18(%ebp), %eax
8b 45 e8                      movl  -0x18(%ebp), %eax
8b 45 e8                      movl  -0x18(%ebp), %eax
8b 45 e8                      movl  -0x18(%ebp), %eax
89 45 f0                      movl  %eax, -0x10(%ebp)
upointer
83 7d f4 00                   cmpl  $0x0, -0xc(%ebp)
74 1d                         jz 0x8048998
e8 e7 fe ff ff                calll  0x8048874
74 41                         jz 0x80488c1
e8 3c 46 01 00                calll  0x805ced0
e8 a7 b8 fe ff                calll  0x8048780
8b 1c 24                      movl  (%esp), %ebx
c3                            retl  
81 c3 27 c1 07 00             add $0x7c127, %ebx
83 ec 1c                      sub $0x1c, %esp
76 08                         jbe 0x805cf02
0f 85 d0 01 00 00             jnz 0x805d0e0
0f 84 22 02 00 00             jz 0x805d140
0f 85 34 02 00 00             jnz 0x805d160
8d bb 20 05 00 00             leal  0x520(%ebx), %edi
89 f8                         mov %edi, %eax
e8 d1 d6 ff ff                calll  0x805a620
57                            pushl  %edi
53                            pushl  %ebx
e8 ca ee fe ff                calll  0x80494f6
upointer
8b 45 f4                      movl  -0xc(%ebp), %eax
89 44 24 04                   movl  %eax, 0x4(%esp)
8b 55 0c                      movl  0xc(%ebp), %edx
89 10                         movl  %edx, (%eax)
8b 00                         movl  (%eax), %eax
89 45 e8                      movl  %eax, -0x18(%ebp)
8b 45 e8                      movl  -0x18(%ebp), %eax
8b 45 e8                      movl  -0x18(%ebp), %eax
8b 45 e8                      movl  -0x18(%ebp), %eax
8b 00                         movl  (%eax), %eax
89 45 e8                      movl  %eax, -0x18(%ebp)
8b 45 e8                      movl  -0x18(%ebp), %eax
8b 45 e8                      movl  -0x18(%ebp), %eax
8b 45 e8                      movl  -0x18(%ebp), %eax
8b 45 e8                      movl  -0x18(%ebp), %eax
89 45 f0                      movl  %eax, -0x10(%ebp)
3b 45 f0                      cmpl  -0x10(%ebp), %eax
74 0b                         jz 0x80489cd
eb 31                         jmp 0x80489fe
0f 85 6c ff ff ff             jnz 0x8048975
upointer
83 7d f4 00                   cmpl  $0x0, -0xc(%ebp)
74 1d                         jz 0x8048998
e8 e7 fe ff ff                calll  0x8048874
74 41                         jz 0x80488c1
e8 3c 46 01 00                calll  0x805ced0
e8 a7 b8 fe ff                calll  0x8048780
8b 1c 24                      movl  (%esp), %ebx
c3                            retl  
81 c3 27 c1 07 00             add $0x7c127, %ebx
83 ec 1c                      sub $0x1c, %esp
76 08                         jbe 0x805cf02
0f 85 d0 01 00 00             jnz 0x805d0e0
0f 84 22 02 00 00             jz 0x805d140
0f 85 34 02 00 00             jnz 0x805d160
8d bb 20 05 00 00             leal  0x520(%ebx), %edi
89 f8                         mov %edi, %eax
e8 d1 d6 ff ff                calll  0x805a620
57                            pushl  %edi
53                            pushl  %ebx
e8 ca ee fe ff                calll  0x80494f6
upointer
8b 45 f4                      movl  -0xc(%ebp), %eax
89 44 24 04                   movl  %eax, 0x4(%esp)
8b 55 0c                      movl  0xc(%ebp), %edx
89 10                         movl  %edx, (%eax)
8b 00                         movl  (%eax), %eax
89 45 e8                      movl  %eax, -0x18(%ebp)
8b 45 e8                      movl  -0x18(%ebp), %eax
8b 45 e8                      movl  -0x18(%ebp), %eax
8b 45 e8                      movl  -0x18(%ebp), %eax
89 45 f0                      movl  %eax, -0x10(%ebp)
3b 45 f0                      cmpl  -0x10(%ebp), %eax
74 0b                         jz 0x80489cd
eb 31                         jmp 0x80489fe
0f 85 6c ff ff ff             jnz 0x8048975
74 1d                         jz 0x8048998
e8 e7 fe ff ff                calll  0x8048874
74 41                         jz 0x80488c1
e8 3c 46 01 00                calll  0x805ced0
e8 a7 b8 fe ff                calll  0x8048780
8b 1c 24                      movl  (%esp), %ebx
upointer
83 7d f4 00                   cmpl  $0x0, -0xc(%ebp)
74 1d                         jz 0x8048998
e8 19 ff ff ff                calll  0x80488c3
74 07                         jz 0x80488d4
eb 05                         jmp 0x80488d9
c3                            retl  
74 16                         jz 0x80489cd
e8 03 ff ff ff                calll  0x80488db
89 e5                         mov %esp, %ebp
83 ec 28                      sub $0x28, %esp
74 36                         jz 0x804891d
74 2d                         jz 0x804891d
e8 23 40 01 00                calll  0x805c940
e8 02 cf fe ff                calll  0x8049849
8b 34 24                      movl  (%esp), %esi
c3                            retl  
81 c6 b9 c6 07 00             add $0x7c6b9, %esi
83 ec 14                      sub $0x14, %esp
0f 85 7e 00 00 00             jnz 0x805c9e0
0f 84 83 00 00 00             jz 0x805c9ed
Unknow
8b 45 e0                      movl  -0x20(%ebp), %eax
89 04 24                      movl  %eax, (%esp)
8b 45 08                      movl  0x8(%ebp), %eax
85 c0                         test %eax, %eax
74 07                         jz 0x80488d4
8b 45 08                      movl  0x8(%ebp), %eax
eb 05                         jmp 0x80488d9
upointer
83 7d f4 00                   cmpl  $0x0, -0xc(%ebp)
74 1d                         jz 0x8048998
e8 19 ff ff ff                calll  0x80488c3
74 07                         jz 0x80488d4
eb 05                         jmp 0x80488d9
c3                            retl  
74 16                         jz 0x80489cd
74 0b                         jz 0x80489cd
eb 31                         jmp 0x80489fe
0f 85 6c ff ff ff             jnz 0x8048975
74 1d                         jz 0x8048998
e8 e7 fe ff ff                calll  0x8048874
89 e5                         mov %esp, %ebp
83 ec 28                      sub $0x28, %esp
74 41                         jz 0x80488c1
e8 3c 46 01 00                calll  0x805ced0
55                            pushl  %ebp
e8 a7 b8 fe ff                calll  0x8048780
8b 1c 24                      movl  (%esp), %ebx
c3                            retl  
Unknow
8b 45 e0                      movl  -0x20(%ebp), %eax
89 04 24                      movl  %eax, (%esp)
8b 45 08                      movl  0x8(%ebp), %eax
85 c0                         test %eax, %eax
74 07                         jz 0x80488d4
8b 45 08                      movl  0x8(%ebp), %eax
eb 05                         jmp 0x80488d9
upointer
3b 45 f0                      cmpl  -0x10(%ebp), %eax
74 0b                         jz 0x80489cd
eb 31                         jmp 0x80489fe
0f 85 6c ff ff ff             jnz 0x8048975
74 1d                         jz 0x8048998
e8 e7 fe ff ff                calll  0x8048874
74 41                         jz 0x80488c1
e8 3c 46 01 00                calll  0x805ced0
e8 a7 b8 fe ff                calll  0x8048780
8b 1c 24                      movl  (%esp), %ebx
c3                            retl  
81 c3 27 c1 07 00             add $0x7c127, %ebx
83 ec 1c                      sub $0x1c, %esp
76 08                         jbe 0x805cf02
0f 85 d0 01 00 00             jnz 0x805d0e0
0f 84 22 02 00 00             jz 0x805d140
0f 85 34 02 00 00             jnz 0x805d160
8d bb 20 05 00 00             leal  0x520(%ebx), %edi
89 f8                         mov %edi, %eax
e8 d1 d6 ff ff                calll  0x805a620
upointer
83 7d f4 00                   cmpl  $0x0, -0xc(%ebp)
74 1d                         jz 0x8048998
e8 e7 fe ff ff                calll  0x8048874
74 41                         jz 0x80488c1
e8 3c 46 01 00                calll  0x805ced0
e8 a7 b8 fe ff                calll  0x8048780
8b 1c 24                      movl  (%esp), %ebx
c3                            retl  
81 c3 27 c1 07 00             add $0x7c127, %ebx
83 ec 1c                      sub $0x1c, %esp
76 08                         jbe 0x805cf02
0f 85 d0 01 00 00             jnz 0x805d0e0
0f 84 22 02 00 00             jz 0x805d140
0f 85 34 02 00 00             jnz 0x805d160
8d bb 20 05 00 00             leal  0x520(%ebx), %edi
89 f8                         mov %edi, %eax
e8 d1 d6 ff ff                calll  0x805a620
57                            pushl  %edi
53                            pushl  %ebx
e8 ca ee fe ff                calll  0x80494f6
upointer
8b 45 f4                      movl  -0xc(%ebp), %eax
89 44 24 04                   movl  %eax, 0x4(%esp)
8b 55 0c                      movl  0xc(%ebp), %edx
89 10                         movl  %edx, (%eax)
8b 00                         movl  (%eax), %eax
89 45 e8                      movl  %eax, -0x18(%ebp)
8b 45 e8                      movl  -0x18(%ebp), %eax
8b 45 e8                      movl  -0x18(%ebp), %eax
8b 45 e8                      movl  -0x18(%ebp), %eax
89 45 f0                      movl  %eax, -0x10(%ebp)
3b 45 f0                      cmpl  -0x10(%ebp), %eax
74 0b                         jz 0x80489cd
e8 03 ff ff ff                calll  0x80488db
74 36                         jz 0x804891d
74 2d                         jz 0x804891d
e8 23 40 01 00                calll  0x805c940
e8 02 cf fe ff                calll  0x8049849
8b 34 24                      movl  (%esp), %esi
c3                            retl  
81 c6 b9 c6 07 00             add $0x7c6b9, %esi
upointer
83 7d f4 00                   cmpl  $0x0, -0xc(%ebp)
74 1d                         jz 0x8048998
e8 19 ff ff ff                calll  0x80488c3
74 07                         jz 0x80488d4
eb 05                         jmp 0x80488d9
c3                            retl  
74 16                         jz 0x80489cd
e8 03 ff ff ff                calll  0x80488db
89 e5                         mov %esp, %ebp
83 ec 28                      sub $0x28, %esp
74 36                         jz 0x804891d
74 2d                         jz 0x804891d
e8 23 40 01 00                calll  0x805c940
e8 02 cf fe ff                calll  0x8049849
8b 34 24                      movl  (%esp), %esi
c3                            retl  
81 c6 b9 c6 07 00             add $0x7c6b9, %esi
83 ec 14                      sub $0x14, %esp
0f 85 7e 00 00 00             jnz 0x805c9e0
0f 84 83 00 00 00             jz 0x805c9ed
Unknow
8b 45 e0                      movl  -0x20(%ebp), %eax
89 04 24                      movl  %eax, (%esp)
8b 45 08                      movl  0x8(%ebp), %eax
85 c0                         test %eax, %eax
74 07                         jz 0x80488d4
8b 45 08                      movl  0x8(%ebp), %eax
eb 05                         jmp 0x80488d9
upointer
83 7d f4 00                   cmpl  $0x0, -0xc(%ebp)
74 1d                         jz 0x8048998
e8 19 ff ff ff                calll  0x80488c3
74 07                         jz 0x80488d4
eb 05                         jmp 0x80488d9
c3                            retl  
74 16                         jz 0x80489cd
74 0b                         jz 0x80489cd
e8 03 ff ff ff                calll  0x80488db
89 e5                         mov %esp, %ebp
83 ec 28                      sub $0x28, %esp
74 36                         jz 0x804891d
74 2d                         jz 0x804891d
e8 23 40 01 00                calll  0x805c940
e8 02 cf fe ff                calll  0x8049849
8b 34 24                      movl  (%esp), %esi
c3                            retl  
81 c6 b9 c6 07 00             add $0x7c6b9, %esi
83 ec 14                      sub $0x14, %esp
0f 85 7e 00 00 00             jnz 0x805c9e0
Unknow
8b 45 e0                      movl  -0x20(%ebp), %eax
89 04 24                      movl  %eax, (%esp)
8b 45 08                      movl  0x8(%ebp), %eax
85 c0                         test %eax, %eax
74 07                         jz 0x80488d4
8b 45 08                      movl  0x8(%ebp), %eax
eb 05                         jmp 0x80488d9
upointer
3b 45 f0                      cmpl  -0x10(%ebp), %eax
74 0b                         jz 0x80489cd
e8 03 ff ff ff                calll  0x80488db
74 36                         jz 0x804891d
74 2d                         jz 0x804891d
e8 23 40 01 00                calll  0x805c940
e8 02 cf fe ff                calll  0x8049849
8b 34 24                      movl  (%esp), %esi
c3                            retl  
81 c6 b9 c6 07 00             add $0x7c6b9, %esi
83 ec 14                      sub $0x14, %esp
0f 85 7e 00 00 00             jnz 0x805c9e0
0f 84 83 00 00 00             jz 0x805c9ed
75 2b                         jnz 0x805c9a0
74 79                         jz 0x805c9f8
8d 86 20 05 00 00             leal  0x520(%esi), %eax
74 09                         jz 0x805c993
83 c4 14                      add $0x14, %esp
e9 91 c9 ff ff                jmp 0x8059330
e8 47 f4 fe ff                calll  0x8048780
upointer
83 7d f4 00                   cmpl  $0x0, -0xc(%ebp)
74 1d                         jz 0x8048998
e8 19 ff ff ff                calll  0x80488c3
74 07                         jz 0x80488d4
eb 05                         jmp 0x80488d9
c3                            retl  
74 16                         jz 0x80489cd
74 0b                         jz 0x80489cd
eb 31                         jmp 0x80489fe
0f 85 6c ff ff ff             jnz 0x8048975
74 1d                         jz 0x8048998
e8 e7 fe ff ff                calll  0x8048874
89 e5                         mov %esp, %ebp
83 ec 28                      sub $0x28, %esp
74 41                         jz 0x80488c1
e8 3c 46 01 00                calll  0x805ced0
55                            pushl  %ebp
e8 a7 b8 fe ff                calll  0x8048780
8b 1c 24                      movl  (%esp), %ebx
c3                            retl  
Unknow
8b 45 e0                      movl  -0x20(%ebp), %eax
89 04 24                      movl  %eax, (%esp)
8b 45 08                      movl  0x8(%ebp), %eax
85 c0                         test %eax, %eax
74 07                         jz 0x80488d4
8b 45 08                      movl  0x8(%ebp), %eax
eb 05                         jmp 0x80488d9
upointer
3b 45 f0                      cmpl  -0x10(%ebp), %eax
74 0b                         jz 0x80489cd
eb 31                         jmp 0x80489fe
0f 85 6c ff ff ff             jnz 0x8048975
74 1d                         jz 0x8048998
e8 e7 fe ff ff                calll  0x8048874
74 41                         jz 0x80488c1
e8 3c 46 01 00                calll  0x805ced0
e8 a7 b8 fe ff                calll  0x8048780
8b 1c 24                      movl  (%esp), %ebx
c3                            retl  
81 c3 27 c1 07 00             add $0x7c127, %ebx
83 ec 1c                      sub $0x1c, %esp
76 08                         jbe 0x805cf02
0f 85 d0 01 00 00             jnz 0x805d0e0
0f 84 22 02 00 00             jz 0x805d140
0f 85 34 02 00 00             jnz 0x805d160
8d bb 20 05 00 00             leal  0x520(%ebx), %edi
89 f8                         mov %edi, %eax
e8 d1 d6 ff ff                calll  0x805a620
upointer
83 7d f4 00                   cmpl  $0x0, -0xc(%ebp)
74 1d                         jz 0x8048998
e8 e7 fe ff ff                calll  0x8048874
74 41                         jz 0x80488c1
e8 3c 46 01 00                calll  0x805ced0
e8 a7 b8 fe ff                calll  0x8048780
8b 1c 24                      movl  (%esp), %ebx
c3                            retl  
81 c3 27 c1 07 00             add $0x7c127, %ebx
83 ec 1c                      sub $0x1c, %esp
76 08                         jbe 0x805cf02
0f 85 d0 01 00 00             jnz 0x805d0e0
0f 84 22 02 00 00             jz 0x805d140
0f 85 34 02 00 00             jnz 0x805d160
8d bb 20 05 00 00             leal  0x520(%ebx), %edi
89 f8                         mov %edi, %eax
e8 d1 d6 ff ff                calll  0x805a620
57                            pushl  %edi
53                            pushl  %ebx
e8 ca ee fe ff                calll  0x80494f6
upointer
8b 45 f4                      movl  -0xc(%ebp), %eax
89 44 24 04                   movl  %eax, 0x4(%esp)
8b 55 0c                      movl  0xc(%ebp), %edx
89 10                         movl  %edx, (%eax)
8b 00                         movl  (%eax), %eax
89 45 e8                      movl  %eax, -0x18(%ebp)
8b 45 e8                      movl  -0x18(%ebp), %eax
8b 45 e8                      movl  -0x18(%ebp), %eax
8b 45 e8                      movl  -0x18(%ebp), %eax
89 45 f0                      movl  %eax, -0x10(%ebp)
3b 45 f0                      cmpl  -0x10(%ebp), %eax
74 0b                         jz 0x80489cd
e8 03 ff ff ff                calll  0x80488db
74 36                         jz 0x804891d
74 2d                         jz 0x804891d
e8 23 40 01 00                calll  0x805c940
e8 02 cf fe ff                calll  0x8049849
8b 34 24                      movl  (%esp), %esi
c3                            retl  
81 c6 b9 c6 07 00             add $0x7c6b9, %esi
upointer
83 7d f4 00                   cmpl  $0x0, -0xc(%ebp)
74 1d                         jz 0x8048998
e8 19 ff ff ff                calll  0x80488c3
74 07                         jz 0x80488d4
eb 05                         jmp 0x80488d9
c3                            retl  
74 16                         jz 0x80489cd
e8 03 ff ff ff                calll  0x80488db
89 e5                         mov %esp, %ebp
83 ec 28                      sub $0x28, %esp
74 36                         jz 0x804891d
74 2d                         jz 0x804891d
e8 23 40 01 00                calll  0x805c940
e8 02 cf fe ff                calll  0x8049849
8b 34 24                      movl  (%esp), %esi
c3                            retl  
81 c6 b9 c6 07 00             add $0x7c6b9, %esi
83 ec 14                      sub $0x14, %esp
0f 85 7e 00 00 00             jnz 0x805c9e0
0f 84 83 00 00 00             jz 0x805c9ed
Unknow
8b 45 e0                      movl  -0x20(%ebp), %eax
89 04 24                      movl  %eax, (%esp)
8b 45 08                      movl  0x8(%ebp), %eax
85 c0                         test %eax, %eax
74 07                         jz 0x80488d4
8b 45 08                      movl  0x8(%ebp), %eax
eb 05                         jmp 0x80488d9
upointer
83 7d f4 00                   cmpl  $0x0, -0xc(%ebp)
74 1d                         jz 0x8048998
e8 19 ff ff ff                calll  0x80488c3
74 07                         jz 0x80488d4
eb 05                         jmp 0x80488d9
c3                            retl  
74 16                         jz 0x80489cd
74 0b                         jz 0x80489cd
e8 03 ff ff ff                calll  0x80488db
89 e5                         mov %esp, %ebp
83 ec 28                      sub $0x28, %esp
74 36                         jz 0x804891d
74 2d                         jz 0x804891d
e8 23 40 01 00                calll  0x805c940
e8 02 cf fe ff                calll  0x8049849
8b 34 24                      movl  (%esp), %esi
c3                            retl  
81 c6 b9 c6 07 00             add $0x7c6b9, %esi
83 ec 14                      sub $0x14, %esp
0f 85 7e 00 00 00             jnz 0x805c9e0
Unknow
8b 45 e0                      movl  -0x20(%ebp), %eax
89 04 24                      movl  %eax, (%esp)
8b 45 08                      movl  0x8(%ebp), %eax
85 c0                         test %eax, %eax
74 07                         jz 0x80488d4
8b 45 08                      movl  0x8(%ebp), %eax
eb 05                         jmp 0x80488d9
upointer
3b 45 f0                      cmpl  -0x10(%ebp), %eax
74 0b                         jz 0x80489cd
e8 03 ff ff ff                calll  0x80488db
74 36                         jz 0x804891d
74 2d                         jz 0x804891d
e8 23 40 01 00                calll  0x805c940
e8 02 cf fe ff                calll  0x8049849
8b 34 24                      movl  (%esp), %esi
c3                            retl  
81 c6 b9 c6 07 00             add $0x7c6b9, %esi
83 ec 14                      sub $0x14, %esp
0f 85 7e 00 00 00             jnz 0x805c9e0
0f 84 83 00 00 00             jz 0x805c9ed
75 2b                         jnz 0x805c9a0
74 79                         jz 0x805c9f8
8d 86 20 05 00 00             leal  0x520(%esi), %eax
74 09                         jz 0x805c993
83 c4 14                      add $0x14, %esp
e9 91 c9 ff ff                jmp 0x8059330
e8 47 f4 fe ff                calll  0x8048780
upointer
8b 45 ec                      movl  -0x14(%ebp), %eax
89 44 24 20                   movl  %eax, 0x20(%esp)
8b 44 24 20                   movl  0x20(%esp), %eax
01 d0                         add %edx, %eax
8b 44 24 20                   movl  0x20(%esp), %eax
01 d0                         add %edx, %eax
8b 44 24 20                   movl  0x20(%esp), %eax
01 d0                         add %edx, %eax
8b 44 24 20                   movl  0x20(%esp), %eax
01 d0                         add %edx, %eax
8b 44 24 20                   movl  0x20(%esp), %eax
01 d0                         add %edx, %eax
int
39 44 24 2c                   cmpl  %eax, 0x2c(%esp)
7c ce                         jl 0x8048b2e
e8 ff 6f 00 00                calll  0x804fb50
e8 2a 8c ff ff                calll  0x8048780
8b 1c 24                      movl  (%esp), %ebx
c3                            retl  
81 c3 aa 94 08 00             add $0x894aa, %ebx
83 ec 08                      sub $0x8, %esp
8d 44 24 14                   leal  0x14(%esp), %eax
83 ec 04                      sub $0x4, %esp
50                            pushl  %eax
e8 78 06 03 00                calll  0x80801f0
89 e5                         mov %esp, %ebp
53                            pushl  %ebx
e8 85 85 fc ff                calll  0x8048780
8b 1c 24                      movl  (%esp), %ebx
c3                            retl  
81 c3 05 8e 05 00             add $0x58e05, %ebx
81 ec ec 04 00 00             sub $0x4ec, %esp
8b 45 10                      movl  0x10(%ebp), %eax
int
83 44 24 2c 01                addl  $0x1, 0x2c(%esp)
39 44 24 2c                   cmpl  %eax, 0x2c(%esp)
7c ce                         jl 0x8048b2e
8b 44 24 2c                   movl  0x2c(%esp), %eax
e8 ff 6f 00 00                calll  0x804fb50
e8 2a 8c ff ff                calll  0x8048780
8b 1c 24                      movl  (%esp), %ebx
c3                            retl  
81 c3 aa 94 08 00             add $0x894aa, %ebx
83 ec 08                      sub $0x8, %esp
8d 44 24 14                   leal  0x14(%esp), %eax
83 ec 04                      sub $0x4, %esp
50                            pushl  %eax
e8 78 06 03 00                calll  0x80801f0
89 e5                         mov %esp, %ebp
53                            pushl  %ebx
e8 85 85 fc ff                calll  0x8048780
8b 1c 24                      movl  (%esp), %ebx
c3                            retl  
81 c3 05 8e 05 00             add $0x58e05, %ebx
int
39 44 24 2c                   cmpl  %eax, 0x2c(%esp)
7c ce                         jl 0x8048b2e
e8 ff 6f 00 00                calll  0x804fb50
e8 2a 8c ff ff                calll  0x8048780
8b 1c 24                      movl  (%esp), %ebx
c3                            retl  
81 c3 aa 94 08 00             add $0x894aa, %ebx
83 ec 08                      sub $0x8, %esp
8d 44 24 14                   leal  0x14(%esp), %eax
83 ec 04                      sub $0x4, %esp
50                            pushl  %eax
e8 78 06 03 00                calll  0x80801f0
89 e5                         mov %esp, %ebp
53                            pushl  %ebx
e8 85 85 fc ff                calll  0x8048780
8b 1c 24                      movl  (%esp), %ebx
c3                            retl  
81 c3 05 8e 05 00             add $0x58e05, %ebx
81 ec ec 04 00 00             sub $0x4ec, %esp
8b 45 10                      movl  0x10(%ebp), %eax
int
83 44 24 2c 01                addl  $0x1, 0x2c(%esp)
39 44 24 2c                   cmpl  %eax, 0x2c(%esp)
7c ce                         jl 0x8048b2e
8b 44 24 2c                   movl  0x2c(%esp), %eax
e8 ff 6f 00 00                calll  0x804fb50
e8 2a 8c ff ff                calll  0x8048780
8b 1c 24                      movl  (%esp), %ebx
c3                            retl  
81 c3 aa 94 08 00             add $0x894aa, %ebx
83 ec 08                      sub $0x8, %esp
8d 44 24 14                   leal  0x14(%esp), %eax
83 ec 04                      sub $0x4, %esp
50                            pushl  %eax
e8 78 06 03 00                calll  0x80801f0
89 e5                         mov %esp, %ebp
53                            pushl  %ebx
e8 85 85 fc ff                calll  0x8048780
8b 1c 24                      movl  (%esp), %ebx
c3                            retl  
81 c3 05 8e 05 00             add $0x58e05, %ebx
int
39 44 24 2c                   cmpl  %eax, 0x2c(%esp)
7c ce                         jl 0x8048b2e
e8 ff 6f 00 00                calll  0x804fb50
e8 2a 8c ff ff                calll  0x8048780
8b 1c 24                      movl  (%esp), %ebx
c3                            retl  
81 c3 aa 94 08 00             add $0x894aa, %ebx
83 ec 08                      sub $0x8, %esp
8d 44 24 14                   leal  0x14(%esp), %eax
83 ec 04                      sub $0x4, %esp
50                            pushl  %eax
e8 78 06 03 00                calll  0x80801f0
89 e5                         mov %esp, %ebp
53                            pushl  %ebx
e8 85 85 fc ff                calll  0x8048780
8b 1c 24                      movl  (%esp), %ebx
c3                            retl  
81 c3 05 8e 05 00             add $0x58e05, %ebx
81 ec ec 04 00 00             sub $0x4ec, %esp
8b 45 10                      movl  0x10(%ebp), %eax
int
83 44 24 2c 01                addl  $0x1, 0x2c(%esp)
39 44 24 2c                   cmpl  %eax, 0x2c(%esp)
7c ce                         jl 0x8048b2e
8b 44 24 2c                   movl  0x2c(%esp), %eax
e8 ff 6f 00 00                calll  0x804fb50
e8 2a 8c ff ff                calll  0x8048780
8b 1c 24                      movl  (%esp), %ebx
c3                            retl  
81 c3 aa 94 08 00             add $0x894aa, %ebx
83 ec 08                      sub $0x8, %esp
8d 44 24 14                   leal  0x14(%esp), %eax
83 ec 04                      sub $0x4, %esp
50                            pushl  %eax
e8 78 06 03 00                calll  0x80801f0
89 e5                         mov %esp, %ebp
53                            pushl  %ebx
e8 85 85 fc ff                calll  0x8048780
8b 1c 24                      movl  (%esp), %ebx
c3                            retl  
81 c3 05 8e 05 00             add $0x58e05, %ebx
int
39 44 24 2c                   cmpl  %eax, 0x2c(%esp)
7c ce                         jl 0x8048b2e
e8 ff 6f 00 00                calll  0x804fb50
e8 2a 8c ff ff                calll  0x8048780
8b 1c 24                      movl  (%esp), %ebx
c3                            retl  
81 c3 aa 94 08 00             add $0x894aa, %ebx
83 ec 08                      sub $0x8, %esp
8d 44 24 14                   leal  0x14(%esp), %eax
83 ec 04                      sub $0x4, %esp
50                            pushl  %eax
e8 78 06 03 00                calll  0x80801f0
89 e5                         mov %esp, %ebp
53                            pushl  %ebx
e8 85 85 fc ff                calll  0x8048780
8b 1c 24                      movl  (%esp), %ebx
c3                            retl  
81 c3 05 8e 05 00             add $0x58e05, %ebx
81 ec ec 04 00 00             sub $0x4ec, %esp
8b 45 10                      movl  0x10(%ebp), %eax
int
83 44 24 2c 01                addl  $0x1, 0x2c(%esp)
39 44 24 2c                   cmpl  %eax, 0x2c(%esp)
7c ce                         jl 0x8048b2e
8b 44 24 2c                   movl  0x2c(%esp), %eax
e8 ff 6f 00 00                calll  0x804fb50
e8 2a 8c ff ff                calll  0x8048780
8b 1c 24                      movl  (%esp), %ebx
c3                            retl  
81 c3 aa 94 08 00             add $0x894aa, %ebx
83 ec 08                      sub $0x8, %esp
8d 44 24 14                   leal  0x14(%esp), %eax
83 ec 04                      sub $0x4, %esp
50                            pushl  %eax
e8 78 06 03 00                calll  0x80801f0
89 e5                         mov %esp, %ebp
53                            pushl  %ebx
e8 85 85 fc ff                calll  0x8048780
8b 1c 24                      movl  (%esp), %ebx
c3                            retl  
81 c3 05 8e 05 00             add $0x58e05, %ebx
int
39 44 24 2c                   cmpl  %eax, 0x2c(%esp)
7c ce                         jl 0x8048b2e
e8 ff 6f 00 00                calll  0x804fb50
e8 2a 8c ff ff                calll  0x8048780
8b 1c 24                      movl  (%esp), %ebx
c3                            retl  
81 c3 aa 94 08 00             add $0x894aa, %ebx
83 ec 08                      sub $0x8, %esp
8d 44 24 14                   leal  0x14(%esp), %eax
83 ec 04                      sub $0x4, %esp
50                            pushl  %eax
e8 78 06 03 00                calll  0x80801f0
89 e5                         mov %esp, %ebp
53                            pushl  %ebx
e8 85 85 fc ff                calll  0x8048780
8b 1c 24                      movl  (%esp), %ebx
c3                            retl  
81 c3 05 8e 05 00             add $0x58e05, %ebx
81 ec ec 04 00 00             sub $0x4ec, %esp
8b 45 10                      movl  0x10(%ebp), %eax
int
83 44 24 2c 01                addl  $0x1, 0x2c(%esp)
39 44 24 2c                   cmpl  %eax, 0x2c(%esp)
7c ce                         jl 0x8048b2e
e8 14 78 00 00                calll  0x8050380
e8 a9 cc ff ff                calll  0x804d033
8b 3c 24                      movl  (%esp), %edi
c3                            retl  
81 c7 76 8c 08 00             add $0x88c76, %edi
83 ec 1c                      sub $0x1c, %esp
75 3d                         jnz 0x80503e8
74 28                         jz 0x80503e4
74 01                         jz 0x80503cc
74 07                         jz 0x80503d8
73 4c                         jnb 0x8050440
75 27                         jnz 0x805042f
75 1e                         jnz 0x805042f
74 01                         jz 0x8050423
74 07                         jz 0x805042f
c3                            retl  
int
39 44 24 2c                   cmpl  %eax, 0x2c(%esp)
7c ce                         jl 0x8048b2e
e8 14 78 00 00                calll  0x8050380
e8 a9 cc ff ff                calll  0x804d033
8b 3c 24                      movl  (%esp), %edi
c3                            retl  
81 c7 76 8c 08 00             add $0x88c76, %edi
83 ec 1c                      sub $0x1c, %esp
75 3d                         jnz 0x80503e8
74 28                         jz 0x80503e4
74 01                         jz 0x80503cc
74 07                         jz 0x80503d8
73 4c                         jnb 0x8050440
75 27                         jnz 0x805042f
75 1e                         jnz 0x805042f
74 01                         jz 0x8050423
74 07                         jz 0x805042f
c3                            retl  
