int
8b 44 24 24                   movl  0x24(%esp), %eax
89 04 24                      movl  %eax, (%esp)
8b 74 24 30                   movl  0x30(%esp), %esi
89 f0                         mov %esi, %eax
89 f5                         mov %esi, %ebp
09 c8                         or %ecx, %eax
0f af e9                      imul %ecx, %ebp
3d ff ff 00 00                cmp $0xffff, %eax
76 08                         jbe 0x805d4c2
0f 85 d0 01 00 00             jnz 0x805d6a0
0f 84 22 02 00 00             jz 0x805d700
0f 85 34 02 00 00             jnz 0x805d720
89 ea                         mov %ebp, %edx
e8 d1 d6 ff ff                calll  0x805abe0
55                            pushl  %ebp
8d 4a 13                      leal  0x13(%edx), %ecx
56                            pushl  %esi
e8 2a e8 fe ff                calll  0x8049416
8b 2c 24                      movl  (%esp), %ebp
c3                            retl  
int
3b 44 24 24                   cmpl  0x24(%esp), %eax
7c be                         jl 0x80489fe
e8 47 6e 00 00                calll  0x804f850
e9 7b fb ff ff                jmp 0x804f3d0
e8 a5 93 ff ff                calll  0x8048780
8b 1c 24                      movl  (%esp), %ebx
c3                            retl  
81 c3 25 ac 08 00             add $0x8ac25, %ebx
83 ec 20                      sub $0x20, %esp
74 01                         jz 0x804f3fb
74 0b                         jz 0x804f40f
8d 44 24 10                   leal  0x10(%esp), %eax
50                            pushl  %eax
8d 83 00 01 00 00             leal  0x100(%ebx), %eax
50                            pushl  %eax
e8 20 01 00 00                calll  0x804f540
53                            pushl  %ebx
8b 54 24 14                   movl  0x14(%esp), %edx
8b 74 24 18                   movl  0x18(%esp), %esi
e8 c1 9e ff ff                calll  0x8049412
upointer
8b 12                         movl  (%edx), %edx
83 c2 08                      add $0x8, %edx
89 50 04                      movl  %edx, 0x4(%eax)
8b 18                         movl  (%eax), %ebx
53                            pushl  %ebx
5b                            popl  %ebx
8b 00                         movl  (%eax), %eax
8b 12                         movl  (%edx), %edx
83 c2 08                      add $0x8, %edx
89 50 04                      movl  %edx, 0x4(%eax)
8b 00                         movl  (%eax), %eax
83 c0 04                      add $0x4, %eax
89 44 24 2c                   movl  %eax, 0x2c(%esp)
8b 44 24 2c                   movl  0x2c(%esp), %eax
8b 18                         movl  (%eax), %ebx
53                            pushl  %ebx
5b                            popl  %ebx
8b 44 24 2c                   movl  0x2c(%esp), %eax
8b 00                         movl  (%eax), %eax
8b 54 24 2c                   movl  0x2c(%esp), %edx
upointer
8b 00                         movl  (%eax), %eax
83 c0 04                      add $0x4, %eax
89 44 24 2c                   movl  %eax, 0x2c(%esp)
8b 44 24 2c                   movl  0x2c(%esp), %eax
8b 44 24 2c                   movl  0x2c(%esp), %eax
8b 54 24 2c                   movl  0x2c(%esp), %edx
8b 44 24 2c                   movl  0x2c(%esp), %eax
int
83 44 24 28 01                addl  $0x1, 0x28(%esp)
8b 44 24 28                   movl  0x28(%esp), %eax
83 44 24 28 01                addl  $0x1, 0x28(%esp)
8b 44 24 28                   movl  0x28(%esp), %eax
83 44 24 28 01                addl  $0x1, 0x28(%esp)
8b 44 24 28                   movl  0x28(%esp), %eax
83 44 24 28 01                addl  $0x1, 0x28(%esp)
8b 44 24 28                   movl  0x28(%esp), %eax
83 44 24 28 01                addl  $0x1, 0x28(%esp)
8b 44 24 28                   movl  0x28(%esp), %eax
83 44 24 28 01                addl  $0x1, 0x28(%esp)
8b 44 24 28                   movl  0x28(%esp), %eax
83 44 24 28 01                addl  $0x1, 0x28(%esp)
8b 44 24 28                   movl  0x28(%esp), %eax
83 44 24 28 01                addl  $0x1, 0x28(%esp)
8b 44 24 28                   movl  0x28(%esp), %eax
83 44 24 28 01                addl  $0x1, 0x28(%esp)
8b 44 24 28                   movl  0x28(%esp), %eax
83 44 24 28 01                addl  $0x1, 0x28(%esp)
8b 44 24 28                   movl  0x28(%esp), %eax
int
3b 44 24 24                   cmpl  0x24(%esp), %eax
7c be                         jl 0x80489fe
e8 47 6e 00 00                calll  0x804f850
e9 7b fb ff ff                jmp 0x804f3d0
e8 a5 93 ff ff                calll  0x8048780
8b 1c 24                      movl  (%esp), %ebx
c3                            retl  
81 c3 25 ac 08 00             add $0x8ac25, %ebx
83 ec 20                      sub $0x20, %esp
74 01                         jz 0x804f3fb
74 0b                         jz 0x804f40f
8d 44 24 10                   leal  0x10(%esp), %eax
50                            pushl  %eax
8d 83 00 01 00 00             leal  0x100(%ebx), %eax
50                            pushl  %eax
e8 20 01 00 00                calll  0x804f540
53                            pushl  %ebx
8b 54 24 14                   movl  0x14(%esp), %edx
8b 74 24 18                   movl  0x18(%esp), %esi
e8 c1 9e ff ff                calll  0x8049412
int
83 44 24 28 01                addl  $0x1, 0x28(%esp)
8b 44 24 28                   movl  0x28(%esp), %eax
83 44 24 28 01                addl  $0x1, 0x28(%esp)
8b 44 24 28                   movl  0x28(%esp), %eax
83 44 24 28 01                addl  $0x1, 0x28(%esp)
8b 44 24 28                   movl  0x28(%esp), %eax
83 44 24 28 01                addl  $0x1, 0x28(%esp)
8b 44 24 28                   movl  0x28(%esp), %eax
83 44 24 28 01                addl  $0x1, 0x28(%esp)
8b 44 24 28                   movl  0x28(%esp), %eax
83 44 24 28 01                addl  $0x1, 0x28(%esp)
8b 44 24 28                   movl  0x28(%esp), %eax
83 44 24 28 01                addl  $0x1, 0x28(%esp)
8b 44 24 28                   movl  0x28(%esp), %eax
83 44 24 28 01                addl  $0x1, 0x28(%esp)
8b 44 24 28                   movl  0x28(%esp), %eax
83 44 24 28 01                addl  $0x1, 0x28(%esp)
8b 44 24 28                   movl  0x28(%esp), %eax
int
3b 44 24 24                   cmpl  0x24(%esp), %eax
7c be                         jl 0x80489fe
e8 47 6e 00 00                calll  0x804f850
e9 7b fb ff ff                jmp 0x804f3d0
e8 a5 93 ff ff                calll  0x8048780
8b 1c 24                      movl  (%esp), %ebx
c3                            retl  
81 c3 25 ac 08 00             add $0x8ac25, %ebx
83 ec 20                      sub $0x20, %esp
74 01                         jz 0x804f3fb
74 0b                         jz 0x804f40f
8d 44 24 10                   leal  0x10(%esp), %eax
50                            pushl  %eax
8d 83 00 01 00 00             leal  0x100(%ebx), %eax
50                            pushl  %eax
e8 20 01 00 00                calll  0x804f540
53                            pushl  %ebx
8b 54 24 14                   movl  0x14(%esp), %edx
8b 74 24 18                   movl  0x18(%esp), %esi
e8 c1 9e ff ff                calll  0x8049412
int
83 44 24 28 01                addl  $0x1, 0x28(%esp)
8b 44 24 28                   movl  0x28(%esp), %eax
83 44 24 28 01                addl  $0x1, 0x28(%esp)
8b 44 24 28                   movl  0x28(%esp), %eax
83 44 24 28 01                addl  $0x1, 0x28(%esp)
8b 44 24 28                   movl  0x28(%esp), %eax
83 44 24 28 01                addl  $0x1, 0x28(%esp)
8b 44 24 28                   movl  0x28(%esp), %eax
83 44 24 28 01                addl  $0x1, 0x28(%esp)
8b 44 24 28                   movl  0x28(%esp), %eax
83 44 24 28 01                addl  $0x1, 0x28(%esp)
8b 44 24 28                   movl  0x28(%esp), %eax
83 44 24 28 01                addl  $0x1, 0x28(%esp)
8b 44 24 28                   movl  0x28(%esp), %eax
83 44 24 28 01                addl  $0x1, 0x28(%esp)
8b 44 24 28                   movl  0x28(%esp), %eax
int
3b 44 24 24                   cmpl  0x24(%esp), %eax
7c be                         jl 0x80489fe
e8 47 6e 00 00                calll  0x804f850
e9 7b fb ff ff                jmp 0x804f3d0
e8 a5 93 ff ff                calll  0x8048780
8b 1c 24                      movl  (%esp), %ebx
c3                            retl  
81 c3 25 ac 08 00             add $0x8ac25, %ebx
83 ec 20                      sub $0x20, %esp
74 01                         jz 0x804f3fb
74 0b                         jz 0x804f40f
8d 44 24 10                   leal  0x10(%esp), %eax
50                            pushl  %eax
8d 83 00 01 00 00             leal  0x100(%ebx), %eax
50                            pushl  %eax
e8 20 01 00 00                calll  0x804f540
53                            pushl  %ebx
8b 54 24 14                   movl  0x14(%esp), %edx
8b 74 24 18                   movl  0x18(%esp), %esi
e8 c1 9e ff ff                calll  0x8049412
int
83 44 24 28 01                addl  $0x1, 0x28(%esp)
8b 44 24 28                   movl  0x28(%esp), %eax
83 44 24 28 01                addl  $0x1, 0x28(%esp)
8b 44 24 28                   movl  0x28(%esp), %eax
83 44 24 28 01                addl  $0x1, 0x28(%esp)
8b 44 24 28                   movl  0x28(%esp), %eax
83 44 24 28 01                addl  $0x1, 0x28(%esp)
8b 44 24 28                   movl  0x28(%esp), %eax
83 44 24 28 01                addl  $0x1, 0x28(%esp)
8b 44 24 28                   movl  0x28(%esp), %eax
83 44 24 28 01                addl  $0x1, 0x28(%esp)
8b 44 24 28                   movl  0x28(%esp), %eax
83 44 24 28 01                addl  $0x1, 0x28(%esp)
8b 44 24 28                   movl  0x28(%esp), %eax
int
3b 44 24 24                   cmpl  0x24(%esp), %eax
7c be                         jl 0x80489fe
e8 47 6e 00 00                calll  0x804f850
e9 7b fb ff ff                jmp 0x804f3d0
e8 a5 93 ff ff                calll  0x8048780
8b 1c 24                      movl  (%esp), %ebx
c3                            retl  
81 c3 25 ac 08 00             add $0x8ac25, %ebx
83 ec 20                      sub $0x20, %esp
74 01                         jz 0x804f3fb
74 0b                         jz 0x804f40f
8d 44 24 10                   leal  0x10(%esp), %eax
50                            pushl  %eax
8d 83 00 01 00 00             leal  0x100(%ebx), %eax
50                            pushl  %eax
e8 20 01 00 00                calll  0x804f540
53                            pushl  %ebx
8b 54 24 14                   movl  0x14(%esp), %edx
8b 74 24 18                   movl  0x18(%esp), %esi
e8 c1 9e ff ff                calll  0x8049412
int
83 44 24 28 01                addl  $0x1, 0x28(%esp)
8b 44 24 28                   movl  0x28(%esp), %eax
83 44 24 28 01                addl  $0x1, 0x28(%esp)
8b 44 24 28                   movl  0x28(%esp), %eax
83 44 24 28 01                addl  $0x1, 0x28(%esp)
8b 44 24 28                   movl  0x28(%esp), %eax
83 44 24 28 01                addl  $0x1, 0x28(%esp)
8b 44 24 28                   movl  0x28(%esp), %eax
83 44 24 28 01                addl  $0x1, 0x28(%esp)
8b 44 24 28                   movl  0x28(%esp), %eax
83 44 24 28 01                addl  $0x1, 0x28(%esp)
8b 44 24 28                   movl  0x28(%esp), %eax
int
3b 44 24 24                   cmpl  0x24(%esp), %eax
7c be                         jl 0x80489fe
e8 47 6e 00 00                calll  0x804f850
e9 7b fb ff ff                jmp 0x804f3d0
e8 a5 93 ff ff                calll  0x8048780
8b 1c 24                      movl  (%esp), %ebx
c3                            retl  
81 c3 25 ac 08 00             add $0x8ac25, %ebx
83 ec 20                      sub $0x20, %esp
74 01                         jz 0x804f3fb
74 0b                         jz 0x804f40f
8d 44 24 10                   leal  0x10(%esp), %eax
50                            pushl  %eax
8d 83 00 01 00 00             leal  0x100(%ebx), %eax
50                            pushl  %eax
e8 20 01 00 00                calll  0x804f540
53                            pushl  %ebx
8b 54 24 14                   movl  0x14(%esp), %edx
8b 74 24 18                   movl  0x18(%esp), %esi
e8 c1 9e ff ff                calll  0x8049412
int
83 44 24 28 01                addl  $0x1, 0x28(%esp)
8b 44 24 28                   movl  0x28(%esp), %eax
83 44 24 28 01                addl  $0x1, 0x28(%esp)
8b 44 24 28                   movl  0x28(%esp), %eax
83 44 24 28 01                addl  $0x1, 0x28(%esp)
8b 44 24 28                   movl  0x28(%esp), %eax
83 44 24 28 01                addl  $0x1, 0x28(%esp)
8b 44 24 28                   movl  0x28(%esp), %eax
83 44 24 28 01                addl  $0x1, 0x28(%esp)
8b 44 24 28                   movl  0x28(%esp), %eax
int
3b 44 24 24                   cmpl  0x24(%esp), %eax
7c be                         jl 0x80489fe
e8 47 6e 00 00                calll  0x804f850
e9 7b fb ff ff                jmp 0x804f3d0
e8 a5 93 ff ff                calll  0x8048780
8b 1c 24                      movl  (%esp), %ebx
c3                            retl  
81 c3 25 ac 08 00             add $0x8ac25, %ebx
83 ec 20                      sub $0x20, %esp
74 01                         jz 0x804f3fb
74 0b                         jz 0x804f40f
8d 44 24 10                   leal  0x10(%esp), %eax
50                            pushl  %eax
8d 83 00 01 00 00             leal  0x100(%ebx), %eax
50                            pushl  %eax
e8 20 01 00 00                calll  0x804f540
53                            pushl  %ebx
8b 54 24 14                   movl  0x14(%esp), %edx
8b 74 24 18                   movl  0x18(%esp), %esi
e8 c1 9e ff ff                calll  0x8049412
int
83 44 24 28 01                addl  $0x1, 0x28(%esp)
8b 44 24 28                   movl  0x28(%esp), %eax
83 44 24 28 01                addl  $0x1, 0x28(%esp)
8b 44 24 28                   movl  0x28(%esp), %eax
83 44 24 28 01                addl  $0x1, 0x28(%esp)
8b 44 24 28                   movl  0x28(%esp), %eax
83 44 24 28 01                addl  $0x1, 0x28(%esp)
8b 44 24 28                   movl  0x28(%esp), %eax
int
3b 44 24 24                   cmpl  0x24(%esp), %eax
7c be                         jl 0x80489fe
e8 47 6e 00 00                calll  0x804f850
e9 7b fb ff ff                jmp 0x804f3d0
e8 a5 93 ff ff                calll  0x8048780
8b 1c 24                      movl  (%esp), %ebx
c3                            retl  
81 c3 25 ac 08 00             add $0x8ac25, %ebx
83 ec 20                      sub $0x20, %esp
74 01                         jz 0x804f3fb
74 0b                         jz 0x804f40f
8d 44 24 10                   leal  0x10(%esp), %eax
50                            pushl  %eax
8d 83 00 01 00 00             leal  0x100(%ebx), %eax
50                            pushl  %eax
e8 20 01 00 00                calll  0x804f540
53                            pushl  %ebx
8b 54 24 14                   movl  0x14(%esp), %edx
8b 74 24 18                   movl  0x18(%esp), %esi
e8 c1 9e ff ff                calll  0x8049412
int
83 44 24 28 01                addl  $0x1, 0x28(%esp)
8b 44 24 28                   movl  0x28(%esp), %eax
83 44 24 28 01                addl  $0x1, 0x28(%esp)
8b 44 24 28                   movl  0x28(%esp), %eax
83 44 24 28 01                addl  $0x1, 0x28(%esp)
8b 44 24 28                   movl  0x28(%esp), %eax
int
3b 44 24 24                   cmpl  0x24(%esp), %eax
7c be                         jl 0x80489fe
e8 47 6e 00 00                calll  0x804f850
e9 7b fb ff ff                jmp 0x804f3d0
e8 a5 93 ff ff                calll  0x8048780
8b 1c 24                      movl  (%esp), %ebx
c3                            retl  
81 c3 25 ac 08 00             add $0x8ac25, %ebx
83 ec 20                      sub $0x20, %esp
74 01                         jz 0x804f3fb
74 0b                         jz 0x804f40f
8d 44 24 10                   leal  0x10(%esp), %eax
50                            pushl  %eax
8d 83 00 01 00 00             leal  0x100(%ebx), %eax
50                            pushl  %eax
e8 20 01 00 00                calll  0x804f540
53                            pushl  %ebx
8b 54 24 14                   movl  0x14(%esp), %edx
8b 74 24 18                   movl  0x18(%esp), %esi
e8 c1 9e ff ff                calll  0x8049412
int
83 44 24 28 01                addl  $0x1, 0x28(%esp)
8b 44 24 28                   movl  0x28(%esp), %eax
83 44 24 28 01                addl  $0x1, 0x28(%esp)
8b 44 24 28                   movl  0x28(%esp), %eax
int
3b 44 24 24                   cmpl  0x24(%esp), %eax
7c be                         jl 0x80489fe
e8 47 6e 00 00                calll  0x804f850
e9 7b fb ff ff                jmp 0x804f3d0
e8 a5 93 ff ff                calll  0x8048780
8b 1c 24                      movl  (%esp), %ebx
c3                            retl  
81 c3 25 ac 08 00             add $0x8ac25, %ebx
83 ec 20                      sub $0x20, %esp
74 01                         jz 0x804f3fb
74 0b                         jz 0x804f40f
8d 44 24 10                   leal  0x10(%esp), %eax
50                            pushl  %eax
8d 83 00 01 00 00             leal  0x100(%ebx), %eax
50                            pushl  %eax
e8 20 01 00 00                calll  0x804f540
53                            pushl  %ebx
8b 54 24 14                   movl  0x14(%esp), %edx
8b 74 24 18                   movl  0x18(%esp), %esi
e8 c1 9e ff ff                calll  0x8049412
int
3b 44 24 24                   cmpl  0x24(%esp), %eax
7c be                         jl 0x80489fe
e8 2a 76 00 00                calll  0x8050080
e8 fa 86 ff ff                calll  0x8048780
8b 1c 24                      movl  (%esp), %ebx
c3                            retl  
81 c3 7a 9f 08 00             add $0x89f7a, %ebx
83 ec 08                      sub $0x8, %esp
8d 44 24 14                   leal  0x14(%esp), %eax
83 ec 04                      sub $0x4, %esp
50                            pushl  %eax
e8 18 07 03 00                calll  0x80807c0
89 e5                         mov %esp, %ebp
53                            pushl  %ebx
e8 b5 7f fc ff                calll  0x8048780
8b 1c 24                      movl  (%esp), %ebx
c3                            retl  
81 c3 35 98 05 00             add $0x59835, %ebx
81 ec ec 04 00 00             sub $0x4ec, %esp
8b 45 10                      movl  0x10(%ebp), %eax
upointer
8b 44 24 1c                   movl  0x1c(%esp), %eax
89 04 24                      movl  %eax, (%esp)
83 7d 08 00                   cmpl  $0x0, 0x8(%ebp)
75 dc                         jnz 0x804897c
8b 45 08                      movl  0x8(%ebp), %eax
e8 ef 76 00 00                calll  0x8050080
e8 fa 86 ff ff                calll  0x8048780
8b 1c 24                      movl  (%esp), %ebx
c3                            retl  
81 c3 7a 9f 08 00             add $0x89f7a, %ebx
83 ec 08                      sub $0x8, %esp
8d 44 24 14                   leal  0x14(%esp), %eax
83 ec 04                      sub $0x4, %esp
50                            pushl  %eax
e8 18 07 03 00                calll  0x80807c0
89 e5                         mov %esp, %ebp
53                            pushl  %ebx
e8 b5 7f fc ff                calll  0x8048780
8b 1c 24                      movl  (%esp), %ebx
c3                            retl  
upointer
8b 44 24 1c                   movl  0x1c(%esp), %eax
89 04 24                      movl  %eax, (%esp)
83 7d 08 00                   cmpl  $0x0, 0x8(%ebp)
75 0a                         jnz 0x804888a
e8 6a 40 01 00                calll  0x805c900
e8 78 be fe ff                calll  0x8048780
8b 1c 24                      movl  (%esp), %ebx
c3                            retl  
81 c3 f8 d6 07 00             add $0x7d6f8, %ebx
83 ec 10                      sub $0x10, %esp
0f 85 6d 01 00 00             jnz 0x805ca90
0f 87 a9 00 00 00             jnbe 0x805c9d8
e9 50 ff ff ff                jmp 0x805c936
0f 82 72 01 00 00             jb 0x805cab0
0f 85 6a 01 00 00             jnz 0x805cab0
0f 84 95 00 00 00             jz 0x805c9f0
0f 82 c9 00 00 00             jb 0x805ca30
0f 84 29 ff ff ff             jz 0x805c967
0f 85 53 01 00 00             jnz 0x805cac8
8d 83 e0 05 00 00             leal  0x5e0(%ebx), %eax
upointer
8b 45 d8                      movl  -0x28(%ebp), %eax
89 45 f4                      movl  %eax, -0xc(%ebp)
8b 45 f4                      movl  -0xc(%ebp), %eax
8b 45 f4                      movl  -0xc(%ebp), %eax
upointer
83 7d f0 00                   cmpl  $0x0, -0x10(%ebp)
0f 85 6c ff ff ff             jnz 0x80488bd
eb 2d                         jmp 0x8048910
75 cd                         jnz 0x80488e3
7d 14                         jnl 0x8048901
75 cd                         jnz 0x80488e3
7d 14                         jnl 0x8048901
75 cd                         jnz 0x80488e3
7d 14                         jnl 0x8048901
75 cd                         jnz 0x80488e3
7d 14                         jnl 0x8048901
75 cd                         jnz 0x80488e3
7d 14                         jnl 0x8048901
75 cd                         jnz 0x80488e3
7d 14                         jnl 0x8048901
75 cd                         jnz 0x80488e3
7d 14                         jnl 0x8048901
75 cd                         jnz 0x80488e3
7d 14                         jnl 0x8048901
75 cd                         jnz 0x80488e3
int
3b 45 e4                      cmpl  -0x1c(%ebp), %eax
7d 14                         jnl 0x8048901
75 cd                         jnz 0x80488e3
7d 14                         jnl 0x8048901
75 cd                         jnz 0x80488e3
7d 14                         jnl 0x8048901
75 cd                         jnz 0x80488e3
7d 14                         jnl 0x8048901
75 cd                         jnz 0x80488e3
7d 14                         jnl 0x8048901
75 cd                         jnz 0x80488e3
7d 14                         jnl 0x8048901
75 cd                         jnz 0x80488e3
7d 14                         jnl 0x8048901
75 cd                         jnz 0x80488e3
7d 14                         jnl 0x8048901
75 cd                         jnz 0x80488e3
7d 14                         jnl 0x8048901
75 cd                         jnz 0x80488e3
75 0b                         jnz 0x8048929
int
3b 45 e4                      cmpl  -0x1c(%ebp), %eax
7d 14                         jnl 0x8048901
75 cd                         jnz 0x80488e3
7d 14                         jnl 0x8048901
75 cd                         jnz 0x80488e3
7d 14                         jnl 0x8048901
75 cd                         jnz 0x80488e3
7d 14                         jnl 0x8048901
75 cd                         jnz 0x80488e3
7d 14                         jnl 0x8048901
75 cd                         jnz 0x80488e3
7d 14                         jnl 0x8048901
75 cd                         jnz 0x80488e3
7d 14                         jnl 0x8048901
75 cd                         jnz 0x80488e3
7d 14                         jnl 0x8048901
75 cd                         jnz 0x80488e3
75 0b                         jnz 0x8048929
0f 85 6c ff ff ff             jnz 0x80488bd
eb 2d                         jmp 0x8048910
int
3b 45 e4                      cmpl  -0x1c(%ebp), %eax
7d 14                         jnl 0x8048901
75 cd                         jnz 0x80488e3
7d 14                         jnl 0x8048901
75 cd                         jnz 0x80488e3
7d 14                         jnl 0x8048901
75 cd                         jnz 0x80488e3
7d 14                         jnl 0x8048901
75 cd                         jnz 0x80488e3
7d 14                         jnl 0x8048901
75 cd                         jnz 0x80488e3
7d 14                         jnl 0x8048901
75 cd                         jnz 0x80488e3
7d 14                         jnl 0x8048901
75 cd                         jnz 0x80488e3
75 0b                         jnz 0x8048929
0f 85 6c ff ff ff             jnz 0x80488bd
eb 2d                         jmp 0x8048910
75 cd                         jnz 0x80488e3
7d 14                         jnl 0x8048901
int
3b 45 e4                      cmpl  -0x1c(%ebp), %eax
7d 14                         jnl 0x8048901
75 cd                         jnz 0x80488e3
7d 14                         jnl 0x8048901
75 cd                         jnz 0x80488e3
7d 14                         jnl 0x8048901
75 cd                         jnz 0x80488e3
7d 14                         jnl 0x8048901
75 cd                         jnz 0x80488e3
7d 14                         jnl 0x8048901
75 cd                         jnz 0x80488e3
7d 14                         jnl 0x8048901
75 cd                         jnz 0x80488e3
75 0b                         jnz 0x8048929
0f 85 6c ff ff ff             jnz 0x80488bd
eb 2d                         jmp 0x8048910
75 cd                         jnz 0x80488e3
7d 14                         jnl 0x8048901
75 cd                         jnz 0x80488e3
7d 14                         jnl 0x8048901
int
3b 45 e4                      cmpl  -0x1c(%ebp), %eax
7d 14                         jnl 0x8048901
75 cd                         jnz 0x80488e3
7d 14                         jnl 0x8048901
75 cd                         jnz 0x80488e3
7d 14                         jnl 0x8048901
75 cd                         jnz 0x80488e3
7d 14                         jnl 0x8048901
75 cd                         jnz 0x80488e3
7d 14                         jnl 0x8048901
75 cd                         jnz 0x80488e3
75 0b                         jnz 0x8048929
0f 85 6c ff ff ff             jnz 0x80488bd
eb 2d                         jmp 0x8048910
75 cd                         jnz 0x80488e3
7d 14                         jnl 0x8048901
75 cd                         jnz 0x80488e3
7d 14                         jnl 0x8048901
75 cd                         jnz 0x80488e3
7d 14                         jnl 0x8048901
int
3b 45 e4                      cmpl  -0x1c(%ebp), %eax
7d 14                         jnl 0x8048901
75 cd                         jnz 0x80488e3
7d 14                         jnl 0x8048901
75 cd                         jnz 0x80488e3
7d 14                         jnl 0x8048901
75 cd                         jnz 0x80488e3
7d 14                         jnl 0x8048901
75 cd                         jnz 0x80488e3
75 0b                         jnz 0x8048929
0f 85 6c ff ff ff             jnz 0x80488bd
eb 2d                         jmp 0x8048910
75 cd                         jnz 0x80488e3
7d 14                         jnl 0x8048901
75 cd                         jnz 0x80488e3
7d 14                         jnl 0x8048901
75 cd                         jnz 0x80488e3
7d 14                         jnl 0x8048901
75 cd                         jnz 0x80488e3
7d 14                         jnl 0x8048901
int
3b 45 e4                      cmpl  -0x1c(%ebp), %eax
7d 14                         jnl 0x8048901
75 cd                         jnz 0x80488e3
7d 14                         jnl 0x8048901
75 cd                         jnz 0x80488e3
7d 14                         jnl 0x8048901
75 cd                         jnz 0x80488e3
75 0b                         jnz 0x8048929
0f 85 6c ff ff ff             jnz 0x80488bd
eb 2d                         jmp 0x8048910
75 cd                         jnz 0x80488e3
7d 14                         jnl 0x8048901
75 cd                         jnz 0x80488e3
7d 14                         jnl 0x8048901
75 cd                         jnz 0x80488e3
7d 14                         jnl 0x8048901
75 cd                         jnz 0x80488e3
7d 14                         jnl 0x8048901
75 cd                         jnz 0x80488e3
7d 14                         jnl 0x8048901
int
3b 45 e4                      cmpl  -0x1c(%ebp), %eax
7d 14                         jnl 0x8048901
75 cd                         jnz 0x80488e3
7d 14                         jnl 0x8048901
75 cd                         jnz 0x80488e3
75 0b                         jnz 0x8048929
0f 85 6c ff ff ff             jnz 0x80488bd
eb 2d                         jmp 0x8048910
75 cd                         jnz 0x80488e3
7d 14                         jnl 0x8048901
75 cd                         jnz 0x80488e3
7d 14                         jnl 0x8048901
75 cd                         jnz 0x80488e3
7d 14                         jnl 0x8048901
75 cd                         jnz 0x80488e3
7d 14                         jnl 0x8048901
75 cd                         jnz 0x80488e3
7d 14                         jnl 0x8048901
75 cd                         jnz 0x80488e3
7d 14                         jnl 0x8048901
int
3b 45 e4                      cmpl  -0x1c(%ebp), %eax
7d 14                         jnl 0x8048901
75 cd                         jnz 0x80488e3
75 0b                         jnz 0x8048929
0f 85 6c ff ff ff             jnz 0x80488bd
eb 2d                         jmp 0x8048910
75 cd                         jnz 0x80488e3
7d 14                         jnl 0x8048901
75 cd                         jnz 0x80488e3
7d 14                         jnl 0x8048901
75 cd                         jnz 0x80488e3
7d 14                         jnl 0x8048901
75 cd                         jnz 0x80488e3
7d 14                         jnl 0x8048901
75 cd                         jnz 0x80488e3
7d 14                         jnl 0x8048901
75 cd                         jnz 0x80488e3
7d 14                         jnl 0x8048901
75 cd                         jnz 0x80488e3
7d 14                         jnl 0x8048901
upointer
3b 45 ec                      cmpl  -0x14(%ebp), %eax
75 0b                         jnz 0x8048929
0f 85 6c ff ff ff             jnz 0x80488bd
eb 2d                         jmp 0x8048910
75 cd                         jnz 0x80488e3
7d 14                         jnl 0x8048901
75 cd                         jnz 0x80488e3
7d 14                         jnl 0x8048901
75 cd                         jnz 0x80488e3
7d 14                         jnl 0x8048901
75 cd                         jnz 0x80488e3
7d 14                         jnl 0x8048901
75 cd                         jnz 0x80488e3
7d 14                         jnl 0x8048901
75 cd                         jnz 0x80488e3
7d 14                         jnl 0x8048901
75 cd                         jnz 0x80488e3
7d 14                         jnl 0x8048901
75 cd                         jnz 0x80488e3
7d 14                         jnl 0x8048901
upointer
8b 55 ec                      movl  -0x14(%ebp), %edx
89 50 04                      movl  %edx, 0x4(%eax)
8b 40 04                      movl  0x4(%eax), %eax
89 45 f4                      movl  %eax, -0xc(%ebp)
8b 45 f4                      movl  -0xc(%ebp), %eax
8b 45 f4                      movl  -0xc(%ebp), %eax
8b 40 04                      movl  0x4(%eax), %eax
89 45 f4                      movl  %eax, -0xc(%ebp)
8b 45 f4                      movl  -0xc(%ebp), %eax
89 44 24 20                   movl  %eax, 0x20(%esp)
8b 44 24 20                   movl  0x20(%esp), %eax
89 04 24                      movl  %eax, (%esp)
83 7d 08 00                   cmpl  $0x0, 0x8(%ebp)
75 dc                         jnz 0x804897c
8b 45 08                      movl  0x8(%ebp), %eax
e8 ef 76 00 00                calll  0x8050080
e8 fa 86 ff ff                calll  0x8048780
8b 1c 24                      movl  (%esp), %ebx
c3                            retl  
81 c3 7a 9f 08 00             add $0x89f7a, %ebx
upointer
83 7d f0 00                   cmpl  $0x0, -0x10(%ebp)
0f 85 6c ff ff ff             jnz 0x80488bd
eb 2d                         jmp 0x8048910
75 cd                         jnz 0x80488e3
7d 14                         jnl 0x8048901
75 cd                         jnz 0x80488e3
7d 14                         jnl 0x8048901
75 cd                         jnz 0x80488e3
7d 14                         jnl 0x8048901
75 cd                         jnz 0x80488e3
7d 14                         jnl 0x8048901
75 cd                         jnz 0x80488e3
7d 14                         jnl 0x8048901
75 cd                         jnz 0x80488e3
7d 14                         jnl 0x8048901
75 cd                         jnz 0x80488e3
7d 14                         jnl 0x8048901
75 cd                         jnz 0x80488e3
7d 14                         jnl 0x8048901
75 cd                         jnz 0x80488e3
int
3b 45 e4                      cmpl  -0x1c(%ebp), %eax
7d 14                         jnl 0x8048901
75 cd                         jnz 0x80488e3
7d 14                         jnl 0x8048901
75 cd                         jnz 0x80488e3
7d 14                         jnl 0x8048901
75 cd                         jnz 0x80488e3
7d 14                         jnl 0x8048901
75 cd                         jnz 0x80488e3
7d 14                         jnl 0x8048901
75 cd                         jnz 0x80488e3
7d 14                         jnl 0x8048901
75 cd                         jnz 0x80488e3
7d 14                         jnl 0x8048901
75 cd                         jnz 0x80488e3
7d 14                         jnl 0x8048901
75 cd                         jnz 0x80488e3
75 0b                         jnz 0x8048929
0f 85 6c ff ff ff             jnz 0x80488bd
eb 2d                         jmp 0x8048910
int
3b 45 e4                      cmpl  -0x1c(%ebp), %eax
7d 14                         jnl 0x8048901
75 cd                         jnz 0x80488e3
7d 14                         jnl 0x8048901
75 cd                         jnz 0x80488e3
7d 14                         jnl 0x8048901
75 cd                         jnz 0x80488e3
7d 14                         jnl 0x8048901
75 cd                         jnz 0x80488e3
7d 14                         jnl 0x8048901
75 cd                         jnz 0x80488e3
7d 14                         jnl 0x8048901
75 cd                         jnz 0x80488e3
7d 14                         jnl 0x8048901
75 cd                         jnz 0x80488e3
75 0b                         jnz 0x8048929
0f 85 6c ff ff ff             jnz 0x80488bd
eb 2d                         jmp 0x8048910
75 cd                         jnz 0x80488e3
7d 14                         jnl 0x8048901
int
3b 45 e4                      cmpl  -0x1c(%ebp), %eax
7d 14                         jnl 0x8048901
75 cd                         jnz 0x80488e3
7d 14                         jnl 0x8048901
75 cd                         jnz 0x80488e3
7d 14                         jnl 0x8048901
75 cd                         jnz 0x80488e3
7d 14                         jnl 0x8048901
75 cd                         jnz 0x80488e3
7d 14                         jnl 0x8048901
75 cd                         jnz 0x80488e3
7d 14                         jnl 0x8048901
75 cd                         jnz 0x80488e3
75 0b                         jnz 0x8048929
0f 85 6c ff ff ff             jnz 0x80488bd
eb 2d                         jmp 0x8048910
75 cd                         jnz 0x80488e3
7d 14                         jnl 0x8048901
75 cd                         jnz 0x80488e3
7d 14                         jnl 0x8048901
int
3b 45 e4                      cmpl  -0x1c(%ebp), %eax
7d 14                         jnl 0x8048901
75 cd                         jnz 0x80488e3
7d 14                         jnl 0x8048901
75 cd                         jnz 0x80488e3
7d 14                         jnl 0x8048901
75 cd                         jnz 0x80488e3
7d 14                         jnl 0x8048901
75 cd                         jnz 0x80488e3
7d 14                         jnl 0x8048901
75 cd                         jnz 0x80488e3
75 0b                         jnz 0x8048929
0f 85 6c ff ff ff             jnz 0x80488bd
eb 2d                         jmp 0x8048910
75 cd                         jnz 0x80488e3
7d 14                         jnl 0x8048901
75 cd                         jnz 0x80488e3
7d 14                         jnl 0x8048901
75 cd                         jnz 0x80488e3
7d 14                         jnl 0x8048901
int
3b 45 e4                      cmpl  -0x1c(%ebp), %eax
7d 14                         jnl 0x8048901
75 cd                         jnz 0x80488e3
7d 14                         jnl 0x8048901
75 cd                         jnz 0x80488e3
7d 14                         jnl 0x8048901
75 cd                         jnz 0x80488e3
7d 14                         jnl 0x8048901
75 cd                         jnz 0x80488e3
75 0b                         jnz 0x8048929
0f 85 6c ff ff ff             jnz 0x80488bd
eb 2d                         jmp 0x8048910
75 cd                         jnz 0x80488e3
7d 14                         jnl 0x8048901
75 cd                         jnz 0x80488e3
7d 14                         jnl 0x8048901
75 cd                         jnz 0x80488e3
7d 14                         jnl 0x8048901
75 cd                         jnz 0x80488e3
7d 14                         jnl 0x8048901
int
3b 45 e4                      cmpl  -0x1c(%ebp), %eax
7d 14                         jnl 0x8048901
75 cd                         jnz 0x80488e3
7d 14                         jnl 0x8048901
75 cd                         jnz 0x80488e3
7d 14                         jnl 0x8048901
75 cd                         jnz 0x80488e3
75 0b                         jnz 0x8048929
0f 85 6c ff ff ff             jnz 0x80488bd
eb 2d                         jmp 0x8048910
75 cd                         jnz 0x80488e3
7d 14                         jnl 0x8048901
75 cd                         jnz 0x80488e3
7d 14                         jnl 0x8048901
75 cd                         jnz 0x80488e3
7d 14                         jnl 0x8048901
75 cd                         jnz 0x80488e3
7d 14                         jnl 0x8048901
75 cd                         jnz 0x80488e3
7d 14                         jnl 0x8048901
int
3b 45 e4                      cmpl  -0x1c(%ebp), %eax
7d 14                         jnl 0x8048901
75 cd                         jnz 0x80488e3
7d 14                         jnl 0x8048901
75 cd                         jnz 0x80488e3
75 0b                         jnz 0x8048929
0f 85 6c ff ff ff             jnz 0x80488bd
eb 2d                         jmp 0x8048910
75 cd                         jnz 0x80488e3
7d 14                         jnl 0x8048901
75 cd                         jnz 0x80488e3
7d 14                         jnl 0x8048901
75 cd                         jnz 0x80488e3
7d 14                         jnl 0x8048901
75 cd                         jnz 0x80488e3
7d 14                         jnl 0x8048901
75 cd                         jnz 0x80488e3
7d 14                         jnl 0x8048901
75 cd                         jnz 0x80488e3
7d 14                         jnl 0x8048901
int
3b 45 e4                      cmpl  -0x1c(%ebp), %eax
7d 14                         jnl 0x8048901
75 cd                         jnz 0x80488e3
75 0b                         jnz 0x8048929
0f 85 6c ff ff ff             jnz 0x80488bd
eb 2d                         jmp 0x8048910
75 cd                         jnz 0x80488e3
7d 14                         jnl 0x8048901
75 cd                         jnz 0x80488e3
7d 14                         jnl 0x8048901
75 cd                         jnz 0x80488e3
7d 14                         jnl 0x8048901
75 cd                         jnz 0x80488e3
7d 14                         jnl 0x8048901
75 cd                         jnz 0x80488e3
7d 14                         jnl 0x8048901
75 cd                         jnz 0x80488e3
7d 14                         jnl 0x8048901
75 cd                         jnz 0x80488e3
7d 14                         jnl 0x8048901
upointer
3b 45 ec                      cmpl  -0x14(%ebp), %eax
75 0b                         jnz 0x8048929
0f 85 6c ff ff ff             jnz 0x80488bd
eb 2d                         jmp 0x8048910
75 cd                         jnz 0x80488e3
7d 14                         jnl 0x8048901
75 cd                         jnz 0x80488e3
7d 14                         jnl 0x8048901
75 cd                         jnz 0x80488e3
7d 14                         jnl 0x8048901
75 cd                         jnz 0x80488e3
7d 14                         jnl 0x8048901
75 cd                         jnz 0x80488e3
7d 14                         jnl 0x8048901
75 cd                         jnz 0x80488e3
7d 14                         jnl 0x8048901
75 cd                         jnz 0x80488e3
7d 14                         jnl 0x8048901
75 cd                         jnz 0x80488e3
75 0b                         jnz 0x8048929
upointer
8b 55 ec                      movl  -0x14(%ebp), %edx
89 50 04                      movl  %edx, 0x4(%eax)
8b 40 04                      movl  0x4(%eax), %eax
89 45 f4                      movl  %eax, -0xc(%ebp)
8b 45 f4                      movl  -0xc(%ebp), %eax
8b 45 f4                      movl  -0xc(%ebp), %eax
8b 40 04                      movl  0x4(%eax), %eax
89 45 08                      movl  %eax, 0x8(%ebp)
83 7d 08 00                   cmpl  $0x0, 0x8(%ebp)
75 dc                         jnz 0x804897c
8b 45 08                      movl  0x8(%ebp), %eax
e8 ef 76 00 00                calll  0x8050080
e8 fa 86 ff ff                calll  0x8048780
8b 1c 24                      movl  (%esp), %ebx
c3                            retl  
81 c3 7a 9f 08 00             add $0x89f7a, %ebx
83 ec 08                      sub $0x8, %esp
8d 44 24 14                   leal  0x14(%esp), %eax
83 ec 04                      sub $0x4, %esp
50                            pushl  %eax
upointer
83 7d f0 00                   cmpl  $0x0, -0x10(%ebp)
0f 85 6c ff ff ff             jnz 0x80488bd
eb 2d                         jmp 0x8048910
75 cd                         jnz 0x80488e3
7d 14                         jnl 0x8048901
75 cd                         jnz 0x80488e3
7d 14                         jnl 0x8048901
75 cd                         jnz 0x80488e3
7d 14                         jnl 0x8048901
75 cd                         jnz 0x80488e3
7d 14                         jnl 0x8048901
75 cd                         jnz 0x80488e3
7d 14                         jnl 0x8048901
75 cd                         jnz 0x80488e3
7d 14                         jnl 0x8048901
75 cd                         jnz 0x80488e3
7d 14                         jnl 0x8048901
75 cd                         jnz 0x80488e3
75 0b                         jnz 0x8048929
0f 85 6c ff ff ff             jnz 0x80488bd
int
3b 45 e4                      cmpl  -0x1c(%ebp), %eax
7d 14                         jnl 0x8048901
75 cd                         jnz 0x80488e3
7d 14                         jnl 0x8048901
75 cd                         jnz 0x80488e3
7d 14                         jnl 0x8048901
75 cd                         jnz 0x80488e3
7d 14                         jnl 0x8048901
75 cd                         jnz 0x80488e3
7d 14                         jnl 0x8048901
75 cd                         jnz 0x80488e3
7d 14                         jnl 0x8048901
75 cd                         jnz 0x80488e3
7d 14                         jnl 0x8048901
75 cd                         jnz 0x80488e3
75 0b                         jnz 0x8048929
0f 85 6c ff ff ff             jnz 0x80488bd
eb 2d                         jmp 0x8048910
75 cd                         jnz 0x80488e3
7d 14                         jnl 0x8048901
int
3b 45 e4                      cmpl  -0x1c(%ebp), %eax
7d 14                         jnl 0x8048901
75 cd                         jnz 0x80488e3
7d 14                         jnl 0x8048901
75 cd                         jnz 0x80488e3
7d 14                         jnl 0x8048901
75 cd                         jnz 0x80488e3
7d 14                         jnl 0x8048901
75 cd                         jnz 0x80488e3
7d 14                         jnl 0x8048901
75 cd                         jnz 0x80488e3
7d 14                         jnl 0x8048901
75 cd                         jnz 0x80488e3
75 0b                         jnz 0x8048929
0f 85 6c ff ff ff             jnz 0x80488bd
eb 2d                         jmp 0x8048910
75 cd                         jnz 0x80488e3
7d 14                         jnl 0x8048901
75 cd                         jnz 0x80488e3
7d 14                         jnl 0x8048901
int
3b 45 e4                      cmpl  -0x1c(%ebp), %eax
7d 14                         jnl 0x8048901
75 cd                         jnz 0x80488e3
7d 14                         jnl 0x8048901
75 cd                         jnz 0x80488e3
7d 14                         jnl 0x8048901
75 cd                         jnz 0x80488e3
7d 14                         jnl 0x8048901
75 cd                         jnz 0x80488e3
7d 14                         jnl 0x8048901
75 cd                         jnz 0x80488e3
75 0b                         jnz 0x8048929
0f 85 6c ff ff ff             jnz 0x80488bd
eb 2d                         jmp 0x8048910
75 cd                         jnz 0x80488e3
7d 14                         jnl 0x8048901
75 cd                         jnz 0x80488e3
7d 14                         jnl 0x8048901
75 cd                         jnz 0x80488e3
7d 14                         jnl 0x8048901
int
3b 45 e4                      cmpl  -0x1c(%ebp), %eax
7d 14                         jnl 0x8048901
75 cd                         jnz 0x80488e3
7d 14                         jnl 0x8048901
75 cd                         jnz 0x80488e3
7d 14                         jnl 0x8048901
75 cd                         jnz 0x80488e3
7d 14                         jnl 0x8048901
75 cd                         jnz 0x80488e3
75 0b                         jnz 0x8048929
0f 85 6c ff ff ff             jnz 0x80488bd
eb 2d                         jmp 0x8048910
75 cd                         jnz 0x80488e3
7d 14                         jnl 0x8048901
75 cd                         jnz 0x80488e3
7d 14                         jnl 0x8048901
75 cd                         jnz 0x80488e3
7d 14                         jnl 0x8048901
75 cd                         jnz 0x80488e3
7d 14                         jnl 0x8048901
int
3b 45 e4                      cmpl  -0x1c(%ebp), %eax
7d 14                         jnl 0x8048901
75 cd                         jnz 0x80488e3
7d 14                         jnl 0x8048901
75 cd                         jnz 0x80488e3
7d 14                         jnl 0x8048901
75 cd                         jnz 0x80488e3
75 0b                         jnz 0x8048929
0f 85 6c ff ff ff             jnz 0x80488bd
eb 2d                         jmp 0x8048910
75 cd                         jnz 0x80488e3
7d 14                         jnl 0x8048901
75 cd                         jnz 0x80488e3
7d 14                         jnl 0x8048901
75 cd                         jnz 0x80488e3
7d 14                         jnl 0x8048901
75 cd                         jnz 0x80488e3
7d 14                         jnl 0x8048901
75 cd                         jnz 0x80488e3
7d 14                         jnl 0x8048901
int
3b 45 e4                      cmpl  -0x1c(%ebp), %eax
7d 14                         jnl 0x8048901
75 cd                         jnz 0x80488e3
7d 14                         jnl 0x8048901
75 cd                         jnz 0x80488e3
75 0b                         jnz 0x8048929
0f 85 6c ff ff ff             jnz 0x80488bd
eb 2d                         jmp 0x8048910
75 cd                         jnz 0x80488e3
7d 14                         jnl 0x8048901
75 cd                         jnz 0x80488e3
7d 14                         jnl 0x8048901
75 cd                         jnz 0x80488e3
7d 14                         jnl 0x8048901
75 cd                         jnz 0x80488e3
7d 14                         jnl 0x8048901
75 cd                         jnz 0x80488e3
7d 14                         jnl 0x8048901
75 cd                         jnz 0x80488e3
7d 14                         jnl 0x8048901
int
3b 45 e4                      cmpl  -0x1c(%ebp), %eax
7d 14                         jnl 0x8048901
75 cd                         jnz 0x80488e3
75 0b                         jnz 0x8048929
0f 85 6c ff ff ff             jnz 0x80488bd
eb 2d                         jmp 0x8048910
75 cd                         jnz 0x80488e3
7d 14                         jnl 0x8048901
75 cd                         jnz 0x80488e3
7d 14                         jnl 0x8048901
75 cd                         jnz 0x80488e3
7d 14                         jnl 0x8048901
75 cd                         jnz 0x80488e3
7d 14                         jnl 0x8048901
75 cd                         jnz 0x80488e3
7d 14                         jnl 0x8048901
75 cd                         jnz 0x80488e3
7d 14                         jnl 0x8048901
75 cd                         jnz 0x80488e3
75 0b                         jnz 0x8048929
upointer
3b 45 ec                      cmpl  -0x14(%ebp), %eax
75 0b                         jnz 0x8048929
0f 85 6c ff ff ff             jnz 0x80488bd
eb 2d                         jmp 0x8048910
75 cd                         jnz 0x80488e3
7d 14                         jnl 0x8048901
75 cd                         jnz 0x80488e3
7d 14                         jnl 0x8048901
75 cd                         jnz 0x80488e3
7d 14                         jnl 0x8048901
75 cd                         jnz 0x80488e3
7d 14                         jnl 0x8048901
75 cd                         jnz 0x80488e3
7d 14                         jnl 0x8048901
75 cd                         jnz 0x80488e3
7d 14                         jnl 0x8048901
75 cd                         jnz 0x80488e3
75 0b                         jnz 0x8048929
eb 0c                         jmp 0x8048935
0f 85 6c ff ff ff             jnz 0x80488bd
upointer
8b 55 ec                      movl  -0x14(%ebp), %edx
89 50 04                      movl  %edx, 0x4(%eax)
8b 40 04                      movl  0x4(%eax), %eax
89 45 f4                      movl  %eax, -0xc(%ebp)
8b 45 f4                      movl  -0xc(%ebp), %eax
8b 45 f4                      movl  -0xc(%ebp), %eax
8b 40 04                      movl  0x4(%eax), %eax
89 45 08                      movl  %eax, 0x8(%ebp)
83 7d 08 00                   cmpl  $0x0, 0x8(%ebp)
75 dc                         jnz 0x804897c
8b 45 08                      movl  0x8(%ebp), %eax
e8 ef 76 00 00                calll  0x8050080
e8 fa 86 ff ff                calll  0x8048780
8b 1c 24                      movl  (%esp), %ebx
c3                            retl  
81 c3 7a 9f 08 00             add $0x89f7a, %ebx
83 ec 08                      sub $0x8, %esp
8d 44 24 14                   leal  0x14(%esp), %eax
83 ec 04                      sub $0x4, %esp
50                            pushl  %eax
upointer
83 7d f0 00                   cmpl  $0x0, -0x10(%ebp)
0f 85 6c ff ff ff             jnz 0x80488bd
eb 2d                         jmp 0x8048910
75 cd                         jnz 0x80488e3
7d 14                         jnl 0x8048901
75 cd                         jnz 0x80488e3
7d 14                         jnl 0x8048901
75 cd                         jnz 0x80488e3
7d 14                         jnl 0x8048901
75 cd                         jnz 0x80488e3
7d 14                         jnl 0x8048901
75 cd                         jnz 0x80488e3
7d 14                         jnl 0x8048901
75 cd                         jnz 0x80488e3
7d 14                         jnl 0x8048901
75 cd                         jnz 0x80488e3
75 0b                         jnz 0x8048929
eb 0c                         jmp 0x8048935
0f 85 6c ff ff ff             jnz 0x80488bd
eb 2d                         jmp 0x8048910
upointer
8b 45 f0                      movl  -0x10(%ebp), %eax
89 45 ec                      movl  %eax, -0x14(%ebp)
3b 45 ec                      cmpl  -0x14(%ebp), %eax
75 0b                         jnz 0x8048929
eb 0c                         jmp 0x8048935
8b 55 ec                      movl  -0x14(%ebp), %edx
89 50 04                      movl  %edx, 0x4(%eax)
8b 40 04                      movl  0x4(%eax), %eax
89 45 f4                      movl  %eax, -0xc(%ebp)
0f 85 6c ff ff ff             jnz 0x80488bd
eb 2d                         jmp 0x8048910
75 cd                         jnz 0x80488e3
7d 14                         jnl 0x8048901
75 cd                         jnz 0x80488e3
7d 14                         jnl 0x8048901
75 cd                         jnz 0x80488e3
7d 14                         jnl 0x8048901
75 cd                         jnz 0x80488e3
7d 14                         jnl 0x8048901
75 cd                         jnz 0x80488e3
int
3b 45 e4                      cmpl  -0x1c(%ebp), %eax
7d 14                         jnl 0x8048901
75 cd                         jnz 0x80488e3
7d 14                         jnl 0x8048901
75 cd                         jnz 0x80488e3
7d 14                         jnl 0x8048901
75 cd                         jnz 0x80488e3
7d 14                         jnl 0x8048901
75 cd                         jnz 0x80488e3
7d 14                         jnl 0x8048901
75 cd                         jnz 0x80488e3
7d 14                         jnl 0x8048901
75 cd                         jnz 0x80488e3
75 0b                         jnz 0x8048929
eb 0c                         jmp 0x8048935
0f 85 6c ff ff ff             jnz 0x80488bd
eb 2d                         jmp 0x8048910
75 cd                         jnz 0x80488e3
7d 14                         jnl 0x8048901
75 cd                         jnz 0x80488e3
int
3b 45 e4                      cmpl  -0x1c(%ebp), %eax
7d 14                         jnl 0x8048901
75 cd                         jnz 0x80488e3
7d 14                         jnl 0x8048901
75 cd                         jnz 0x80488e3
7d 14                         jnl 0x8048901
75 cd                         jnz 0x80488e3
7d 14                         jnl 0x8048901
75 cd                         jnz 0x80488e3
7d 14                         jnl 0x8048901
75 cd                         jnz 0x80488e3
75 0b                         jnz 0x8048929
eb 0c                         jmp 0x8048935
0f 85 6c ff ff ff             jnz 0x80488bd
eb 2d                         jmp 0x8048910
75 cd                         jnz 0x80488e3
7d 14                         jnl 0x8048901
75 cd                         jnz 0x80488e3
7d 14                         jnl 0x8048901
75 cd                         jnz 0x80488e3
int
3b 45 e4                      cmpl  -0x1c(%ebp), %eax
7d 14                         jnl 0x8048901
75 cd                         jnz 0x80488e3
7d 14                         jnl 0x8048901
75 cd                         jnz 0x80488e3
7d 14                         jnl 0x8048901
75 cd                         jnz 0x80488e3
7d 14                         jnl 0x8048901
75 cd                         jnz 0x80488e3
75 0b                         jnz 0x8048929
eb 0c                         jmp 0x8048935
0f 85 6c ff ff ff             jnz 0x80488bd
eb 2d                         jmp 0x8048910
75 cd                         jnz 0x80488e3
7d 14                         jnl 0x8048901
75 cd                         jnz 0x80488e3
7d 14                         jnl 0x8048901
75 cd                         jnz 0x80488e3
7d 14                         jnl 0x8048901
75 cd                         jnz 0x80488e3
int
3b 45 e4                      cmpl  -0x1c(%ebp), %eax
7d 14                         jnl 0x8048901
75 cd                         jnz 0x80488e3
7d 14                         jnl 0x8048901
75 cd                         jnz 0x80488e3
7d 14                         jnl 0x8048901
75 cd                         jnz 0x80488e3
75 0b                         jnz 0x8048929
eb 0c                         jmp 0x8048935
0f 85 6c ff ff ff             jnz 0x80488bd
eb 2d                         jmp 0x8048910
75 cd                         jnz 0x80488e3
7d 14                         jnl 0x8048901
75 cd                         jnz 0x80488e3
7d 14                         jnl 0x8048901
75 cd                         jnz 0x80488e3
7d 14                         jnl 0x8048901
75 cd                         jnz 0x80488e3
7d 14                         jnl 0x8048901
75 cd                         jnz 0x80488e3
int
3b 45 e4                      cmpl  -0x1c(%ebp), %eax
7d 14                         jnl 0x8048901
75 cd                         jnz 0x80488e3
7d 14                         jnl 0x8048901
75 cd                         jnz 0x80488e3
75 0b                         jnz 0x8048929
eb 0c                         jmp 0x8048935
0f 85 6c ff ff ff             jnz 0x80488bd
eb 2d                         jmp 0x8048910
75 cd                         jnz 0x80488e3
7d 14                         jnl 0x8048901
75 cd                         jnz 0x80488e3
7d 14                         jnl 0x8048901
75 cd                         jnz 0x80488e3
7d 14                         jnl 0x8048901
75 cd                         jnz 0x80488e3
7d 14                         jnl 0x8048901
75 cd                         jnz 0x80488e3
7d 14                         jnl 0x8048901
75 cd                         jnz 0x80488e3
int
3b 45 e4                      cmpl  -0x1c(%ebp), %eax
7d 14                         jnl 0x8048901
75 cd                         jnz 0x80488e3
75 0b                         jnz 0x8048929
eb 0c                         jmp 0x8048935
0f 85 6c ff ff ff             jnz 0x80488bd
eb 2d                         jmp 0x8048910
75 cd                         jnz 0x80488e3
7d 14                         jnl 0x8048901
75 cd                         jnz 0x80488e3
7d 14                         jnl 0x8048901
75 cd                         jnz 0x80488e3
7d 14                         jnl 0x8048901
75 cd                         jnz 0x80488e3
7d 14                         jnl 0x8048901
75 cd                         jnz 0x80488e3
7d 14                         jnl 0x8048901
75 cd                         jnz 0x80488e3
75 0b                         jnz 0x8048929
0f 85 6c ff ff ff             jnz 0x80488bd
upointer
3b 45 ec                      cmpl  -0x14(%ebp), %eax
75 0b                         jnz 0x8048929
eb 0c                         jmp 0x8048935
0f 85 6c ff ff ff             jnz 0x80488bd
eb 2d                         jmp 0x8048910
75 cd                         jnz 0x80488e3
7d 14                         jnl 0x8048901
75 cd                         jnz 0x80488e3
7d 14                         jnl 0x8048901
75 cd                         jnz 0x80488e3
7d 14                         jnl 0x8048901
75 cd                         jnz 0x80488e3
7d 14                         jnl 0x8048901
75 cd                         jnz 0x80488e3
7d 14                         jnl 0x8048901
75 cd                         jnz 0x80488e3
75 0b                         jnz 0x8048929
0f 85 6c ff ff ff             jnz 0x80488bd
eb 2d                         jmp 0x8048910
75 cd                         jnz 0x80488e3
upointer
8b 55 ec                      movl  -0x14(%ebp), %edx
89 50 04                      movl  %edx, 0x4(%eax)
8b 40 04                      movl  0x4(%eax), %eax
89 45 f4                      movl  %eax, -0xc(%ebp)
8b 45 f4                      movl  -0xc(%ebp), %eax
8b 45 f4                      movl  -0xc(%ebp), %eax
8b 40 04                      movl  0x4(%eax), %eax
89 45 08                      movl  %eax, 0x8(%ebp)
83 7d 08 00                   cmpl  $0x0, 0x8(%ebp)
75 dc                         jnz 0x804897c
8b 45 08                      movl  0x8(%ebp), %eax
e8 ef 76 00 00                calll  0x8050080
e8 fa 86 ff ff                calll  0x8048780
8b 1c 24                      movl  (%esp), %ebx
c3                            retl  
81 c3 7a 9f 08 00             add $0x89f7a, %ebx
83 ec 08                      sub $0x8, %esp
8d 44 24 14                   leal  0x14(%esp), %eax
83 ec 04                      sub $0x4, %esp
50                            pushl  %eax
upointer
83 7d f0 00                   cmpl  $0x0, -0x10(%ebp)
0f 85 6c ff ff ff             jnz 0x80488bd
eb 2d                         jmp 0x8048910
75 cd                         jnz 0x80488e3
7d 14                         jnl 0x8048901
75 cd                         jnz 0x80488e3
7d 14                         jnl 0x8048901
75 cd                         jnz 0x80488e3
7d 14                         jnl 0x8048901
75 cd                         jnz 0x80488e3
7d 14                         jnl 0x8048901
75 cd                         jnz 0x80488e3
7d 14                         jnl 0x8048901
75 cd                         jnz 0x80488e3
75 0b                         jnz 0x8048929
0f 85 6c ff ff ff             jnz 0x80488bd
eb 2d                         jmp 0x8048910
75 cd                         jnz 0x80488e3
7d 14                         jnl 0x8048901
75 cd                         jnz 0x80488e3
upointer
8b 45 f0                      movl  -0x10(%ebp), %eax
89 45 dc                      movl  %eax, -0x24(%ebp)
8b 45 dc                      movl  -0x24(%ebp), %eax
89 45 e8                      movl  %eax, -0x18(%ebp)
int
3b 45 e4                      cmpl  -0x1c(%ebp), %eax
7d 14                         jnl 0x8048901
75 cd                         jnz 0x80488e3
7d 14                         jnl 0x8048901
75 cd                         jnz 0x80488e3
7d 14                         jnl 0x8048901
75 cd                         jnz 0x80488e3
7d 14                         jnl 0x8048901
75 cd                         jnz 0x80488e3
7d 14                         jnl 0x8048901
75 cd                         jnz 0x80488e3
75 0b                         jnz 0x8048929
0f 85 6c ff ff ff             jnz 0x80488bd
eb 2d                         jmp 0x8048910
75 cd                         jnz 0x80488e3
7d 14                         jnl 0x8048901
75 cd                         jnz 0x80488e3
7d 14                         jnl 0x8048901
75 cd                         jnz 0x80488e3
7d 14                         jnl 0x8048901
int
3b 45 e4                      cmpl  -0x1c(%ebp), %eax
7d 14                         jnl 0x8048901
75 cd                         jnz 0x80488e3
7d 14                         jnl 0x8048901
75 cd                         jnz 0x80488e3
7d 14                         jnl 0x8048901
75 cd                         jnz 0x80488e3
7d 14                         jnl 0x8048901
75 cd                         jnz 0x80488e3
75 0b                         jnz 0x8048929
0f 85 6c ff ff ff             jnz 0x80488bd
eb 2d                         jmp 0x8048910
75 cd                         jnz 0x80488e3
7d 14                         jnl 0x8048901
75 cd                         jnz 0x80488e3
7d 14                         jnl 0x8048901
75 cd                         jnz 0x80488e3
7d 14                         jnl 0x8048901
75 cd                         jnz 0x80488e3
7d 14                         jnl 0x8048901
int
3b 45 e4                      cmpl  -0x1c(%ebp), %eax
7d 14                         jnl 0x8048901
75 cd                         jnz 0x80488e3
7d 14                         jnl 0x8048901
75 cd                         jnz 0x80488e3
7d 14                         jnl 0x8048901
75 cd                         jnz 0x80488e3
75 0b                         jnz 0x8048929
0f 85 6c ff ff ff             jnz 0x80488bd
eb 2d                         jmp 0x8048910
75 cd                         jnz 0x80488e3
7d 14                         jnl 0x8048901
75 cd                         jnz 0x80488e3
7d 14                         jnl 0x8048901
75 cd                         jnz 0x80488e3
7d 14                         jnl 0x8048901
75 cd                         jnz 0x80488e3
7d 14                         jnl 0x8048901
75 cd                         jnz 0x80488e3
75 0b                         jnz 0x8048929
int
3b 45 e4                      cmpl  -0x1c(%ebp), %eax
7d 14                         jnl 0x8048901
75 cd                         jnz 0x80488e3
7d 14                         jnl 0x8048901
75 cd                         jnz 0x80488e3
75 0b                         jnz 0x8048929
0f 85 6c ff ff ff             jnz 0x80488bd
eb 2d                         jmp 0x8048910
75 cd                         jnz 0x80488e3
7d 14                         jnl 0x8048901
75 cd                         jnz 0x80488e3
7d 14                         jnl 0x8048901
75 cd                         jnz 0x80488e3
7d 14                         jnl 0x8048901
75 cd                         jnz 0x80488e3
7d 14                         jnl 0x8048901
75 cd                         jnz 0x80488e3
75 0b                         jnz 0x8048929
0f 85 6c ff ff ff             jnz 0x80488bd
eb 2d                         jmp 0x8048910
int
3b 45 e4                      cmpl  -0x1c(%ebp), %eax
7d 14                         jnl 0x8048901
75 cd                         jnz 0x80488e3
75 0b                         jnz 0x8048929
0f 85 6c ff ff ff             jnz 0x80488bd
eb 2d                         jmp 0x8048910
75 cd                         jnz 0x80488e3
7d 14                         jnl 0x8048901
75 cd                         jnz 0x80488e3
7d 14                         jnl 0x8048901
75 cd                         jnz 0x80488e3
7d 14                         jnl 0x8048901
75 cd                         jnz 0x80488e3
7d 14                         jnl 0x8048901
75 cd                         jnz 0x80488e3
75 0b                         jnz 0x8048929
0f 85 6c ff ff ff             jnz 0x80488bd
eb 2d                         jmp 0x8048910
75 cd                         jnz 0x80488e3
7d 14                         jnl 0x8048901
upointer
3b 45 ec                      cmpl  -0x14(%ebp), %eax
75 0b                         jnz 0x8048929
0f 85 6c ff ff ff             jnz 0x80488bd
eb 2d                         jmp 0x8048910
75 cd                         jnz 0x80488e3
7d 14                         jnl 0x8048901
75 cd                         jnz 0x80488e3
7d 14                         jnl 0x8048901
75 cd                         jnz 0x80488e3
7d 14                         jnl 0x8048901
75 cd                         jnz 0x80488e3
7d 14                         jnl 0x8048901
75 cd                         jnz 0x80488e3
75 0b                         jnz 0x8048929
0f 85 6c ff ff ff             jnz 0x80488bd
eb 2d                         jmp 0x8048910
75 cd                         jnz 0x80488e3
7d 14                         jnl 0x8048901
75 cd                         jnz 0x80488e3
7d 14                         jnl 0x8048901
upointer
8b 55 ec                      movl  -0x14(%ebp), %edx
89 50 04                      movl  %edx, 0x4(%eax)
8b 40 04                      movl  0x4(%eax), %eax
89 45 f4                      movl  %eax, -0xc(%ebp)
8b 45 f4                      movl  -0xc(%ebp), %eax
8b 45 f4                      movl  -0xc(%ebp), %eax
8b 40 04                      movl  0x4(%eax), %eax
89 45 08                      movl  %eax, 0x8(%ebp)
83 7d 08 00                   cmpl  $0x0, 0x8(%ebp)
75 dc                         jnz 0x804897c
8b 45 08                      movl  0x8(%ebp), %eax
e8 ef 76 00 00                calll  0x8050080
e8 fa 86 ff ff                calll  0x8048780
8b 1c 24                      movl  (%esp), %ebx
c3                            retl  
81 c3 7a 9f 08 00             add $0x89f7a, %ebx
83 ec 08                      sub $0x8, %esp
8d 44 24 14                   leal  0x14(%esp), %eax
83 ec 04                      sub $0x4, %esp
50                            pushl  %eax
upointer
83 7d f0 00                   cmpl  $0x0, -0x10(%ebp)
0f 85 6c ff ff ff             jnz 0x80488bd
eb 2d                         jmp 0x8048910
75 cd                         jnz 0x80488e3
7d 14                         jnl 0x8048901
75 cd                         jnz 0x80488e3
7d 14                         jnl 0x8048901
75 cd                         jnz 0x80488e3
7d 14                         jnl 0x8048901
75 cd                         jnz 0x80488e3
7d 14                         jnl 0x8048901
75 cd                         jnz 0x80488e3
75 0b                         jnz 0x8048929
0f 85 6c ff ff ff             jnz 0x80488bd
eb 2d                         jmp 0x8048910
75 cd                         jnz 0x80488e3
7d 14                         jnl 0x8048901
75 cd                         jnz 0x80488e3
7d 14                         jnl 0x8048901
75 cd                         jnz 0x80488e3
upointer
8b 45 f0                      movl  -0x10(%ebp), %eax
89 45 dc                      movl  %eax, -0x24(%ebp)
8b 45 dc                      movl  -0x24(%ebp), %eax
89 45 e8                      movl  %eax, -0x18(%ebp)
8b 45 e8                      movl  -0x18(%ebp), %eax
int
3b 45 e4                      cmpl  -0x1c(%ebp), %eax
7d 14                         jnl 0x8048901
75 cd                         jnz 0x80488e3
7d 14                         jnl 0x8048901
75 cd                         jnz 0x80488e3
7d 14                         jnl 0x8048901
75 cd                         jnz 0x80488e3
7d 14                         jnl 0x8048901
75 cd                         jnz 0x80488e3
75 0b                         jnz 0x8048929
0f 85 6c ff ff ff             jnz 0x80488bd
eb 2d                         jmp 0x8048910
75 cd                         jnz 0x80488e3
7d 14                         jnl 0x8048901
75 cd                         jnz 0x80488e3
7d 14                         jnl 0x8048901
75 cd                         jnz 0x80488e3
7d 14                         jnl 0x8048901
75 cd                         jnz 0x80488e3
75 0b                         jnz 0x8048929
int
3b 45 e4                      cmpl  -0x1c(%ebp), %eax
7d 14                         jnl 0x8048901
75 cd                         jnz 0x80488e3
7d 14                         jnl 0x8048901
75 cd                         jnz 0x80488e3
7d 14                         jnl 0x8048901
75 cd                         jnz 0x80488e3
75 0b                         jnz 0x8048929
0f 85 6c ff ff ff             jnz 0x80488bd
eb 2d                         jmp 0x8048910
75 cd                         jnz 0x80488e3
7d 14                         jnl 0x8048901
75 cd                         jnz 0x80488e3
7d 14                         jnl 0x8048901
75 cd                         jnz 0x80488e3
7d 14                         jnl 0x8048901
75 cd                         jnz 0x80488e3
75 0b                         jnz 0x8048929
0f 85 6c ff ff ff             jnz 0x80488bd
eb 2d                         jmp 0x8048910
int
3b 45 e4                      cmpl  -0x1c(%ebp), %eax
7d 14                         jnl 0x8048901
75 cd                         jnz 0x80488e3
7d 14                         jnl 0x8048901
75 cd                         jnz 0x80488e3
75 0b                         jnz 0x8048929
0f 85 6c ff ff ff             jnz 0x80488bd
eb 2d                         jmp 0x8048910
75 cd                         jnz 0x80488e3
7d 14                         jnl 0x8048901
75 cd                         jnz 0x80488e3
7d 14                         jnl 0x8048901
75 cd                         jnz 0x80488e3
7d 14                         jnl 0x8048901
75 cd                         jnz 0x80488e3
75 0b                         jnz 0x8048929
0f 85 6c ff ff ff             jnz 0x80488bd
eb 2d                         jmp 0x8048910
75 cd                         jnz 0x80488e3
7d 14                         jnl 0x8048901
int
3b 45 e4                      cmpl  -0x1c(%ebp), %eax
7d 14                         jnl 0x8048901
75 cd                         jnz 0x80488e3
75 0b                         jnz 0x8048929
0f 85 6c ff ff ff             jnz 0x80488bd
eb 2d                         jmp 0x8048910
75 cd                         jnz 0x80488e3
7d 14                         jnl 0x8048901
75 cd                         jnz 0x80488e3
7d 14                         jnl 0x8048901
75 cd                         jnz 0x80488e3
7d 14                         jnl 0x8048901
75 cd                         jnz 0x80488e3
75 0b                         jnz 0x8048929
0f 85 6c ff ff ff             jnz 0x80488bd
eb 2d                         jmp 0x8048910
75 cd                         jnz 0x80488e3
7d 14                         jnl 0x8048901
75 cd                         jnz 0x80488e3
7d 14                         jnl 0x8048901
upointer
3b 45 ec                      cmpl  -0x14(%ebp), %eax
75 0b                         jnz 0x8048929
0f 85 6c ff ff ff             jnz 0x80488bd
eb 2d                         jmp 0x8048910
75 cd                         jnz 0x80488e3
7d 14                         jnl 0x8048901
75 cd                         jnz 0x80488e3
7d 14                         jnl 0x8048901
75 cd                         jnz 0x80488e3
7d 14                         jnl 0x8048901
75 cd                         jnz 0x80488e3
75 0b                         jnz 0x8048929
0f 85 6c ff ff ff             jnz 0x80488bd
eb 2d                         jmp 0x8048910
75 cd                         jnz 0x80488e3
7d 14                         jnl 0x8048901
75 cd                         jnz 0x80488e3
7d 14                         jnl 0x8048901
75 cd                         jnz 0x80488e3
75 0b                         jnz 0x8048929
upointer
8b 55 ec                      movl  -0x14(%ebp), %edx
89 50 04                      movl  %edx, 0x4(%eax)
8b 40 04                      movl  0x4(%eax), %eax
89 45 f4                      movl  %eax, -0xc(%ebp)
8b 45 f4                      movl  -0xc(%ebp), %eax
8b 45 f4                      movl  -0xc(%ebp), %eax
8b 40 04                      movl  0x4(%eax), %eax
89 45 08                      movl  %eax, 0x8(%ebp)
83 7d 08 00                   cmpl  $0x0, 0x8(%ebp)
75 dc                         jnz 0x804897c
8b 45 08                      movl  0x8(%ebp), %eax
e8 ef 76 00 00                calll  0x8050080
e8 fa 86 ff ff                calll  0x8048780
8b 1c 24                      movl  (%esp), %ebx
c3                            retl  
81 c3 7a 9f 08 00             add $0x89f7a, %ebx
83 ec 08                      sub $0x8, %esp
8d 44 24 14                   leal  0x14(%esp), %eax
83 ec 04                      sub $0x4, %esp
50                            pushl  %eax
upointer
83 7d f0 00                   cmpl  $0x0, -0x10(%ebp)
0f 85 6c ff ff ff             jnz 0x80488bd
eb 2d                         jmp 0x8048910
75 cd                         jnz 0x80488e3
7d 14                         jnl 0x8048901
75 cd                         jnz 0x80488e3
7d 14                         jnl 0x8048901
75 cd                         jnz 0x80488e3
7d 14                         jnl 0x8048901
75 cd                         jnz 0x80488e3
75 0b                         jnz 0x8048929
0f 85 6c ff ff ff             jnz 0x80488bd
eb 2d                         jmp 0x8048910
75 cd                         jnz 0x80488e3
7d 14                         jnl 0x8048901
75 cd                         jnz 0x80488e3
7d 14                         jnl 0x8048901
75 cd                         jnz 0x80488e3
75 0b                         jnz 0x8048929
0f 85 6c ff ff ff             jnz 0x80488bd
int
3b 45 e4                      cmpl  -0x1c(%ebp), %eax
7d 14                         jnl 0x8048901
75 cd                         jnz 0x80488e3
7d 14                         jnl 0x8048901
75 cd                         jnz 0x80488e3
7d 14                         jnl 0x8048901
75 cd                         jnz 0x80488e3
75 0b                         jnz 0x8048929
0f 85 6c ff ff ff             jnz 0x80488bd
eb 2d                         jmp 0x8048910
75 cd                         jnz 0x80488e3
7d 14                         jnl 0x8048901
75 cd                         jnz 0x80488e3
7d 14                         jnl 0x8048901
75 cd                         jnz 0x80488e3
75 0b                         jnz 0x8048929
0f 85 6c ff ff ff             jnz 0x80488bd
eb 2d                         jmp 0x8048910
75 cd                         jnz 0x80488e3
7d 14                         jnl 0x8048901
int
3b 45 e4                      cmpl  -0x1c(%ebp), %eax
7d 14                         jnl 0x8048901
75 cd                         jnz 0x80488e3
7d 14                         jnl 0x8048901
75 cd                         jnz 0x80488e3
75 0b                         jnz 0x8048929
0f 85 6c ff ff ff             jnz 0x80488bd
eb 2d                         jmp 0x8048910
75 cd                         jnz 0x80488e3
7d 14                         jnl 0x8048901
75 cd                         jnz 0x80488e3
7d 14                         jnl 0x8048901
75 cd                         jnz 0x80488e3
75 0b                         jnz 0x8048929
0f 85 6c ff ff ff             jnz 0x80488bd
eb 2d                         jmp 0x8048910
75 cd                         jnz 0x80488e3
7d 14                         jnl 0x8048901
75 cd                         jnz 0x80488e3
75 0b                         jnz 0x8048929
int
3b 45 e4                      cmpl  -0x1c(%ebp), %eax
7d 14                         jnl 0x8048901
75 cd                         jnz 0x80488e3
75 0b                         jnz 0x8048929
0f 85 6c ff ff ff             jnz 0x80488bd
eb 2d                         jmp 0x8048910
75 cd                         jnz 0x80488e3
7d 14                         jnl 0x8048901
75 cd                         jnz 0x80488e3
7d 14                         jnl 0x8048901
75 cd                         jnz 0x80488e3
75 0b                         jnz 0x8048929
0f 85 6c ff ff ff             jnz 0x80488bd
eb 2d                         jmp 0x8048910
75 cd                         jnz 0x80488e3
7d 14                         jnl 0x8048901
75 cd                         jnz 0x80488e3
75 0b                         jnz 0x8048929
eb 0c                         jmp 0x8048935
0f 85 6c ff ff ff             jnz 0x80488bd
upointer
3b 45 ec                      cmpl  -0x14(%ebp), %eax
75 0b                         jnz 0x8048929
0f 85 6c ff ff ff             jnz 0x80488bd
eb 2d                         jmp 0x8048910
75 cd                         jnz 0x80488e3
7d 14                         jnl 0x8048901
75 cd                         jnz 0x80488e3
7d 14                         jnl 0x8048901
75 cd                         jnz 0x80488e3
75 0b                         jnz 0x8048929
0f 85 6c ff ff ff             jnz 0x80488bd
eb 2d                         jmp 0x8048910
75 cd                         jnz 0x80488e3
7d 14                         jnl 0x8048901
75 cd                         jnz 0x80488e3
75 0b                         jnz 0x8048929
eb 0c                         jmp 0x8048935
0f 85 6c ff ff ff             jnz 0x80488bd
eb 2d                         jmp 0x8048910
75 cd                         jnz 0x80488e3
upointer
8b 55 ec                      movl  -0x14(%ebp), %edx
89 50 04                      movl  %edx, 0x4(%eax)
8b 40 04                      movl  0x4(%eax), %eax
89 45 f4                      movl  %eax, -0xc(%ebp)
8b 45 f4                      movl  -0xc(%ebp), %eax
8b 45 f4                      movl  -0xc(%ebp), %eax
8b 40 04                      movl  0x4(%eax), %eax
89 45 08                      movl  %eax, 0x8(%ebp)
83 7d 08 00                   cmpl  $0x0, 0x8(%ebp)
75 dc                         jnz 0x804897c
8b 45 08                      movl  0x8(%ebp), %eax
e8 ef 76 00 00                calll  0x8050080
e8 fa 86 ff ff                calll  0x8048780
8b 1c 24                      movl  (%esp), %ebx
c3                            retl  
81 c3 7a 9f 08 00             add $0x89f7a, %ebx
83 ec 08                      sub $0x8, %esp
8d 44 24 14                   leal  0x14(%esp), %eax
83 ec 04                      sub $0x4, %esp
50                            pushl  %eax
upointer
83 7d f0 00                   cmpl  $0x0, -0x10(%ebp)
0f 85 6c ff ff ff             jnz 0x80488bd
eb 2d                         jmp 0x8048910
75 cd                         jnz 0x80488e3
7d 14                         jnl 0x8048901
75 cd                         jnz 0x80488e3
7d 14                         jnl 0x8048901
75 cd                         jnz 0x80488e3
75 0b                         jnz 0x8048929
0f 85 6c ff ff ff             jnz 0x80488bd
eb 2d                         jmp 0x8048910
75 cd                         jnz 0x80488e3
7d 14                         jnl 0x8048901
75 cd                         jnz 0x80488e3
75 0b                         jnz 0x8048929
eb 0c                         jmp 0x8048935
0f 85 6c ff ff ff             jnz 0x80488bd
eb 2d                         jmp 0x8048910
75 cd                         jnz 0x80488e3
75 0b                         jnz 0x8048929
int
3b 45 e4                      cmpl  -0x1c(%ebp), %eax
7d 14                         jnl 0x8048901
75 cd                         jnz 0x80488e3
7d 14                         jnl 0x8048901
75 cd                         jnz 0x80488e3
75 0b                         jnz 0x8048929
0f 85 6c ff ff ff             jnz 0x80488bd
eb 2d                         jmp 0x8048910
75 cd                         jnz 0x80488e3
7d 14                         jnl 0x8048901
75 cd                         jnz 0x80488e3
75 0b                         jnz 0x8048929
eb 0c                         jmp 0x8048935
0f 85 6c ff ff ff             jnz 0x80488bd
eb 2d                         jmp 0x8048910
75 cd                         jnz 0x80488e3
75 0b                         jnz 0x8048929
eb 0c                         jmp 0x8048935
0f 85 6c ff ff ff             jnz 0x80488bd
e8 91 45 01 00                calll  0x805cf00
int
3b 45 e4                      cmpl  -0x1c(%ebp), %eax
7d 14                         jnl 0x8048901
75 cd                         jnz 0x80488e3
75 0b                         jnz 0x8048929
0f 85 6c ff ff ff             jnz 0x80488bd
eb 2d                         jmp 0x8048910
75 cd                         jnz 0x80488e3
7d 14                         jnl 0x8048901
75 cd                         jnz 0x80488e3
75 0b                         jnz 0x8048929
eb 0c                         jmp 0x8048935
0f 85 6c ff ff ff             jnz 0x80488bd
eb 2d                         jmp 0x8048910
75 cd                         jnz 0x80488e3
75 0b                         jnz 0x8048929
eb 0c                         jmp 0x8048935
0f 85 6c ff ff ff             jnz 0x80488bd
e8 91 45 01 00                calll  0x805cf00
e8 62 c8 fe ff                calll  0x8049769
8b 34 24                      movl  (%esp), %esi
upointer
3b 45 ec                      cmpl  -0x14(%ebp), %eax
75 0b                         jnz 0x8048929
0f 85 6c ff ff ff             jnz 0x80488bd
eb 2d                         jmp 0x8048910
75 cd                         jnz 0x80488e3
7d 14                         jnl 0x8048901
75 cd                         jnz 0x80488e3
75 0b                         jnz 0x8048929
eb 0c                         jmp 0x8048935
0f 85 6c ff ff ff             jnz 0x80488bd
eb 2d                         jmp 0x8048910
75 cd                         jnz 0x80488e3
75 0b                         jnz 0x8048929
eb 0c                         jmp 0x8048935
0f 85 6c ff ff ff             jnz 0x80488bd
e8 91 45 01 00                calll  0x805cf00
e8 62 c8 fe ff                calll  0x8049769
8b 34 24                      movl  (%esp), %esi
c3                            retl  
81 c6 f9 d0 07 00             add $0x7d0f9, %esi
upointer
8b 55 ec                      movl  -0x14(%ebp), %edx
89 50 04                      movl  %edx, 0x4(%eax)
8b 40 04                      movl  0x4(%eax), %eax
89 45 f4                      movl  %eax, -0xc(%ebp)
8b 45 f4                      movl  -0xc(%ebp), %eax
8b 45 f4                      movl  -0xc(%ebp), %eax
8b 40 04                      movl  0x4(%eax), %eax
89 45 08                      movl  %eax, 0x8(%ebp)
83 7d 08 00                   cmpl  $0x0, 0x8(%ebp)
75 dc                         jnz 0x804897c
8b 45 08                      movl  0x8(%ebp), %eax
e8 ef 76 00 00                calll  0x8050080
e8 fa 86 ff ff                calll  0x8048780
8b 1c 24                      movl  (%esp), %ebx
c3                            retl  
81 c3 7a 9f 08 00             add $0x89f7a, %ebx
83 ec 08                      sub $0x8, %esp
8d 44 24 14                   leal  0x14(%esp), %eax
83 ec 04                      sub $0x4, %esp
50                            pushl  %eax
upointer
83 7d f0 00                   cmpl  $0x0, -0x10(%ebp)
0f 85 6c ff ff ff             jnz 0x80488bd
eb 2d                         jmp 0x8048910
75 cd                         jnz 0x80488e3
7d 14                         jnl 0x8048901
75 cd                         jnz 0x80488e3
75 0b                         jnz 0x8048929
eb 0c                         jmp 0x8048935
0f 85 6c ff ff ff             jnz 0x80488bd
eb 2d                         jmp 0x8048910
75 cd                         jnz 0x80488e3
75 0b                         jnz 0x8048929
eb 0c                         jmp 0x8048935
0f 85 6c ff ff ff             jnz 0x80488bd
e8 91 45 01 00                calll  0x805cf00
e8 62 c8 fe ff                calll  0x8049769
8b 34 24                      movl  (%esp), %esi
c3                            retl  
81 c6 f9 d0 07 00             add $0x7d0f9, %esi
83 ec 14                      sub $0x14, %esp
upointer
8b 45 f0                      movl  -0x10(%ebp), %eax
89 45 ec                      movl  %eax, -0x14(%ebp)
3b 45 ec                      cmpl  -0x14(%ebp), %eax
75 0b                         jnz 0x8048929
eb 0c                         jmp 0x8048935
8b 55 ec                      movl  -0x14(%ebp), %edx
89 50 04                      movl  %edx, 0x4(%eax)
8b 40 04                      movl  0x4(%eax), %eax
89 45 f4                      movl  %eax, -0xc(%ebp)
0f 85 6c ff ff ff             jnz 0x80488bd
eb 2d                         jmp 0x8048910
75 cd                         jnz 0x80488e3
75 0b                         jnz 0x8048929
eb 0c                         jmp 0x8048935
8b 45 f4                      movl  -0xc(%ebp), %eax
8b 45 f4                      movl  -0xc(%ebp), %eax
0f 85 6c ff ff ff             jnz 0x80488bd
e8 91 45 01 00                calll  0x805cf00
e8 62 c8 fe ff                calll  0x8049769
8b 34 24                      movl  (%esp), %esi
int
3b 45 e4                      cmpl  -0x1c(%ebp), %eax
7d 14                         jnl 0x8048901
75 cd                         jnz 0x80488e3
75 0b                         jnz 0x8048929
eb 0c                         jmp 0x8048935
0f 85 6c ff ff ff             jnz 0x80488bd
eb 2d                         jmp 0x8048910
75 cd                         jnz 0x80488e3
75 0b                         jnz 0x8048929
eb 0c                         jmp 0x8048935
0f 85 6c ff ff ff             jnz 0x80488bd
e8 91 45 01 00                calll  0x805cf00
e8 62 c8 fe ff                calll  0x8049769
8b 34 24                      movl  (%esp), %esi
c3                            retl  
81 c6 f9 d0 07 00             add $0x7d0f9, %esi
83 ec 14                      sub $0x14, %esp
0f 85 7e 00 00 00             jnz 0x805cfa0
0f 84 83 00 00 00             jz 0x805cfad
75 2b                         jnz 0x805cf60
upointer
3b 45 ec                      cmpl  -0x14(%ebp), %eax
75 0b                         jnz 0x8048929
eb 0c                         jmp 0x8048935
0f 85 6c ff ff ff             jnz 0x80488bd
eb 2d                         jmp 0x8048910
75 cd                         jnz 0x80488e3
75 0b                         jnz 0x8048929
eb 0c                         jmp 0x8048935
0f 85 6c ff ff ff             jnz 0x80488bd
e8 91 45 01 00                calll  0x805cf00
e8 62 c8 fe ff                calll  0x8049769
8b 34 24                      movl  (%esp), %esi
c3                            retl  
81 c6 f9 d0 07 00             add $0x7d0f9, %esi
83 ec 14                      sub $0x14, %esp
0f 85 7e 00 00 00             jnz 0x805cfa0
0f 84 83 00 00 00             jz 0x805cfad
75 2b                         jnz 0x805cf60
74 79                         jz 0x805cfb8
8d 86 e0 05 00 00             leal  0x5e0(%esi), %eax
upointer
8b 55 ec                      movl  -0x14(%ebp), %edx
89 50 04                      movl  %edx, 0x4(%eax)
8b 40 04                      movl  0x4(%eax), %eax
89 45 f4                      movl  %eax, -0xc(%ebp)
8b 45 f4                      movl  -0xc(%ebp), %eax
8b 45 f4                      movl  -0xc(%ebp), %eax
8b 40 04                      movl  0x4(%eax), %eax
89 45 08                      movl  %eax, 0x8(%ebp)
83 7d 08 00                   cmpl  $0x0, 0x8(%ebp)
75 dc                         jnz 0x804897c
8b 45 08                      movl  0x8(%ebp), %eax
e8 ef 76 00 00                calll  0x8050080
e8 fa 86 ff ff                calll  0x8048780
8b 1c 24                      movl  (%esp), %ebx
c3                            retl  
81 c3 7a 9f 08 00             add $0x89f7a, %ebx
83 ec 08                      sub $0x8, %esp
8d 44 24 14                   leal  0x14(%esp), %eax
83 ec 04                      sub $0x4, %esp
50                            pushl  %eax
upointer
83 7d f0 00                   cmpl  $0x0, -0x10(%ebp)
0f 85 6c ff ff ff             jnz 0x80488bd
eb 2d                         jmp 0x8048910
75 cd                         jnz 0x80488e3
75 0b                         jnz 0x8048929
eb 0c                         jmp 0x8048935
0f 85 6c ff ff ff             jnz 0x80488bd
e8 91 45 01 00                calll  0x805cf00
e8 62 c8 fe ff                calll  0x8049769
8b 34 24                      movl  (%esp), %esi
c3                            retl  
81 c6 f9 d0 07 00             add $0x7d0f9, %esi
83 ec 14                      sub $0x14, %esp
0f 85 7e 00 00 00             jnz 0x805cfa0
0f 84 83 00 00 00             jz 0x805cfad
75 2b                         jnz 0x805cf60
74 79                         jz 0x805cfb8
8d 86 e0 05 00 00             leal  0x5e0(%esi), %eax
74 09                         jz 0x805cf53
83 c4 14                      add $0x14, %esp
upointer
8b 45 f0                      movl  -0x10(%ebp), %eax
89 45 ec                      movl  %eax, -0x14(%ebp)
3b 45 ec                      cmpl  -0x14(%ebp), %eax
75 0b                         jnz 0x8048929
eb 0c                         jmp 0x8048935
8b 55 ec                      movl  -0x14(%ebp), %edx
89 50 04                      movl  %edx, 0x4(%eax)
8b 40 04                      movl  0x4(%eax), %eax
89 45 f4                      movl  %eax, -0xc(%ebp)
0f 85 6c ff ff ff             jnz 0x80488bd
8b 45 f4                      movl  -0xc(%ebp), %eax
e8 91 45 01 00                calll  0x805cf00
e8 62 c8 fe ff                calll  0x8049769
8b 34 24                      movl  (%esp), %esi
c3                            retl  
81 c6 f9 d0 07 00             add $0x7d0f9, %esi
83 ec 14                      sub $0x14, %esp
0f 85 7e 00 00 00             jnz 0x805cfa0
0f 84 83 00 00 00             jz 0x805cfad
75 2b                         jnz 0x805cf60
upointer
3b 45 ec                      cmpl  -0x14(%ebp), %eax
75 0b                         jnz 0x8048929
eb 0c                         jmp 0x8048935
0f 85 6c ff ff ff             jnz 0x80488bd
e8 91 45 01 00                calll  0x805cf00
e8 62 c8 fe ff                calll  0x8049769
8b 34 24                      movl  (%esp), %esi
c3                            retl  
81 c6 f9 d0 07 00             add $0x7d0f9, %esi
83 ec 14                      sub $0x14, %esp
0f 85 7e 00 00 00             jnz 0x805cfa0
0f 84 83 00 00 00             jz 0x805cfad
75 2b                         jnz 0x805cf60
74 79                         jz 0x805cfb8
8d 86 e0 05 00 00             leal  0x5e0(%esi), %eax
74 09                         jz 0x805cf53
83 c4 14                      add $0x14, %esp
e9 91 c9 ff ff                jmp 0x80598f0
e8 87 ee fe ff                calll  0x8048780
8b 1c 24                      movl  (%esp), %ebx
upointer
8b 55 ec                      movl  -0x14(%ebp), %edx
89 50 04                      movl  %edx, 0x4(%eax)
8b 40 04                      movl  0x4(%eax), %eax
89 45 f4                      movl  %eax, -0xc(%ebp)
8b 45 f4                      movl  -0xc(%ebp), %eax
8b 40 04                      movl  0x4(%eax), %eax
89 45 08                      movl  %eax, 0x8(%ebp)
83 7d 08 00                   cmpl  $0x0, 0x8(%ebp)
75 dc                         jnz 0x804897c
8b 45 08                      movl  0x8(%ebp), %eax
e8 ef 76 00 00                calll  0x8050080
e8 fa 86 ff ff                calll  0x8048780
8b 1c 24                      movl  (%esp), %ebx
c3                            retl  
81 c3 7a 9f 08 00             add $0x89f7a, %ebx
83 ec 08                      sub $0x8, %esp
8d 44 24 14                   leal  0x14(%esp), %eax
83 ec 04                      sub $0x4, %esp
50                            pushl  %eax
e8 18 07 03 00                calll  0x80807c0
upointer
83 7d f0 00                   cmpl  $0x0, -0x10(%ebp)
0f 85 6c ff ff ff             jnz 0x80488bd
e8 91 45 01 00                calll  0x805cf00
e8 62 c8 fe ff                calll  0x8049769
8b 34 24                      movl  (%esp), %esi
c3                            retl  
81 c6 f9 d0 07 00             add $0x7d0f9, %esi
83 ec 14                      sub $0x14, %esp
0f 85 7e 00 00 00             jnz 0x805cfa0
0f 84 83 00 00 00             jz 0x805cfad
75 2b                         jnz 0x805cf60
74 79                         jz 0x805cfb8
8d 86 e0 05 00 00             leal  0x5e0(%esi), %eax
74 09                         jz 0x805cf53
83 c4 14                      add $0x14, %esp
e9 91 c9 ff ff                jmp 0x80598f0
e8 87 ee fe ff                calll  0x8048780
8b 1c 24                      movl  (%esp), %ebx
c3                            retl  
81 c3 07 07 08 00             add $0x80707, %ebx
upointer
8b 45 d8                      movl  -0x28(%ebp), %eax
89 04 24                      movl  %eax, (%esp)
8b 5c 24 20                   movl  0x20(%esp), %ebx
85 db                         test %ebx, %ebx
0f 84 83 00 00 00             jz 0x805cfad
8d 53 f8                      leal  -0x8(%ebx), %edx
75 2b                         jnz 0x805cf60
74 79                         jz 0x805cfb8
74 09                         jz 0x805cf53
e9 91 c9 ff ff                jmp 0x80598f0
e8 87 ee fe ff                calll  0x8048780
8b 1c 24                      movl  (%esp), %ebx
c3                            retl  
81 c3 07 07 08 00             add $0x80707, %ebx
83 ec 3c                      sub $0x3c, %esp
39 ca                         cmp %ecx, %edx
0f 87 13 03 00 00             jnbe 0x8059c40
8d 7a 08                      leal  0x8(%edx), %edi
f7 c7 0f 00 00 00             test $0xf, %edi
0f 85 04 03 00 00             jnz 0x8059c40
upointer
8b 45 f4                      movl  -0xc(%ebp), %eax
89 44 24 20                   movl  %eax, 0x20(%esp)
8b 44 24 20                   movl  0x20(%esp), %eax
89 04 24                      movl  %eax, (%esp)
83 7d 08 00                   cmpl  $0x0, 0x8(%ebp)
75 dc                         jnz 0x804897c
8b 45 08                      movl  0x8(%ebp), %eax
e8 ef 76 00 00                calll  0x8050080
e8 fa 86 ff ff                calll  0x8048780
8b 1c 24                      movl  (%esp), %ebx
c3                            retl  
81 c3 7a 9f 08 00             add $0x89f7a, %ebx
83 ec 08                      sub $0x8, %esp
8d 44 24 14                   leal  0x14(%esp), %eax
83 ec 04                      sub $0x4, %esp
50                            pushl  %eax
e8 18 07 03 00                calll  0x80807c0
89 e5                         mov %esp, %ebp
53                            pushl  %ebx
e8 b5 7f fc ff                calll  0x8048780
upointer
8b 44 24 20                   movl  0x20(%esp), %eax
89 04 24                      movl  %eax, (%esp)
83 7d 08 00                   cmpl  $0x0, 0x8(%ebp)
75 dc                         jnz 0x804897c
8b 45 08                      movl  0x8(%ebp), %eax
e8 ef 76 00 00                calll  0x8050080
e8 fa 86 ff ff                calll  0x8048780
8b 1c 24                      movl  (%esp), %ebx
c3                            retl  
81 c3 7a 9f 08 00             add $0x89f7a, %ebx
83 ec 08                      sub $0x8, %esp
8d 44 24 14                   leal  0x14(%esp), %eax
83 ec 04                      sub $0x4, %esp
50                            pushl  %eax
e8 18 07 03 00                calll  0x80807c0
89 e5                         mov %esp, %ebp
53                            pushl  %ebx
e8 b5 7f fc ff                calll  0x8048780
8b 1c 24                      movl  (%esp), %ebx
c3                            retl  
