int
83 7c 24 28 04                cmpl  $0x4, 0x28(%esp)
7e c4                         jle 0x8048a0d
7e c4                         jle 0x8048a0d
7e c4                         jle 0x8048a0d
7e c4                         jle 0x8048a0d
7e c4                         jle 0x8048a0d
7e c4                         jle 0x8048a0d
e8 71 70 00 00                calll  0x804fad0
e8 aa 8c ff ff                calll  0x8048780
8b 1c 24                      movl  (%esp), %ebx
c3                            retl  
81 c3 2a 95 08 00             add $0x8952a, %ebx
83 ec 08                      sub $0x8, %esp
8d 44 24 14                   leal  0x14(%esp), %eax
83 ec 04                      sub $0x4, %esp
50                            pushl  %eax
e8 08 07 03 00                calll  0x8080200
89 e5                         mov %esp, %ebp
53                            pushl  %ebx
e8 75 85 fc ff                calll  0x8048780
int
2b 54 24 28                   subl  0x28(%esp), %edx
89 10                         movl  %edx, (%eax)
8b 00                         movl  (%eax), %eax
89 44 24 04                   movl  %eax, 0x4(%esp)
8b 00                         movl  (%eax), %eax
99                            cdq 
89 c6                         mov %eax, %esi
31 d0                         xor %edx, %eax
c1 ee 1f                      shr $0x1f, %esi
29 d0                         sub %edx, %eax
89 b5 5c fb ff ff             movl  %esi, -0x4a4(%ebp)
89 85 20 fb ff ff             movl  %eax, -0x4e0(%ebp)
50                            pushl  %eax
8b 4c 24 10                   movl  0x10(%esp), %ecx
89 c8                         mov %ecx, %eax
01 c0                         add %eax, %eax
29 c1                         sub %eax, %ecx
8b b5 20 fb ff ff             movl  -0x4e0(%ebp), %esi
85 f6                         test %esi, %esi
0f 84 42 0d 00 00             jz 0x80817c8
upointer
8b 12                         movl  (%edx), %edx
83 c2 08                      add $0x8, %edx
89 50 04                      movl  %edx, 0x4(%eax)
8b 00                         movl  (%eax), %eax
8b 00                         movl  (%eax), %eax
8b 12                         movl  (%edx), %edx
83 c2 08                      add $0x8, %edx
89 50 04                      movl  %edx, 0x4(%eax)
8b 00                         movl  (%eax), %eax
83 c0 04                      add $0x4, %eax
89 44 24 2c                   movl  %eax, 0x2c(%esp)
8b 44 24 2c                   movl  0x2c(%esp), %eax
8b 00                         movl  (%eax), %eax
8b 44 24 2c                   movl  0x2c(%esp), %eax
8b 00                         movl  (%eax), %eax
8b 54 24 2c                   movl  0x2c(%esp), %edx
8b 12                         movl  (%edx), %edx
83 c2 08                      add $0x8, %edx
89 50 04                      movl  %edx, 0x4(%eax)
8b 44 24 2c                   movl  0x2c(%esp), %eax
upointer
8b 00                         movl  (%eax), %eax
83 c0 04                      add $0x4, %eax
89 44 24 2c                   movl  %eax, 0x2c(%esp)
8b 44 24 2c                   movl  0x2c(%esp), %eax
8b 44 24 2c                   movl  0x2c(%esp), %eax
8b 54 24 2c                   movl  0x2c(%esp), %edx
8b 44 24 2c                   movl  0x2c(%esp), %eax
int
83 44 24 28 01                addl  $0x1, 0x28(%esp)
83 7c 24 28 04                cmpl  $0x4, 0x28(%esp)
7e c4                         jle 0x8048a0d
2b 54 24 28                   subl  0x28(%esp), %edx
89 10                         movl  %edx, (%eax)
83 44 24 28 01                addl  $0x1, 0x28(%esp)
83 7c 24 28 04                cmpl  $0x4, 0x28(%esp)
7e c4                         jle 0x8048a0d
2b 54 24 28                   subl  0x28(%esp), %edx
89 10                         movl  %edx, (%eax)
83 44 24 28 01                addl  $0x1, 0x28(%esp)
83 7c 24 28 04                cmpl  $0x4, 0x28(%esp)
7e c4                         jle 0x8048a0d
2b 54 24 28                   subl  0x28(%esp), %edx
89 10                         movl  %edx, (%eax)
83 44 24 28 01                addl  $0x1, 0x28(%esp)
83 7c 24 28 04                cmpl  $0x4, 0x28(%esp)
7e c4                         jle 0x8048a0d
2b 54 24 28                   subl  0x28(%esp), %edx
89 10                         movl  %edx, (%eax)
int
83 7c 24 28 04                cmpl  $0x4, 0x28(%esp)
7e c4                         jle 0x8048a0d
7e c4                         jle 0x8048a0d
7e c4                         jle 0x8048a0d
7e c4                         jle 0x8048a0d
7e c4                         jle 0x8048a0d
e8 71 70 00 00                calll  0x804fad0
e8 aa 8c ff ff                calll  0x8048780
8b 1c 24                      movl  (%esp), %ebx
c3                            retl  
81 c3 2a 95 08 00             add $0x8952a, %ebx
83 ec 08                      sub $0x8, %esp
8d 44 24 14                   leal  0x14(%esp), %eax
83 ec 04                      sub $0x4, %esp
50                            pushl  %eax
e8 08 07 03 00                calll  0x8080200
89 e5                         mov %esp, %ebp
53                            pushl  %ebx
e8 75 85 fc ff                calll  0x8048780
8b 1c 24                      movl  (%esp), %ebx
int
2b 54 24 28                   subl  0x28(%esp), %edx
89 10                         movl  %edx, (%eax)
8b 00                         movl  (%eax), %eax
89 44 24 04                   movl  %eax, 0x4(%esp)
8b 00                         movl  (%eax), %eax
99                            cdq 
89 c6                         mov %eax, %esi
31 d0                         xor %edx, %eax
c1 ee 1f                      shr $0x1f, %esi
29 d0                         sub %edx, %eax
89 b5 5c fb ff ff             movl  %esi, -0x4a4(%ebp)
89 85 20 fb ff ff             movl  %eax, -0x4e0(%ebp)
50                            pushl  %eax
8b 4c 24 10                   movl  0x10(%esp), %ecx
89 c8                         mov %ecx, %eax
01 c0                         add %eax, %eax
29 c1                         sub %eax, %ecx
8b b5 20 fb ff ff             movl  -0x4e0(%ebp), %esi
85 f6                         test %esi, %esi
0f 84 42 0d 00 00             jz 0x80817c8
int
83 44 24 28 01                addl  $0x1, 0x28(%esp)
83 7c 24 28 04                cmpl  $0x4, 0x28(%esp)
7e c4                         jle 0x8048a0d
2b 54 24 28                   subl  0x28(%esp), %edx
89 10                         movl  %edx, (%eax)
83 44 24 28 01                addl  $0x1, 0x28(%esp)
83 7c 24 28 04                cmpl  $0x4, 0x28(%esp)
7e c4                         jle 0x8048a0d
2b 54 24 28                   subl  0x28(%esp), %edx
89 10                         movl  %edx, (%eax)
83 44 24 28 01                addl  $0x1, 0x28(%esp)
83 7c 24 28 04                cmpl  $0x4, 0x28(%esp)
7e c4                         jle 0x8048a0d
2b 54 24 28                   subl  0x28(%esp), %edx
89 10                         movl  %edx, (%eax)
83 44 24 28 01                addl  $0x1, 0x28(%esp)
83 7c 24 28 04                cmpl  $0x4, 0x28(%esp)
7e c4                         jle 0x8048a0d
e8 71 70 00 00                calll  0x804fad0
e8 aa 8c ff ff                calll  0x8048780
int
83 7c 24 28 04                cmpl  $0x4, 0x28(%esp)
7e c4                         jle 0x8048a0d
7e c4                         jle 0x8048a0d
7e c4                         jle 0x8048a0d
7e c4                         jle 0x8048a0d
e8 71 70 00 00                calll  0x804fad0
e8 aa 8c ff ff                calll  0x8048780
8b 1c 24                      movl  (%esp), %ebx
c3                            retl  
81 c3 2a 95 08 00             add $0x8952a, %ebx
83 ec 08                      sub $0x8, %esp
8d 44 24 14                   leal  0x14(%esp), %eax
83 ec 04                      sub $0x4, %esp
50                            pushl  %eax
e8 08 07 03 00                calll  0x8080200
89 e5                         mov %esp, %ebp
53                            pushl  %ebx
e8 75 85 fc ff                calll  0x8048780
8b 1c 24                      movl  (%esp), %ebx
c3                            retl  
int
2b 54 24 28                   subl  0x28(%esp), %edx
89 10                         movl  %edx, (%eax)
8b 00                         movl  (%eax), %eax
89 44 24 04                   movl  %eax, 0x4(%esp)
8b 00                         movl  (%eax), %eax
99                            cdq 
89 c6                         mov %eax, %esi
31 d0                         xor %edx, %eax
c1 ee 1f                      shr $0x1f, %esi
29 d0                         sub %edx, %eax
89 b5 5c fb ff ff             movl  %esi, -0x4a4(%ebp)
89 85 20 fb ff ff             movl  %eax, -0x4e0(%ebp)
50                            pushl  %eax
8b 4c 24 10                   movl  0x10(%esp), %ecx
89 c8                         mov %ecx, %eax
01 c0                         add %eax, %eax
29 c1                         sub %eax, %ecx
8b b5 20 fb ff ff             movl  -0x4e0(%ebp), %esi
85 f6                         test %esi, %esi
0f 84 42 0d 00 00             jz 0x80817c8
int
83 44 24 28 01                addl  $0x1, 0x28(%esp)
83 7c 24 28 04                cmpl  $0x4, 0x28(%esp)
7e c4                         jle 0x8048a0d
2b 54 24 28                   subl  0x28(%esp), %edx
89 10                         movl  %edx, (%eax)
83 44 24 28 01                addl  $0x1, 0x28(%esp)
83 7c 24 28 04                cmpl  $0x4, 0x28(%esp)
7e c4                         jle 0x8048a0d
2b 54 24 28                   subl  0x28(%esp), %edx
89 10                         movl  %edx, (%eax)
83 44 24 28 01                addl  $0x1, 0x28(%esp)
83 7c 24 28 04                cmpl  $0x4, 0x28(%esp)
7e c4                         jle 0x8048a0d
e8 71 70 00 00                calll  0x804fad0
e8 aa 8c ff ff                calll  0x8048780
8b 1c 24                      movl  (%esp), %ebx
c3                            retl  
81 c3 2a 95 08 00             add $0x8952a, %ebx
83 ec 08                      sub $0x8, %esp
8d 44 24 14                   leal  0x14(%esp), %eax
int
83 7c 24 28 04                cmpl  $0x4, 0x28(%esp)
7e c4                         jle 0x8048a0d
7e c4                         jle 0x8048a0d
7e c4                         jle 0x8048a0d
e8 71 70 00 00                calll  0x804fad0
e8 aa 8c ff ff                calll  0x8048780
8b 1c 24                      movl  (%esp), %ebx
c3                            retl  
81 c3 2a 95 08 00             add $0x8952a, %ebx
83 ec 08                      sub $0x8, %esp
8d 44 24 14                   leal  0x14(%esp), %eax
83 ec 04                      sub $0x4, %esp
50                            pushl  %eax
e8 08 07 03 00                calll  0x8080200
89 e5                         mov %esp, %ebp
53                            pushl  %ebx
e8 75 85 fc ff                calll  0x8048780
8b 1c 24                      movl  (%esp), %ebx
c3                            retl  
81 c3 f5 8d 05 00             add $0x58df5, %ebx
int
2b 54 24 28                   subl  0x28(%esp), %edx
89 10                         movl  %edx, (%eax)
8b 00                         movl  (%eax), %eax
89 44 24 04                   movl  %eax, 0x4(%esp)
8b 00                         movl  (%eax), %eax
99                            cdq 
89 c6                         mov %eax, %esi
31 d0                         xor %edx, %eax
c1 ee 1f                      shr $0x1f, %esi
29 d0                         sub %edx, %eax
89 b5 5c fb ff ff             movl  %esi, -0x4a4(%ebp)
89 85 20 fb ff ff             movl  %eax, -0x4e0(%ebp)
50                            pushl  %eax
8b 4c 24 10                   movl  0x10(%esp), %ecx
89 c8                         mov %ecx, %eax
01 c0                         add %eax, %eax
29 c1                         sub %eax, %ecx
8b b5 20 fb ff ff             movl  -0x4e0(%ebp), %esi
85 f6                         test %esi, %esi
0f 84 42 0d 00 00             jz 0x80817c8
int
83 44 24 28 01                addl  $0x1, 0x28(%esp)
83 7c 24 28 04                cmpl  $0x4, 0x28(%esp)
7e c4                         jle 0x8048a0d
2b 54 24 28                   subl  0x28(%esp), %edx
89 10                         movl  %edx, (%eax)
83 44 24 28 01                addl  $0x1, 0x28(%esp)
83 7c 24 28 04                cmpl  $0x4, 0x28(%esp)
7e c4                         jle 0x8048a0d
e8 71 70 00 00                calll  0x804fad0
e8 aa 8c ff ff                calll  0x8048780
8b 1c 24                      movl  (%esp), %ebx
c3                            retl  
81 c3 2a 95 08 00             add $0x8952a, %ebx
83 ec 08                      sub $0x8, %esp
8d 44 24 14                   leal  0x14(%esp), %eax
83 ec 04                      sub $0x4, %esp
50                            pushl  %eax
e8 08 07 03 00                calll  0x8080200
89 e5                         mov %esp, %ebp
53                            pushl  %ebx
int
83 7c 24 28 04                cmpl  $0x4, 0x28(%esp)
7e c4                         jle 0x8048a0d
7e c4                         jle 0x8048a0d
e8 71 70 00 00                calll  0x804fad0
e8 aa 8c ff ff                calll  0x8048780
8b 1c 24                      movl  (%esp), %ebx
c3                            retl  
81 c3 2a 95 08 00             add $0x8952a, %ebx
83 ec 08                      sub $0x8, %esp
8d 44 24 14                   leal  0x14(%esp), %eax
83 ec 04                      sub $0x4, %esp
50                            pushl  %eax
e8 08 07 03 00                calll  0x8080200
89 e5                         mov %esp, %ebp
53                            pushl  %ebx
e8 75 85 fc ff                calll  0x8048780
8b 1c 24                      movl  (%esp), %ebx
c3                            retl  
81 c3 f5 8d 05 00             add $0x58df5, %ebx
81 ec ec 04 00 00             sub $0x4ec, %esp
int
2b 54 24 28                   subl  0x28(%esp), %edx
89 10                         movl  %edx, (%eax)
8b 00                         movl  (%eax), %eax
89 44 24 04                   movl  %eax, 0x4(%esp)
8b 00                         movl  (%eax), %eax
99                            cdq 
89 c6                         mov %eax, %esi
31 d0                         xor %edx, %eax
c1 ee 1f                      shr $0x1f, %esi
29 d0                         sub %edx, %eax
89 b5 5c fb ff ff             movl  %esi, -0x4a4(%ebp)
89 85 20 fb ff ff             movl  %eax, -0x4e0(%ebp)
50                            pushl  %eax
8b 4c 24 10                   movl  0x10(%esp), %ecx
89 c8                         mov %ecx, %eax
01 c0                         add %eax, %eax
29 c1                         sub %eax, %ecx
8b b5 20 fb ff ff             movl  -0x4e0(%ebp), %esi
85 f6                         test %esi, %esi
0f 84 42 0d 00 00             jz 0x80817c8
int
83 44 24 28 01                addl  $0x1, 0x28(%esp)
83 7c 24 28 04                cmpl  $0x4, 0x28(%esp)
7e c4                         jle 0x8048a0d
e8 71 70 00 00                calll  0x804fad0
e8 aa 8c ff ff                calll  0x8048780
8b 1c 24                      movl  (%esp), %ebx
c3                            retl  
81 c3 2a 95 08 00             add $0x8952a, %ebx
83 ec 08                      sub $0x8, %esp
8d 44 24 14                   leal  0x14(%esp), %eax
83 ec 04                      sub $0x4, %esp
50                            pushl  %eax
e8 08 07 03 00                calll  0x8080200
89 e5                         mov %esp, %ebp
53                            pushl  %ebx
e8 75 85 fc ff                calll  0x8048780
8b 1c 24                      movl  (%esp), %ebx
c3                            retl  
81 c3 f5 8d 05 00             add $0x58df5, %ebx
81 ec ec 04 00 00             sub $0x4ec, %esp
int
83 7c 24 28 04                cmpl  $0x4, 0x28(%esp)
7e c4                         jle 0x8048a0d
e8 71 70 00 00                calll  0x804fad0
e8 aa 8c ff ff                calll  0x8048780
8b 1c 24                      movl  (%esp), %ebx
c3                            retl  
81 c3 2a 95 08 00             add $0x8952a, %ebx
83 ec 08                      sub $0x8, %esp
8d 44 24 14                   leal  0x14(%esp), %eax
83 ec 04                      sub $0x4, %esp
50                            pushl  %eax
e8 08 07 03 00                calll  0x8080200
89 e5                         mov %esp, %ebp
53                            pushl  %ebx
e8 75 85 fc ff                calll  0x8048780
8b 1c 24                      movl  (%esp), %ebx
c3                            retl  
81 c3 f5 8d 05 00             add $0x58df5, %ebx
81 ec ec 04 00 00             sub $0x4ec, %esp
8b 45 10                      movl  0x10(%ebp), %eax
upointer
8b 44 24 1c                   movl  0x1c(%esp), %eax
89 44 24 24                   movl  %eax, 0x24(%esp)
83 7c 24 24 00                cmpl  $0x0, 0x24(%esp)
75 d8                         jnz 0x8048a69
8b 44 24 24                   movl  0x24(%esp), %eax
e8 51 70 00 00                calll  0x804fad0
e8 aa 8c ff ff                calll  0x8048780
8b 1c 24                      movl  (%esp), %ebx
c3                            retl  
81 c3 2a 95 08 00             add $0x8952a, %ebx
83 ec 08                      sub $0x8, %esp
8d 44 24 14                   leal  0x14(%esp), %eax
83 ec 04                      sub $0x4, %esp
50                            pushl  %eax
e8 08 07 03 00                calll  0x8080200
89 e5                         mov %esp, %ebp
53                            pushl  %ebx
e8 75 85 fc ff                calll  0x8048780
8b 1c 24                      movl  (%esp), %ebx
c3                            retl  
upointer
83 7c 24 24 00                cmpl  $0x0, 0x24(%esp)
75 d8                         jnz 0x8048a69
e8 51 70 00 00                calll  0x804fad0
e8 aa 8c ff ff                calll  0x8048780
8b 1c 24                      movl  (%esp), %ebx
c3                            retl  
81 c3 2a 95 08 00             add $0x8952a, %ebx
83 ec 08                      sub $0x8, %esp
8d 44 24 14                   leal  0x14(%esp), %eax
83 ec 04                      sub $0x4, %esp
50                            pushl  %eax
e8 08 07 03 00                calll  0x8080200
89 e5                         mov %esp, %ebp
53                            pushl  %ebx
e8 75 85 fc ff                calll  0x8048780
8b 1c 24                      movl  (%esp), %ebx
c3                            retl  
81 c3 f5 8d 05 00             add $0x58df5, %ebx
81 ec ec 04 00 00             sub $0x4ec, %esp
8b 45 10                      movl  0x10(%ebp), %eax
upointer
83 7c 24 24 00                cmpl  $0x0, 0x24(%esp)
75 d8                         jnz 0x8048a69
e8 51 70 00 00                calll  0x804fad0
e8 aa 8c ff ff                calll  0x8048780
8b 1c 24                      movl  (%esp), %ebx
c3                            retl  
81 c3 2a 95 08 00             add $0x8952a, %ebx
83 ec 08                      sub $0x8, %esp
8d 44 24 14                   leal  0x14(%esp), %eax
83 ec 04                      sub $0x4, %esp
50                            pushl  %eax
e8 08 07 03 00                calll  0x8080200
89 e5                         mov %esp, %ebp
53                            pushl  %ebx
e8 75 85 fc ff                calll  0x8048780
8b 1c 24                      movl  (%esp), %ebx
c3                            retl  
81 c3 f5 8d 05 00             add $0x58df5, %ebx
81 ec ec 04 00 00             sub $0x4ec, %esp
8b 45 10                      movl  0x10(%ebp), %eax
upointer
83 7c 24 24 00                cmpl  $0x0, 0x24(%esp)
75 d8                         jnz 0x8048a69
e8 51 70 00 00                calll  0x804fad0
e8 aa 8c ff ff                calll  0x8048780
8b 1c 24                      movl  (%esp), %ebx
c3                            retl  
81 c3 2a 95 08 00             add $0x8952a, %ebx
83 ec 08                      sub $0x8, %esp
8d 44 24 14                   leal  0x14(%esp), %eax
83 ec 04                      sub $0x4, %esp
50                            pushl  %eax
e8 08 07 03 00                calll  0x8080200
89 e5                         mov %esp, %ebp
53                            pushl  %ebx
e8 75 85 fc ff                calll  0x8048780
8b 1c 24                      movl  (%esp), %ebx
c3                            retl  
81 c3 f5 8d 05 00             add $0x58df5, %ebx
81 ec ec 04 00 00             sub $0x4ec, %esp
8b 45 10                      movl  0x10(%ebp), %eax
upointer
83 7c 24 24 00                cmpl  $0x0, 0x24(%esp)
75 d8                         jnz 0x8048a69
e8 51 70 00 00                calll  0x804fad0
e8 aa 8c ff ff                calll  0x8048780
8b 1c 24                      movl  (%esp), %ebx
c3                            retl  
81 c3 2a 95 08 00             add $0x8952a, %ebx
83 ec 08                      sub $0x8, %esp
8d 44 24 14                   leal  0x14(%esp), %eax
83 ec 04                      sub $0x4, %esp
50                            pushl  %eax
e8 08 07 03 00                calll  0x8080200
89 e5                         mov %esp, %ebp
53                            pushl  %ebx
e8 75 85 fc ff                calll  0x8048780
8b 1c 24                      movl  (%esp), %ebx
c3                            retl  
81 c3 f5 8d 05 00             add $0x58df5, %ebx
81 ec ec 04 00 00             sub $0x4ec, %esp
8b 45 10                      movl  0x10(%ebp), %eax
upointer
83 7c 24 24 00                cmpl  $0x0, 0x24(%esp)
75 d8                         jnz 0x8048a69
e8 51 70 00 00                calll  0x804fad0
e8 aa 8c ff ff                calll  0x8048780
8b 1c 24                      movl  (%esp), %ebx
c3                            retl  
81 c3 2a 95 08 00             add $0x8952a, %ebx
83 ec 08                      sub $0x8, %esp
8d 44 24 14                   leal  0x14(%esp), %eax
83 ec 04                      sub $0x4, %esp
50                            pushl  %eax
e8 08 07 03 00                calll  0x8080200
89 e5                         mov %esp, %ebp
53                            pushl  %ebx
e8 75 85 fc ff                calll  0x8048780
8b 1c 24                      movl  (%esp), %ebx
c3                            retl  
81 c3 f5 8d 05 00             add $0x58df5, %ebx
81 ec ec 04 00 00             sub $0x4ec, %esp
8b 45 10                      movl  0x10(%ebp), %eax
upointer
83 7c 24 24 00                cmpl  $0x0, 0x24(%esp)
75 d8                         jnz 0x8048a69
e8 63 78 00 00                calll  0x8050300
e8 a8 cc ff ff                calll  0x804cfb3
8b 3c 24                      movl  (%esp), %edi
c3                            retl  
81 c7 f5 8c 08 00             add $0x88cf5, %edi
83 ec 28                      sub $0x28, %esp
89 fb                         mov %edi, %ebx
e8 22 b1 01 00                calll  0x806b440
74 24                         jz 0x806b471
73 58                         jnb 0x806b4d9
75 4e                         jnz 0x806b4d9
74 0f                         jz 0x806b4f6
74 0a                         jz 0x806b4f6
c3                            retl  
83 c4 10                      add $0x10, %esp
75 3e                         jnz 0x8050378
74 2b                         jz 0x8050374
74 01                         jz 0x8050359
upointer
8b 44 24 1c                   movl  0x1c(%esp), %eax
89 04 24                      movl  %eax, (%esp)
83 7d 08 00                   cmpl  $0x0, 0x8(%ebp)
75 0a                         jnz 0x8048932
8b 45 08                      movl  0x8(%ebp), %eax
75 08                         jnz 0x8048944
8b 45 08                      movl  0x8(%ebp), %eax
89 45 f4                      movl  %eax, -0xc(%ebp)
eb 0d                         jmp 0x8048960
83 7d f4 00                   cmpl  $0x0, -0xc(%ebp)
75 ed                         jnz 0x8048953
8b 45 f4                      movl  -0xc(%ebp), %eax
75 ed                         jnz 0x8048953
75 ed                         jnz 0x8048953
75 ed                         jnz 0x8048953
75 ed                         jnz 0x8048953
75 ed                         jnz 0x8048953
8b 45 08                      movl  0x8(%ebp), %eax
89 45 ec                      movl  %eax, -0x14(%ebp)
eb 0f                         jmp 0x8048993
upointer
83 7d f4 00                   cmpl  $0x0, -0xc(%ebp)
75 ed                         jnz 0x8048953
75 ed                         jnz 0x8048953
75 ed                         jnz 0x8048953
75 ed                         jnz 0x8048953
75 ed                         jnz 0x8048953
75 ed                         jnz 0x8048953
eb 0f                         jmp 0x8048993
75 e4                         jnz 0x8048984
75 e4                         jnz 0x8048984
75 e4                         jnz 0x8048984
e8 67 ff ff ff                calll  0x804891c
75 0a                         jnz 0x8048932
75 08                         jnz 0x8048944
eb 0d                         jmp 0x8048960
75 ed                         jnz 0x8048953
75 ed                         jnz 0x8048953
75 ed                         jnz 0x8048953
eb 0f                         jmp 0x8048993
75 e4                         jnz 0x8048984
int
83 45 f0 01                   addl  $0x1, -0x10(%ebp)
83 45 f0 01                   addl  $0x1, -0x10(%ebp)
83 45 f0 01                   addl  $0x1, -0x10(%ebp)
83 45 f0 01                   addl  $0x1, -0x10(%ebp)
83 45 f0 01                   addl  $0x1, -0x10(%ebp)
8b 45 f0                      movl  -0x10(%ebp), %eax
89 c2                         mov %eax, %edx
c1 ea 1f                      shr $0x1f, %edx
01 d0                         add %edx, %eax
d1 f8                         sar $0x1, %eax
89 45 e4                      movl  %eax, -0x1c(%ebp)
8b 45 e4                      movl  -0x1c(%ebp), %eax
8d 50 ff                      leal  -0x1(%eax), %edx
89 55 e4                      movl  %edx, -0x1c(%ebp)
85 c0                         test %eax, %eax
75 e4                         jnz 0x8048984
8b 45 e4                      movl  -0x1c(%ebp), %eax
8d 50 ff                      leal  -0x1(%eax), %edx
89 55 e4                      movl  %edx, -0x1c(%ebp)
85 c0                         test %eax, %eax
upointer
83 7d f4 00                   cmpl  $0x0, -0xc(%ebp)
75 ed                         jnz 0x8048953
75 ed                         jnz 0x8048953
75 ed                         jnz 0x8048953
75 ed                         jnz 0x8048953
75 ed                         jnz 0x8048953
eb 0f                         jmp 0x8048993
75 e4                         jnz 0x8048984
75 e4                         jnz 0x8048984
75 e4                         jnz 0x8048984
e8 67 ff ff ff                calll  0x804891c
75 0a                         jnz 0x8048932
75 08                         jnz 0x8048944
eb 0d                         jmp 0x8048960
75 ed                         jnz 0x8048953
75 ed                         jnz 0x8048953
75 ed                         jnz 0x8048953
eb 0f                         jmp 0x8048993
75 e4                         jnz 0x8048984
75 e4                         jnz 0x8048984
int
83 45 f0 01                   addl  $0x1, -0x10(%ebp)
83 45 f0 01                   addl  $0x1, -0x10(%ebp)
83 45 f0 01                   addl  $0x1, -0x10(%ebp)
83 45 f0 01                   addl  $0x1, -0x10(%ebp)
8b 45 f0                      movl  -0x10(%ebp), %eax
89 c2                         mov %eax, %edx
c1 ea 1f                      shr $0x1f, %edx
01 d0                         add %edx, %eax
d1 f8                         sar $0x1, %eax
89 45 e4                      movl  %eax, -0x1c(%ebp)
8b 45 e4                      movl  -0x1c(%ebp), %eax
8d 50 ff                      leal  -0x1(%eax), %edx
89 55 e4                      movl  %edx, -0x1c(%ebp)
85 c0                         test %eax, %eax
75 e4                         jnz 0x8048984
8b 45 e4                      movl  -0x1c(%ebp), %eax
8d 50 ff                      leal  -0x1(%eax), %edx
89 55 e4                      movl  %edx, -0x1c(%ebp)
85 c0                         test %eax, %eax
75 e4                         jnz 0x8048984
upointer
83 7d f4 00                   cmpl  $0x0, -0xc(%ebp)
75 ed                         jnz 0x8048953
75 ed                         jnz 0x8048953
75 ed                         jnz 0x8048953
75 ed                         jnz 0x8048953
eb 0f                         jmp 0x8048993
75 e4                         jnz 0x8048984
75 e4                         jnz 0x8048984
75 e4                         jnz 0x8048984
e8 67 ff ff ff                calll  0x804891c
75 0a                         jnz 0x8048932
75 08                         jnz 0x8048944
eb 0d                         jmp 0x8048960
75 ed                         jnz 0x8048953
75 ed                         jnz 0x8048953
75 ed                         jnz 0x8048953
eb 0f                         jmp 0x8048993
75 e4                         jnz 0x8048984
75 e4                         jnz 0x8048984
e8 67 ff ff ff                calll  0x804891c
int
83 45 f0 01                   addl  $0x1, -0x10(%ebp)
83 45 f0 01                   addl  $0x1, -0x10(%ebp)
83 45 f0 01                   addl  $0x1, -0x10(%ebp)
8b 45 f0                      movl  -0x10(%ebp), %eax
89 c2                         mov %eax, %edx
c1 ea 1f                      shr $0x1f, %edx
01 d0                         add %edx, %eax
d1 f8                         sar $0x1, %eax
89 45 e4                      movl  %eax, -0x1c(%ebp)
8b 45 e4                      movl  -0x1c(%ebp), %eax
8d 50 ff                      leal  -0x1(%eax), %edx
89 55 e4                      movl  %edx, -0x1c(%ebp)
85 c0                         test %eax, %eax
75 e4                         jnz 0x8048984
8b 45 e4                      movl  -0x1c(%ebp), %eax
8d 50 ff                      leal  -0x1(%eax), %edx
89 55 e4                      movl  %edx, -0x1c(%ebp)
85 c0                         test %eax, %eax
75 e4                         jnz 0x8048984
8b 45 e4                      movl  -0x1c(%ebp), %eax
upointer
83 7d f4 00                   cmpl  $0x0, -0xc(%ebp)
75 ed                         jnz 0x8048953
75 ed                         jnz 0x8048953
75 ed                         jnz 0x8048953
eb 0f                         jmp 0x8048993
75 e4                         jnz 0x8048984
75 e4                         jnz 0x8048984
75 e4                         jnz 0x8048984
e8 67 ff ff ff                calll  0x804891c
75 0a                         jnz 0x8048932
75 08                         jnz 0x8048944
eb 0d                         jmp 0x8048960
75 ed                         jnz 0x8048953
75 ed                         jnz 0x8048953
75 ed                         jnz 0x8048953
eb 0f                         jmp 0x8048993
75 e4                         jnz 0x8048984
75 e4                         jnz 0x8048984
e8 67 ff ff ff                calll  0x804891c
75 0a                         jnz 0x8048932
int
83 45 f0 01                   addl  $0x1, -0x10(%ebp)
83 45 f0 01                   addl  $0x1, -0x10(%ebp)
8b 45 f0                      movl  -0x10(%ebp), %eax
89 c2                         mov %eax, %edx
c1 ea 1f                      shr $0x1f, %edx
01 d0                         add %edx, %eax
d1 f8                         sar $0x1, %eax
89 45 e4                      movl  %eax, -0x1c(%ebp)
8b 45 e4                      movl  -0x1c(%ebp), %eax
8d 50 ff                      leal  -0x1(%eax), %edx
89 55 e4                      movl  %edx, -0x1c(%ebp)
85 c0                         test %eax, %eax
75 e4                         jnz 0x8048984
8b 45 e4                      movl  -0x1c(%ebp), %eax
8d 50 ff                      leal  -0x1(%eax), %edx
89 55 e4                      movl  %edx, -0x1c(%ebp)
85 c0                         test %eax, %eax
75 e4                         jnz 0x8048984
8b 45 e4                      movl  -0x1c(%ebp), %eax
8d 50 ff                      leal  -0x1(%eax), %edx
upointer
83 7d f4 00                   cmpl  $0x0, -0xc(%ebp)
75 ed                         jnz 0x8048953
75 ed                         jnz 0x8048953
eb 0f                         jmp 0x8048993
75 e4                         jnz 0x8048984
75 e4                         jnz 0x8048984
75 e4                         jnz 0x8048984
e8 67 ff ff ff                calll  0x804891c
75 0a                         jnz 0x8048932
75 08                         jnz 0x8048944
eb 0d                         jmp 0x8048960
75 ed                         jnz 0x8048953
75 ed                         jnz 0x8048953
75 ed                         jnz 0x8048953
eb 0f                         jmp 0x8048993
75 e4                         jnz 0x8048984
75 e4                         jnz 0x8048984
e8 67 ff ff ff                calll  0x804891c
75 0a                         jnz 0x8048932
75 08                         jnz 0x8048944
int
83 45 f0 01                   addl  $0x1, -0x10(%ebp)
8b 45 f0                      movl  -0x10(%ebp), %eax
89 c2                         mov %eax, %edx
c1 ea 1f                      shr $0x1f, %edx
01 d0                         add %edx, %eax
d1 f8                         sar $0x1, %eax
89 45 e4                      movl  %eax, -0x1c(%ebp)
8b 45 e4                      movl  -0x1c(%ebp), %eax
8d 50 ff                      leal  -0x1(%eax), %edx
89 55 e4                      movl  %edx, -0x1c(%ebp)
85 c0                         test %eax, %eax
75 e4                         jnz 0x8048984
8b 45 e4                      movl  -0x1c(%ebp), %eax
8d 50 ff                      leal  -0x1(%eax), %edx
89 55 e4                      movl  %edx, -0x1c(%ebp)
85 c0                         test %eax, %eax
75 e4                         jnz 0x8048984
8b 45 e4                      movl  -0x1c(%ebp), %eax
8d 50 ff                      leal  -0x1(%eax), %edx
89 55 e4                      movl  %edx, -0x1c(%ebp)
upointer
83 7d f4 00                   cmpl  $0x0, -0xc(%ebp)
75 ed                         jnz 0x8048953
eb 0f                         jmp 0x8048993
75 e4                         jnz 0x8048984
75 e4                         jnz 0x8048984
75 e4                         jnz 0x8048984
e8 67 ff ff ff                calll  0x804891c
75 0a                         jnz 0x8048932
75 08                         jnz 0x8048944
eb 0d                         jmp 0x8048960
75 ed                         jnz 0x8048953
75 ed                         jnz 0x8048953
75 ed                         jnz 0x8048953
eb 0f                         jmp 0x8048993
75 e4                         jnz 0x8048984
75 e4                         jnz 0x8048984
e8 67 ff ff ff                calll  0x804891c
75 0a                         jnz 0x8048932
75 08                         jnz 0x8048944
e9 94 00 00 00                jmp 0x80489d8
int
8b 45 f0                      movl  -0x10(%ebp), %eax
89 c2                         mov %eax, %edx
c1 ea 1f                      shr $0x1f, %edx
01 d0                         add %edx, %eax
d1 f8                         sar $0x1, %eax
89 45 e4                      movl  %eax, -0x1c(%ebp)
8b 45 e4                      movl  -0x1c(%ebp), %eax
8d 50 ff                      leal  -0x1(%eax), %edx
89 55 e4                      movl  %edx, -0x1c(%ebp)
85 c0                         test %eax, %eax
75 e4                         jnz 0x8048984
8b 45 e4                      movl  -0x1c(%ebp), %eax
8d 50 ff                      leal  -0x1(%eax), %edx
89 55 e4                      movl  %edx, -0x1c(%ebp)
85 c0                         test %eax, %eax
75 e4                         jnz 0x8048984
8b 45 e4                      movl  -0x1c(%ebp), %eax
8d 50 ff                      leal  -0x1(%eax), %edx
89 55 e4                      movl  %edx, -0x1c(%ebp)
85 c0                         test %eax, %eax
int
8b 45 e4                      movl  -0x1c(%ebp), %eax
8d 50 ff                      leal  -0x1(%eax), %edx
89 55 e4                      movl  %edx, -0x1c(%ebp)
85 c0                         test %eax, %eax
75 e4                         jnz 0x8048984
8b 45 e4                      movl  -0x1c(%ebp), %eax
8d 50 ff                      leal  -0x1(%eax), %edx
89 55 e4                      movl  %edx, -0x1c(%ebp)
85 c0                         test %eax, %eax
75 e4                         jnz 0x8048984
8b 45 e4                      movl  -0x1c(%ebp), %eax
8d 50 ff                      leal  -0x1(%eax), %edx
89 55 e4                      movl  %edx, -0x1c(%ebp)
85 c0                         test %eax, %eax
75 e4                         jnz 0x8048984
e8 67 ff ff ff                calll  0x804891c
75 0a                         jnz 0x8048932
75 08                         jnz 0x8048944
eb 0d                         jmp 0x8048960
75 ed                         jnz 0x8048953
int
8b 45 e4                      movl  -0x1c(%ebp), %eax
8d 50 ff                      leal  -0x1(%eax), %edx
89 55 e4                      movl  %edx, -0x1c(%ebp)
85 c0                         test %eax, %eax
75 e4                         jnz 0x8048984
8b 45 e4                      movl  -0x1c(%ebp), %eax
8d 50 ff                      leal  -0x1(%eax), %edx
89 55 e4                      movl  %edx, -0x1c(%ebp)
85 c0                         test %eax, %eax
75 e4                         jnz 0x8048984
e8 67 ff ff ff                calll  0x804891c
75 0a                         jnz 0x8048932
75 08                         jnz 0x8048944
eb 0d                         jmp 0x8048960
75 ed                         jnz 0x8048953
75 ed                         jnz 0x8048953
75 ed                         jnz 0x8048953
eb 0f                         jmp 0x8048993
75 e4                         jnz 0x8048984
75 e4                         jnz 0x8048984
int
8b 45 e4                      movl  -0x1c(%ebp), %eax
8d 50 ff                      leal  -0x1(%eax), %edx
89 55 e4                      movl  %edx, -0x1c(%ebp)
85 c0                         test %eax, %eax
75 e4                         jnz 0x8048984
e8 67 ff ff ff                calll  0x804891c
75 0a                         jnz 0x8048932
75 08                         jnz 0x8048944
eb 0d                         jmp 0x8048960
75 ed                         jnz 0x8048953
75 ed                         jnz 0x8048953
75 ed                         jnz 0x8048953
eb 0f                         jmp 0x8048993
75 e4                         jnz 0x8048984
75 e4                         jnz 0x8048984
e8 67 ff ff ff                calll  0x804891c
75 0a                         jnz 0x8048932
75 08                         jnz 0x8048944
e9 94 00 00 00                jmp 0x80489d8
c3                            retl  
upointer
83 7d f4 00                   cmpl  $0x0, -0xc(%ebp)
75 ed                         jnz 0x8048953
75 ed                         jnz 0x8048953
75 ed                         jnz 0x8048953
eb 0f                         jmp 0x8048993
75 e4                         jnz 0x8048984
75 e4                         jnz 0x8048984
e8 67 ff ff ff                calll  0x804891c
75 0a                         jnz 0x8048932
75 08                         jnz 0x8048944
e9 94 00 00 00                jmp 0x80489d8
c3                            retl  
e8 59 ff ff ff                calll  0x804891c
89 e5                         mov %esp, %ebp
83 ec 38                      sub $0x38, %esp
75 0a                         jnz 0x8048932
75 08                         jnz 0x8048944
e9 94 00 00 00                jmp 0x80489d8
c3                            retl  
e8 9c fe ff ff                calll  0x8048874
int
83 45 f0 01                   addl  $0x1, -0x10(%ebp)
83 45 f0 01                   addl  $0x1, -0x10(%ebp)
8b 45 f0                      movl  -0x10(%ebp), %eax
89 c2                         mov %eax, %edx
c1 ea 1f                      shr $0x1f, %edx
01 d0                         add %edx, %eax
d1 f8                         sar $0x1, %eax
89 45 e4                      movl  %eax, -0x1c(%ebp)
8b 45 e4                      movl  -0x1c(%ebp), %eax
8d 50 ff                      leal  -0x1(%eax), %edx
89 55 e4                      movl  %edx, -0x1c(%ebp)
85 c0                         test %eax, %eax
75 e4                         jnz 0x8048984
8b 45 e4                      movl  -0x1c(%ebp), %eax
8d 50 ff                      leal  -0x1(%eax), %edx
89 55 e4                      movl  %edx, -0x1c(%ebp)
85 c0                         test %eax, %eax
75 e4                         jnz 0x8048984
e8 67 ff ff ff                calll  0x804891c
75 0a                         jnz 0x8048932
upointer
83 7d f4 00                   cmpl  $0x0, -0xc(%ebp)
75 ed                         jnz 0x8048953
75 ed                         jnz 0x8048953
eb 0f                         jmp 0x8048993
75 e4                         jnz 0x8048984
75 e4                         jnz 0x8048984
e8 67 ff ff ff                calll  0x804891c
75 0a                         jnz 0x8048932
75 08                         jnz 0x8048944
e9 94 00 00 00                jmp 0x80489d8
c3                            retl  
e8 59 ff ff ff                calll  0x804891c
89 e5                         mov %esp, %ebp
83 ec 38                      sub $0x38, %esp
75 0a                         jnz 0x8048932
75 08                         jnz 0x8048944
e9 94 00 00 00                jmp 0x80489d8
c3                            retl  
e8 9c fe ff ff                calll  0x8048874
89 e5                         mov %esp, %ebp
int
83 45 f0 01                   addl  $0x1, -0x10(%ebp)
8b 45 f0                      movl  -0x10(%ebp), %eax
89 c2                         mov %eax, %edx
c1 ea 1f                      shr $0x1f, %edx
01 d0                         add %edx, %eax
d1 f8                         sar $0x1, %eax
89 45 e4                      movl  %eax, -0x1c(%ebp)
8b 45 e4                      movl  -0x1c(%ebp), %eax
8d 50 ff                      leal  -0x1(%eax), %edx
89 55 e4                      movl  %edx, -0x1c(%ebp)
85 c0                         test %eax, %eax
75 e4                         jnz 0x8048984
8b 45 e4                      movl  -0x1c(%ebp), %eax
8d 50 ff                      leal  -0x1(%eax), %edx
89 55 e4                      movl  %edx, -0x1c(%ebp)
85 c0                         test %eax, %eax
75 e4                         jnz 0x8048984
e8 67 ff ff ff                calll  0x804891c
75 0a                         jnz 0x8048932
75 08                         jnz 0x8048944
upointer
83 7d f4 00                   cmpl  $0x0, -0xc(%ebp)
75 ed                         jnz 0x8048953
eb 0f                         jmp 0x8048993
75 e4                         jnz 0x8048984
75 e4                         jnz 0x8048984
e8 67 ff ff ff                calll  0x804891c
75 0a                         jnz 0x8048932
75 08                         jnz 0x8048944
e9 94 00 00 00                jmp 0x80489d8
c3                            retl  
e8 59 ff ff ff                calll  0x804891c
89 e5                         mov %esp, %ebp
83 ec 38                      sub $0x38, %esp
75 0a                         jnz 0x8048932
75 08                         jnz 0x8048944
e9 94 00 00 00                jmp 0x80489d8
c3                            retl  
e8 9c fe ff ff                calll  0x8048874
89 e5                         mov %esp, %ebp
83 ec 10                      sub $0x10, %esp
int
8b 45 f0                      movl  -0x10(%ebp), %eax
89 c2                         mov %eax, %edx
c1 ea 1f                      shr $0x1f, %edx
01 d0                         add %edx, %eax
d1 f8                         sar $0x1, %eax
89 45 e4                      movl  %eax, -0x1c(%ebp)
8b 45 e4                      movl  -0x1c(%ebp), %eax
8d 50 ff                      leal  -0x1(%eax), %edx
89 55 e4                      movl  %edx, -0x1c(%ebp)
85 c0                         test %eax, %eax
75 e4                         jnz 0x8048984
8b 45 e4                      movl  -0x1c(%ebp), %eax
8d 50 ff                      leal  -0x1(%eax), %edx
89 55 e4                      movl  %edx, -0x1c(%ebp)
85 c0                         test %eax, %eax
75 e4                         jnz 0x8048984
e8 67 ff ff ff                calll  0x804891c
75 0a                         jnz 0x8048932
75 08                         jnz 0x8048944
e9 94 00 00 00                jmp 0x80489d8
int
8b 45 e4                      movl  -0x1c(%ebp), %eax
8d 50 ff                      leal  -0x1(%eax), %edx
89 55 e4                      movl  %edx, -0x1c(%ebp)
85 c0                         test %eax, %eax
75 e4                         jnz 0x8048984
8b 45 e4                      movl  -0x1c(%ebp), %eax
8d 50 ff                      leal  -0x1(%eax), %edx
89 55 e4                      movl  %edx, -0x1c(%ebp)
85 c0                         test %eax, %eax
75 e4                         jnz 0x8048984
e8 67 ff ff ff                calll  0x804891c
75 0a                         jnz 0x8048932
75 08                         jnz 0x8048944
e9 94 00 00 00                jmp 0x80489d8
c3                            retl  
e8 59 ff ff ff                calll  0x804891c
89 e5                         mov %esp, %ebp
83 ec 38                      sub $0x38, %esp
75 0a                         jnz 0x8048932
75 08                         jnz 0x8048944
int
8b 45 e4                      movl  -0x1c(%ebp), %eax
8d 50 ff                      leal  -0x1(%eax), %edx
89 55 e4                      movl  %edx, -0x1c(%ebp)
85 c0                         test %eax, %eax
75 e4                         jnz 0x8048984
e8 67 ff ff ff                calll  0x804891c
75 0a                         jnz 0x8048932
75 08                         jnz 0x8048944
e9 94 00 00 00                jmp 0x80489d8
c3                            retl  
e8 59 ff ff ff                calll  0x804891c
89 e5                         mov %esp, %ebp
83 ec 38                      sub $0x38, %esp
75 0a                         jnz 0x8048932
75 08                         jnz 0x8048944
e9 94 00 00 00                jmp 0x80489d8
c3                            retl  
e8 9c fe ff ff                calll  0x8048874
89 e5                         mov %esp, %ebp
83 ec 10                      sub $0x10, %esp
upointer
8b 45 ec                      movl  -0x14(%ebp), %eax
89 04 24                      movl  %eax, (%esp)
83 7d 08 00                   cmpl  $0x0, 0x8(%ebp)
75 0a                         jnz 0x8048932
8b 45 08                      movl  0x8(%ebp), %eax
75 08                         jnz 0x8048944
8b 45 08                      movl  0x8(%ebp), %eax
e9 94 00 00 00                jmp 0x80489d8
89 45 dc                      movl  %eax, -0x24(%ebp)
8b 45 dc                      movl  -0x24(%ebp), %eax
89 44 24 04                   movl  %eax, 0x4(%esp)
83 7d 0c 00                   cmpl  $0x0, 0xc(%ebp)
75 08                         jnz 0x8048896
eb 48                         jmp 0x80488ed
74 06                         jz 0x80488f9
83 7d 0c 00                   cmpl  $0x0, 0xc(%ebp)
75 ac                         jnz 0x80488a5
8b 45 0c                      movl  0xc(%ebp), %eax
7f 1e                         jnle 0x80488d1
8b 55 0c                      movl  0xc(%ebp), %edx
upointer
8b 45 dc                      movl  -0x24(%ebp), %eax
89 44 24 04                   movl  %eax, 0x4(%esp)
83 7d 0c 00                   cmpl  $0x0, 0xc(%ebp)
75 08                         jnz 0x8048896
eb 48                         jmp 0x80488ed
74 06                         jz 0x80488f9
83 7d 0c 00                   cmpl  $0x0, 0xc(%ebp)
75 ac                         jnz 0x80488a5
8b 45 0c                      movl  0xc(%ebp), %eax
7f 1e                         jnle 0x80488d1
8b 55 0c                      movl  0xc(%ebp), %edx
89 10                         movl  %edx, (%eax)
8b 00                         movl  (%eax), %eax
83 c0 04                      add $0x4, %eax
89 45 fc                      movl  %eax, -0x4(%ebp)
8b 45 0c                      movl  0xc(%ebp), %eax
74 06                         jz 0x80488f9
75 ac                         jnz 0x80488a5
74 0a                         jz 0x8048909
8b 45 fc                      movl  -0x4(%ebp), %eax
upointer
8b 45 e0                      movl  -0x20(%ebp), %eax
89 04 24                      movl  %eax, (%esp)
83 7d 08 00                   cmpl  $0x0, 0x8(%ebp)
75 08                         jnz 0x8048888
75 08                         jnz 0x8048896
eb 48                         jmp 0x80488ed
83 7d 08 00                   cmpl  $0x0, 0x8(%ebp)
74 06                         jz 0x80488f9
75 ac                         jnz 0x80488a5
8b 45 08                      movl  0x8(%ebp), %eax
7f 1e                         jnle 0x80488d1
83 7d 08 00                   cmpl  $0x0, 0x8(%ebp)
74 06                         jz 0x80488f9
75 ac                         jnz 0x80488a5
83 7d 08 00                   cmpl  $0x0, 0x8(%ebp)
74 0a                         jz 0x8048909
8b 55 08                      movl  0x8(%ebp), %edx
89 10                         movl  %edx, (%eax)
eb 0e                         jmp 0x8048917
8b 40 04                      movl  0x4(%eax), %eax
upointer
8b 00                         movl  (%eax), %eax
83 c0 04                      add $0x4, %eax
89 45 fc                      movl  %eax, -0x4(%ebp)
8b 45 fc                      movl  -0x4(%ebp), %eax
upointer
8b 45 f8                      movl  -0x8(%ebp), %eax
89 45 e0                      movl  %eax, -0x20(%ebp)
8b 45 e0                      movl  -0x20(%ebp), %eax
89 04 24                      movl  %eax, (%esp)
83 7d 08 00                   cmpl  $0x0, 0x8(%ebp)
75 08                         jnz 0x8048888
75 08                         jnz 0x8048896
eb 48                         jmp 0x80488ed
83 7d 08 00                   cmpl  $0x0, 0x8(%ebp)
74 06                         jz 0x80488f9
75 ac                         jnz 0x80488a5
8b 45 08                      movl  0x8(%ebp), %eax
7f 1e                         jnle 0x80488d1
83 7d 08 00                   cmpl  $0x0, 0x8(%ebp)
74 06                         jz 0x80488f9
75 ac                         jnz 0x80488a5
8b 45 08                      movl  0x8(%ebp), %eax
7f 1e                         jnle 0x80488d1
83 7d 08 00                   cmpl  $0x0, 0x8(%ebp)
74 06                         jz 0x80488f9
upointer
8b 45 ec                      movl  -0x14(%ebp), %eax
89 04 24                      movl  %eax, (%esp)
83 7d 08 00                   cmpl  $0x0, 0x8(%ebp)
75 0a                         jnz 0x8048932
8b 45 08                      movl  0x8(%ebp), %eax
75 08                         jnz 0x8048944
8b 45 08                      movl  0x8(%ebp), %eax
89 45 f4                      movl  %eax, -0xc(%ebp)
eb 0d                         jmp 0x8048960
83 7d f4 00                   cmpl  $0x0, -0xc(%ebp)
75 ed                         jnz 0x8048953
8b 45 f4                      movl  -0xc(%ebp), %eax
75 ed                         jnz 0x8048953
75 ed                         jnz 0x8048953
75 ed                         jnz 0x8048953
8b 45 08                      movl  0x8(%ebp), %eax
89 45 ec                      movl  %eax, -0x14(%ebp)
eb 0f                         jmp 0x8048993
75 e4                         jnz 0x8048984
8b 45 ec                      movl  -0x14(%ebp), %eax
upointer
83 7d f4 00                   cmpl  $0x0, -0xc(%ebp)
75 ed                         jnz 0x8048953
75 ed                         jnz 0x8048953
75 ed                         jnz 0x8048953
75 ed                         jnz 0x8048953
eb 0f                         jmp 0x8048993
75 e4                         jnz 0x8048984
75 e4                         jnz 0x8048984
e8 67 ff ff ff                calll  0x804891c
75 0a                         jnz 0x8048932
75 08                         jnz 0x8048944
e9 94 00 00 00                jmp 0x80489d8
c3                            retl  
e8 59 ff ff ff                calll  0x804891c
89 e5                         mov %esp, %ebp
83 ec 38                      sub $0x38, %esp
75 0a                         jnz 0x8048932
75 08                         jnz 0x8048944
eb 0d                         jmp 0x8048960
75 ed                         jnz 0x8048953
int
83 45 f0 01                   addl  $0x1, -0x10(%ebp)
83 45 f0 01                   addl  $0x1, -0x10(%ebp)
83 45 f0 01                   addl  $0x1, -0x10(%ebp)
8b 45 f0                      movl  -0x10(%ebp), %eax
89 c2                         mov %eax, %edx
c1 ea 1f                      shr $0x1f, %edx
01 d0                         add %edx, %eax
d1 f8                         sar $0x1, %eax
89 45 e4                      movl  %eax, -0x1c(%ebp)
8b 45 e4                      movl  -0x1c(%ebp), %eax
8d 50 ff                      leal  -0x1(%eax), %edx
89 55 e4                      movl  %edx, -0x1c(%ebp)
85 c0                         test %eax, %eax
75 e4                         jnz 0x8048984
8b 45 e4                      movl  -0x1c(%ebp), %eax
8d 50 ff                      leal  -0x1(%eax), %edx
89 55 e4                      movl  %edx, -0x1c(%ebp)
85 c0                         test %eax, %eax
75 e4                         jnz 0x8048984
e8 67 ff ff ff                calll  0x804891c
upointer
83 7d f4 00                   cmpl  $0x0, -0xc(%ebp)
75 ed                         jnz 0x8048953
75 ed                         jnz 0x8048953
75 ed                         jnz 0x8048953
eb 0f                         jmp 0x8048993
75 e4                         jnz 0x8048984
75 e4                         jnz 0x8048984
e8 67 ff ff ff                calll  0x804891c
75 0a                         jnz 0x8048932
75 08                         jnz 0x8048944
e9 94 00 00 00                jmp 0x80489d8
c3                            retl  
e8 59 ff ff ff                calll  0x804891c
89 e5                         mov %esp, %ebp
83 ec 38                      sub $0x38, %esp
75 0a                         jnz 0x8048932
75 08                         jnz 0x8048944
eb 0d                         jmp 0x8048960
75 ed                         jnz 0x8048953
75 ed                         jnz 0x8048953
int
83 45 f0 01                   addl  $0x1, -0x10(%ebp)
83 45 f0 01                   addl  $0x1, -0x10(%ebp)
8b 45 f0                      movl  -0x10(%ebp), %eax
89 c2                         mov %eax, %edx
c1 ea 1f                      shr $0x1f, %edx
01 d0                         add %edx, %eax
d1 f8                         sar $0x1, %eax
89 45 e4                      movl  %eax, -0x1c(%ebp)
8b 45 e4                      movl  -0x1c(%ebp), %eax
8d 50 ff                      leal  -0x1(%eax), %edx
89 55 e4                      movl  %edx, -0x1c(%ebp)
85 c0                         test %eax, %eax
75 e4                         jnz 0x8048984
8b 45 e4                      movl  -0x1c(%ebp), %eax
8d 50 ff                      leal  -0x1(%eax), %edx
89 55 e4                      movl  %edx, -0x1c(%ebp)
85 c0                         test %eax, %eax
75 e4                         jnz 0x8048984
e8 67 ff ff ff                calll  0x804891c
75 0a                         jnz 0x8048932
upointer
83 7d f4 00                   cmpl  $0x0, -0xc(%ebp)
75 ed                         jnz 0x8048953
75 ed                         jnz 0x8048953
eb 0f                         jmp 0x8048993
75 e4                         jnz 0x8048984
75 e4                         jnz 0x8048984
e8 67 ff ff ff                calll  0x804891c
75 0a                         jnz 0x8048932
75 08                         jnz 0x8048944
e9 94 00 00 00                jmp 0x80489d8
c3                            retl  
e8 59 ff ff ff                calll  0x804891c
89 e5                         mov %esp, %ebp
83 ec 38                      sub $0x38, %esp
75 0a                         jnz 0x8048932
75 08                         jnz 0x8048944
eb 0d                         jmp 0x8048960
75 ed                         jnz 0x8048953
75 ed                         jnz 0x8048953
75 ed                         jnz 0x8048953
int
83 45 f0 01                   addl  $0x1, -0x10(%ebp)
8b 45 f0                      movl  -0x10(%ebp), %eax
89 c2                         mov %eax, %edx
c1 ea 1f                      shr $0x1f, %edx
01 d0                         add %edx, %eax
d1 f8                         sar $0x1, %eax
89 45 e4                      movl  %eax, -0x1c(%ebp)
8b 45 e4                      movl  -0x1c(%ebp), %eax
8d 50 ff                      leal  -0x1(%eax), %edx
89 55 e4                      movl  %edx, -0x1c(%ebp)
85 c0                         test %eax, %eax
75 e4                         jnz 0x8048984
8b 45 e4                      movl  -0x1c(%ebp), %eax
8d 50 ff                      leal  -0x1(%eax), %edx
89 55 e4                      movl  %edx, -0x1c(%ebp)
85 c0                         test %eax, %eax
75 e4                         jnz 0x8048984
e8 67 ff ff ff                calll  0x804891c
75 0a                         jnz 0x8048932
75 08                         jnz 0x8048944
upointer
83 7d f4 00                   cmpl  $0x0, -0xc(%ebp)
75 ed                         jnz 0x8048953
eb 0f                         jmp 0x8048993
75 e4                         jnz 0x8048984
75 e4                         jnz 0x8048984
e8 67 ff ff ff                calll  0x804891c
75 0a                         jnz 0x8048932
75 08                         jnz 0x8048944
e9 94 00 00 00                jmp 0x80489d8
c3                            retl  
e8 59 ff ff ff                calll  0x804891c
89 e5                         mov %esp, %ebp
83 ec 38                      sub $0x38, %esp
75 0a                         jnz 0x8048932
75 08                         jnz 0x8048944
eb 0d                         jmp 0x8048960
75 ed                         jnz 0x8048953
75 ed                         jnz 0x8048953
75 ed                         jnz 0x8048953
eb 0f                         jmp 0x8048993
int
8b 45 f0                      movl  -0x10(%ebp), %eax
89 c2                         mov %eax, %edx
c1 ea 1f                      shr $0x1f, %edx
01 d0                         add %edx, %eax
d1 f8                         sar $0x1, %eax
89 45 e4                      movl  %eax, -0x1c(%ebp)
8b 45 e4                      movl  -0x1c(%ebp), %eax
8d 50 ff                      leal  -0x1(%eax), %edx
89 55 e4                      movl  %edx, -0x1c(%ebp)
85 c0                         test %eax, %eax
75 e4                         jnz 0x8048984
8b 45 e4                      movl  -0x1c(%ebp), %eax
8d 50 ff                      leal  -0x1(%eax), %edx
89 55 e4                      movl  %edx, -0x1c(%ebp)
85 c0                         test %eax, %eax
75 e4                         jnz 0x8048984
e8 67 ff ff ff                calll  0x804891c
75 0a                         jnz 0x8048932
75 08                         jnz 0x8048944
e9 94 00 00 00                jmp 0x80489d8
int
8b 45 e4                      movl  -0x1c(%ebp), %eax
8d 50 ff                      leal  -0x1(%eax), %edx
89 55 e4                      movl  %edx, -0x1c(%ebp)
85 c0                         test %eax, %eax
75 e4                         jnz 0x8048984
8b 45 e4                      movl  -0x1c(%ebp), %eax
8d 50 ff                      leal  -0x1(%eax), %edx
89 55 e4                      movl  %edx, -0x1c(%ebp)
85 c0                         test %eax, %eax
75 e4                         jnz 0x8048984
e8 67 ff ff ff                calll  0x804891c
75 0a                         jnz 0x8048932
75 08                         jnz 0x8048944
e9 94 00 00 00                jmp 0x80489d8
c3                            retl  
e8 59 ff ff ff                calll  0x804891c
89 e5                         mov %esp, %ebp
83 ec 38                      sub $0x38, %esp
75 0a                         jnz 0x8048932
75 08                         jnz 0x8048944
int
8b 45 e4                      movl  -0x1c(%ebp), %eax
8d 50 ff                      leal  -0x1(%eax), %edx
89 55 e4                      movl  %edx, -0x1c(%ebp)
85 c0                         test %eax, %eax
75 e4                         jnz 0x8048984
e8 67 ff ff ff                calll  0x804891c
75 0a                         jnz 0x8048932
75 08                         jnz 0x8048944
e9 94 00 00 00                jmp 0x80489d8
c3                            retl  
e8 59 ff ff ff                calll  0x804891c
89 e5                         mov %esp, %ebp
83 ec 38                      sub $0x38, %esp
75 0a                         jnz 0x8048932
75 08                         jnz 0x8048944
eb 0d                         jmp 0x8048960
75 ed                         jnz 0x8048953
75 ed                         jnz 0x8048953
75 ed                         jnz 0x8048953
eb 0f                         jmp 0x8048993
upointer
8b 45 ec                      movl  -0x14(%ebp), %eax
89 04 24                      movl  %eax, (%esp)
83 7d 08 00                   cmpl  $0x0, 0x8(%ebp)
75 0a                         jnz 0x8048932
8b 45 08                      movl  0x8(%ebp), %eax
75 08                         jnz 0x8048944
8b 45 08                      movl  0x8(%ebp), %eax
89 45 f4                      movl  %eax, -0xc(%ebp)
eb 0d                         jmp 0x8048960
83 7d f4 00                   cmpl  $0x0, -0xc(%ebp)
75 ed                         jnz 0x8048953
8b 45 f4                      movl  -0xc(%ebp), %eax
75 ed                         jnz 0x8048953
75 ed                         jnz 0x8048953
8b 45 08                      movl  0x8(%ebp), %eax
89 45 ec                      movl  %eax, -0x14(%ebp)
eb 0f                         jmp 0x8048993
75 e4                         jnz 0x8048984
8b 45 ec                      movl  -0x14(%ebp), %eax
89 45 e8                      movl  %eax, -0x18(%ebp)
upointer
83 7d f4 00                   cmpl  $0x0, -0xc(%ebp)
75 ed                         jnz 0x8048953
75 ed                         jnz 0x8048953
75 ed                         jnz 0x8048953
eb 0f                         jmp 0x8048993
75 e4                         jnz 0x8048984
75 e4                         jnz 0x8048984
e8 67 ff ff ff                calll  0x804891c
75 0a                         jnz 0x8048932
75 08                         jnz 0x8048944
e9 94 00 00 00                jmp 0x80489d8
c3                            retl  
e8 59 ff ff ff                calll  0x804891c
89 e5                         mov %esp, %ebp
83 ec 38                      sub $0x38, %esp
75 0a                         jnz 0x8048932
75 08                         jnz 0x8048944
e9 94 00 00 00                jmp 0x80489d8
c3                            retl  
e8 9c fe ff ff                calll  0x8048874
int
83 45 f0 01                   addl  $0x1, -0x10(%ebp)
83 45 f0 01                   addl  $0x1, -0x10(%ebp)
8b 45 f0                      movl  -0x10(%ebp), %eax
89 c2                         mov %eax, %edx
c1 ea 1f                      shr $0x1f, %edx
01 d0                         add %edx, %eax
d1 f8                         sar $0x1, %eax
89 45 e4                      movl  %eax, -0x1c(%ebp)
8b 45 e4                      movl  -0x1c(%ebp), %eax
8d 50 ff                      leal  -0x1(%eax), %edx
89 55 e4                      movl  %edx, -0x1c(%ebp)
85 c0                         test %eax, %eax
75 e4                         jnz 0x8048984
8b 45 e4                      movl  -0x1c(%ebp), %eax
8d 50 ff                      leal  -0x1(%eax), %edx
89 55 e4                      movl  %edx, -0x1c(%ebp)
85 c0                         test %eax, %eax
75 e4                         jnz 0x8048984
e8 67 ff ff ff                calll  0x804891c
75 0a                         jnz 0x8048932
upointer
83 7d f4 00                   cmpl  $0x0, -0xc(%ebp)
75 ed                         jnz 0x8048953
75 ed                         jnz 0x8048953
eb 0f                         jmp 0x8048993
75 e4                         jnz 0x8048984
75 e4                         jnz 0x8048984
e8 67 ff ff ff                calll  0x804891c
75 0a                         jnz 0x8048932
75 08                         jnz 0x8048944
e9 94 00 00 00                jmp 0x80489d8
c3                            retl  
e8 59 ff ff ff                calll  0x804891c
89 e5                         mov %esp, %ebp
83 ec 38                      sub $0x38, %esp
75 0a                         jnz 0x8048932
75 08                         jnz 0x8048944
e9 94 00 00 00                jmp 0x80489d8
c3                            retl  
e8 9c fe ff ff                calll  0x8048874
89 e5                         mov %esp, %ebp
int
83 45 f0 01                   addl  $0x1, -0x10(%ebp)
8b 45 f0                      movl  -0x10(%ebp), %eax
89 c2                         mov %eax, %edx
c1 ea 1f                      shr $0x1f, %edx
01 d0                         add %edx, %eax
d1 f8                         sar $0x1, %eax
89 45 e4                      movl  %eax, -0x1c(%ebp)
8b 45 e4                      movl  -0x1c(%ebp), %eax
8d 50 ff                      leal  -0x1(%eax), %edx
89 55 e4                      movl  %edx, -0x1c(%ebp)
85 c0                         test %eax, %eax
75 e4                         jnz 0x8048984
8b 45 e4                      movl  -0x1c(%ebp), %eax
8d 50 ff                      leal  -0x1(%eax), %edx
89 55 e4                      movl  %edx, -0x1c(%ebp)
85 c0                         test %eax, %eax
75 e4                         jnz 0x8048984
e8 67 ff ff ff                calll  0x804891c
75 0a                         jnz 0x8048932
75 08                         jnz 0x8048944
upointer
83 7d f4 00                   cmpl  $0x0, -0xc(%ebp)
75 ed                         jnz 0x8048953
eb 0f                         jmp 0x8048993
75 e4                         jnz 0x8048984
75 e4                         jnz 0x8048984
e8 67 ff ff ff                calll  0x804891c
75 0a                         jnz 0x8048932
75 08                         jnz 0x8048944
e9 94 00 00 00                jmp 0x80489d8
c3                            retl  
e8 59 ff ff ff                calll  0x804891c
89 e5                         mov %esp, %ebp
83 ec 38                      sub $0x38, %esp
75 0a                         jnz 0x8048932
75 08                         jnz 0x8048944
e9 94 00 00 00                jmp 0x80489d8
c3                            retl  
e8 9c fe ff ff                calll  0x8048874
89 e5                         mov %esp, %ebp
83 ec 10                      sub $0x10, %esp
int
8b 45 f0                      movl  -0x10(%ebp), %eax
89 c2                         mov %eax, %edx
c1 ea 1f                      shr $0x1f, %edx
01 d0                         add %edx, %eax
d1 f8                         sar $0x1, %eax
89 45 e4                      movl  %eax, -0x1c(%ebp)
8b 45 e4                      movl  -0x1c(%ebp), %eax
8d 50 ff                      leal  -0x1(%eax), %edx
89 55 e4                      movl  %edx, -0x1c(%ebp)
85 c0                         test %eax, %eax
75 e4                         jnz 0x8048984
8b 45 e4                      movl  -0x1c(%ebp), %eax
8d 50 ff                      leal  -0x1(%eax), %edx
89 55 e4                      movl  %edx, -0x1c(%ebp)
85 c0                         test %eax, %eax
75 e4                         jnz 0x8048984
e8 67 ff ff ff                calll  0x804891c
75 0a                         jnz 0x8048932
75 08                         jnz 0x8048944
e9 94 00 00 00                jmp 0x80489d8
int
8b 45 e4                      movl  -0x1c(%ebp), %eax
8d 50 ff                      leal  -0x1(%eax), %edx
89 55 e4                      movl  %edx, -0x1c(%ebp)
85 c0                         test %eax, %eax
75 e4                         jnz 0x8048984
8b 45 e4                      movl  -0x1c(%ebp), %eax
8d 50 ff                      leal  -0x1(%eax), %edx
89 55 e4                      movl  %edx, -0x1c(%ebp)
85 c0                         test %eax, %eax
75 e4                         jnz 0x8048984
e8 67 ff ff ff                calll  0x804891c
75 0a                         jnz 0x8048932
75 08                         jnz 0x8048944
e9 94 00 00 00                jmp 0x80489d8
c3                            retl  
e8 59 ff ff ff                calll  0x804891c
89 e5                         mov %esp, %ebp
83 ec 38                      sub $0x38, %esp
75 0a                         jnz 0x8048932
75 08                         jnz 0x8048944
int
8b 45 e4                      movl  -0x1c(%ebp), %eax
8d 50 ff                      leal  -0x1(%eax), %edx
89 55 e4                      movl  %edx, -0x1c(%ebp)
85 c0                         test %eax, %eax
75 e4                         jnz 0x8048984
e8 67 ff ff ff                calll  0x804891c
75 0a                         jnz 0x8048932
75 08                         jnz 0x8048944
e9 94 00 00 00                jmp 0x80489d8
c3                            retl  
e8 59 ff ff ff                calll  0x804891c
89 e5                         mov %esp, %ebp
83 ec 38                      sub $0x38, %esp
75 0a                         jnz 0x8048932
75 08                         jnz 0x8048944
e9 94 00 00 00                jmp 0x80489d8
c3                            retl  
e8 9c fe ff ff                calll  0x8048874
89 e5                         mov %esp, %ebp
83 ec 10                      sub $0x10, %esp
upointer
8b 45 ec                      movl  -0x14(%ebp), %eax
89 04 24                      movl  %eax, (%esp)
83 7d 08 00                   cmpl  $0x0, 0x8(%ebp)
75 0a                         jnz 0x8048932
8b 45 08                      movl  0x8(%ebp), %eax
75 08                         jnz 0x8048944
8b 45 08                      movl  0x8(%ebp), %eax
e9 94 00 00 00                jmp 0x80489d8
89 45 dc                      movl  %eax, -0x24(%ebp)
8b 45 dc                      movl  -0x24(%ebp), %eax
89 44 24 04                   movl  %eax, 0x4(%esp)
83 7d 0c 00                   cmpl  $0x0, 0xc(%ebp)
75 08                         jnz 0x8048896
eb 48                         jmp 0x80488ed
74 06                         jz 0x80488f9
83 7d 0c 00                   cmpl  $0x0, 0xc(%ebp)
75 ac                         jnz 0x80488a5
8b 45 0c                      movl  0xc(%ebp), %eax
7f 1e                         jnle 0x80488d1
8b 55 0c                      movl  0xc(%ebp), %edx
upointer
8b 45 dc                      movl  -0x24(%ebp), %eax
89 44 24 04                   movl  %eax, 0x4(%esp)
83 7d 0c 00                   cmpl  $0x0, 0xc(%ebp)
75 08                         jnz 0x8048896
eb 48                         jmp 0x80488ed
74 06                         jz 0x80488f9
83 7d 0c 00                   cmpl  $0x0, 0xc(%ebp)
75 ac                         jnz 0x80488a5
8b 45 0c                      movl  0xc(%ebp), %eax
7f 1e                         jnle 0x80488d1
8b 55 0c                      movl  0xc(%ebp), %edx
89 10                         movl  %edx, (%eax)
8b 00                         movl  (%eax), %eax
83 c0 04                      add $0x4, %eax
89 45 fc                      movl  %eax, -0x4(%ebp)
8b 45 0c                      movl  0xc(%ebp), %eax
74 06                         jz 0x80488f9
75 ac                         jnz 0x80488a5
74 0a                         jz 0x8048909
8b 45 fc                      movl  -0x4(%ebp), %eax
upointer
8b 45 e0                      movl  -0x20(%ebp), %eax
89 04 24                      movl  %eax, (%esp)
83 7d 08 00                   cmpl  $0x0, 0x8(%ebp)
75 08                         jnz 0x8048888
75 08                         jnz 0x8048896
eb 48                         jmp 0x80488ed
83 7d 08 00                   cmpl  $0x0, 0x8(%ebp)
74 06                         jz 0x80488f9
75 ac                         jnz 0x80488a5
8b 45 08                      movl  0x8(%ebp), %eax
7f 1e                         jnle 0x80488d1
83 7d 08 00                   cmpl  $0x0, 0x8(%ebp)
74 06                         jz 0x80488f9
75 ac                         jnz 0x80488a5
83 7d 08 00                   cmpl  $0x0, 0x8(%ebp)
74 0a                         jz 0x8048909
8b 55 08                      movl  0x8(%ebp), %edx
89 10                         movl  %edx, (%eax)
eb 0e                         jmp 0x8048917
8b 40 04                      movl  0x4(%eax), %eax
upointer
8b 00                         movl  (%eax), %eax
83 c0 04                      add $0x4, %eax
89 45 fc                      movl  %eax, -0x4(%ebp)
8b 45 fc                      movl  -0x4(%ebp), %eax
upointer
8b 45 f8                      movl  -0x8(%ebp), %eax
89 45 dc                      movl  %eax, -0x24(%ebp)
8b 45 dc                      movl  -0x24(%ebp), %eax
89 44 24 04                   movl  %eax, 0x4(%esp)
83 7d 0c 00                   cmpl  $0x0, 0xc(%ebp)
75 08                         jnz 0x8048896
eb 48                         jmp 0x80488ed
74 06                         jz 0x80488f9
83 7d 0c 00                   cmpl  $0x0, 0xc(%ebp)
75 ac                         jnz 0x80488a5
8b 45 0c                      movl  0xc(%ebp), %eax
7f 1e                         jnle 0x80488d1
8b 55 0c                      movl  0xc(%ebp), %edx
89 10                         movl  %edx, (%eax)
8b 00                         movl  (%eax), %eax
83 c0 04                      add $0x4, %eax
89 45 fc                      movl  %eax, -0x4(%ebp)
8b 45 0c                      movl  0xc(%ebp), %eax
74 06                         jz 0x80488f9
75 ac                         jnz 0x80488a5
upointer
8b 45 dc                      movl  -0x24(%ebp), %eax
89 44 24 04                   movl  %eax, 0x4(%esp)
83 7d 0c 00                   cmpl  $0x0, 0xc(%ebp)
75 08                         jnz 0x8048896
eb 48                         jmp 0x80488ed
74 06                         jz 0x80488f9
83 7d 0c 00                   cmpl  $0x0, 0xc(%ebp)
75 ac                         jnz 0x80488a5
8b 45 0c                      movl  0xc(%ebp), %eax
7f 1e                         jnle 0x80488d1
8b 55 0c                      movl  0xc(%ebp), %edx
89 10                         movl  %edx, (%eax)
8b 00                         movl  (%eax), %eax
83 c0 04                      add $0x4, %eax
89 45 fc                      movl  %eax, -0x4(%ebp)
8b 45 0c                      movl  0xc(%ebp), %eax
74 06                         jz 0x80488f9
75 ac                         jnz 0x80488a5
7f 1e                         jnle 0x80488d1
8b 45 fc                      movl  -0x4(%ebp), %eax
upointer
8b 45 e0                      movl  -0x20(%ebp), %eax
89 04 24                      movl  %eax, (%esp)
83 7d 08 00                   cmpl  $0x0, 0x8(%ebp)
75 08                         jnz 0x8048888
75 08                         jnz 0x8048896
eb 48                         jmp 0x80488ed
83 7d 08 00                   cmpl  $0x0, 0x8(%ebp)
74 06                         jz 0x80488f9
75 ac                         jnz 0x80488a5
8b 45 08                      movl  0x8(%ebp), %eax
7f 1e                         jnle 0x80488d1
83 7d 08 00                   cmpl  $0x0, 0x8(%ebp)
74 06                         jz 0x80488f9
75 ac                         jnz 0x80488a5
8b 45 08                      movl  0x8(%ebp), %eax
7f 1e                         jnle 0x80488d1
83 7d 08 00                   cmpl  $0x0, 0x8(%ebp)
74 06                         jz 0x80488f9
75 ac                         jnz 0x80488a5
83 7d 08 00                   cmpl  $0x0, 0x8(%ebp)
upointer
8b 00                         movl  (%eax), %eax
83 c0 04                      add $0x4, %eax
89 45 fc                      movl  %eax, -0x4(%ebp)
8b 45 fc                      movl  -0x4(%ebp), %eax
8b 45 fc                      movl  -0x4(%ebp), %eax
upointer
8b 45 f8                      movl  -0x8(%ebp), %eax
89 45 dc                      movl  %eax, -0x24(%ebp)
8b 45 dc                      movl  -0x24(%ebp), %eax
89 44 24 04                   movl  %eax, 0x4(%esp)
83 7d 0c 00                   cmpl  $0x0, 0xc(%ebp)
75 08                         jnz 0x8048896
eb 48                         jmp 0x80488ed
74 06                         jz 0x80488f9
83 7d 0c 00                   cmpl  $0x0, 0xc(%ebp)
75 ac                         jnz 0x80488a5
8b 45 0c                      movl  0xc(%ebp), %eax
7f 1e                         jnle 0x80488d1
8b 55 0c                      movl  0xc(%ebp), %edx
89 10                         movl  %edx, (%eax)
8b 00                         movl  (%eax), %eax
83 c0 04                      add $0x4, %eax
89 45 fc                      movl  %eax, -0x4(%ebp)
8b 45 0c                      movl  0xc(%ebp), %eax
74 06                         jz 0x80488f9
75 ac                         jnz 0x80488a5
upointer
8b 45 dc                      movl  -0x24(%ebp), %eax
89 44 24 04                   movl  %eax, 0x4(%esp)
83 7d 0c 00                   cmpl  $0x0, 0xc(%ebp)
75 08                         jnz 0x8048896
eb 48                         jmp 0x80488ed
74 06                         jz 0x80488f9
83 7d 0c 00                   cmpl  $0x0, 0xc(%ebp)
75 ac                         jnz 0x80488a5
8b 45 0c                      movl  0xc(%ebp), %eax
7f 1e                         jnle 0x80488d1
8b 55 0c                      movl  0xc(%ebp), %edx
89 10                         movl  %edx, (%eax)
8b 00                         movl  (%eax), %eax
83 c0 04                      add $0x4, %eax
89 45 fc                      movl  %eax, -0x4(%ebp)
8b 45 0c                      movl  0xc(%ebp), %eax
74 06                         jz 0x80488f9
75 ac                         jnz 0x80488a5
7f 1e                         jnle 0x80488d1
8b 45 fc                      movl  -0x4(%ebp), %eax
upointer
8b 45 e0                      movl  -0x20(%ebp), %eax
89 04 24                      movl  %eax, (%esp)
83 7d 08 00                   cmpl  $0x0, 0x8(%ebp)
75 08                         jnz 0x8048888
75 08                         jnz 0x8048896
eb 48                         jmp 0x80488ed
83 7d 08 00                   cmpl  $0x0, 0x8(%ebp)
74 06                         jz 0x80488f9
75 ac                         jnz 0x80488a5
8b 45 08                      movl  0x8(%ebp), %eax
7f 1e                         jnle 0x80488d1
83 7d 08 00                   cmpl  $0x0, 0x8(%ebp)
74 06                         jz 0x80488f9
75 ac                         jnz 0x80488a5
8b 45 08                      movl  0x8(%ebp), %eax
7f 1e                         jnle 0x80488d1
83 7d 08 00                   cmpl  $0x0, 0x8(%ebp)
74 06                         jz 0x80488f9
75 ac                         jnz 0x80488a5
8b 45 08                      movl  0x8(%ebp), %eax
upointer
8b 00                         movl  (%eax), %eax
83 c0 04                      add $0x4, %eax
89 45 fc                      movl  %eax, -0x4(%ebp)
8b 45 fc                      movl  -0x4(%ebp), %eax
8b 45 fc                      movl  -0x4(%ebp), %eax
upointer
8b 45 f8                      movl  -0x8(%ebp), %eax
89 44 24 20                   movl  %eax, 0x20(%esp)
8b 44 24 20                   movl  0x20(%esp), %eax
89 44 24 24                   movl  %eax, 0x24(%esp)
83 7c 24 24 00                cmpl  $0x0, 0x24(%esp)
75 d8                         jnz 0x8048ac3
8b 44 24 24                   movl  0x24(%esp), %eax
e8 f7 6f 00 00                calll  0x804fad0
e8 aa 8c ff ff                calll  0x8048780
8b 1c 24                      movl  (%esp), %ebx
c3                            retl  
81 c3 2a 95 08 00             add $0x8952a, %ebx
83 ec 08                      sub $0x8, %esp
8d 44 24 14                   leal  0x14(%esp), %eax
83 ec 04                      sub $0x4, %esp
50                            pushl  %eax
e8 08 07 03 00                calll  0x8080200
89 e5                         mov %esp, %ebp
53                            pushl  %ebx
e8 75 85 fc ff                calll  0x8048780
upointer
8b 44 24 20                   movl  0x20(%esp), %eax
89 44 24 24                   movl  %eax, 0x24(%esp)
83 7c 24 24 00                cmpl  $0x0, 0x24(%esp)
75 d8                         jnz 0x8048ac3
8b 44 24 24                   movl  0x24(%esp), %eax
e8 f7 6f 00 00                calll  0x804fad0
e8 aa 8c ff ff                calll  0x8048780
8b 1c 24                      movl  (%esp), %ebx
c3                            retl  
81 c3 2a 95 08 00             add $0x8952a, %ebx
83 ec 08                      sub $0x8, %esp
8d 44 24 14                   leal  0x14(%esp), %eax
83 ec 04                      sub $0x4, %esp
50                            pushl  %eax
e8 08 07 03 00                calll  0x8080200
89 e5                         mov %esp, %ebp
53                            pushl  %ebx
e8 75 85 fc ff                calll  0x8048780
8b 1c 24                      movl  (%esp), %ebx
c3                            retl  
upointer
83 7c 24 24 00                cmpl  $0x0, 0x24(%esp)
75 d8                         jnz 0x8048ac3
e8 f7 6f 00 00                calll  0x804fad0
e8 aa 8c ff ff                calll  0x8048780
8b 1c 24                      movl  (%esp), %ebx
c3                            retl  
81 c3 2a 95 08 00             add $0x8952a, %ebx
83 ec 08                      sub $0x8, %esp
8d 44 24 14                   leal  0x14(%esp), %eax
83 ec 04                      sub $0x4, %esp
50                            pushl  %eax
e8 08 07 03 00                calll  0x8080200
89 e5                         mov %esp, %ebp
53                            pushl  %ebx
e8 75 85 fc ff                calll  0x8048780
8b 1c 24                      movl  (%esp), %ebx
c3                            retl  
81 c3 f5 8d 05 00             add $0x58df5, %ebx
81 ec ec 04 00 00             sub $0x4ec, %esp
8b 45 10                      movl  0x10(%ebp), %eax
upointer
83 7c 24 24 00                cmpl  $0x0, 0x24(%esp)
75 d8                         jnz 0x8048ac3
e8 f7 6f 00 00                calll  0x804fad0
e8 aa 8c ff ff                calll  0x8048780
8b 1c 24                      movl  (%esp), %ebx
c3                            retl  
81 c3 2a 95 08 00             add $0x8952a, %ebx
83 ec 08                      sub $0x8, %esp
8d 44 24 14                   leal  0x14(%esp), %eax
83 ec 04                      sub $0x4, %esp
50                            pushl  %eax
e8 08 07 03 00                calll  0x8080200
89 e5                         mov %esp, %ebp
53                            pushl  %ebx
e8 75 85 fc ff                calll  0x8048780
8b 1c 24                      movl  (%esp), %ebx
c3                            retl  
81 c3 f5 8d 05 00             add $0x58df5, %ebx
81 ec ec 04 00 00             sub $0x4ec, %esp
8b 45 10                      movl  0x10(%ebp), %eax
upointer
83 7c 24 24 00                cmpl  $0x0, 0x24(%esp)
75 d8                         jnz 0x8048ac3
e8 f7 6f 00 00                calll  0x804fad0
e8 aa 8c ff ff                calll  0x8048780
8b 1c 24                      movl  (%esp), %ebx
c3                            retl  
81 c3 2a 95 08 00             add $0x8952a, %ebx
83 ec 08                      sub $0x8, %esp
8d 44 24 14                   leal  0x14(%esp), %eax
83 ec 04                      sub $0x4, %esp
50                            pushl  %eax
e8 08 07 03 00                calll  0x8080200
89 e5                         mov %esp, %ebp
53                            pushl  %ebx
e8 75 85 fc ff                calll  0x8048780
8b 1c 24                      movl  (%esp), %ebx
c3                            retl  
81 c3 f5 8d 05 00             add $0x58df5, %ebx
81 ec ec 04 00 00             sub $0x4ec, %esp
8b 45 10                      movl  0x10(%ebp), %eax
upointer
83 7c 24 24 00                cmpl  $0x0, 0x24(%esp)
75 d8                         jnz 0x8048ac3
e8 f7 6f 00 00                calll  0x804fad0
e8 aa 8c ff ff                calll  0x8048780
8b 1c 24                      movl  (%esp), %ebx
c3                            retl  
81 c3 2a 95 08 00             add $0x8952a, %ebx
83 ec 08                      sub $0x8, %esp
8d 44 24 14                   leal  0x14(%esp), %eax
83 ec 04                      sub $0x4, %esp
50                            pushl  %eax
e8 08 07 03 00                calll  0x8080200
89 e5                         mov %esp, %ebp
53                            pushl  %ebx
e8 75 85 fc ff                calll  0x8048780
8b 1c 24                      movl  (%esp), %ebx
c3                            retl  
81 c3 f5 8d 05 00             add $0x58df5, %ebx
81 ec ec 04 00 00             sub $0x4ec, %esp
8b 45 10                      movl  0x10(%ebp), %eax
upointer
83 7c 24 24 00                cmpl  $0x0, 0x24(%esp)
75 d8                         jnz 0x8048ac3
e8 f7 6f 00 00                calll  0x804fad0
e8 aa 8c ff ff                calll  0x8048780
8b 1c 24                      movl  (%esp), %ebx
c3                            retl  
81 c3 2a 95 08 00             add $0x8952a, %ebx
83 ec 08                      sub $0x8, %esp
8d 44 24 14                   leal  0x14(%esp), %eax
83 ec 04                      sub $0x4, %esp
50                            pushl  %eax
e8 08 07 03 00                calll  0x8080200
89 e5                         mov %esp, %ebp
53                            pushl  %ebx
e8 75 85 fc ff                calll  0x8048780
8b 1c 24                      movl  (%esp), %ebx
c3                            retl  
81 c3 f5 8d 05 00             add $0x58df5, %ebx
81 ec ec 04 00 00             sub $0x4ec, %esp
8b 45 10                      movl  0x10(%ebp), %eax
upointer
83 7c 24 24 00                cmpl  $0x0, 0x24(%esp)
75 d8                         jnz 0x8048ac3
e8 09 78 00 00                calll  0x8050300
e8 a8 cc ff ff                calll  0x804cfb3
8b 3c 24                      movl  (%esp), %edi
c3                            retl  
81 c7 f5 8c 08 00             add $0x88cf5, %edi
83 ec 28                      sub $0x28, %esp
89 fb                         mov %edi, %ebx
e8 22 b1 01 00                calll  0x806b440
74 24                         jz 0x806b471
73 58                         jnb 0x806b4d9
75 4e                         jnz 0x806b4d9
74 0f                         jz 0x806b4f6
74 0a                         jz 0x806b4f6
c3                            retl  
83 c4 10                      add $0x10, %esp
75 3e                         jnz 0x8050378
74 2b                         jz 0x8050374
74 01                         jz 0x8050359
