int
83 7c 24 1c 04                cmpl  $0x4, 0x1c(%esp)
7e e0                         jle 0x8048a87
e8 01 fe ff ff                calll  0x804889c
0f 84 97 00 00 00             jz 0x8048943
e8 e0 44 01 00                calll  0x805cda0
e8 d7 b9 fe ff                calll  0x8048780
8b 1c 24                      movl  (%esp), %ebx
c3                            retl  
81 c3 57 c2 07 00             add $0x7c257, %ebx
83 ec 1c                      sub $0x1c, %esp
76 08                         jbe 0x805cdd2
0f 85 d0 01 00 00             jnz 0x805cfb0
0f 84 22 02 00 00             jz 0x805d010
0f 85 34 02 00 00             jnz 0x805d030
8d bb 20 05 00 00             leal  0x520(%ebx), %edi
89 f8                         mov %edi, %eax
e8 d1 d6 ff ff                calll  0x805a4f0
57                            pushl  %edi
53                            pushl  %ebx
e8 da ef fe ff                calll  0x80494d6
int
8b 44 24 1c                   movl  0x1c(%esp), %eax
89 44 24 04                   movl  %eax, 0x4(%esp)
8b 55 0c                      movl  0xc(%ebp), %edx
89 10                         movl  %edx, (%eax)
8b 55 0c                      movl  0xc(%ebp), %edx
89 10                         movl  %edx, (%eax)
8b 00                         movl  (%eax), %eax
8b 00                         movl  (%eax), %eax
8b 00                         movl  (%eax), %eax
8b 00                         movl  (%eax), %eax
8b 00                         movl  (%eax), %eax
89 44 24 04                   movl  %eax, 0x4(%esp)
8b 00                         movl  (%eax), %eax
99                            cdq 
89 c6                         mov %eax, %esi
31 d0                         xor %edx, %eax
c1 ee 1f                      shr $0x1f, %esi
29 d0                         sub %edx, %eax
89 b5 5c fb ff ff             movl  %esi, -0x4a4(%ebp)
89 85 20 fb ff ff             movl  %eax, -0x4e0(%ebp)
int
83 44 24 1c 01                addl  $0x1, 0x1c(%esp)
83 7c 24 1c 04                cmpl  $0x4, 0x1c(%esp)
7e e0                         jle 0x8048a87
8b 44 24 1c                   movl  0x1c(%esp), %eax
89 44 24 04                   movl  %eax, 0x4(%esp)
e8 01 fe ff ff                calll  0x804889c
0f 84 97 00 00 00             jz 0x8048943
e8 e0 44 01 00                calll  0x805cda0
e8 d7 b9 fe ff                calll  0x8048780
8b 1c 24                      movl  (%esp), %ebx
c3                            retl  
81 c3 57 c2 07 00             add $0x7c257, %ebx
83 ec 1c                      sub $0x1c, %esp
76 08                         jbe 0x805cdd2
0f 85 d0 01 00 00             jnz 0x805cfb0
0f 84 22 02 00 00             jz 0x805d010
0f 85 34 02 00 00             jnz 0x805d030
8d bb 20 05 00 00             leal  0x520(%ebx), %edi
89 f8                         mov %edi, %eax
e8 d1 d6 ff ff                calll  0x805a4f0
int
83 7c 24 1c 04                cmpl  $0x4, 0x1c(%esp)
7e e0                         jle 0x8048a87
e8 01 fe ff ff                calll  0x804889c
0f 84 97 00 00 00             jz 0x8048943
e8 e0 44 01 00                calll  0x805cda0
e8 d7 b9 fe ff                calll  0x8048780
8b 1c 24                      movl  (%esp), %ebx
c3                            retl  
81 c3 57 c2 07 00             add $0x7c257, %ebx
83 ec 1c                      sub $0x1c, %esp
76 08                         jbe 0x805cdd2
0f 85 d0 01 00 00             jnz 0x805cfb0
0f 84 22 02 00 00             jz 0x805d010
0f 85 34 02 00 00             jnz 0x805d030
8d bb 20 05 00 00             leal  0x520(%ebx), %edi
89 f8                         mov %edi, %eax
e8 d1 d6 ff ff                calll  0x805a4f0
57                            pushl  %edi
53                            pushl  %ebx
e8 da ef fe ff                calll  0x80494d6
int
8b 44 24 1c                   movl  0x1c(%esp), %eax
89 44 24 04                   movl  %eax, 0x4(%esp)
8b 55 0c                      movl  0xc(%ebp), %edx
89 10                         movl  %edx, (%eax)
8b 55 0c                      movl  0xc(%ebp), %edx
89 10                         movl  %edx, (%eax)
3b 45 0c                      cmpl  0xc(%ebp), %eax
7c 14                         jl 0x8048943
int
83 44 24 1c 01                addl  $0x1, 0x1c(%esp)
83 7c 24 1c 04                cmpl  $0x4, 0x1c(%esp)
7e e0                         jle 0x8048a87
8b 44 24 1c                   movl  0x1c(%esp), %eax
89 44 24 04                   movl  %eax, 0x4(%esp)
e8 01 fe ff ff                calll  0x804889c
0f 84 97 00 00 00             jz 0x8048943
e8 e0 44 01 00                calll  0x805cda0
e8 d7 b9 fe ff                calll  0x8048780
8b 1c 24                      movl  (%esp), %ebx
c3                            retl  
81 c3 57 c2 07 00             add $0x7c257, %ebx
83 ec 1c                      sub $0x1c, %esp
76 08                         jbe 0x805cdd2
0f 85 d0 01 00 00             jnz 0x805cfb0
0f 84 22 02 00 00             jz 0x805d010
0f 85 34 02 00 00             jnz 0x805d030
8d bb 20 05 00 00             leal  0x520(%ebx), %edi
89 f8                         mov %edi, %eax
e8 d1 d6 ff ff                calll  0x805a4f0
int
83 7c 24 1c 04                cmpl  $0x4, 0x1c(%esp)
7e e0                         jle 0x8048a87
e8 01 fe ff ff                calll  0x804889c
0f 84 97 00 00 00             jz 0x8048943
e8 e0 44 01 00                calll  0x805cda0
e8 d7 b9 fe ff                calll  0x8048780
8b 1c 24                      movl  (%esp), %ebx
c3                            retl  
81 c3 57 c2 07 00             add $0x7c257, %ebx
83 ec 1c                      sub $0x1c, %esp
76 08                         jbe 0x805cdd2
0f 85 d0 01 00 00             jnz 0x805cfb0
0f 84 22 02 00 00             jz 0x805d010
0f 85 34 02 00 00             jnz 0x805d030
8d bb 20 05 00 00             leal  0x520(%ebx), %edi
89 f8                         mov %edi, %eax
e8 d1 d6 ff ff                calll  0x805a4f0
57                            pushl  %edi
53                            pushl  %ebx
e8 da ef fe ff                calll  0x80494d6
int
8b 44 24 1c                   movl  0x1c(%esp), %eax
89 44 24 04                   movl  %eax, 0x4(%esp)
8b 55 0c                      movl  0xc(%ebp), %edx
89 10                         movl  %edx, (%eax)
8b 55 0c                      movl  0xc(%ebp), %edx
89 10                         movl  %edx, (%eax)
3b 45 0c                      cmpl  0xc(%ebp), %eax
7c 14                         jl 0x8048943
int
83 44 24 1c 01                addl  $0x1, 0x1c(%esp)
83 7c 24 1c 04                cmpl  $0x4, 0x1c(%esp)
7e e0                         jle 0x8048a87
8b 44 24 1c                   movl  0x1c(%esp), %eax
89 44 24 04                   movl  %eax, 0x4(%esp)
e8 01 fe ff ff                calll  0x804889c
0f 84 97 00 00 00             jz 0x8048943
e8 e0 44 01 00                calll  0x805cda0
e8 d7 b9 fe ff                calll  0x8048780
8b 1c 24                      movl  (%esp), %ebx
c3                            retl  
81 c3 57 c2 07 00             add $0x7c257, %ebx
83 ec 1c                      sub $0x1c, %esp
76 08                         jbe 0x805cdd2
0f 85 d0 01 00 00             jnz 0x805cfb0
0f 84 22 02 00 00             jz 0x805d010
0f 85 34 02 00 00             jnz 0x805d030
8d bb 20 05 00 00             leal  0x520(%ebx), %edi
89 f8                         mov %edi, %eax
e8 d1 d6 ff ff                calll  0x805a4f0
int
83 7c 24 1c 04                cmpl  $0x4, 0x1c(%esp)
7e e0                         jle 0x8048a87
e8 01 fe ff ff                calll  0x804889c
0f 84 97 00 00 00             jz 0x8048943
e8 e0 44 01 00                calll  0x805cda0
e8 d7 b9 fe ff                calll  0x8048780
8b 1c 24                      movl  (%esp), %ebx
c3                            retl  
81 c3 57 c2 07 00             add $0x7c257, %ebx
83 ec 1c                      sub $0x1c, %esp
76 08                         jbe 0x805cdd2
0f 85 d0 01 00 00             jnz 0x805cfb0
0f 84 22 02 00 00             jz 0x805d010
0f 85 34 02 00 00             jnz 0x805d030
8d bb 20 05 00 00             leal  0x520(%ebx), %edi
89 f8                         mov %edi, %eax
e8 d1 d6 ff ff                calll  0x805a4f0
57                            pushl  %edi
53                            pushl  %ebx
e8 da ef fe ff                calll  0x80494d6
int
8b 44 24 1c                   movl  0x1c(%esp), %eax
89 44 24 04                   movl  %eax, 0x4(%esp)
8b 55 0c                      movl  0xc(%ebp), %edx
89 10                         movl  %edx, (%eax)
8b 55 0c                      movl  0xc(%ebp), %edx
89 10                         movl  %edx, (%eax)
3b 45 0c                      cmpl  0xc(%ebp), %eax
7c 14                         jl 0x8048943
int
83 44 24 1c 01                addl  $0x1, 0x1c(%esp)
83 7c 24 1c 04                cmpl  $0x4, 0x1c(%esp)
7e e0                         jle 0x8048a87
8b 44 24 1c                   movl  0x1c(%esp), %eax
89 44 24 04                   movl  %eax, 0x4(%esp)
e8 01 fe ff ff                calll  0x804889c
0f 84 97 00 00 00             jz 0x8048943
e8 e0 44 01 00                calll  0x805cda0
e8 d7 b9 fe ff                calll  0x8048780
8b 1c 24                      movl  (%esp), %ebx
c3                            retl  
81 c3 57 c2 07 00             add $0x7c257, %ebx
83 ec 1c                      sub $0x1c, %esp
76 08                         jbe 0x805cdd2
0f 85 d0 01 00 00             jnz 0x805cfb0
0f 84 22 02 00 00             jz 0x805d010
0f 85 34 02 00 00             jnz 0x805d030
8d bb 20 05 00 00             leal  0x520(%ebx), %edi
89 f8                         mov %edi, %eax
e8 d1 d6 ff ff                calll  0x805a4f0
int
83 7c 24 1c 04                cmpl  $0x4, 0x1c(%esp)
7e e0                         jle 0x8048a87
e8 01 fe ff ff                calll  0x804889c
0f 84 97 00 00 00             jz 0x8048943
e8 e0 44 01 00                calll  0x805cda0
e8 d7 b9 fe ff                calll  0x8048780
8b 1c 24                      movl  (%esp), %ebx
c3                            retl  
81 c3 57 c2 07 00             add $0x7c257, %ebx
83 ec 1c                      sub $0x1c, %esp
76 08                         jbe 0x805cdd2
0f 85 d0 01 00 00             jnz 0x805cfb0
0f 84 22 02 00 00             jz 0x805d010
0f 85 34 02 00 00             jnz 0x805d030
8d bb 20 05 00 00             leal  0x520(%ebx), %edi
89 f8                         mov %edi, %eax
e8 d1 d6 ff ff                calll  0x805a4f0
57                            pushl  %edi
53                            pushl  %ebx
e8 da ef fe ff                calll  0x80494d6
int
8b 44 24 1c                   movl  0x1c(%esp), %eax
89 44 24 04                   movl  %eax, 0x4(%esp)
8b 55 0c                      movl  0xc(%ebp), %edx
89 10                         movl  %edx, (%eax)
8b 55 0c                      movl  0xc(%ebp), %edx
89 10                         movl  %edx, (%eax)
3b 45 0c                      cmpl  0xc(%ebp), %eax
7c 14                         jl 0x8048943
8b 00                         movl  (%eax), %eax
89 44 24 04                   movl  %eax, 0x4(%esp)
8b 00                         movl  (%eax), %eax
99                            cdq 
89 c6                         mov %eax, %esi
31 d0                         xor %edx, %eax
c1 ee 1f                      shr $0x1f, %esi
29 d0                         sub %edx, %eax
89 b5 5c fb ff ff             movl  %esi, -0x4a4(%ebp)
89 85 20 fb ff ff             movl  %eax, -0x4e0(%ebp)
50                            pushl  %eax
8b 4c 24 10                   movl  0x10(%esp), %ecx
int
83 44 24 1c 01                addl  $0x1, 0x1c(%esp)
83 7c 24 1c 04                cmpl  $0x4, 0x1c(%esp)
7e e0                         jle 0x8048a87
e8 12 ff ff ff                calll  0x80489c5
74 14                         jz 0x80489e2
74 0a                         jz 0x80489e2
eb 05                         jmp 0x80489e7
c3                            retl  
e8 6d 70 00 00                calll  0x804fb30
e8 4a 8c ff ff                calll  0x8048780
8b 1c 24                      movl  (%esp), %ebx
c3                            retl  
81 c3 ca 94 08 00             add $0x894ca, %ebx
83 ec 08                      sub $0x8, %esp
8d 44 24 14                   leal  0x14(%esp), %eax
83 ec 04                      sub $0x4, %esp
50                            pushl  %eax
e8 68 05 03 00                calll  0x80800c0
89 e5                         mov %esp, %ebp
53                            pushl  %ebx
int
83 7c 24 1c 04                cmpl  $0x4, 0x1c(%esp)
7e e0                         jle 0x8048a87
e8 12 ff ff ff                calll  0x80489c5
74 14                         jz 0x80489e2
74 0a                         jz 0x80489e2
eb 05                         jmp 0x80489e7
c3                            retl  
e8 6d 70 00 00                calll  0x804fb30
e8 4a 8c ff ff                calll  0x8048780
8b 1c 24                      movl  (%esp), %ebx
c3                            retl  
81 c3 ca 94 08 00             add $0x894ca, %ebx
83 ec 08                      sub $0x8, %esp
8d 44 24 14                   leal  0x14(%esp), %eax
83 ec 04                      sub $0x4, %esp
50                            pushl  %eax
e8 68 05 03 00                calll  0x80800c0
89 e5                         mov %esp, %ebp
53                            pushl  %ebx
e8 b5 86 fc ff                calll  0x8048780
int
83 7c 24 1c 04                cmpl  $0x4, 0x1c(%esp)
7e de                         jle 0x8048ae9
e8 9d fd ff ff                calll  0x804889c
0f 84 97 00 00 00             jz 0x8048943
e8 e0 44 01 00                calll  0x805cda0
e8 d7 b9 fe ff                calll  0x8048780
8b 1c 24                      movl  (%esp), %ebx
c3                            retl  
81 c3 57 c2 07 00             add $0x7c257, %ebx
83 ec 1c                      sub $0x1c, %esp
76 08                         jbe 0x805cdd2
0f 85 d0 01 00 00             jnz 0x805cfb0
0f 84 22 02 00 00             jz 0x805d010
0f 85 34 02 00 00             jnz 0x805d030
8d bb 20 05 00 00             leal  0x520(%ebx), %edi
89 f8                         mov %edi, %eax
e8 d1 d6 ff ff                calll  0x805a4f0
57                            pushl  %edi
53                            pushl  %ebx
e8 da ef fe ff                calll  0x80494d6
int
8b 44 24 1c                   movl  0x1c(%esp), %eax
f7 d8                         neg %eax
89 44 24 04                   movl  %eax, 0x4(%esp)
8b 55 0c                      movl  0xc(%ebp), %edx
89 10                         movl  %edx, (%eax)
8b 55 0c                      movl  0xc(%ebp), %edx
89 10                         movl  %edx, (%eax)
3b 45 0c                      cmpl  0xc(%ebp), %eax
7c 14                         jl 0x8048943
eb 09                         jmp 0x8048943
8b 00                         movl  (%eax), %eax
int
83 44 24 1c 01                addl  $0x1, 0x1c(%esp)
83 7c 24 1c 04                cmpl  $0x4, 0x1c(%esp)
7e de                         jle 0x8048ae9
8b 44 24 1c                   movl  0x1c(%esp), %eax
f7 d8                         neg %eax
89 44 24 04                   movl  %eax, 0x4(%esp)
e8 9d fd ff ff                calll  0x804889c
0f 84 97 00 00 00             jz 0x8048943
e8 e0 44 01 00                calll  0x805cda0
e8 d7 b9 fe ff                calll  0x8048780
8b 1c 24                      movl  (%esp), %ebx
c3                            retl  
81 c3 57 c2 07 00             add $0x7c257, %ebx
83 ec 1c                      sub $0x1c, %esp
76 08                         jbe 0x805cdd2
0f 85 d0 01 00 00             jnz 0x805cfb0
0f 84 22 02 00 00             jz 0x805d010
0f 85 34 02 00 00             jnz 0x805d030
8d bb 20 05 00 00             leal  0x520(%ebx), %edi
89 f8                         mov %edi, %eax
int
83 7c 24 1c 04                cmpl  $0x4, 0x1c(%esp)
7e de                         jle 0x8048ae9
e8 9d fd ff ff                calll  0x804889c
0f 84 97 00 00 00             jz 0x8048943
e8 e0 44 01 00                calll  0x805cda0
e8 d7 b9 fe ff                calll  0x8048780
8b 1c 24                      movl  (%esp), %ebx
c3                            retl  
81 c3 57 c2 07 00             add $0x7c257, %ebx
83 ec 1c                      sub $0x1c, %esp
76 08                         jbe 0x805cdd2
0f 85 d0 01 00 00             jnz 0x805cfb0
0f 84 22 02 00 00             jz 0x805d010
0f 85 34 02 00 00             jnz 0x805d030
8d bb 20 05 00 00             leal  0x520(%ebx), %edi
89 f8                         mov %edi, %eax
e8 d1 d6 ff ff                calll  0x805a4f0
57                            pushl  %edi
53                            pushl  %ebx
e8 da ef fe ff                calll  0x80494d6
int
8b 44 24 1c                   movl  0x1c(%esp), %eax
f7 d8                         neg %eax
89 44 24 04                   movl  %eax, 0x4(%esp)
8b 55 0c                      movl  0xc(%ebp), %edx
89 10                         movl  %edx, (%eax)
8b 55 0c                      movl  0xc(%ebp), %edx
89 10                         movl  %edx, (%eax)
3b 45 0c                      cmpl  0xc(%ebp), %eax
7c 14                         jl 0x8048943
eb 09                         jmp 0x8048943
8b 00                         movl  (%eax), %eax
int
83 44 24 1c 01                addl  $0x1, 0x1c(%esp)
83 7c 24 1c 04                cmpl  $0x4, 0x1c(%esp)
7e de                         jle 0x8048ae9
8b 44 24 1c                   movl  0x1c(%esp), %eax
f7 d8                         neg %eax
89 44 24 04                   movl  %eax, 0x4(%esp)
e8 9d fd ff ff                calll  0x804889c
0f 84 97 00 00 00             jz 0x8048943
e8 e0 44 01 00                calll  0x805cda0
e8 d7 b9 fe ff                calll  0x8048780
8b 1c 24                      movl  (%esp), %ebx
c3                            retl  
81 c3 57 c2 07 00             add $0x7c257, %ebx
83 ec 1c                      sub $0x1c, %esp
76 08                         jbe 0x805cdd2
0f 85 d0 01 00 00             jnz 0x805cfb0
0f 84 22 02 00 00             jz 0x805d010
0f 85 34 02 00 00             jnz 0x805d030
8d bb 20 05 00 00             leal  0x520(%ebx), %edi
89 f8                         mov %edi, %eax
int
83 7c 24 1c 04                cmpl  $0x4, 0x1c(%esp)
7e de                         jle 0x8048ae9
e8 9d fd ff ff                calll  0x804889c
0f 84 97 00 00 00             jz 0x8048943
e8 e0 44 01 00                calll  0x805cda0
e8 d7 b9 fe ff                calll  0x8048780
8b 1c 24                      movl  (%esp), %ebx
c3                            retl  
81 c3 57 c2 07 00             add $0x7c257, %ebx
83 ec 1c                      sub $0x1c, %esp
76 08                         jbe 0x805cdd2
0f 85 d0 01 00 00             jnz 0x805cfb0
0f 84 22 02 00 00             jz 0x805d010
0f 85 34 02 00 00             jnz 0x805d030
8d bb 20 05 00 00             leal  0x520(%ebx), %edi
89 f8                         mov %edi, %eax
e8 d1 d6 ff ff                calll  0x805a4f0
57                            pushl  %edi
53                            pushl  %ebx
e8 da ef fe ff                calll  0x80494d6
int
8b 44 24 1c                   movl  0x1c(%esp), %eax
f7 d8                         neg %eax
89 44 24 04                   movl  %eax, 0x4(%esp)
8b 55 0c                      movl  0xc(%ebp), %edx
89 10                         movl  %edx, (%eax)
8b 55 0c                      movl  0xc(%ebp), %edx
89 10                         movl  %edx, (%eax)
3b 45 0c                      cmpl  0xc(%ebp), %eax
7c 14                         jl 0x8048943
eb 09                         jmp 0x8048943
8b 00                         movl  (%eax), %eax
int
83 44 24 1c 01                addl  $0x1, 0x1c(%esp)
83 7c 24 1c 04                cmpl  $0x4, 0x1c(%esp)
7e de                         jle 0x8048ae9
8b 44 24 1c                   movl  0x1c(%esp), %eax
f7 d8                         neg %eax
89 44 24 04                   movl  %eax, 0x4(%esp)
e8 9d fd ff ff                calll  0x804889c
0f 84 97 00 00 00             jz 0x8048943
e8 e0 44 01 00                calll  0x805cda0
e8 d7 b9 fe ff                calll  0x8048780
8b 1c 24                      movl  (%esp), %ebx
c3                            retl  
81 c3 57 c2 07 00             add $0x7c257, %ebx
83 ec 1c                      sub $0x1c, %esp
76 08                         jbe 0x805cdd2
0f 85 d0 01 00 00             jnz 0x805cfb0
0f 84 22 02 00 00             jz 0x805d010
0f 85 34 02 00 00             jnz 0x805d030
8d bb 20 05 00 00             leal  0x520(%ebx), %edi
89 f8                         mov %edi, %eax
int
83 7c 24 1c 04                cmpl  $0x4, 0x1c(%esp)
7e de                         jle 0x8048ae9
e8 9d fd ff ff                calll  0x804889c
0f 84 97 00 00 00             jz 0x8048943
e8 e0 44 01 00                calll  0x805cda0
e8 d7 b9 fe ff                calll  0x8048780
8b 1c 24                      movl  (%esp), %ebx
c3                            retl  
81 c3 57 c2 07 00             add $0x7c257, %ebx
83 ec 1c                      sub $0x1c, %esp
76 08                         jbe 0x805cdd2
0f 85 d0 01 00 00             jnz 0x805cfb0
0f 84 22 02 00 00             jz 0x805d010
0f 85 34 02 00 00             jnz 0x805d030
8d bb 20 05 00 00             leal  0x520(%ebx), %edi
89 f8                         mov %edi, %eax
e8 d1 d6 ff ff                calll  0x805a4f0
57                            pushl  %edi
53                            pushl  %ebx
e8 da ef fe ff                calll  0x80494d6
int
8b 44 24 1c                   movl  0x1c(%esp), %eax
f7 d8                         neg %eax
89 44 24 04                   movl  %eax, 0x4(%esp)
8b 55 0c                      movl  0xc(%ebp), %edx
89 10                         movl  %edx, (%eax)
8b 55 0c                      movl  0xc(%ebp), %edx
89 10                         movl  %edx, (%eax)
3b 45 0c                      cmpl  0xc(%ebp), %eax
7c 14                         jl 0x8048943
eb 09                         jmp 0x8048943
8b 00                         movl  (%eax), %eax
89 44 24 04                   movl  %eax, 0x4(%esp)
8b 00                         movl  (%eax), %eax
99                            cdq 
89 c6                         mov %eax, %esi
31 d0                         xor %edx, %eax
c1 ee 1f                      shr $0x1f, %esi
29 d0                         sub %edx, %eax
89 b5 5c fb ff ff             movl  %esi, -0x4a4(%ebp)
89 85 20 fb ff ff             movl  %eax, -0x4e0(%ebp)
int
83 44 24 1c 01                addl  $0x1, 0x1c(%esp)
83 7c 24 1c 04                cmpl  $0x4, 0x1c(%esp)
7e de                         jle 0x8048ae9
e8 ae fe ff ff                calll  0x80489c5
74 14                         jz 0x80489e2
74 0a                         jz 0x80489e2
eb 05                         jmp 0x80489e7
c3                            retl  
e8 09 70 00 00                calll  0x804fb30
e8 4a 8c ff ff                calll  0x8048780
8b 1c 24                      movl  (%esp), %ebx
c3                            retl  
81 c3 ca 94 08 00             add $0x894ca, %ebx
83 ec 08                      sub $0x8, %esp
8d 44 24 14                   leal  0x14(%esp), %eax
83 ec 04                      sub $0x4, %esp
50                            pushl  %eax
e8 68 05 03 00                calll  0x80800c0
89 e5                         mov %esp, %ebp
53                            pushl  %ebx
int
83 7c 24 1c 04                cmpl  $0x4, 0x1c(%esp)
7e de                         jle 0x8048ae9
e8 ae fe ff ff                calll  0x80489c5
74 14                         jz 0x80489e2
74 0a                         jz 0x80489e2
eb 05                         jmp 0x80489e7
c3                            retl  
e8 09 70 00 00                calll  0x804fb30
e8 4a 8c ff ff                calll  0x8048780
8b 1c 24                      movl  (%esp), %ebx
c3                            retl  
81 c3 ca 94 08 00             add $0x894ca, %ebx
83 ec 08                      sub $0x8, %esp
8d 44 24 14                   leal  0x14(%esp), %eax
83 ec 04                      sub $0x4, %esp
50                            pushl  %eax
e8 68 05 03 00                calll  0x80800c0
89 e5                         mov %esp, %ebp
53                            pushl  %ebx
e8 b5 86 fc ff                calll  0x8048780
