upointer
8b 44 24 14                   movl  0x14(%esp), %eax
89 44 24 1c                   movl  %eax, 0x1c(%esp)
8b 44 24 1c                   movl  0x1c(%esp), %eax
8b 44 24 1c                   movl  0x1c(%esp), %eax
8d 50 08                      leal  0x8(%eax), %edx
8b 44 24 1c                   movl  0x1c(%esp), %eax
89 50 04                      movl  %edx, 0x4(%eax)
83 44 24 1c 08                addl  $0x8, 0x1c(%esp)
8b 44 24 1c                   movl  0x1c(%esp), %eax
8b 44 24 1c                   movl  0x1c(%esp), %eax
8d 50 08                      leal  0x8(%eax), %edx
8b 44 24 1c                   movl  0x1c(%esp), %eax
89 50 04                      movl  %edx, 0x4(%eax)
83 44 24 1c 08                addl  $0x8, 0x1c(%esp)
8b 44 24 1c                   movl  0x1c(%esp), %eax
8b 44 24 1c                   movl  0x1c(%esp), %eax
8d 50 08                      leal  0x8(%eax), %edx
8b 44 24 1c                   movl  0x1c(%esp), %eax
89 50 04                      movl  %edx, 0x4(%eax)
83 44 24 1c 08                addl  $0x8, 0x1c(%esp)
int
83 7c 24 18 04                cmpl  $0x4, 0x18(%esp)
7e d7                         jle 0x8048922
7e d7                         jle 0x8048922
7e d7                         jle 0x8048922
7e d7                         jle 0x8048922
7e d7                         jle 0x8048922
e8 00 ff ff ff                calll  0x8048874
75 05                         jnz 0x8048885
eb 09                         jmp 0x804889c
75 ea                         jnz 0x8048893
75 ea                         jnz 0x8048893
75 0e                         jnz 0x80488bd
eb 12                         jmp 0x80488d1
75 e4                         jnz 0x80488bf
75 e4                         jnz 0x80488bf
75 e4                         jnz 0x80488bf
75 e4                         jnz 0x80488bf
c3                            retl  
eb 21                         jmp 0x804899b
75 d8                         jnz 0x804897a
int
8b 54 24 18                   movl  0x18(%esp), %edx
89 10                         movl  %edx, (%eax)
8b 00                         movl  (%eax), %eax
89 44 24 04                   movl  %eax, 0x4(%esp)
8b 00                         movl  (%eax), %eax
99                            cdq 
89 c6                         mov %eax, %esi
31 d0                         xor %edx, %eax
c1 ee 1f                      shr $0x1f, %esi
29 d0                         sub %edx, %eax
89 b5 5c fb ff ff             movl  %esi, -0x4a4(%ebp)
89 85 20 fb ff ff             movl  %eax, -0x4e0(%ebp)
50                            pushl  %eax
8b 4c 24 10                   movl  0x10(%esp), %ecx
89 c8                         mov %ecx, %eax
01 c0                         add %eax, %eax
29 c1                         sub %eax, %ecx
8b b5 20 fb ff ff             movl  -0x4e0(%ebp), %esi
85 f6                         test %esi, %esi
0f 84 42 0d 00 00             jz 0x8081698
upointer
8b 44 24 1c                   movl  0x1c(%esp), %eax
8d 50 08                      leal  0x8(%eax), %edx
89 50 04                      movl  %edx, 0x4(%eax)
8b 40 04                      movl  0x4(%eax), %eax
89 45 fc                      movl  %eax, -0x4(%ebp)
83 7d fc 00                   cmpl  $0x0, -0x4(%ebp)
75 0e                         jnz 0x80488bd
eb 12                         jmp 0x80488d1
8b 45 fc                      movl  -0x4(%ebp), %eax
75 e4                         jnz 0x80488bf
8b 45 fc                      movl  -0x4(%ebp), %eax
8b 40 04                      movl  0x4(%eax), %eax
89 45 f8                      movl  %eax, -0x8(%ebp)
75 e4                         jnz 0x80488bf
8b 45 f8                      movl  -0x8(%ebp), %eax
75 e4                         jnz 0x80488bf
75 e4                         jnz 0x80488bf
8b 40 04                      movl  0x4(%eax), %eax
89 44 24 1c                   movl  %eax, 0x1c(%esp)
83 7c 24 1c 00                cmpl  $0x0, 0x1c(%esp)
upointer
83 44 24 1c 08                addl  $0x8, 0x1c(%esp)
8b 44 24 1c                   movl  0x1c(%esp), %eax
8b 44 24 1c                   movl  0x1c(%esp), %eax
8d 50 08                      leal  0x8(%eax), %edx
8b 44 24 1c                   movl  0x1c(%esp), %eax
89 50 04                      movl  %edx, 0x4(%eax)
83 44 24 1c 08                addl  $0x8, 0x1c(%esp)
8b 44 24 1c                   movl  0x1c(%esp), %eax
8b 44 24 1c                   movl  0x1c(%esp), %eax
8d 50 08                      leal  0x8(%eax), %edx
8b 44 24 1c                   movl  0x1c(%esp), %eax
89 50 04                      movl  %edx, 0x4(%eax)
83 44 24 1c 08                addl  $0x8, 0x1c(%esp)
8b 44 24 1c                   movl  0x1c(%esp), %eax
8b 44 24 1c                   movl  0x1c(%esp), %eax
8d 50 08                      leal  0x8(%eax), %edx
8b 44 24 1c                   movl  0x1c(%esp), %eax
89 50 04                      movl  %edx, 0x4(%eax)
83 44 24 1c 08                addl  $0x8, 0x1c(%esp)
8b 44 24 1c                   movl  0x1c(%esp), %eax
int
83 44 24 18 01                addl  $0x1, 0x18(%esp)
83 7c 24 18 04                cmpl  $0x4, 0x18(%esp)
7e d7                         jle 0x8048922
8b 54 24 18                   movl  0x18(%esp), %edx
89 10                         movl  %edx, (%eax)
83 44 24 18 01                addl  $0x1, 0x18(%esp)
83 7c 24 18 04                cmpl  $0x4, 0x18(%esp)
7e d7                         jle 0x8048922
8b 54 24 18                   movl  0x18(%esp), %edx
89 10                         movl  %edx, (%eax)
83 44 24 18 01                addl  $0x1, 0x18(%esp)
83 7c 24 18 04                cmpl  $0x4, 0x18(%esp)
7e d7                         jle 0x8048922
8b 54 24 18                   movl  0x18(%esp), %edx
89 10                         movl  %edx, (%eax)
83 44 24 18 01                addl  $0x1, 0x18(%esp)
83 7c 24 18 04                cmpl  $0x4, 0x18(%esp)
7e d7                         jle 0x8048922
e8 00 ff ff ff                calll  0x8048874
75 05                         jnz 0x8048885
int
83 7c 24 18 04                cmpl  $0x4, 0x18(%esp)
7e d7                         jle 0x8048922
7e d7                         jle 0x8048922
7e d7                         jle 0x8048922
7e d7                         jle 0x8048922
e8 00 ff ff ff                calll  0x8048874
75 05                         jnz 0x8048885
eb 09                         jmp 0x804889c
75 ea                         jnz 0x8048893
75 ea                         jnz 0x8048893
75 0e                         jnz 0x80488bd
eb 12                         jmp 0x80488d1
75 e4                         jnz 0x80488bf
75 e4                         jnz 0x80488bf
75 e4                         jnz 0x80488bf
75 e4                         jnz 0x80488bf
c3                            retl  
eb 21                         jmp 0x804899b
75 d8                         jnz 0x804897a
e8 a0 70 00 00                calll  0x804fa30
int
8b 54 24 18                   movl  0x18(%esp), %edx
89 10                         movl  %edx, (%eax)
8b 00                         movl  (%eax), %eax
89 44 24 04                   movl  %eax, 0x4(%esp)
8b 00                         movl  (%eax), %eax
99                            cdq 
89 c6                         mov %eax, %esi
31 d0                         xor %edx, %eax
c1 ee 1f                      shr $0x1f, %esi
29 d0                         sub %edx, %eax
89 b5 5c fb ff ff             movl  %esi, -0x4a4(%ebp)
89 85 20 fb ff ff             movl  %eax, -0x4e0(%ebp)
50                            pushl  %eax
8b 4c 24 10                   movl  0x10(%esp), %ecx
89 c8                         mov %ecx, %eax
01 c0                         add %eax, %eax
29 c1                         sub %eax, %ecx
8b b5 20 fb ff ff             movl  -0x4e0(%ebp), %esi
85 f6                         test %esi, %esi
0f 84 42 0d 00 00             jz 0x8081698
upointer
8b 44 24 1c                   movl  0x1c(%esp), %eax
8d 50 08                      leal  0x8(%eax), %edx
89 50 04                      movl  %edx, 0x4(%eax)
8b 40 04                      movl  0x4(%eax), %eax
85 c0                         test %eax, %eax
75 e4                         jnz 0x80488bf
8b 40 04                      movl  0x4(%eax), %eax
89 45 fc                      movl  %eax, -0x4(%ebp)
8b 45 fc                      movl  -0x4(%ebp), %eax
75 e4                         jnz 0x80488bf
8b 45 fc                      movl  -0x4(%ebp), %eax
8b 40 04                      movl  0x4(%eax), %eax
89 45 f8                      movl  %eax, -0x8(%ebp)
75 e4                         jnz 0x80488bf
8b 45 f8                      movl  -0x8(%ebp), %eax
75 e4                         jnz 0x80488bf
8b 40 04                      movl  0x4(%eax), %eax
89 44 24 1c                   movl  %eax, 0x1c(%esp)
83 7c 24 1c 00                cmpl  $0x0, 0x1c(%esp)
75 d8                         jnz 0x804897a
upointer
83 44 24 1c 08                addl  $0x8, 0x1c(%esp)
8b 44 24 1c                   movl  0x1c(%esp), %eax
8b 44 24 1c                   movl  0x1c(%esp), %eax
8d 50 08                      leal  0x8(%eax), %edx
8b 44 24 1c                   movl  0x1c(%esp), %eax
89 50 04                      movl  %edx, 0x4(%eax)
83 44 24 1c 08                addl  $0x8, 0x1c(%esp)
8b 44 24 1c                   movl  0x1c(%esp), %eax
8b 44 24 1c                   movl  0x1c(%esp), %eax
8d 50 08                      leal  0x8(%eax), %edx
8b 44 24 1c                   movl  0x1c(%esp), %eax
89 50 04                      movl  %edx, 0x4(%eax)
83 44 24 1c 08                addl  $0x8, 0x1c(%esp)
8b 44 24 1c                   movl  0x1c(%esp), %eax
8b 44 24 1c                   movl  0x1c(%esp), %eax
8b 40 04                      movl  0x4(%eax), %eax
85 c0                         test %eax, %eax
75 e4                         jnz 0x80488bf
8b 40 04                      movl  0x4(%eax), %eax
89 45 fc                      movl  %eax, -0x4(%ebp)
int
83 44 24 18 01                addl  $0x1, 0x18(%esp)
83 7c 24 18 04                cmpl  $0x4, 0x18(%esp)
7e d7                         jle 0x8048922
8b 54 24 18                   movl  0x18(%esp), %edx
89 10                         movl  %edx, (%eax)
83 44 24 18 01                addl  $0x1, 0x18(%esp)
83 7c 24 18 04                cmpl  $0x4, 0x18(%esp)
7e d7                         jle 0x8048922
8b 54 24 18                   movl  0x18(%esp), %edx
89 10                         movl  %edx, (%eax)
83 44 24 18 01                addl  $0x1, 0x18(%esp)
83 7c 24 18 04                cmpl  $0x4, 0x18(%esp)
7e d7                         jle 0x8048922
e8 00 ff ff ff                calll  0x8048874
75 05                         jnz 0x8048885
eb 09                         jmp 0x804889c
75 ea                         jnz 0x8048893
75 ea                         jnz 0x8048893
75 0e                         jnz 0x80488bd
eb 12                         jmp 0x80488d1
int
83 7c 24 18 04                cmpl  $0x4, 0x18(%esp)
7e d7                         jle 0x8048922
7e d7                         jle 0x8048922
7e d7                         jle 0x8048922
e8 00 ff ff ff                calll  0x8048874
75 05                         jnz 0x8048885
eb 09                         jmp 0x804889c
75 ea                         jnz 0x8048893
75 ea                         jnz 0x8048893
75 0e                         jnz 0x80488bd
eb 12                         jmp 0x80488d1
75 e4                         jnz 0x80488bf
75 e4                         jnz 0x80488bf
75 e4                         jnz 0x80488bf
75 e4                         jnz 0x80488bf
c3                            retl  
eb 21                         jmp 0x804899b
75 d8                         jnz 0x804897a
e8 a0 70 00 00                calll  0x804fa30
e8 4a 8d ff ff                calll  0x8048780
int
8b 54 24 18                   movl  0x18(%esp), %edx
89 10                         movl  %edx, (%eax)
8b 00                         movl  (%eax), %eax
89 44 24 04                   movl  %eax, 0x4(%esp)
8b 00                         movl  (%eax), %eax
99                            cdq 
89 c6                         mov %eax, %esi
31 d0                         xor %edx, %eax
c1 ee 1f                      shr $0x1f, %esi
29 d0                         sub %edx, %eax
89 b5 5c fb ff ff             movl  %esi, -0x4a4(%ebp)
89 85 20 fb ff ff             movl  %eax, -0x4e0(%ebp)
50                            pushl  %eax
8b 4c 24 10                   movl  0x10(%esp), %ecx
89 c8                         mov %ecx, %eax
01 c0                         add %eax, %eax
29 c1                         sub %eax, %ecx
8b b5 20 fb ff ff             movl  -0x4e0(%ebp), %esi
85 f6                         test %esi, %esi
0f 84 42 0d 00 00             jz 0x8081698
upointer
8b 44 24 1c                   movl  0x1c(%esp), %eax
8d 50 08                      leal  0x8(%eax), %edx
89 50 04                      movl  %edx, 0x4(%eax)
8b 40 04                      movl  0x4(%eax), %eax
85 c0                         test %eax, %eax
75 e4                         jnz 0x80488bf
8b 40 04                      movl  0x4(%eax), %eax
89 45 fc                      movl  %eax, -0x4(%ebp)
8b 45 fc                      movl  -0x4(%ebp), %eax
75 e4                         jnz 0x80488bf
8b 45 fc                      movl  -0x4(%ebp), %eax
8b 40 04                      movl  0x4(%eax), %eax
89 45 f8                      movl  %eax, -0x8(%ebp)
75 e4                         jnz 0x80488bf
8b 45 f8                      movl  -0x8(%ebp), %eax
8b 45 f8                      movl  -0x8(%ebp), %eax
8b 40 04                      movl  0x4(%eax), %eax
89 44 24 1c                   movl  %eax, 0x1c(%esp)
83 7c 24 1c 00                cmpl  $0x0, 0x1c(%esp)
75 d8                         jnz 0x804897a
upointer
83 44 24 1c 08                addl  $0x8, 0x1c(%esp)
8b 44 24 1c                   movl  0x1c(%esp), %eax
8b 44 24 1c                   movl  0x1c(%esp), %eax
8d 50 08                      leal  0x8(%eax), %edx
8b 44 24 1c                   movl  0x1c(%esp), %eax
89 50 04                      movl  %edx, 0x4(%eax)
83 44 24 1c 08                addl  $0x8, 0x1c(%esp)
8b 44 24 1c                   movl  0x1c(%esp), %eax
8b 44 24 1c                   movl  0x1c(%esp), %eax
8b 40 04                      movl  0x4(%eax), %eax
85 c0                         test %eax, %eax
75 e4                         jnz 0x80488bf
8b 40 04                      movl  0x4(%eax), %eax
89 45 fc                      movl  %eax, -0x4(%ebp)
8b 45 fc                      movl  -0x4(%ebp), %eax
75 e4                         jnz 0x80488bf
8b 40 04                      movl  0x4(%eax), %eax
int
83 44 24 18 01                addl  $0x1, 0x18(%esp)
83 7c 24 18 04                cmpl  $0x4, 0x18(%esp)
7e d7                         jle 0x8048922
8b 54 24 18                   movl  0x18(%esp), %edx
89 10                         movl  %edx, (%eax)
83 44 24 18 01                addl  $0x1, 0x18(%esp)
83 7c 24 18 04                cmpl  $0x4, 0x18(%esp)
7e d7                         jle 0x8048922
e8 00 ff ff ff                calll  0x8048874
75 05                         jnz 0x8048885
eb 09                         jmp 0x804889c
75 ea                         jnz 0x8048893
75 ea                         jnz 0x8048893
75 0e                         jnz 0x80488bd
eb 12                         jmp 0x80488d1
75 e4                         jnz 0x80488bf
75 e4                         jnz 0x80488bf
75 e4                         jnz 0x80488bf
75 e4                         jnz 0x80488bf
c3                            retl  
int
83 7c 24 18 04                cmpl  $0x4, 0x18(%esp)
7e d7                         jle 0x8048922
7e d7                         jle 0x8048922
e8 00 ff ff ff                calll  0x8048874
75 05                         jnz 0x8048885
eb 09                         jmp 0x804889c
75 ea                         jnz 0x8048893
75 ea                         jnz 0x8048893
75 0e                         jnz 0x80488bd
eb 12                         jmp 0x80488d1
75 e4                         jnz 0x80488bf
75 e4                         jnz 0x80488bf
75 e4                         jnz 0x80488bf
75 e4                         jnz 0x80488bf
c3                            retl  
eb 21                         jmp 0x804899b
75 d8                         jnz 0x804897a
e8 a0 70 00 00                calll  0x804fa30
e8 4a 8d ff ff                calll  0x8048780
8b 1c 24                      movl  (%esp), %ebx
int
8b 54 24 18                   movl  0x18(%esp), %edx
89 10                         movl  %edx, (%eax)
8b 00                         movl  (%eax), %eax
89 44 24 04                   movl  %eax, 0x4(%esp)
8b 00                         movl  (%eax), %eax
99                            cdq 
89 c6                         mov %eax, %esi
31 d0                         xor %edx, %eax
c1 ee 1f                      shr $0x1f, %esi
29 d0                         sub %edx, %eax
89 b5 5c fb ff ff             movl  %esi, -0x4a4(%ebp)
89 85 20 fb ff ff             movl  %eax, -0x4e0(%ebp)
50                            pushl  %eax
8b 4c 24 10                   movl  0x10(%esp), %ecx
89 c8                         mov %ecx, %eax
01 c0                         add %eax, %eax
29 c1                         sub %eax, %ecx
8b b5 20 fb ff ff             movl  -0x4e0(%ebp), %esi
85 f6                         test %esi, %esi
0f 84 42 0d 00 00             jz 0x8081698
upointer
8b 44 24 1c                   movl  0x1c(%esp), %eax
8d 50 08                      leal  0x8(%eax), %edx
89 50 04                      movl  %edx, 0x4(%eax)
8b 40 04                      movl  0x4(%eax), %eax
85 c0                         test %eax, %eax
75 e4                         jnz 0x80488bf
8b 40 04                      movl  0x4(%eax), %eax
89 45 fc                      movl  %eax, -0x4(%ebp)
8b 45 fc                      movl  -0x4(%ebp), %eax
75 e4                         jnz 0x80488bf
8b 40 04                      movl  0x4(%eax), %eax
int
83 44 24 18 01                addl  $0x1, 0x18(%esp)
83 7c 24 18 04                cmpl  $0x4, 0x18(%esp)
7e d7                         jle 0x8048922
e8 00 ff ff ff                calll  0x8048874
75 05                         jnz 0x8048885
eb 09                         jmp 0x804889c
75 ea                         jnz 0x8048893
75 ea                         jnz 0x8048893
75 0e                         jnz 0x80488bd
eb 12                         jmp 0x80488d1
75 e4                         jnz 0x80488bf
75 e4                         jnz 0x80488bf
75 e4                         jnz 0x80488bf
75 e4                         jnz 0x80488bf
c3                            retl  
eb 21                         jmp 0x804899b
75 d8                         jnz 0x804897a
e8 a0 70 00 00                calll  0x804fa30
e8 4a 8d ff ff                calll  0x8048780
8b 1c 24                      movl  (%esp), %ebx
int
83 7c 24 18 04                cmpl  $0x4, 0x18(%esp)
7e d7                         jle 0x8048922
e8 00 ff ff ff                calll  0x8048874
75 05                         jnz 0x8048885
eb 09                         jmp 0x804889c
75 ea                         jnz 0x8048893
75 ea                         jnz 0x8048893
75 0e                         jnz 0x80488bd
eb 12                         jmp 0x80488d1
75 e4                         jnz 0x80488bf
75 e4                         jnz 0x80488bf
75 e4                         jnz 0x80488bf
75 e4                         jnz 0x80488bf
c3                            retl  
eb 21                         jmp 0x804899b
75 d8                         jnz 0x804897a
e8 a0 70 00 00                calll  0x804fa30
e8 4a 8d ff ff                calll  0x8048780
8b 1c 24                      movl  (%esp), %ebx
c3                            retl  
upointer
8b 44 24 14                   movl  0x14(%esp), %eax
89 04 24                      movl  %eax, (%esp)
8b 45 08                      movl  0x8(%ebp), %eax
89 45 f8                      movl  %eax, -0x8(%ebp)
8b 45 f8                      movl  -0x8(%ebp), %eax
89 45 fc                      movl  %eax, -0x4(%ebp)
8b 45 fc                      movl  -0x4(%ebp), %eax
8b 45 f8                      movl  -0x8(%ebp), %eax
8b 45 08                      movl  0x8(%ebp), %eax
89 44 24 1c                   movl  %eax, 0x1c(%esp)
83 7c 24 1c 00                cmpl  $0x0, 0x1c(%esp)
75 d8                         jnz 0x804897a
8b 44 24 1c                   movl  0x1c(%esp), %eax
e8 a0 70 00 00                calll  0x804fa30
e8 4a 8d ff ff                calll  0x8048780
8b 1c 24                      movl  (%esp), %ebx
c3                            retl  
81 c3 ca 95 08 00             add $0x895ca, %ebx
83 ec 08                      sub $0x8, %esp
8d 44 24 14                   leal  0x14(%esp), %eax
upointer
83 7d fc 00                   cmpl  $0x0, -0x4(%ebp)
75 0e                         jnz 0x80488bd
eb 12                         jmp 0x80488d1
75 e4                         jnz 0x80488bf
75 e4                         jnz 0x80488bf
75 e4                         jnz 0x80488bf
75 e4                         jnz 0x80488bf
upointer
83 7c 24 1c 00                cmpl  $0x0, 0x1c(%esp)
75 d8                         jnz 0x804897a
e8 a0 70 00 00                calll  0x804fa30
e8 4a 8d ff ff                calll  0x8048780
8b 1c 24                      movl  (%esp), %ebx
c3                            retl  
81 c3 ca 95 08 00             add $0x895ca, %ebx
83 ec 08                      sub $0x8, %esp
8d 44 24 14                   leal  0x14(%esp), %eax
83 ec 04                      sub $0x4, %esp
50                            pushl  %eax
e8 78 06 03 00                calll  0x80800d0
89 e5                         mov %esp, %ebp
53                            pushl  %ebx
e8 a5 86 fc ff                calll  0x8048780
8b 1c 24                      movl  (%esp), %ebx
c3                            retl  
81 c3 25 8f 05 00             add $0x58f25, %ebx
81 ec ec 04 00 00             sub $0x4ec, %esp
8b 45 10                      movl  0x10(%ebp), %eax
upointer
83 7c 24 1c 00                cmpl  $0x0, 0x1c(%esp)
75 d8                         jnz 0x804897a
e8 a0 70 00 00                calll  0x804fa30
e8 4a 8d ff ff                calll  0x8048780
8b 1c 24                      movl  (%esp), %ebx
c3                            retl  
81 c3 ca 95 08 00             add $0x895ca, %ebx
83 ec 08                      sub $0x8, %esp
8d 44 24 14                   leal  0x14(%esp), %eax
83 ec 04                      sub $0x4, %esp
50                            pushl  %eax
e8 78 06 03 00                calll  0x80800d0
89 e5                         mov %esp, %ebp
53                            pushl  %ebx
e8 a5 86 fc ff                calll  0x8048780
8b 1c 24                      movl  (%esp), %ebx
c3                            retl  
81 c3 25 8f 05 00             add $0x58f25, %ebx
81 ec ec 04 00 00             sub $0x4ec, %esp
8b 45 10                      movl  0x10(%ebp), %eax
upointer
83 7c 24 1c 00                cmpl  $0x0, 0x1c(%esp)
75 d8                         jnz 0x804897a
e8 a0 70 00 00                calll  0x804fa30
e8 4a 8d ff ff                calll  0x8048780
8b 1c 24                      movl  (%esp), %ebx
c3                            retl  
81 c3 ca 95 08 00             add $0x895ca, %ebx
83 ec 08                      sub $0x8, %esp
8d 44 24 14                   leal  0x14(%esp), %eax
83 ec 04                      sub $0x4, %esp
50                            pushl  %eax
e8 78 06 03 00                calll  0x80800d0
89 e5                         mov %esp, %ebp
53                            pushl  %ebx
e8 a5 86 fc ff                calll  0x8048780
8b 1c 24                      movl  (%esp), %ebx
c3                            retl  
81 c3 25 8f 05 00             add $0x58f25, %ebx
81 ec ec 04 00 00             sub $0x4ec, %esp
8b 45 10                      movl  0x10(%ebp), %eax
upointer
83 7c 24 1c 00                cmpl  $0x0, 0x1c(%esp)
75 d8                         jnz 0x804897a
e8 a0 70 00 00                calll  0x804fa30
e8 4a 8d ff ff                calll  0x8048780
8b 1c 24                      movl  (%esp), %ebx
c3                            retl  
81 c3 ca 95 08 00             add $0x895ca, %ebx
83 ec 08                      sub $0x8, %esp
8d 44 24 14                   leal  0x14(%esp), %eax
83 ec 04                      sub $0x4, %esp
50                            pushl  %eax
e8 78 06 03 00                calll  0x80800d0
89 e5                         mov %esp, %ebp
53                            pushl  %ebx
e8 a5 86 fc ff                calll  0x8048780
8b 1c 24                      movl  (%esp), %ebx
c3                            retl  
81 c3 25 8f 05 00             add $0x58f25, %ebx
81 ec ec 04 00 00             sub $0x4ec, %esp
8b 45 10                      movl  0x10(%ebp), %eax
upointer
83 7c 24 1c 00                cmpl  $0x0, 0x1c(%esp)
75 d8                         jnz 0x804897a
e8 b2 78 00 00                calll  0x8050260
e8 a9 cc ff ff                calll  0x804cf13
8b 3c 24                      movl  (%esp), %edi
c3                            retl  
81 c7 96 8d 08 00             add $0x88d96, %edi
83 ec 1c                      sub $0x1c, %esp
75 3d                         jnz 0x80502c8
74 28                         jz 0x80502c4
74 01                         jz 0x80502ac
74 07                         jz 0x80502b8
73 4c                         jnb 0x8050320
75 27                         jnz 0x805030f
75 1e                         jnz 0x805030f
74 01                         jz 0x8050303
74 07                         jz 0x805030f
c3                            retl  
e8 b2 fe ff ff                calll  0x8048874
89 e5                         mov %esp, %ebp
upointer
8b 44 24 14                   movl  0x14(%esp), %eax
89 04 24                      movl  %eax, (%esp)
8b 45 08                      movl  0x8(%ebp), %eax
89 44 24 1c                   movl  %eax, 0x1c(%esp)
83 7c 24 1c 00                cmpl  $0x0, 0x1c(%esp)
75 d8                         jnz 0x80489c8
8b 44 24 1c                   movl  0x1c(%esp), %eax
e8 52 70 00 00                calll  0x804fa30
e8 4a 8d ff ff                calll  0x8048780
8b 1c 24                      movl  (%esp), %ebx
c3                            retl  
81 c3 ca 95 08 00             add $0x895ca, %ebx
83 ec 08                      sub $0x8, %esp
8d 44 24 14                   leal  0x14(%esp), %eax
83 ec 04                      sub $0x4, %esp
50                            pushl  %eax
e8 78 06 03 00                calll  0x80800d0
89 e5                         mov %esp, %ebp
53                            pushl  %ebx
e8 a5 86 fc ff                calll  0x8048780
upointer
83 7c 24 1c 00                cmpl  $0x0, 0x1c(%esp)
75 d8                         jnz 0x80489c8
e8 52 70 00 00                calll  0x804fa30
e8 4a 8d ff ff                calll  0x8048780
8b 1c 24                      movl  (%esp), %ebx
c3                            retl  
81 c3 ca 95 08 00             add $0x895ca, %ebx
83 ec 08                      sub $0x8, %esp
8d 44 24 14                   leal  0x14(%esp), %eax
83 ec 04                      sub $0x4, %esp
50                            pushl  %eax
e8 78 06 03 00                calll  0x80800d0
89 e5                         mov %esp, %ebp
53                            pushl  %ebx
e8 a5 86 fc ff                calll  0x8048780
8b 1c 24                      movl  (%esp), %ebx
c3                            retl  
81 c3 25 8f 05 00             add $0x58f25, %ebx
81 ec ec 04 00 00             sub $0x4ec, %esp
8b 45 10                      movl  0x10(%ebp), %eax
upointer
83 7c 24 1c 00                cmpl  $0x0, 0x1c(%esp)
75 d8                         jnz 0x80489c8
e8 52 70 00 00                calll  0x804fa30
e8 4a 8d ff ff                calll  0x8048780
8b 1c 24                      movl  (%esp), %ebx
c3                            retl  
81 c3 ca 95 08 00             add $0x895ca, %ebx
83 ec 08                      sub $0x8, %esp
8d 44 24 14                   leal  0x14(%esp), %eax
83 ec 04                      sub $0x4, %esp
50                            pushl  %eax
e8 78 06 03 00                calll  0x80800d0
89 e5                         mov %esp, %ebp
53                            pushl  %ebx
e8 a5 86 fc ff                calll  0x8048780
8b 1c 24                      movl  (%esp), %ebx
c3                            retl  
81 c3 25 8f 05 00             add $0x58f25, %ebx
81 ec ec 04 00 00             sub $0x4ec, %esp
8b 45 10                      movl  0x10(%ebp), %eax
upointer
83 7c 24 1c 00                cmpl  $0x0, 0x1c(%esp)
75 d8                         jnz 0x80489c8
e8 52 70 00 00                calll  0x804fa30
e8 4a 8d ff ff                calll  0x8048780
8b 1c 24                      movl  (%esp), %ebx
c3                            retl  
81 c3 ca 95 08 00             add $0x895ca, %ebx
83 ec 08                      sub $0x8, %esp
8d 44 24 14                   leal  0x14(%esp), %eax
83 ec 04                      sub $0x4, %esp
50                            pushl  %eax
e8 78 06 03 00                calll  0x80800d0
89 e5                         mov %esp, %ebp
53                            pushl  %ebx
e8 a5 86 fc ff                calll  0x8048780
8b 1c 24                      movl  (%esp), %ebx
c3                            retl  
81 c3 25 8f 05 00             add $0x58f25, %ebx
81 ec ec 04 00 00             sub $0x4ec, %esp
8b 45 10                      movl  0x10(%ebp), %eax
upointer
83 7c 24 1c 00                cmpl  $0x0, 0x1c(%esp)
75 d8                         jnz 0x80489c8
e8 52 70 00 00                calll  0x804fa30
e8 4a 8d ff ff                calll  0x8048780
8b 1c 24                      movl  (%esp), %ebx
c3                            retl  
81 c3 ca 95 08 00             add $0x895ca, %ebx
83 ec 08                      sub $0x8, %esp
8d 44 24 14                   leal  0x14(%esp), %eax
83 ec 04                      sub $0x4, %esp
50                            pushl  %eax
e8 78 06 03 00                calll  0x80800d0
89 e5                         mov %esp, %ebp
53                            pushl  %ebx
e8 a5 86 fc ff                calll  0x8048780
8b 1c 24                      movl  (%esp), %ebx
c3                            retl  
81 c3 25 8f 05 00             add $0x58f25, %ebx
81 ec ec 04 00 00             sub $0x4ec, %esp
8b 45 10                      movl  0x10(%ebp), %eax
upointer
83 7c 24 1c 00                cmpl  $0x0, 0x1c(%esp)
75 d8                         jnz 0x80489c8
e8 64 78 00 00                calll  0x8050260
e8 a9 cc ff ff                calll  0x804cf13
8b 3c 24                      movl  (%esp), %edi
c3                            retl  
81 c7 96 8d 08 00             add $0x88d96, %edi
83 ec 1c                      sub $0x1c, %esp
75 3d                         jnz 0x80502c8
74 28                         jz 0x80502c4
74 01                         jz 0x80502ac
74 07                         jz 0x80502b8
73 4c                         jnb 0x8050320
75 27                         jnz 0x805030f
75 1e                         jnz 0x805030f
74 01                         jz 0x8050303
74 07                         jz 0x805030f
c3                            retl  
e8 64 fe ff ff                calll  0x8048874
89 e5                         mov %esp, %ebp
upointer
8b 44 24 14                   movl  0x14(%esp), %eax
89 04 24                      movl  %eax, (%esp)
8b 45 08                      movl  0x8(%ebp), %eax
89 45 f8                      movl  %eax, -0x8(%ebp)
8b 45 f8                      movl  -0x8(%ebp), %eax
89 45 fc                      movl  %eax, -0x4(%ebp)
8b 45 fc                      movl  -0x4(%ebp), %eax
8b 45 08                      movl  0x8(%ebp), %eax
upointer
83 7c 24 1c 00                cmpl  $0x0, 0x1c(%esp)
75 d8                         jnz 0x8048a16
e8 04 70 00 00                calll  0x804fa30
e8 4a 8d ff ff                calll  0x8048780
8b 1c 24                      movl  (%esp), %ebx
c3                            retl  
81 c3 ca 95 08 00             add $0x895ca, %ebx
83 ec 08                      sub $0x8, %esp
8d 44 24 14                   leal  0x14(%esp), %eax
83 ec 04                      sub $0x4, %esp
50                            pushl  %eax
e8 78 06 03 00                calll  0x80800d0
89 e5                         mov %esp, %ebp
53                            pushl  %ebx
e8 a5 86 fc ff                calll  0x8048780
8b 1c 24                      movl  (%esp), %ebx
c3                            retl  
81 c3 25 8f 05 00             add $0x58f25, %ebx
81 ec ec 04 00 00             sub $0x4ec, %esp
8b 45 10                      movl  0x10(%ebp), %eax
upointer
83 7c 24 1c 00                cmpl  $0x0, 0x1c(%esp)
75 d8                         jnz 0x8048a16
e8 04 70 00 00                calll  0x804fa30
e8 4a 8d ff ff                calll  0x8048780
8b 1c 24                      movl  (%esp), %ebx
c3                            retl  
81 c3 ca 95 08 00             add $0x895ca, %ebx
83 ec 08                      sub $0x8, %esp
8d 44 24 14                   leal  0x14(%esp), %eax
83 ec 04                      sub $0x4, %esp
50                            pushl  %eax
e8 78 06 03 00                calll  0x80800d0
89 e5                         mov %esp, %ebp
53                            pushl  %ebx
e8 a5 86 fc ff                calll  0x8048780
8b 1c 24                      movl  (%esp), %ebx
c3                            retl  
81 c3 25 8f 05 00             add $0x58f25, %ebx
81 ec ec 04 00 00             sub $0x4ec, %esp
8b 45 10                      movl  0x10(%ebp), %eax
upointer
83 7c 24 1c 00                cmpl  $0x0, 0x1c(%esp)
75 d8                         jnz 0x8048a16
e8 04 70 00 00                calll  0x804fa30
e8 4a 8d ff ff                calll  0x8048780
8b 1c 24                      movl  (%esp), %ebx
c3                            retl  
81 c3 ca 95 08 00             add $0x895ca, %ebx
83 ec 08                      sub $0x8, %esp
8d 44 24 14                   leal  0x14(%esp), %eax
83 ec 04                      sub $0x4, %esp
50                            pushl  %eax
e8 78 06 03 00                calll  0x80800d0
89 e5                         mov %esp, %ebp
53                            pushl  %ebx
e8 a5 86 fc ff                calll  0x8048780
8b 1c 24                      movl  (%esp), %ebx
c3                            retl  
81 c3 25 8f 05 00             add $0x58f25, %ebx
81 ec ec 04 00 00             sub $0x4ec, %esp
8b 45 10                      movl  0x10(%ebp), %eax
upointer
83 7c 24 1c 00                cmpl  $0x0, 0x1c(%esp)
75 d8                         jnz 0x8048a16
e8 16 78 00 00                calll  0x8050260
e8 a9 cc ff ff                calll  0x804cf13
8b 3c 24                      movl  (%esp), %edi
c3                            retl  
81 c7 96 8d 08 00             add $0x88d96, %edi
83 ec 1c                      sub $0x1c, %esp
75 3d                         jnz 0x80502c8
74 28                         jz 0x80502c4
74 01                         jz 0x80502ac
74 07                         jz 0x80502b8
73 4c                         jnb 0x8050320
75 27                         jnz 0x805030f
75 1e                         jnz 0x805030f
74 01                         jz 0x8050303
74 07                         jz 0x805030f
c3                            retl  
