int
3b 45 f4                      cmpl  -0xc(%ebp), %eax
0f 8f 3b ff ff ff             jnle 0x80488c3
7e 43                         jle 0x804894e
eb 27                         jmp 0x8048975
0f 8f 3b ff ff ff             jnle 0x80488c3
7e 43                         jle 0x804894e
eb 27                         jmp 0x8048975
0f 8f 3b ff ff ff             jnle 0x80488c3
7e 43                         jle 0x804894e
eb 27                         jmp 0x8048975
0f 8f 3b ff ff ff             jnle 0x80488c3
7e 43                         jle 0x804894e
eb 27                         jmp 0x8048975
0f 8f 3b ff ff ff             jnle 0x80488c3
7e 43                         jle 0x804894e
eb 27                         jmp 0x8048975
0f 8f 3b ff ff ff             jnle 0x80488c3
int
83 45 f4 01                   addl  $0x1, -0xc(%ebp)
3b 45 f4                      cmpl  -0xc(%ebp), %eax
0f 8f 3b ff ff ff             jnle 0x80488c3
8b 45 f4                      movl  -0xc(%ebp), %eax
05 fe ff ff 3f                add $0x3ffffffe, %eax
8b 45 f4                      movl  -0xc(%ebp), %eax
05 fe ff ff 3f                add $0x3ffffffe, %eax
8b 45 f4                      movl  -0xc(%ebp), %eax
05 ff ff ff 3f                add $0x3fffffff, %eax
7e 43                         jle 0x804894e
8b 45 f4                      movl  -0xc(%ebp), %eax
8b 55 f4                      movl  -0xc(%ebp), %edx
81 c2 fe ff ff 3f             add $0x3ffffffe, %edx
8b 55 f4                      movl  -0xc(%ebp), %edx
81 c2 fe ff ff 3f             add $0x3ffffffe, %edx
eb 27                         jmp 0x8048975
83 45 f4 01                   addl  $0x1, -0xc(%ebp)
3b 45 f4                      cmpl  -0xc(%ebp), %eax
0f 8f 3b ff ff ff             jnle 0x80488c3
8b 45 f4                      movl  -0xc(%ebp), %eax
int
3b 45 f4                      cmpl  -0xc(%ebp), %eax
0f 8f 3b ff ff ff             jnle 0x80488c3
7e 43                         jle 0x804894e
eb 27                         jmp 0x8048975
0f 8f 3b ff ff ff             jnle 0x80488c3
7e 43                         jle 0x804894e
eb 27                         jmp 0x8048975
0f 8f 3b ff ff ff             jnle 0x80488c3
7e 43                         jle 0x804894e
eb 27                         jmp 0x8048975
0f 8f 3b ff ff ff             jnle 0x80488c3
7e 43                         jle 0x804894e
eb 27                         jmp 0x8048975
0f 8f 3b ff ff ff             jnle 0x80488c3
int
83 45 f4 01                   addl  $0x1, -0xc(%ebp)
3b 45 f4                      cmpl  -0xc(%ebp), %eax
0f 8f 3b ff ff ff             jnle 0x80488c3
8b 45 f4                      movl  -0xc(%ebp), %eax
05 fe ff ff 3f                add $0x3ffffffe, %eax
8b 45 f4                      movl  -0xc(%ebp), %eax
05 fe ff ff 3f                add $0x3ffffffe, %eax
8b 45 f4                      movl  -0xc(%ebp), %eax
05 ff ff ff 3f                add $0x3fffffff, %eax
7e 43                         jle 0x804894e
8b 45 f4                      movl  -0xc(%ebp), %eax
8b 55 f4                      movl  -0xc(%ebp), %edx
81 c2 fe ff ff 3f             add $0x3ffffffe, %edx
8b 55 f4                      movl  -0xc(%ebp), %edx
81 c2 fe ff ff 3f             add $0x3ffffffe, %edx
eb 27                         jmp 0x8048975
83 45 f4 01                   addl  $0x1, -0xc(%ebp)
3b 45 f4                      cmpl  -0xc(%ebp), %eax
0f 8f 3b ff ff ff             jnle 0x80488c3
8b 45 f4                      movl  -0xc(%ebp), %eax
int
3b 45 f4                      cmpl  -0xc(%ebp), %eax
0f 8f 3b ff ff ff             jnle 0x80488c3
7e 43                         jle 0x804894e
eb 27                         jmp 0x8048975
0f 8f 3b ff ff ff             jnle 0x80488c3
7e 43                         jle 0x804894e
eb 27                         jmp 0x8048975
0f 8f 3b ff ff ff             jnle 0x80488c3
7e 43                         jle 0x804894e
eb 27                         jmp 0x8048975
0f 8f 3b ff ff ff             jnle 0x80488c3
int
83 45 f4 01                   addl  $0x1, -0xc(%ebp)
3b 45 f4                      cmpl  -0xc(%ebp), %eax
0f 8f 3b ff ff ff             jnle 0x80488c3
8b 45 f4                      movl  -0xc(%ebp), %eax
05 fe ff ff 3f                add $0x3ffffffe, %eax
8b 45 f4                      movl  -0xc(%ebp), %eax
05 fe ff ff 3f                add $0x3ffffffe, %eax
8b 45 f4                      movl  -0xc(%ebp), %eax
05 ff ff ff 3f                add $0x3fffffff, %eax
7e 43                         jle 0x804894e
8b 45 f4                      movl  -0xc(%ebp), %eax
8b 55 f4                      movl  -0xc(%ebp), %edx
81 c2 fe ff ff 3f             add $0x3ffffffe, %edx
8b 55 f4                      movl  -0xc(%ebp), %edx
81 c2 fe ff ff 3f             add $0x3ffffffe, %edx
eb 27                         jmp 0x8048975
83 45 f4 01                   addl  $0x1, -0xc(%ebp)
3b 45 f4                      cmpl  -0xc(%ebp), %eax
0f 8f 3b ff ff ff             jnle 0x80488c3
8b 45 f4                      movl  -0xc(%ebp), %eax
int
3b 45 f4                      cmpl  -0xc(%ebp), %eax
0f 8f 3b ff ff ff             jnle 0x80488c3
7e 43                         jle 0x804894e
eb 27                         jmp 0x8048975
0f 8f 3b ff ff ff             jnle 0x80488c3
7e 43                         jle 0x804894e
eb 27                         jmp 0x8048975
0f 8f 3b ff ff ff             jnle 0x80488c3
int
83 45 f4 01                   addl  $0x1, -0xc(%ebp)
3b 45 f4                      cmpl  -0xc(%ebp), %eax
0f 8f 3b ff ff ff             jnle 0x80488c3
8b 45 f4                      movl  -0xc(%ebp), %eax
05 fe ff ff 3f                add $0x3ffffffe, %eax
8b 45 f4                      movl  -0xc(%ebp), %eax
05 fe ff ff 3f                add $0x3ffffffe, %eax
8b 45 f4                      movl  -0xc(%ebp), %eax
05 ff ff ff 3f                add $0x3fffffff, %eax
7e 43                         jle 0x804894e
8b 45 f4                      movl  -0xc(%ebp), %eax
8b 55 f4                      movl  -0xc(%ebp), %edx
81 c2 fe ff ff 3f             add $0x3ffffffe, %edx
8b 55 f4                      movl  -0xc(%ebp), %edx
81 c2 fe ff ff 3f             add $0x3ffffffe, %edx
eb 27                         jmp 0x8048975
83 45 f4 01                   addl  $0x1, -0xc(%ebp)
3b 45 f4                      cmpl  -0xc(%ebp), %eax
0f 8f 3b ff ff ff             jnle 0x80488c3
int
3b 45 f4                      cmpl  -0xc(%ebp), %eax
0f 8f 3b ff ff ff             jnle 0x80488c3
7e 43                         jle 0x804894e
eb 27                         jmp 0x8048975
0f 8f 3b ff ff ff             jnle 0x80488c3
