int
3b 45 f0                      cmpl  -0x10(%ebp), %eax
0f 8c 31 ff ff ff             jl 0x8048928
74 1e                         jz 0x8048955
74 0f                         jz 0x8048955
75 1f                         jnz 0x8048974
75 0a                         jnz 0x8048985
e9 85 00 00 00                jmp 0x8048a0a
upointer
8b 45 e8                      movl  -0x18(%ebp), %eax
85 c0                         test %eax, %eax
75 0a                         jnz 0x8048985
e9 85 00 00 00                jmp 0x8048a0a
89 44 24 04                   movl  %eax, 0x4(%esp)
8b 00                         movl  (%eax), %eax
99                            cdq 
89 c6                         mov %eax, %esi
31 d0                         xor %edx, %eax
c1 ee 1f                      shr $0x1f, %esi
29 d0                         sub %edx, %eax
89 b5 5c fb ff ff             movl  %esi, -0x4a4(%ebp)
89 85 20 fb ff ff             movl  %eax, -0x4e0(%ebp)
50                            pushl  %eax
8b 4c 24 10                   movl  0x10(%esp), %ecx
89 c8                         mov %ecx, %eax
01 c0                         add %eax, %eax
29 c1                         sub %eax, %ecx
8b b5 20 fb ff ff             movl  -0x4e0(%ebp), %esi
85 f6                         test %esi, %esi
