int
8b 44 24 18                   movl  0x18(%esp), %eax
89 44 24 08                   movl  %eax, 0x8(%esp)
8b 45 10                      movl  0x10(%ebp), %eax
89 04 24                      movl  %eax, (%esp)
8b 74 24 30                   movl  0x30(%esp), %esi
89 f0                         mov %esi, %eax
89 f5                         mov %esi, %ebp
09 c8                         or %ecx, %eax
0f af e9                      imul %ecx, %ebp
3d ff ff 00 00                cmp $0xffff, %eax
76 08                         jbe 0x805cdf2
0f 85 d0 01 00 00             jnz 0x805cfd0
0f 84 22 02 00 00             jz 0x805d030
0f 85 34 02 00 00             jnz 0x805d050
89 ea                         mov %ebp, %edx
e8 d1 d6 ff ff                calll  0x805a510
55                            pushl  %ebp
8d 4a 13                      leal  0x13(%edx), %ecx
56                            pushl  %esi
e8 da ef fe ff                calll  0x80494f6
int
8b 44 24 1c                   movl  0x1c(%esp), %eax
89 44 24 04                   movl  %eax, 0x4(%esp)
83 7d 0c 00                   cmpl  $0x0, 0xc(%ebp)
74 0c                         jz 0x80489e9
75 0a                         jnz 0x80489f3
8b 45 0c                      movl  0xc(%ebp), %eax
89 04 24                      movl  %eax, (%esp)
e8 b3 43 01 00                calll  0x805cdc0
e8 b7 b9 fe ff                calll  0x8048780
8b 1c 24                      movl  (%esp), %ebx
c3                            retl  
81 c3 37 c2 07 00             add $0x7c237, %ebx
83 ec 1c                      sub $0x1c, %esp
8b 74 24 30                   movl  0x30(%esp), %esi
89 f0                         mov %esi, %eax
89 f5                         mov %esi, %ebp
09 c8                         or %ecx, %eax
0f af e9                      imul %ecx, %ebp
3d ff ff 00 00                cmp $0xffff, %eax
76 08                         jbe 0x805cdf2
upointer
8b 44 24 14                   movl  0x14(%esp), %eax
89 04 24                      movl  %eax, (%esp)
83 7d 08 00                   cmpl  $0x0, 0x8(%ebp)
74 12                         jz 0x80489e9
74 0c                         jz 0x80489e9
8b 45 08                      movl  0x8(%ebp), %eax
75 0a                         jnz 0x80489f3
e8 b3 43 01 00                calll  0x805cdc0
e8 b7 b9 fe ff                calll  0x8048780
8b 1c 24                      movl  (%esp), %ebx
c3                            retl  
81 c3 37 c2 07 00             add $0x7c237, %ebx
83 ec 1c                      sub $0x1c, %esp
76 08                         jbe 0x805cdf2
0f 85 d0 01 00 00             jnz 0x805cfd0
0f 84 22 02 00 00             jz 0x805d030
0f 85 34 02 00 00             jnz 0x805d050
8d bb 20 05 00 00             leal  0x520(%ebx), %edi
89 f8                         mov %edi, %eax
e8 d1 d6 ff ff                calll  0x805a510
int
83 45 f4 01                   addl  $0x1, -0xc(%ebp)
8b 45 f4                      movl  -0xc(%ebp), %eax
8b 45 f4                      movl  -0xc(%ebp), %eax
83 45 f4 01                   addl  $0x1, -0xc(%ebp)
8b 45 f4                      movl  -0xc(%ebp), %eax
8b 45 f4                      movl  -0xc(%ebp), %eax
83 45 f4 01                   addl  $0x1, -0xc(%ebp)
8b 45 f4                      movl  -0xc(%ebp), %eax
int
83 45 f4 01                   addl  $0x1, -0xc(%ebp)
8b 45 f4                      movl  -0xc(%ebp), %eax
8b 45 f4                      movl  -0xc(%ebp), %eax
83 45 f4 01                   addl  $0x1, -0xc(%ebp)
8b 45 f4                      movl  -0xc(%ebp), %eax
int
83 45 ec 01                   addl  $0x1, -0x14(%ebp)
8b 45 ec                      movl  -0x14(%ebp), %eax
89 44 24 04                   movl  %eax, 0x4(%esp)
8b 00                         movl  (%eax), %eax
99                            cdq 
89 c6                         mov %eax, %esi
31 d0                         xor %edx, %eax
c1 ee 1f                      shr $0x1f, %esi
29 d0                         sub %edx, %eax
89 b5 5c fb ff ff             movl  %esi, -0x4a4(%ebp)
89 85 20 fb ff ff             movl  %eax, -0x4e0(%ebp)
50                            pushl  %eax
8b 4c 24 10                   movl  0x10(%esp), %ecx
89 c8                         mov %ecx, %eax
01 c0                         add %eax, %eax
29 c1                         sub %eax, %ecx
8b b5 20 fb ff ff             movl  -0x4e0(%ebp), %esi
85 f6                         test %esi, %esi
0f 84 42 0d 00 00             jz 0x80816a8
75 1f                         jnz 0x8080998
int
8b 45 f0                      movl  -0x10(%ebp), %eax
89 44 24 0c                   movl  %eax, 0xc(%esp)
83 7d 14 00                   cmpl  $0x0, 0x14(%ebp)
0f 88 2e 01 00 00             js 0x80489c8
8b 45 14                      movl  0x14(%ebp), %eax
0f 8d 22 01 00 00             jnl 0x80489c8
8b 45 14                      movl  0x14(%ebp), %eax
01 d0                         add %edx, %eax
0f 84 fe 00 00 00             jz 0x80489c8
8b 45 14                      movl  0x14(%ebp), %eax
01 d0                         add %edx, %eax
8b 45 14                      movl  0x14(%ebp), %eax
01 d0                         add %edx, %eax
0f 85 c4 00 00 00             jnz 0x80489c8
8b 45 14                      movl  0x14(%ebp), %eax
8d 50 ff                      leal  -0x1(%eax), %edx
89 54 24 0c                   movl  %edx, 0xc(%esp)
e8 3f ff ff ff                calll  0x8048874
0f 88 44 01 00 00             js 0x80489c8
0f 8d 38 01 00 00             jnl 0x80489c8
int
8b 45 f4                      movl  -0xc(%ebp), %eax
89 44 24 08                   movl  %eax, 0x8(%esp)
83 7d 10 00                   cmpl  $0x0, 0x10(%ebp)
0f 88 44 01 00 00             js 0x80489c8
8b 45 10                      movl  0x10(%ebp), %eax
0f 8d 38 01 00 00             jnl 0x80489c8
0f 88 2e 01 00 00             js 0x80489c8
0f 8d 22 01 00 00             jnl 0x80489c8
8b 45 10                      movl  0x10(%ebp), %eax
0f 84 fe 00 00 00             jz 0x80489c8
8b 45 10                      movl  0x10(%ebp), %eax
8b 45 10                      movl  0x10(%ebp), %eax
0f 85 c4 00 00 00             jnz 0x80489c8
8b 45 10                      movl  0x10(%ebp), %eax
89 44 24 08                   movl  %eax, 0x8(%esp)
e8 3f ff ff ff                calll  0x8048874
83 7d 10 00                   cmpl  $0x0, 0x10(%ebp)
0f 88 44 01 00 00             js 0x80489c8
8b 45 10                      movl  0x10(%ebp), %eax
0f 8d 38 01 00 00             jnl 0x80489c8
upointer
8b 45 e8                      movl  -0x18(%ebp), %eax
89 44 24 04                   movl  %eax, 0x4(%esp)
8b 45 0c                      movl  0xc(%ebp), %eax
01 d0                         add %edx, %eax
8b 45 0c                      movl  0xc(%ebp), %eax
01 d0                         add %edx, %eax
8b 45 0c                      movl  0xc(%ebp), %eax
89 44 24 04                   movl  %eax, 0x4(%esp)
8b 45 0c                      movl  0xc(%ebp), %eax
89 44 24 04                   movl  %eax, 0x4(%esp)
8b 45 0c                      movl  0xc(%ebp), %eax
01 d0                         add %edx, %eax
8b 45 0c                      movl  0xc(%ebp), %eax
01 d0                         add %edx, %eax
8b 45 0c                      movl  0xc(%ebp), %eax
89 44 24 04                   movl  %eax, 0x4(%esp)
8b 45 0c                      movl  0xc(%ebp), %eax
01 d0                         add %edx, %eax
8b 45 0c                      movl  0xc(%ebp), %eax
89 44 24 04                   movl  %eax, 0x4(%esp)
int
83 45 f0 01                   addl  $0x1, -0x10(%ebp)
8b 45 f0                      movl  -0x10(%ebp), %eax
8b 45 f0                      movl  -0x10(%ebp), %eax
01 d0                         add %edx, %eax
83 45 f0 01                   addl  $0x1, -0x10(%ebp)
8b 45 f0                      movl  -0x10(%ebp), %eax
8b 45 f0                      movl  -0x10(%ebp), %eax
01 d0                         add %edx, %eax
83 45 f0 01                   addl  $0x1, -0x10(%ebp)
8b 45 f0                      movl  -0x10(%ebp), %eax
int
83 45 f0 01                   addl  $0x1, -0x10(%ebp)
8b 45 f0                      movl  -0x10(%ebp), %eax
8b 45 f0                      movl  -0x10(%ebp), %eax
01 d0                         add %edx, %eax
83 45 f0 01                   addl  $0x1, -0x10(%ebp)
8b 45 f0                      movl  -0x10(%ebp), %eax
int
83 45 f4 01                   addl  $0x1, -0xc(%ebp)
8b 45 f4                      movl  -0xc(%ebp), %eax
8b 45 f4                      movl  -0xc(%ebp), %eax
8b 45 f4                      movl  -0xc(%ebp), %eax
8b 45 f4                      movl  -0xc(%ebp), %eax
83 45 f4 01                   addl  $0x1, -0xc(%ebp)
8b 45 f4                      movl  -0xc(%ebp), %eax
8b 45 f4                      movl  -0xc(%ebp), %eax
8b 45 f4                      movl  -0xc(%ebp), %eax
8b 45 f4                      movl  -0xc(%ebp), %eax
83 45 f4 01                   addl  $0x1, -0xc(%ebp)
8b 45 f4                      movl  -0xc(%ebp), %eax
int
83 45 f0 01                   addl  $0x1, -0x10(%ebp)
8b 45 f0                      movl  -0x10(%ebp), %eax
8b 45 f0                      movl  -0x10(%ebp), %eax
01 d0                         add %edx, %eax
83 45 f0 01                   addl  $0x1, -0x10(%ebp)
8b 45 f0                      movl  -0x10(%ebp), %eax
8b 45 f0                      movl  -0x10(%ebp), %eax
01 d0                         add %edx, %eax
83 45 f0 01                   addl  $0x1, -0x10(%ebp)
8b 45 f0                      movl  -0x10(%ebp), %eax
int
83 45 f0 01                   addl  $0x1, -0x10(%ebp)
8b 45 f0                      movl  -0x10(%ebp), %eax
8b 45 f0                      movl  -0x10(%ebp), %eax
01 d0                         add %edx, %eax
83 45 f0 01                   addl  $0x1, -0x10(%ebp)
8b 45 f0                      movl  -0x10(%ebp), %eax
int
83 45 f4 01                   addl  $0x1, -0xc(%ebp)
8b 45 f4                      movl  -0xc(%ebp), %eax
8b 45 f4                      movl  -0xc(%ebp), %eax
8b 45 f4                      movl  -0xc(%ebp), %eax
8b 45 f4                      movl  -0xc(%ebp), %eax
83 45 f4 01                   addl  $0x1, -0xc(%ebp)
8b 45 f4                      movl  -0xc(%ebp), %eax
int
83 45 f0 01                   addl  $0x1, -0x10(%ebp)
8b 45 f0                      movl  -0x10(%ebp), %eax
8b 45 f0                      movl  -0x10(%ebp), %eax
01 d0                         add %edx, %eax
83 45 f0 01                   addl  $0x1, -0x10(%ebp)
8b 45 f0                      movl  -0x10(%ebp), %eax
8b 45 f0                      movl  -0x10(%ebp), %eax
01 d0                         add %edx, %eax
83 45 f0 01                   addl  $0x1, -0x10(%ebp)
8b 45 f0                      movl  -0x10(%ebp), %eax
int
83 45 f0 01                   addl  $0x1, -0x10(%ebp)
8b 45 f0                      movl  -0x10(%ebp), %eax
8b 45 f0                      movl  -0x10(%ebp), %eax
01 d0                         add %edx, %eax
83 45 f0 01                   addl  $0x1, -0x10(%ebp)
8b 45 f0                      movl  -0x10(%ebp), %eax
int
8b 45 ec                      movl  -0x14(%ebp), %eax
89 44 24 04                   movl  %eax, 0x4(%esp)
8b 00                         movl  (%eax), %eax
99                            cdq 
89 c6                         mov %eax, %esi
31 d0                         xor %edx, %eax
c1 ee 1f                      shr $0x1f, %esi
29 d0                         sub %edx, %eax
89 b5 5c fb ff ff             movl  %esi, -0x4a4(%ebp)
89 85 20 fb ff ff             movl  %eax, -0x4e0(%ebp)
50                            pushl  %eax
8b 4c 24 10                   movl  0x10(%esp), %ecx
89 c8                         mov %ecx, %eax
01 c0                         add %eax, %eax
29 c1                         sub %eax, %ecx
8b b5 20 fb ff ff             movl  -0x4e0(%ebp), %esi
85 f6                         test %esi, %esi
0f 84 42 0d 00 00             jz 0x80816a8
75 1f                         jnz 0x8080998
0f 85 0c 0d 00 00             jnz 0x80816ca
