int
8b 45 f0                      movl  -0x10(%ebp), %eax
29 c2                         sub %eax, %edx
89 d0                         mov %edx, %eax
85 c0                         test %eax, %eax
7e 28                         jle 0x804891f
7e 1a                         jle 0x804891f
int
8b 55 e8                      movl  -0x18(%ebp), %edx
29 c2                         sub %eax, %edx
89 d0                         mov %edx, %eax
85 c0                         test %eax, %eax
7e 28                         jle 0x804891f
7e 1a                         jle 0x804891f
int
8b 45 ec                      movl  -0x14(%ebp), %eax
29 c2                         sub %eax, %edx
89 d0                         mov %edx, %eax
85 c0                         test %eax, %eax
7e 1a                         jle 0x804891f
int
8b 55 e4                      movl  -0x1c(%ebp), %edx
29 c2                         sub %eax, %edx
89 d0                         mov %edx, %eax
85 c0                         test %eax, %eax
7e 1a                         jle 0x804891f
int
8b 45 f0                      movl  -0x10(%ebp), %eax
29 c1                         sub %eax, %ecx
0f af c1                      imul %ecx, %eax
89 45 fc                      movl  %eax, -0x4(%ebp)
2b 45 fc                      subl  -0x4(%ebp), %eax
89 44 24 04                   movl  %eax, 0x4(%esp)
8b 00                         movl  (%eax), %eax
99                            cdq 
89 c6                         mov %eax, %esi
31 d0                         xor %edx, %eax
c1 ee 1f                      shr $0x1f, %esi
29 d0                         sub %edx, %eax
89 b5 5c fb ff ff             movl  %esi, -0x4a4(%ebp)
89 85 20 fb ff ff             movl  %eax, -0x4e0(%ebp)
50                            pushl  %eax
8b 4c 24 10                   movl  0x10(%esp), %ecx
89 c8                         mov %ecx, %eax
01 c0                         add %eax, %eax
29 c1                         sub %eax, %ecx
8b b5 20 fb ff ff             movl  -0x4e0(%ebp), %esi
int
8b 55 e8                      movl  -0x18(%ebp), %edx
89 d1                         mov %edx, %ecx
29 c1                         sub %eax, %ecx
0f af c1                      imul %ecx, %eax
89 45 fc                      movl  %eax, -0x4(%ebp)
2b 45 fc                      subl  -0x4(%ebp), %eax
89 44 24 04                   movl  %eax, 0x4(%esp)
8b 00                         movl  (%eax), %eax
99                            cdq 
89 c6                         mov %eax, %esi
31 d0                         xor %edx, %eax
c1 ee 1f                      shr $0x1f, %esi
29 d0                         sub %edx, %eax
89 b5 5c fb ff ff             movl  %esi, -0x4a4(%ebp)
89 85 20 fb ff ff             movl  %eax, -0x4e0(%ebp)
50                            pushl  %eax
8b 4c 24 10                   movl  0x10(%esp), %ecx
89 c8                         mov %ecx, %eax
01 c0                         add %eax, %eax
29 c1                         sub %eax, %ecx
int
8b 45 ec                      movl  -0x14(%ebp), %eax
29 c2                         sub %eax, %edx
89 d0                         mov %edx, %eax
0f af c1                      imul %ecx, %eax
89 45 fc                      movl  %eax, -0x4(%ebp)
2b 45 fc                      subl  -0x4(%ebp), %eax
89 44 24 04                   movl  %eax, 0x4(%esp)
8b 00                         movl  (%eax), %eax
99                            cdq 
89 c6                         mov %eax, %esi
31 d0                         xor %edx, %eax
c1 ee 1f                      shr $0x1f, %esi
29 d0                         sub %edx, %eax
89 b5 5c fb ff ff             movl  %esi, -0x4a4(%ebp)
89 85 20 fb ff ff             movl  %eax, -0x4e0(%ebp)
50                            pushl  %eax
8b 4c 24 10                   movl  0x10(%esp), %ecx
89 c8                         mov %ecx, %eax
01 c0                         add %eax, %eax
29 c1                         sub %eax, %ecx
int
8b 55 e4                      movl  -0x1c(%ebp), %edx
29 c2                         sub %eax, %edx
89 d0                         mov %edx, %eax
0f af c1                      imul %ecx, %eax
89 45 fc                      movl  %eax, -0x4(%ebp)
2b 45 fc                      subl  -0x4(%ebp), %eax
89 44 24 04                   movl  %eax, 0x4(%esp)
8b 00                         movl  (%eax), %eax
99                            cdq 
89 c6                         mov %eax, %esi
31 d0                         xor %edx, %eax
c1 ee 1f                      shr $0x1f, %esi
29 d0                         sub %edx, %eax
89 b5 5c fb ff ff             movl  %esi, -0x4a4(%ebp)
89 85 20 fb ff ff             movl  %eax, -0x4e0(%ebp)
50                            pushl  %eax
8b 4c 24 10                   movl  0x10(%esp), %ecx
89 c8                         mov %ecx, %eax
01 c0                         add %eax, %eax
29 c1                         sub %eax, %ecx
int
2b 45 fc                      subl  -0x4(%ebp), %eax
89 44 24 04                   movl  %eax, 0x4(%esp)
8b 00                         movl  (%eax), %eax
99                            cdq 
89 c6                         mov %eax, %esi
31 d0                         xor %edx, %eax
c1 ee 1f                      shr $0x1f, %esi
29 d0                         sub %edx, %eax
89 b5 5c fb ff ff             movl  %esi, -0x4a4(%ebp)
89 85 20 fb ff ff             movl  %eax, -0x4e0(%ebp)
50                            pushl  %eax
8b 4c 24 10                   movl  0x10(%esp), %ecx
89 c8                         mov %ecx, %eax
01 c0                         add %eax, %eax
29 c1                         sub %eax, %ecx
8b b5 20 fb ff ff             movl  -0x4e0(%ebp), %esi
85 f6                         test %esi, %esi
0f 84 42 0d 00 00             jz 0x80814b8
75 1f                         jnz 0x80807a8
0f 85 0c 0d 00 00             jnz 0x80814da
