upointer
8b 45 f4                      movl  -0xc(%ebp), %eax
89 44 24 1c                   movl  %eax, 0x1c(%esp)
8b 44 24 1c                   movl  0x1c(%esp), %eax
89 44 24 2c                   movl  %eax, 0x2c(%esp)
8b 54 24 2c                   movl  0x2c(%esp), %edx
8b 44 24 2c                   movl  0x2c(%esp), %eax
8b 44 24 1c                   movl  0x1c(%esp), %eax
89 44 24 2c                   movl  %eax, 0x2c(%esp)
83 7c 24 2c 00                cmpl  $0x0, 0x2c(%esp)
75 d8                         jnz 0x8048a82
8b 44 24 2c                   movl  0x2c(%esp), %eax
e8 58 70 00 00                calll  0x804faf0
e8 8a 8c ff ff                calll  0x8048780
8b 1c 24                      movl  (%esp), %ebx
c3                            retl  
81 c3 0a 95 08 00             add $0x8950a, %ebx
83 ec 08                      sub $0x8, %esp
8d 44 24 14                   leal  0x14(%esp), %eax
83 ec 04                      sub $0x4, %esp
50                            pushl  %eax
upointer
8b 44 24 1c                   movl  0x1c(%esp), %eax
89 44 24 2c                   movl  %eax, 0x2c(%esp)
8b 54 24 2c                   movl  0x2c(%esp), %edx
8b 44 24 2c                   movl  0x2c(%esp), %eax
int
3b 44 24 24                   cmpl  0x24(%esp), %eax
7e d3                         jle 0x8048a4b
e8 1d fe ff ff                calll  0x8048874
e8 ea 3a 01 00                calll  0x805c370
e8 08 c4 fe ff                calll  0x8048780
8b 1c 24                      movl  (%esp), %ebx
c3                            retl  
81 c3 88 cc 07 00             add $0x7cc88, %ebx
83 ec 10                      sub $0x10, %esp
0f 85 6d 01 00 00             jnz 0x805c500
0f 87 a9 00 00 00             jnbe 0x805c448
e9 50 ff ff ff                jmp 0x805c3a6
0f 82 72 01 00 00             jb 0x805c520
0f 85 6a 01 00 00             jnz 0x805c520
0f 84 95 00 00 00             jz 0x805c460
0f 82 c9 00 00 00             jb 0x805c4a0
0f 84 29 ff ff ff             jz 0x805c3d7
0f 85 53 01 00 00             jnz 0x805c538
8d 83 20 05 00 00             leal  0x520(%ebx), %eax
e8 5e e2 ff ff                calll  0x805a650
int
8b 44 24 28                   movl  0x28(%esp), %eax
89 04 24                      movl  %eax, (%esp)
8b 55 08                      movl  0x8(%ebp), %edx
89 10                         movl  %edx, (%eax)
8b 00                         movl  (%eax), %eax
89 44 24 04                   movl  %eax, 0x4(%esp)
8b 00                         movl  (%eax), %eax
99                            cdq 
89 c6                         mov %eax, %esi
31 d0                         xor %edx, %eax
c1 ee 1f                      shr $0x1f, %esi
29 d0                         sub %edx, %eax
89 b5 5c fb ff ff             movl  %esi, -0x4a4(%ebp)
89 85 20 fb ff ff             movl  %eax, -0x4e0(%ebp)
50                            pushl  %eax
8b 4c 24 10                   movl  0x10(%esp), %ecx
89 c8                         mov %ecx, %eax
01 c0                         add %eax, %eax
29 c1                         sub %eax, %ecx
8b b5 20 fb ff ff             movl  -0x4e0(%ebp), %esi
upointer
8b 45 f4                      movl  -0xc(%ebp), %eax
89 42 04                      movl  %eax, 0x4(%edx)
8b 40 04                      movl  0x4(%eax), %eax
89 44 24 2c                   movl  %eax, 0x2c(%esp)
8b 54 24 2c                   movl  0x2c(%esp), %edx
8b 44 24 2c                   movl  0x2c(%esp), %eax
8b 40 04                      movl  0x4(%eax), %eax
89 44 24 2c                   movl  %eax, 0x2c(%esp)
83 7c 24 2c 00                cmpl  $0x0, 0x2c(%esp)
75 d8                         jnz 0x8048a82
8b 44 24 2c                   movl  0x2c(%esp), %eax
e8 58 70 00 00                calll  0x804faf0
e8 8a 8c ff ff                calll  0x8048780
8b 1c 24                      movl  (%esp), %ebx
c3                            retl  
81 c3 0a 95 08 00             add $0x8950a, %ebx
83 ec 08                      sub $0x8, %esp
8d 44 24 14                   leal  0x14(%esp), %eax
83 ec 04                      sub $0x4, %esp
50                            pushl  %eax
int
83 44 24 28 01                addl  $0x1, 0x28(%esp)
8b 44 24 28                   movl  0x28(%esp), %eax
8b 44 24 28                   movl  0x28(%esp), %eax
89 04 24                      movl  %eax, (%esp)
8b 55 08                      movl  0x8(%ebp), %edx
89 10                         movl  %edx, (%eax)
83 44 24 28 01                addl  $0x1, 0x28(%esp)
8b 44 24 28                   movl  0x28(%esp), %eax
8b 44 24 28                   movl  0x28(%esp), %eax
89 04 24                      movl  %eax, (%esp)
8b 55 08                      movl  0x8(%ebp), %edx
89 10                         movl  %edx, (%eax)
83 44 24 28 01                addl  $0x1, 0x28(%esp)
8b 44 24 28                   movl  0x28(%esp), %eax
8b 44 24 28                   movl  0x28(%esp), %eax
89 04 24                      movl  %eax, (%esp)
8b 55 08                      movl  0x8(%ebp), %edx
89 10                         movl  %edx, (%eax)
83 44 24 28 01                addl  $0x1, 0x28(%esp)
8b 44 24 28                   movl  0x28(%esp), %eax
int
3b 44 24 24                   cmpl  0x24(%esp), %eax
7e d3                         jle 0x8048a4b
e8 1d fe ff ff                calll  0x8048874
e8 ea 3a 01 00                calll  0x805c370
e8 08 c4 fe ff                calll  0x8048780
8b 1c 24                      movl  (%esp), %ebx
c3                            retl  
81 c3 88 cc 07 00             add $0x7cc88, %ebx
83 ec 10                      sub $0x10, %esp
0f 85 6d 01 00 00             jnz 0x805c500
0f 87 a9 00 00 00             jnbe 0x805c448
e9 50 ff ff ff                jmp 0x805c3a6
0f 82 72 01 00 00             jb 0x805c520
0f 85 6a 01 00 00             jnz 0x805c520
0f 84 95 00 00 00             jz 0x805c460
0f 82 c9 00 00 00             jb 0x805c4a0
0f 84 29 ff ff ff             jz 0x805c3d7
0f 85 53 01 00 00             jnz 0x805c538
8d 83 20 05 00 00             leal  0x520(%ebx), %eax
e8 5e e2 ff ff                calll  0x805a650
int
8b 44 24 28                   movl  0x28(%esp), %eax
89 04 24                      movl  %eax, (%esp)
8b 55 08                      movl  0x8(%ebp), %edx
89 10                         movl  %edx, (%eax)
8b 00                         movl  (%eax), %eax
89 44 24 04                   movl  %eax, 0x4(%esp)
8b 00                         movl  (%eax), %eax
99                            cdq 
89 c6                         mov %eax, %esi
31 d0                         xor %edx, %eax
c1 ee 1f                      shr $0x1f, %esi
29 d0                         sub %edx, %eax
89 b5 5c fb ff ff             movl  %esi, -0x4a4(%ebp)
89 85 20 fb ff ff             movl  %eax, -0x4e0(%ebp)
50                            pushl  %eax
8b 4c 24 10                   movl  0x10(%esp), %ecx
89 c8                         mov %ecx, %eax
01 c0                         add %eax, %eax
29 c1                         sub %eax, %ecx
8b b5 20 fb ff ff             movl  -0x4e0(%ebp), %esi
upointer
8b 45 f4                      movl  -0xc(%ebp), %eax
89 42 04                      movl  %eax, 0x4(%edx)
8b 40 04                      movl  0x4(%eax), %eax
89 44 24 2c                   movl  %eax, 0x2c(%esp)
8b 54 24 2c                   movl  0x2c(%esp), %edx
8b 44 24 2c                   movl  0x2c(%esp), %eax
8b 40 04                      movl  0x4(%eax), %eax
89 44 24 2c                   movl  %eax, 0x2c(%esp)
83 7c 24 2c 00                cmpl  $0x0, 0x2c(%esp)
75 d8                         jnz 0x8048a82
8b 44 24 2c                   movl  0x2c(%esp), %eax
e8 58 70 00 00                calll  0x804faf0
e8 8a 8c ff ff                calll  0x8048780
8b 1c 24                      movl  (%esp), %ebx
c3                            retl  
81 c3 0a 95 08 00             add $0x8950a, %ebx
83 ec 08                      sub $0x8, %esp
8d 44 24 14                   leal  0x14(%esp), %eax
83 ec 04                      sub $0x4, %esp
50                            pushl  %eax
int
83 44 24 28 01                addl  $0x1, 0x28(%esp)
8b 44 24 28                   movl  0x28(%esp), %eax
8b 44 24 28                   movl  0x28(%esp), %eax
89 04 24                      movl  %eax, (%esp)
8b 55 08                      movl  0x8(%ebp), %edx
89 10                         movl  %edx, (%eax)
83 44 24 28 01                addl  $0x1, 0x28(%esp)
8b 44 24 28                   movl  0x28(%esp), %eax
8b 44 24 28                   movl  0x28(%esp), %eax
89 04 24                      movl  %eax, (%esp)
8b 55 08                      movl  0x8(%ebp), %edx
89 10                         movl  %edx, (%eax)
83 44 24 28 01                addl  $0x1, 0x28(%esp)
8b 44 24 28                   movl  0x28(%esp), %eax
8b 00                         movl  (%eax), %eax
89 44 24 04                   movl  %eax, 0x4(%esp)
8b 00                         movl  (%eax), %eax
99                            cdq 
89 c6                         mov %eax, %esi
31 d0                         xor %edx, %eax
int
3b 44 24 24                   cmpl  0x24(%esp), %eax
7e d3                         jle 0x8048a4b
e8 1d fe ff ff                calll  0x8048874
e8 ea 3a 01 00                calll  0x805c370
e8 08 c4 fe ff                calll  0x8048780
8b 1c 24                      movl  (%esp), %ebx
c3                            retl  
81 c3 88 cc 07 00             add $0x7cc88, %ebx
83 ec 10                      sub $0x10, %esp
0f 85 6d 01 00 00             jnz 0x805c500
0f 87 a9 00 00 00             jnbe 0x805c448
e9 50 ff ff ff                jmp 0x805c3a6
0f 82 72 01 00 00             jb 0x805c520
0f 85 6a 01 00 00             jnz 0x805c520
0f 84 95 00 00 00             jz 0x805c460
0f 82 c9 00 00 00             jb 0x805c4a0
0f 84 29 ff ff ff             jz 0x805c3d7
0f 85 53 01 00 00             jnz 0x805c538
8d 83 20 05 00 00             leal  0x520(%ebx), %eax
e8 5e e2 ff ff                calll  0x805a650
int
8b 44 24 28                   movl  0x28(%esp), %eax
89 04 24                      movl  %eax, (%esp)
8b 55 08                      movl  0x8(%ebp), %edx
89 10                         movl  %edx, (%eax)
8b 00                         movl  (%eax), %eax
89 44 24 04                   movl  %eax, 0x4(%esp)
8b 00                         movl  (%eax), %eax
99                            cdq 
89 c6                         mov %eax, %esi
31 d0                         xor %edx, %eax
c1 ee 1f                      shr $0x1f, %esi
29 d0                         sub %edx, %eax
89 b5 5c fb ff ff             movl  %esi, -0x4a4(%ebp)
89 85 20 fb ff ff             movl  %eax, -0x4e0(%ebp)
50                            pushl  %eax
8b 4c 24 10                   movl  0x10(%esp), %ecx
89 c8                         mov %ecx, %eax
01 c0                         add %eax, %eax
29 c1                         sub %eax, %ecx
8b b5 20 fb ff ff             movl  -0x4e0(%ebp), %esi
upointer
8b 45 f4                      movl  -0xc(%ebp), %eax
89 42 04                      movl  %eax, 0x4(%edx)
8b 40 04                      movl  0x4(%eax), %eax
89 44 24 2c                   movl  %eax, 0x2c(%esp)
8b 54 24 2c                   movl  0x2c(%esp), %edx
8b 44 24 2c                   movl  0x2c(%esp), %eax
8b 40 04                      movl  0x4(%eax), %eax
89 44 24 2c                   movl  %eax, 0x2c(%esp)
83 7c 24 2c 00                cmpl  $0x0, 0x2c(%esp)
75 d8                         jnz 0x8048a82
8b 44 24 2c                   movl  0x2c(%esp), %eax
e8 58 70 00 00                calll  0x804faf0
e8 8a 8c ff ff                calll  0x8048780
8b 1c 24                      movl  (%esp), %ebx
c3                            retl  
81 c3 0a 95 08 00             add $0x8950a, %ebx
83 ec 08                      sub $0x8, %esp
8d 44 24 14                   leal  0x14(%esp), %eax
83 ec 04                      sub $0x4, %esp
50                            pushl  %eax
int
83 44 24 28 01                addl  $0x1, 0x28(%esp)
8b 44 24 28                   movl  0x28(%esp), %eax
8b 44 24 28                   movl  0x28(%esp), %eax
89 04 24                      movl  %eax, (%esp)
8b 55 08                      movl  0x8(%ebp), %edx
89 10                         movl  %edx, (%eax)
83 44 24 28 01                addl  $0x1, 0x28(%esp)
8b 44 24 28                   movl  0x28(%esp), %eax
8b 00                         movl  (%eax), %eax
89 44 24 04                   movl  %eax, 0x4(%esp)
8b 00                         movl  (%eax), %eax
99                            cdq 
89 c6                         mov %eax, %esi
31 d0                         xor %edx, %eax
c1 ee 1f                      shr $0x1f, %esi
29 d0                         sub %edx, %eax
89 b5 5c fb ff ff             movl  %esi, -0x4a4(%ebp)
89 85 20 fb ff ff             movl  %eax, -0x4e0(%ebp)
50                            pushl  %eax
8b 4c 24 10                   movl  0x10(%esp), %ecx
int
3b 44 24 24                   cmpl  0x24(%esp), %eax
7e d3                         jle 0x8048a4b
e8 1d fe ff ff                calll  0x8048874
e8 ea 3a 01 00                calll  0x805c370
e8 08 c4 fe ff                calll  0x8048780
8b 1c 24                      movl  (%esp), %ebx
c3                            retl  
81 c3 88 cc 07 00             add $0x7cc88, %ebx
83 ec 10                      sub $0x10, %esp
0f 85 6d 01 00 00             jnz 0x805c500
0f 87 a9 00 00 00             jnbe 0x805c448
e9 50 ff ff ff                jmp 0x805c3a6
0f 82 72 01 00 00             jb 0x805c520
0f 85 6a 01 00 00             jnz 0x805c520
0f 84 95 00 00 00             jz 0x805c460
0f 82 c9 00 00 00             jb 0x805c4a0
0f 84 29 ff ff ff             jz 0x805c3d7
0f 85 53 01 00 00             jnz 0x805c538
8d 83 20 05 00 00             leal  0x520(%ebx), %eax
e8 5e e2 ff ff                calll  0x805a650
int
8b 44 24 28                   movl  0x28(%esp), %eax
89 04 24                      movl  %eax, (%esp)
8b 55 08                      movl  0x8(%ebp), %edx
89 10                         movl  %edx, (%eax)
8b 00                         movl  (%eax), %eax
89 44 24 04                   movl  %eax, 0x4(%esp)
8b 00                         movl  (%eax), %eax
99                            cdq 
89 c6                         mov %eax, %esi
31 d0                         xor %edx, %eax
c1 ee 1f                      shr $0x1f, %esi
29 d0                         sub %edx, %eax
89 b5 5c fb ff ff             movl  %esi, -0x4a4(%ebp)
89 85 20 fb ff ff             movl  %eax, -0x4e0(%ebp)
50                            pushl  %eax
8b 4c 24 10                   movl  0x10(%esp), %ecx
89 c8                         mov %ecx, %eax
01 c0                         add %eax, %eax
29 c1                         sub %eax, %ecx
8b b5 20 fb ff ff             movl  -0x4e0(%ebp), %esi
upointer
8b 45 f4                      movl  -0xc(%ebp), %eax
89 42 04                      movl  %eax, 0x4(%edx)
8b 40 04                      movl  0x4(%eax), %eax
89 44 24 2c                   movl  %eax, 0x2c(%esp)
8b 40 04                      movl  0x4(%eax), %eax
89 44 24 2c                   movl  %eax, 0x2c(%esp)
83 7c 24 2c 00                cmpl  $0x0, 0x2c(%esp)
75 d8                         jnz 0x8048a82
8b 44 24 2c                   movl  0x2c(%esp), %eax
e8 58 70 00 00                calll  0x804faf0
e8 8a 8c ff ff                calll  0x8048780
8b 1c 24                      movl  (%esp), %ebx
c3                            retl  
81 c3 0a 95 08 00             add $0x8950a, %ebx
83 ec 08                      sub $0x8, %esp
8d 44 24 14                   leal  0x14(%esp), %eax
83 ec 04                      sub $0x4, %esp
50                            pushl  %eax
e8 08 07 03 00                calll  0x8080220
89 e5                         mov %esp, %ebp
int
3b 44 24 24                   cmpl  0x24(%esp), %eax
7e d3                         jle 0x8048a4b
eb 21                         jmp 0x8048aa3
75 d8                         jnz 0x8048a82
e8 58 70 00 00                calll  0x804faf0
e8 8a 8c ff ff                calll  0x8048780
8b 1c 24                      movl  (%esp), %ebx
c3                            retl  
81 c3 0a 95 08 00             add $0x8950a, %ebx
83 ec 08                      sub $0x8, %esp
8d 44 24 14                   leal  0x14(%esp), %eax
83 ec 04                      sub $0x4, %esp
50                            pushl  %eax
e8 08 07 03 00                calll  0x8080220
89 e5                         mov %esp, %ebp
53                            pushl  %ebx
e8 55 85 fc ff                calll  0x8048780
8b 1c 24                      movl  (%esp), %ebx
c3                            retl  
81 c3 d5 8d 05 00             add $0x58dd5, %ebx
upointer
8b 44 24 1c                   movl  0x1c(%esp), %eax
89 44 24 2c                   movl  %eax, 0x2c(%esp)
83 7c 24 2c 00                cmpl  $0x0, 0x2c(%esp)
75 d8                         jnz 0x8048a82
8b 44 24 2c                   movl  0x2c(%esp), %eax
e8 58 70 00 00                calll  0x804faf0
e8 8a 8c ff ff                calll  0x8048780
8b 1c 24                      movl  (%esp), %ebx
c3                            retl  
81 c3 0a 95 08 00             add $0x8950a, %ebx
83 ec 08                      sub $0x8, %esp
8d 44 24 14                   leal  0x14(%esp), %eax
83 ec 04                      sub $0x4, %esp
50                            pushl  %eax
e8 08 07 03 00                calll  0x8080220
89 e5                         mov %esp, %ebp
53                            pushl  %ebx
e8 55 85 fc ff                calll  0x8048780
8b 1c 24                      movl  (%esp), %ebx
c3                            retl  
upointer
83 7c 24 2c 00                cmpl  $0x0, 0x2c(%esp)
75 d8                         jnz 0x8048a82
e8 58 70 00 00                calll  0x804faf0
e8 8a 8c ff ff                calll  0x8048780
8b 1c 24                      movl  (%esp), %ebx
c3                            retl  
81 c3 0a 95 08 00             add $0x8950a, %ebx
83 ec 08                      sub $0x8, %esp
8d 44 24 14                   leal  0x14(%esp), %eax
83 ec 04                      sub $0x4, %esp
50                            pushl  %eax
e8 08 07 03 00                calll  0x8080220
89 e5                         mov %esp, %ebp
53                            pushl  %ebx
e8 55 85 fc ff                calll  0x8048780
8b 1c 24                      movl  (%esp), %ebx
c3                            retl  
81 c3 d5 8d 05 00             add $0x58dd5, %ebx
81 ec ec 04 00 00             sub $0x4ec, %esp
8b 45 10                      movl  0x10(%ebp), %eax
upointer
83 7c 24 2c 00                cmpl  $0x0, 0x2c(%esp)
75 d8                         jnz 0x8048a82
e8 58 70 00 00                calll  0x804faf0
e8 8a 8c ff ff                calll  0x8048780
8b 1c 24                      movl  (%esp), %ebx
c3                            retl  
81 c3 0a 95 08 00             add $0x8950a, %ebx
83 ec 08                      sub $0x8, %esp
8d 44 24 14                   leal  0x14(%esp), %eax
83 ec 04                      sub $0x4, %esp
50                            pushl  %eax
e8 08 07 03 00                calll  0x8080220
89 e5                         mov %esp, %ebp
53                            pushl  %ebx
e8 55 85 fc ff                calll  0x8048780
8b 1c 24                      movl  (%esp), %ebx
c3                            retl  
81 c3 d5 8d 05 00             add $0x58dd5, %ebx
81 ec ec 04 00 00             sub $0x4ec, %esp
8b 45 10                      movl  0x10(%ebp), %eax
upointer
83 7c 24 2c 00                cmpl  $0x0, 0x2c(%esp)
75 d8                         jnz 0x8048a82
e8 58 70 00 00                calll  0x804faf0
e8 8a 8c ff ff                calll  0x8048780
8b 1c 24                      movl  (%esp), %ebx
c3                            retl  
81 c3 0a 95 08 00             add $0x8950a, %ebx
83 ec 08                      sub $0x8, %esp
8d 44 24 14                   leal  0x14(%esp), %eax
83 ec 04                      sub $0x4, %esp
50                            pushl  %eax
e8 08 07 03 00                calll  0x8080220
89 e5                         mov %esp, %ebp
53                            pushl  %ebx
e8 55 85 fc ff                calll  0x8048780
8b 1c 24                      movl  (%esp), %ebx
c3                            retl  
81 c3 d5 8d 05 00             add $0x58dd5, %ebx
81 ec ec 04 00 00             sub $0x4ec, %esp
8b 45 10                      movl  0x10(%ebp), %eax
upointer
83 7c 24 2c 00                cmpl  $0x0, 0x2c(%esp)
75 d8                         jnz 0x8048a82
e8 58 70 00 00                calll  0x804faf0
e8 8a 8c ff ff                calll  0x8048780
8b 1c 24                      movl  (%esp), %ebx
c3                            retl  
81 c3 0a 95 08 00             add $0x8950a, %ebx
83 ec 08                      sub $0x8, %esp
8d 44 24 14                   leal  0x14(%esp), %eax
83 ec 04                      sub $0x4, %esp
50                            pushl  %eax
e8 08 07 03 00                calll  0x8080220
89 e5                         mov %esp, %ebp
53                            pushl  %ebx
e8 55 85 fc ff                calll  0x8048780
8b 1c 24                      movl  (%esp), %ebx
c3                            retl  
81 c3 d5 8d 05 00             add $0x58dd5, %ebx
81 ec ec 04 00 00             sub $0x4ec, %esp
8b 45 10                      movl  0x10(%ebp), %eax
upointer
83 7c 24 2c 00                cmpl  $0x0, 0x2c(%esp)
75 d8                         jnz 0x8048a82
e8 58 70 00 00                calll  0x804faf0
e8 8a 8c ff ff                calll  0x8048780
8b 1c 24                      movl  (%esp), %ebx
c3                            retl  
81 c3 0a 95 08 00             add $0x8950a, %ebx
83 ec 08                      sub $0x8, %esp
8d 44 24 14                   leal  0x14(%esp), %eax
83 ec 04                      sub $0x4, %esp
50                            pushl  %eax
e8 08 07 03 00                calll  0x8080220
89 e5                         mov %esp, %ebp
53                            pushl  %ebx
e8 55 85 fc ff                calll  0x8048780
8b 1c 24                      movl  (%esp), %ebx
c3                            retl  
81 c3 d5 8d 05 00             add $0x58dd5, %ebx
81 ec ec 04 00 00             sub $0x4ec, %esp
8b 45 10                      movl  0x10(%ebp), %eax
upointer
83 7c 24 2c 00                cmpl  $0x0, 0x2c(%esp)
75 d8                         jnz 0x8048a82
e8 6a 78 00 00                calll  0x8050320
e8 a8 cc ff ff                calll  0x804cfd3
8b 3c 24                      movl  (%esp), %edi
c3                            retl  
81 c7 d5 8c 08 00             add $0x88cd5, %edi
83 ec 28                      sub $0x28, %esp
89 fb                         mov %edi, %ebx
e8 22 b1 01 00                calll  0x806b460
74 24                         jz 0x806b491
7a 17                         jp 0x806b486
0f 84 9f 00 00 00             jz 0x806b516
0f 84 96 00 00 00             jz 0x806b516
74 0b                         jz 0x806b491
0f 84 88 00 00 00             jz 0x806b516
73 58                         jnb 0x806b4f9
75 4e                         jnz 0x806b4f9
74 0f                         jz 0x806b516
c3                            retl  
int
8b 44 24 20                   movl  0x20(%esp), %eax
89 44 24 04                   movl  %eax, 0x4(%esp)
83 7d 0c 01                   cmpl  $0x1, 0xc(%ebp)
7e 06                         jle 0x80488b2
75 08                         jnz 0x80488ba
eb 0d                         jmp 0x80488f6
75 ed                         jnz 0x80488e9
75 ed                         jnz 0x80488e9
75 ed                         jnz 0x80488e9
75 ed                         jnz 0x80488e9
75 ed                         jnz 0x80488e9
75 ed                         jnz 0x80488e9
8b 45 0c                      movl  0xc(%ebp), %eax
7e 08                         jle 0x804890c
e9 ea 00 00 00                jmp 0x8048a01
0f 85 0c ff ff ff             jnz 0x8048917
8b 45 0c                      movl  0xc(%ebp), %eax
83 e8 01                      sub $0x1, %eax
89 45 e4                      movl  %eax, -0x1c(%ebp)
eb 0d                         jmp 0x8048935
upointer
8b 44 24 1c                   movl  0x1c(%esp), %eax
89 04 24                      movl  %eax, (%esp)
83 7d 08 00                   cmpl  $0x0, 0x8(%ebp)
75 08                         jnz 0x80488ba
8b 45 08                      movl  0x8(%ebp), %eax
89 45 fc                      movl  %eax, -0x4(%ebp)
eb 0d                         jmp 0x80488f6
83 7d fc 00                   cmpl  $0x0, -0x4(%ebp)
75 ed                         jnz 0x80488e9
8b 45 fc                      movl  -0x4(%ebp), %eax
75 ed                         jnz 0x80488e9
75 ed                         jnz 0x80488e9
75 ed                         jnz 0x80488e9
75 ed                         jnz 0x80488e9
75 ed                         jnz 0x80488e9
7e 08                         jle 0x804890c
8b 45 08                      movl  0x8(%ebp), %eax
89 45 fc                      movl  %eax, -0x4(%ebp)
e9 ea 00 00 00                jmp 0x8048a01
83 7d fc 00                   cmpl  $0x0, -0x4(%ebp)
upointer
83 7d fc 00                   cmpl  $0x0, -0x4(%ebp)
75 ed                         jnz 0x80488e9
75 ed                         jnz 0x80488e9
75 ed                         jnz 0x80488e9
75 ed                         jnz 0x80488e9
75 ed                         jnz 0x80488e9
75 ed                         jnz 0x80488e9
7e 08                         jle 0x804890c
e9 ea 00 00 00                jmp 0x8048a01
0f 85 0c ff ff ff             jnz 0x8048917
eb 0d                         jmp 0x8048935
74 06                         jz 0x8048941
75 e7                         jnz 0x8048928
74 06                         jz 0x8048941
75 e7                         jnz 0x8048928
74 06                         jz 0x8048941
75 e7                         jnz 0x8048928
75 05                         jnz 0x804894c
eb 0d                         jmp 0x804896d
74 06                         jz 0x8048979
int
83 45 e8 01                   addl  $0x1, -0x18(%ebp)
83 45 e8 01                   addl  $0x1, -0x18(%ebp)
83 45 e8 01                   addl  $0x1, -0x18(%ebp)
83 45 e8 01                   addl  $0x1, -0x18(%ebp)
83 45 e8 01                   addl  $0x1, -0x18(%ebp)
3b 45 e8                      cmpl  -0x18(%ebp), %eax
7e 08                         jle 0x804890c
e9 ea 00 00 00                jmp 0x8048a01
0f 85 0c ff ff ff             jnz 0x8048917
eb 0d                         jmp 0x8048935
74 06                         jz 0x8048941
75 e7                         jnz 0x8048928
74 06                         jz 0x8048941
75 e7                         jnz 0x8048928
74 06                         jz 0x8048941
75 e7                         jnz 0x8048928
75 05                         jnz 0x804894c
eb 0d                         jmp 0x804896d
74 06                         jz 0x8048979
75 e7                         jnz 0x8048960
upointer
83 7d fc 00                   cmpl  $0x0, -0x4(%ebp)
75 ed                         jnz 0x80488e9
75 ed                         jnz 0x80488e9
75 ed                         jnz 0x80488e9
75 ed                         jnz 0x80488e9
75 ed                         jnz 0x80488e9
7e 08                         jle 0x804890c
e9 ea 00 00 00                jmp 0x8048a01
0f 85 0c ff ff ff             jnz 0x8048917
eb 0d                         jmp 0x8048935
74 06                         jz 0x8048941
75 e7                         jnz 0x8048928
74 06                         jz 0x8048941
75 e7                         jnz 0x8048928
74 06                         jz 0x8048941
75 e7                         jnz 0x8048928
75 05                         jnz 0x804894c
eb 0d                         jmp 0x804896d
74 06                         jz 0x8048979
75 e7                         jnz 0x8048960
int
83 45 e8 01                   addl  $0x1, -0x18(%ebp)
83 45 e8 01                   addl  $0x1, -0x18(%ebp)
83 45 e8 01                   addl  $0x1, -0x18(%ebp)
83 45 e8 01                   addl  $0x1, -0x18(%ebp)
3b 45 e8                      cmpl  -0x18(%ebp), %eax
7e 08                         jle 0x804890c
e9 ea 00 00 00                jmp 0x8048a01
0f 85 0c ff ff ff             jnz 0x8048917
eb 0d                         jmp 0x8048935
74 06                         jz 0x8048941
75 e7                         jnz 0x8048928
74 06                         jz 0x8048941
75 e7                         jnz 0x8048928
74 06                         jz 0x8048941
75 e7                         jnz 0x8048928
75 05                         jnz 0x804894c
eb 0d                         jmp 0x804896d
74 06                         jz 0x8048979
75 e7                         jnz 0x8048960
74 06                         jz 0x8048979
upointer
83 7d fc 00                   cmpl  $0x0, -0x4(%ebp)
75 ed                         jnz 0x80488e9
75 ed                         jnz 0x80488e9
75 ed                         jnz 0x80488e9
75 ed                         jnz 0x80488e9
7e 08                         jle 0x804890c
e9 ea 00 00 00                jmp 0x8048a01
0f 85 0c ff ff ff             jnz 0x8048917
eb 0d                         jmp 0x8048935
74 06                         jz 0x8048941
75 e7                         jnz 0x8048928
74 06                         jz 0x8048941
75 e7                         jnz 0x8048928
74 06                         jz 0x8048941
75 e7                         jnz 0x8048928
75 05                         jnz 0x804894c
eb 0d                         jmp 0x804896d
74 06                         jz 0x8048979
75 e7                         jnz 0x8048960
74 06                         jz 0x8048979
int
83 45 e8 01                   addl  $0x1, -0x18(%ebp)
83 45 e8 01                   addl  $0x1, -0x18(%ebp)
83 45 e8 01                   addl  $0x1, -0x18(%ebp)
3b 45 e8                      cmpl  -0x18(%ebp), %eax
7e 08                         jle 0x804890c
e9 ea 00 00 00                jmp 0x8048a01
0f 85 0c ff ff ff             jnz 0x8048917
eb 0d                         jmp 0x8048935
74 06                         jz 0x8048941
75 e7                         jnz 0x8048928
74 06                         jz 0x8048941
75 e7                         jnz 0x8048928
74 06                         jz 0x8048941
75 e7                         jnz 0x8048928
75 05                         jnz 0x804894c
eb 0d                         jmp 0x804896d
74 06                         jz 0x8048979
75 e7                         jnz 0x8048960
74 06                         jz 0x8048979
75 e7                         jnz 0x8048960
upointer
83 7d fc 00                   cmpl  $0x0, -0x4(%ebp)
75 ed                         jnz 0x80488e9
75 ed                         jnz 0x80488e9
75 ed                         jnz 0x80488e9
7e 08                         jle 0x804890c
e9 ea 00 00 00                jmp 0x8048a01
0f 85 0c ff ff ff             jnz 0x8048917
eb 0d                         jmp 0x8048935
74 06                         jz 0x8048941
75 e7                         jnz 0x8048928
74 06                         jz 0x8048941
75 e7                         jnz 0x8048928
74 06                         jz 0x8048941
75 e7                         jnz 0x8048928
75 05                         jnz 0x804894c
eb 0d                         jmp 0x804896d
74 06                         jz 0x8048979
75 e7                         jnz 0x8048960
74 06                         jz 0x8048979
75 e7                         jnz 0x8048960
int
83 45 e8 01                   addl  $0x1, -0x18(%ebp)
83 45 e8 01                   addl  $0x1, -0x18(%ebp)
3b 45 e8                      cmpl  -0x18(%ebp), %eax
7e 08                         jle 0x804890c
e9 ea 00 00 00                jmp 0x8048a01
0f 85 0c ff ff ff             jnz 0x8048917
eb 0d                         jmp 0x8048935
74 06                         jz 0x8048941
75 e7                         jnz 0x8048928
74 06                         jz 0x8048941
75 e7                         jnz 0x8048928
74 06                         jz 0x8048941
75 e7                         jnz 0x8048928
75 05                         jnz 0x804894c
eb 0d                         jmp 0x804896d
74 06                         jz 0x8048979
75 e7                         jnz 0x8048960
74 06                         jz 0x8048979
75 e7                         jnz 0x8048960
74 06                         jz 0x8048979
upointer
83 7d fc 00                   cmpl  $0x0, -0x4(%ebp)
75 ed                         jnz 0x80488e9
75 ed                         jnz 0x80488e9
7e 08                         jle 0x804890c
e9 ea 00 00 00                jmp 0x8048a01
0f 85 0c ff ff ff             jnz 0x8048917
eb 0d                         jmp 0x8048935
74 06                         jz 0x8048941
75 e7                         jnz 0x8048928
74 06                         jz 0x8048941
75 e7                         jnz 0x8048928
74 06                         jz 0x8048941
75 e7                         jnz 0x8048928
75 05                         jnz 0x804894c
eb 0d                         jmp 0x804896d
74 06                         jz 0x8048979
75 e7                         jnz 0x8048960
74 06                         jz 0x8048979
75 e7                         jnz 0x8048960
74 06                         jz 0x8048979
int
83 45 e8 01                   addl  $0x1, -0x18(%ebp)
3b 45 e8                      cmpl  -0x18(%ebp), %eax
7e 08                         jle 0x804890c
e9 ea 00 00 00                jmp 0x8048a01
0f 85 0c ff ff ff             jnz 0x8048917
eb 0d                         jmp 0x8048935
74 06                         jz 0x8048941
75 e7                         jnz 0x8048928
74 06                         jz 0x8048941
75 e7                         jnz 0x8048928
74 06                         jz 0x8048941
75 e7                         jnz 0x8048928
75 05                         jnz 0x804894c
eb 0d                         jmp 0x804896d
74 06                         jz 0x8048979
75 e7                         jnz 0x8048960
74 06                         jz 0x8048979
75 e7                         jnz 0x8048960
74 06                         jz 0x8048979
75 16                         jnz 0x8048995
upointer
83 7d fc 00                   cmpl  $0x0, -0x4(%ebp)
75 ed                         jnz 0x80488e9
7e 08                         jle 0x804890c
e9 ea 00 00 00                jmp 0x8048a01
0f 85 0c ff ff ff             jnz 0x8048917
eb 0d                         jmp 0x8048935
74 06                         jz 0x8048941
75 e7                         jnz 0x8048928
74 06                         jz 0x8048941
75 e7                         jnz 0x8048928
74 06                         jz 0x8048941
75 e7                         jnz 0x8048928
75 05                         jnz 0x804894c
eb 0d                         jmp 0x804896d
74 06                         jz 0x8048979
75 e7                         jnz 0x8048960
74 06                         jz 0x8048979
75 e7                         jnz 0x8048960
74 06                         jz 0x8048979
75 16                         jnz 0x8048995
int
3b 45 e8                      cmpl  -0x18(%ebp), %eax
7e 08                         jle 0x804890c
e9 ea 00 00 00                jmp 0x8048a01
0f 85 0c ff ff ff             jnz 0x8048917
eb 0d                         jmp 0x8048935
74 06                         jz 0x8048941
75 e7                         jnz 0x8048928
74 06                         jz 0x8048941
75 e7                         jnz 0x8048928
74 06                         jz 0x8048941
75 e7                         jnz 0x8048928
75 05                         jnz 0x804894c
eb 0d                         jmp 0x804896d
74 06                         jz 0x8048979
75 e7                         jnz 0x8048960
74 06                         jz 0x8048979
75 e7                         jnz 0x8048960
74 06                         jz 0x8048979
75 16                         jnz 0x8048995
74 08                         jz 0x804898d
upointer
83 7d fc 00                   cmpl  $0x0, -0x4(%ebp)
0f 85 0c ff ff ff             jnz 0x8048917
eb 0d                         jmp 0x8048935
74 06                         jz 0x8048941
75 e7                         jnz 0x8048928
74 06                         jz 0x8048941
75 e7                         jnz 0x8048928
74 06                         jz 0x8048941
75 e7                         jnz 0x8048928
75 05                         jnz 0x804894c
eb 0d                         jmp 0x804896d
74 06                         jz 0x8048979
75 e7                         jnz 0x8048960
74 06                         jz 0x8048979
75 e7                         jnz 0x8048960
74 06                         jz 0x8048979
75 16                         jnz 0x8048995
74 08                         jz 0x804898d
eb 05                         jmp 0x8048992
eb 1e                         jmp 0x80489dc
upointer
8b 45 fc                      movl  -0x4(%ebp), %eax
89 45 f8                      movl  %eax, -0x8(%ebp)
83 7d f8 00                   cmpl  $0x0, -0x8(%ebp)
74 06                         jz 0x8048941
75 e7                         jnz 0x8048928
8b 45 f8                      movl  -0x8(%ebp), %eax
74 06                         jz 0x8048941
75 e7                         jnz 0x8048928
74 06                         jz 0x8048941
75 e7                         jnz 0x8048928
75 05                         jnz 0x804894c
eb 0d                         jmp 0x804896d
74 06                         jz 0x8048979
75 e7                         jnz 0x8048960
74 06                         jz 0x8048979
75 e7                         jnz 0x8048960
74 06                         jz 0x8048979
75 16                         jnz 0x8048995
74 08                         jz 0x804898d
eb 05                         jmp 0x8048992
upointer
83 7d f8 00                   cmpl  $0x0, -0x8(%ebp)
74 06                         jz 0x8048941
75 e7                         jnz 0x8048928
74 06                         jz 0x8048941
75 e7                         jnz 0x8048928
74 06                         jz 0x8048941
75 e7                         jnz 0x8048928
75 05                         jnz 0x804894c
eb 0d                         jmp 0x804896d
74 06                         jz 0x8048979
75 e7                         jnz 0x8048960
74 06                         jz 0x8048979
75 e7                         jnz 0x8048960
74 06                         jz 0x8048979
75 16                         jnz 0x8048995
74 08                         jz 0x804898d
eb 05                         jmp 0x8048992
eb 1e                         jmp 0x80489dc
75 dc                         jnz 0x80489be
75 dc                         jnz 0x80489be
upointer
83 7d f8 00                   cmpl  $0x0, -0x8(%ebp)
74 06                         jz 0x8048941
75 e7                         jnz 0x8048928
74 06                         jz 0x8048941
75 e7                         jnz 0x8048928
75 05                         jnz 0x804894c
eb 0d                         jmp 0x804896d
74 06                         jz 0x8048979
75 e7                         jnz 0x8048960
74 06                         jz 0x8048979
75 e7                         jnz 0x8048960
74 06                         jz 0x8048979
75 16                         jnz 0x8048995
74 08                         jz 0x804898d
eb 05                         jmp 0x8048992
eb 1e                         jmp 0x80489dc
75 dc                         jnz 0x80489be
75 dc                         jnz 0x80489be
75 dc                         jnz 0x80489be
75 dc                         jnz 0x80489be
upointer
83 7d f8 00                   cmpl  $0x0, -0x8(%ebp)
74 06                         jz 0x8048941
75 e7                         jnz 0x8048928
75 05                         jnz 0x804894c
eb 0d                         jmp 0x804896d
74 06                         jz 0x8048979
75 e7                         jnz 0x8048960
74 06                         jz 0x8048979
75 e7                         jnz 0x8048960
74 06                         jz 0x8048979
75 16                         jnz 0x8048995
74 08                         jz 0x804898d
eb 05                         jmp 0x8048992
eb 1e                         jmp 0x80489dc
75 dc                         jnz 0x80489be
75 dc                         jnz 0x80489be
75 dc                         jnz 0x80489be
75 dc                         jnz 0x80489be
74 0a                         jz 0x80489fb
0f 85 0c ff ff ff             jnz 0x8048917
upointer
83 7d f8 00                   cmpl  $0x0, -0x8(%ebp)
75 05                         jnz 0x804894c
eb 0d                         jmp 0x804896d
74 06                         jz 0x8048979
75 e7                         jnz 0x8048960
74 06                         jz 0x8048979
75 e7                         jnz 0x8048960
74 06                         jz 0x8048979
75 16                         jnz 0x8048995
74 08                         jz 0x804898d
eb 05                         jmp 0x8048992
eb 1e                         jmp 0x80489dc
75 dc                         jnz 0x80489be
75 dc                         jnz 0x80489be
75 dc                         jnz 0x80489be
75 dc                         jnz 0x80489be
74 0a                         jz 0x80489fb
0f 85 0c ff ff ff             jnz 0x8048917
eb 0d                         jmp 0x8048935
74 06                         jz 0x8048941
upointer
83 7d f4 00                   cmpl  $0x0, -0xc(%ebp)
74 06                         jz 0x8048979
75 e7                         jnz 0x8048960
74 06                         jz 0x8048979
75 e7                         jnz 0x8048960
74 06                         jz 0x8048979
75 16                         jnz 0x8048995
74 08                         jz 0x804898d
eb 05                         jmp 0x8048992
eb 1e                         jmp 0x80489dc
75 dc                         jnz 0x80489be
75 dc                         jnz 0x80489be
75 dc                         jnz 0x80489be
75 dc                         jnz 0x80489be
74 0a                         jz 0x80489fb
0f 85 0c ff ff ff             jnz 0x8048917
eb 0d                         jmp 0x8048935
74 06                         jz 0x8048941
75 e7                         jnz 0x8048928
74 06                         jz 0x8048941
upointer
83 7d f4 00                   cmpl  $0x0, -0xc(%ebp)
74 06                         jz 0x8048979
75 e7                         jnz 0x8048960
74 06                         jz 0x8048979
75 16                         jnz 0x8048995
74 08                         jz 0x804898d
eb 05                         jmp 0x8048992
eb 1e                         jmp 0x80489dc
75 dc                         jnz 0x80489be
75 dc                         jnz 0x80489be
75 dc                         jnz 0x80489be
75 dc                         jnz 0x80489be
74 0a                         jz 0x80489fb
0f 85 0c ff ff ff             jnz 0x8048917
eb 0d                         jmp 0x8048935
74 06                         jz 0x8048941
75 e7                         jnz 0x8048928
74 06                         jz 0x8048941
75 e7                         jnz 0x8048928
74 06                         jz 0x8048941
upointer
83 7d f4 00                   cmpl  $0x0, -0xc(%ebp)
74 06                         jz 0x8048979
75 16                         jnz 0x8048995
74 08                         jz 0x804898d
eb 05                         jmp 0x8048992
eb 1e                         jmp 0x80489dc
75 dc                         jnz 0x80489be
75 dc                         jnz 0x80489be
75 dc                         jnz 0x80489be
75 dc                         jnz 0x80489be
74 0a                         jz 0x80489fb
0f 85 0c ff ff ff             jnz 0x8048917
eb 0d                         jmp 0x8048935
74 06                         jz 0x8048941
75 e7                         jnz 0x8048928
74 06                         jz 0x8048941
75 e7                         jnz 0x8048928
74 06                         jz 0x8048941
75 05                         jnz 0x804894c
e9 bf 00 00 00                jmp 0x8048a0b
upointer
83 7d f4 00                   cmpl  $0x0, -0xc(%ebp)
75 16                         jnz 0x8048995
74 08                         jz 0x804898d
eb 05                         jmp 0x8048992
eb 1e                         jmp 0x80489dc
75 dc                         jnz 0x80489be
75 dc                         jnz 0x80489be
75 dc                         jnz 0x80489be
75 dc                         jnz 0x80489be
74 0a                         jz 0x80489fb
0f 85 0c ff ff ff             jnz 0x8048917
eb 0d                         jmp 0x8048935
74 06                         jz 0x8048941
75 e7                         jnz 0x8048928
74 06                         jz 0x8048941
75 e7                         jnz 0x8048928
74 06                         jz 0x8048941
75 05                         jnz 0x804894c
e9 bf 00 00 00                jmp 0x8048a0b
upointer
83 7d f8 00                   cmpl  $0x0, -0x8(%ebp)
74 08                         jz 0x804898d
eb 05                         jmp 0x8048992
eb 1e                         jmp 0x80489dc
75 dc                         jnz 0x80489be
75 dc                         jnz 0x80489be
75 dc                         jnz 0x80489be
75 dc                         jnz 0x80489be
74 0a                         jz 0x80489fb
0f 85 0c ff ff ff             jnz 0x8048917
eb 0d                         jmp 0x8048935
74 06                         jz 0x8048941
75 e7                         jnz 0x8048928
74 06                         jz 0x8048941
75 e7                         jnz 0x8048928
74 06                         jz 0x8048941
75 05                         jnz 0x804894c
e9 bf 00 00 00                jmp 0x8048a0b
upointer
8b 45 fc                      movl  -0x4(%ebp), %eax
89 45 e0                      movl  %eax, -0x20(%ebp)
83 7d e0 00                   cmpl  $0x0, -0x20(%ebp)
75 dc                         jnz 0x80489be
8b 45 e0                      movl  -0x20(%ebp), %eax
8b 45 e0                      movl  -0x20(%ebp), %eax
8b 45 e0                      movl  -0x20(%ebp), %eax
89 45 dc                      movl  %eax, -0x24(%ebp)
75 dc                         jnz 0x80489be
8b 55 dc                      movl  -0x24(%ebp), %edx
89 50 04                      movl  %edx, 0x4(%eax)
75 dc                         jnz 0x80489be
75 dc                         jnz 0x80489be
74 0a                         jz 0x80489fb
0f 85 0c ff ff ff             jnz 0x8048917
eb 0d                         jmp 0x8048935
74 06                         jz 0x8048941
75 e7                         jnz 0x8048928
74 06                         jz 0x8048941
75 e7                         jnz 0x8048928
upointer
8b 55 f4                      movl  -0xc(%ebp), %edx
89 50 04                      movl  %edx, 0x4(%eax)
8b 40 04                      movl  0x4(%eax), %eax
89 44 24 2c                   movl  %eax, 0x2c(%esp)
83 7c 24 2c 00                cmpl  $0x0, 0x2c(%esp)
75 d8                         jnz 0x8048ad8
8b 44 24 2c                   movl  0x2c(%esp), %eax
e8 02 70 00 00                calll  0x804faf0
e8 8a 8c ff ff                calll  0x8048780
8b 1c 24                      movl  (%esp), %ebx
c3                            retl  
81 c3 0a 95 08 00             add $0x8950a, %ebx
83 ec 08                      sub $0x8, %esp
8d 44 24 14                   leal  0x14(%esp), %eax
83 ec 04                      sub $0x4, %esp
50                            pushl  %eax
e8 08 07 03 00                calll  0x8080220
89 e5                         mov %esp, %ebp
53                            pushl  %ebx
e8 55 85 fc ff                calll  0x8048780
_Bool
80 7d ef 00                   cmpb  $0x0, -0x11(%ebp)
74 0a                         jz 0x80489fb
0f 85 0c ff ff ff             jnz 0x8048917
eb 0d                         jmp 0x8048935
74 06                         jz 0x8048941
75 e7                         jnz 0x8048928
74 06                         jz 0x8048941
75 e7                         jnz 0x8048928
74 06                         jz 0x8048941
75 05                         jnz 0x804894c
e9 bf 00 00 00                jmp 0x8048a0b
upointer
8b 45 f8                      movl  -0x8(%ebp), %eax
89 45 f0                      movl  %eax, -0x10(%ebp)
8b 45 f0                      movl  -0x10(%ebp), %eax
89 44 24 18                   movl  %eax, 0x18(%esp)
8b 44 24 18                   movl  0x18(%esp), %eax
89 44 24 2c                   movl  %eax, 0x2c(%esp)
83 7c 24 2c 00                cmpl  $0x0, 0x2c(%esp)
75 d8                         jnz 0x8048ad8
8b 44 24 2c                   movl  0x2c(%esp), %eax
e8 02 70 00 00                calll  0x804faf0
e8 8a 8c ff ff                calll  0x8048780
8b 1c 24                      movl  (%esp), %ebx
c3                            retl  
81 c3 0a 95 08 00             add $0x8950a, %ebx
83 ec 08                      sub $0x8, %esp
8d 44 24 14                   leal  0x14(%esp), %eax
83 ec 04                      sub $0x4, %esp
50                            pushl  %eax
e8 08 07 03 00                calll  0x8080220
89 e5                         mov %esp, %ebp
upointer
8b 45 d8                      movl  -0x28(%ebp), %eax
89 45 fc                      movl  %eax, -0x4(%ebp)
83 7d fc 00                   cmpl  $0x0, -0x4(%ebp)
0f 85 0c ff ff ff             jnz 0x8048917
8b 45 fc                      movl  -0x4(%ebp), %eax
89 45 f8                      movl  %eax, -0x8(%ebp)
eb 0d                         jmp 0x8048935
83 7d f8 00                   cmpl  $0x0, -0x8(%ebp)
74 06                         jz 0x8048941
75 e7                         jnz 0x8048928
8b 45 f8                      movl  -0x8(%ebp), %eax
74 06                         jz 0x8048941
75 e7                         jnz 0x8048928
74 06                         jz 0x8048941
75 05                         jnz 0x804894c
e9 bf 00 00 00                jmp 0x8048a0b
upointer
83 7d fc 00                   cmpl  $0x0, -0x4(%ebp)
0f 85 0c ff ff ff             jnz 0x8048917
eb 0d                         jmp 0x8048935
74 06                         jz 0x8048941
75 e7                         jnz 0x8048928
74 06                         jz 0x8048941
75 e7                         jnz 0x8048928
74 06                         jz 0x8048941
75 05                         jnz 0x804894c
e9 bf 00 00 00                jmp 0x8048a0b
upointer
8b 45 fc                      movl  -0x4(%ebp), %eax
89 45 f8                      movl  %eax, -0x8(%ebp)
83 7d f8 00                   cmpl  $0x0, -0x8(%ebp)
74 06                         jz 0x8048941
75 e7                         jnz 0x8048928
8b 45 f8                      movl  -0x8(%ebp), %eax
74 06                         jz 0x8048941
75 e7                         jnz 0x8048928
74 06                         jz 0x8048941
75 05                         jnz 0x804894c
e9 bf 00 00 00                jmp 0x8048a0b
upointer
83 7d f8 00                   cmpl  $0x0, -0x8(%ebp)
74 06                         jz 0x8048941
75 e7                         jnz 0x8048928
74 06                         jz 0x8048941
75 e7                         jnz 0x8048928
74 06                         jz 0x8048941
75 05                         jnz 0x804894c
e9 bf 00 00 00                jmp 0x8048a0b
upointer
83 7d f8 00                   cmpl  $0x0, -0x8(%ebp)
74 06                         jz 0x8048941
75 e7                         jnz 0x8048928
74 06                         jz 0x8048941
75 05                         jnz 0x804894c
e9 bf 00 00 00                jmp 0x8048a0b
upointer
83 7d f8 00                   cmpl  $0x0, -0x8(%ebp)
74 06                         jz 0x8048941
75 05                         jnz 0x804894c
e9 bf 00 00 00                jmp 0x8048a0b
upointer
8b 45 f0                      movl  -0x10(%ebp), %eax
89 44 24 18                   movl  %eax, 0x18(%esp)
8b 44 24 18                   movl  0x18(%esp), %eax
89 44 24 2c                   movl  %eax, 0x2c(%esp)
83 7c 24 2c 00                cmpl  $0x0, 0x2c(%esp)
75 d8                         jnz 0x8048ad8
8b 44 24 2c                   movl  0x2c(%esp), %eax
e8 02 70 00 00                calll  0x804faf0
e8 8a 8c ff ff                calll  0x8048780
8b 1c 24                      movl  (%esp), %ebx
c3                            retl  
81 c3 0a 95 08 00             add $0x8950a, %ebx
83 ec 08                      sub $0x8, %esp
8d 44 24 14                   leal  0x14(%esp), %eax
83 ec 04                      sub $0x4, %esp
50                            pushl  %eax
e8 08 07 03 00                calll  0x8080220
89 e5                         mov %esp, %ebp
53                            pushl  %ebx
e8 55 85 fc ff                calll  0x8048780
upointer
8b 44 24 18                   movl  0x18(%esp), %eax
89 44 24 2c                   movl  %eax, 0x2c(%esp)
83 7c 24 2c 00                cmpl  $0x0, 0x2c(%esp)
75 d8                         jnz 0x8048ad8
8b 44 24 2c                   movl  0x2c(%esp), %eax
e8 02 70 00 00                calll  0x804faf0
e8 8a 8c ff ff                calll  0x8048780
8b 1c 24                      movl  (%esp), %ebx
c3                            retl  
81 c3 0a 95 08 00             add $0x8950a, %ebx
83 ec 08                      sub $0x8, %esp
8d 44 24 14                   leal  0x14(%esp), %eax
83 ec 04                      sub $0x4, %esp
50                            pushl  %eax
e8 08 07 03 00                calll  0x8080220
89 e5                         mov %esp, %ebp
53                            pushl  %ebx
e8 55 85 fc ff                calll  0x8048780
8b 1c 24                      movl  (%esp), %ebx
c3                            retl  
upointer
83 7c 24 2c 00                cmpl  $0x0, 0x2c(%esp)
75 d8                         jnz 0x8048ad8
e8 02 70 00 00                calll  0x804faf0
e8 8a 8c ff ff                calll  0x8048780
8b 1c 24                      movl  (%esp), %ebx
c3                            retl  
81 c3 0a 95 08 00             add $0x8950a, %ebx
83 ec 08                      sub $0x8, %esp
8d 44 24 14                   leal  0x14(%esp), %eax
83 ec 04                      sub $0x4, %esp
50                            pushl  %eax
e8 08 07 03 00                calll  0x8080220
89 e5                         mov %esp, %ebp
53                            pushl  %ebx
e8 55 85 fc ff                calll  0x8048780
8b 1c 24                      movl  (%esp), %ebx
c3                            retl  
81 c3 d5 8d 05 00             add $0x58dd5, %ebx
81 ec ec 04 00 00             sub $0x4ec, %esp
8b 45 10                      movl  0x10(%ebp), %eax
upointer
83 7c 24 2c 00                cmpl  $0x0, 0x2c(%esp)
75 d8                         jnz 0x8048ad8
e8 02 70 00 00                calll  0x804faf0
e8 8a 8c ff ff                calll  0x8048780
8b 1c 24                      movl  (%esp), %ebx
c3                            retl  
81 c3 0a 95 08 00             add $0x8950a, %ebx
83 ec 08                      sub $0x8, %esp
8d 44 24 14                   leal  0x14(%esp), %eax
83 ec 04                      sub $0x4, %esp
50                            pushl  %eax
e8 08 07 03 00                calll  0x8080220
89 e5                         mov %esp, %ebp
53                            pushl  %ebx
e8 55 85 fc ff                calll  0x8048780
8b 1c 24                      movl  (%esp), %ebx
c3                            retl  
81 c3 d5 8d 05 00             add $0x58dd5, %ebx
81 ec ec 04 00 00             sub $0x4ec, %esp
8b 45 10                      movl  0x10(%ebp), %eax
upointer
83 7c 24 2c 00                cmpl  $0x0, 0x2c(%esp)
75 d8                         jnz 0x8048ad8
e8 02 70 00 00                calll  0x804faf0
e8 8a 8c ff ff                calll  0x8048780
8b 1c 24                      movl  (%esp), %ebx
c3                            retl  
81 c3 0a 95 08 00             add $0x8950a, %ebx
83 ec 08                      sub $0x8, %esp
8d 44 24 14                   leal  0x14(%esp), %eax
83 ec 04                      sub $0x4, %esp
50                            pushl  %eax
e8 08 07 03 00                calll  0x8080220
89 e5                         mov %esp, %ebp
53                            pushl  %ebx
e8 55 85 fc ff                calll  0x8048780
8b 1c 24                      movl  (%esp), %ebx
c3                            retl  
81 c3 d5 8d 05 00             add $0x58dd5, %ebx
81 ec ec 04 00 00             sub $0x4ec, %esp
8b 45 10                      movl  0x10(%ebp), %eax
upointer
83 7c 24 2c 00                cmpl  $0x0, 0x2c(%esp)
75 d8                         jnz 0x8048ad8
e8 02 70 00 00                calll  0x804faf0
e8 8a 8c ff ff                calll  0x8048780
8b 1c 24                      movl  (%esp), %ebx
c3                            retl  
81 c3 0a 95 08 00             add $0x8950a, %ebx
83 ec 08                      sub $0x8, %esp
8d 44 24 14                   leal  0x14(%esp), %eax
83 ec 04                      sub $0x4, %esp
50                            pushl  %eax
e8 08 07 03 00                calll  0x8080220
89 e5                         mov %esp, %ebp
53                            pushl  %ebx
e8 55 85 fc ff                calll  0x8048780
8b 1c 24                      movl  (%esp), %ebx
c3                            retl  
81 c3 d5 8d 05 00             add $0x58dd5, %ebx
81 ec ec 04 00 00             sub $0x4ec, %esp
8b 45 10                      movl  0x10(%ebp), %eax
upointer
83 7c 24 2c 00                cmpl  $0x0, 0x2c(%esp)
75 d8                         jnz 0x8048ad8
e8 02 70 00 00                calll  0x804faf0
e8 8a 8c ff ff                calll  0x8048780
8b 1c 24                      movl  (%esp), %ebx
c3                            retl  
81 c3 0a 95 08 00             add $0x8950a, %ebx
83 ec 08                      sub $0x8, %esp
8d 44 24 14                   leal  0x14(%esp), %eax
83 ec 04                      sub $0x4, %esp
50                            pushl  %eax
e8 08 07 03 00                calll  0x8080220
89 e5                         mov %esp, %ebp
53                            pushl  %ebx
e8 55 85 fc ff                calll  0x8048780
8b 1c 24                      movl  (%esp), %ebx
c3                            retl  
81 c3 d5 8d 05 00             add $0x58dd5, %ebx
81 ec ec 04 00 00             sub $0x4ec, %esp
8b 45 10                      movl  0x10(%ebp), %eax
upointer
83 7c 24 2c 00                cmpl  $0x0, 0x2c(%esp)
75 d8                         jnz 0x8048ad8
e8 14 78 00 00                calll  0x8050320
e8 a8 cc ff ff                calll  0x804cfd3
8b 3c 24                      movl  (%esp), %edi
c3                            retl  
81 c7 d5 8c 08 00             add $0x88cd5, %edi
83 ec 28                      sub $0x28, %esp
89 fb                         mov %edi, %ebx
e8 22 b1 01 00                calll  0x806b460
74 24                         jz 0x806b491
7a 17                         jp 0x806b486
0f 84 9f 00 00 00             jz 0x806b516
0f 84 96 00 00 00             jz 0x806b516
74 0b                         jz 0x806b491
0f 84 88 00 00 00             jz 0x806b516
73 58                         jnb 0x806b4f9
75 4e                         jnz 0x806b4f9
74 0f                         jz 0x806b516
c3                            retl  
