int
3b 45 f4                      cmpl  -0xc(%ebp), %eax
7c 8a                         jl 0x8048892
75 54                         jnz 0x80488fc
eb 04                         jmp 0x8048900
7c 8a                         jl 0x8048892
75 54                         jnz 0x80488fc
7c 8a                         jl 0x8048892
75 54                         jnz 0x80488fc
7c 8a                         jl 0x8048892
75 54                         jnz 0x80488fc
7c 8a                         jl 0x8048892
75 54                         jnz 0x80488fc
eb 04                         jmp 0x8048900
7c 8a                         jl 0x8048892
75 54                         jnz 0x80488fc
eb 04                         jmp 0x8048900
7c 8a                         jl 0x8048892
75 54                         jnz 0x80488fc
7c 8a                         jl 0x8048892
75 54                         jnz 0x80488fc
int
83 6d f4 01                   subl  $0x1, -0xc(%ebp)
3b 45 f4                      cmpl  -0xc(%ebp), %eax
7c 8a                         jl 0x8048892
75 54                         jnz 0x80488fc
3b 45 f4                      cmpl  -0xc(%ebp), %eax
7c 8a                         jl 0x8048892
75 54                         jnz 0x80488fc
3b 45 f4                      cmpl  -0xc(%ebp), %eax
7c 8a                         jl 0x8048892
75 54                         jnz 0x80488fc
3b 45 f4                      cmpl  -0xc(%ebp), %eax
7c 8a                         jl 0x8048892
75 54                         jnz 0x80488fc
83 6d f4 01                   subl  $0x1, -0xc(%ebp)
eb 04                         jmp 0x8048900
3b 45 f4                      cmpl  -0xc(%ebp), %eax
7c 8a                         jl 0x8048892
75 54                         jnz 0x80488fc
83 6d f4 01                   subl  $0x1, -0xc(%ebp)
eb 04                         jmp 0x8048900
int
83 6d f8 01                   subl  $0x1, -0x8(%ebp)
8b 45 f8                      movl  -0x8(%ebp), %eax
8b 45 f8                      movl  -0x8(%ebp), %eax
83 6d f8 01                   subl  $0x1, -0x8(%ebp)
8b 45 f8                      movl  -0x8(%ebp), %eax
8b 45 f8                      movl  -0x8(%ebp), %eax
83 6d f8 01                   subl  $0x1, -0x8(%ebp)
8b 45 f8                      movl  -0x8(%ebp), %eax
8b 45 f8                      movl  -0x8(%ebp), %eax
83 6d f8 01                   subl  $0x1, -0x8(%ebp)
int
3b 45 f4                      cmpl  -0xc(%ebp), %eax
7c 8a                         jl 0x8048892
75 54                         jnz 0x80488fc
7c 8a                         jl 0x8048892
75 54                         jnz 0x80488fc
7c 8a                         jl 0x8048892
75 54                         jnz 0x80488fc
7c 8a                         jl 0x8048892
75 54                         jnz 0x80488fc
eb 04                         jmp 0x8048900
7c 8a                         jl 0x8048892
75 54                         jnz 0x80488fc
eb 04                         jmp 0x8048900
7c 8a                         jl 0x8048892
75 54                         jnz 0x80488fc
7c 8a                         jl 0x8048892
75 54                         jnz 0x80488fc
eb 04                         jmp 0x8048900
7c 8a                         jl 0x8048892
75 54                         jnz 0x80488fc
int
83 45 fc 01                   addl  $0x1, -0x4(%ebp)
8b 45 fc                      movl  -0x4(%ebp), %eax
8b 45 fc                      movl  -0x4(%ebp), %eax
83 45 fc 01                   addl  $0x1, -0x4(%ebp)
8b 45 fc                      movl  -0x4(%ebp), %eax
8b 45 fc                      movl  -0x4(%ebp), %eax
83 45 fc 01                   addl  $0x1, -0x4(%ebp)
8b 45 fc                      movl  -0x4(%ebp), %eax
8b 45 fc                      movl  -0x4(%ebp), %eax
8b 45 fc                      movl  -0x4(%ebp), %eax
8b 45 fc                      movl  -0x4(%ebp), %eax
8b 45 fc                      movl  -0x4(%ebp), %eax
8b 45 fc                      movl  -0x4(%ebp), %eax
8b 45 fc                      movl  -0x4(%ebp), %eax
8b 45 fc                      movl  -0x4(%ebp), %eax
8b 45 fc                      movl  -0x4(%ebp), %eax
8b 45 fc                      movl  -0x4(%ebp), %eax
83 45 fc 01                   addl  $0x1, -0x4(%ebp)
8b 45 fc                      movl  -0x4(%ebp), %eax
8b 45 fc                      movl  -0x4(%ebp), %eax
int
3b 45 f4                      cmpl  -0xc(%ebp), %eax
7c 8a                         jl 0x8048892
75 54                         jnz 0x80488fc
7c 8a                         jl 0x8048892
75 54                         jnz 0x80488fc
7c 8a                         jl 0x8048892
75 54                         jnz 0x80488fc
eb 04                         jmp 0x8048900
7c 8a                         jl 0x8048892
75 54                         jnz 0x80488fc
eb 04                         jmp 0x8048900
7c 8a                         jl 0x8048892
75 54                         jnz 0x80488fc
7c 8a                         jl 0x8048892
75 54                         jnz 0x80488fc
eb 04                         jmp 0x8048900
7c 8a                         jl 0x8048892
75 54                         jnz 0x80488fc
7c 8a                         jl 0x8048892
int
83 45 fc 01                   addl  $0x1, -0x4(%ebp)
8b 45 fc                      movl  -0x4(%ebp), %eax
8b 45 fc                      movl  -0x4(%ebp), %eax
83 45 fc 01                   addl  $0x1, -0x4(%ebp)
8b 45 fc                      movl  -0x4(%ebp), %eax
8b 45 fc                      movl  -0x4(%ebp), %eax
8b 45 fc                      movl  -0x4(%ebp), %eax
8b 45 fc                      movl  -0x4(%ebp), %eax
8b 45 fc                      movl  -0x4(%ebp), %eax
8b 45 fc                      movl  -0x4(%ebp), %eax
8b 45 fc                      movl  -0x4(%ebp), %eax
8b 45 fc                      movl  -0x4(%ebp), %eax
8b 45 fc                      movl  -0x4(%ebp), %eax
8b 45 fc                      movl  -0x4(%ebp), %eax
83 45 fc 01                   addl  $0x1, -0x4(%ebp)
8b 45 fc                      movl  -0x4(%ebp), %eax
8b 45 fc                      movl  -0x4(%ebp), %eax
8b 45 fc                      movl  -0x4(%ebp), %eax
8b 45 fc                      movl  -0x4(%ebp), %eax
8b 45 fc                      movl  -0x4(%ebp), %eax
int
3b 45 f4                      cmpl  -0xc(%ebp), %eax
7c 8a                         jl 0x8048892
75 54                         jnz 0x80488fc
7c 8a                         jl 0x8048892
75 54                         jnz 0x80488fc
eb 04                         jmp 0x8048900
7c 8a                         jl 0x8048892
75 54                         jnz 0x80488fc
eb 04                         jmp 0x8048900
7c 8a                         jl 0x8048892
75 54                         jnz 0x80488fc
7c 8a                         jl 0x8048892
75 54                         jnz 0x80488fc
eb 04                         jmp 0x8048900
7c 8a                         jl 0x8048892
75 54                         jnz 0x80488fc
7c 8a                         jl 0x8048892
int
83 45 fc 01                   addl  $0x1, -0x4(%ebp)
8b 45 fc                      movl  -0x4(%ebp), %eax
8b 45 fc                      movl  -0x4(%ebp), %eax
8b 45 fc                      movl  -0x4(%ebp), %eax
8b 45 fc                      movl  -0x4(%ebp), %eax
8b 45 fc                      movl  -0x4(%ebp), %eax
8b 45 fc                      movl  -0x4(%ebp), %eax
8b 45 fc                      movl  -0x4(%ebp), %eax
8b 45 fc                      movl  -0x4(%ebp), %eax
8b 45 fc                      movl  -0x4(%ebp), %eax
8b 45 fc                      movl  -0x4(%ebp), %eax
83 45 fc 01                   addl  $0x1, -0x4(%ebp)
8b 45 fc                      movl  -0x4(%ebp), %eax
8b 45 fc                      movl  -0x4(%ebp), %eax
8b 45 fc                      movl  -0x4(%ebp), %eax
8b 45 fc                      movl  -0x4(%ebp), %eax
8b 45 fc                      movl  -0x4(%ebp), %eax
8b 45 fc                      movl  -0x4(%ebp), %eax
83 45 fc 01                   addl  $0x1, -0x4(%ebp)
8b 45 fc                      movl  -0x4(%ebp), %eax
int
3b 45 f4                      cmpl  -0xc(%ebp), %eax
7c 8a                         jl 0x8048892
75 54                         jnz 0x80488fc
eb 04                         jmp 0x8048900
7c 8a                         jl 0x8048892
75 54                         jnz 0x80488fc
eb 04                         jmp 0x8048900
7c 8a                         jl 0x8048892
75 54                         jnz 0x80488fc
7c 8a                         jl 0x8048892
75 54                         jnz 0x80488fc
eb 04                         jmp 0x8048900
7c 8a                         jl 0x8048892
75 54                         jnz 0x80488fc
7c 8a                         jl 0x8048892
int
83 6d f4 01                   subl  $0x1, -0xc(%ebp)
3b 45 f4                      cmpl  -0xc(%ebp), %eax
7c 8a                         jl 0x8048892
75 54                         jnz 0x80488fc
83 6d f4 01                   subl  $0x1, -0xc(%ebp)
eb 04                         jmp 0x8048900
3b 45 f4                      cmpl  -0xc(%ebp), %eax
7c 8a                         jl 0x8048892
75 54                         jnz 0x80488fc
3b 45 f4                      cmpl  -0xc(%ebp), %eax
7c 8a                         jl 0x8048892
75 54                         jnz 0x80488fc
83 6d f4 01                   subl  $0x1, -0xc(%ebp)
eb 04                         jmp 0x8048900
3b 45 f4                      cmpl  -0xc(%ebp), %eax
7c 8a                         jl 0x8048892
75 54                         jnz 0x80488fc
3b 45 f4                      cmpl  -0xc(%ebp), %eax
7c 8a                         jl 0x8048892
8b 45 f4                      movl  -0xc(%ebp), %eax
int
83 6d f8 01                   subl  $0x1, -0x8(%ebp)
8b 45 f8                      movl  -0x8(%ebp), %eax
8b 45 f8                      movl  -0x8(%ebp), %eax
83 6d f8 01                   subl  $0x1, -0x8(%ebp)
8b 45 f8                      movl  -0x8(%ebp), %eax
8b 45 f8                      movl  -0x8(%ebp), %eax
83 6d f8 01                   subl  $0x1, -0x8(%ebp)
int
3b 45 f4                      cmpl  -0xc(%ebp), %eax
7c 8a                         jl 0x8048892
75 54                         jnz 0x80488fc
eb 04                         jmp 0x8048900
7c 8a                         jl 0x8048892
75 54                         jnz 0x80488fc
7c 8a                         jl 0x8048892
75 54                         jnz 0x80488fc
eb 04                         jmp 0x8048900
7c 8a                         jl 0x8048892
75 54                         jnz 0x80488fc
7c 8a                         jl 0x8048892
int
83 6d f4 01                   subl  $0x1, -0xc(%ebp)
3b 45 f4                      cmpl  -0xc(%ebp), %eax
7c 8a                         jl 0x8048892
75 54                         jnz 0x80488fc
3b 45 f4                      cmpl  -0xc(%ebp), %eax
7c 8a                         jl 0x8048892
75 54                         jnz 0x80488fc
83 6d f4 01                   subl  $0x1, -0xc(%ebp)
eb 04                         jmp 0x8048900
3b 45 f4                      cmpl  -0xc(%ebp), %eax
7c 8a                         jl 0x8048892
75 54                         jnz 0x80488fc
3b 45 f4                      cmpl  -0xc(%ebp), %eax
7c 8a                         jl 0x8048892
8b 45 f4                      movl  -0xc(%ebp), %eax
89 44 24 38                   movl  %eax, 0x38(%esp)
3b 44 24 38                   cmpl  0x38(%esp), %eax
7c d9                         jl 0x8048988
e8 00 70 00 00                calll  0x804f9a0
e8 da 8d ff ff                calll  0x8048780
int
83 6d f8 01                   subl  $0x1, -0x8(%ebp)
8b 45 f8                      movl  -0x8(%ebp), %eax
8b 45 f8                      movl  -0x8(%ebp), %eax
83 6d f8 01                   subl  $0x1, -0x8(%ebp)
int
3b 45 f4                      cmpl  -0xc(%ebp), %eax
7c 8a                         jl 0x8048892
75 54                         jnz 0x80488fc
7c 8a                         jl 0x8048892
75 54                         jnz 0x80488fc
eb 04                         jmp 0x8048900
7c 8a                         jl 0x8048892
75 54                         jnz 0x80488fc
7c 8a                         jl 0x8048892
int
83 45 fc 01                   addl  $0x1, -0x4(%ebp)
8b 45 fc                      movl  -0x4(%ebp), %eax
8b 45 fc                      movl  -0x4(%ebp), %eax
8b 45 fc                      movl  -0x4(%ebp), %eax
8b 45 fc                      movl  -0x4(%ebp), %eax
8b 45 fc                      movl  -0x4(%ebp), %eax
8b 45 fc                      movl  -0x4(%ebp), %eax
83 45 fc 01                   addl  $0x1, -0x4(%ebp)
8b 45 fc                      movl  -0x4(%ebp), %eax
int
3b 45 f4                      cmpl  -0xc(%ebp), %eax
7c 8a                         jl 0x8048892
75 54                         jnz 0x80488fc
eb 04                         jmp 0x8048900
7c 8a                         jl 0x8048892
75 54                         jnz 0x80488fc
7c 8a                         jl 0x8048892
int
83 6d f4 01                   subl  $0x1, -0xc(%ebp)
3b 45 f4                      cmpl  -0xc(%ebp), %eax
7c 8a                         jl 0x8048892
75 54                         jnz 0x80488fc
3b 45 f4                      cmpl  -0xc(%ebp), %eax
7c 8a                         jl 0x8048892
8b 45 f4                      movl  -0xc(%ebp), %eax
89 44 24 38                   movl  %eax, 0x38(%esp)
3b 44 24 38                   cmpl  0x38(%esp), %eax
7c d9                         jl 0x8048988
e8 00 70 00 00                calll  0x804f9a0
e8 da 8d ff ff                calll  0x8048780
8b 1c 24                      movl  (%esp), %ebx
c3                            retl  
81 c3 5a 96 08 00             add $0x8965a, %ebx
83 ec 08                      sub $0x8, %esp
8d 44 24 14                   leal  0x14(%esp), %eax
83 ec 04                      sub $0x4, %esp
50                            pushl  %eax
e8 78 06 03 00                calll  0x8080040
int
3b 45 f4                      cmpl  -0xc(%ebp), %eax
7c 8a                         jl 0x8048892
75 54                         jnz 0x80488fc
7c 8a                         jl 0x8048892
int
8b 45 f4                      movl  -0xc(%ebp), %eax
89 44 24 38                   movl  %eax, 0x38(%esp)
3b 44 24 38                   cmpl  0x38(%esp), %eax
7c d9                         jl 0x8048988
e8 00 70 00 00                calll  0x804f9a0
e8 da 8d ff ff                calll  0x8048780
8b 1c 24                      movl  (%esp), %ebx
c3                            retl  
81 c3 5a 96 08 00             add $0x8965a, %ebx
83 ec 08                      sub $0x8, %esp
8d 44 24 14                   leal  0x14(%esp), %eax
83 ec 04                      sub $0x4, %esp
50                            pushl  %eax
e8 78 06 03 00                calll  0x8080040
89 e5                         mov %esp, %ebp
53                            pushl  %ebx
e8 35 87 fc ff                calll  0x8048780
8b 1c 24                      movl  (%esp), %ebx
c3                            retl  
81 c3 b5 8f 05 00             add $0x58fb5, %ebx
int
3b 44 24 38                   cmpl  0x38(%esp), %eax
7c d9                         jl 0x8048988
e8 00 70 00 00                calll  0x804f9a0
e8 da 8d ff ff                calll  0x8048780
8b 1c 24                      movl  (%esp), %ebx
c3                            retl  
81 c3 5a 96 08 00             add $0x8965a, %ebx
83 ec 08                      sub $0x8, %esp
8d 44 24 14                   leal  0x14(%esp), %eax
83 ec 04                      sub $0x4, %esp
50                            pushl  %eax
e8 78 06 03 00                calll  0x8080040
89 e5                         mov %esp, %ebp
53                            pushl  %ebx
e8 35 87 fc ff                calll  0x8048780
8b 1c 24                      movl  (%esp), %ebx
c3                            retl  
81 c3 b5 8f 05 00             add $0x58fb5, %ebx
81 ec ec 04 00 00             sub $0x4ec, %esp
8b 45 10                      movl  0x10(%ebp), %eax
int
8b 44 84 14                   movl  0x14(%esp,%eax,4), %eax
89 44 24 04                   movl  %eax, 0x4(%esp)
8b 00                         movl  (%eax), %eax
99                            cdq 
89 c6                         mov %eax, %esi
31 d0                         xor %edx, %eax
c1 ee 1f                      shr $0x1f, %esi
29 d0                         sub %edx, %eax
89 b5 5c fb ff ff             movl  %esi, -0x4a4(%ebp)
89 85 20 fb ff ff             movl  %eax, -0x4e0(%ebp)
50                            pushl  %eax
8b 4c 24 10                   movl  0x10(%esp), %ecx
89 c8                         mov %ecx, %eax
01 c0                         add %eax, %eax
29 c1                         sub %eax, %ecx
8b b5 20 fb ff ff             movl  -0x4e0(%ebp), %esi
85 f6                         test %esi, %esi
0f 84 42 0d 00 00             jz 0x8081608
75 1f                         jnz 0x80808f8
0f 85 0c 0d 00 00             jnz 0x808162a
int
83 44 24 3c 01                addl  $0x1, 0x3c(%esp)
8b 44 24 3c                   movl  0x3c(%esp), %eax
8b 44 24 3c                   movl  0x3c(%esp), %eax
83 44 24 3c 01                addl  $0x1, 0x3c(%esp)
8b 44 24 3c                   movl  0x3c(%esp), %eax
8b 44 24 3c                   movl  0x3c(%esp), %eax
83 44 24 3c 01                addl  $0x1, 0x3c(%esp)
8b 44 24 3c                   movl  0x3c(%esp), %eax
8b 44 24 3c                   movl  0x3c(%esp), %eax
83 44 24 3c 01                addl  $0x1, 0x3c(%esp)
8b 44 24 3c                   movl  0x3c(%esp), %eax
8b 44 24 3c                   movl  0x3c(%esp), %eax
83 44 24 3c 01                addl  $0x1, 0x3c(%esp)
8b 44 24 3c                   movl  0x3c(%esp), %eax
int
3b 44 24 38                   cmpl  0x38(%esp), %eax
7c d9                         jl 0x8048988
e8 00 70 00 00                calll  0x804f9a0
e8 da 8d ff ff                calll  0x8048780
8b 1c 24                      movl  (%esp), %ebx
c3                            retl  
81 c3 5a 96 08 00             add $0x8965a, %ebx
83 ec 08                      sub $0x8, %esp
8d 44 24 14                   leal  0x14(%esp), %eax
83 ec 04                      sub $0x4, %esp
50                            pushl  %eax
e8 78 06 03 00                calll  0x8080040
89 e5                         mov %esp, %ebp
53                            pushl  %ebx
e8 35 87 fc ff                calll  0x8048780
8b 1c 24                      movl  (%esp), %ebx
c3                            retl  
81 c3 b5 8f 05 00             add $0x58fb5, %ebx
81 ec ec 04 00 00             sub $0x4ec, %esp
8b 45 10                      movl  0x10(%ebp), %eax
int
83 44 24 3c 01                addl  $0x1, 0x3c(%esp)
8b 44 24 3c                   movl  0x3c(%esp), %eax
8b 44 24 3c                   movl  0x3c(%esp), %eax
83 44 24 3c 01                addl  $0x1, 0x3c(%esp)
8b 44 24 3c                   movl  0x3c(%esp), %eax
8b 44 24 3c                   movl  0x3c(%esp), %eax
83 44 24 3c 01                addl  $0x1, 0x3c(%esp)
8b 44 24 3c                   movl  0x3c(%esp), %eax
8b 44 24 3c                   movl  0x3c(%esp), %eax
83 44 24 3c 01                addl  $0x1, 0x3c(%esp)
8b 44 24 3c                   movl  0x3c(%esp), %eax
int
3b 44 24 38                   cmpl  0x38(%esp), %eax
7c d9                         jl 0x8048988
e8 00 70 00 00                calll  0x804f9a0
e8 da 8d ff ff                calll  0x8048780
8b 1c 24                      movl  (%esp), %ebx
c3                            retl  
81 c3 5a 96 08 00             add $0x8965a, %ebx
83 ec 08                      sub $0x8, %esp
8d 44 24 14                   leal  0x14(%esp), %eax
83 ec 04                      sub $0x4, %esp
50                            pushl  %eax
e8 78 06 03 00                calll  0x8080040
89 e5                         mov %esp, %ebp
53                            pushl  %ebx
e8 35 87 fc ff                calll  0x8048780
8b 1c 24                      movl  (%esp), %ebx
c3                            retl  
81 c3 b5 8f 05 00             add $0x58fb5, %ebx
81 ec ec 04 00 00             sub $0x4ec, %esp
8b 45 10                      movl  0x10(%ebp), %eax
int
83 44 24 3c 01                addl  $0x1, 0x3c(%esp)
8b 44 24 3c                   movl  0x3c(%esp), %eax
8b 44 24 3c                   movl  0x3c(%esp), %eax
83 44 24 3c 01                addl  $0x1, 0x3c(%esp)
8b 44 24 3c                   movl  0x3c(%esp), %eax
8b 44 24 3c                   movl  0x3c(%esp), %eax
83 44 24 3c 01                addl  $0x1, 0x3c(%esp)
8b 44 24 3c                   movl  0x3c(%esp), %eax
int
3b 44 24 38                   cmpl  0x38(%esp), %eax
7c d9                         jl 0x8048988
e8 00 70 00 00                calll  0x804f9a0
e8 da 8d ff ff                calll  0x8048780
8b 1c 24                      movl  (%esp), %ebx
c3                            retl  
81 c3 5a 96 08 00             add $0x8965a, %ebx
83 ec 08                      sub $0x8, %esp
8d 44 24 14                   leal  0x14(%esp), %eax
83 ec 04                      sub $0x4, %esp
50                            pushl  %eax
e8 78 06 03 00                calll  0x8080040
89 e5                         mov %esp, %ebp
53                            pushl  %ebx
e8 35 87 fc ff                calll  0x8048780
8b 1c 24                      movl  (%esp), %ebx
c3                            retl  
81 c3 b5 8f 05 00             add $0x58fb5, %ebx
81 ec ec 04 00 00             sub $0x4ec, %esp
8b 45 10                      movl  0x10(%ebp), %eax
int
83 44 24 3c 01                addl  $0x1, 0x3c(%esp)
8b 44 24 3c                   movl  0x3c(%esp), %eax
8b 44 24 3c                   movl  0x3c(%esp), %eax
83 44 24 3c 01                addl  $0x1, 0x3c(%esp)
8b 44 24 3c                   movl  0x3c(%esp), %eax
int
3b 44 24 38                   cmpl  0x38(%esp), %eax
7c d9                         jl 0x8048988
e8 00 70 00 00                calll  0x804f9a0
e8 da 8d ff ff                calll  0x8048780
8b 1c 24                      movl  (%esp), %ebx
c3                            retl  
81 c3 5a 96 08 00             add $0x8965a, %ebx
83 ec 08                      sub $0x8, %esp
8d 44 24 14                   leal  0x14(%esp), %eax
83 ec 04                      sub $0x4, %esp
50                            pushl  %eax
e8 78 06 03 00                calll  0x8080040
89 e5                         mov %esp, %ebp
53                            pushl  %ebx
e8 35 87 fc ff                calll  0x8048780
8b 1c 24                      movl  (%esp), %ebx
c3                            retl  
81 c3 b5 8f 05 00             add $0x58fb5, %ebx
81 ec ec 04 00 00             sub $0x4ec, %esp
8b 45 10                      movl  0x10(%ebp), %eax
int
3b 44 24 38                   cmpl  0x38(%esp), %eax
7c d9                         jl 0x8048988
e8 15 78 00 00                calll  0x80501d0
e8 a9 cc ff ff                calll  0x804ce83
8b 3c 24                      movl  (%esp), %edi
c3                            retl  
81 c7 26 8e 08 00             add $0x88e26, %edi
83 ec 1c                      sub $0x1c, %esp
75 3d                         jnz 0x8050238
74 28                         jz 0x8050234
74 01                         jz 0x805021c
74 07                         jz 0x8050228
73 4c                         jnb 0x8050290
75 27                         jnz 0x805027f
75 1e                         jnz 0x805027f
74 01                         jz 0x8050273
74 07                         jz 0x805027f
c3                            retl  
