int
83 7d e4 00                   cmpl  $0x0, -0x1c(%ebp)
75 0a                         jnz 0x8048975
e8 98 44 01 00                calll  0x805ce20
e8 57 b9 fe ff                calll  0x8048780
8b 1c 24                      movl  (%esp), %ebx
c3                            retl  
81 c3 d7 c1 07 00             add $0x7c1d7, %ebx
83 ec 1c                      sub $0x1c, %esp
76 08                         jbe 0x805ce52
0f 85 d0 01 00 00             jnz 0x805d030
0f 84 22 02 00 00             jz 0x805d090
0f 85 34 02 00 00             jnz 0x805d0b0
8d bb 20 05 00 00             leal  0x520(%ebx), %edi
89 f8                         mov %edi, %eax
e8 d1 d6 ff ff                calll  0x805a570
57                            pushl  %edi
53                            pushl  %ebx
e8 da ef fe ff                calll  0x8049556
8b 2c 24                      movl  (%esp), %ebp
c3                            retl  
int
8b 45 e4                      movl  -0x1c(%ebp), %eax
89 04 24                      movl  %eax, (%esp)
8b 74 24 30                   movl  0x30(%esp), %esi
89 f0                         mov %esi, %eax
89 f5                         mov %esi, %ebp
09 c8                         or %ecx, %eax
0f af e9                      imul %ecx, %ebp
3d ff ff 00 00                cmp $0xffff, %eax
76 08                         jbe 0x805ce52
0f 85 d0 01 00 00             jnz 0x805d030
0f 84 22 02 00 00             jz 0x805d090
0f 85 34 02 00 00             jnz 0x805d0b0
89 ea                         mov %ebp, %edx
e8 d1 d6 ff ff                calll  0x805a570
55                            pushl  %ebp
8d 4a 13                      leal  0x13(%edx), %ecx
56                            pushl  %esi
e8 da ef fe ff                calll  0x8049556
8b 2c 24                      movl  (%esp), %ebp
c3                            retl  
upointer
8b 45 e0                      movl  -0x20(%ebp), %eax
89 44 24 04                   movl  %eax, 0x4(%esp)
83 7d 0c 00                   cmpl  $0x0, 0xc(%ebp)
75 05                         jnz 0x804888b
e8 ea 2a 02 00                calll  0x806b380
74 24                         jz 0x806b3b1
7a 17                         jp 0x806b3a6
0f 84 9f 00 00 00             jz 0x806b436
0f 84 96 00 00 00             jz 0x806b436
74 0b                         jz 0x806b3b1
73 58                         jnb 0x806b419
75 4e                         jnz 0x806b419
73 3e                         jnb 0x806b419
75 34                         jnz 0x806b419
74 0f                         jz 0x806b436
74 0a                         jz 0x806b436
c3                            retl  
8b 45 0c                      movl  0xc(%ebp), %eax
eb 71                         jmp 0x8048923
7c 87                         jl 0x80488b2
int
3b 45 ec                      cmpl  -0x14(%ebp), %eax
7c 87                         jl 0x80488b2
eb 19                         jmp 0x80488cd
7e 1a                         jle 0x80488ed
75 04                         jnz 0x804890b
7c 87                         jl 0x80488b2
eb 19                         jmp 0x80488cd
7e 1a                         jle 0x80488ed
75 04                         jnz 0x804890b
7c 87                         jl 0x80488b2
eb 19                         jmp 0x80488cd
7e 1a                         jle 0x80488ed
75 04                         jnz 0x804890b
7c 87                         jl 0x80488b2
eb 19                         jmp 0x80488cd
7e 1a                         jle 0x80488ed
75 04                         jnz 0x804890b
7c 87                         jl 0x80488b2
eb 19                         jmp 0x80488cd
7e 1a                         jle 0x80488ed
int
83 7d f0 00                   cmpl  $0x0, -0x10(%ebp)
7e 1a                         jle 0x80488ed
75 04                         jnz 0x804890b
7c 87                         jl 0x80488b2
eb 19                         jmp 0x80488cd
7e 1a                         jle 0x80488ed
75 04                         jnz 0x804890b
7c 87                         jl 0x80488b2
eb 19                         jmp 0x80488cd
7e 1a                         jle 0x80488ed
75 04                         jnz 0x804890b
7c 87                         jl 0x80488b2
eb 19                         jmp 0x80488cd
7e 1a                         jle 0x80488ed
75 04                         jnz 0x804890b
7c 87                         jl 0x80488b2
eb 19                         jmp 0x80488cd
7e 1a                         jle 0x80488ed
75 c7                         jnz 0x80488b4
75 04                         jnz 0x804890b
int
8b 45 f0                      movl  -0x10(%ebp), %eax
89 02                         movl  %eax, (%edx)
8b 00                         movl  (%eax), %eax
89 45 f0                      movl  %eax, -0x10(%ebp)
83 7d f0 00                   cmpl  $0x0, -0x10(%ebp)
7e 1a                         jle 0x80488ed
8b 4d f0                      movl  -0x10(%ebp), %ecx
01 c8                         add %ecx, %eax
75 04                         jnz 0x804890b
8b 45 f0                      movl  -0x10(%ebp), %eax
89 02                         movl  %eax, (%edx)
7c 87                         jl 0x80488b2
int
83 45 f4 01                   addl  $0x1, -0xc(%ebp)
8b 45 f4                      movl  -0xc(%ebp), %eax
8b 55 f4                      movl  -0xc(%ebp), %edx
01 d0                         add %edx, %eax
8b 45 f4                      movl  -0xc(%ebp), %eax
83 45 f4 01                   addl  $0x1, -0xc(%ebp)
8b 45 f4                      movl  -0xc(%ebp), %eax
8b 55 f4                      movl  -0xc(%ebp), %edx
01 d0                         add %edx, %eax
8b 45 f4                      movl  -0xc(%ebp), %eax
83 45 f4 01                   addl  $0x1, -0xc(%ebp)
8b 45 f4                      movl  -0xc(%ebp), %eax
8b 55 f4                      movl  -0xc(%ebp), %edx
01 d0                         add %edx, %eax
8b 45 f4                      movl  -0xc(%ebp), %eax
83 45 f4 01                   addl  $0x1, -0xc(%ebp)
8b 45 f4                      movl  -0xc(%ebp), %eax
8b 55 f4                      movl  -0xc(%ebp), %edx
01 d0                         add %edx, %eax
8b 55 f4                      movl  -0xc(%ebp), %edx
int
3b 45 ec                      cmpl  -0x14(%ebp), %eax
7c 87                         jl 0x80488b2
eb 19                         jmp 0x80488cd
7e 1a                         jle 0x80488ed
75 04                         jnz 0x804890b
7c 87                         jl 0x80488b2
eb 19                         jmp 0x80488cd
7e 1a                         jle 0x80488ed
75 04                         jnz 0x804890b
7c 87                         jl 0x80488b2
eb 19                         jmp 0x80488cd
7e 1a                         jle 0x80488ed
75 04                         jnz 0x804890b
7c 87                         jl 0x80488b2
eb 19                         jmp 0x80488cd
7e 1a                         jle 0x80488ed
75 c7                         jnz 0x80488b4
75 04                         jnz 0x804890b
7c 87                         jl 0x80488b2
eb 19                         jmp 0x80488cd
int
83 7d f0 00                   cmpl  $0x0, -0x10(%ebp)
7e 1a                         jle 0x80488ed
75 04                         jnz 0x804890b
7c 87                         jl 0x80488b2
eb 19                         jmp 0x80488cd
7e 1a                         jle 0x80488ed
75 04                         jnz 0x804890b
7c 87                         jl 0x80488b2
eb 19                         jmp 0x80488cd
7e 1a                         jle 0x80488ed
75 04                         jnz 0x804890b
7c 87                         jl 0x80488b2
eb 19                         jmp 0x80488cd
7e 1a                         jle 0x80488ed
75 c7                         jnz 0x80488b4
75 04                         jnz 0x804890b
7c 87                         jl 0x80488b2
eb 19                         jmp 0x80488cd
7e 1a                         jle 0x80488ed
75 c7                         jnz 0x80488b4
int
83 45 f4 01                   addl  $0x1, -0xc(%ebp)
8b 45 f4                      movl  -0xc(%ebp), %eax
8b 55 f4                      movl  -0xc(%ebp), %edx
01 d0                         add %edx, %eax
8b 45 f4                      movl  -0xc(%ebp), %eax
83 45 f4 01                   addl  $0x1, -0xc(%ebp)
8b 45 f4                      movl  -0xc(%ebp), %eax
8b 55 f4                      movl  -0xc(%ebp), %edx
01 d0                         add %edx, %eax
8b 45 f4                      movl  -0xc(%ebp), %eax
83 45 f4 01                   addl  $0x1, -0xc(%ebp)
8b 45 f4                      movl  -0xc(%ebp), %eax
8b 55 f4                      movl  -0xc(%ebp), %edx
01 d0                         add %edx, %eax
8b 55 f4                      movl  -0xc(%ebp), %edx
01 d0                         add %edx, %eax
8b 45 f4                      movl  -0xc(%ebp), %eax
83 45 f4 01                   addl  $0x1, -0xc(%ebp)
8b 45 f4                      movl  -0xc(%ebp), %eax
8b 55 f4                      movl  -0xc(%ebp), %edx
int
3b 45 ec                      cmpl  -0x14(%ebp), %eax
7c 87                         jl 0x80488b2
eb 19                         jmp 0x80488cd
7e 1a                         jle 0x80488ed
75 04                         jnz 0x804890b
7c 87                         jl 0x80488b2
eb 19                         jmp 0x80488cd
7e 1a                         jle 0x80488ed
75 04                         jnz 0x804890b
7c 87                         jl 0x80488b2
eb 19                         jmp 0x80488cd
7e 1a                         jle 0x80488ed
75 c7                         jnz 0x80488b4
75 04                         jnz 0x804890b
7c 87                         jl 0x80488b2
eb 19                         jmp 0x80488cd
7e 1a                         jle 0x80488ed
75 c7                         jnz 0x80488b4
7e 1a                         jle 0x80488ed
75 04                         jnz 0x804890b
int
83 7d f0 00                   cmpl  $0x0, -0x10(%ebp)
7e 1a                         jle 0x80488ed
75 04                         jnz 0x804890b
7c 87                         jl 0x80488b2
eb 19                         jmp 0x80488cd
7e 1a                         jle 0x80488ed
75 04                         jnz 0x804890b
7c 87                         jl 0x80488b2
eb 19                         jmp 0x80488cd
7e 1a                         jle 0x80488ed
75 c7                         jnz 0x80488b4
75 04                         jnz 0x804890b
7c 87                         jl 0x80488b2
eb 19                         jmp 0x80488cd
7e 1a                         jle 0x80488ed
75 c7                         jnz 0x80488b4
7e 1a                         jle 0x80488ed
75 04                         jnz 0x804890b
7c 87                         jl 0x80488b2
int
83 45 f4 01                   addl  $0x1, -0xc(%ebp)
8b 45 f4                      movl  -0xc(%ebp), %eax
8b 55 f4                      movl  -0xc(%ebp), %edx
01 d0                         add %edx, %eax
8b 45 f4                      movl  -0xc(%ebp), %eax
83 45 f4 01                   addl  $0x1, -0xc(%ebp)
8b 45 f4                      movl  -0xc(%ebp), %eax
8b 55 f4                      movl  -0xc(%ebp), %edx
01 d0                         add %edx, %eax
8b 55 f4                      movl  -0xc(%ebp), %edx
01 d0                         add %edx, %eax
8b 45 f4                      movl  -0xc(%ebp), %eax
83 45 f4 01                   addl  $0x1, -0xc(%ebp)
8b 45 f4                      movl  -0xc(%ebp), %eax
8b 55 f4                      movl  -0xc(%ebp), %edx
01 d0                         add %edx, %eax
8b 55 f4                      movl  -0xc(%ebp), %edx
01 d0                         add %edx, %eax
8b 45 f4                      movl  -0xc(%ebp), %eax
83 45 f4 01                   addl  $0x1, -0xc(%ebp)
int
3b 45 ec                      cmpl  -0x14(%ebp), %eax
7c 87                         jl 0x80488b2
eb 19                         jmp 0x80488cd
7e 1a                         jle 0x80488ed
75 04                         jnz 0x804890b
7c 87                         jl 0x80488b2
eb 19                         jmp 0x80488cd
7e 1a                         jle 0x80488ed
75 c7                         jnz 0x80488b4
75 04                         jnz 0x804890b
7c 87                         jl 0x80488b2
eb 19                         jmp 0x80488cd
7e 1a                         jle 0x80488ed
75 c7                         jnz 0x80488b4
7e 1a                         jle 0x80488ed
75 04                         jnz 0x804890b
7c 87                         jl 0x80488b2
int
83 7d f0 00                   cmpl  $0x0, -0x10(%ebp)
7e 1a                         jle 0x80488ed
75 04                         jnz 0x804890b
7c 87                         jl 0x80488b2
eb 19                         jmp 0x80488cd
7e 1a                         jle 0x80488ed
75 c7                         jnz 0x80488b4
75 04                         jnz 0x804890b
7c 87                         jl 0x80488b2
eb 19                         jmp 0x80488cd
7e 1a                         jle 0x80488ed
75 c7                         jnz 0x80488b4
7e 1a                         jle 0x80488ed
75 04                         jnz 0x804890b
7c 87                         jl 0x80488b2
int
83 45 f0 01                   addl  $0x1, -0x10(%ebp)
8b 45 f0                      movl  -0x10(%ebp), %eax
89 02                         movl  %eax, (%edx)
83 7d f0 00                   cmpl  $0x0, -0x10(%ebp)
7e 1a                         jle 0x80488ed
8b 4d f0                      movl  -0x10(%ebp), %ecx
01 c8                         add %ecx, %eax
75 c7                         jnz 0x80488b4
8b 4d f0                      movl  -0x10(%ebp), %ecx
01 c8                         add %ecx, %eax
75 04                         jnz 0x804890b
83 45 f0 01                   addl  $0x1, -0x10(%ebp)
8b 45 f0                      movl  -0x10(%ebp), %eax
89 02                         movl  %eax, (%edx)
7c 87                         jl 0x80488b2
eb 19                         jmp 0x80488cd
83 7d f0 00                   cmpl  $0x0, -0x10(%ebp)
7e 1a                         jle 0x80488ed
8b 4d f0                      movl  -0x10(%ebp), %ecx
01 c8                         add %ecx, %eax
int
8b 45 f0                      movl  -0x10(%ebp), %eax
89 02                         movl  %eax, (%edx)
8b 00                         movl  (%eax), %eax
89 45 ec                      movl  %eax, -0x14(%ebp)
83 7d ec 00                   cmpl  $0x0, -0x14(%ebp)
7e 1a                         jle 0x80489ef
8b 4d ec                      movl  -0x14(%ebp), %ecx
01 c8                         add %ecx, %eax
75 c7                         jnz 0x80489b6
8b 45 ec                      movl  -0x14(%ebp), %eax
05 ff ff ff 3f                add $0x3fffffff, %eax
7e 1a                         jle 0x80489ef
75 04                         jnz 0x8048a0d
75 0e                         jnz 0x8048a23
7c 85                         jl 0x80489b4
eb 19                         jmp 0x80489cf
7e 1a                         jle 0x80489ef
75 04                         jnz 0x8048a0d
75 0e                         jnz 0x8048a23
7c 85                         jl 0x80489b4
int
83 45 f4 01                   addl  $0x1, -0xc(%ebp)
8b 45 f4                      movl  -0xc(%ebp), %eax
8b 55 f4                      movl  -0xc(%ebp), %edx
01 d0                         add %edx, %eax
8b 55 f4                      movl  -0xc(%ebp), %edx
01 d0                         add %edx, %eax
8b 45 f4                      movl  -0xc(%ebp), %eax
83 45 f4 01                   addl  $0x1, -0xc(%ebp)
8b 45 f4                      movl  -0xc(%ebp), %eax
8b 55 f4                      movl  -0xc(%ebp), %edx
01 d0                         add %edx, %eax
8b 55 f4                      movl  -0xc(%ebp), %edx
01 d0                         add %edx, %eax
8b 45 f4                      movl  -0xc(%ebp), %eax
83 45 f4 01                   addl  $0x1, -0xc(%ebp)
8b 45 f4                      movl  -0xc(%ebp), %eax
int
3b 45 ec                      cmpl  -0x14(%ebp), %eax
7c 87                         jl 0x80488b2
eb 19                         jmp 0x80488cd
7e 1a                         jle 0x80488ed
75 c7                         jnz 0x80488b4
75 04                         jnz 0x804890b
7c 87                         jl 0x80488b2
eb 19                         jmp 0x80488cd
7e 1a                         jle 0x80488ed
75 c7                         jnz 0x80488b4
7e 1a                         jle 0x80488ed
75 04                         jnz 0x804890b
7c 87                         jl 0x80488b2
int
83 7d f0 00                   cmpl  $0x0, -0x10(%ebp)
7e 1a                         jle 0x80488ed
75 c7                         jnz 0x80488b4
75 04                         jnz 0x804890b
7c 87                         jl 0x80488b2
eb 19                         jmp 0x80488cd
7e 1a                         jle 0x80488ed
75 c7                         jnz 0x80488b4
7e 1a                         jle 0x80488ed
75 04                         jnz 0x804890b
7c 87                         jl 0x80488b2
int
83 45 f0 01                   addl  $0x1, -0x10(%ebp)
8b 45 f0                      movl  -0x10(%ebp), %eax
89 02                         movl  %eax, (%edx)
83 7d f0 00                   cmpl  $0x0, -0x10(%ebp)
7e 1a                         jle 0x80488ed
8b 4d f0                      movl  -0x10(%ebp), %ecx
01 c8                         add %ecx, %eax
75 c7                         jnz 0x80488b4
8b 45 f0                      movl  -0x10(%ebp), %eax
05 ff ff ff 3f                add $0x3fffffff, %eax
7e 1a                         jle 0x80488ed
75 04                         jnz 0x804890b
7c 87                         jl 0x80488b2
int
83 45 f4 01                   addl  $0x1, -0xc(%ebp)
8b 45 f4                      movl  -0xc(%ebp), %eax
8b 55 f4                      movl  -0xc(%ebp), %edx
01 d0                         add %edx, %eax
8b 55 f4                      movl  -0xc(%ebp), %edx
01 d0                         add %edx, %eax
8b 45 f4                      movl  -0xc(%ebp), %eax
83 45 f4 01                   addl  $0x1, -0xc(%ebp)
8b 45 f4                      movl  -0xc(%ebp), %eax
int
3b 45 ec                      cmpl  -0x14(%ebp), %eax
7c 87                         jl 0x80488b2
eb 19                         jmp 0x80488cd
7e 1a                         jle 0x80488ed
75 c7                         jnz 0x80488b4
7e 1a                         jle 0x80488ed
75 04                         jnz 0x804890b
7c 87                         jl 0x80488b2
int
83 7d f0 00                   cmpl  $0x0, -0x10(%ebp)
7e 1a                         jle 0x80488ed
75 c7                         jnz 0x80488b4
7e 1a                         jle 0x80488ed
75 04                         jnz 0x804890b
7c 87                         jl 0x80488b2
int
83 7d f0 00                   cmpl  $0x0, -0x10(%ebp)
7e 1a                         jle 0x80488ed
75 04                         jnz 0x804890b
7c 87                         jl 0x80488b2
int
3b 45 e8                      cmpl  -0x18(%ebp), %eax
7c 85                         jl 0x80489b4
eb 19                         jmp 0x80489cf
7e 1a                         jle 0x80489ef
75 04                         jnz 0x8048a0d
75 0e                         jnz 0x8048a23
7c 85                         jl 0x80489b4
eb 19                         jmp 0x80489cf
7e 1a                         jle 0x80489ef
75 c7                         jnz 0x80489b6
75 04                         jnz 0x8048a0d
75 0e                         jnz 0x8048a23
7c 85                         jl 0x80489b4
eb 19                         jmp 0x80489cf
7e 1a                         jle 0x80489ef
75 c7                         jnz 0x80489b6
75 04                         jnz 0x8048a0d
75 0e                         jnz 0x8048a23
7c 85                         jl 0x80489b4
eb 19                         jmp 0x80489cf
int
83 7d ec 00                   cmpl  $0x0, -0x14(%ebp)
7e 1a                         jle 0x80489ef
75 04                         jnz 0x8048a0d
75 0e                         jnz 0x8048a23
7c 85                         jl 0x80489b4
eb 19                         jmp 0x80489cf
7e 1a                         jle 0x80489ef
75 c7                         jnz 0x80489b6
75 04                         jnz 0x8048a0d
75 0e                         jnz 0x8048a23
7c 85                         jl 0x80489b4
eb 19                         jmp 0x80489cf
7e 1a                         jle 0x80489ef
75 c7                         jnz 0x80489b6
75 04                         jnz 0x8048a0d
75 0e                         jnz 0x8048a23
7c 85                         jl 0x80489b4
eb 19                         jmp 0x80489cf
7e 1a                         jle 0x80489ef
75 c7                         jnz 0x80489b6
int
83 45 ec 01                   addl  $0x1, -0x14(%ebp)
8b 45 ec                      movl  -0x14(%ebp), %eax
83 7d ec 00                   cmpl  $0x0, -0x14(%ebp)
7e 1a                         jle 0x80489ef
8b 4d ec                      movl  -0x14(%ebp), %ecx
01 c8                         add %ecx, %eax
75 c7                         jnz 0x80489b6
8b 4d ec                      movl  -0x14(%ebp), %ecx
01 c8                         add %ecx, %eax
75 04                         jnz 0x8048a0d
83 45 ec 01                   addl  $0x1, -0x14(%ebp)
8b 45 ec                      movl  -0x14(%ebp), %eax
75 0e                         jnz 0x8048a23
7c 85                         jl 0x80489b4
eb 19                         jmp 0x80489cf
83 7d ec 00                   cmpl  $0x0, -0x14(%ebp)
7e 1a                         jle 0x80489ef
8b 4d ec                      movl  -0x14(%ebp), %ecx
01 c8                         add %ecx, %eax
75 c7                         jnz 0x80489b6
int
3b 45 e4                      cmpl  -0x1c(%ebp), %eax
75 0e                         jnz 0x8048a23
7c 85                         jl 0x80489b4
eb 19                         jmp 0x80489cf
7e 1a                         jle 0x80489ef
75 c7                         jnz 0x80489b6
75 04                         jnz 0x8048a0d
75 0e                         jnz 0x8048a23
7c 85                         jl 0x80489b4
eb 19                         jmp 0x80489cf
7e 1a                         jle 0x80489ef
75 c7                         jnz 0x80489b6
75 04                         jnz 0x8048a0d
75 0e                         jnz 0x8048a23
7c 85                         jl 0x80489b4
eb 19                         jmp 0x80489cf
7e 1a                         jle 0x80489ef
75 c7                         jnz 0x80489b6
75 04                         jnz 0x8048a0d
75 0e                         jnz 0x8048a23
int
83 45 f0 01                   addl  $0x1, -0x10(%ebp)
8b 45 f0                      movl  -0x10(%ebp), %eax
8b 55 f0                      movl  -0x10(%ebp), %edx
01 d0                         add %edx, %eax
8b 55 f0                      movl  -0x10(%ebp), %edx
01 d0                         add %edx, %eax
83 45 f0 01                   addl  $0x1, -0x10(%ebp)
8b 45 f0                      movl  -0x10(%ebp), %eax
8b 55 f0                      movl  -0x10(%ebp), %edx
01 d0                         add %edx, %eax
8b 55 f0                      movl  -0x10(%ebp), %edx
01 d0                         add %edx, %eax
83 45 f0 01                   addl  $0x1, -0x10(%ebp)
8b 45 f0                      movl  -0x10(%ebp), %eax
8b 55 f0                      movl  -0x10(%ebp), %edx
01 d0                         add %edx, %eax
8b 55 f0                      movl  -0x10(%ebp), %edx
01 d0                         add %edx, %eax
83 45 f0 01                   addl  $0x1, -0x10(%ebp)
8b 45 f0                      movl  -0x10(%ebp), %eax
int
3b 45 e8                      cmpl  -0x18(%ebp), %eax
7c 85                         jl 0x80489b4
eb 19                         jmp 0x80489cf
7e 1a                         jle 0x80489ef
75 c7                         jnz 0x80489b6
75 04                         jnz 0x8048a0d
75 0e                         jnz 0x8048a23
7c 85                         jl 0x80489b4
eb 19                         jmp 0x80489cf
7e 1a                         jle 0x80489ef
75 c7                         jnz 0x80489b6
75 04                         jnz 0x8048a0d
75 0e                         jnz 0x8048a23
7c 85                         jl 0x80489b4
eb 19                         jmp 0x80489cf
7e 1a                         jle 0x80489ef
75 c7                         jnz 0x80489b6
75 04                         jnz 0x8048a0d
75 0e                         jnz 0x8048a23
7c 85                         jl 0x80489b4
int
83 7d ec 00                   cmpl  $0x0, -0x14(%ebp)
7e 1a                         jle 0x80489ef
75 c7                         jnz 0x80489b6
75 04                         jnz 0x8048a0d
75 0e                         jnz 0x8048a23
7c 85                         jl 0x80489b4
eb 19                         jmp 0x80489cf
7e 1a                         jle 0x80489ef
75 c7                         jnz 0x80489b6
75 04                         jnz 0x8048a0d
75 0e                         jnz 0x8048a23
7c 85                         jl 0x80489b4
eb 19                         jmp 0x80489cf
7e 1a                         jle 0x80489ef
75 c7                         jnz 0x80489b6
75 04                         jnz 0x8048a0d
75 0e                         jnz 0x8048a23
7c 85                         jl 0x80489b4
eb 19                         jmp 0x80489cf
7e 1a                         jle 0x80489ef
int
83 45 ec 01                   addl  $0x1, -0x14(%ebp)
8b 45 ec                      movl  -0x14(%ebp), %eax
83 7d ec 00                   cmpl  $0x0, -0x14(%ebp)
7e 1a                         jle 0x80489ef
8b 4d ec                      movl  -0x14(%ebp), %ecx
01 c8                         add %ecx, %eax
75 c7                         jnz 0x80489b6
8b 4d ec                      movl  -0x14(%ebp), %ecx
01 c8                         add %ecx, %eax
75 04                         jnz 0x8048a0d
83 45 ec 01                   addl  $0x1, -0x14(%ebp)
8b 45 ec                      movl  -0x14(%ebp), %eax
75 0e                         jnz 0x8048a23
7c 85                         jl 0x80489b4
eb 19                         jmp 0x80489cf
83 7d ec 00                   cmpl  $0x0, -0x14(%ebp)
7e 1a                         jle 0x80489ef
8b 4d ec                      movl  -0x14(%ebp), %ecx
01 c8                         add %ecx, %eax
75 c7                         jnz 0x80489b6
int
3b 45 e4                      cmpl  -0x1c(%ebp), %eax
75 0e                         jnz 0x8048a23
7c 85                         jl 0x80489b4
eb 19                         jmp 0x80489cf
7e 1a                         jle 0x80489ef
75 c7                         jnz 0x80489b6
75 04                         jnz 0x8048a0d
75 0e                         jnz 0x8048a23
7c 85                         jl 0x80489b4
eb 19                         jmp 0x80489cf
7e 1a                         jle 0x80489ef
75 c7                         jnz 0x80489b6
75 04                         jnz 0x8048a0d
75 0e                         jnz 0x8048a23
7c 85                         jl 0x80489b4
eb 19                         jmp 0x80489cf
7e 1a                         jle 0x80489ef
75 c7                         jnz 0x80489b6
75 04                         jnz 0x8048a0d
75 0e                         jnz 0x8048a23
int
83 45 f0 01                   addl  $0x1, -0x10(%ebp)
8b 45 f0                      movl  -0x10(%ebp), %eax
8b 55 f0                      movl  -0x10(%ebp), %edx
01 d0                         add %edx, %eax
8b 55 f0                      movl  -0x10(%ebp), %edx
01 d0                         add %edx, %eax
83 45 f0 01                   addl  $0x1, -0x10(%ebp)
8b 45 f0                      movl  -0x10(%ebp), %eax
8b 55 f0                      movl  -0x10(%ebp), %edx
01 d0                         add %edx, %eax
8b 55 f0                      movl  -0x10(%ebp), %edx
01 d0                         add %edx, %eax
83 45 f0 01                   addl  $0x1, -0x10(%ebp)
8b 45 f0                      movl  -0x10(%ebp), %eax
8b 55 f0                      movl  -0x10(%ebp), %edx
01 d0                         add %edx, %eax
8b 55 f0                      movl  -0x10(%ebp), %edx
01 d0                         add %edx, %eax
83 45 f0 01                   addl  $0x1, -0x10(%ebp)
8b 45 f0                      movl  -0x10(%ebp), %eax
int
3b 45 e8                      cmpl  -0x18(%ebp), %eax
7c 85                         jl 0x80489b4
eb 19                         jmp 0x80489cf
7e 1a                         jle 0x80489ef
75 c7                         jnz 0x80489b6
75 04                         jnz 0x8048a0d
75 0e                         jnz 0x8048a23
7c 85                         jl 0x80489b4
eb 19                         jmp 0x80489cf
7e 1a                         jle 0x80489ef
75 c7                         jnz 0x80489b6
75 04                         jnz 0x8048a0d
75 0e                         jnz 0x8048a23
7c 85                         jl 0x80489b4
eb 19                         jmp 0x80489cf
7e 1a                         jle 0x80489ef
75 c7                         jnz 0x80489b6
75 04                         jnz 0x8048a0d
75 0e                         jnz 0x8048a23
7c 85                         jl 0x80489b4
int
83 7d ec 00                   cmpl  $0x0, -0x14(%ebp)
7e 1a                         jle 0x80489ef
75 c7                         jnz 0x80489b6
75 04                         jnz 0x8048a0d
75 0e                         jnz 0x8048a23
7c 85                         jl 0x80489b4
eb 19                         jmp 0x80489cf
7e 1a                         jle 0x80489ef
75 c7                         jnz 0x80489b6
75 04                         jnz 0x8048a0d
75 0e                         jnz 0x8048a23
7c 85                         jl 0x80489b4
eb 19                         jmp 0x80489cf
7e 1a                         jle 0x80489ef
75 c7                         jnz 0x80489b6
75 04                         jnz 0x8048a0d
75 0e                         jnz 0x8048a23
7c 85                         jl 0x80489b4
eb 19                         jmp 0x80489cf
7e 1a                         jle 0x80489ef
int
83 45 ec 01                   addl  $0x1, -0x14(%ebp)
8b 45 ec                      movl  -0x14(%ebp), %eax
83 7d ec 00                   cmpl  $0x0, -0x14(%ebp)
7e 1a                         jle 0x80489ef
8b 4d ec                      movl  -0x14(%ebp), %ecx
01 c8                         add %ecx, %eax
75 c7                         jnz 0x80489b6
8b 4d ec                      movl  -0x14(%ebp), %ecx
01 c8                         add %ecx, %eax
75 04                         jnz 0x8048a0d
83 45 ec 01                   addl  $0x1, -0x14(%ebp)
8b 45 ec                      movl  -0x14(%ebp), %eax
75 0e                         jnz 0x8048a23
7c 85                         jl 0x80489b4
eb 19                         jmp 0x80489cf
83 7d ec 00                   cmpl  $0x0, -0x14(%ebp)
7e 1a                         jle 0x80489ef
8b 4d ec                      movl  -0x14(%ebp), %ecx
01 c8                         add %ecx, %eax
75 c7                         jnz 0x80489b6
int
3b 45 e4                      cmpl  -0x1c(%ebp), %eax
75 0e                         jnz 0x8048a23
7c 85                         jl 0x80489b4
eb 19                         jmp 0x80489cf
7e 1a                         jle 0x80489ef
75 c7                         jnz 0x80489b6
75 04                         jnz 0x8048a0d
75 0e                         jnz 0x8048a23
7c 85                         jl 0x80489b4
eb 19                         jmp 0x80489cf
7e 1a                         jle 0x80489ef
75 c7                         jnz 0x80489b6
75 04                         jnz 0x8048a0d
75 0e                         jnz 0x8048a23
7c 85                         jl 0x80489b4
eb 19                         jmp 0x80489cf
7e 1a                         jle 0x80489ef
75 c7                         jnz 0x80489b6
7e 1a                         jle 0x80489ef
75 c7                         jnz 0x80489b6
int
83 45 f0 01                   addl  $0x1, -0x10(%ebp)
8b 45 f0                      movl  -0x10(%ebp), %eax
8b 55 f0                      movl  -0x10(%ebp), %edx
01 d0                         add %edx, %eax
8b 55 f0                      movl  -0x10(%ebp), %edx
01 d0                         add %edx, %eax
83 45 f0 01                   addl  $0x1, -0x10(%ebp)
8b 45 f0                      movl  -0x10(%ebp), %eax
8b 55 f0                      movl  -0x10(%ebp), %edx
01 d0                         add %edx, %eax
8b 55 f0                      movl  -0x10(%ebp), %edx
01 d0                         add %edx, %eax
83 45 f0 01                   addl  $0x1, -0x10(%ebp)
8b 45 f0                      movl  -0x10(%ebp), %eax
8b 55 f0                      movl  -0x10(%ebp), %edx
01 d0                         add %edx, %eax
8b 55 f0                      movl  -0x10(%ebp), %edx
01 d0                         add %edx, %eax
8b 55 f0                      movl  -0x10(%ebp), %edx
01 d0                         add %edx, %eax
int
3b 45 e8                      cmpl  -0x18(%ebp), %eax
7c 85                         jl 0x80489b4
eb 19                         jmp 0x80489cf
7e 1a                         jle 0x80489ef
75 c7                         jnz 0x80489b6
75 04                         jnz 0x8048a0d
75 0e                         jnz 0x8048a23
7c 85                         jl 0x80489b4
eb 19                         jmp 0x80489cf
7e 1a                         jle 0x80489ef
75 c7                         jnz 0x80489b6
75 04                         jnz 0x8048a0d
75 0e                         jnz 0x8048a23
7c 85                         jl 0x80489b4
eb 19                         jmp 0x80489cf
7e 1a                         jle 0x80489ef
75 c7                         jnz 0x80489b6
7e 1a                         jle 0x80489ef
75 c7                         jnz 0x80489b6
7e 1a                         jle 0x80489ef
int
83 7d ec 00                   cmpl  $0x0, -0x14(%ebp)
7e 1a                         jle 0x80489ef
75 c7                         jnz 0x80489b6
75 04                         jnz 0x8048a0d
75 0e                         jnz 0x8048a23
7c 85                         jl 0x80489b4
eb 19                         jmp 0x80489cf
7e 1a                         jle 0x80489ef
75 c7                         jnz 0x80489b6
75 04                         jnz 0x8048a0d
75 0e                         jnz 0x8048a23
7c 85                         jl 0x80489b4
eb 19                         jmp 0x80489cf
7e 1a                         jle 0x80489ef
75 c7                         jnz 0x80489b6
7e 1a                         jle 0x80489ef
75 c7                         jnz 0x80489b6
7e 1a                         jle 0x80489ef
75 04                         jnz 0x8048a0d
75 0e                         jnz 0x8048a23
int
83 45 ec 01                   addl  $0x1, -0x14(%ebp)
8b 45 ec                      movl  -0x14(%ebp), %eax
83 7d ec 00                   cmpl  $0x0, -0x14(%ebp)
7e 1a                         jle 0x80489ef
8b 4d ec                      movl  -0x14(%ebp), %ecx
01 c8                         add %ecx, %eax
75 c7                         jnz 0x80489b6
8b 4d ec                      movl  -0x14(%ebp), %ecx
01 c8                         add %ecx, %eax
75 04                         jnz 0x8048a0d
83 45 ec 01                   addl  $0x1, -0x14(%ebp)
8b 45 ec                      movl  -0x14(%ebp), %eax
75 0e                         jnz 0x8048a23
7c 85                         jl 0x80489b4
eb 19                         jmp 0x80489cf
83 7d ec 00                   cmpl  $0x0, -0x14(%ebp)
7e 1a                         jle 0x80489ef
8b 4d ec                      movl  -0x14(%ebp), %ecx
01 c8                         add %ecx, %eax
75 c7                         jnz 0x80489b6
int
3b 45 e4                      cmpl  -0x1c(%ebp), %eax
75 0e                         jnz 0x8048a23
7c 85                         jl 0x80489b4
eb 19                         jmp 0x80489cf
7e 1a                         jle 0x80489ef
75 c7                         jnz 0x80489b6
75 04                         jnz 0x8048a0d
75 0e                         jnz 0x8048a23
7c 85                         jl 0x80489b4
eb 19                         jmp 0x80489cf
7e 1a                         jle 0x80489ef
75 c7                         jnz 0x80489b6
7e 1a                         jle 0x80489ef
75 c7                         jnz 0x80489b6
7e 1a                         jle 0x80489ef
75 04                         jnz 0x8048a0d
75 0e                         jnz 0x8048a23
7c 85                         jl 0x80489b4
eb 19                         jmp 0x80489cf
7e 1a                         jle 0x80489ef
int
83 45 f0 01                   addl  $0x1, -0x10(%ebp)
8b 45 f0                      movl  -0x10(%ebp), %eax
8b 55 f0                      movl  -0x10(%ebp), %edx
01 d0                         add %edx, %eax
8b 55 f0                      movl  -0x10(%ebp), %edx
01 d0                         add %edx, %eax
83 45 f0 01                   addl  $0x1, -0x10(%ebp)
8b 45 f0                      movl  -0x10(%ebp), %eax
8b 55 f0                      movl  -0x10(%ebp), %edx
01 d0                         add %edx, %eax
8b 55 f0                      movl  -0x10(%ebp), %edx
01 d0                         add %edx, %eax
8b 55 f0                      movl  -0x10(%ebp), %edx
01 d0                         add %edx, %eax
83 45 f0 01                   addl  $0x1, -0x10(%ebp)
8b 45 f0                      movl  -0x10(%ebp), %eax
8b 55 f0                      movl  -0x10(%ebp), %edx
01 d0                         add %edx, %eax
83 45 f0 01                   addl  $0x1, -0x10(%ebp)
8b 45 f0                      movl  -0x10(%ebp), %eax
int
3b 45 e8                      cmpl  -0x18(%ebp), %eax
7c 85                         jl 0x80489b4
eb 19                         jmp 0x80489cf
7e 1a                         jle 0x80489ef
75 c7                         jnz 0x80489b6
75 04                         jnz 0x8048a0d
75 0e                         jnz 0x8048a23
7c 85                         jl 0x80489b4
eb 19                         jmp 0x80489cf
7e 1a                         jle 0x80489ef
75 c7                         jnz 0x80489b6
7e 1a                         jle 0x80489ef
75 c7                         jnz 0x80489b6
7e 1a                         jle 0x80489ef
75 04                         jnz 0x8048a0d
75 0e                         jnz 0x8048a23
7c 85                         jl 0x80489b4
eb 19                         jmp 0x80489cf
7e 1a                         jle 0x80489ef
75 04                         jnz 0x8048a0d
int
83 7d ec 00                   cmpl  $0x0, -0x14(%ebp)
7e 1a                         jle 0x80489ef
75 c7                         jnz 0x80489b6
75 04                         jnz 0x8048a0d
75 0e                         jnz 0x8048a23
7c 85                         jl 0x80489b4
eb 19                         jmp 0x80489cf
7e 1a                         jle 0x80489ef
75 c7                         jnz 0x80489b6
7e 1a                         jle 0x80489ef
75 c7                         jnz 0x80489b6
7e 1a                         jle 0x80489ef
75 04                         jnz 0x8048a0d
75 0e                         jnz 0x8048a23
7c 85                         jl 0x80489b4
eb 19                         jmp 0x80489cf
7e 1a                         jle 0x80489ef
75 04                         jnz 0x8048a0d
75 0e                         jnz 0x8048a23
7c 85                         jl 0x80489b4
int
83 45 ec 01                   addl  $0x1, -0x14(%ebp)
8b 45 ec                      movl  -0x14(%ebp), %eax
83 7d ec 00                   cmpl  $0x0, -0x14(%ebp)
7e 1a                         jle 0x80489ef
8b 4d ec                      movl  -0x14(%ebp), %ecx
01 c8                         add %ecx, %eax
75 c7                         jnz 0x80489b6
8b 45 ec                      movl  -0x14(%ebp), %eax
05 ff ff ff 3f                add $0x3fffffff, %eax
7e 1a                         jle 0x80489ef
75 c7                         jnz 0x80489b6
7e 1a                         jle 0x80489ef
75 04                         jnz 0x8048a0d
75 0e                         jnz 0x8048a23
7c 85                         jl 0x80489b4
eb 19                         jmp 0x80489cf
7e 1a                         jle 0x80489ef
75 04                         jnz 0x8048a0d
75 0e                         jnz 0x8048a23
7c 85                         jl 0x80489b4
int
3b 45 e4                      cmpl  -0x1c(%ebp), %eax
75 0e                         jnz 0x8048a23
7c 85                         jl 0x80489b4
eb 19                         jmp 0x80489cf
7e 1a                         jle 0x80489ef
75 c7                         jnz 0x80489b6
7e 1a                         jle 0x80489ef
75 c7                         jnz 0x80489b6
7e 1a                         jle 0x80489ef
75 04                         jnz 0x8048a0d
75 0e                         jnz 0x8048a23
7c 85                         jl 0x80489b4
eb 19                         jmp 0x80489cf
7e 1a                         jle 0x80489ef
75 04                         jnz 0x8048a0d
75 0e                         jnz 0x8048a23
7c 85                         jl 0x80489b4
eb 19                         jmp 0x80489cf
7e 1a                         jle 0x80489ef
75 c7                         jnz 0x80489b6
int
83 45 f0 01                   addl  $0x1, -0x10(%ebp)
8b 45 f0                      movl  -0x10(%ebp), %eax
8b 55 f0                      movl  -0x10(%ebp), %edx
01 d0                         add %edx, %eax
8b 55 f0                      movl  -0x10(%ebp), %edx
01 d0                         add %edx, %eax
8b 55 f0                      movl  -0x10(%ebp), %edx
01 d0                         add %edx, %eax
83 45 f0 01                   addl  $0x1, -0x10(%ebp)
8b 45 f0                      movl  -0x10(%ebp), %eax
8b 55 f0                      movl  -0x10(%ebp), %edx
01 d0                         add %edx, %eax
83 45 f0 01                   addl  $0x1, -0x10(%ebp)
8b 45 f0                      movl  -0x10(%ebp), %eax
8b 55 f0                      movl  -0x10(%ebp), %edx
01 d0                         add %edx, %eax
8b 55 f0                      movl  -0x10(%ebp), %edx
01 d0                         add %edx, %eax
83 45 f0 01                   addl  $0x1, -0x10(%ebp)
8b 45 f0                      movl  -0x10(%ebp), %eax
int
3b 45 e8                      cmpl  -0x18(%ebp), %eax
7c 85                         jl 0x80489b4
eb 19                         jmp 0x80489cf
7e 1a                         jle 0x80489ef
75 c7                         jnz 0x80489b6
7e 1a                         jle 0x80489ef
75 c7                         jnz 0x80489b6
7e 1a                         jle 0x80489ef
75 04                         jnz 0x8048a0d
75 0e                         jnz 0x8048a23
7c 85                         jl 0x80489b4
eb 19                         jmp 0x80489cf
7e 1a                         jle 0x80489ef
75 04                         jnz 0x8048a0d
75 0e                         jnz 0x8048a23
7c 85                         jl 0x80489b4
eb 19                         jmp 0x80489cf
7e 1a                         jle 0x80489ef
75 c7                         jnz 0x80489b6
75 04                         jnz 0x8048a0d
int
83 7d ec 00                   cmpl  $0x0, -0x14(%ebp)
7e 1a                         jle 0x80489ef
75 c7                         jnz 0x80489b6
7e 1a                         jle 0x80489ef
75 c7                         jnz 0x80489b6
7e 1a                         jle 0x80489ef
75 04                         jnz 0x8048a0d
75 0e                         jnz 0x8048a23
7c 85                         jl 0x80489b4
eb 19                         jmp 0x80489cf
7e 1a                         jle 0x80489ef
75 04                         jnz 0x8048a0d
75 0e                         jnz 0x8048a23
7c 85                         jl 0x80489b4
eb 19                         jmp 0x80489cf
7e 1a                         jle 0x80489ef
75 c7                         jnz 0x80489b6
75 04                         jnz 0x8048a0d
75 0e                         jnz 0x8048a23
7c 85                         jl 0x80489b4
int
83 7d ec 00                   cmpl  $0x0, -0x14(%ebp)
7e 1a                         jle 0x80489ef
75 c7                         jnz 0x80489b6
7e 1a                         jle 0x80489ef
75 04                         jnz 0x8048a0d
75 0e                         jnz 0x8048a23
7c 85                         jl 0x80489b4
eb 19                         jmp 0x80489cf
7e 1a                         jle 0x80489ef
75 04                         jnz 0x8048a0d
75 0e                         jnz 0x8048a23
7c 85                         jl 0x80489b4
eb 19                         jmp 0x80489cf
7e 1a                         jle 0x80489ef
75 c7                         jnz 0x80489b6
75 04                         jnz 0x8048a0d
75 0e                         jnz 0x8048a23
7c 85                         jl 0x80489b4
eb 19                         jmp 0x80489cf
7e 1a                         jle 0x80489ef
int
83 7d ec 00                   cmpl  $0x0, -0x14(%ebp)
7e 1a                         jle 0x80489ef
75 04                         jnz 0x8048a0d
75 0e                         jnz 0x8048a23
7c 85                         jl 0x80489b4
eb 19                         jmp 0x80489cf
7e 1a                         jle 0x80489ef
75 04                         jnz 0x8048a0d
75 0e                         jnz 0x8048a23
7c 85                         jl 0x80489b4
eb 19                         jmp 0x80489cf
7e 1a                         jle 0x80489ef
75 c7                         jnz 0x80489b6
75 04                         jnz 0x8048a0d
75 0e                         jnz 0x8048a23
7c 85                         jl 0x80489b4
eb 19                         jmp 0x80489cf
7e 1a                         jle 0x80489ef
75 c7                         jnz 0x80489b6
75 04                         jnz 0x8048a0d
int
3b 45 e4                      cmpl  -0x1c(%ebp), %eax
75 0e                         jnz 0x8048a23
7c 85                         jl 0x80489b4
eb 19                         jmp 0x80489cf
7e 1a                         jle 0x80489ef
75 04                         jnz 0x8048a0d
75 0e                         jnz 0x8048a23
7c 85                         jl 0x80489b4
eb 19                         jmp 0x80489cf
7e 1a                         jle 0x80489ef
75 c7                         jnz 0x80489b6
75 04                         jnz 0x8048a0d
75 0e                         jnz 0x8048a23
7c 85                         jl 0x80489b4
eb 19                         jmp 0x80489cf
7e 1a                         jle 0x80489ef
75 c7                         jnz 0x80489b6
75 04                         jnz 0x8048a0d
75 0e                         jnz 0x8048a23
7c 85                         jl 0x80489b4
int
83 45 f0 01                   addl  $0x1, -0x10(%ebp)
8b 45 f0                      movl  -0x10(%ebp), %eax
8b 55 f0                      movl  -0x10(%ebp), %edx
01 d0                         add %edx, %eax
83 45 f0 01                   addl  $0x1, -0x10(%ebp)
8b 45 f0                      movl  -0x10(%ebp), %eax
8b 55 f0                      movl  -0x10(%ebp), %edx
01 d0                         add %edx, %eax
8b 55 f0                      movl  -0x10(%ebp), %edx
01 d0                         add %edx, %eax
83 45 f0 01                   addl  $0x1, -0x10(%ebp)
8b 45 f0                      movl  -0x10(%ebp), %eax
8b 55 f0                      movl  -0x10(%ebp), %edx
01 d0                         add %edx, %eax
8b 55 f0                      movl  -0x10(%ebp), %edx
01 d0                         add %edx, %eax
83 45 f0 01                   addl  $0x1, -0x10(%ebp)
8b 45 f0                      movl  -0x10(%ebp), %eax
8b 55 f0                      movl  -0x10(%ebp), %edx
01 d0                         add %edx, %eax
int
3b 45 e8                      cmpl  -0x18(%ebp), %eax
7c 85                         jl 0x80489b4
eb 19                         jmp 0x80489cf
7e 1a                         jle 0x80489ef
75 04                         jnz 0x8048a0d
75 0e                         jnz 0x8048a23
7c 85                         jl 0x80489b4
eb 19                         jmp 0x80489cf
7e 1a                         jle 0x80489ef
75 c7                         jnz 0x80489b6
75 04                         jnz 0x8048a0d
75 0e                         jnz 0x8048a23
7c 85                         jl 0x80489b4
eb 19                         jmp 0x80489cf
7e 1a                         jle 0x80489ef
75 c7                         jnz 0x80489b6
75 04                         jnz 0x8048a0d
75 0e                         jnz 0x8048a23
7c 85                         jl 0x80489b4
eb 19                         jmp 0x80489cf
int
83 7d ec 00                   cmpl  $0x0, -0x14(%ebp)
7e 1a                         jle 0x80489ef
75 04                         jnz 0x8048a0d
75 0e                         jnz 0x8048a23
7c 85                         jl 0x80489b4
eb 19                         jmp 0x80489cf
7e 1a                         jle 0x80489ef
75 c7                         jnz 0x80489b6
75 04                         jnz 0x8048a0d
75 0e                         jnz 0x8048a23
7c 85                         jl 0x80489b4
eb 19                         jmp 0x80489cf
7e 1a                         jle 0x80489ef
75 c7                         jnz 0x80489b6
75 04                         jnz 0x8048a0d
75 0e                         jnz 0x8048a23
7c 85                         jl 0x80489b4
eb 19                         jmp 0x80489cf
7e 1a                         jle 0x80489ef
75 c7                         jnz 0x80489b6
int
83 45 ec 01                   addl  $0x1, -0x14(%ebp)
8b 45 ec                      movl  -0x14(%ebp), %eax
83 7d ec 00                   cmpl  $0x0, -0x14(%ebp)
7e 1a                         jle 0x80489ef
8b 4d ec                      movl  -0x14(%ebp), %ecx
01 c8                         add %ecx, %eax
75 c7                         jnz 0x80489b6
8b 4d ec                      movl  -0x14(%ebp), %ecx
01 c8                         add %ecx, %eax
75 04                         jnz 0x8048a0d
83 45 ec 01                   addl  $0x1, -0x14(%ebp)
8b 45 ec                      movl  -0x14(%ebp), %eax
75 0e                         jnz 0x8048a23
7c 85                         jl 0x80489b4
eb 19                         jmp 0x80489cf
83 7d ec 00                   cmpl  $0x0, -0x14(%ebp)
7e 1a                         jle 0x80489ef
8b 4d ec                      movl  -0x14(%ebp), %ecx
01 c8                         add %ecx, %eax
75 c7                         jnz 0x80489b6
int
3b 45 e4                      cmpl  -0x1c(%ebp), %eax
75 0e                         jnz 0x8048a23
7c 85                         jl 0x80489b4
eb 19                         jmp 0x80489cf
7e 1a                         jle 0x80489ef
75 c7                         jnz 0x80489b6
75 04                         jnz 0x8048a0d
75 0e                         jnz 0x8048a23
7c 85                         jl 0x80489b4
eb 19                         jmp 0x80489cf
7e 1a                         jle 0x80489ef
75 c7                         jnz 0x80489b6
75 04                         jnz 0x8048a0d
75 0e                         jnz 0x8048a23
7c 85                         jl 0x80489b4
eb 19                         jmp 0x80489cf
7e 1a                         jle 0x80489ef
75 c7                         jnz 0x80489b6
75 04                         jnz 0x8048a0d
75 0e                         jnz 0x8048a23
int
83 45 f0 01                   addl  $0x1, -0x10(%ebp)
8b 45 f0                      movl  -0x10(%ebp), %eax
8b 55 f0                      movl  -0x10(%ebp), %edx
01 d0                         add %edx, %eax
8b 55 f0                      movl  -0x10(%ebp), %edx
01 d0                         add %edx, %eax
83 45 f0 01                   addl  $0x1, -0x10(%ebp)
8b 45 f0                      movl  -0x10(%ebp), %eax
8b 55 f0                      movl  -0x10(%ebp), %edx
01 d0                         add %edx, %eax
8b 55 f0                      movl  -0x10(%ebp), %edx
01 d0                         add %edx, %eax
83 45 f0 01                   addl  $0x1, -0x10(%ebp)
8b 45 f0                      movl  -0x10(%ebp), %eax
8b 55 f0                      movl  -0x10(%ebp), %edx
01 d0                         add %edx, %eax
8b 55 f0                      movl  -0x10(%ebp), %edx
01 d0                         add %edx, %eax
83 45 f0 01                   addl  $0x1, -0x10(%ebp)
8b 45 f0                      movl  -0x10(%ebp), %eax
int
3b 45 e8                      cmpl  -0x18(%ebp), %eax
7c 85                         jl 0x80489b4
eb 19                         jmp 0x80489cf
7e 1a                         jle 0x80489ef
75 c7                         jnz 0x80489b6
75 04                         jnz 0x8048a0d
75 0e                         jnz 0x8048a23
7c 85                         jl 0x80489b4
eb 19                         jmp 0x80489cf
7e 1a                         jle 0x80489ef
75 c7                         jnz 0x80489b6
75 04                         jnz 0x8048a0d
75 0e                         jnz 0x8048a23
7c 85                         jl 0x80489b4
eb 19                         jmp 0x80489cf
7e 1a                         jle 0x80489ef
75 c7                         jnz 0x80489b6
75 04                         jnz 0x8048a0d
75 0e                         jnz 0x8048a23
7c 85                         jl 0x80489b4
int
83 7d ec 00                   cmpl  $0x0, -0x14(%ebp)
7e 1a                         jle 0x80489ef
75 c7                         jnz 0x80489b6
75 04                         jnz 0x8048a0d
75 0e                         jnz 0x8048a23
7c 85                         jl 0x80489b4
eb 19                         jmp 0x80489cf
7e 1a                         jle 0x80489ef
75 c7                         jnz 0x80489b6
75 04                         jnz 0x8048a0d
75 0e                         jnz 0x8048a23
7c 85                         jl 0x80489b4
eb 19                         jmp 0x80489cf
7e 1a                         jle 0x80489ef
75 c7                         jnz 0x80489b6
75 04                         jnz 0x8048a0d
75 0e                         jnz 0x8048a23
7c 85                         jl 0x80489b4
eb 19                         jmp 0x80489cf
7e 1a                         jle 0x80489ef
int
83 45 ec 01                   addl  $0x1, -0x14(%ebp)
8b 45 ec                      movl  -0x14(%ebp), %eax
83 7d ec 00                   cmpl  $0x0, -0x14(%ebp)
7e 1a                         jle 0x80489ef
8b 4d ec                      movl  -0x14(%ebp), %ecx
01 c8                         add %ecx, %eax
75 c7                         jnz 0x80489b6
8b 4d ec                      movl  -0x14(%ebp), %ecx
01 c8                         add %ecx, %eax
75 04                         jnz 0x8048a0d
83 45 ec 01                   addl  $0x1, -0x14(%ebp)
8b 45 ec                      movl  -0x14(%ebp), %eax
75 0e                         jnz 0x8048a23
7c 85                         jl 0x80489b4
eb 19                         jmp 0x80489cf
83 7d ec 00                   cmpl  $0x0, -0x14(%ebp)
7e 1a                         jle 0x80489ef
8b 4d ec                      movl  -0x14(%ebp), %ecx
01 c8                         add %ecx, %eax
75 c7                         jnz 0x80489b6
int
3b 45 e4                      cmpl  -0x1c(%ebp), %eax
75 0e                         jnz 0x8048a23
7c 85                         jl 0x80489b4
eb 19                         jmp 0x80489cf
7e 1a                         jle 0x80489ef
75 c7                         jnz 0x80489b6
75 04                         jnz 0x8048a0d
75 0e                         jnz 0x8048a23
7c 85                         jl 0x80489b4
eb 19                         jmp 0x80489cf
7e 1a                         jle 0x80489ef
75 c7                         jnz 0x80489b6
75 04                         jnz 0x8048a0d
75 0e                         jnz 0x8048a23
7c 85                         jl 0x80489b4
eb 19                         jmp 0x80489cf
7e 1a                         jle 0x80489ef
75 c7                         jnz 0x80489b6
75 04                         jnz 0x8048a0d
75 0e                         jnz 0x8048a23
int
83 45 f0 01                   addl  $0x1, -0x10(%ebp)
8b 45 f0                      movl  -0x10(%ebp), %eax
8b 55 f0                      movl  -0x10(%ebp), %edx
01 d0                         add %edx, %eax
8b 55 f0                      movl  -0x10(%ebp), %edx
01 d0                         add %edx, %eax
83 45 f0 01                   addl  $0x1, -0x10(%ebp)
8b 45 f0                      movl  -0x10(%ebp), %eax
8b 55 f0                      movl  -0x10(%ebp), %edx
01 d0                         add %edx, %eax
8b 55 f0                      movl  -0x10(%ebp), %edx
01 d0                         add %edx, %eax
83 45 f0 01                   addl  $0x1, -0x10(%ebp)
8b 45 f0                      movl  -0x10(%ebp), %eax
8b 55 f0                      movl  -0x10(%ebp), %edx
01 d0                         add %edx, %eax
8b 55 f0                      movl  -0x10(%ebp), %edx
01 d0                         add %edx, %eax
83 45 f0 01                   addl  $0x1, -0x10(%ebp)
8b 45 f0                      movl  -0x10(%ebp), %eax
int
3b 45 e8                      cmpl  -0x18(%ebp), %eax
7c 85                         jl 0x80489b4
eb 19                         jmp 0x80489cf
7e 1a                         jle 0x80489ef
75 c7                         jnz 0x80489b6
75 04                         jnz 0x8048a0d
75 0e                         jnz 0x8048a23
7c 85                         jl 0x80489b4
eb 19                         jmp 0x80489cf
7e 1a                         jle 0x80489ef
75 c7                         jnz 0x80489b6
75 04                         jnz 0x8048a0d
75 0e                         jnz 0x8048a23
7c 85                         jl 0x80489b4
eb 19                         jmp 0x80489cf
7e 1a                         jle 0x80489ef
75 c7                         jnz 0x80489b6
75 04                         jnz 0x8048a0d
75 0e                         jnz 0x8048a23
7c 85                         jl 0x80489b4
int
83 7d ec 00                   cmpl  $0x0, -0x14(%ebp)
7e 1a                         jle 0x80489ef
75 c7                         jnz 0x80489b6
75 04                         jnz 0x8048a0d
75 0e                         jnz 0x8048a23
7c 85                         jl 0x80489b4
eb 19                         jmp 0x80489cf
7e 1a                         jle 0x80489ef
75 c7                         jnz 0x80489b6
75 04                         jnz 0x8048a0d
75 0e                         jnz 0x8048a23
7c 85                         jl 0x80489b4
eb 19                         jmp 0x80489cf
7e 1a                         jle 0x80489ef
75 c7                         jnz 0x80489b6
75 04                         jnz 0x8048a0d
75 0e                         jnz 0x8048a23
7c 85                         jl 0x80489b4
eb 19                         jmp 0x80489cf
7e 1a                         jle 0x80489ef
int
83 45 ec 01                   addl  $0x1, -0x14(%ebp)
8b 45 ec                      movl  -0x14(%ebp), %eax
83 7d ec 00                   cmpl  $0x0, -0x14(%ebp)
7e 1a                         jle 0x80489ef
8b 4d ec                      movl  -0x14(%ebp), %ecx
01 c8                         add %ecx, %eax
75 c7                         jnz 0x80489b6
8b 4d ec                      movl  -0x14(%ebp), %ecx
01 c8                         add %ecx, %eax
75 04                         jnz 0x8048a0d
83 45 ec 01                   addl  $0x1, -0x14(%ebp)
8b 45 ec                      movl  -0x14(%ebp), %eax
75 0e                         jnz 0x8048a23
7c 85                         jl 0x80489b4
eb 19                         jmp 0x80489cf
83 7d ec 00                   cmpl  $0x0, -0x14(%ebp)
7e 1a                         jle 0x80489ef
8b 4d ec                      movl  -0x14(%ebp), %ecx
01 c8                         add %ecx, %eax
75 c7                         jnz 0x80489b6
int
3b 45 e4                      cmpl  -0x1c(%ebp), %eax
75 0e                         jnz 0x8048a23
7c 85                         jl 0x80489b4
eb 19                         jmp 0x80489cf
7e 1a                         jle 0x80489ef
75 c7                         jnz 0x80489b6
75 04                         jnz 0x8048a0d
75 0e                         jnz 0x8048a23
7c 85                         jl 0x80489b4
eb 19                         jmp 0x80489cf
7e 1a                         jle 0x80489ef
75 c7                         jnz 0x80489b6
75 04                         jnz 0x8048a0d
75 0e                         jnz 0x8048a23
7c 85                         jl 0x80489b4
eb 19                         jmp 0x80489cf
7e 1a                         jle 0x80489ef
75 c7                         jnz 0x80489b6
75 04                         jnz 0x8048a0d
75 0e                         jnz 0x8048a23
int
83 45 f0 01                   addl  $0x1, -0x10(%ebp)
8b 45 f0                      movl  -0x10(%ebp), %eax
8b 55 f0                      movl  -0x10(%ebp), %edx
01 d0                         add %edx, %eax
8b 55 f0                      movl  -0x10(%ebp), %edx
01 d0                         add %edx, %eax
83 45 f0 01                   addl  $0x1, -0x10(%ebp)
8b 45 f0                      movl  -0x10(%ebp), %eax
8b 55 f0                      movl  -0x10(%ebp), %edx
01 d0                         add %edx, %eax
8b 55 f0                      movl  -0x10(%ebp), %edx
01 d0                         add %edx, %eax
83 45 f0 01                   addl  $0x1, -0x10(%ebp)
8b 45 f0                      movl  -0x10(%ebp), %eax
8b 55 f0                      movl  -0x10(%ebp), %edx
01 d0                         add %edx, %eax
8b 55 f0                      movl  -0x10(%ebp), %edx
01 d0                         add %edx, %eax
83 45 f0 01                   addl  $0x1, -0x10(%ebp)
8b 45 f0                      movl  -0x10(%ebp), %eax
int
3b 45 e8                      cmpl  -0x18(%ebp), %eax
7c 85                         jl 0x80489b4
eb 19                         jmp 0x80489cf
7e 1a                         jle 0x80489ef
75 c7                         jnz 0x80489b6
75 04                         jnz 0x8048a0d
75 0e                         jnz 0x8048a23
7c 85                         jl 0x80489b4
eb 19                         jmp 0x80489cf
7e 1a                         jle 0x80489ef
75 c7                         jnz 0x80489b6
75 04                         jnz 0x8048a0d
75 0e                         jnz 0x8048a23
7c 85                         jl 0x80489b4
eb 19                         jmp 0x80489cf
7e 1a                         jle 0x80489ef
75 c7                         jnz 0x80489b6
75 04                         jnz 0x8048a0d
75 0e                         jnz 0x8048a23
7c 85                         jl 0x80489b4
int
83 7d ec 00                   cmpl  $0x0, -0x14(%ebp)
7e 1a                         jle 0x80489ef
75 c7                         jnz 0x80489b6
75 04                         jnz 0x8048a0d
75 0e                         jnz 0x8048a23
7c 85                         jl 0x80489b4
eb 19                         jmp 0x80489cf
7e 1a                         jle 0x80489ef
75 c7                         jnz 0x80489b6
75 04                         jnz 0x8048a0d
75 0e                         jnz 0x8048a23
7c 85                         jl 0x80489b4
eb 19                         jmp 0x80489cf
7e 1a                         jle 0x80489ef
75 c7                         jnz 0x80489b6
75 04                         jnz 0x8048a0d
75 0e                         jnz 0x8048a23
7c 85                         jl 0x80489b4
eb 19                         jmp 0x80489cf
7e 1a                         jle 0x80489ef
int
83 45 ec 01                   addl  $0x1, -0x14(%ebp)
8b 45 ec                      movl  -0x14(%ebp), %eax
83 7d ec 00                   cmpl  $0x0, -0x14(%ebp)
7e 1a                         jle 0x80489ef
8b 4d ec                      movl  -0x14(%ebp), %ecx
01 c8                         add %ecx, %eax
75 c7                         jnz 0x80489b6
8b 4d ec                      movl  -0x14(%ebp), %ecx
01 c8                         add %ecx, %eax
75 04                         jnz 0x8048a0d
83 45 ec 01                   addl  $0x1, -0x14(%ebp)
8b 45 ec                      movl  -0x14(%ebp), %eax
75 0e                         jnz 0x8048a23
7c 85                         jl 0x80489b4
eb 19                         jmp 0x80489cf
83 7d ec 00                   cmpl  $0x0, -0x14(%ebp)
7e 1a                         jle 0x80489ef
8b 4d ec                      movl  -0x14(%ebp), %ecx
01 c8                         add %ecx, %eax
75 c7                         jnz 0x80489b6
int
3b 45 e4                      cmpl  -0x1c(%ebp), %eax
75 0e                         jnz 0x8048a23
7c 85                         jl 0x80489b4
eb 19                         jmp 0x80489cf
7e 1a                         jle 0x80489ef
75 c7                         jnz 0x80489b6
75 04                         jnz 0x8048a0d
75 0e                         jnz 0x8048a23
7c 85                         jl 0x80489b4
eb 19                         jmp 0x80489cf
7e 1a                         jle 0x80489ef
75 c7                         jnz 0x80489b6
75 04                         jnz 0x8048a0d
75 0e                         jnz 0x8048a23
7c 85                         jl 0x80489b4
eb 19                         jmp 0x80489cf
7e 1a                         jle 0x80489ef
75 c7                         jnz 0x80489b6
75 04                         jnz 0x8048a0d
75 0e                         jnz 0x8048a23
int
83 45 f0 01                   addl  $0x1, -0x10(%ebp)
8b 45 f0                      movl  -0x10(%ebp), %eax
8b 55 f0                      movl  -0x10(%ebp), %edx
01 d0                         add %edx, %eax
8b 55 f0                      movl  -0x10(%ebp), %edx
01 d0                         add %edx, %eax
83 45 f0 01                   addl  $0x1, -0x10(%ebp)
8b 45 f0                      movl  -0x10(%ebp), %eax
8b 55 f0                      movl  -0x10(%ebp), %edx
01 d0                         add %edx, %eax
8b 55 f0                      movl  -0x10(%ebp), %edx
01 d0                         add %edx, %eax
83 45 f0 01                   addl  $0x1, -0x10(%ebp)
8b 45 f0                      movl  -0x10(%ebp), %eax
8b 55 f0                      movl  -0x10(%ebp), %edx
01 d0                         add %edx, %eax
8b 55 f0                      movl  -0x10(%ebp), %edx
01 d0                         add %edx, %eax
8b 45 f0                      movl  -0x10(%ebp), %eax
83 c0 01                      add $0x1, %eax
int
3b 45 e8                      cmpl  -0x18(%ebp), %eax
7c 85                         jl 0x80489b4
eb 19                         jmp 0x80489cf
7e 1a                         jle 0x80489ef
75 c7                         jnz 0x80489b6
75 04                         jnz 0x8048a0d
75 0e                         jnz 0x8048a23
7c 85                         jl 0x80489b4
eb 19                         jmp 0x80489cf
7e 1a                         jle 0x80489ef
75 c7                         jnz 0x80489b6
75 04                         jnz 0x8048a0d
75 0e                         jnz 0x8048a23
7c 85                         jl 0x80489b4
eb 19                         jmp 0x80489cf
7e 1a                         jle 0x80489ef
75 c7                         jnz 0x80489b6
75 04                         jnz 0x8048a0d
75 0e                         jnz 0x8048a23
eb 0c                         jmp 0x8048a2f
int
83 7d ec 00                   cmpl  $0x0, -0x14(%ebp)
7e 1a                         jle 0x80489ef
75 c7                         jnz 0x80489b6
75 04                         jnz 0x8048a0d
75 0e                         jnz 0x8048a23
7c 85                         jl 0x80489b4
eb 19                         jmp 0x80489cf
7e 1a                         jle 0x80489ef
75 c7                         jnz 0x80489b6
75 04                         jnz 0x8048a0d
75 0e                         jnz 0x8048a23
7c 85                         jl 0x80489b4
eb 19                         jmp 0x80489cf
7e 1a                         jle 0x80489ef
75 c7                         jnz 0x80489b6
75 04                         jnz 0x8048a0d
75 0e                         jnz 0x8048a23
eb 0c                         jmp 0x8048a2f
e8 56 3e 01 00                calll  0x805c890
e8 12 d0 fe ff                calll  0x80498a9
int
83 45 ec 01                   addl  $0x1, -0x14(%ebp)
8b 45 ec                      movl  -0x14(%ebp), %eax
83 7d ec 00                   cmpl  $0x0, -0x14(%ebp)
7e 1a                         jle 0x80489ef
8b 4d ec                      movl  -0x14(%ebp), %ecx
01 c8                         add %ecx, %eax
75 c7                         jnz 0x80489b6
8b 4d ec                      movl  -0x14(%ebp), %ecx
01 c8                         add %ecx, %eax
75 04                         jnz 0x8048a0d
83 45 ec 01                   addl  $0x1, -0x14(%ebp)
8b 45 ec                      movl  -0x14(%ebp), %eax
75 0e                         jnz 0x8048a23
7c 85                         jl 0x80489b4
eb 19                         jmp 0x80489cf
83 7d ec 00                   cmpl  $0x0, -0x14(%ebp)
7e 1a                         jle 0x80489ef
8b 4d ec                      movl  -0x14(%ebp), %ecx
01 c8                         add %ecx, %eax
75 c7                         jnz 0x80489b6
int
3b 45 e4                      cmpl  -0x1c(%ebp), %eax
75 0e                         jnz 0x8048a23
7c 85                         jl 0x80489b4
eb 19                         jmp 0x80489cf
7e 1a                         jle 0x80489ef
75 c7                         jnz 0x80489b6
75 04                         jnz 0x8048a0d
75 0e                         jnz 0x8048a23
7c 85                         jl 0x80489b4
eb 19                         jmp 0x80489cf
7e 1a                         jle 0x80489ef
75 c7                         jnz 0x80489b6
75 04                         jnz 0x8048a0d
75 0e                         jnz 0x8048a23
eb 0c                         jmp 0x8048a2f
e8 56 3e 01 00                calll  0x805c890
e8 12 d0 fe ff                calll  0x80498a9
8b 34 24                      movl  (%esp), %esi
c3                            retl  
81 c6 69 c7 07 00             add $0x7c769, %esi
int
83 45 f0 01                   addl  $0x1, -0x10(%ebp)
8b 45 f0                      movl  -0x10(%ebp), %eax
8b 55 f0                      movl  -0x10(%ebp), %edx
01 d0                         add %edx, %eax
8b 55 f0                      movl  -0x10(%ebp), %edx
01 d0                         add %edx, %eax
83 45 f0 01                   addl  $0x1, -0x10(%ebp)
8b 45 f0                      movl  -0x10(%ebp), %eax
8b 55 f0                      movl  -0x10(%ebp), %edx
01 d0                         add %edx, %eax
8b 55 f0                      movl  -0x10(%ebp), %edx
01 d0                         add %edx, %eax
8b 45 f0                      movl  -0x10(%ebp), %eax
83 c0 01                      add $0x1, %eax
int
3b 45 e8                      cmpl  -0x18(%ebp), %eax
7c 85                         jl 0x80489b4
eb 19                         jmp 0x80489cf
7e 1a                         jle 0x80489ef
75 c7                         jnz 0x80489b6
75 04                         jnz 0x8048a0d
75 0e                         jnz 0x8048a23
7c 85                         jl 0x80489b4
eb 19                         jmp 0x80489cf
7e 1a                         jle 0x80489ef
75 c7                         jnz 0x80489b6
75 04                         jnz 0x8048a0d
75 0e                         jnz 0x8048a23
eb 0c                         jmp 0x8048a2f
e8 56 3e 01 00                calll  0x805c890
e8 12 d0 fe ff                calll  0x80498a9
8b 34 24                      movl  (%esp), %esi
c3                            retl  
81 c6 69 c7 07 00             add $0x7c769, %esi
83 ec 14                      sub $0x14, %esp
int
83 7d ec 00                   cmpl  $0x0, -0x14(%ebp)
7e 1a                         jle 0x80489ef
75 c7                         jnz 0x80489b6
75 04                         jnz 0x8048a0d
75 0e                         jnz 0x8048a23
7c 85                         jl 0x80489b4
eb 19                         jmp 0x80489cf
7e 1a                         jle 0x80489ef
75 c7                         jnz 0x80489b6
75 04                         jnz 0x8048a0d
75 0e                         jnz 0x8048a23
eb 0c                         jmp 0x8048a2f
e8 56 3e 01 00                calll  0x805c890
e8 12 d0 fe ff                calll  0x80498a9
8b 34 24                      movl  (%esp), %esi
c3                            retl  
81 c6 69 c7 07 00             add $0x7c769, %esi
83 ec 14                      sub $0x14, %esp
0f 85 7e 00 00 00             jnz 0x805c930
0f 84 83 00 00 00             jz 0x805c93d
int
83 45 ec 01                   addl  $0x1, -0x14(%ebp)
8b 45 ec                      movl  -0x14(%ebp), %eax
83 7d ec 00                   cmpl  $0x0, -0x14(%ebp)
7e 1a                         jle 0x80489ef
8b 4d ec                      movl  -0x14(%ebp), %ecx
01 c8                         add %ecx, %eax
75 c7                         jnz 0x80489b6
8b 4d ec                      movl  -0x14(%ebp), %ecx
01 c8                         add %ecx, %eax
75 04                         jnz 0x8048a0d
83 45 ec 01                   addl  $0x1, -0x14(%ebp)
8b 45 ec                      movl  -0x14(%ebp), %eax
75 0e                         jnz 0x8048a23
2b 45 ec                      subl  -0x14(%ebp), %eax
89 45 f4                      movl  %eax, -0xc(%ebp)
eb 0c                         jmp 0x8048a2f
e8 56 3e 01 00                calll  0x805c890
e8 12 d0 fe ff                calll  0x80498a9
8b 34 24                      movl  (%esp), %esi
c3                            retl  
int
3b 45 e4                      cmpl  -0x1c(%ebp), %eax
75 0e                         jnz 0x8048a23
7c 85                         jl 0x80489b4
eb 19                         jmp 0x80489cf
7e 1a                         jle 0x80489ef
75 c7                         jnz 0x80489b6
75 04                         jnz 0x8048a0d
75 0e                         jnz 0x8048a23
eb 0c                         jmp 0x8048a2f
e8 56 3e 01 00                calll  0x805c890
e8 12 d0 fe ff                calll  0x80498a9
8b 34 24                      movl  (%esp), %esi
c3                            retl  
81 c6 69 c7 07 00             add $0x7c769, %esi
83 ec 14                      sub $0x14, %esp
0f 85 7e 00 00 00             jnz 0x805c930
0f 84 83 00 00 00             jz 0x805c93d
75 2b                         jnz 0x805c8f0
74 79                         jz 0x805c948
8d 86 20 05 00 00             leal  0x520(%esi), %eax
int
83 45 f0 01                   addl  $0x1, -0x10(%ebp)
8b 45 f0                      movl  -0x10(%ebp), %eax
8b 55 f0                      movl  -0x10(%ebp), %edx
01 d0                         add %edx, %eax
8b 55 f0                      movl  -0x10(%ebp), %edx
01 d0                         add %edx, %eax
8b 45 f0                      movl  -0x10(%ebp), %eax
83 c0 01                      add $0x1, %eax
int
3b 45 e8                      cmpl  -0x18(%ebp), %eax
7c 85                         jl 0x80489b4
eb 19                         jmp 0x80489cf
7e 1a                         jle 0x80489ef
75 c7                         jnz 0x80489b6
75 04                         jnz 0x8048a0d
75 0e                         jnz 0x8048a23
eb 0c                         jmp 0x8048a2f
e8 56 3e 01 00                calll  0x805c890
e8 12 d0 fe ff                calll  0x80498a9
8b 34 24                      movl  (%esp), %esi
c3                            retl  
81 c6 69 c7 07 00             add $0x7c769, %esi
83 ec 14                      sub $0x14, %esp
0f 85 7e 00 00 00             jnz 0x805c930
0f 84 83 00 00 00             jz 0x805c93d
75 2b                         jnz 0x805c8f0
74 79                         jz 0x805c948
8d 86 20 05 00 00             leal  0x520(%esi), %eax
74 09                         jz 0x805c8e3
int
83 7d ec 00                   cmpl  $0x0, -0x14(%ebp)
7e 1a                         jle 0x80489ef
75 c7                         jnz 0x80489b6
75 04                         jnz 0x8048a0d
75 0e                         jnz 0x8048a23
eb 0c                         jmp 0x8048a2f
e8 56 3e 01 00                calll  0x805c890
e8 12 d0 fe ff                calll  0x80498a9
8b 34 24                      movl  (%esp), %esi
c3                            retl  
81 c6 69 c7 07 00             add $0x7c769, %esi
83 ec 14                      sub $0x14, %esp
0f 85 7e 00 00 00             jnz 0x805c930
0f 84 83 00 00 00             jz 0x805c93d
75 2b                         jnz 0x805c8f0
74 79                         jz 0x805c948
8d 86 20 05 00 00             leal  0x520(%esi), %eax
74 09                         jz 0x805c8e3
83 c4 14                      add $0x14, %esp
e9 91 c9 ff ff                jmp 0x8059280
int
83 45 ec 01                   addl  $0x1, -0x14(%ebp)
8b 45 ec                      movl  -0x14(%ebp), %eax
2b 45 ec                      subl  -0x14(%ebp), %eax
89 45 f4                      movl  %eax, -0xc(%ebp)
8b 45 f4                      movl  -0xc(%ebp), %eax
89 44 24 04                   movl  %eax, 0x4(%esp)
8b 00                         movl  (%eax), %eax
99                            cdq 
89 c6                         mov %eax, %esi
31 d0                         xor %edx, %eax
c1 ee 1f                      shr $0x1f, %esi
29 d0                         sub %edx, %eax
89 b5 5c fb ff ff             movl  %esi, -0x4a4(%ebp)
89 85 20 fb ff ff             movl  %eax, -0x4e0(%ebp)
50                            pushl  %eax
8b 4c 24 10                   movl  0x10(%esp), %ecx
89 c8                         mov %ecx, %eax
01 c0                         add %eax, %eax
29 c1                         sub %eax, %ecx
8b b5 20 fb ff ff             movl  -0x4e0(%ebp), %esi
int
3b 45 e4                      cmpl  -0x1c(%ebp), %eax
75 0e                         jnz 0x8048a23
eb 0c                         jmp 0x8048a2f
e8 56 3e 01 00                calll  0x805c890
e8 12 d0 fe ff                calll  0x80498a9
8b 34 24                      movl  (%esp), %esi
c3                            retl  
81 c6 69 c7 07 00             add $0x7c769, %esi
83 ec 14                      sub $0x14, %esp
0f 85 7e 00 00 00             jnz 0x805c930
0f 84 83 00 00 00             jz 0x805c93d
75 2b                         jnz 0x805c8f0
74 79                         jz 0x805c948
8d 86 20 05 00 00             leal  0x520(%esi), %eax
74 09                         jz 0x805c8e3
83 c4 14                      add $0x14, %esp
e9 91 c9 ff ff                jmp 0x8059280
e8 f7 f4 fe ff                calll  0x8048780
8b 1c 24                      movl  (%esp), %ebx
c3                            retl  
int
2b 45 ec                      subl  -0x14(%ebp), %eax
89 45 f4                      movl  %eax, -0xc(%ebp)
8b 45 f4                      movl  -0xc(%ebp), %eax
89 44 24 04                   movl  %eax, 0x4(%esp)
8b 00                         movl  (%eax), %eax
99                            cdq 
89 c6                         mov %eax, %esi
31 d0                         xor %edx, %eax
c1 ee 1f                      shr $0x1f, %esi
29 d0                         sub %edx, %eax
89 b5 5c fb ff ff             movl  %esi, -0x4a4(%ebp)
89 85 20 fb ff ff             movl  %eax, -0x4e0(%ebp)
50                            pushl  %eax
8b 4c 24 10                   movl  0x10(%esp), %ecx
89 c8                         mov %ecx, %eax
01 c0                         add %eax, %eax
29 c1                         sub %eax, %ecx
8b b5 20 fb ff ff             movl  -0x4e0(%ebp), %esi
85 f6                         test %esi, %esi
0f 84 42 0d 00 00             jz 0x8081708
upointer
8b 45 e0                      movl  -0x20(%ebp), %eax
89 04 24                      movl  %eax, (%esp)
8b 5c 24 20                   movl  0x20(%esp), %ebx
85 db                         test %ebx, %ebx
0f 84 83 00 00 00             jz 0x805c93d
8d 53 f8                      leal  -0x8(%ebx), %edx
75 2b                         jnz 0x805c8f0
74 79                         jz 0x805c948
74 09                         jz 0x805c8e3
e9 91 c9 ff ff                jmp 0x8059280
e8 f7 f4 fe ff                calll  0x8048780
8b 1c 24                      movl  (%esp), %ebx
c3                            retl  
81 c3 77 fd 07 00             add $0x7fd77, %ebx
83 ec 3c                      sub $0x3c, %esp
39 ca                         cmp %ecx, %edx
0f 87 13 03 00 00             jnbe 0x80595d0
8d 7a 08                      leal  0x8(%edx), %edi
f7 c7 0f 00 00 00             test $0xf, %edi
0f 85 04 03 00 00             jnz 0x80595d0
int
8b 45 f4                      movl  -0xc(%ebp), %eax
89 44 24 04                   movl  %eax, 0x4(%esp)
8b 00                         movl  (%eax), %eax
99                            cdq 
89 c6                         mov %eax, %esi
31 d0                         xor %edx, %eax
c1 ee 1f                      shr $0x1f, %esi
29 d0                         sub %edx, %eax
89 b5 5c fb ff ff             movl  %esi, -0x4a4(%ebp)
89 85 20 fb ff ff             movl  %eax, -0x4e0(%ebp)
50                            pushl  %eax
8b 4c 24 10                   movl  0x10(%esp), %ecx
89 c8                         mov %ecx, %eax
01 c0                         add %eax, %eax
29 c1                         sub %eax, %ecx
8b b5 20 fb ff ff             movl  -0x4e0(%ebp), %esi
85 f6                         test %esi, %esi
0f 84 42 0d 00 00             jz 0x8081708
75 1f                         jnz 0x80809f8
0f 85 0c 0d 00 00             jnz 0x808172a
