int
8b 45 f4                      movl  -0xc(%ebp), %eax
83 e8 01                      sub $0x1, %eax
89 45 e8                      movl  %eax, -0x18(%ebp)
3b 45 e8                      cmpl  -0x18(%ebp), %eax
7c a4                         jl 0x8048a1c
0f 8c 08 ff ff ff             jl 0x80489b2
7e 2d                         jle 0x8048a0a
eb 54                         jmp 0x8048a70
7c a4                         jl 0x8048a1c
0f 8c 08 ff ff ff             jl 0x80489b2
7e 2d                         jle 0x8048a0a
e9 90 00 00 00                jmp 0x8048a9a
0f 8c 08 ff ff ff             jl 0x80489b2
7e 2d                         jle 0x8048a0a
eb 54                         jmp 0x8048a70
7c a4                         jl 0x8048a1c
7c 08                         jl 0x8048a67
7c a4                         jl 0x8048a1c
0f 8c 08 ff ff ff             jl 0x80489b2
7e 2d                         jle 0x8048a0a
int
83 45 f0 01                   addl  $0x1, -0x10(%ebp)
8b 45 f0                      movl  -0x10(%ebp), %eax
8b 45 f0                      movl  -0x10(%ebp), %eax
8b 45 f0                      movl  -0x10(%ebp), %eax
83 45 f0 01                   addl  $0x1, -0x10(%ebp)
8b 45 f0                      movl  -0x10(%ebp), %eax
8b 45 f0                      movl  -0x10(%ebp), %eax
8b 45 f0                      movl  -0x10(%ebp), %eax
83 45 f0 01                   addl  $0x1, -0x10(%ebp)
8b 45 f0                      movl  -0x10(%ebp), %eax
8b 45 f0                      movl  -0x10(%ebp), %eax
8b 45 f0                      movl  -0x10(%ebp), %eax
8b 45 f0                      movl  -0x10(%ebp), %eax
83 45 f0 01                   addl  $0x1, -0x10(%ebp)
8b 45 f0                      movl  -0x10(%ebp), %eax
8b 45 f0                      movl  -0x10(%ebp), %eax
8b 45 f0                      movl  -0x10(%ebp), %eax
83 45 f0 01                   addl  $0x1, -0x10(%ebp)
8b 45 f0                      movl  -0x10(%ebp), %eax
8b 45 f0                      movl  -0x10(%ebp), %eax
int
8b 45 f4                      movl  -0xc(%ebp), %eax
83 e8 01                      sub $0x1, %eax
89 45 e8                      movl  %eax, -0x18(%ebp)
3b 45 e8                      cmpl  -0x18(%ebp), %eax
7c a4                         jl 0x8048a1c
0f 8c 08 ff ff ff             jl 0x80489b2
7e 2d                         jle 0x8048a0a
e9 90 00 00 00                jmp 0x8048a9a
0f 8c 08 ff ff ff             jl 0x80489b2
7e 2d                         jle 0x8048a0a
eb 54                         jmp 0x8048a70
7c a4                         jl 0x8048a1c
7c 08                         jl 0x8048a67
7c a4                         jl 0x8048a1c
0f 8c 08 ff ff ff             jl 0x80489b2
7e 2d                         jle 0x8048a0a
e9 90 00 00 00                jmp 0x8048a9a
0f 8c 08 ff ff ff             jl 0x80489b2
7e 2d                         jle 0x8048a0a
e9 90 00 00 00                jmp 0x8048a9a
int
83 45 f0 01                   addl  $0x1, -0x10(%ebp)
8b 45 f0                      movl  -0x10(%ebp), %eax
8b 45 f0                      movl  -0x10(%ebp), %eax
8b 45 f0                      movl  -0x10(%ebp), %eax
83 45 f0 01                   addl  $0x1, -0x10(%ebp)
8b 45 f0                      movl  -0x10(%ebp), %eax
8b 45 f0                      movl  -0x10(%ebp), %eax
8b 45 f0                      movl  -0x10(%ebp), %eax
8b 45 f0                      movl  -0x10(%ebp), %eax
83 45 f0 01                   addl  $0x1, -0x10(%ebp)
8b 45 f0                      movl  -0x10(%ebp), %eax
8b 45 f0                      movl  -0x10(%ebp), %eax
8b 45 f0                      movl  -0x10(%ebp), %eax
83 45 f0 01                   addl  $0x1, -0x10(%ebp)
8b 45 f0                      movl  -0x10(%ebp), %eax
8b 45 f0                      movl  -0x10(%ebp), %eax
8b 45 f0                      movl  -0x10(%ebp), %eax
83 45 f0 01                   addl  $0x1, -0x10(%ebp)
8b 45 f0                      movl  -0x10(%ebp), %eax
8b 45 f0                      movl  -0x10(%ebp), %eax
int
8b 45 f4                      movl  -0xc(%ebp), %eax
8d 50 01                      leal  0x1(%eax), %edx
89 55 f4                      movl  %edx, -0xc(%ebp)
01 c2                         add %eax, %edx
01 d0                         add %edx, %eax
8b 45 f4                      movl  -0xc(%ebp), %eax
05 ff ff ff 3f                add $0x3fffffff, %eax
8b 45 f4                      movl  -0xc(%ebp), %eax
83 e8 01                      sub $0x1, %eax
89 45 e8                      movl  %eax, -0x18(%ebp)
3b 45 e8                      cmpl  -0x18(%ebp), %eax
7c a4                         jl 0x8048a1c
8b 55 e8                      movl  -0x18(%ebp), %edx
29 c2                         sub %eax, %edx
89 d0                         mov %edx, %eax
89 c2                         mov %eax, %edx
c1 ea 1f                      shr $0x1f, %edx
01 d0                         add %edx, %eax
d1 f8                         sar $0x1, %eax
89 c2                         mov %eax, %edx
int
83 45 f0 01                   addl  $0x1, -0x10(%ebp)
8b 45 f0                      movl  -0x10(%ebp), %eax
8b 45 f0                      movl  -0x10(%ebp), %eax
8b 45 f0                      movl  -0x10(%ebp), %eax
8b 45 f0                      movl  -0x10(%ebp), %eax
83 45 f0 01                   addl  $0x1, -0x10(%ebp)
8b 45 f0                      movl  -0x10(%ebp), %eax
8b 45 f0                      movl  -0x10(%ebp), %eax
8b 45 f0                      movl  -0x10(%ebp), %eax
83 45 f0 01                   addl  $0x1, -0x10(%ebp)
8b 45 f0                      movl  -0x10(%ebp), %eax
8b 45 f0                      movl  -0x10(%ebp), %eax
8b 45 f0                      movl  -0x10(%ebp), %eax
83 45 f0 01                   addl  $0x1, -0x10(%ebp)
8b 45 f0                      movl  -0x10(%ebp), %eax
8b 45 f0                      movl  -0x10(%ebp), %eax
8b 45 f0                      movl  -0x10(%ebp), %eax
8b 45 f0                      movl  -0x10(%ebp), %eax
8b 45 f0                      movl  -0x10(%ebp), %eax
83 45 f0 01                   addl  $0x1, -0x10(%ebp)
int
8b 45 f4                      movl  -0xc(%ebp), %eax
83 e8 01                      sub $0x1, %eax
89 45 e8                      movl  %eax, -0x18(%ebp)
3b 45 e8                      cmpl  -0x18(%ebp), %eax
7c a4                         jl 0x8048a1c
8b 55 e8                      movl  -0x18(%ebp), %edx
29 c2                         sub %eax, %edx
89 d0                         mov %edx, %eax
89 c2                         mov %eax, %edx
c1 ea 1f                      shr $0x1f, %edx
01 d0                         add %edx, %eax
d1 f8                         sar $0x1, %eax
89 c2                         mov %eax, %edx
01 d0                         add %edx, %eax
89 45 e0                      movl  %eax, -0x20(%ebp)
8b 45 e0                      movl  -0x20(%ebp), %eax
01 d0                         add %edx, %eax
7c 08                         jl 0x8048a67
8b 45 e0                      movl  -0x20(%ebp), %eax
83 c0 01                      add $0x1, %eax
int
83 45 f0 01                   addl  $0x1, -0x10(%ebp)
8b 45 f0                      movl  -0x10(%ebp), %eax
8b 45 f0                      movl  -0x10(%ebp), %eax
8b 45 f0                      movl  -0x10(%ebp), %eax
83 45 f0 01                   addl  $0x1, -0x10(%ebp)
8b 45 f0                      movl  -0x10(%ebp), %eax
8b 45 f0                      movl  -0x10(%ebp), %eax
8b 45 f0                      movl  -0x10(%ebp), %eax
83 45 f0 01                   addl  $0x1, -0x10(%ebp)
8b 45 f0                      movl  -0x10(%ebp), %eax
8b 45 f0                      movl  -0x10(%ebp), %eax
8b 45 f0                      movl  -0x10(%ebp), %eax
8b 45 f0                      movl  -0x10(%ebp), %eax
8b 45 f0                      movl  -0x10(%ebp), %eax
83 45 f0 01                   addl  $0x1, -0x10(%ebp)
8b 45 f0                      movl  -0x10(%ebp), %eax
int
8b 45 f4                      movl  -0xc(%ebp), %eax
8d 50 01                      leal  0x1(%eax), %edx
89 55 f4                      movl  %edx, -0xc(%ebp)
01 c2                         add %eax, %edx
01 d0                         add %edx, %eax
8b 45 f4                      movl  -0xc(%ebp), %eax
05 ff ff ff 3f                add $0x3fffffff, %eax
8b 45 f4                      movl  -0xc(%ebp), %eax
8d 50 01                      leal  0x1(%eax), %edx
89 55 f4                      movl  %edx, -0xc(%ebp)
01 c2                         add %eax, %edx
01 d0                         add %edx, %eax
8b 45 f4                      movl  -0xc(%ebp), %eax
05 ff ff ff 3f                add $0x3fffffff, %eax
8b 45 f4                      movl  -0xc(%ebp), %eax
83 e8 01                      sub $0x1, %eax
89 45 e8                      movl  %eax, -0x18(%ebp)
3b 45 e8                      cmpl  -0x18(%ebp), %eax
7c a4                         jl 0x8048a1c
8b 55 e8                      movl  -0x18(%ebp), %edx
int
83 45 f0 01                   addl  $0x1, -0x10(%ebp)
8b 45 f0                      movl  -0x10(%ebp), %eax
8b 45 f0                      movl  -0x10(%ebp), %eax
8b 45 f0                      movl  -0x10(%ebp), %eax
83 45 f0 01                   addl  $0x1, -0x10(%ebp)
8b 45 f0                      movl  -0x10(%ebp), %eax
8b 45 f0                      movl  -0x10(%ebp), %eax
8b 45 f0                      movl  -0x10(%ebp), %eax
8b 45 f0                      movl  -0x10(%ebp), %eax
8b 45 f0                      movl  -0x10(%ebp), %eax
83 45 f0 01                   addl  $0x1, -0x10(%ebp)
8b 45 f0                      movl  -0x10(%ebp), %eax
int
8b 45 f4                      movl  -0xc(%ebp), %eax
8d 50 01                      leal  0x1(%eax), %edx
89 55 f4                      movl  %edx, -0xc(%ebp)
01 c2                         add %eax, %edx
01 d0                         add %edx, %eax
8b 45 f4                      movl  -0xc(%ebp), %eax
05 ff ff ff 3f                add $0x3fffffff, %eax
8b 45 f4                      movl  -0xc(%ebp), %eax
83 e8 01                      sub $0x1, %eax
89 45 e8                      movl  %eax, -0x18(%ebp)
3b 45 e8                      cmpl  -0x18(%ebp), %eax
7c a4                         jl 0x8048a1c
8b 55 e8                      movl  -0x18(%ebp), %edx
29 c2                         sub %eax, %edx
89 d0                         mov %edx, %eax
89 c2                         mov %eax, %edx
c1 ea 1f                      shr $0x1f, %edx
01 d0                         add %edx, %eax
d1 f8                         sar $0x1, %eax
89 c2                         mov %eax, %edx
int
83 45 f0 01                   addl  $0x1, -0x10(%ebp)
8b 45 f0                      movl  -0x10(%ebp), %eax
8b 45 f0                      movl  -0x10(%ebp), %eax
8b 45 f0                      movl  -0x10(%ebp), %eax
8b 45 f0                      movl  -0x10(%ebp), %eax
8b 45 f0                      movl  -0x10(%ebp), %eax
83 45 f0 01                   addl  $0x1, -0x10(%ebp)
8b 45 f0                      movl  -0x10(%ebp), %eax
int
8b 45 f4                      movl  -0xc(%ebp), %eax
83 e8 01                      sub $0x1, %eax
89 45 e8                      movl  %eax, -0x18(%ebp)
3b 45 e8                      cmpl  -0x18(%ebp), %eax
7c a4                         jl 0x8048a1c
8b 55 e8                      movl  -0x18(%ebp), %edx
29 c2                         sub %eax, %edx
89 d0                         mov %edx, %eax
89 c2                         mov %eax, %edx
c1 ea 1f                      shr $0x1f, %edx
01 d0                         add %edx, %eax
d1 f8                         sar $0x1, %eax
89 c2                         mov %eax, %edx
01 d0                         add %edx, %eax
89 45 e0                      movl  %eax, -0x20(%ebp)
8b 45 e0                      movl  -0x20(%ebp), %eax
01 d0                         add %edx, %eax
7c 08                         jl 0x8048a67
8b 45 e0                      movl  -0x20(%ebp), %eax
83 c0 01                      add $0x1, %eax
upointer
8b 45 e4                      movl  -0x1c(%ebp), %eax
89 04 24                      movl  %eax, (%esp)
8b 5c 24 20                   movl  0x20(%esp), %ebx
85 db                         test %ebx, %ebx
0f 84 83 00 00 00             jz 0x805ca7d
8d 53 f8                      leal  -0x8(%ebx), %edx
75 2b                         jnz 0x805ca30
74 79                         jz 0x805ca88
74 09                         jz 0x805ca23
e9 91 c9 ff ff                jmp 0x80593c0
e8 b7 f3 fe ff                calll  0x8048780
8b 1c 24                      movl  (%esp), %ebx
c3                            retl  
81 c3 37 fc 07 00             add $0x7fc37, %ebx
83 ec 3c                      sub $0x3c, %esp
39 ca                         cmp %ecx, %edx
0f 87 13 03 00 00             jnbe 0x8059710
8d 7a 08                      leal  0x8(%edx), %edi
f7 c7 0f 00 00 00             test $0xf, %edi
0f 85 04 03 00 00             jnz 0x8059710
int
8b 45 f4                      movl  -0xc(%ebp), %eax
83 f8 04                      cmp $0x4, %eax
74 24                         jz 0x8048b60
e8 f4 fd ff ff                calll  0x8048968
74 06                         jz 0x804897a
75 0a                         jnz 0x8048984
e8 3e 3a 01 00                calll  0x805c3d0
e8 a8 c3 fe ff                calll  0x8048780
8b 1c 24                      movl  (%esp), %ebx
c3                            retl  
81 c3 28 cc 07 00             add $0x7cc28, %ebx
83 ec 10                      sub $0x10, %esp
0f 85 6d 01 00 00             jnz 0x805c560
0f 87 a9 00 00 00             jnbe 0x805c4a8
e9 50 ff ff ff                jmp 0x805c406
0f 82 72 01 00 00             jb 0x805c580
0f 85 6a 01 00 00             jnz 0x805c580
0f 84 95 00 00 00             jz 0x805c4c0
0f 82 c9 00 00 00             jb 0x805c500
0f 84 29 ff ff ff             jz 0x805c437
int
8b 45 f4                      movl  -0xc(%ebp), %eax
83 e8 01                      sub $0x1, %eax
89 45 e8                      movl  %eax, -0x18(%ebp)
3b 45 e8                      cmpl  -0x18(%ebp), %eax
7c a4                         jl 0x8048a1c
0f 8c 08 ff ff ff             jl 0x80489b2
7e 2d                         jle 0x8048a0a
e9 90 00 00 00                jmp 0x8048a9a
0f 8c 08 ff ff ff             jl 0x80489b2
7e 2d                         jle 0x8048a0a
eb 54                         jmp 0x8048a70
7c a4                         jl 0x8048a1c
7c 08                         jl 0x8048a67
7c a4                         jl 0x8048a1c
0f 8c 08 ff ff ff             jl 0x80489b2
e8 1b 3f 01 00                calll  0x805c9d0
e8 a2 ce fe ff                calll  0x8049879
8b 34 24                      movl  (%esp), %esi
c3                            retl  
81 c6 29 c6 07 00             add $0x7c629, %esi
int
83 45 f0 01                   addl  $0x1, -0x10(%ebp)
8b 45 f0                      movl  -0x10(%ebp), %eax
8b 45 f0                      movl  -0x10(%ebp), %eax
8b 45 f0                      movl  -0x10(%ebp), %eax
83 45 f0 01                   addl  $0x1, -0x10(%ebp)
8b 45 f0                      movl  -0x10(%ebp), %eax
8b 45 f0                      movl  -0x10(%ebp), %eax
8b 45 f0                      movl  -0x10(%ebp), %eax
8b 45 f0                      movl  -0x10(%ebp), %eax
83 45 f0 01                   addl  $0x1, -0x10(%ebp)
8b 45 f0                      movl  -0x10(%ebp), %eax
int
8b 45 f4                      movl  -0xc(%ebp), %eax
8d 50 01                      leal  0x1(%eax), %edx
89 55 f4                      movl  %edx, -0xc(%ebp)
01 c2                         add %eax, %edx
01 d0                         add %edx, %eax
8b 45 f4                      movl  -0xc(%ebp), %eax
05 ff ff ff 3f                add $0x3fffffff, %eax
8b 45 f4                      movl  -0xc(%ebp), %eax
83 e8 01                      sub $0x1, %eax
89 45 e8                      movl  %eax, -0x18(%ebp)
3b 45 e8                      cmpl  -0x18(%ebp), %eax
7c a4                         jl 0x8048a1c
8b 55 e8                      movl  -0x18(%ebp), %edx
29 c2                         sub %eax, %edx
89 d0                         mov %edx, %eax
89 c2                         mov %eax, %edx
c1 ea 1f                      shr $0x1f, %edx
01 d0                         add %edx, %eax
d1 f8                         sar $0x1, %eax
89 c2                         mov %eax, %edx
int
83 45 f0 01                   addl  $0x1, -0x10(%ebp)
8b 45 f0                      movl  -0x10(%ebp), %eax
8b 45 f0                      movl  -0x10(%ebp), %eax
8b 45 f0                      movl  -0x10(%ebp), %eax
8b 45 f0                      movl  -0x10(%ebp), %eax
83 45 f0 01                   addl  $0x1, -0x10(%ebp)
8b 45 f0                      movl  -0x10(%ebp), %eax
int
8b 45 f4                      movl  -0xc(%ebp), %eax
83 e8 01                      sub $0x1, %eax
89 45 e8                      movl  %eax, -0x18(%ebp)
3b 45 e8                      cmpl  -0x18(%ebp), %eax
7c a4                         jl 0x8048a1c
8b 55 e8                      movl  -0x18(%ebp), %edx
29 c2                         sub %eax, %edx
89 d0                         mov %edx, %eax
89 c2                         mov %eax, %edx
c1 ea 1f                      shr $0x1f, %edx
01 d0                         add %edx, %eax
d1 f8                         sar $0x1, %eax
89 c2                         mov %eax, %edx
01 d0                         add %edx, %eax
89 45 e0                      movl  %eax, -0x20(%ebp)
8b 45 e0                      movl  -0x20(%ebp), %eax
01 d0                         add %edx, %eax
7c 08                         jl 0x8048a67
8b 45 e0                      movl  -0x20(%ebp), %eax
83 c0 01                      add $0x1, %eax
upointer
8b 45 e4                      movl  -0x1c(%ebp), %eax
89 04 24                      movl  %eax, (%esp)
8b 5c 24 20                   movl  0x20(%esp), %ebx
85 db                         test %ebx, %ebx
0f 84 83 00 00 00             jz 0x805ca7d
8d 53 f8                      leal  -0x8(%ebx), %edx
75 2b                         jnz 0x805ca30
74 79                         jz 0x805ca88
74 09                         jz 0x805ca23
e9 91 c9 ff ff                jmp 0x80593c0
e8 b7 f3 fe ff                calll  0x8048780
8b 1c 24                      movl  (%esp), %ebx
c3                            retl  
81 c3 37 fc 07 00             add $0x7fc37, %ebx
83 ec 3c                      sub $0x3c, %esp
39 ca                         cmp %ecx, %edx
0f 87 13 03 00 00             jnbe 0x8059710
8d 7a 08                      leal  0x8(%edx), %edi
f7 c7 0f 00 00 00             test $0xf, %edi
0f 85 04 03 00 00             jnz 0x8059710
int
8b 45 f4                      movl  -0xc(%ebp), %eax
83 f8 02                      cmp $0x2, %eax
74 24                         jz 0x8048b9d
e8 d7 77 00 00                calll  0x8050380
e8 d8 cc ff ff                calll  0x804d063
8b 3c 24                      movl  (%esp), %edi
c3                            retl  
81 c7 75 8c 08 00             add $0x88c75, %edi
83 ec 28                      sub $0x28, %esp
89 fb                         mov %edi, %ebx
e8 22 b1 01 00                calll  0x806b4c0
74 24                         jz 0x806b4f1
7a 17                         jp 0x806b4e6
0f 84 9f 00 00 00             jz 0x806b576
0f 84 96 00 00 00             jz 0x806b576
74 0b                         jz 0x806b4f1
73 58                         jnb 0x806b559
75 4e                         jnz 0x806b559
73 3e                         jnb 0x806b559
75 34                         jnz 0x806b559
