int
8b 44 24 24                   movl  0x24(%esp), %eax
c1 e0 02                      shl $0x2, %eax
89 04 24                      movl  %eax, (%esp)
8b 74 24 20                   movl  0x20(%esp), %esi
8d 46 13                      leal  0x13(%esi), %eax
83 f8 0f                      cmp $0xf, %eax
0f 87 a9 00 00 00             jnbe 0x805c418
83 e0 f0                      and $0xfffffff0, %eax
83 f8 df                      cmp $0xffffffdf, %eax
0f 97 c2                      setnbe %dl
e9 50 ff ff ff                jmp 0x805c376
39 f0                         cmp %esi, %eax
0f 82 72 01 00 00             jb 0x805c4f0
84 d2                         test %dl, %dl
0f 85 6a 01 00 00             jnz 0x805c4f0
83 e8 01                      sub $0x1, %eax
c1 e8 04                      shr $0x4, %eax
0f 84 95 00 00 00             jz 0x805c430
0f 82 c9 00 00 00             jb 0x805c470
0f 84 29 ff ff ff             jz 0x805c3a7
int
3b 44 24 24                   cmpl  0x24(%esp), %eax
7c d7                         jl 0x8048a8c
7c d7                         jl 0x8048a8c
7c d7                         jl 0x8048a8c
7c d7                         jl 0x8048a8c
e8 ab fe ff ff                calll  0x8048984
74 06                         jz 0x8048997
75 0a                         jnz 0x80489a1
eb 14                         jmp 0x80489c7
7e e4                         jle 0x80489b3
7e e4                         jle 0x80489b3
7e e4                         jle 0x80489b3
e8 ec 44 01 00                calll  0x805ced0
e8 a7 b8 fe ff                calll  0x8048780
8b 1c 24                      movl  (%esp), %ebx
c3                            retl  
81 c3 27 c1 07 00             add $0x7c127, %ebx
83 ec 1c                      sub $0x1c, %esp
76 08                         jbe 0x805cf02
0f 85 d0 01 00 00             jnz 0x805d0e0
int
8b 54 24 2c                   movl  0x2c(%esp), %edx
83 c2 01                      add $0x1, %edx
89 10                         movl  %edx, (%eax)
01 d0                         add %edx, %eax
8b 00                         movl  (%eax), %eax
89 45 fc                      movl  %eax, -0x4(%ebp)
8b 10                         movl  (%eax), %edx
89 10                         movl  %edx, (%eax)
8b 55 fc                      movl  -0x4(%ebp), %edx
89 10                         movl  %edx, (%eax)
f3 a5                         rep movsdl  (%esi), (%edi)
f3 a5                         rep movsdl  (%esi), (%edi)
8b 00                         movl  (%eax), %eax
89 45 fc                      movl  %eax, -0x4(%ebp)
8b 10                         movl  (%eax), %edx
89 10                         movl  %edx, (%eax)
8b 55 fc                      movl  -0x4(%ebp), %edx
89 10                         movl  %edx, (%eax)
01 c2                         add %eax, %edx
89 54 24 04                   movl  %edx, 0x4(%esp)
int
83 44 24 2c 01                addl  $0x1, 0x2c(%esp)
8b 44 24 2c                   movl  0x2c(%esp), %eax
8b 44 24 2c                   movl  0x2c(%esp), %eax
8b 54 24 2c                   movl  0x2c(%esp), %edx
83 c2 01                      add $0x1, %edx
89 10                         movl  %edx, (%eax)
83 44 24 2c 01                addl  $0x1, 0x2c(%esp)
8b 44 24 2c                   movl  0x2c(%esp), %eax
8b 44 24 2c                   movl  0x2c(%esp), %eax
01 d0                         add %edx, %eax
8b 54 24 2c                   movl  0x2c(%esp), %edx
83 c2 01                      add $0x1, %edx
89 10                         movl  %edx, (%eax)
83 44 24 2c 01                addl  $0x1, 0x2c(%esp)
8b 44 24 2c                   movl  0x2c(%esp), %eax
8b 00                         movl  (%eax), %eax
89 45 fc                      movl  %eax, -0x4(%ebp)
8b 10                         movl  (%eax), %edx
89 10                         movl  %edx, (%eax)
8b 55 fc                      movl  -0x4(%ebp), %edx
int
3b 44 24 24                   cmpl  0x24(%esp), %eax
7c d7                         jl 0x8048a8c
7c d7                         jl 0x8048a8c
7c d7                         jl 0x8048a8c
e8 ab fe ff ff                calll  0x8048984
74 06                         jz 0x8048997
75 0a                         jnz 0x80489a1
eb 14                         jmp 0x80489c7
7e e4                         jle 0x80489b3
7e e4                         jle 0x80489b3
7e e4                         jle 0x80489b3
e8 ec 44 01 00                calll  0x805ced0
e8 a7 b8 fe ff                calll  0x8048780
8b 1c 24                      movl  (%esp), %ebx
c3                            retl  
81 c3 27 c1 07 00             add $0x7c127, %ebx
83 ec 1c                      sub $0x1c, %esp
76 08                         jbe 0x805cf02
0f 85 d0 01 00 00             jnz 0x805d0e0
0f 84 22 02 00 00             jz 0x805d140
int
8b 54 24 2c                   movl  0x2c(%esp), %edx
83 c2 01                      add $0x1, %edx
89 10                         movl  %edx, (%eax)
01 d0                         add %edx, %eax
8b 00                         movl  (%eax), %eax
89 45 fc                      movl  %eax, -0x4(%ebp)
8b 10                         movl  (%eax), %edx
89 10                         movl  %edx, (%eax)
8b 55 fc                      movl  -0x4(%ebp), %edx
89 10                         movl  %edx, (%eax)
f3 a5                         rep movsdl  (%esi), (%edi)
8b 00                         movl  (%eax), %eax
89 45 fc                      movl  %eax, -0x4(%ebp)
8b 10                         movl  (%eax), %edx
89 10                         movl  %edx, (%eax)
8b 55 fc                      movl  -0x4(%ebp), %edx
89 10                         movl  %edx, (%eax)
01 c2                         add %eax, %edx
89 54 24 04                   movl  %edx, 0x4(%esp)
8b 00                         movl  (%eax), %eax
int
83 44 24 2c 01                addl  $0x1, 0x2c(%esp)
8b 44 24 2c                   movl  0x2c(%esp), %eax
8b 44 24 2c                   movl  0x2c(%esp), %eax
8b 54 24 2c                   movl  0x2c(%esp), %edx
83 c2 01                      add $0x1, %edx
89 10                         movl  %edx, (%eax)
83 44 24 2c 01                addl  $0x1, 0x2c(%esp)
8b 44 24 2c                   movl  0x2c(%esp), %eax
f3 a5                         rep movsdl  (%esi), (%edi)
8b 10                         movl  (%eax), %edx
89 10                         movl  %edx, (%eax)
f3 a5                         rep movsdl  (%esi), (%edi)
8b 00                         movl  (%eax), %eax
89 45 fc                      movl  %eax, -0x4(%ebp)
8b 55 fc                      movl  -0x4(%ebp), %edx
89 10                         movl  %edx, (%eax)
01 c2                         add %eax, %edx
89 54 24 04                   movl  %edx, 0x4(%esp)
8b 45 0c                      movl  0xc(%ebp), %eax
8b 45 0c                      movl  0xc(%ebp), %eax
int
3b 44 24 24                   cmpl  0x24(%esp), %eax
7c d7                         jl 0x8048a8c
7c d7                         jl 0x8048a8c
e8 ab fe ff ff                calll  0x8048984
74 06                         jz 0x8048997
75 0a                         jnz 0x80489a1
eb 14                         jmp 0x80489c7
7e e4                         jle 0x80489b3
7e e4                         jle 0x80489b3
7e e4                         jle 0x80489b3
e8 ec 44 01 00                calll  0x805ced0
e8 a7 b8 fe ff                calll  0x8048780
8b 1c 24                      movl  (%esp), %ebx
c3                            retl  
81 c3 27 c1 07 00             add $0x7c127, %ebx
83 ec 1c                      sub $0x1c, %esp
76 08                         jbe 0x805cf02
0f 85 d0 01 00 00             jnz 0x805d0e0
0f 84 22 02 00 00             jz 0x805d140
0f 85 34 02 00 00             jnz 0x805d160
int
8b 54 24 2c                   movl  0x2c(%esp), %edx
83 c2 01                      add $0x1, %edx
89 10                         movl  %edx, (%eax)
f3 a5                         rep movsdl  (%esi), (%edi)
8b 10                         movl  (%eax), %edx
89 10                         movl  %edx, (%eax)
f3 a5                         rep movsdl  (%esi), (%edi)
8b 00                         movl  (%eax), %eax
89 45 fc                      movl  %eax, -0x4(%ebp)
8b 55 fc                      movl  -0x4(%ebp), %edx
89 10                         movl  %edx, (%eax)
01 c2                         add %eax, %edx
89 54 24 04                   movl  %edx, 0x4(%esp)
8b 45 0c                      movl  0xc(%ebp), %eax
8b 45 0c                      movl  0xc(%ebp), %eax
f3 a5                         rep movsdl  (%esi), (%edi)
8b 10                         movl  (%eax), %edx
89 10                         movl  %edx, (%eax)
f3 a5                         rep movsdl  (%esi), (%edi)
8b 00                         movl  (%eax), %eax
int
3b 44 24 24                   cmpl  0x24(%esp), %eax
7c d7                         jl 0x8048a8c
e8 ab fe ff ff                calll  0x8048984
74 06                         jz 0x8048997
75 0a                         jnz 0x80489a1
eb 14                         jmp 0x80489c7
7e e4                         jle 0x80489b3
7e e4                         jle 0x80489b3
7e e4                         jle 0x80489b3
e8 ec 44 01 00                calll  0x805ced0
e8 a7 b8 fe ff                calll  0x8048780
8b 1c 24                      movl  (%esp), %ebx
c3                            retl  
81 c3 27 c1 07 00             add $0x7c127, %ebx
83 ec 1c                      sub $0x1c, %esp
76 08                         jbe 0x805cf02
0f 85 d0 01 00 00             jnz 0x805d0e0
0f 84 22 02 00 00             jz 0x805d140
0f 85 34 02 00 00             jnz 0x805d160
8d bb 20 05 00 00             leal  0x520(%ebx), %edi
int
8b 44 24 24                   movl  0x24(%esp), %eax
89 44 24 04                   movl  %eax, 0x4(%esp)
83 7d 0c 00                   cmpl  $0x0, 0xc(%ebp)
75 0a                         jnz 0x80489a1
eb 14                         jmp 0x80489c7
3b 45 0c                      cmpl  0xc(%ebp), %eax
7e e4                         jle 0x80489b3
3b 45 0c                      cmpl  0xc(%ebp), %eax
7e e4                         jle 0x80489b3
3b 45 0c                      cmpl  0xc(%ebp), %eax
7e e4                         jle 0x80489b3
e8 ec 44 01 00                calll  0x805ced0
e8 a7 b8 fe ff                calll  0x8048780
8b 1c 24                      movl  (%esp), %ebx
c3                            retl  
81 c3 27 c1 07 00             add $0x7c127, %ebx
83 ec 1c                      sub $0x1c, %esp
76 08                         jbe 0x805cf02
0f 85 d0 01 00 00             jnz 0x805d0e0
0f 84 22 02 00 00             jz 0x805d140
upointer
8b 44 24 20                   movl  0x20(%esp), %eax
89 04 24                      movl  %eax, (%esp)
83 7d 08 00                   cmpl  $0x0, 0x8(%ebp)
74 06                         jz 0x8048997
75 0a                         jnz 0x80489a1
eb 14                         jmp 0x80489c7
7e e4                         jle 0x80489b3
7e e4                         jle 0x80489b3
7e e4                         jle 0x80489b3
e8 ec 44 01 00                calll  0x805ced0
e8 a7 b8 fe ff                calll  0x8048780
8b 1c 24                      movl  (%esp), %ebx
c3                            retl  
81 c3 27 c1 07 00             add $0x7c127, %ebx
83 ec 1c                      sub $0x1c, %esp
76 08                         jbe 0x805cf02
0f 85 d0 01 00 00             jnz 0x805d0e0
0f 84 22 02 00 00             jz 0x805d140
0f 85 34 02 00 00             jnz 0x805d160
8d bb 20 05 00 00             leal  0x520(%ebx), %edi
int
0f af 45 f4                   imull  -0xc(%ebp), %eax
89 c2                         mov %eax, %edx
89 10                         movl  %edx, (%eax)
8b 00                         movl  (%eax), %eax
int
83 45 f4 01                   addl  $0x1, -0xc(%ebp)
8b 45 f4                      movl  -0xc(%ebp), %eax
0f af 45 f4                   imull  -0xc(%ebp), %eax
89 c2                         mov %eax, %edx
89 10                         movl  %edx, (%eax)
83 45 f4 01                   addl  $0x1, -0xc(%ebp)
8b 45 f4                      movl  -0xc(%ebp), %eax
8b 00                         movl  (%eax), %eax
89 04 24                      movl  %eax, (%esp)
8b 74 24 30                   movl  0x30(%esp), %esi
89 f0                         mov %esi, %eax
89 f5                         mov %esi, %ebp
09 c8                         or %ecx, %eax
0f af e9                      imul %ecx, %ebp
3d ff ff 00 00                cmp $0xffff, %eax
76 08                         jbe 0x805cf02
0f 85 d0 01 00 00             jnz 0x805d0e0
0f 84 22 02 00 00             jz 0x805d140
0f 85 34 02 00 00             jnz 0x805d160
89 ea                         mov %ebp, %edx
int
0f af 45 f4                   imull  -0xc(%ebp), %eax
89 c2                         mov %eax, %edx
89 10                         movl  %edx, (%eax)
8b 00                         movl  (%eax), %eax
89 04 24                      movl  %eax, (%esp)
8b 74 24 30                   movl  0x30(%esp), %esi
89 f0                         mov %esi, %eax
89 f5                         mov %esi, %ebp
09 c8                         or %ecx, %eax
0f af e9                      imul %ecx, %ebp
3d ff ff 00 00                cmp $0xffff, %eax
76 08                         jbe 0x805cf02
0f 85 d0 01 00 00             jnz 0x805d0e0
0f 84 22 02 00 00             jz 0x805d140
0f 85 34 02 00 00             jnz 0x805d160
89 ea                         mov %ebp, %edx
e8 d1 d6 ff ff                calll  0x805a620
55                            pushl  %ebp
8d 4a 13                      leal  0x13(%edx), %ecx
56                            pushl  %esi
int
3b 45 f4                      cmpl  -0xc(%ebp), %eax
7f cd                         jnle 0x80489f0
e8 bd 44 01 00                calll  0x805ced0
e8 a7 b8 fe ff                calll  0x8048780
8b 1c 24                      movl  (%esp), %ebx
c3                            retl  
81 c3 27 c1 07 00             add $0x7c127, %ebx
83 ec 1c                      sub $0x1c, %esp
76 08                         jbe 0x805cf02
0f 85 d0 01 00 00             jnz 0x805d0e0
0f 84 22 02 00 00             jz 0x805d140
0f 85 34 02 00 00             jnz 0x805d160
8d bb 20 05 00 00             leal  0x520(%ebx), %edi
89 f8                         mov %edi, %eax
e8 d1 d6 ff ff                calll  0x805a620
57                            pushl  %edi
53                            pushl  %ebx
e8 ca ee fe ff                calll  0x80494f6
8b 2c 24                      movl  (%esp), %ebp
c3                            retl  
int
83 45 f4 01                   addl  $0x1, -0xc(%ebp)
3b 45 f4                      cmpl  -0xc(%ebp), %eax
7f cd                         jnle 0x80489f0
8b 45 f4                      movl  -0xc(%ebp), %eax
e8 bd 44 01 00                calll  0x805ced0
e8 a7 b8 fe ff                calll  0x8048780
8b 1c 24                      movl  (%esp), %ebx
c3                            retl  
81 c3 27 c1 07 00             add $0x7c127, %ebx
83 ec 1c                      sub $0x1c, %esp
76 08                         jbe 0x805cf02
0f 85 d0 01 00 00             jnz 0x805d0e0
0f 84 22 02 00 00             jz 0x805d140
0f 85 34 02 00 00             jnz 0x805d160
8d bb 20 05 00 00             leal  0x520(%ebx), %edi
89 f8                         mov %edi, %eax
e8 d1 d6 ff ff                calll  0x805a620
57                            pushl  %edi
53                            pushl  %ebx
e8 ca ee fe ff                calll  0x80494f6
int
3b 45 f4                      cmpl  -0xc(%ebp), %eax
7f cd                         jnle 0x80489f0
e8 bd 44 01 00                calll  0x805ced0
e8 a7 b8 fe ff                calll  0x8048780
8b 1c 24                      movl  (%esp), %ebx
c3                            retl  
81 c3 27 c1 07 00             add $0x7c127, %ebx
83 ec 1c                      sub $0x1c, %esp
76 08                         jbe 0x805cf02
0f 85 d0 01 00 00             jnz 0x805d0e0
0f 84 22 02 00 00             jz 0x805d140
0f 85 34 02 00 00             jnz 0x805d160
8d bb 20 05 00 00             leal  0x520(%ebx), %edi
89 f8                         mov %edi, %eax
e8 d1 d6 ff ff                calll  0x805a620
57                            pushl  %edi
53                            pushl  %ebx
e8 ca ee fe ff                calll  0x80494f6
8b 2c 24                      movl  (%esp), %ebp
c3                            retl  
int
83 45 f4 01                   addl  $0x1, -0xc(%ebp)
3b 45 f4                      cmpl  -0xc(%ebp), %eax
7f cd                         jnle 0x80489f0
8b 45 f4                      movl  -0xc(%ebp), %eax
e8 bd 44 01 00                calll  0x805ced0
e8 a7 b8 fe ff                calll  0x8048780
8b 1c 24                      movl  (%esp), %ebx
c3                            retl  
81 c3 27 c1 07 00             add $0x7c127, %ebx
83 ec 1c                      sub $0x1c, %esp
76 08                         jbe 0x805cf02
0f 85 d0 01 00 00             jnz 0x805d0e0
0f 84 22 02 00 00             jz 0x805d140
0f 85 34 02 00 00             jnz 0x805d160
8d bb 20 05 00 00             leal  0x520(%ebx), %edi
89 f8                         mov %edi, %eax
e8 d1 d6 ff ff                calll  0x805a620
57                            pushl  %edi
53                            pushl  %ebx
e8 ca ee fe ff                calll  0x80494f6
int
3b 45 f4                      cmpl  -0xc(%ebp), %eax
7f cd                         jnle 0x80489f0
e8 bd 44 01 00                calll  0x805ced0
e8 a7 b8 fe ff                calll  0x8048780
8b 1c 24                      movl  (%esp), %ebx
c3                            retl  
81 c3 27 c1 07 00             add $0x7c127, %ebx
83 ec 1c                      sub $0x1c, %esp
76 08                         jbe 0x805cf02
0f 85 d0 01 00 00             jnz 0x805d0e0
0f 84 22 02 00 00             jz 0x805d140
0f 85 34 02 00 00             jnz 0x805d160
8d bb 20 05 00 00             leal  0x520(%ebx), %edi
89 f8                         mov %edi, %eax
e8 d1 d6 ff ff                calll  0x805a620
57                            pushl  %edi
53                            pushl  %ebx
e8 ca ee fe ff                calll  0x80494f6
8b 2c 24                      movl  (%esp), %ebp
c3                            retl  
int
83 45 f4 01                   addl  $0x1, -0xc(%ebp)
3b 45 f4                      cmpl  -0xc(%ebp), %eax
7f cd                         jnle 0x80489f0
8b 45 f4                      movl  -0xc(%ebp), %eax
e8 bd 44 01 00                calll  0x805ced0
e8 a7 b8 fe ff                calll  0x8048780
8b 1c 24                      movl  (%esp), %ebx
c3                            retl  
81 c3 27 c1 07 00             add $0x7c127, %ebx
83 ec 1c                      sub $0x1c, %esp
76 08                         jbe 0x805cf02
0f 85 d0 01 00 00             jnz 0x805d0e0
0f 84 22 02 00 00             jz 0x805d140
0f 85 34 02 00 00             jnz 0x805d160
8d bb 20 05 00 00             leal  0x520(%ebx), %edi
89 f8                         mov %edi, %eax
e8 d1 d6 ff ff                calll  0x805a620
57                            pushl  %edi
53                            pushl  %ebx
e8 ca ee fe ff                calll  0x80494f6
int
3b 45 f4                      cmpl  -0xc(%ebp), %eax
7f cd                         jnle 0x80489f0
e8 bd 44 01 00                calll  0x805ced0
e8 a7 b8 fe ff                calll  0x8048780
8b 1c 24                      movl  (%esp), %ebx
c3                            retl  
81 c3 27 c1 07 00             add $0x7c127, %ebx
83 ec 1c                      sub $0x1c, %esp
76 08                         jbe 0x805cf02
0f 85 d0 01 00 00             jnz 0x805d0e0
0f 84 22 02 00 00             jz 0x805d140
0f 85 34 02 00 00             jnz 0x805d160
8d bb 20 05 00 00             leal  0x520(%ebx), %edi
89 f8                         mov %edi, %eax
e8 d1 d6 ff ff                calll  0x805a620
57                            pushl  %edi
53                            pushl  %ebx
e8 ca ee fe ff                calll  0x80494f6
8b 2c 24                      movl  (%esp), %ebp
c3                            retl  
int
83 45 f4 01                   addl  $0x1, -0xc(%ebp)
3b 45 f4                      cmpl  -0xc(%ebp), %eax
7f cd                         jnle 0x80489f0
8b 45 f4                      movl  -0xc(%ebp), %eax
e8 bd 44 01 00                calll  0x805ced0
e8 a7 b8 fe ff                calll  0x8048780
8b 1c 24                      movl  (%esp), %ebx
c3                            retl  
81 c3 27 c1 07 00             add $0x7c127, %ebx
83 ec 1c                      sub $0x1c, %esp
76 08                         jbe 0x805cf02
0f 85 d0 01 00 00             jnz 0x805d0e0
0f 84 22 02 00 00             jz 0x805d140
0f 85 34 02 00 00             jnz 0x805d160
8d bb 20 05 00 00             leal  0x520(%ebx), %edi
89 f8                         mov %edi, %eax
e8 d1 d6 ff ff                calll  0x805a620
57                            pushl  %edi
53                            pushl  %ebx
e8 ca ee fe ff                calll  0x80494f6
int
3b 45 f4                      cmpl  -0xc(%ebp), %eax
7f cd                         jnle 0x80489f0
e8 bd 44 01 00                calll  0x805ced0
e8 a7 b8 fe ff                calll  0x8048780
8b 1c 24                      movl  (%esp), %ebx
c3                            retl  
81 c3 27 c1 07 00             add $0x7c127, %ebx
83 ec 1c                      sub $0x1c, %esp
76 08                         jbe 0x805cf02
0f 85 d0 01 00 00             jnz 0x805d0e0
0f 84 22 02 00 00             jz 0x805d140
0f 85 34 02 00 00             jnz 0x805d160
8d bb 20 05 00 00             leal  0x520(%ebx), %edi
89 f8                         mov %edi, %eax
e8 d1 d6 ff ff                calll  0x805a620
57                            pushl  %edi
53                            pushl  %ebx
e8 ca ee fe ff                calll  0x80494f6
8b 2c 24                      movl  (%esp), %ebp
c3                            retl  
int
83 45 f4 01                   addl  $0x1, -0xc(%ebp)
3b 45 f4                      cmpl  -0xc(%ebp), %eax
7f cd                         jnle 0x80489f0
8b 45 f4                      movl  -0xc(%ebp), %eax
e8 bd 44 01 00                calll  0x805ced0
e8 a7 b8 fe ff                calll  0x8048780
8b 1c 24                      movl  (%esp), %ebx
c3                            retl  
81 c3 27 c1 07 00             add $0x7c127, %ebx
83 ec 1c                      sub $0x1c, %esp
76 08                         jbe 0x805cf02
0f 85 d0 01 00 00             jnz 0x805d0e0
0f 84 22 02 00 00             jz 0x805d140
0f 85 34 02 00 00             jnz 0x805d160
8d bb 20 05 00 00             leal  0x520(%ebx), %edi
89 f8                         mov %edi, %eax
e8 d1 d6 ff ff                calll  0x805a620
57                            pushl  %edi
53                            pushl  %ebx
e8 ca ee fe ff                calll  0x80494f6
int
3b 45 f4                      cmpl  -0xc(%ebp), %eax
7f cd                         jnle 0x80489f0
e8 bd 44 01 00                calll  0x805ced0
e8 a7 b8 fe ff                calll  0x8048780
8b 1c 24                      movl  (%esp), %ebx
c3                            retl  
81 c3 27 c1 07 00             add $0x7c127, %ebx
83 ec 1c                      sub $0x1c, %esp
76 08                         jbe 0x805cf02
0f 85 d0 01 00 00             jnz 0x805d0e0
0f 84 22 02 00 00             jz 0x805d140
0f 85 34 02 00 00             jnz 0x805d160
8d bb 20 05 00 00             leal  0x520(%ebx), %edi
89 f8                         mov %edi, %eax
e8 d1 d6 ff ff                calll  0x805a620
57                            pushl  %edi
53                            pushl  %ebx
e8 ca ee fe ff                calll  0x80494f6
8b 2c 24                      movl  (%esp), %ebp
c3                            retl  
int
83 45 f4 01                   addl  $0x1, -0xc(%ebp)
3b 45 f4                      cmpl  -0xc(%ebp), %eax
7f cd                         jnle 0x80489f0
e8 41 fe ff ff                calll  0x8048896
75 40                         jnz 0x80488e5
e9 82 00 00 00                jmp 0x8048972
0f 8e 72 ff ff ff             jle 0x80488f0
e8 5a ff ff ff                calll  0x8048874
c3                            retl  
e8 52 ff ff ff                calll  0x8048896
89 e5                         mov %esp, %ebp
83 ec 34                      sub $0x34, %esp
75 40                         jnz 0x80488e5
e9 82 00 00 00                jmp 0x8048972
0f 8e 72 ff ff ff             jle 0x80488f0
e8 5a ff ff ff                calll  0x8048874
55                            pushl  %ebp
89 e5                         mov %esp, %ebp
83 ec 10                      sub $0x10, %esp
c9                            leavel  
int
3b 45 f4                      cmpl  -0xc(%ebp), %eax
7f cd                         jnle 0x80489f0
e8 41 fe ff ff                calll  0x8048896
75 40                         jnz 0x80488e5
e9 82 00 00 00                jmp 0x8048972
0f 8e 72 ff ff ff             jle 0x80488f0
e8 5a ff ff ff                calll  0x8048874
c3                            retl  
e8 52 ff ff ff                calll  0x8048896
89 e5                         mov %esp, %ebp
83 ec 34                      sub $0x34, %esp
75 40                         jnz 0x80488e5
e9 82 00 00 00                jmp 0x8048972
0f 8e 72 ff ff ff             jle 0x80488f0
e8 5a ff ff ff                calll  0x8048874
55                            pushl  %ebp
89 e5                         mov %esp, %ebp
83 ec 10                      sub $0x10, %esp
c9                            leavel  
c3                            retl  
upointer
8b 45 f0                      movl  -0x10(%ebp), %eax
89 44 24 0c                   movl  %eax, 0xc(%esp)
8b 45 14                      movl  0x14(%ebp), %eax
89 44 24 0c                   movl  %eax, 0xc(%esp)
8b 45 14                      movl  0x14(%ebp), %eax
89 44 24 0c                   movl  %eax, 0xc(%esp)
8b 45 14                      movl  0x14(%ebp), %eax
01 d0                         add %edx, %eax
8b 45 14                      movl  0x14(%ebp), %eax
89 44 24 0c                   movl  %eax, 0xc(%esp)
8b 45 14                      movl  0x14(%ebp), %eax
01 d0                         add %edx, %eax
8b 45 14                      movl  0x14(%ebp), %eax
89 44 24 0c                   movl  %eax, 0xc(%esp)
8b 45 14                      movl  0x14(%ebp), %eax
89 44 24 0c                   movl  %eax, 0xc(%esp)
8b 45 14                      movl  0x14(%ebp), %eax
01 d0                         add %edx, %eax
8b 45 14                      movl  0x14(%ebp), %eax
89 44 24 0c                   movl  %eax, 0xc(%esp)
int
8b 55 fc                      movl  -0x4(%ebp), %edx
89 10                         movl  %edx, (%eax)
f3 a5                         rep movsdl  (%esi), (%edi)
f3 a5                         rep movsdl  (%esi), (%edi)
8b 00                         movl  (%eax), %eax
89 45 fc                      movl  %eax, -0x4(%ebp)
8b 10                         movl  (%eax), %edx
89 10                         movl  %edx, (%eax)
8b 55 fc                      movl  -0x4(%ebp), %edx
89 10                         movl  %edx, (%eax)
01 c2                         add %eax, %edx
89 54 24 04                   movl  %edx, 0x4(%esp)
8b 00                         movl  (%eax), %eax
89 45 fc                      movl  %eax, -0x4(%ebp)
8b 45 0c                      movl  0xc(%ebp), %eax
8b 45 0c                      movl  0xc(%ebp), %eax
8b 55 fc                      movl  -0x4(%ebp), %edx
89 10                         movl  %edx, (%eax)
8b 00                         movl  (%eax), %eax
89 45 fc                      movl  %eax, -0x4(%ebp)
int
8b 55 fc                      movl  -0x4(%ebp), %edx
89 10                         movl  %edx, (%eax)
f3 a5                         rep movsdl  (%esi), (%edi)
8b 00                         movl  (%eax), %eax
89 45 fc                      movl  %eax, -0x4(%ebp)
8b 10                         movl  (%eax), %edx
89 10                         movl  %edx, (%eax)
8b 55 fc                      movl  -0x4(%ebp), %edx
89 10                         movl  %edx, (%eax)
01 c2                         add %eax, %edx
89 54 24 04                   movl  %edx, 0x4(%esp)
8b 00                         movl  (%eax), %eax
89 45 fc                      movl  %eax, -0x4(%ebp)
8b 45 0c                      movl  0xc(%ebp), %eax
8b 45 0c                      movl  0xc(%ebp), %eax
8b 55 fc                      movl  -0x4(%ebp), %edx
89 10                         movl  %edx, (%eax)
f3 a5                         rep movsdl  (%esi), (%edi)
8b 10                         movl  (%eax), %edx
89 10                         movl  %edx, (%eax)
int
8b 55 fc                      movl  -0x4(%ebp), %edx
89 10                         movl  %edx, (%eax)
01 c2                         add %eax, %edx
89 54 24 04                   movl  %edx, 0x4(%esp)
8b 00                         movl  (%eax), %eax
89 45 fc                      movl  %eax, -0x4(%ebp)
8b 45 0c                      movl  0xc(%ebp), %eax
8b 45 0c                      movl  0xc(%ebp), %eax
8b 55 fc                      movl  -0x4(%ebp), %edx
89 10                         movl  %edx, (%eax)
f3 a5                         rep movsdl  (%esi), (%edi)
8b 10                         movl  (%eax), %edx
89 10                         movl  %edx, (%eax)
8b 10                         movl  (%eax), %edx
89 10                         movl  %edx, (%eax)
f3 a5                         rep movsdl  (%esi), (%edi)
f3 a5                         rep movsdl  (%esi), (%edi)
8b 00                         movl  (%eax), %eax
89 45 fc                      movl  %eax, -0x4(%ebp)
8b 55 fc                      movl  -0x4(%ebp), %edx
int
8b 55 fc                      movl  -0x4(%ebp), %edx
89 10                         movl  %edx, (%eax)
f3 a5                         rep movsdl  (%esi), (%edi)
8b 10                         movl  (%eax), %edx
89 10                         movl  %edx, (%eax)
8b 10                         movl  (%eax), %edx
89 10                         movl  %edx, (%eax)
f3 a5                         rep movsdl  (%esi), (%edi)
f3 a5                         rep movsdl  (%esi), (%edi)
8b 00                         movl  (%eax), %eax
89 45 fc                      movl  %eax, -0x4(%ebp)
8b 55 fc                      movl  -0x4(%ebp), %edx
89 10                         movl  %edx, (%eax)
01 c2                         add %eax, %edx
89 54 24 04                   movl  %edx, 0x4(%esp)
8b 45 0c                      movl  0xc(%ebp), %eax
8b 45 0c                      movl  0xc(%ebp), %eax
8b 00                         movl  (%eax), %eax
89 45 fc                      movl  %eax, -0x4(%ebp)
8b 10                         movl  (%eax), %edx
int
8b 55 fc                      movl  -0x4(%ebp), %edx
89 10                         movl  %edx, (%eax)
01 c2                         add %eax, %edx
89 54 24 04                   movl  %edx, 0x4(%esp)
8b 45 0c                      movl  0xc(%ebp), %eax
8b 45 0c                      movl  0xc(%ebp), %eax
f3 a5                         rep movsdl  (%esi), (%edi)
8b 10                         movl  (%eax), %edx
89 10                         movl  %edx, (%eax)
f3 a5                         rep movsdl  (%esi), (%edi)
8b 00                         movl  (%eax), %eax
89 45 fc                      movl  %eax, -0x4(%ebp)
8b 55 fc                      movl  -0x4(%ebp), %edx
89 10                         movl  %edx, (%eax)
01 c2                         add %eax, %edx
89 54 24 04                   movl  %edx, 0x4(%esp)
8b 45 0c                      movl  0xc(%ebp), %eax
8b 45 0c                      movl  0xc(%ebp), %eax
8b 10                         movl  (%eax), %edx
89 10                         movl  %edx, (%eax)
int
8b 55 fc                      movl  -0x4(%ebp), %edx
89 10                         movl  %edx, (%eax)
01 c2                         add %eax, %edx
89 54 24 04                   movl  %edx, 0x4(%esp)
8b 00                         movl  (%eax), %eax
89 45 fc                      movl  %eax, -0x4(%ebp)
8b 45 0c                      movl  0xc(%ebp), %eax
8b 45 0c                      movl  0xc(%ebp), %eax
8b 55 fc                      movl  -0x4(%ebp), %edx
89 10                         movl  %edx, (%eax)
8b 00                         movl  (%eax), %eax
89 45 fc                      movl  %eax, -0x4(%ebp)
8b 10                         movl  (%eax), %edx
89 10                         movl  %edx, (%eax)
8b 55 fc                      movl  -0x4(%ebp), %edx
89 10                         movl  %edx, (%eax)
f3 a5                         rep movsdl  (%esi), (%edi)
8b 00                         movl  (%eax), %eax
89 45 fc                      movl  %eax, -0x4(%ebp)
8b 10                         movl  (%eax), %edx
int
8b 55 fc                      movl  -0x4(%ebp), %edx
89 10                         movl  %edx, (%eax)
8b 00                         movl  (%eax), %eax
89 45 fc                      movl  %eax, -0x4(%ebp)
8b 10                         movl  (%eax), %edx
89 10                         movl  %edx, (%eax)
8b 55 fc                      movl  -0x4(%ebp), %edx
89 10                         movl  %edx, (%eax)
f3 a5                         rep movsdl  (%esi), (%edi)
8b 00                         movl  (%eax), %eax
89 45 fc                      movl  %eax, -0x4(%ebp)
8b 10                         movl  (%eax), %edx
89 10                         movl  %edx, (%eax)
8b 55 fc                      movl  -0x4(%ebp), %edx
89 10                         movl  %edx, (%eax)
01 c2                         add %eax, %edx
89 54 24 04                   movl  %edx, 0x4(%esp)
8b 00                         movl  (%eax), %eax
89 45 fc                      movl  %eax, -0x4(%ebp)
8b 45 0c                      movl  0xc(%ebp), %eax
int
8b 55 fc                      movl  -0x4(%ebp), %edx
89 10                         movl  %edx, (%eax)
f3 a5                         rep movsdl  (%esi), (%edi)
8b 00                         movl  (%eax), %eax
89 45 fc                      movl  %eax, -0x4(%ebp)
8b 10                         movl  (%eax), %edx
89 10                         movl  %edx, (%eax)
8b 55 fc                      movl  -0x4(%ebp), %edx
89 10                         movl  %edx, (%eax)
01 c2                         add %eax, %edx
89 54 24 04                   movl  %edx, 0x4(%esp)
8b 00                         movl  (%eax), %eax
89 45 fc                      movl  %eax, -0x4(%ebp)
8b 45 0c                      movl  0xc(%ebp), %eax
8b 45 0c                      movl  0xc(%ebp), %eax
8b 55 fc                      movl  -0x4(%ebp), %edx
89 10                         movl  %edx, (%eax)
f3 a5                         rep movsdl  (%esi), (%edi)
8b 10                         movl  (%eax), %edx
89 10                         movl  %edx, (%eax)
int
8b 55 fc                      movl  -0x4(%ebp), %edx
89 10                         movl  %edx, (%eax)
01 c2                         add %eax, %edx
89 54 24 04                   movl  %edx, 0x4(%esp)
8b 00                         movl  (%eax), %eax
89 45 fc                      movl  %eax, -0x4(%ebp)
8b 45 0c                      movl  0xc(%ebp), %eax
8b 45 0c                      movl  0xc(%ebp), %eax
8b 55 fc                      movl  -0x4(%ebp), %edx
89 10                         movl  %edx, (%eax)
f3 a5                         rep movsdl  (%esi), (%edi)
8b 10                         movl  (%eax), %edx
89 10                         movl  %edx, (%eax)
8b 10                         movl  (%eax), %edx
89 10                         movl  %edx, (%eax)
8b 00                         movl  (%eax), %eax
89 45 fc                      movl  %eax, -0x4(%ebp)
8b 55 fc                      movl  -0x4(%ebp), %edx
89 10                         movl  %edx, (%eax)
f3 a5                         rep movsdl  (%esi), (%edi)
int
8b 55 fc                      movl  -0x4(%ebp), %edx
89 10                         movl  %edx, (%eax)
f3 a5                         rep movsdl  (%esi), (%edi)
8b 10                         movl  (%eax), %edx
89 10                         movl  %edx, (%eax)
8b 10                         movl  (%eax), %edx
89 10                         movl  %edx, (%eax)
8b 00                         movl  (%eax), %eax
89 45 fc                      movl  %eax, -0x4(%ebp)
8b 55 fc                      movl  -0x4(%ebp), %edx
89 10                         movl  %edx, (%eax)
f3 a5                         rep movsdl  (%esi), (%edi)
8b 10                         movl  (%eax), %edx
89 10                         movl  %edx, (%eax)
f3 a5                         rep movsdl  (%esi), (%edi)
8b 00                         movl  (%eax), %eax
89 45 fc                      movl  %eax, -0x4(%ebp)
8b 55 fc                      movl  -0x4(%ebp), %edx
89 10                         movl  %edx, (%eax)
01 c2                         add %eax, %edx
int
8b 55 fc                      movl  -0x4(%ebp), %edx
89 10                         movl  %edx, (%eax)
01 c2                         add %eax, %edx
89 54 24 04                   movl  %edx, 0x4(%esp)
8b 45 0c                      movl  0xc(%ebp), %eax
8b 45 0c                      movl  0xc(%ebp), %eax
8b 10                         movl  (%eax), %edx
89 10                         movl  %edx, (%eax)
f3 a5                         rep movsdl  (%esi), (%edi)
f3 a5                         rep movsdl  (%esi), (%edi)
8b 00                         movl  (%eax), %eax
89 45 fc                      movl  %eax, -0x4(%ebp)
8b 55 fc                      movl  -0x4(%ebp), %edx
89 10                         movl  %edx, (%eax)
01 d0                         add %edx, %eax
8b 00                         movl  (%eax), %eax
89 44 24 04                   movl  %eax, 0x4(%esp)
8b 00                         movl  (%eax), %eax
99                            cdq 
89 c6                         mov %eax, %esi
int
8b 55 fc                      movl  -0x4(%ebp), %edx
89 10                         movl  %edx, (%eax)
01 c2                         add %eax, %edx
89 54 24 04                   movl  %edx, 0x4(%esp)
8b 45 0c                      movl  0xc(%ebp), %eax
8b 45 0c                      movl  0xc(%ebp), %eax
8b 00                         movl  (%eax), %eax
89 45 fc                      movl  %eax, -0x4(%ebp)
8b 10                         movl  (%eax), %edx
89 10                         movl  %edx, (%eax)
8b 55 fc                      movl  -0x4(%ebp), %edx
89 10                         movl  %edx, (%eax)
f3 a5                         rep movsdl  (%esi), (%edi)
8b 00                         movl  (%eax), %eax
89 45 fc                      movl  %eax, -0x4(%ebp)
8b 10                         movl  (%eax), %edx
89 10                         movl  %edx, (%eax)
8b 55 fc                      movl  -0x4(%ebp), %edx
89 10                         movl  %edx, (%eax)
01 c2                         add %eax, %edx
int
8b 55 fc                      movl  -0x4(%ebp), %edx
89 10                         movl  %edx, (%eax)
f3 a5                         rep movsdl  (%esi), (%edi)
8b 10                         movl  (%eax), %edx
89 10                         movl  %edx, (%eax)
f3 a5                         rep movsdl  (%esi), (%edi)
8b 00                         movl  (%eax), %eax
89 45 fc                      movl  %eax, -0x4(%ebp)
8b 55 fc                      movl  -0x4(%ebp), %edx
89 10                         movl  %edx, (%eax)
01 c2                         add %eax, %edx
89 54 24 04                   movl  %edx, 0x4(%esp)
8b 45 0c                      movl  0xc(%ebp), %eax
8b 10                         movl  (%eax), %edx
89 10                         movl  %edx, (%eax)
8b 45 0c                      movl  0xc(%ebp), %eax
8b 00                         movl  (%eax), %eax
89 44 24 04                   movl  %eax, 0x4(%esp)
8b 00                         movl  (%eax), %eax
99                            cdq 
int
8b 55 fc                      movl  -0x4(%ebp), %edx
89 10                         movl  %edx, (%eax)
f3 a5                         rep movsdl  (%esi), (%edi)
8b 00                         movl  (%eax), %eax
89 45 fc                      movl  %eax, -0x4(%ebp)
8b 10                         movl  (%eax), %edx
89 10                         movl  %edx, (%eax)
8b 55 fc                      movl  -0x4(%ebp), %edx
89 10                         movl  %edx, (%eax)
01 c2                         add %eax, %edx
89 54 24 04                   movl  %edx, 0x4(%esp)
8b 00                         movl  (%eax), %eax
89 45 fc                      movl  %eax, -0x4(%ebp)
8b 45 0c                      movl  0xc(%ebp), %eax
8b 45 0c                      movl  0xc(%ebp), %eax
8b 55 fc                      movl  -0x4(%ebp), %edx
89 10                         movl  %edx, (%eax)
f3 a5                         rep movsdl  (%esi), (%edi)
8b 10                         movl  (%eax), %edx
89 10                         movl  %edx, (%eax)
int
8b 55 fc                      movl  -0x4(%ebp), %edx
89 10                         movl  %edx, (%eax)
01 c2                         add %eax, %edx
89 54 24 04                   movl  %edx, 0x4(%esp)
8b 00                         movl  (%eax), %eax
89 45 fc                      movl  %eax, -0x4(%ebp)
8b 45 0c                      movl  0xc(%ebp), %eax
8b 45 0c                      movl  0xc(%ebp), %eax
8b 55 fc                      movl  -0x4(%ebp), %edx
89 10                         movl  %edx, (%eax)
f3 a5                         rep movsdl  (%esi), (%edi)
8b 10                         movl  (%eax), %edx
89 10                         movl  %edx, (%eax)
8b 00                         movl  (%eax), %eax
89 44 24 04                   movl  %eax, 0x4(%esp)
8b 00                         movl  (%eax), %eax
99                            cdq 
89 c6                         mov %eax, %esi
31 d0                         xor %edx, %eax
c1 ee 1f                      shr $0x1f, %esi
int
8b 55 fc                      movl  -0x4(%ebp), %edx
89 10                         movl  %edx, (%eax)
f3 a5                         rep movsdl  (%esi), (%edi)
8b 10                         movl  (%eax), %edx
89 10                         movl  %edx, (%eax)
8b 00                         movl  (%eax), %eax
89 44 24 04                   movl  %eax, 0x4(%esp)
8b 00                         movl  (%eax), %eax
99                            cdq 
89 c6                         mov %eax, %esi
31 d0                         xor %edx, %eax
c1 ee 1f                      shr $0x1f, %esi
29 d0                         sub %edx, %eax
89 b5 5c fb ff ff             movl  %esi, -0x4a4(%ebp)
89 85 20 fb ff ff             movl  %eax, -0x4e0(%ebp)
50                            pushl  %eax
8b 4c 24 10                   movl  0x10(%esp), %ecx
89 c8                         mov %ecx, %eax
01 c0                         add %eax, %eax
29 c1                         sub %eax, %ecx
int
8b 55 fc                      movl  -0x4(%ebp), %edx
89 10                         movl  %edx, (%eax)
01 c2                         add %eax, %edx
89 54 24 04                   movl  %edx, 0x4(%esp)
8b 45 0c                      movl  0xc(%ebp), %eax
8b 10                         movl  (%eax), %edx
89 10                         movl  %edx, (%eax)
8b 45 0c                      movl  0xc(%ebp), %eax
upointer
8b 45 f0                      movl  -0x10(%ebp), %eax
89 44 24 1c                   movl  %eax, 0x1c(%esp)
8b 44 24 1c                   movl  0x1c(%esp), %eax
01 d0                         add %edx, %eax
8b 44 24 1c                   movl  0x1c(%esp), %eax
01 d0                         add %edx, %eax
8b 44 24 1c                   movl  0x1c(%esp), %eax
01 d0                         add %edx, %eax
8b 44 24 1c                   movl  0x1c(%esp), %eax
01 d0                         add %edx, %eax
8b 44 24 1c                   movl  0x1c(%esp), %eax
01 d0                         add %edx, %eax
8b 44 24 1c                   movl  0x1c(%esp), %eax
01 d0                         add %edx, %eax
8b 44 24 1c                   movl  0x1c(%esp), %eax
01 d0                         add %edx, %eax
8b 44 24 1c                   movl  0x1c(%esp), %eax
01 d0                         add %edx, %eax
8b 44 24 1c                   movl  0x1c(%esp), %eax
01 d0                         add %edx, %eax
int
39 44 24 2c                   cmpl  %eax, 0x2c(%esp)
7c 83                         jl 0x8048ae7
eb 33                         jmp 0x8048b24
7c c3                         jl 0x8048af1
e8 31 70 00 00                calll  0x804fb50
e8 2a 8c ff ff                calll  0x8048780
8b 1c 24                      movl  (%esp), %ebx
c3                            retl  
81 c3 aa 94 08 00             add $0x894aa, %ebx
83 ec 08                      sub $0x8, %esp
8d 44 24 14                   leal  0x14(%esp), %eax
83 ec 04                      sub $0x4, %esp
50                            pushl  %eax
e8 78 06 03 00                calll  0x80801f0
89 e5                         mov %esp, %ebp
53                            pushl  %ebx
e8 85 85 fc ff                calll  0x8048780
8b 1c 24                      movl  (%esp), %ebx
c3                            retl  
81 c3 05 8e 05 00             add $0x58e05, %ebx
int
3b 44 24 24                   cmpl  0x24(%esp), %eax
7c c3                         jl 0x8048af1
e8 31 70 00 00                calll  0x804fb50
e8 2a 8c ff ff                calll  0x8048780
8b 1c 24                      movl  (%esp), %ebx
c3                            retl  
81 c3 aa 94 08 00             add $0x894aa, %ebx
83 ec 08                      sub $0x8, %esp
8d 44 24 14                   leal  0x14(%esp), %eax
83 ec 04                      sub $0x4, %esp
50                            pushl  %eax
e8 78 06 03 00                calll  0x80801f0
89 e5                         mov %esp, %ebp
53                            pushl  %ebx
e8 85 85 fc ff                calll  0x8048780
8b 1c 24                      movl  (%esp), %ebx
c3                            retl  
81 c3 05 8e 05 00             add $0x58e05, %ebx
81 ec ec 04 00 00             sub $0x4ec, %esp
8b 45 10                      movl  0x10(%ebp), %eax
int
83 44 24 28 01                addl  $0x1, 0x28(%esp)
8b 44 24 28                   movl  0x28(%esp), %eax
8b 54 24 28                   movl  0x28(%esp), %edx
c1 e2 02                      shl $0x2, %edx
01 d0                         add %edx, %eax
83 44 24 28 01                addl  $0x1, 0x28(%esp)
8b 44 24 28                   movl  0x28(%esp), %eax
8b 54 24 28                   movl  0x28(%esp), %edx
c1 e2 02                      shl $0x2, %edx
01 d0                         add %edx, %eax
83 44 24 28 01                addl  $0x1, 0x28(%esp)
8b 44 24 28                   movl  0x28(%esp), %eax
int
3b 44 24 24                   cmpl  0x24(%esp), %eax
7c c3                         jl 0x8048af1
e8 31 70 00 00                calll  0x804fb50
e8 2a 8c ff ff                calll  0x8048780
8b 1c 24                      movl  (%esp), %ebx
c3                            retl  
81 c3 aa 94 08 00             add $0x894aa, %ebx
83 ec 08                      sub $0x8, %esp
8d 44 24 14                   leal  0x14(%esp), %eax
83 ec 04                      sub $0x4, %esp
50                            pushl  %eax
e8 78 06 03 00                calll  0x80801f0
89 e5                         mov %esp, %ebp
53                            pushl  %ebx
e8 85 85 fc ff                calll  0x8048780
8b 1c 24                      movl  (%esp), %ebx
c3                            retl  
81 c3 05 8e 05 00             add $0x58e05, %ebx
81 ec ec 04 00 00             sub $0x4ec, %esp
8b 45 10                      movl  0x10(%ebp), %eax
int
83 44 24 28 01                addl  $0x1, 0x28(%esp)
8b 44 24 28                   movl  0x28(%esp), %eax
8b 54 24 28                   movl  0x28(%esp), %edx
c1 e2 02                      shl $0x2, %edx
01 d0                         add %edx, %eax
83 44 24 28 01                addl  $0x1, 0x28(%esp)
8b 44 24 28                   movl  0x28(%esp), %eax
int
3b 44 24 24                   cmpl  0x24(%esp), %eax
7c c3                         jl 0x8048af1
e8 31 70 00 00                calll  0x804fb50
e8 2a 8c ff ff                calll  0x8048780
8b 1c 24                      movl  (%esp), %ebx
c3                            retl  
81 c3 aa 94 08 00             add $0x894aa, %ebx
83 ec 08                      sub $0x8, %esp
8d 44 24 14                   leal  0x14(%esp), %eax
83 ec 04                      sub $0x4, %esp
50                            pushl  %eax
e8 78 06 03 00                calll  0x80801f0
89 e5                         mov %esp, %ebp
53                            pushl  %ebx
e8 85 85 fc ff                calll  0x8048780
8b 1c 24                      movl  (%esp), %ebx
c3                            retl  
81 c3 05 8e 05 00             add $0x58e05, %ebx
81 ec ec 04 00 00             sub $0x4ec, %esp
8b 45 10                      movl  0x10(%ebp), %eax
int
3b 44 24 24                   cmpl  0x24(%esp), %eax
7c c3                         jl 0x8048af1
e8 f7 3d 01 00                calll  0x805c940
e8 02 cf fe ff                calll  0x8049849
8b 34 24                      movl  (%esp), %esi
c3                            retl  
81 c6 b9 c6 07 00             add $0x7c6b9, %esi
83 ec 14                      sub $0x14, %esp
0f 85 7e 00 00 00             jnz 0x805c9e0
0f 84 83 00 00 00             jz 0x805c9ed
75 2b                         jnz 0x805c9a0
74 79                         jz 0x805c9f8
8d 86 20 05 00 00             leal  0x520(%esi), %eax
74 09                         jz 0x805c993
83 c4 14                      add $0x14, %esp
e9 91 c9 ff ff                jmp 0x8059330
e8 47 f4 fe ff                calll  0x8048780
8b 1c 24                      movl  (%esp), %ebx
c3                            retl  
81 c3 c7 fc 07 00             add $0x7fcc7, %ebx
int
83 44 24 2c 01                addl  $0x1, 0x2c(%esp)
39 44 24 2c                   cmpl  %eax, 0x2c(%esp)
7c 83                         jl 0x8048ae7
eb 33                         jmp 0x8048b24
7c c3                         jl 0x8048af1
8b 44 24 2c                   movl  0x2c(%esp), %eax
e8 31 70 00 00                calll  0x804fb50
e8 2a 8c ff ff                calll  0x8048780
8b 1c 24                      movl  (%esp), %ebx
c3                            retl  
81 c3 aa 94 08 00             add $0x894aa, %ebx
83 ec 08                      sub $0x8, %esp
8d 44 24 14                   leal  0x14(%esp), %eax
83 ec 04                      sub $0x4, %esp
50                            pushl  %eax
e8 78 06 03 00                calll  0x80801f0
89 e5                         mov %esp, %ebp
53                            pushl  %ebx
e8 85 85 fc ff                calll  0x8048780
8b 1c 24                      movl  (%esp), %ebx
int
39 44 24 2c                   cmpl  %eax, 0x2c(%esp)
7c 83                         jl 0x8048ae7
eb 33                         jmp 0x8048b24
7c c3                         jl 0x8048af1
e8 31 70 00 00                calll  0x804fb50
e8 2a 8c ff ff                calll  0x8048780
8b 1c 24                      movl  (%esp), %ebx
c3                            retl  
81 c3 aa 94 08 00             add $0x894aa, %ebx
83 ec 08                      sub $0x8, %esp
8d 44 24 14                   leal  0x14(%esp), %eax
83 ec 04                      sub $0x4, %esp
50                            pushl  %eax
e8 78 06 03 00                calll  0x80801f0
89 e5                         mov %esp, %ebp
53                            pushl  %ebx
e8 85 85 fc ff                calll  0x8048780
8b 1c 24                      movl  (%esp), %ebx
c3                            retl  
81 c3 05 8e 05 00             add $0x58e05, %ebx
int
3b 44 24 24                   cmpl  0x24(%esp), %eax
7c c3                         jl 0x8048af1
e8 31 70 00 00                calll  0x804fb50
e8 2a 8c ff ff                calll  0x8048780
8b 1c 24                      movl  (%esp), %ebx
c3                            retl  
81 c3 aa 94 08 00             add $0x894aa, %ebx
83 ec 08                      sub $0x8, %esp
8d 44 24 14                   leal  0x14(%esp), %eax
83 ec 04                      sub $0x4, %esp
50                            pushl  %eax
e8 78 06 03 00                calll  0x80801f0
89 e5                         mov %esp, %ebp
53                            pushl  %ebx
e8 85 85 fc ff                calll  0x8048780
8b 1c 24                      movl  (%esp), %ebx
c3                            retl  
81 c3 05 8e 05 00             add $0x58e05, %ebx
81 ec ec 04 00 00             sub $0x4ec, %esp
8b 45 10                      movl  0x10(%ebp), %eax
int
83 44 24 28 01                addl  $0x1, 0x28(%esp)
8b 44 24 28                   movl  0x28(%esp), %eax
8b 54 24 28                   movl  0x28(%esp), %edx
c1 e2 02                      shl $0x2, %edx
01 d0                         add %edx, %eax
83 44 24 28 01                addl  $0x1, 0x28(%esp)
8b 44 24 28                   movl  0x28(%esp), %eax
8b 54 24 28                   movl  0x28(%esp), %edx
c1 e2 02                      shl $0x2, %edx
01 d0                         add %edx, %eax
83 44 24 28 01                addl  $0x1, 0x28(%esp)
8b 44 24 28                   movl  0x28(%esp), %eax
int
3b 44 24 24                   cmpl  0x24(%esp), %eax
7c c3                         jl 0x8048af1
e8 31 70 00 00                calll  0x804fb50
e8 2a 8c ff ff                calll  0x8048780
8b 1c 24                      movl  (%esp), %ebx
c3                            retl  
81 c3 aa 94 08 00             add $0x894aa, %ebx
83 ec 08                      sub $0x8, %esp
8d 44 24 14                   leal  0x14(%esp), %eax
83 ec 04                      sub $0x4, %esp
50                            pushl  %eax
e8 78 06 03 00                calll  0x80801f0
89 e5                         mov %esp, %ebp
53                            pushl  %ebx
e8 85 85 fc ff                calll  0x8048780
8b 1c 24                      movl  (%esp), %ebx
c3                            retl  
81 c3 05 8e 05 00             add $0x58e05, %ebx
81 ec ec 04 00 00             sub $0x4ec, %esp
8b 45 10                      movl  0x10(%ebp), %eax
int
83 44 24 28 01                addl  $0x1, 0x28(%esp)
8b 44 24 28                   movl  0x28(%esp), %eax
8b 54 24 28                   movl  0x28(%esp), %edx
c1 e2 02                      shl $0x2, %edx
01 d0                         add %edx, %eax
83 44 24 28 01                addl  $0x1, 0x28(%esp)
8b 44 24 28                   movl  0x28(%esp), %eax
int
3b 44 24 24                   cmpl  0x24(%esp), %eax
7c c3                         jl 0x8048af1
e8 31 70 00 00                calll  0x804fb50
e8 2a 8c ff ff                calll  0x8048780
8b 1c 24                      movl  (%esp), %ebx
c3                            retl  
81 c3 aa 94 08 00             add $0x894aa, %ebx
83 ec 08                      sub $0x8, %esp
8d 44 24 14                   leal  0x14(%esp), %eax
83 ec 04                      sub $0x4, %esp
50                            pushl  %eax
e8 78 06 03 00                calll  0x80801f0
89 e5                         mov %esp, %ebp
53                            pushl  %ebx
e8 85 85 fc ff                calll  0x8048780
8b 1c 24                      movl  (%esp), %ebx
c3                            retl  
81 c3 05 8e 05 00             add $0x58e05, %ebx
81 ec ec 04 00 00             sub $0x4ec, %esp
8b 45 10                      movl  0x10(%ebp), %eax
int
3b 44 24 24                   cmpl  0x24(%esp), %eax
7c c3                         jl 0x8048af1
e8 f7 3d 01 00                calll  0x805c940
e8 02 cf fe ff                calll  0x8049849
8b 34 24                      movl  (%esp), %esi
c3                            retl  
81 c6 b9 c6 07 00             add $0x7c6b9, %esi
83 ec 14                      sub $0x14, %esp
0f 85 7e 00 00 00             jnz 0x805c9e0
0f 84 83 00 00 00             jz 0x805c9ed
75 2b                         jnz 0x805c9a0
74 79                         jz 0x805c9f8
8d 86 20 05 00 00             leal  0x520(%esi), %eax
74 09                         jz 0x805c993
83 c4 14                      add $0x14, %esp
e9 91 c9 ff ff                jmp 0x8059330
e8 47 f4 fe ff                calll  0x8048780
8b 1c 24                      movl  (%esp), %ebx
c3                            retl  
81 c3 c7 fc 07 00             add $0x7fcc7, %ebx
int
83 44 24 2c 01                addl  $0x1, 0x2c(%esp)
39 44 24 2c                   cmpl  %eax, 0x2c(%esp)
7c 83                         jl 0x8048ae7
eb 33                         jmp 0x8048b24
7c c3                         jl 0x8048af1
8b 44 24 2c                   movl  0x2c(%esp), %eax
e8 31 70 00 00                calll  0x804fb50
e8 2a 8c ff ff                calll  0x8048780
8b 1c 24                      movl  (%esp), %ebx
c3                            retl  
81 c3 aa 94 08 00             add $0x894aa, %ebx
83 ec 08                      sub $0x8, %esp
8d 44 24 14                   leal  0x14(%esp), %eax
83 ec 04                      sub $0x4, %esp
50                            pushl  %eax
e8 78 06 03 00                calll  0x80801f0
89 e5                         mov %esp, %ebp
53                            pushl  %ebx
e8 85 85 fc ff                calll  0x8048780
8b 1c 24                      movl  (%esp), %ebx
int
39 44 24 2c                   cmpl  %eax, 0x2c(%esp)
7c 83                         jl 0x8048ae7
eb 33                         jmp 0x8048b24
7c c3                         jl 0x8048af1
e8 31 70 00 00                calll  0x804fb50
e8 2a 8c ff ff                calll  0x8048780
8b 1c 24                      movl  (%esp), %ebx
c3                            retl  
81 c3 aa 94 08 00             add $0x894aa, %ebx
83 ec 08                      sub $0x8, %esp
8d 44 24 14                   leal  0x14(%esp), %eax
83 ec 04                      sub $0x4, %esp
50                            pushl  %eax
e8 78 06 03 00                calll  0x80801f0
89 e5                         mov %esp, %ebp
53                            pushl  %ebx
e8 85 85 fc ff                calll  0x8048780
8b 1c 24                      movl  (%esp), %ebx
c3                            retl  
81 c3 05 8e 05 00             add $0x58e05, %ebx
int
3b 44 24 24                   cmpl  0x24(%esp), %eax
7c c3                         jl 0x8048af1
e8 31 70 00 00                calll  0x804fb50
e8 2a 8c ff ff                calll  0x8048780
8b 1c 24                      movl  (%esp), %ebx
c3                            retl  
81 c3 aa 94 08 00             add $0x894aa, %ebx
83 ec 08                      sub $0x8, %esp
8d 44 24 14                   leal  0x14(%esp), %eax
83 ec 04                      sub $0x4, %esp
50                            pushl  %eax
e8 78 06 03 00                calll  0x80801f0
89 e5                         mov %esp, %ebp
53                            pushl  %ebx
e8 85 85 fc ff                calll  0x8048780
8b 1c 24                      movl  (%esp), %ebx
c3                            retl  
81 c3 05 8e 05 00             add $0x58e05, %ebx
81 ec ec 04 00 00             sub $0x4ec, %esp
8b 45 10                      movl  0x10(%ebp), %eax
int
83 44 24 28 01                addl  $0x1, 0x28(%esp)
8b 44 24 28                   movl  0x28(%esp), %eax
8b 54 24 28                   movl  0x28(%esp), %edx
c1 e2 02                      shl $0x2, %edx
01 d0                         add %edx, %eax
83 44 24 28 01                addl  $0x1, 0x28(%esp)
8b 44 24 28                   movl  0x28(%esp), %eax
8b 54 24 28                   movl  0x28(%esp), %edx
c1 e2 02                      shl $0x2, %edx
01 d0                         add %edx, %eax
83 44 24 28 01                addl  $0x1, 0x28(%esp)
8b 44 24 28                   movl  0x28(%esp), %eax
int
3b 44 24 24                   cmpl  0x24(%esp), %eax
7c c3                         jl 0x8048af1
e8 31 70 00 00                calll  0x804fb50
e8 2a 8c ff ff                calll  0x8048780
8b 1c 24                      movl  (%esp), %ebx
c3                            retl  
81 c3 aa 94 08 00             add $0x894aa, %ebx
83 ec 08                      sub $0x8, %esp
8d 44 24 14                   leal  0x14(%esp), %eax
83 ec 04                      sub $0x4, %esp
50                            pushl  %eax
e8 78 06 03 00                calll  0x80801f0
89 e5                         mov %esp, %ebp
53                            pushl  %ebx
e8 85 85 fc ff                calll  0x8048780
8b 1c 24                      movl  (%esp), %ebx
c3                            retl  
81 c3 05 8e 05 00             add $0x58e05, %ebx
81 ec ec 04 00 00             sub $0x4ec, %esp
8b 45 10                      movl  0x10(%ebp), %eax
int
83 44 24 28 01                addl  $0x1, 0x28(%esp)
8b 44 24 28                   movl  0x28(%esp), %eax
8b 54 24 28                   movl  0x28(%esp), %edx
c1 e2 02                      shl $0x2, %edx
01 d0                         add %edx, %eax
83 44 24 28 01                addl  $0x1, 0x28(%esp)
8b 44 24 28                   movl  0x28(%esp), %eax
int
3b 44 24 24                   cmpl  0x24(%esp), %eax
7c c3                         jl 0x8048af1
e8 31 70 00 00                calll  0x804fb50
e8 2a 8c ff ff                calll  0x8048780
8b 1c 24                      movl  (%esp), %ebx
c3                            retl  
81 c3 aa 94 08 00             add $0x894aa, %ebx
83 ec 08                      sub $0x8, %esp
8d 44 24 14                   leal  0x14(%esp), %eax
83 ec 04                      sub $0x4, %esp
50                            pushl  %eax
e8 78 06 03 00                calll  0x80801f0
89 e5                         mov %esp, %ebp
53                            pushl  %ebx
e8 85 85 fc ff                calll  0x8048780
8b 1c 24                      movl  (%esp), %ebx
c3                            retl  
81 c3 05 8e 05 00             add $0x58e05, %ebx
81 ec ec 04 00 00             sub $0x4ec, %esp
8b 45 10                      movl  0x10(%ebp), %eax
int
3b 44 24 24                   cmpl  0x24(%esp), %eax
7c c3                         jl 0x8048af1
e8 f7 3d 01 00                calll  0x805c940
e8 02 cf fe ff                calll  0x8049849
8b 34 24                      movl  (%esp), %esi
c3                            retl  
81 c6 b9 c6 07 00             add $0x7c6b9, %esi
83 ec 14                      sub $0x14, %esp
0f 85 7e 00 00 00             jnz 0x805c9e0
0f 84 83 00 00 00             jz 0x805c9ed
75 2b                         jnz 0x805c9a0
74 79                         jz 0x805c9f8
8d 86 20 05 00 00             leal  0x520(%esi), %eax
74 09                         jz 0x805c993
83 c4 14                      add $0x14, %esp
e9 91 c9 ff ff                jmp 0x8059330
e8 47 f4 fe ff                calll  0x8048780
8b 1c 24                      movl  (%esp), %ebx
c3                            retl  
81 c3 c7 fc 07 00             add $0x7fcc7, %ebx
int
83 44 24 2c 01                addl  $0x1, 0x2c(%esp)
39 44 24 2c                   cmpl  %eax, 0x2c(%esp)
7c 83                         jl 0x8048ae7
eb 33                         jmp 0x8048b24
7c c3                         jl 0x8048af1
8b 44 24 2c                   movl  0x2c(%esp), %eax
e8 31 70 00 00                calll  0x804fb50
e8 2a 8c ff ff                calll  0x8048780
8b 1c 24                      movl  (%esp), %ebx
c3                            retl  
81 c3 aa 94 08 00             add $0x894aa, %ebx
83 ec 08                      sub $0x8, %esp
8d 44 24 14                   leal  0x14(%esp), %eax
83 ec 04                      sub $0x4, %esp
50                            pushl  %eax
e8 78 06 03 00                calll  0x80801f0
89 e5                         mov %esp, %ebp
53                            pushl  %ebx
e8 85 85 fc ff                calll  0x8048780
8b 1c 24                      movl  (%esp), %ebx
int
39 44 24 2c                   cmpl  %eax, 0x2c(%esp)
7c 83                         jl 0x8048ae7
eb 33                         jmp 0x8048b24
7c c3                         jl 0x8048af1
e8 31 70 00 00                calll  0x804fb50
e8 2a 8c ff ff                calll  0x8048780
8b 1c 24                      movl  (%esp), %ebx
c3                            retl  
81 c3 aa 94 08 00             add $0x894aa, %ebx
83 ec 08                      sub $0x8, %esp
8d 44 24 14                   leal  0x14(%esp), %eax
83 ec 04                      sub $0x4, %esp
50                            pushl  %eax
e8 78 06 03 00                calll  0x80801f0
89 e5                         mov %esp, %ebp
53                            pushl  %ebx
e8 85 85 fc ff                calll  0x8048780
8b 1c 24                      movl  (%esp), %ebx
c3                            retl  
81 c3 05 8e 05 00             add $0x58e05, %ebx
int
3b 44 24 24                   cmpl  0x24(%esp), %eax
7c c3                         jl 0x8048af1
e8 31 70 00 00                calll  0x804fb50
e8 2a 8c ff ff                calll  0x8048780
8b 1c 24                      movl  (%esp), %ebx
c3                            retl  
81 c3 aa 94 08 00             add $0x894aa, %ebx
83 ec 08                      sub $0x8, %esp
8d 44 24 14                   leal  0x14(%esp), %eax
83 ec 04                      sub $0x4, %esp
50                            pushl  %eax
e8 78 06 03 00                calll  0x80801f0
89 e5                         mov %esp, %ebp
53                            pushl  %ebx
e8 85 85 fc ff                calll  0x8048780
8b 1c 24                      movl  (%esp), %ebx
c3                            retl  
81 c3 05 8e 05 00             add $0x58e05, %ebx
81 ec ec 04 00 00             sub $0x4ec, %esp
8b 45 10                      movl  0x10(%ebp), %eax
int
83 44 24 28 01                addl  $0x1, 0x28(%esp)
8b 44 24 28                   movl  0x28(%esp), %eax
8b 54 24 28                   movl  0x28(%esp), %edx
c1 e2 02                      shl $0x2, %edx
01 d0                         add %edx, %eax
83 44 24 28 01                addl  $0x1, 0x28(%esp)
8b 44 24 28                   movl  0x28(%esp), %eax
8b 54 24 28                   movl  0x28(%esp), %edx
c1 e2 02                      shl $0x2, %edx
01 d0                         add %edx, %eax
83 44 24 28 01                addl  $0x1, 0x28(%esp)
8b 44 24 28                   movl  0x28(%esp), %eax
int
3b 44 24 24                   cmpl  0x24(%esp), %eax
7c c3                         jl 0x8048af1
e8 31 70 00 00                calll  0x804fb50
e8 2a 8c ff ff                calll  0x8048780
8b 1c 24                      movl  (%esp), %ebx
c3                            retl  
81 c3 aa 94 08 00             add $0x894aa, %ebx
83 ec 08                      sub $0x8, %esp
8d 44 24 14                   leal  0x14(%esp), %eax
83 ec 04                      sub $0x4, %esp
50                            pushl  %eax
e8 78 06 03 00                calll  0x80801f0
89 e5                         mov %esp, %ebp
53                            pushl  %ebx
e8 85 85 fc ff                calll  0x8048780
8b 1c 24                      movl  (%esp), %ebx
c3                            retl  
81 c3 05 8e 05 00             add $0x58e05, %ebx
81 ec ec 04 00 00             sub $0x4ec, %esp
8b 45 10                      movl  0x10(%ebp), %eax
int
83 44 24 28 01                addl  $0x1, 0x28(%esp)
8b 44 24 28                   movl  0x28(%esp), %eax
8b 54 24 28                   movl  0x28(%esp), %edx
c1 e2 02                      shl $0x2, %edx
01 d0                         add %edx, %eax
83 44 24 28 01                addl  $0x1, 0x28(%esp)
8b 44 24 28                   movl  0x28(%esp), %eax
int
3b 44 24 24                   cmpl  0x24(%esp), %eax
7c c3                         jl 0x8048af1
e8 31 70 00 00                calll  0x804fb50
e8 2a 8c ff ff                calll  0x8048780
8b 1c 24                      movl  (%esp), %ebx
c3                            retl  
81 c3 aa 94 08 00             add $0x894aa, %ebx
83 ec 08                      sub $0x8, %esp
8d 44 24 14                   leal  0x14(%esp), %eax
83 ec 04                      sub $0x4, %esp
50                            pushl  %eax
e8 78 06 03 00                calll  0x80801f0
89 e5                         mov %esp, %ebp
53                            pushl  %ebx
e8 85 85 fc ff                calll  0x8048780
8b 1c 24                      movl  (%esp), %ebx
c3                            retl  
81 c3 05 8e 05 00             add $0x58e05, %ebx
81 ec ec 04 00 00             sub $0x4ec, %esp
8b 45 10                      movl  0x10(%ebp), %eax
int
3b 44 24 24                   cmpl  0x24(%esp), %eax
7c c3                         jl 0x8048af1
e8 f7 3d 01 00                calll  0x805c940
e8 02 cf fe ff                calll  0x8049849
8b 34 24                      movl  (%esp), %esi
c3                            retl  
81 c6 b9 c6 07 00             add $0x7c6b9, %esi
83 ec 14                      sub $0x14, %esp
0f 85 7e 00 00 00             jnz 0x805c9e0
0f 84 83 00 00 00             jz 0x805c9ed
75 2b                         jnz 0x805c9a0
74 79                         jz 0x805c9f8
8d 86 20 05 00 00             leal  0x520(%esi), %eax
74 09                         jz 0x805c993
83 c4 14                      add $0x14, %esp
e9 91 c9 ff ff                jmp 0x8059330
e8 47 f4 fe ff                calll  0x8048780
8b 1c 24                      movl  (%esp), %ebx
c3                            retl  
81 c3 c7 fc 07 00             add $0x7fcc7, %ebx
int
83 44 24 2c 01                addl  $0x1, 0x2c(%esp)
39 44 24 2c                   cmpl  %eax, 0x2c(%esp)
7c 83                         jl 0x8048ae7
eb 33                         jmp 0x8048b24
7c c3                         jl 0x8048af1
8b 44 24 2c                   movl  0x2c(%esp), %eax
e8 31 70 00 00                calll  0x804fb50
e8 2a 8c ff ff                calll  0x8048780
8b 1c 24                      movl  (%esp), %ebx
c3                            retl  
81 c3 aa 94 08 00             add $0x894aa, %ebx
83 ec 08                      sub $0x8, %esp
8d 44 24 14                   leal  0x14(%esp), %eax
83 ec 04                      sub $0x4, %esp
50                            pushl  %eax
e8 78 06 03 00                calll  0x80801f0
89 e5                         mov %esp, %ebp
53                            pushl  %ebx
e8 85 85 fc ff                calll  0x8048780
8b 1c 24                      movl  (%esp), %ebx
int
39 44 24 2c                   cmpl  %eax, 0x2c(%esp)
7c 83                         jl 0x8048ae7
eb 33                         jmp 0x8048b24
7c c3                         jl 0x8048af1
e8 31 70 00 00                calll  0x804fb50
e8 2a 8c ff ff                calll  0x8048780
8b 1c 24                      movl  (%esp), %ebx
c3                            retl  
81 c3 aa 94 08 00             add $0x894aa, %ebx
83 ec 08                      sub $0x8, %esp
8d 44 24 14                   leal  0x14(%esp), %eax
83 ec 04                      sub $0x4, %esp
50                            pushl  %eax
e8 78 06 03 00                calll  0x80801f0
89 e5                         mov %esp, %ebp
53                            pushl  %ebx
e8 85 85 fc ff                calll  0x8048780
8b 1c 24                      movl  (%esp), %ebx
c3                            retl  
81 c3 05 8e 05 00             add $0x58e05, %ebx
int
3b 44 24 24                   cmpl  0x24(%esp), %eax
7c c3                         jl 0x8048af1
e8 31 70 00 00                calll  0x804fb50
e8 2a 8c ff ff                calll  0x8048780
8b 1c 24                      movl  (%esp), %ebx
c3                            retl  
81 c3 aa 94 08 00             add $0x894aa, %ebx
83 ec 08                      sub $0x8, %esp
8d 44 24 14                   leal  0x14(%esp), %eax
83 ec 04                      sub $0x4, %esp
50                            pushl  %eax
e8 78 06 03 00                calll  0x80801f0
89 e5                         mov %esp, %ebp
53                            pushl  %ebx
e8 85 85 fc ff                calll  0x8048780
8b 1c 24                      movl  (%esp), %ebx
c3                            retl  
81 c3 05 8e 05 00             add $0x58e05, %ebx
81 ec ec 04 00 00             sub $0x4ec, %esp
8b 45 10                      movl  0x10(%ebp), %eax
int
83 44 24 28 01                addl  $0x1, 0x28(%esp)
8b 44 24 28                   movl  0x28(%esp), %eax
8b 54 24 28                   movl  0x28(%esp), %edx
c1 e2 02                      shl $0x2, %edx
01 d0                         add %edx, %eax
83 44 24 28 01                addl  $0x1, 0x28(%esp)
8b 44 24 28                   movl  0x28(%esp), %eax
8b 54 24 28                   movl  0x28(%esp), %edx
c1 e2 02                      shl $0x2, %edx
01 d0                         add %edx, %eax
83 44 24 28 01                addl  $0x1, 0x28(%esp)
8b 44 24 28                   movl  0x28(%esp), %eax
int
3b 44 24 24                   cmpl  0x24(%esp), %eax
7c c3                         jl 0x8048af1
e8 31 70 00 00                calll  0x804fb50
e8 2a 8c ff ff                calll  0x8048780
8b 1c 24                      movl  (%esp), %ebx
c3                            retl  
81 c3 aa 94 08 00             add $0x894aa, %ebx
83 ec 08                      sub $0x8, %esp
8d 44 24 14                   leal  0x14(%esp), %eax
83 ec 04                      sub $0x4, %esp
50                            pushl  %eax
e8 78 06 03 00                calll  0x80801f0
89 e5                         mov %esp, %ebp
53                            pushl  %ebx
e8 85 85 fc ff                calll  0x8048780
8b 1c 24                      movl  (%esp), %ebx
c3                            retl  
81 c3 05 8e 05 00             add $0x58e05, %ebx
81 ec ec 04 00 00             sub $0x4ec, %esp
8b 45 10                      movl  0x10(%ebp), %eax
int
83 44 24 28 01                addl  $0x1, 0x28(%esp)
8b 44 24 28                   movl  0x28(%esp), %eax
8b 54 24 28                   movl  0x28(%esp), %edx
c1 e2 02                      shl $0x2, %edx
01 d0                         add %edx, %eax
83 44 24 28 01                addl  $0x1, 0x28(%esp)
8b 44 24 28                   movl  0x28(%esp), %eax
int
3b 44 24 24                   cmpl  0x24(%esp), %eax
7c c3                         jl 0x8048af1
e8 31 70 00 00                calll  0x804fb50
e8 2a 8c ff ff                calll  0x8048780
8b 1c 24                      movl  (%esp), %ebx
c3                            retl  
81 c3 aa 94 08 00             add $0x894aa, %ebx
83 ec 08                      sub $0x8, %esp
8d 44 24 14                   leal  0x14(%esp), %eax
83 ec 04                      sub $0x4, %esp
50                            pushl  %eax
e8 78 06 03 00                calll  0x80801f0
89 e5                         mov %esp, %ebp
53                            pushl  %ebx
e8 85 85 fc ff                calll  0x8048780
8b 1c 24                      movl  (%esp), %ebx
c3                            retl  
81 c3 05 8e 05 00             add $0x58e05, %ebx
81 ec ec 04 00 00             sub $0x4ec, %esp
8b 45 10                      movl  0x10(%ebp), %eax
int
3b 44 24 24                   cmpl  0x24(%esp), %eax
7c c3                         jl 0x8048af1
e8 f7 3d 01 00                calll  0x805c940
e8 02 cf fe ff                calll  0x8049849
8b 34 24                      movl  (%esp), %esi
c3                            retl  
81 c6 b9 c6 07 00             add $0x7c6b9, %esi
83 ec 14                      sub $0x14, %esp
0f 85 7e 00 00 00             jnz 0x805c9e0
0f 84 83 00 00 00             jz 0x805c9ed
75 2b                         jnz 0x805c9a0
74 79                         jz 0x805c9f8
8d 86 20 05 00 00             leal  0x520(%esi), %eax
74 09                         jz 0x805c993
83 c4 14                      add $0x14, %esp
e9 91 c9 ff ff                jmp 0x8059330
e8 47 f4 fe ff                calll  0x8048780
8b 1c 24                      movl  (%esp), %ebx
c3                            retl  
81 c3 c7 fc 07 00             add $0x7fcc7, %ebx
int
83 44 24 2c 01                addl  $0x1, 0x2c(%esp)
39 44 24 2c                   cmpl  %eax, 0x2c(%esp)
7c 83                         jl 0x8048ae7
eb 33                         jmp 0x8048b24
7c c3                         jl 0x8048af1
8b 44 24 2c                   movl  0x2c(%esp), %eax
e8 31 70 00 00                calll  0x804fb50
e8 2a 8c ff ff                calll  0x8048780
8b 1c 24                      movl  (%esp), %ebx
c3                            retl  
81 c3 aa 94 08 00             add $0x894aa, %ebx
83 ec 08                      sub $0x8, %esp
8d 44 24 14                   leal  0x14(%esp), %eax
83 ec 04                      sub $0x4, %esp
50                            pushl  %eax
e8 78 06 03 00                calll  0x80801f0
89 e5                         mov %esp, %ebp
53                            pushl  %ebx
e8 85 85 fc ff                calll  0x8048780
8b 1c 24                      movl  (%esp), %ebx
int
39 44 24 2c                   cmpl  %eax, 0x2c(%esp)
7c 83                         jl 0x8048ae7
eb 33                         jmp 0x8048b24
7c c3                         jl 0x8048af1
e8 31 70 00 00                calll  0x804fb50
e8 2a 8c ff ff                calll  0x8048780
8b 1c 24                      movl  (%esp), %ebx
c3                            retl  
81 c3 aa 94 08 00             add $0x894aa, %ebx
83 ec 08                      sub $0x8, %esp
8d 44 24 14                   leal  0x14(%esp), %eax
83 ec 04                      sub $0x4, %esp
50                            pushl  %eax
e8 78 06 03 00                calll  0x80801f0
89 e5                         mov %esp, %ebp
53                            pushl  %ebx
e8 85 85 fc ff                calll  0x8048780
8b 1c 24                      movl  (%esp), %ebx
c3                            retl  
81 c3 05 8e 05 00             add $0x58e05, %ebx
int
3b 44 24 24                   cmpl  0x24(%esp), %eax
7c c3                         jl 0x8048af1
e8 31 70 00 00                calll  0x804fb50
e8 2a 8c ff ff                calll  0x8048780
8b 1c 24                      movl  (%esp), %ebx
c3                            retl  
81 c3 aa 94 08 00             add $0x894aa, %ebx
83 ec 08                      sub $0x8, %esp
8d 44 24 14                   leal  0x14(%esp), %eax
83 ec 04                      sub $0x4, %esp
50                            pushl  %eax
e8 78 06 03 00                calll  0x80801f0
89 e5                         mov %esp, %ebp
53                            pushl  %ebx
e8 85 85 fc ff                calll  0x8048780
8b 1c 24                      movl  (%esp), %ebx
c3                            retl  
81 c3 05 8e 05 00             add $0x58e05, %ebx
81 ec ec 04 00 00             sub $0x4ec, %esp
8b 45 10                      movl  0x10(%ebp), %eax
int
83 44 24 28 01                addl  $0x1, 0x28(%esp)
8b 44 24 28                   movl  0x28(%esp), %eax
8b 54 24 28                   movl  0x28(%esp), %edx
c1 e2 02                      shl $0x2, %edx
01 d0                         add %edx, %eax
83 44 24 28 01                addl  $0x1, 0x28(%esp)
8b 44 24 28                   movl  0x28(%esp), %eax
8b 54 24 28                   movl  0x28(%esp), %edx
c1 e2 02                      shl $0x2, %edx
01 d0                         add %edx, %eax
83 44 24 28 01                addl  $0x1, 0x28(%esp)
8b 44 24 28                   movl  0x28(%esp), %eax
int
3b 44 24 24                   cmpl  0x24(%esp), %eax
7c c3                         jl 0x8048af1
e8 31 70 00 00                calll  0x804fb50
e8 2a 8c ff ff                calll  0x8048780
8b 1c 24                      movl  (%esp), %ebx
c3                            retl  
81 c3 aa 94 08 00             add $0x894aa, %ebx
83 ec 08                      sub $0x8, %esp
8d 44 24 14                   leal  0x14(%esp), %eax
83 ec 04                      sub $0x4, %esp
50                            pushl  %eax
e8 78 06 03 00                calll  0x80801f0
89 e5                         mov %esp, %ebp
53                            pushl  %ebx
e8 85 85 fc ff                calll  0x8048780
8b 1c 24                      movl  (%esp), %ebx
c3                            retl  
81 c3 05 8e 05 00             add $0x58e05, %ebx
81 ec ec 04 00 00             sub $0x4ec, %esp
8b 45 10                      movl  0x10(%ebp), %eax
int
83 44 24 28 01                addl  $0x1, 0x28(%esp)
8b 44 24 28                   movl  0x28(%esp), %eax
8b 54 24 28                   movl  0x28(%esp), %edx
c1 e2 02                      shl $0x2, %edx
01 d0                         add %edx, %eax
83 44 24 28 01                addl  $0x1, 0x28(%esp)
8b 44 24 28                   movl  0x28(%esp), %eax
int
3b 44 24 24                   cmpl  0x24(%esp), %eax
7c c3                         jl 0x8048af1
e8 31 70 00 00                calll  0x804fb50
e8 2a 8c ff ff                calll  0x8048780
8b 1c 24                      movl  (%esp), %ebx
c3                            retl  
81 c3 aa 94 08 00             add $0x894aa, %ebx
83 ec 08                      sub $0x8, %esp
8d 44 24 14                   leal  0x14(%esp), %eax
83 ec 04                      sub $0x4, %esp
50                            pushl  %eax
e8 78 06 03 00                calll  0x80801f0
89 e5                         mov %esp, %ebp
53                            pushl  %ebx
e8 85 85 fc ff                calll  0x8048780
8b 1c 24                      movl  (%esp), %ebx
c3                            retl  
81 c3 05 8e 05 00             add $0x58e05, %ebx
81 ec ec 04 00 00             sub $0x4ec, %esp
8b 45 10                      movl  0x10(%ebp), %eax
int
3b 44 24 24                   cmpl  0x24(%esp), %eax
7c c3                         jl 0x8048af1
e8 f7 3d 01 00                calll  0x805c940
e8 02 cf fe ff                calll  0x8049849
8b 34 24                      movl  (%esp), %esi
c3                            retl  
81 c6 b9 c6 07 00             add $0x7c6b9, %esi
83 ec 14                      sub $0x14, %esp
0f 85 7e 00 00 00             jnz 0x805c9e0
0f 84 83 00 00 00             jz 0x805c9ed
75 2b                         jnz 0x805c9a0
74 79                         jz 0x805c9f8
8d 86 20 05 00 00             leal  0x520(%esi), %eax
74 09                         jz 0x805c993
83 c4 14                      add $0x14, %esp
e9 91 c9 ff ff                jmp 0x8059330
e8 47 f4 fe ff                calll  0x8048780
8b 1c 24                      movl  (%esp), %ebx
c3                            retl  
81 c3 c7 fc 07 00             add $0x7fcc7, %ebx
int
83 44 24 2c 01                addl  $0x1, 0x2c(%esp)
39 44 24 2c                   cmpl  %eax, 0x2c(%esp)
7c 83                         jl 0x8048ae7
e8 d0 3d 01 00                calll  0x805c940
e8 02 cf fe ff                calll  0x8049849
8b 34 24                      movl  (%esp), %esi
c3                            retl  
81 c6 b9 c6 07 00             add $0x7c6b9, %esi
83 ec 14                      sub $0x14, %esp
0f 85 7e 00 00 00             jnz 0x805c9e0
0f 84 83 00 00 00             jz 0x805c9ed
75 2b                         jnz 0x805c9a0
74 79                         jz 0x805c9f8
8d 86 20 05 00 00             leal  0x520(%esi), %eax
74 09                         jz 0x805c993
83 c4 14                      add $0x14, %esp
e9 91 c9 ff ff                jmp 0x8059330
e8 47 f4 fe ff                calll  0x8048780
8b 1c 24                      movl  (%esp), %ebx
c3                            retl  
int
39 44 24 2c                   cmpl  %eax, 0x2c(%esp)
7c 83                         jl 0x8048ae7
e8 d0 3d 01 00                calll  0x805c940
e8 02 cf fe ff                calll  0x8049849
8b 34 24                      movl  (%esp), %esi
c3                            retl  
81 c6 b9 c6 07 00             add $0x7c6b9, %esi
83 ec 14                      sub $0x14, %esp
0f 85 7e 00 00 00             jnz 0x805c9e0
0f 84 83 00 00 00             jz 0x805c9ed
75 2b                         jnz 0x805c9a0
74 79                         jz 0x805c9f8
8d 86 20 05 00 00             leal  0x520(%esi), %eax
74 09                         jz 0x805c993
83 c4 14                      add $0x14, %esp
e9 91 c9 ff ff                jmp 0x8059330
e8 47 f4 fe ff                calll  0x8048780
8b 1c 24                      movl  (%esp), %ebx
c3                            retl  
81 c3 c7 fc 07 00             add $0x7fcc7, %ebx
upointer
8b 44 24 1c                   movl  0x1c(%esp), %eax
89 04 24                      movl  %eax, (%esp)
8b 5c 24 20                   movl  0x20(%esp), %ebx
85 db                         test %ebx, %ebx
0f 84 83 00 00 00             jz 0x805c9ed
8d 53 f8                      leal  -0x8(%ebx), %edx
75 2b                         jnz 0x805c9a0
74 79                         jz 0x805c9f8
74 09                         jz 0x805c993
e9 91 c9 ff ff                jmp 0x8059330
e8 47 f4 fe ff                calll  0x8048780
8b 1c 24                      movl  (%esp), %ebx
c3                            retl  
81 c3 c7 fc 07 00             add $0x7fcc7, %ebx
83 ec 3c                      sub $0x3c, %esp
39 ca                         cmp %ecx, %edx
0f 87 13 03 00 00             jnbe 0x8059680
8d 7a 08                      leal  0x8(%edx), %edi
f7 c7 0f 00 00 00             test $0xf, %edi
0f 85 04 03 00 00             jnz 0x8059680
