int
8b 44 24 14                   movl  0x14(%esp), %eax
89 04 24                      movl  %eax, (%esp)
8b 45 08                      movl  0x8(%ebp), %eax
c1 e0 02                      shl $0x2, %eax
89 04 24                      movl  %eax, (%esp)
8b 74 24 20                   movl  0x20(%esp), %esi
8d 46 13                      leal  0x13(%esi), %eax
83 f8 0f                      cmp $0xf, %eax
0f 87 a9 00 00 00             jnbe 0x805c388
83 e0 f0                      and $0xfffffff0, %eax
83 f8 df                      cmp $0xffffffdf, %eax
0f 97 c2                      setnbe %dl
e9 50 ff ff ff                jmp 0x805c2e6
39 f0                         cmp %esi, %eax
0f 82 72 01 00 00             jb 0x805c460
84 d2                         test %dl, %dl
0f 85 6a 01 00 00             jnz 0x805c460
83 e8 01                      sub $0x1, %eax
c1 e8 04                      shr $0x4, %eax
0f 84 95 00 00 00             jz 0x805c3a0
int
83 45 f4 01                   addl  $0x1, -0xc(%ebp)
8b 45 f4                      movl  -0xc(%ebp), %eax
8b 45 f4                      movl  -0xc(%ebp), %eax
83 45 f4 01                   addl  $0x1, -0xc(%ebp)
8b 45 f4                      movl  -0xc(%ebp), %eax
8b 45 f4                      movl  -0xc(%ebp), %eax
83 45 f4 01                   addl  $0x1, -0xc(%ebp)
8b 45 f4                      movl  -0xc(%ebp), %eax
int
83 45 f4 01                   addl  $0x1, -0xc(%ebp)
8b 45 f4                      movl  -0xc(%ebp), %eax
8b 45 f4                      movl  -0xc(%ebp), %eax
83 45 f4 01                   addl  $0x1, -0xc(%ebp)
8b 45 f4                      movl  -0xc(%ebp), %eax
int
3b 45 ec                      cmpl  -0x14(%ebp), %eax
7f 0c                         jnle 0x8048a49
0f 8e b2 fe ff ff             jle 0x80488fb
75 32                         jnz 0x8048935
eb 29                         jmp 0x8048966
7d cc                         jnl 0x804893d
7d cc                         jnl 0x804893d
7d cc                         jnl 0x804893d
eb 29                         jmp 0x80489a2
7d cc                         jnl 0x8048979
7d cc                         jnl 0x8048979
7d cc                         jnl 0x8048979
eb 29                         jmp 0x80489de
7e cc                         jle 0x80489b5
7e cc                         jle 0x80489b5
7e cc                         jle 0x80489b5
eb 29                         jmp 0x8048a1a
7e cc                         jle 0x80489f1
7e cc                         jle 0x80489f1
7e cc                         jle 0x80489f1
int
3b 45 e4                      cmpl  -0x1c(%ebp), %eax
0f 8e b2 fe ff ff             jle 0x80488fb
75 32                         jnz 0x8048935
eb 29                         jmp 0x8048966
7d cc                         jnl 0x804893d
7d cc                         jnl 0x804893d
7d cc                         jnl 0x804893d
eb 29                         jmp 0x80489a2
7d cc                         jnl 0x8048979
7d cc                         jnl 0x8048979
7d cc                         jnl 0x8048979
eb 29                         jmp 0x80489de
7e cc                         jle 0x80489b5
7e cc                         jle 0x80489b5
7e cc                         jle 0x80489b5
eb 29                         jmp 0x8048a1a
7e cc                         jle 0x80489f1
7e cc                         jle 0x80489f1
7e cc                         jle 0x80489f1
7f 0c                         jnle 0x8048a49
int
3b 45 ec                      cmpl  -0x14(%ebp), %eax
75 32                         jnz 0x8048935
eb 29                         jmp 0x8048966
7d cc                         jnl 0x804893d
7d cc                         jnl 0x804893d
7d cc                         jnl 0x804893d
eb 29                         jmp 0x80489a2
7d cc                         jnl 0x8048979
7d cc                         jnl 0x8048979
7d cc                         jnl 0x8048979
eb 29                         jmp 0x80489de
7e cc                         jle 0x80489b5
7e cc                         jle 0x80489b5
7e cc                         jle 0x80489b5
eb 29                         jmp 0x8048a1a
7e cc                         jle 0x80489f1
7e cc                         jle 0x80489f1
7e cc                         jle 0x80489f1
7f 0c                         jnle 0x8048a49
0f 8e b2 fe ff ff             jle 0x80488fb
int
8b 45 f0                      movl  -0x10(%ebp), %eax
89 45 f4                      movl  %eax, -0xc(%ebp)
3b 45 f4                      cmpl  -0xc(%ebp), %eax
7d cc                         jnl 0x804893d
8b 55 f4                      movl  -0xc(%ebp), %edx
c1 e2 02                      shl $0x2, %edx
83 45 f4 01                   addl  $0x1, -0xc(%ebp)
3b 45 f4                      cmpl  -0xc(%ebp), %eax
7d cc                         jnl 0x804893d
8b 55 f4                      movl  -0xc(%ebp), %edx
c1 e2 02                      shl $0x2, %edx
83 45 f4 01                   addl  $0x1, -0xc(%ebp)
3b 45 f4                      cmpl  -0xc(%ebp), %eax
7d cc                         jnl 0x804893d
eb 29                         jmp 0x80489a2
7d cc                         jnl 0x8048979
7d cc                         jnl 0x8048979
7d cc                         jnl 0x8048979
eb 29                         jmp 0x80489de
7e cc                         jle 0x80489b5
int
3b 45 f4                      cmpl  -0xc(%ebp), %eax
7d cc                         jnl 0x804893d
7d cc                         jnl 0x804893d
7d cc                         jnl 0x804893d
eb 29                         jmp 0x80489a2
7d cc                         jnl 0x8048979
7d cc                         jnl 0x8048979
7d cc                         jnl 0x8048979
eb 29                         jmp 0x80489de
7e cc                         jle 0x80489b5
7e cc                         jle 0x80489b5
7e cc                         jle 0x80489b5
eb 29                         jmp 0x8048a1a
7e cc                         jle 0x80489f1
7e cc                         jle 0x80489f1
7e cc                         jle 0x80489f1
7f 0c                         jnle 0x8048a49
0f 8e b2 fe ff ff             jle 0x80488fb
75 32                         jnz 0x8048935
75 2a                         jnz 0x8048935
int
8b 45 e0                      movl  -0x20(%ebp), %eax
8d 50 01                      leal  0x1(%eax), %edx
89 55 e0                      movl  %edx, -0x20(%ebp)
89 01                         movl  %eax, (%ecx)
01 d0                         add %edx, %eax
8b 45 e0                      movl  -0x20(%ebp), %eax
8d 50 01                      leal  0x1(%eax), %edx
89 55 e0                      movl  %edx, -0x20(%ebp)
89 01                         movl  %eax, (%ecx)
01 d0                         add %edx, %eax
8b 45 e0                      movl  -0x20(%ebp), %eax
8d 50 01                      leal  0x1(%eax), %edx
89 55 e0                      movl  %edx, -0x20(%ebp)
89 01                         movl  %eax, (%ecx)
01 d0                         add %edx, %eax
8b 45 e0                      movl  -0x20(%ebp), %eax
8d 50 01                      leal  0x1(%eax), %edx
89 55 e0                      movl  %edx, -0x20(%ebp)
89 01                         movl  %eax, (%ecx)
01 d0                         add %edx, %eax
int
83 45 f4 01                   addl  $0x1, -0xc(%ebp)
3b 45 f4                      cmpl  -0xc(%ebp), %eax
7d cc                         jnl 0x804893d
8b 55 f4                      movl  -0xc(%ebp), %edx
c1 e2 02                      shl $0x2, %edx
83 45 f4 01                   addl  $0x1, -0xc(%ebp)
3b 45 f4                      cmpl  -0xc(%ebp), %eax
7d cc                         jnl 0x804893d
eb 29                         jmp 0x80489a2
7d cc                         jnl 0x8048979
7d cc                         jnl 0x8048979
7d cc                         jnl 0x8048979
eb 29                         jmp 0x80489de
7e cc                         jle 0x80489b5
7e cc                         jle 0x80489b5
7e cc                         jle 0x80489b5
eb 29                         jmp 0x8048a1a
7e cc                         jle 0x80489f1
7e cc                         jle 0x80489f1
7e cc                         jle 0x80489f1
int
3b 45 f4                      cmpl  -0xc(%ebp), %eax
7d cc                         jnl 0x804893d
7d cc                         jnl 0x804893d
eb 29                         jmp 0x80489a2
7d cc                         jnl 0x8048979
7d cc                         jnl 0x8048979
7d cc                         jnl 0x8048979
eb 29                         jmp 0x80489de
7e cc                         jle 0x80489b5
7e cc                         jle 0x80489b5
7e cc                         jle 0x80489b5
eb 29                         jmp 0x8048a1a
7e cc                         jle 0x80489f1
7e cc                         jle 0x80489f1
7e cc                         jle 0x80489f1
7f 0c                         jnle 0x8048a49
0f 8e b2 fe ff ff             jle 0x80488fb
75 32                         jnz 0x8048935
75 2a                         jnz 0x8048935
e9 f0 00 00 00                jmp 0x8048a25
int
8b 45 e0                      movl  -0x20(%ebp), %eax
8d 50 01                      leal  0x1(%eax), %edx
89 55 e0                      movl  %edx, -0x20(%ebp)
89 01                         movl  %eax, (%ecx)
01 d0                         add %edx, %eax
8b 45 e0                      movl  -0x20(%ebp), %eax
8d 50 01                      leal  0x1(%eax), %edx
89 55 e0                      movl  %edx, -0x20(%ebp)
89 01                         movl  %eax, (%ecx)
01 d0                         add %edx, %eax
8b 45 e0                      movl  -0x20(%ebp), %eax
8d 50 01                      leal  0x1(%eax), %edx
89 55 e0                      movl  %edx, -0x20(%ebp)
89 01                         movl  %eax, (%ecx)
01 d0                         add %edx, %eax
8b 45 e0                      movl  -0x20(%ebp), %eax
8d 50 01                      leal  0x1(%eax), %edx
89 55 e0                      movl  %edx, -0x20(%ebp)
89 01                         movl  %eax, (%ecx)
01 d0                         add %edx, %eax
int
83 45 f4 01                   addl  $0x1, -0xc(%ebp)
3b 45 f4                      cmpl  -0xc(%ebp), %eax
7d cc                         jnl 0x804893d
eb 29                         jmp 0x80489a2
7d cc                         jnl 0x8048979
7d cc                         jnl 0x8048979
7d cc                         jnl 0x8048979
eb 29                         jmp 0x80489de
7e cc                         jle 0x80489b5
7e cc                         jle 0x80489b5
7e cc                         jle 0x80489b5
eb 29                         jmp 0x8048a1a
7e cc                         jle 0x80489f1
7e cc                         jle 0x80489f1
7e cc                         jle 0x80489f1
7f 0c                         jnle 0x8048a49
0f 8e b2 fe ff ff             jle 0x80488fb
75 32                         jnz 0x8048935
75 2a                         jnz 0x8048935
e9 f0 00 00 00                jmp 0x8048a25
int
3b 45 f4                      cmpl  -0xc(%ebp), %eax
7d cc                         jnl 0x804893d
eb 29                         jmp 0x80489a2
7d cc                         jnl 0x8048979
7d cc                         jnl 0x8048979
7d cc                         jnl 0x8048979
eb 29                         jmp 0x80489de
7e cc                         jle 0x80489b5
7e cc                         jle 0x80489b5
7e cc                         jle 0x80489b5
eb 29                         jmp 0x8048a1a
7e cc                         jle 0x80489f1
7e cc                         jle 0x80489f1
7e cc                         jle 0x80489f1
7f 0c                         jnle 0x8048a49
0f 8e b2 fe ff ff             jle 0x80488fb
75 32                         jnz 0x8048935
75 2a                         jnz 0x8048935
e9 f0 00 00 00                jmp 0x8048a25
7f 0c                         jnle 0x8048a49
int
8b 45 e8                      movl  -0x18(%ebp), %eax
89 45 f4                      movl  %eax, -0xc(%ebp)
3b 45 f4                      cmpl  -0xc(%ebp), %eax
7d cc                         jnl 0x8048979
8b 45 f4                      movl  -0xc(%ebp), %eax
83 45 f4 01                   addl  $0x1, -0xc(%ebp)
3b 45 f4                      cmpl  -0xc(%ebp), %eax
7d cc                         jnl 0x8048979
8b 45 f4                      movl  -0xc(%ebp), %eax
83 45 f4 01                   addl  $0x1, -0xc(%ebp)
3b 45 f4                      cmpl  -0xc(%ebp), %eax
7d cc                         jnl 0x8048979
eb 29                         jmp 0x80489de
7e cc                         jle 0x80489b5
7e cc                         jle 0x80489b5
7e cc                         jle 0x80489b5
eb 29                         jmp 0x8048a1a
7e cc                         jle 0x80489f1
7e cc                         jle 0x80489f1
7e cc                         jle 0x80489f1
int
3b 45 f4                      cmpl  -0xc(%ebp), %eax
7d cc                         jnl 0x8048979
7d cc                         jnl 0x8048979
7d cc                         jnl 0x8048979
eb 29                         jmp 0x80489de
7e cc                         jle 0x80489b5
7e cc                         jle 0x80489b5
7e cc                         jle 0x80489b5
eb 29                         jmp 0x8048a1a
7e cc                         jle 0x80489f1
7e cc                         jle 0x80489f1
7e cc                         jle 0x80489f1
7f 0c                         jnle 0x8048a49
0f 8e b2 fe ff ff             jle 0x80488fb
75 32                         jnz 0x8048935
75 2a                         jnz 0x8048935
e9 f0 00 00 00                jmp 0x8048a25
7f 0c                         jnle 0x8048a49
int
8b 45 e0                      movl  -0x20(%ebp), %eax
8d 50 01                      leal  0x1(%eax), %edx
89 55 e0                      movl  %edx, -0x20(%ebp)
89 01                         movl  %eax, (%ecx)
01 d0                         add %edx, %eax
8b 45 e0                      movl  -0x20(%ebp), %eax
8d 50 01                      leal  0x1(%eax), %edx
89 55 e0                      movl  %edx, -0x20(%ebp)
89 01                         movl  %eax, (%ecx)
01 d0                         add %edx, %eax
8b 45 e0                      movl  -0x20(%ebp), %eax
8d 50 01                      leal  0x1(%eax), %edx
89 55 e0                      movl  %edx, -0x20(%ebp)
89 01                         movl  %eax, (%ecx)
01 d0                         add %edx, %eax
8b 45 e0                      movl  -0x20(%ebp), %eax
8d 50 01                      leal  0x1(%eax), %edx
89 55 e0                      movl  %edx, -0x20(%ebp)
89 01                         movl  %eax, (%ecx)
01 d0                         add %edx, %eax
int
83 45 f4 01                   addl  $0x1, -0xc(%ebp)
3b 45 f4                      cmpl  -0xc(%ebp), %eax
7d cc                         jnl 0x8048979
8b 45 f4                      movl  -0xc(%ebp), %eax
83 45 f4 01                   addl  $0x1, -0xc(%ebp)
3b 45 f4                      cmpl  -0xc(%ebp), %eax
7d cc                         jnl 0x8048979
eb 29                         jmp 0x80489de
7e cc                         jle 0x80489b5
7e cc                         jle 0x80489b5
7e cc                         jle 0x80489b5
eb 29                         jmp 0x8048a1a
7e cc                         jle 0x80489f1
7e cc                         jle 0x80489f1
7e cc                         jle 0x80489f1
7f 0c                         jnle 0x8048a49
0f 8e b2 fe ff ff             jle 0x80488fb
75 32                         jnz 0x8048935
75 2a                         jnz 0x8048935
e9 f0 00 00 00                jmp 0x8048a25
int
3b 45 f4                      cmpl  -0xc(%ebp), %eax
7d cc                         jnl 0x8048979
7d cc                         jnl 0x8048979
eb 29                         jmp 0x80489de
7e cc                         jle 0x80489b5
7e cc                         jle 0x80489b5
7e cc                         jle 0x80489b5
eb 29                         jmp 0x8048a1a
7e cc                         jle 0x80489f1
7e cc                         jle 0x80489f1
7e cc                         jle 0x80489f1
7f 0c                         jnle 0x8048a49
0f 8e b2 fe ff ff             jle 0x80488fb
75 32                         jnz 0x8048935
75 2a                         jnz 0x8048935
e9 f0 00 00 00                jmp 0x8048a25
7f 0c                         jnle 0x8048a49
int
8b 45 e0                      movl  -0x20(%ebp), %eax
8d 50 01                      leal  0x1(%eax), %edx
89 55 e0                      movl  %edx, -0x20(%ebp)
89 01                         movl  %eax, (%ecx)
01 d0                         add %edx, %eax
8b 45 e0                      movl  -0x20(%ebp), %eax
8d 50 01                      leal  0x1(%eax), %edx
89 55 e0                      movl  %edx, -0x20(%ebp)
89 01                         movl  %eax, (%ecx)
01 d0                         add %edx, %eax
8b 45 e0                      movl  -0x20(%ebp), %eax
8d 50 01                      leal  0x1(%eax), %edx
89 55 e0                      movl  %edx, -0x20(%ebp)
89 01                         movl  %eax, (%ecx)
01 d0                         add %edx, %eax
8b 45 e0                      movl  -0x20(%ebp), %eax
8d 50 01                      leal  0x1(%eax), %edx
89 55 e0                      movl  %edx, -0x20(%ebp)
89 01                         movl  %eax, (%ecx)
01 d0                         add %edx, %eax
int
83 45 f4 01                   addl  $0x1, -0xc(%ebp)
3b 45 f4                      cmpl  -0xc(%ebp), %eax
7d cc                         jnl 0x8048979
eb 29                         jmp 0x80489de
7e cc                         jle 0x80489b5
7e cc                         jle 0x80489b5
7e cc                         jle 0x80489b5
eb 29                         jmp 0x8048a1a
7e cc                         jle 0x80489f1
7e cc                         jle 0x80489f1
7e cc                         jle 0x80489f1
7f 0c                         jnle 0x8048a49
0f 8e b2 fe ff ff             jle 0x80488fb
75 32                         jnz 0x8048935
75 2a                         jnz 0x8048935
e9 f0 00 00 00                jmp 0x8048a25
7f 0c                         jnle 0x8048a49
int
3b 45 f4                      cmpl  -0xc(%ebp), %eax
7d cc                         jnl 0x8048979
eb 29                         jmp 0x80489de
7e cc                         jle 0x80489b5
7e cc                         jle 0x80489b5
7e cc                         jle 0x80489b5
eb 29                         jmp 0x8048a1a
7e cc                         jle 0x80489f1
7e cc                         jle 0x80489f1
7e cc                         jle 0x80489f1
7f 0c                         jnle 0x8048a49
0f 8e b2 fe ff ff             jle 0x80488fb
75 32                         jnz 0x8048935
75 2a                         jnz 0x8048935
e9 f0 00 00 00                jmp 0x8048a25
7f 0c                         jnle 0x8048a49
int
8b 45 ec                      movl  -0x14(%ebp), %eax
89 45 f4                      movl  %eax, -0xc(%ebp)
3b 45 f4                      cmpl  -0xc(%ebp), %eax
7e cc                         jle 0x80489b5
8b 55 f4                      movl  -0xc(%ebp), %edx
c1 e2 02                      shl $0x2, %edx
83 6d f4 01                   subl  $0x1, -0xc(%ebp)
3b 45 f4                      cmpl  -0xc(%ebp), %eax
7e cc                         jle 0x80489b5
8b 55 f4                      movl  -0xc(%ebp), %edx
c1 e2 02                      shl $0x2, %edx
83 6d f4 01                   subl  $0x1, -0xc(%ebp)
3b 45 f4                      cmpl  -0xc(%ebp), %eax
7e cc                         jle 0x80489b5
eb 29                         jmp 0x8048a1a
7e cc                         jle 0x80489f1
7e cc                         jle 0x80489f1
7e cc                         jle 0x80489f1
7f 0c                         jnle 0x8048a49
0f 8e b2 fe ff ff             jle 0x80488fb
int
3b 45 f4                      cmpl  -0xc(%ebp), %eax
7e cc                         jle 0x80489b5
7e cc                         jle 0x80489b5
7e cc                         jle 0x80489b5
eb 29                         jmp 0x8048a1a
7e cc                         jle 0x80489f1
7e cc                         jle 0x80489f1
7e cc                         jle 0x80489f1
7f 0c                         jnle 0x8048a49
0f 8e b2 fe ff ff             jle 0x80488fb
75 32                         jnz 0x8048935
75 2a                         jnz 0x8048935
e9 f0 00 00 00                jmp 0x8048a25
7f 0c                         jnle 0x8048a49
int
8b 45 e0                      movl  -0x20(%ebp), %eax
8d 50 01                      leal  0x1(%eax), %edx
89 55 e0                      movl  %edx, -0x20(%ebp)
89 01                         movl  %eax, (%ecx)
01 d0                         add %edx, %eax
8b 45 e0                      movl  -0x20(%ebp), %eax
8d 50 01                      leal  0x1(%eax), %edx
89 55 e0                      movl  %edx, -0x20(%ebp)
89 01                         movl  %eax, (%ecx)
01 d0                         add %edx, %eax
8b 45 e0                      movl  -0x20(%ebp), %eax
8d 50 01                      leal  0x1(%eax), %edx
89 55 e0                      movl  %edx, -0x20(%ebp)
89 01                         movl  %eax, (%ecx)
01 d0                         add %edx, %eax
8b 45 e0                      movl  -0x20(%ebp), %eax
8d 50 01                      leal  0x1(%eax), %edx
89 55 e0                      movl  %edx, -0x20(%ebp)
89 01                         movl  %eax, (%ecx)
01 d0                         add %edx, %eax
int
83 6d f4 01                   subl  $0x1, -0xc(%ebp)
3b 45 f4                      cmpl  -0xc(%ebp), %eax
7e cc                         jle 0x80489b5
8b 55 f4                      movl  -0xc(%ebp), %edx
c1 e2 02                      shl $0x2, %edx
83 6d f4 01                   subl  $0x1, -0xc(%ebp)
3b 45 f4                      cmpl  -0xc(%ebp), %eax
7e cc                         jle 0x80489b5
eb 29                         jmp 0x8048a1a
7e cc                         jle 0x80489f1
7e cc                         jle 0x80489f1
7e cc                         jle 0x80489f1
7f 0c                         jnle 0x8048a49
0f 8e b2 fe ff ff             jle 0x80488fb
75 32                         jnz 0x8048935
75 2a                         jnz 0x8048935
e9 f0 00 00 00                jmp 0x8048a25
7f 0c                         jnle 0x8048a49
int
3b 45 f4                      cmpl  -0xc(%ebp), %eax
7e cc                         jle 0x80489b5
7e cc                         jle 0x80489b5
eb 29                         jmp 0x8048a1a
7e cc                         jle 0x80489f1
7e cc                         jle 0x80489f1
7e cc                         jle 0x80489f1
7f 0c                         jnle 0x8048a49
0f 8e b2 fe ff ff             jle 0x80488fb
75 32                         jnz 0x8048935
75 2a                         jnz 0x8048935
e9 f0 00 00 00                jmp 0x8048a25
7f 0c                         jnle 0x8048a49
int
8b 45 e0                      movl  -0x20(%ebp), %eax
8d 50 01                      leal  0x1(%eax), %edx
89 55 e0                      movl  %edx, -0x20(%ebp)
89 01                         movl  %eax, (%ecx)
01 d0                         add %edx, %eax
8b 45 e0                      movl  -0x20(%ebp), %eax
8d 50 01                      leal  0x1(%eax), %edx
89 55 e0                      movl  %edx, -0x20(%ebp)
89 01                         movl  %eax, (%ecx)
01 d0                         add %edx, %eax
8b 45 e0                      movl  -0x20(%ebp), %eax
8d 50 01                      leal  0x1(%eax), %edx
89 55 e0                      movl  %edx, -0x20(%ebp)
89 01                         movl  %eax, (%ecx)
01 d0                         add %edx, %eax
8b 45 e0                      movl  -0x20(%ebp), %eax
8d 50 01                      leal  0x1(%eax), %edx
89 55 e0                      movl  %edx, -0x20(%ebp)
89 01                         movl  %eax, (%ecx)
01 d0                         add %edx, %eax
int
83 6d f4 01                   subl  $0x1, -0xc(%ebp)
3b 45 f4                      cmpl  -0xc(%ebp), %eax
7e cc                         jle 0x80489b5
eb 29                         jmp 0x8048a1a
7e cc                         jle 0x80489f1
7e cc                         jle 0x80489f1
7e cc                         jle 0x80489f1
7f 0c                         jnle 0x8048a49
0f 8e b2 fe ff ff             jle 0x80488fb
75 32                         jnz 0x8048935
75 2a                         jnz 0x8048935
e9 f0 00 00 00                jmp 0x8048a25
7f 0c                         jnle 0x8048a49
int
3b 45 f4                      cmpl  -0xc(%ebp), %eax
7e cc                         jle 0x80489b5
eb 29                         jmp 0x8048a1a
7e cc                         jle 0x80489f1
7e cc                         jle 0x80489f1
7e cc                         jle 0x80489f1
7f 0c                         jnle 0x8048a49
0f 8e b2 fe ff ff             jle 0x80488fb
75 32                         jnz 0x8048935
75 2a                         jnz 0x8048935
e9 f0 00 00 00                jmp 0x8048a25
7f 0c                         jnle 0x8048a49
int
8b 45 e4                      movl  -0x1c(%ebp), %eax
89 45 f4                      movl  %eax, -0xc(%ebp)
3b 45 f4                      cmpl  -0xc(%ebp), %eax
7e cc                         jle 0x80489f1
8b 45 f4                      movl  -0xc(%ebp), %eax
83 6d f4 01                   subl  $0x1, -0xc(%ebp)
3b 45 f4                      cmpl  -0xc(%ebp), %eax
7e cc                         jle 0x80489f1
8b 45 f4                      movl  -0xc(%ebp), %eax
83 6d f4 01                   subl  $0x1, -0xc(%ebp)
3b 45 f4                      cmpl  -0xc(%ebp), %eax
7e cc                         jle 0x80489f1
7f 0c                         jnle 0x8048a49
0f 8e b2 fe ff ff             jle 0x80488fb
75 32                         jnz 0x8048935
75 2a                         jnz 0x8048935
e9 f0 00 00 00                jmp 0x8048a25
7f 0c                         jnle 0x8048a49
int
3b 45 f4                      cmpl  -0xc(%ebp), %eax
7e cc                         jle 0x80489f1
7e cc                         jle 0x80489f1
7e cc                         jle 0x80489f1
7f 0c                         jnle 0x8048a49
0f 8e b2 fe ff ff             jle 0x80488fb
75 32                         jnz 0x8048935
75 2a                         jnz 0x8048935
e9 f0 00 00 00                jmp 0x8048a25
7f 0c                         jnle 0x8048a49
int
8b 45 e0                      movl  -0x20(%ebp), %eax
8d 50 01                      leal  0x1(%eax), %edx
89 55 e0                      movl  %edx, -0x20(%ebp)
89 01                         movl  %eax, (%ecx)
01 d0                         add %edx, %eax
8b 45 e0                      movl  -0x20(%ebp), %eax
8d 50 01                      leal  0x1(%eax), %edx
89 55 e0                      movl  %edx, -0x20(%ebp)
89 01                         movl  %eax, (%ecx)
01 d0                         add %edx, %eax
8b 45 e0                      movl  -0x20(%ebp), %eax
8d 50 01                      leal  0x1(%eax), %edx
89 55 e0                      movl  %edx, -0x20(%ebp)
89 01                         movl  %eax, (%ecx)
01 d0                         add %edx, %eax
8b 00                         movl  (%eax), %eax
89 44 24 04                   movl  %eax, 0x4(%esp)
8b 00                         movl  (%eax), %eax
99                            cdq 
89 c6                         mov %eax, %esi
int
83 6d f4 01                   subl  $0x1, -0xc(%ebp)
3b 45 f4                      cmpl  -0xc(%ebp), %eax
7e cc                         jle 0x80489f1
8b 45 f4                      movl  -0xc(%ebp), %eax
83 6d f4 01                   subl  $0x1, -0xc(%ebp)
3b 45 f4                      cmpl  -0xc(%ebp), %eax
7e cc                         jle 0x80489f1
7f 0c                         jnle 0x8048a49
0f 8e b2 fe ff ff             jle 0x80488fb
75 32                         jnz 0x8048935
75 2a                         jnz 0x8048935
e9 f0 00 00 00                jmp 0x8048a25
7f 0c                         jnle 0x8048a49
int
3b 45 f4                      cmpl  -0xc(%ebp), %eax
7e cc                         jle 0x80489f1
7e cc                         jle 0x80489f1
7f 0c                         jnle 0x8048a49
0f 8e b2 fe ff ff             jle 0x80488fb
75 32                         jnz 0x8048935
75 2a                         jnz 0x8048935
e9 f0 00 00 00                jmp 0x8048a25
7f 0c                         jnle 0x8048a49
int
8b 45 e0                      movl  -0x20(%ebp), %eax
8d 50 01                      leal  0x1(%eax), %edx
89 55 e0                      movl  %edx, -0x20(%ebp)
89 01                         movl  %eax, (%ecx)
01 d0                         add %edx, %eax
8b 45 e0                      movl  -0x20(%ebp), %eax
8d 50 01                      leal  0x1(%eax), %edx
89 55 e0                      movl  %edx, -0x20(%ebp)
89 01                         movl  %eax, (%ecx)
01 d0                         add %edx, %eax
8b 00                         movl  (%eax), %eax
89 44 24 04                   movl  %eax, 0x4(%esp)
8b 00                         movl  (%eax), %eax
99                            cdq 
89 c6                         mov %eax, %esi
31 d0                         xor %edx, %eax
c1 ee 1f                      shr $0x1f, %esi
29 d0                         sub %edx, %eax
89 b5 5c fb ff ff             movl  %esi, -0x4a4(%ebp)
89 85 20 fb ff ff             movl  %eax, -0x4e0(%ebp)
int
83 6d f4 01                   subl  $0x1, -0xc(%ebp)
3b 45 f4                      cmpl  -0xc(%ebp), %eax
7e cc                         jle 0x80489f1
7f 0c                         jnle 0x8048a49
0f 8e b2 fe ff ff             jle 0x80488fb
75 32                         jnz 0x8048935
75 2a                         jnz 0x8048935
e9 f0 00 00 00                jmp 0x8048a25
7f 0c                         jnle 0x8048a49
int
3b 45 f4                      cmpl  -0xc(%ebp), %eax
7e cc                         jle 0x80489f1
7f 0c                         jnle 0x8048a49
0f 8e b2 fe ff ff             jle 0x80488fb
75 32                         jnz 0x8048935
75 2a                         jnz 0x8048935
e9 f0 00 00 00                jmp 0x8048a25
7f 0c                         jnle 0x8048a49
int
83 45 f0 01                   addl  $0x1, -0x10(%ebp)
8b 45 f0                      movl  -0x10(%ebp), %eax
8b 45 f0                      movl  -0x10(%ebp), %eax
8b 45 f0                      movl  -0x10(%ebp), %eax
83 45 f0 01                   addl  $0x1, -0x10(%ebp)
8b 45 f0                      movl  -0x10(%ebp), %eax
int
83 6d ec 01                   subl  $0x1, -0x14(%ebp)
3b 45 ec                      cmpl  -0x14(%ebp), %eax
7f 0c                         jnle 0x8048a49
0f 8e b2 fe ff ff             jle 0x80488fb
3b 45 ec                      cmpl  -0x14(%ebp), %eax
75 32                         jnz 0x8048935
75 2a                         jnz 0x8048935
e9 f0 00 00 00                jmp 0x8048a25
83 6d ec 01                   subl  $0x1, -0x14(%ebp)
3b 45 ec                      cmpl  -0x14(%ebp), %eax
7f 0c                         jnle 0x8048a49
int
83 45 e8 01                   addl  $0x1, -0x18(%ebp)
8b 45 e8                      movl  -0x18(%ebp), %eax
8b 45 e8                      movl  -0x18(%ebp), %eax
8b 55 e8                      movl  -0x18(%ebp), %edx
c1 e2 02                      shl $0x2, %edx
83 45 e8 01                   addl  $0x1, -0x18(%ebp)
int
83 6d e4 01                   subl  $0x1, -0x1c(%ebp)
3b 45 e4                      cmpl  -0x1c(%ebp), %eax
0f 8e b2 fe ff ff             jle 0x80488fb
75 32                         jnz 0x8048935
3b 45 e4                      cmpl  -0x1c(%ebp), %eax
75 2a                         jnz 0x8048935
e9 f0 00 00 00                jmp 0x8048a25
83 6d e4 01                   subl  $0x1, -0x1c(%ebp)
7f 0c                         jnle 0x8048a49
int
3b 45 ec                      cmpl  -0x14(%ebp), %eax
7f 0c                         jnle 0x8048a49
0f 8e b2 fe ff ff             jle 0x80488fb
75 32                         jnz 0x8048935
75 2a                         jnz 0x8048935
e9 f0 00 00 00                jmp 0x8048a25
7f 0c                         jnle 0x8048a49
int
3b 45 e4                      cmpl  -0x1c(%ebp), %eax
0f 8e b2 fe ff ff             jle 0x80488fb
75 32                         jnz 0x8048935
75 2a                         jnz 0x8048935
e9 f0 00 00 00                jmp 0x8048a25
7f 0c                         jnle 0x8048a49
int
3b 45 ec                      cmpl  -0x14(%ebp), %eax
75 32                         jnz 0x8048935
75 2a                         jnz 0x8048935
e9 f0 00 00 00                jmp 0x8048a25
7f 0c                         jnle 0x8048a49
int
3b 45 e4                      cmpl  -0x1c(%ebp), %eax
75 2a                         jnz 0x8048935
e9 f0 00 00 00                jmp 0x8048a25
7f 0c                         jnle 0x8048a49
int
8b 45 e0                      movl  -0x20(%ebp), %eax
8d 50 01                      leal  0x1(%eax), %edx
89 55 e0                      movl  %edx, -0x20(%ebp)
89 01                         movl  %eax, (%ecx)
01 d0                         add %edx, %eax
8b 00                         movl  (%eax), %eax
89 44 24 04                   movl  %eax, 0x4(%esp)
8b 00                         movl  (%eax), %eax
99                            cdq 
89 c6                         mov %eax, %esi
31 d0                         xor %edx, %eax
c1 ee 1f                      shr $0x1f, %esi
29 d0                         sub %edx, %eax
89 b5 5c fb ff ff             movl  %esi, -0x4a4(%ebp)
89 85 20 fb ff ff             movl  %eax, -0x4e0(%ebp)
50                            pushl  %eax
8b 4c 24 10                   movl  0x10(%esp), %ecx
89 c8                         mov %ecx, %eax
01 c0                         add %eax, %eax
29 c1                         sub %eax, %ecx
upointer
8b 45 dc                      movl  -0x24(%ebp), %eax
89 44 24 10                   movl  %eax, 0x10(%esp)
8b 44 24 10                   movl  0x10(%esp), %eax
01 d0                         add %edx, %eax
8b 44 24 10                   movl  0x10(%esp), %eax
01 d0                         add %edx, %eax
8b 44 24 10                   movl  0x10(%esp), %eax
01 d0                         add %edx, %eax
8b 44 24 10                   movl  0x10(%esp), %eax
01 d0                         add %edx, %eax
8b 44 24 10                   movl  0x10(%esp), %eax
01 d0                         add %edx, %eax
8b 44 24 10                   movl  0x10(%esp), %eax
01 d0                         add %edx, %eax
8b 44 24 10                   movl  0x10(%esp), %eax
01 d0                         add %edx, %eax
8b 44 24 10                   movl  0x10(%esp), %eax
01 d0                         add %edx, %eax
8b 44 24 10                   movl  0x10(%esp), %eax
01 d0                         add %edx, %eax
int
3b 44 24 14                   cmpl  0x14(%esp), %eax
7c 9e                         jl 0x8048a7d
eb 33                         jmp 0x8048aba
7c c3                         jl 0x8048a87
e8 0b 70 00 00                calll  0x804fac0
e8 ba 8c ff ff                calll  0x8048780
8b 1c 24                      movl  (%esp), %ebx
c3                            retl  
81 c3 3a 95 08 00             add $0x8953a, %ebx
83 ec 08                      sub $0x8, %esp
8d 44 24 14                   leal  0x14(%esp), %eax
83 ec 04                      sub $0x4, %esp
50                            pushl  %eax
e8 78 06 03 00                calll  0x8080160
89 e5                         mov %esp, %ebp
53                            pushl  %ebx
e8 15 86 fc ff                calll  0x8048780
8b 1c 24                      movl  (%esp), %ebx
c3                            retl  
81 c3 95 8e 05 00             add $0x58e95, %ebx
int
3b 44 24 14                   cmpl  0x14(%esp), %eax
7c c3                         jl 0x8048a87
e8 0b 70 00 00                calll  0x804fac0
e8 ba 8c ff ff                calll  0x8048780
8b 1c 24                      movl  (%esp), %ebx
c3                            retl  
81 c3 3a 95 08 00             add $0x8953a, %ebx
83 ec 08                      sub $0x8, %esp
8d 44 24 14                   leal  0x14(%esp), %eax
83 ec 04                      sub $0x4, %esp
50                            pushl  %eax
e8 78 06 03 00                calll  0x8080160
89 e5                         mov %esp, %ebp
53                            pushl  %ebx
e8 15 86 fc ff                calll  0x8048780
8b 1c 24                      movl  (%esp), %ebx
c3                            retl  
81 c3 95 8e 05 00             add $0x58e95, %ebx
81 ec ec 04 00 00             sub $0x4ec, %esp
8b 45 10                      movl  0x10(%ebp), %eax
int
83 44 24 18 01                addl  $0x1, 0x18(%esp)
8b 44 24 18                   movl  0x18(%esp), %eax
8b 54 24 18                   movl  0x18(%esp), %edx
c1 e2 02                      shl $0x2, %edx
01 d0                         add %edx, %eax
83 44 24 18 01                addl  $0x1, 0x18(%esp)
8b 44 24 18                   movl  0x18(%esp), %eax
8b 54 24 18                   movl  0x18(%esp), %edx
c1 e2 02                      shl $0x2, %edx
01 d0                         add %edx, %eax
83 44 24 18 01                addl  $0x1, 0x18(%esp)
8b 44 24 18                   movl  0x18(%esp), %eax
int
3b 44 24 14                   cmpl  0x14(%esp), %eax
7c c3                         jl 0x8048a87
e8 0b 70 00 00                calll  0x804fac0
e8 ba 8c ff ff                calll  0x8048780
8b 1c 24                      movl  (%esp), %ebx
c3                            retl  
81 c3 3a 95 08 00             add $0x8953a, %ebx
83 ec 08                      sub $0x8, %esp
8d 44 24 14                   leal  0x14(%esp), %eax
83 ec 04                      sub $0x4, %esp
50                            pushl  %eax
e8 78 06 03 00                calll  0x8080160
89 e5                         mov %esp, %ebp
53                            pushl  %ebx
e8 15 86 fc ff                calll  0x8048780
8b 1c 24                      movl  (%esp), %ebx
c3                            retl  
81 c3 95 8e 05 00             add $0x58e95, %ebx
81 ec ec 04 00 00             sub $0x4ec, %esp
8b 45 10                      movl  0x10(%ebp), %eax
int
83 44 24 18 01                addl  $0x1, 0x18(%esp)
8b 44 24 18                   movl  0x18(%esp), %eax
8b 54 24 18                   movl  0x18(%esp), %edx
c1 e2 02                      shl $0x2, %edx
01 d0                         add %edx, %eax
83 44 24 18 01                addl  $0x1, 0x18(%esp)
8b 44 24 18                   movl  0x18(%esp), %eax
int
3b 44 24 14                   cmpl  0x14(%esp), %eax
7c c3                         jl 0x8048a87
e8 0b 70 00 00                calll  0x804fac0
e8 ba 8c ff ff                calll  0x8048780
8b 1c 24                      movl  (%esp), %ebx
c3                            retl  
81 c3 3a 95 08 00             add $0x8953a, %ebx
83 ec 08                      sub $0x8, %esp
8d 44 24 14                   leal  0x14(%esp), %eax
83 ec 04                      sub $0x4, %esp
50                            pushl  %eax
e8 78 06 03 00                calll  0x8080160
89 e5                         mov %esp, %ebp
53                            pushl  %ebx
e8 15 86 fc ff                calll  0x8048780
8b 1c 24                      movl  (%esp), %ebx
c3                            retl  
81 c3 95 8e 05 00             add $0x58e95, %ebx
81 ec ec 04 00 00             sub $0x4ec, %esp
8b 45 10                      movl  0x10(%ebp), %eax
int
3b 44 24 14                   cmpl  0x14(%esp), %eax
7c c3                         jl 0x8048a87
e8 20 78 00 00                calll  0x80502f0
e8 a9 cc ff ff                calll  0x804cfa3
8b 3c 24                      movl  (%esp), %edi
c3                            retl  
81 c7 06 8d 08 00             add $0x88d06, %edi
83 ec 1c                      sub $0x1c, %esp
75 3d                         jnz 0x8050358
74 28                         jz 0x8050354
74 01                         jz 0x805033c
74 07                         jz 0x8050348
73 4c                         jnb 0x80503b0
75 27                         jnz 0x805039f
75 1e                         jnz 0x805039f
74 01                         jz 0x8050393
74 07                         jz 0x805039f
c3                            retl  
7c 9e                         jl 0x8048a7d
eb 33                         jmp 0x8048aba
int
83 44 24 1c 01                addl  $0x1, 0x1c(%esp)
8b 44 24 1c                   movl  0x1c(%esp), %eax
8b 44 24 1c                   movl  0x1c(%esp), %eax
8b 44 24 1c                   movl  0x1c(%esp), %eax
8b 44 24 1c                   movl  0x1c(%esp), %eax
83 44 24 1c 01                addl  $0x1, 0x1c(%esp)
8b 44 24 1c                   movl  0x1c(%esp), %eax
8b 44 24 1c                   movl  0x1c(%esp), %eax
8b 44 24 1c                   movl  0x1c(%esp), %eax
8b 44 24 1c                   movl  0x1c(%esp), %eax
83 44 24 1c 01                addl  $0x1, 0x1c(%esp)
8b 44 24 1c                   movl  0x1c(%esp), %eax
50                            pushl  %eax
ff 74 24 1c                   pushl  0x1c(%esp)
ff 74 24 38                   pushl  0x38(%esp)
ff 74 24 3c                   pushl  0x3c(%esp)
8b 5c 24 04                   movl  0x4(%esp), %ebx
int
3b 44 24 14                   cmpl  0x14(%esp), %eax
7c 9e                         jl 0x8048a7d
eb 33                         jmp 0x8048aba
7c c3                         jl 0x8048a87
e8 0b 70 00 00                calll  0x804fac0
e8 ba 8c ff ff                calll  0x8048780
8b 1c 24                      movl  (%esp), %ebx
c3                            retl  
81 c3 3a 95 08 00             add $0x8953a, %ebx
83 ec 08                      sub $0x8, %esp
8d 44 24 14                   leal  0x14(%esp), %eax
83 ec 04                      sub $0x4, %esp
50                            pushl  %eax
e8 78 06 03 00                calll  0x8080160
89 e5                         mov %esp, %ebp
53                            pushl  %ebx
e8 15 86 fc ff                calll  0x8048780
8b 1c 24                      movl  (%esp), %ebx
c3                            retl  
81 c3 95 8e 05 00             add $0x58e95, %ebx
int
3b 44 24 14                   cmpl  0x14(%esp), %eax
7c c3                         jl 0x8048a87
e8 0b 70 00 00                calll  0x804fac0
e8 ba 8c ff ff                calll  0x8048780
8b 1c 24                      movl  (%esp), %ebx
c3                            retl  
81 c3 3a 95 08 00             add $0x8953a, %ebx
83 ec 08                      sub $0x8, %esp
8d 44 24 14                   leal  0x14(%esp), %eax
83 ec 04                      sub $0x4, %esp
50                            pushl  %eax
e8 78 06 03 00                calll  0x8080160
89 e5                         mov %esp, %ebp
53                            pushl  %ebx
e8 15 86 fc ff                calll  0x8048780
8b 1c 24                      movl  (%esp), %ebx
c3                            retl  
81 c3 95 8e 05 00             add $0x58e95, %ebx
81 ec ec 04 00 00             sub $0x4ec, %esp
8b 45 10                      movl  0x10(%ebp), %eax
int
83 44 24 18 01                addl  $0x1, 0x18(%esp)
8b 44 24 18                   movl  0x18(%esp), %eax
8b 54 24 18                   movl  0x18(%esp), %edx
c1 e2 02                      shl $0x2, %edx
01 d0                         add %edx, %eax
83 44 24 18 01                addl  $0x1, 0x18(%esp)
8b 44 24 18                   movl  0x18(%esp), %eax
8b 54 24 18                   movl  0x18(%esp), %edx
c1 e2 02                      shl $0x2, %edx
01 d0                         add %edx, %eax
83 44 24 18 01                addl  $0x1, 0x18(%esp)
8b 44 24 18                   movl  0x18(%esp), %eax
int
3b 44 24 14                   cmpl  0x14(%esp), %eax
7c c3                         jl 0x8048a87
e8 0b 70 00 00                calll  0x804fac0
e8 ba 8c ff ff                calll  0x8048780
8b 1c 24                      movl  (%esp), %ebx
c3                            retl  
81 c3 3a 95 08 00             add $0x8953a, %ebx
83 ec 08                      sub $0x8, %esp
8d 44 24 14                   leal  0x14(%esp), %eax
83 ec 04                      sub $0x4, %esp
50                            pushl  %eax
e8 78 06 03 00                calll  0x8080160
89 e5                         mov %esp, %ebp
53                            pushl  %ebx
e8 15 86 fc ff                calll  0x8048780
8b 1c 24                      movl  (%esp), %ebx
c3                            retl  
81 c3 95 8e 05 00             add $0x58e95, %ebx
81 ec ec 04 00 00             sub $0x4ec, %esp
8b 45 10                      movl  0x10(%ebp), %eax
int
83 44 24 18 01                addl  $0x1, 0x18(%esp)
8b 44 24 18                   movl  0x18(%esp), %eax
8b 54 24 18                   movl  0x18(%esp), %edx
c1 e2 02                      shl $0x2, %edx
01 d0                         add %edx, %eax
83 44 24 18 01                addl  $0x1, 0x18(%esp)
8b 44 24 18                   movl  0x18(%esp), %eax
int
3b 44 24 14                   cmpl  0x14(%esp), %eax
7c c3                         jl 0x8048a87
e8 0b 70 00 00                calll  0x804fac0
e8 ba 8c ff ff                calll  0x8048780
8b 1c 24                      movl  (%esp), %ebx
c3                            retl  
81 c3 3a 95 08 00             add $0x8953a, %ebx
83 ec 08                      sub $0x8, %esp
8d 44 24 14                   leal  0x14(%esp), %eax
83 ec 04                      sub $0x4, %esp
50                            pushl  %eax
e8 78 06 03 00                calll  0x8080160
89 e5                         mov %esp, %ebp
53                            pushl  %ebx
e8 15 86 fc ff                calll  0x8048780
8b 1c 24                      movl  (%esp), %ebx
c3                            retl  
81 c3 95 8e 05 00             add $0x58e95, %ebx
81 ec ec 04 00 00             sub $0x4ec, %esp
8b 45 10                      movl  0x10(%ebp), %eax
int
3b 44 24 14                   cmpl  0x14(%esp), %eax
7c c3                         jl 0x8048a87
e8 20 78 00 00                calll  0x80502f0
e8 a9 cc ff ff                calll  0x804cfa3
8b 3c 24                      movl  (%esp), %edi
c3                            retl  
81 c7 06 8d 08 00             add $0x88d06, %edi
83 ec 1c                      sub $0x1c, %esp
75 3d                         jnz 0x8050358
74 28                         jz 0x8050354
74 01                         jz 0x805033c
74 07                         jz 0x8050348
73 4c                         jnb 0x80503b0
75 27                         jnz 0x805039f
75 1e                         jnz 0x805039f
74 01                         jz 0x8050393
74 07                         jz 0x805039f
c3                            retl  
7c 9e                         jl 0x8048a7d
eb 33                         jmp 0x8048aba
int
83 44 24 1c 01                addl  $0x1, 0x1c(%esp)
8b 44 24 1c                   movl  0x1c(%esp), %eax
8b 44 24 1c                   movl  0x1c(%esp), %eax
8b 44 24 1c                   movl  0x1c(%esp), %eax
8b 44 24 1c                   movl  0x1c(%esp), %eax
83 44 24 1c 01                addl  $0x1, 0x1c(%esp)
8b 44 24 1c                   movl  0x1c(%esp), %eax
50                            pushl  %eax
ff 74 24 1c                   pushl  0x1c(%esp)
ff 74 24 38                   pushl  0x38(%esp)
ff 74 24 3c                   pushl  0x3c(%esp)
8b 5c 24 04                   movl  0x4(%esp), %ebx
int
3b 44 24 14                   cmpl  0x14(%esp), %eax
7c 9e                         jl 0x8048a7d
eb 33                         jmp 0x8048aba
7c c3                         jl 0x8048a87
e8 0b 70 00 00                calll  0x804fac0
e8 ba 8c ff ff                calll  0x8048780
8b 1c 24                      movl  (%esp), %ebx
c3                            retl  
81 c3 3a 95 08 00             add $0x8953a, %ebx
83 ec 08                      sub $0x8, %esp
8d 44 24 14                   leal  0x14(%esp), %eax
83 ec 04                      sub $0x4, %esp
50                            pushl  %eax
e8 78 06 03 00                calll  0x8080160
89 e5                         mov %esp, %ebp
53                            pushl  %ebx
e8 15 86 fc ff                calll  0x8048780
8b 1c 24                      movl  (%esp), %ebx
c3                            retl  
81 c3 95 8e 05 00             add $0x58e95, %ebx
int
3b 44 24 14                   cmpl  0x14(%esp), %eax
7c c3                         jl 0x8048a87
e8 0b 70 00 00                calll  0x804fac0
e8 ba 8c ff ff                calll  0x8048780
8b 1c 24                      movl  (%esp), %ebx
c3                            retl  
81 c3 3a 95 08 00             add $0x8953a, %ebx
83 ec 08                      sub $0x8, %esp
8d 44 24 14                   leal  0x14(%esp), %eax
83 ec 04                      sub $0x4, %esp
50                            pushl  %eax
e8 78 06 03 00                calll  0x8080160
89 e5                         mov %esp, %ebp
53                            pushl  %ebx
e8 15 86 fc ff                calll  0x8048780
8b 1c 24                      movl  (%esp), %ebx
c3                            retl  
81 c3 95 8e 05 00             add $0x58e95, %ebx
81 ec ec 04 00 00             sub $0x4ec, %esp
8b 45 10                      movl  0x10(%ebp), %eax
int
83 44 24 18 01                addl  $0x1, 0x18(%esp)
8b 44 24 18                   movl  0x18(%esp), %eax
8b 54 24 18                   movl  0x18(%esp), %edx
c1 e2 02                      shl $0x2, %edx
01 d0                         add %edx, %eax
83 44 24 18 01                addl  $0x1, 0x18(%esp)
8b 44 24 18                   movl  0x18(%esp), %eax
8b 54 24 18                   movl  0x18(%esp), %edx
c1 e2 02                      shl $0x2, %edx
01 d0                         add %edx, %eax
83 44 24 18 01                addl  $0x1, 0x18(%esp)
8b 44 24 18                   movl  0x18(%esp), %eax
int
3b 44 24 14                   cmpl  0x14(%esp), %eax
7c c3                         jl 0x8048a87
e8 0b 70 00 00                calll  0x804fac0
e8 ba 8c ff ff                calll  0x8048780
8b 1c 24                      movl  (%esp), %ebx
c3                            retl  
81 c3 3a 95 08 00             add $0x8953a, %ebx
83 ec 08                      sub $0x8, %esp
8d 44 24 14                   leal  0x14(%esp), %eax
83 ec 04                      sub $0x4, %esp
50                            pushl  %eax
e8 78 06 03 00                calll  0x8080160
89 e5                         mov %esp, %ebp
53                            pushl  %ebx
e8 15 86 fc ff                calll  0x8048780
8b 1c 24                      movl  (%esp), %ebx
c3                            retl  
81 c3 95 8e 05 00             add $0x58e95, %ebx
81 ec ec 04 00 00             sub $0x4ec, %esp
8b 45 10                      movl  0x10(%ebp), %eax
int
83 44 24 18 01                addl  $0x1, 0x18(%esp)
8b 44 24 18                   movl  0x18(%esp), %eax
8b 54 24 18                   movl  0x18(%esp), %edx
c1 e2 02                      shl $0x2, %edx
01 d0                         add %edx, %eax
83 44 24 18 01                addl  $0x1, 0x18(%esp)
8b 44 24 18                   movl  0x18(%esp), %eax
int
3b 44 24 14                   cmpl  0x14(%esp), %eax
7c c3                         jl 0x8048a87
e8 0b 70 00 00                calll  0x804fac0
e8 ba 8c ff ff                calll  0x8048780
8b 1c 24                      movl  (%esp), %ebx
c3                            retl  
81 c3 3a 95 08 00             add $0x8953a, %ebx
83 ec 08                      sub $0x8, %esp
8d 44 24 14                   leal  0x14(%esp), %eax
83 ec 04                      sub $0x4, %esp
50                            pushl  %eax
e8 78 06 03 00                calll  0x8080160
89 e5                         mov %esp, %ebp
53                            pushl  %ebx
e8 15 86 fc ff                calll  0x8048780
8b 1c 24                      movl  (%esp), %ebx
c3                            retl  
81 c3 95 8e 05 00             add $0x58e95, %ebx
81 ec ec 04 00 00             sub $0x4ec, %esp
8b 45 10                      movl  0x10(%ebp), %eax
int
3b 44 24 14                   cmpl  0x14(%esp), %eax
7c c3                         jl 0x8048a87
e8 20 78 00 00                calll  0x80502f0
e8 a9 cc ff ff                calll  0x804cfa3
8b 3c 24                      movl  (%esp), %edi
c3                            retl  
81 c7 06 8d 08 00             add $0x88d06, %edi
83 ec 1c                      sub $0x1c, %esp
75 3d                         jnz 0x8050358
74 28                         jz 0x8050354
74 01                         jz 0x805033c
74 07                         jz 0x8050348
73 4c                         jnb 0x80503b0
75 27                         jnz 0x805039f
75 1e                         jnz 0x805039f
74 01                         jz 0x8050393
74 07                         jz 0x805039f
c3                            retl  
7c 9e                         jl 0x8048a7d
int
83 44 24 1c 01                addl  $0x1, 0x1c(%esp)
8b 44 24 1c                   movl  0x1c(%esp), %eax
50                            pushl  %eax
ff 74 24 1c                   pushl  0x1c(%esp)
ff 74 24 38                   pushl  0x38(%esp)
ff 74 24 3c                   pushl  0x3c(%esp)
8b 5c 24 04                   movl  0x4(%esp), %ebx
int
8b 44 24 1c                   movl  0x1c(%esp), %eax
50                            pushl  %eax
ff 74 24 1c                   pushl  0x1c(%esp)
ff 74 24 38                   pushl  0x38(%esp)
ff 74 24 3c                   pushl  0x3c(%esp)
8b 5c 24 04                   movl  0x4(%esp), %ebx
