int
83 7c 24 28 05                cmpl  $0x5, 0x28(%esp)
7e c9                         jle 0x804893f
7e c9                         jle 0x804893f
7e c9                         jle 0x804893f
7e c9                         jle 0x804893f
7e c9                         jle 0x804893f
7e c9                         jle 0x804893f
e8 94 70 00 00                calll  0x804fa20
e8 5a 8d ff ff                calll  0x8048780
8b 1c 24                      movl  (%esp), %ebx
c3                            retl  
81 c3 da 95 08 00             add $0x895da, %ebx
83 ec 08                      sub $0x8, %esp
8d 44 24 14                   leal  0x14(%esp), %eax
83 ec 04                      sub $0x4, %esp
50                            pushl  %eax
e8 08 07 03 00                calll  0x8080150
89 e5                         mov %esp, %ebp
53                            pushl  %ebx
e8 25 86 fc ff                calll  0x8048780
int
8b 54 24 28                   movl  0x28(%esp), %edx
89 10                         movl  %edx, (%eax)
8b 00                         movl  (%eax), %eax
89 44 24 04                   movl  %eax, 0x4(%esp)
8b 00                         movl  (%eax), %eax
99                            cdq 
89 c6                         mov %eax, %esi
31 d0                         xor %edx, %eax
c1 ee 1f                      shr $0x1f, %esi
29 d0                         sub %edx, %eax
89 b5 5c fb ff ff             movl  %esi, -0x4a4(%ebp)
89 85 20 fb ff ff             movl  %eax, -0x4e0(%ebp)
50                            pushl  %eax
8b 4c 24 10                   movl  0x10(%esp), %ecx
89 c8                         mov %ecx, %eax
01 c0                         add %eax, %eax
29 c1                         sub %eax, %ecx
8b b5 20 fb ff ff             movl  -0x4e0(%ebp), %esi
85 f6                         test %esi, %esi
0f 84 42 0d 00 00             jz 0x8081718
upointer
8b 12                         movl  (%edx), %edx
83 c2 08                      add $0x8, %edx
89 50 04                      movl  %edx, 0x4(%eax)
8b 00                         movl  (%eax), %eax
8b 00                         movl  (%eax), %eax
8b 12                         movl  (%edx), %edx
83 c2 08                      add $0x8, %edx
89 50 04                      movl  %edx, 0x4(%eax)
8b 00                         movl  (%eax), %eax
83 c0 04                      add $0x4, %eax
89 44 24 2c                   movl  %eax, 0x2c(%esp)
8b 44 24 2c                   movl  0x2c(%esp), %eax
8b 00                         movl  (%eax), %eax
8b 44 24 2c                   movl  0x2c(%esp), %eax
8b 00                         movl  (%eax), %eax
8b 54 24 2c                   movl  0x2c(%esp), %edx
8b 12                         movl  (%edx), %edx
83 c2 08                      add $0x8, %edx
89 50 04                      movl  %edx, 0x4(%eax)
8b 44 24 2c                   movl  0x2c(%esp), %eax
upointer
8b 00                         movl  (%eax), %eax
83 c0 04                      add $0x4, %eax
89 44 24 2c                   movl  %eax, 0x2c(%esp)
8b 44 24 2c                   movl  0x2c(%esp), %eax
8b 44 24 2c                   movl  0x2c(%esp), %eax
8b 54 24 2c                   movl  0x2c(%esp), %edx
8b 44 24 2c                   movl  0x2c(%esp), %eax
int
83 44 24 28 01                addl  $0x1, 0x28(%esp)
83 7c 24 28 05                cmpl  $0x5, 0x28(%esp)
7e c9                         jle 0x804893f
8b 54 24 28                   movl  0x28(%esp), %edx
89 10                         movl  %edx, (%eax)
83 44 24 28 01                addl  $0x1, 0x28(%esp)
83 7c 24 28 05                cmpl  $0x5, 0x28(%esp)
7e c9                         jle 0x804893f
8b 54 24 28                   movl  0x28(%esp), %edx
89 10                         movl  %edx, (%eax)
83 44 24 28 01                addl  $0x1, 0x28(%esp)
83 7c 24 28 05                cmpl  $0x5, 0x28(%esp)
7e c9                         jle 0x804893f
8b 54 24 28                   movl  0x28(%esp), %edx
89 10                         movl  %edx, (%eax)
83 44 24 28 01                addl  $0x1, 0x28(%esp)
83 7c 24 28 05                cmpl  $0x5, 0x28(%esp)
7e c9                         jle 0x804893f
8b 54 24 28                   movl  0x28(%esp), %edx
89 10                         movl  %edx, (%eax)
int
83 7c 24 28 05                cmpl  $0x5, 0x28(%esp)
7e c9                         jle 0x804893f
7e c9                         jle 0x804893f
7e c9                         jle 0x804893f
7e c9                         jle 0x804893f
7e c9                         jle 0x804893f
e8 94 70 00 00                calll  0x804fa20
e8 5a 8d ff ff                calll  0x8048780
8b 1c 24                      movl  (%esp), %ebx
c3                            retl  
81 c3 da 95 08 00             add $0x895da, %ebx
83 ec 08                      sub $0x8, %esp
8d 44 24 14                   leal  0x14(%esp), %eax
83 ec 04                      sub $0x4, %esp
50                            pushl  %eax
e8 08 07 03 00                calll  0x8080150
89 e5                         mov %esp, %ebp
53                            pushl  %ebx
e8 25 86 fc ff                calll  0x8048780
8b 1c 24                      movl  (%esp), %ebx
int
8b 54 24 28                   movl  0x28(%esp), %edx
89 10                         movl  %edx, (%eax)
8b 00                         movl  (%eax), %eax
89 44 24 04                   movl  %eax, 0x4(%esp)
8b 00                         movl  (%eax), %eax
99                            cdq 
89 c6                         mov %eax, %esi
31 d0                         xor %edx, %eax
c1 ee 1f                      shr $0x1f, %esi
29 d0                         sub %edx, %eax
89 b5 5c fb ff ff             movl  %esi, -0x4a4(%ebp)
89 85 20 fb ff ff             movl  %eax, -0x4e0(%ebp)
50                            pushl  %eax
8b 4c 24 10                   movl  0x10(%esp), %ecx
89 c8                         mov %ecx, %eax
01 c0                         add %eax, %eax
29 c1                         sub %eax, %ecx
8b b5 20 fb ff ff             movl  -0x4e0(%ebp), %esi
85 f6                         test %esi, %esi
0f 84 42 0d 00 00             jz 0x8081718
int
83 44 24 28 01                addl  $0x1, 0x28(%esp)
83 7c 24 28 05                cmpl  $0x5, 0x28(%esp)
7e c9                         jle 0x804893f
8b 54 24 28                   movl  0x28(%esp), %edx
89 10                         movl  %edx, (%eax)
83 44 24 28 01                addl  $0x1, 0x28(%esp)
83 7c 24 28 05                cmpl  $0x5, 0x28(%esp)
7e c9                         jle 0x804893f
8b 54 24 28                   movl  0x28(%esp), %edx
89 10                         movl  %edx, (%eax)
83 44 24 28 01                addl  $0x1, 0x28(%esp)
83 7c 24 28 05                cmpl  $0x5, 0x28(%esp)
7e c9                         jle 0x804893f
8b 54 24 28                   movl  0x28(%esp), %edx
89 10                         movl  %edx, (%eax)
83 44 24 28 01                addl  $0x1, 0x28(%esp)
83 7c 24 28 05                cmpl  $0x5, 0x28(%esp)
7e c9                         jle 0x804893f
e8 94 70 00 00                calll  0x804fa20
e8 5a 8d ff ff                calll  0x8048780
int
83 7c 24 28 05                cmpl  $0x5, 0x28(%esp)
7e c9                         jle 0x804893f
7e c9                         jle 0x804893f
7e c9                         jle 0x804893f
7e c9                         jle 0x804893f
e8 94 70 00 00                calll  0x804fa20
e8 5a 8d ff ff                calll  0x8048780
8b 1c 24                      movl  (%esp), %ebx
c3                            retl  
81 c3 da 95 08 00             add $0x895da, %ebx
83 ec 08                      sub $0x8, %esp
8d 44 24 14                   leal  0x14(%esp), %eax
83 ec 04                      sub $0x4, %esp
50                            pushl  %eax
e8 08 07 03 00                calll  0x8080150
89 e5                         mov %esp, %ebp
53                            pushl  %ebx
e8 25 86 fc ff                calll  0x8048780
8b 1c 24                      movl  (%esp), %ebx
c3                            retl  
int
8b 54 24 28                   movl  0x28(%esp), %edx
89 10                         movl  %edx, (%eax)
8b 00                         movl  (%eax), %eax
89 44 24 04                   movl  %eax, 0x4(%esp)
8b 00                         movl  (%eax), %eax
99                            cdq 
89 c6                         mov %eax, %esi
31 d0                         xor %edx, %eax
c1 ee 1f                      shr $0x1f, %esi
29 d0                         sub %edx, %eax
89 b5 5c fb ff ff             movl  %esi, -0x4a4(%ebp)
89 85 20 fb ff ff             movl  %eax, -0x4e0(%ebp)
50                            pushl  %eax
8b 4c 24 10                   movl  0x10(%esp), %ecx
89 c8                         mov %ecx, %eax
01 c0                         add %eax, %eax
29 c1                         sub %eax, %ecx
8b b5 20 fb ff ff             movl  -0x4e0(%ebp), %esi
85 f6                         test %esi, %esi
0f 84 42 0d 00 00             jz 0x8081718
int
83 44 24 28 01                addl  $0x1, 0x28(%esp)
83 7c 24 28 05                cmpl  $0x5, 0x28(%esp)
7e c9                         jle 0x804893f
8b 54 24 28                   movl  0x28(%esp), %edx
89 10                         movl  %edx, (%eax)
83 44 24 28 01                addl  $0x1, 0x28(%esp)
83 7c 24 28 05                cmpl  $0x5, 0x28(%esp)
7e c9                         jle 0x804893f
8b 54 24 28                   movl  0x28(%esp), %edx
89 10                         movl  %edx, (%eax)
83 44 24 28 01                addl  $0x1, 0x28(%esp)
83 7c 24 28 05                cmpl  $0x5, 0x28(%esp)
7e c9                         jle 0x804893f
e8 94 70 00 00                calll  0x804fa20
e8 5a 8d ff ff                calll  0x8048780
8b 1c 24                      movl  (%esp), %ebx
c3                            retl  
81 c3 da 95 08 00             add $0x895da, %ebx
83 ec 08                      sub $0x8, %esp
8d 44 24 14                   leal  0x14(%esp), %eax
int
83 7c 24 28 05                cmpl  $0x5, 0x28(%esp)
7e c9                         jle 0x804893f
7e c9                         jle 0x804893f
7e c9                         jle 0x804893f
e8 94 70 00 00                calll  0x804fa20
e8 5a 8d ff ff                calll  0x8048780
8b 1c 24                      movl  (%esp), %ebx
c3                            retl  
81 c3 da 95 08 00             add $0x895da, %ebx
83 ec 08                      sub $0x8, %esp
8d 44 24 14                   leal  0x14(%esp), %eax
83 ec 04                      sub $0x4, %esp
50                            pushl  %eax
e8 08 07 03 00                calll  0x8080150
89 e5                         mov %esp, %ebp
53                            pushl  %ebx
e8 25 86 fc ff                calll  0x8048780
8b 1c 24                      movl  (%esp), %ebx
c3                            retl  
81 c3 a5 8e 05 00             add $0x58ea5, %ebx
int
8b 54 24 28                   movl  0x28(%esp), %edx
89 10                         movl  %edx, (%eax)
8b 00                         movl  (%eax), %eax
89 44 24 04                   movl  %eax, 0x4(%esp)
8b 00                         movl  (%eax), %eax
99                            cdq 
89 c6                         mov %eax, %esi
31 d0                         xor %edx, %eax
c1 ee 1f                      shr $0x1f, %esi
29 d0                         sub %edx, %eax
89 b5 5c fb ff ff             movl  %esi, -0x4a4(%ebp)
89 85 20 fb ff ff             movl  %eax, -0x4e0(%ebp)
50                            pushl  %eax
8b 4c 24 10                   movl  0x10(%esp), %ecx
89 c8                         mov %ecx, %eax
01 c0                         add %eax, %eax
29 c1                         sub %eax, %ecx
8b b5 20 fb ff ff             movl  -0x4e0(%ebp), %esi
85 f6                         test %esi, %esi
0f 84 42 0d 00 00             jz 0x8081718
int
83 44 24 28 01                addl  $0x1, 0x28(%esp)
83 7c 24 28 05                cmpl  $0x5, 0x28(%esp)
7e c9                         jle 0x804893f
8b 54 24 28                   movl  0x28(%esp), %edx
89 10                         movl  %edx, (%eax)
83 44 24 28 01                addl  $0x1, 0x28(%esp)
83 7c 24 28 05                cmpl  $0x5, 0x28(%esp)
7e c9                         jle 0x804893f
e8 94 70 00 00                calll  0x804fa20
e8 5a 8d ff ff                calll  0x8048780
8b 1c 24                      movl  (%esp), %ebx
c3                            retl  
81 c3 da 95 08 00             add $0x895da, %ebx
83 ec 08                      sub $0x8, %esp
8d 44 24 14                   leal  0x14(%esp), %eax
83 ec 04                      sub $0x4, %esp
50                            pushl  %eax
e8 08 07 03 00                calll  0x8080150
89 e5                         mov %esp, %ebp
53                            pushl  %ebx
int
83 7c 24 28 05                cmpl  $0x5, 0x28(%esp)
7e c9                         jle 0x804893f
7e c9                         jle 0x804893f
e8 94 70 00 00                calll  0x804fa20
e8 5a 8d ff ff                calll  0x8048780
8b 1c 24                      movl  (%esp), %ebx
c3                            retl  
81 c3 da 95 08 00             add $0x895da, %ebx
83 ec 08                      sub $0x8, %esp
8d 44 24 14                   leal  0x14(%esp), %eax
83 ec 04                      sub $0x4, %esp
50                            pushl  %eax
e8 08 07 03 00                calll  0x8080150
89 e5                         mov %esp, %ebp
53                            pushl  %ebx
e8 25 86 fc ff                calll  0x8048780
8b 1c 24                      movl  (%esp), %ebx
c3                            retl  
81 c3 a5 8e 05 00             add $0x58ea5, %ebx
81 ec ec 04 00 00             sub $0x4ec, %esp
int
8b 54 24 28                   movl  0x28(%esp), %edx
89 10                         movl  %edx, (%eax)
8b 00                         movl  (%eax), %eax
89 44 24 04                   movl  %eax, 0x4(%esp)
8b 00                         movl  (%eax), %eax
99                            cdq 
89 c6                         mov %eax, %esi
31 d0                         xor %edx, %eax
c1 ee 1f                      shr $0x1f, %esi
29 d0                         sub %edx, %eax
89 b5 5c fb ff ff             movl  %esi, -0x4a4(%ebp)
89 85 20 fb ff ff             movl  %eax, -0x4e0(%ebp)
50                            pushl  %eax
8b 4c 24 10                   movl  0x10(%esp), %ecx
89 c8                         mov %ecx, %eax
01 c0                         add %eax, %eax
29 c1                         sub %eax, %ecx
8b b5 20 fb ff ff             movl  -0x4e0(%ebp), %esi
85 f6                         test %esi, %esi
0f 84 42 0d 00 00             jz 0x8081718
int
83 44 24 28 01                addl  $0x1, 0x28(%esp)
83 7c 24 28 05                cmpl  $0x5, 0x28(%esp)
7e c9                         jle 0x804893f
e8 94 70 00 00                calll  0x804fa20
e8 5a 8d ff ff                calll  0x8048780
8b 1c 24                      movl  (%esp), %ebx
c3                            retl  
81 c3 da 95 08 00             add $0x895da, %ebx
83 ec 08                      sub $0x8, %esp
8d 44 24 14                   leal  0x14(%esp), %eax
83 ec 04                      sub $0x4, %esp
50                            pushl  %eax
e8 08 07 03 00                calll  0x8080150
89 e5                         mov %esp, %ebp
53                            pushl  %ebx
e8 25 86 fc ff                calll  0x8048780
8b 1c 24                      movl  (%esp), %ebx
c3                            retl  
81 c3 a5 8e 05 00             add $0x58ea5, %ebx
81 ec ec 04 00 00             sub $0x4ec, %esp
int
83 7c 24 28 05                cmpl  $0x5, 0x28(%esp)
7e c9                         jle 0x804893f
e8 94 70 00 00                calll  0x804fa20
e8 5a 8d ff ff                calll  0x8048780
8b 1c 24                      movl  (%esp), %ebx
c3                            retl  
81 c3 da 95 08 00             add $0x895da, %ebx
83 ec 08                      sub $0x8, %esp
8d 44 24 14                   leal  0x14(%esp), %eax
83 ec 04                      sub $0x4, %esp
50                            pushl  %eax
e8 08 07 03 00                calll  0x8080150
89 e5                         mov %esp, %ebp
53                            pushl  %ebx
e8 25 86 fc ff                calll  0x8048780
8b 1c 24                      movl  (%esp), %ebx
c3                            retl  
81 c3 a5 8e 05 00             add $0x58ea5, %ebx
81 ec ec 04 00 00             sub $0x4ec, %esp
8b 45 10                      movl  0x10(%ebp), %eax
upointer
8b 44 24 18                   movl  0x18(%esp), %eax
89 44 24 24                   movl  %eax, 0x24(%esp)
83 7c 24 24 00                cmpl  $0x0, 0x24(%esp)
75 d8                         jnz 0x8048996
8b 44 24 24                   movl  0x24(%esp), %eax
e8 74 70 00 00                calll  0x804fa20
e8 5a 8d ff ff                calll  0x8048780
8b 1c 24                      movl  (%esp), %ebx
c3                            retl  
81 c3 da 95 08 00             add $0x895da, %ebx
83 ec 08                      sub $0x8, %esp
8d 44 24 14                   leal  0x14(%esp), %eax
83 ec 04                      sub $0x4, %esp
50                            pushl  %eax
e8 08 07 03 00                calll  0x8080150
89 e5                         mov %esp, %ebp
53                            pushl  %ebx
e8 25 86 fc ff                calll  0x8048780
8b 1c 24                      movl  (%esp), %ebx
c3                            retl  
upointer
83 7c 24 24 00                cmpl  $0x0, 0x24(%esp)
75 d8                         jnz 0x8048996
e8 74 70 00 00                calll  0x804fa20
e8 5a 8d ff ff                calll  0x8048780
8b 1c 24                      movl  (%esp), %ebx
c3                            retl  
81 c3 da 95 08 00             add $0x895da, %ebx
83 ec 08                      sub $0x8, %esp
8d 44 24 14                   leal  0x14(%esp), %eax
83 ec 04                      sub $0x4, %esp
50                            pushl  %eax
e8 08 07 03 00                calll  0x8080150
89 e5                         mov %esp, %ebp
53                            pushl  %ebx
e8 25 86 fc ff                calll  0x8048780
8b 1c 24                      movl  (%esp), %ebx
c3                            retl  
81 c3 a5 8e 05 00             add $0x58ea5, %ebx
81 ec ec 04 00 00             sub $0x4ec, %esp
8b 45 10                      movl  0x10(%ebp), %eax
upointer
83 7c 24 24 00                cmpl  $0x0, 0x24(%esp)
75 d8                         jnz 0x8048996
e8 74 70 00 00                calll  0x804fa20
e8 5a 8d ff ff                calll  0x8048780
8b 1c 24                      movl  (%esp), %ebx
c3                            retl  
81 c3 da 95 08 00             add $0x895da, %ebx
83 ec 08                      sub $0x8, %esp
8d 44 24 14                   leal  0x14(%esp), %eax
83 ec 04                      sub $0x4, %esp
50                            pushl  %eax
e8 08 07 03 00                calll  0x8080150
89 e5                         mov %esp, %ebp
53                            pushl  %ebx
e8 25 86 fc ff                calll  0x8048780
8b 1c 24                      movl  (%esp), %ebx
c3                            retl  
81 c3 a5 8e 05 00             add $0x58ea5, %ebx
81 ec ec 04 00 00             sub $0x4ec, %esp
8b 45 10                      movl  0x10(%ebp), %eax
upointer
83 7c 24 24 00                cmpl  $0x0, 0x24(%esp)
75 d8                         jnz 0x8048996
e8 74 70 00 00                calll  0x804fa20
e8 5a 8d ff ff                calll  0x8048780
8b 1c 24                      movl  (%esp), %ebx
c3                            retl  
81 c3 da 95 08 00             add $0x895da, %ebx
83 ec 08                      sub $0x8, %esp
8d 44 24 14                   leal  0x14(%esp), %eax
83 ec 04                      sub $0x4, %esp
50                            pushl  %eax
e8 08 07 03 00                calll  0x8080150
89 e5                         mov %esp, %ebp
53                            pushl  %ebx
e8 25 86 fc ff                calll  0x8048780
8b 1c 24                      movl  (%esp), %ebx
c3                            retl  
81 c3 a5 8e 05 00             add $0x58ea5, %ebx
81 ec ec 04 00 00             sub $0x4ec, %esp
8b 45 10                      movl  0x10(%ebp), %eax
upointer
83 7c 24 24 00                cmpl  $0x0, 0x24(%esp)
75 d8                         jnz 0x8048996
e8 74 70 00 00                calll  0x804fa20
e8 5a 8d ff ff                calll  0x8048780
8b 1c 24                      movl  (%esp), %ebx
c3                            retl  
81 c3 da 95 08 00             add $0x895da, %ebx
83 ec 08                      sub $0x8, %esp
8d 44 24 14                   leal  0x14(%esp), %eax
83 ec 04                      sub $0x4, %esp
50                            pushl  %eax
e8 08 07 03 00                calll  0x8080150
89 e5                         mov %esp, %ebp
53                            pushl  %ebx
e8 25 86 fc ff                calll  0x8048780
8b 1c 24                      movl  (%esp), %ebx
c3                            retl  
81 c3 a5 8e 05 00             add $0x58ea5, %ebx
81 ec ec 04 00 00             sub $0x4ec, %esp
8b 45 10                      movl  0x10(%ebp), %eax
upointer
83 7c 24 24 00                cmpl  $0x0, 0x24(%esp)
75 d8                         jnz 0x8048996
e8 74 70 00 00                calll  0x804fa20
e8 5a 8d ff ff                calll  0x8048780
8b 1c 24                      movl  (%esp), %ebx
c3                            retl  
81 c3 da 95 08 00             add $0x895da, %ebx
83 ec 08                      sub $0x8, %esp
8d 44 24 14                   leal  0x14(%esp), %eax
83 ec 04                      sub $0x4, %esp
50                            pushl  %eax
e8 08 07 03 00                calll  0x8080150
89 e5                         mov %esp, %ebp
53                            pushl  %ebx
e8 25 86 fc ff                calll  0x8048780
8b 1c 24                      movl  (%esp), %ebx
c3                            retl  
81 c3 a5 8e 05 00             add $0x58ea5, %ebx
81 ec ec 04 00 00             sub $0x4ec, %esp
8b 45 10                      movl  0x10(%ebp), %eax
upointer
83 7c 24 24 00                cmpl  $0x0, 0x24(%esp)
75 d8                         jnz 0x8048996
e8 86 78 00 00                calll  0x8050250
e8 a8 cc ff ff                calll  0x804cf03
8b 3c 24                      movl  (%esp), %edi
c3                            retl  
81 c7 a5 8d 08 00             add $0x88da5, %edi
83 ec 28                      sub $0x28, %esp
89 fb                         mov %edi, %ebx
e8 22 b1 01 00                calll  0x806b390
74 24                         jz 0x806b3c1
73 58                         jnb 0x806b429
75 4e                         jnz 0x806b429
74 0f                         jz 0x806b446
74 0a                         jz 0x806b446
c3                            retl  
83 c4 10                      add $0x10, %esp
75 3e                         jnz 0x80502c8
74 2b                         jz 0x80502c4
74 01                         jz 0x80502a9
int
8b 44 24 20                   movl  0x20(%esp), %eax
89 44 24 04                   movl  %eax, 0x4(%esp)
8b 00                         movl  (%eax), %eax
99                            cdq 
89 c6                         mov %eax, %esi
31 d0                         xor %edx, %eax
c1 ee 1f                      shr $0x1f, %esi
29 d0                         sub %edx, %eax
89 b5 5c fb ff ff             movl  %esi, -0x4a4(%ebp)
89 85 20 fb ff ff             movl  %eax, -0x4e0(%ebp)
50                            pushl  %eax
8b 4c 24 10                   movl  0x10(%esp), %ecx
89 c8                         mov %ecx, %eax
01 c0                         add %eax, %eax
29 c1                         sub %eax, %ecx
8b b5 20 fb ff ff             movl  -0x4e0(%ebp), %esi
85 f6                         test %esi, %esi
0f 84 42 0d 00 00             jz 0x8081718
75 1f                         jnz 0x8080a08
0f 85 0c 0d 00 00             jnz 0x808173a
upointer
8b 44 24 18                   movl  0x18(%esp), %eax
89 04 24                      movl  %eax, (%esp)
8b 45 08                      movl  0x8(%ebp), %eax
85 c0                         test %eax, %eax
74 06                         jz 0x8048887
75 05                         jnz 0x804888c
eb 0f                         jmp 0x80488b1
8b 00                         movl  (%eax), %eax
85 c0                         test %eax, %eax
75 e8                         jnz 0x80488a2
8b 00                         movl  (%eax), %eax
83 c0 04                      add $0x4, %eax
89 45 fc                      movl  %eax, -0x4(%ebp)
8b 45 fc                      movl  -0x4(%ebp), %eax
75 e8                         jnz 0x80488a2
8b 45 fc                      movl  -0x4(%ebp), %eax
75 e8                         jnz 0x80488a2
75 e8                         jnz 0x80488a2
75 e8                         jnz 0x80488a2
75 e8                         jnz 0x80488a2
int
8b 54 24 20                   movl  0x20(%esp), %edx
89 54 24 04                   movl  %edx, 0x4(%esp)
83 7d 0c 00                   cmpl  $0x0, 0xc(%ebp)
75 05                         jnz 0x804888c
eb 0f                         jmp 0x80488b1
75 e8                         jnz 0x80488a2
75 e8                         jnz 0x80488a2
75 e8                         jnz 0x80488a2
75 e8                         jnz 0x80488a2
75 e8                         jnz 0x80488a2
75 e8                         jnz 0x80488a2
8b 45 0c                      movl  0xc(%ebp), %eax
99                            cdq 
75 05                         jnz 0x80488cf
eb 0f                         jmp 0x80488ee
7f e9                         jnle 0x80488df
7f e9                         jnle 0x80488df
7f e9                         jnle 0x80488df
7f e9                         jnle 0x80488df
int
83 6d f8 01                   subl  $0x1, -0x8(%ebp)
8b 45 f8                      movl  -0x8(%ebp), %eax
83 6d f8 01                   subl  $0x1, -0x8(%ebp)
8b 45 f8                      movl  -0x8(%ebp), %eax
83 6d f8 01                   subl  $0x1, -0x8(%ebp)
8b 45 f8                      movl  -0x8(%ebp), %eax
int
83 6d f8 01                   subl  $0x1, -0x8(%ebp)
8b 45 f8                      movl  -0x8(%ebp), %eax
83 6d f8 01                   subl  $0x1, -0x8(%ebp)
8b 45 f8                      movl  -0x8(%ebp), %eax
upointer
8b 45 f4                      movl  -0xc(%ebp), %eax
89 44 24 1c                   movl  %eax, 0x1c(%esp)
8b 44 24 1c                   movl  0x1c(%esp), %eax
89 44 24 24                   movl  %eax, 0x24(%esp)
83 7c 24 24 00                cmpl  $0x0, 0x24(%esp)
75 d8                         jnz 0x8048a14
8b 44 24 24                   movl  0x24(%esp), %eax
e8 f6 6f 00 00                calll  0x804fa20
e8 5a 8d ff ff                calll  0x8048780
8b 1c 24                      movl  (%esp), %ebx
c3                            retl  
81 c3 da 95 08 00             add $0x895da, %ebx
83 ec 08                      sub $0x8, %esp
8d 44 24 14                   leal  0x14(%esp), %eax
83 ec 04                      sub $0x4, %esp
50                            pushl  %eax
e8 08 07 03 00                calll  0x8080150
89 e5                         mov %esp, %ebp
53                            pushl  %ebx
e8 25 86 fc ff                calll  0x8048780
upointer
8b 44 24 1c                   movl  0x1c(%esp), %eax
89 44 24 24                   movl  %eax, 0x24(%esp)
83 7c 24 24 00                cmpl  $0x0, 0x24(%esp)
75 d8                         jnz 0x8048a14
8b 44 24 24                   movl  0x24(%esp), %eax
e8 f6 6f 00 00                calll  0x804fa20
e8 5a 8d ff ff                calll  0x8048780
8b 1c 24                      movl  (%esp), %ebx
c3                            retl  
81 c3 da 95 08 00             add $0x895da, %ebx
83 ec 08                      sub $0x8, %esp
8d 44 24 14                   leal  0x14(%esp), %eax
83 ec 04                      sub $0x4, %esp
50                            pushl  %eax
e8 08 07 03 00                calll  0x8080150
89 e5                         mov %esp, %ebp
53                            pushl  %ebx
e8 25 86 fc ff                calll  0x8048780
8b 1c 24                      movl  (%esp), %ebx
c3                            retl  
upointer
83 7c 24 24 00                cmpl  $0x0, 0x24(%esp)
75 d8                         jnz 0x8048a14
e8 f6 6f 00 00                calll  0x804fa20
e8 5a 8d ff ff                calll  0x8048780
8b 1c 24                      movl  (%esp), %ebx
c3                            retl  
81 c3 da 95 08 00             add $0x895da, %ebx
83 ec 08                      sub $0x8, %esp
8d 44 24 14                   leal  0x14(%esp), %eax
83 ec 04                      sub $0x4, %esp
50                            pushl  %eax
e8 08 07 03 00                calll  0x8080150
89 e5                         mov %esp, %ebp
53                            pushl  %ebx
e8 25 86 fc ff                calll  0x8048780
8b 1c 24                      movl  (%esp), %ebx
c3                            retl  
81 c3 a5 8e 05 00             add $0x58ea5, %ebx
81 ec ec 04 00 00             sub $0x4ec, %esp
8b 45 10                      movl  0x10(%ebp), %eax
upointer
83 7c 24 24 00                cmpl  $0x0, 0x24(%esp)
75 d8                         jnz 0x8048a14
e8 f6 6f 00 00                calll  0x804fa20
e8 5a 8d ff ff                calll  0x8048780
8b 1c 24                      movl  (%esp), %ebx
c3                            retl  
81 c3 da 95 08 00             add $0x895da, %ebx
83 ec 08                      sub $0x8, %esp
8d 44 24 14                   leal  0x14(%esp), %eax
83 ec 04                      sub $0x4, %esp
50                            pushl  %eax
e8 08 07 03 00                calll  0x8080150
89 e5                         mov %esp, %ebp
53                            pushl  %ebx
e8 25 86 fc ff                calll  0x8048780
8b 1c 24                      movl  (%esp), %ebx
c3                            retl  
81 c3 a5 8e 05 00             add $0x58ea5, %ebx
81 ec ec 04 00 00             sub $0x4ec, %esp
8b 45 10                      movl  0x10(%ebp), %eax
upointer
83 7c 24 24 00                cmpl  $0x0, 0x24(%esp)
75 d8                         jnz 0x8048a14
e8 f6 6f 00 00                calll  0x804fa20
e8 5a 8d ff ff                calll  0x8048780
8b 1c 24                      movl  (%esp), %ebx
c3                            retl  
81 c3 da 95 08 00             add $0x895da, %ebx
83 ec 08                      sub $0x8, %esp
8d 44 24 14                   leal  0x14(%esp), %eax
83 ec 04                      sub $0x4, %esp
50                            pushl  %eax
e8 08 07 03 00                calll  0x8080150
89 e5                         mov %esp, %ebp
53                            pushl  %ebx
e8 25 86 fc ff                calll  0x8048780
8b 1c 24                      movl  (%esp), %ebx
c3                            retl  
81 c3 a5 8e 05 00             add $0x58ea5, %ebx
81 ec ec 04 00 00             sub $0x4ec, %esp
8b 45 10                      movl  0x10(%ebp), %eax
upointer
83 7c 24 24 00                cmpl  $0x0, 0x24(%esp)
75 d8                         jnz 0x8048a14
e8 f6 6f 00 00                calll  0x804fa20
e8 5a 8d ff ff                calll  0x8048780
8b 1c 24                      movl  (%esp), %ebx
c3                            retl  
81 c3 da 95 08 00             add $0x895da, %ebx
83 ec 08                      sub $0x8, %esp
8d 44 24 14                   leal  0x14(%esp), %eax
83 ec 04                      sub $0x4, %esp
50                            pushl  %eax
e8 08 07 03 00                calll  0x8080150
89 e5                         mov %esp, %ebp
53                            pushl  %ebx
e8 25 86 fc ff                calll  0x8048780
8b 1c 24                      movl  (%esp), %ebx
c3                            retl  
81 c3 a5 8e 05 00             add $0x58ea5, %ebx
81 ec ec 04 00 00             sub $0x4ec, %esp
8b 45 10                      movl  0x10(%ebp), %eax
upointer
83 7c 24 24 00                cmpl  $0x0, 0x24(%esp)
75 d8                         jnz 0x8048a14
e8 f6 6f 00 00                calll  0x804fa20
e8 5a 8d ff ff                calll  0x8048780
8b 1c 24                      movl  (%esp), %ebx
c3                            retl  
81 c3 da 95 08 00             add $0x895da, %ebx
83 ec 08                      sub $0x8, %esp
8d 44 24 14                   leal  0x14(%esp), %eax
83 ec 04                      sub $0x4, %esp
50                            pushl  %eax
e8 08 07 03 00                calll  0x8080150
89 e5                         mov %esp, %ebp
53                            pushl  %ebx
e8 25 86 fc ff                calll  0x8048780
8b 1c 24                      movl  (%esp), %ebx
c3                            retl  
81 c3 a5 8e 05 00             add $0x58ea5, %ebx
81 ec ec 04 00 00             sub $0x4ec, %esp
8b 45 10                      movl  0x10(%ebp), %eax
upointer
83 7c 24 24 00                cmpl  $0x0, 0x24(%esp)
75 d8                         jnz 0x8048a14
e8 08 78 00 00                calll  0x8050250
e8 a8 cc ff ff                calll  0x804cf03
8b 3c 24                      movl  (%esp), %edi
c3                            retl  
81 c7 a5 8d 08 00             add $0x88da5, %edi
83 ec 28                      sub $0x28, %esp
89 fb                         mov %edi, %ebx
e8 22 b1 01 00                calll  0x806b390
74 24                         jz 0x806b3c1
73 58                         jnb 0x806b429
75 4e                         jnz 0x806b429
74 0f                         jz 0x806b446
74 0a                         jz 0x806b446
c3                            retl  
83 c4 10                      add $0x10, %esp
75 3e                         jnz 0x80502c8
74 2b                         jz 0x80502c4
74 01                         jz 0x80502a9
