int
83 7d f4 00                   cmpl  $0x0, -0xc(%ebp)
79 8f                         jns 0x80488a9
79 8f                         jns 0x80488a9
79 8f                         jns 0x80488a9
79 8f                         jns 0x80488a9
74 1a                         jz 0x804893a
eb 06                         jmp 0x8048940
int
01 45 f0                      addl  %eax, -0x10(%ebp)
8b 4d f0                      movl  -0x10(%ebp), %ecx
89 c8                         mov %ecx, %eax
89 c8                         mov %ecx, %eax
c1 f8 1f                      sar $0x1f, %eax
29 c2                         sub %eax, %edx
89 d0                         mov %edx, %eax
c1 e0 02                      shl $0x2, %eax
01 d0                         add %edx, %eax
01 c0                         add %eax, %eax
29 c1                         sub %eax, %ecx
89 ca                         mov %ecx, %edx
89 13                         movl  %edx, (%ebx)
8b 4d f0                      movl  -0x10(%ebp), %ecx
89 c8                         mov %ecx, %eax
c1 fa 02                      sar $0x2, %edx
89 c8                         mov %ecx, %eax
c1 f8 1f                      sar $0x1f, %eax
29 c2                         sub %eax, %edx
89 d0                         mov %edx, %eax
int
8b 4d f0                      movl  -0x10(%ebp), %ecx
89 c8                         mov %ecx, %eax
89 c8                         mov %ecx, %eax
c1 f8 1f                      sar $0x1f, %eax
29 c2                         sub %eax, %edx
89 d0                         mov %edx, %eax
c1 e0 02                      shl $0x2, %eax
01 d0                         add %edx, %eax
01 c0                         add %eax, %eax
29 c1                         sub %eax, %ecx
89 ca                         mov %ecx, %edx
89 13                         movl  %edx, (%ebx)
c1 fa 02                      sar $0x2, %edx
29 c2                         sub %eax, %edx
89 d0                         mov %edx, %eax
89 45 f0                      movl  %eax, -0x10(%ebp)
01 d0                         add %edx, %eax
01 45 f0                      addl  %eax, -0x10(%ebp)
8d 1c 02                      leal  (%edx,%eax,1), %ebx
8b 4d f0                      movl  -0x10(%ebp), %ecx
int
8b 4d f0                      movl  -0x10(%ebp), %ecx
89 c8                         mov %ecx, %eax
89 c8                         mov %ecx, %eax
c1 f8 1f                      sar $0x1f, %eax
29 c2                         sub %eax, %edx
89 d0                         mov %edx, %eax
89 45 f0                      movl  %eax, -0x10(%ebp)
01 d0                         add %edx, %eax
01 45 f0                      addl  %eax, -0x10(%ebp)
8d 1c 02                      leal  (%edx,%eax,1), %ebx
8b 4d f0                      movl  -0x10(%ebp), %ecx
89 c8                         mov %ecx, %eax
c1 fa 02                      sar $0x2, %edx
89 c8                         mov %ecx, %eax
c1 f8 1f                      sar $0x1f, %eax
29 c2                         sub %eax, %edx
89 d0                         mov %edx, %eax
c1 e0 02                      shl $0x2, %eax
01 d0                         add %edx, %eax
01 c0                         add %eax, %eax
int
83 6d f4 01                   subl  $0x1, -0xc(%ebp)
83 7d f4 00                   cmpl  $0x0, -0xc(%ebp)
79 8f                         jns 0x80488a9
8b 45 f4                      movl  -0xc(%ebp), %eax
8b 45 f4                      movl  -0xc(%ebp), %eax
83 c0 01                      add $0x1, %eax
83 6d f4 01                   subl  $0x1, -0xc(%ebp)
83 7d f4 00                   cmpl  $0x0, -0xc(%ebp)
79 8f                         jns 0x80488a9
8b 45 f4                      movl  -0xc(%ebp), %eax
8b 45 f4                      movl  -0xc(%ebp), %eax
83 c0 01                      add $0x1, %eax
83 6d f4 01                   subl  $0x1, -0xc(%ebp)
83 7d f4 00                   cmpl  $0x0, -0xc(%ebp)
79 8f                         jns 0x80488a9
74 1a                         jz 0x804893a
eb 06                         jmp 0x8048940
int
83 7d f4 00                   cmpl  $0x0, -0xc(%ebp)
79 8f                         jns 0x80488a9
79 8f                         jns 0x80488a9
79 8f                         jns 0x80488a9
74 1a                         jz 0x804893a
eb 06                         jmp 0x8048940
int
01 45 f0                      addl  %eax, -0x10(%ebp)
8b 4d f0                      movl  -0x10(%ebp), %ecx
89 c8                         mov %ecx, %eax
89 c8                         mov %ecx, %eax
c1 f8 1f                      sar $0x1f, %eax
29 c2                         sub %eax, %edx
89 d0                         mov %edx, %eax
c1 e0 02                      shl $0x2, %eax
01 d0                         add %edx, %eax
01 c0                         add %eax, %eax
29 c1                         sub %eax, %ecx
89 ca                         mov %ecx, %edx
89 13                         movl  %edx, (%ebx)
8b 4d f0                      movl  -0x10(%ebp), %ecx
89 c8                         mov %ecx, %eax
c1 fa 02                      sar $0x2, %edx
89 c8                         mov %ecx, %eax
c1 f8 1f                      sar $0x1f, %eax
29 c2                         sub %eax, %edx
89 d0                         mov %edx, %eax
int
8b 4d f0                      movl  -0x10(%ebp), %ecx
89 c8                         mov %ecx, %eax
89 c8                         mov %ecx, %eax
c1 f8 1f                      sar $0x1f, %eax
29 c2                         sub %eax, %edx
89 d0                         mov %edx, %eax
c1 e0 02                      shl $0x2, %eax
01 d0                         add %edx, %eax
01 c0                         add %eax, %eax
29 c1                         sub %eax, %ecx
89 ca                         mov %ecx, %edx
89 13                         movl  %edx, (%ebx)
c1 fa 02                      sar $0x2, %edx
29 c2                         sub %eax, %edx
89 d0                         mov %edx, %eax
89 45 f0                      movl  %eax, -0x10(%ebp)
01 d0                         add %edx, %eax
01 45 f0                      addl  %eax, -0x10(%ebp)
8d 1c 02                      leal  (%edx,%eax,1), %ebx
8b 4d f0                      movl  -0x10(%ebp), %ecx
int
8b 4d f0                      movl  -0x10(%ebp), %ecx
89 c8                         mov %ecx, %eax
89 c8                         mov %ecx, %eax
c1 f8 1f                      sar $0x1f, %eax
29 c2                         sub %eax, %edx
89 d0                         mov %edx, %eax
89 45 f0                      movl  %eax, -0x10(%ebp)
01 d0                         add %edx, %eax
01 45 f0                      addl  %eax, -0x10(%ebp)
8d 1c 02                      leal  (%edx,%eax,1), %ebx
8b 4d f0                      movl  -0x10(%ebp), %ecx
89 c8                         mov %ecx, %eax
c1 fa 02                      sar $0x2, %edx
89 c8                         mov %ecx, %eax
c1 f8 1f                      sar $0x1f, %eax
29 c2                         sub %eax, %edx
89 d0                         mov %edx, %eax
c1 e0 02                      shl $0x2, %eax
01 d0                         add %edx, %eax
01 c0                         add %eax, %eax
int
83 6d f4 01                   subl  $0x1, -0xc(%ebp)
83 7d f4 00                   cmpl  $0x0, -0xc(%ebp)
79 8f                         jns 0x80488a9
8b 45 f4                      movl  -0xc(%ebp), %eax
8b 45 f4                      movl  -0xc(%ebp), %eax
83 c0 01                      add $0x1, %eax
83 6d f4 01                   subl  $0x1, -0xc(%ebp)
83 7d f4 00                   cmpl  $0x0, -0xc(%ebp)
79 8f                         jns 0x80488a9
74 1a                         jz 0x804893a
eb 06                         jmp 0x8048940
int
83 7d f4 00                   cmpl  $0x0, -0xc(%ebp)
79 8f                         jns 0x80488a9
79 8f                         jns 0x80488a9
74 1a                         jz 0x804893a
eb 06                         jmp 0x8048940
int
01 45 f0                      addl  %eax, -0x10(%ebp)
8b 4d f0                      movl  -0x10(%ebp), %ecx
89 c8                         mov %ecx, %eax
89 c8                         mov %ecx, %eax
c1 f8 1f                      sar $0x1f, %eax
29 c2                         sub %eax, %edx
89 d0                         mov %edx, %eax
c1 e0 02                      shl $0x2, %eax
01 d0                         add %edx, %eax
01 c0                         add %eax, %eax
29 c1                         sub %eax, %ecx
89 ca                         mov %ecx, %edx
89 13                         movl  %edx, (%ebx)
8b 4d f0                      movl  -0x10(%ebp), %ecx
89 c8                         mov %ecx, %eax
c1 fa 02                      sar $0x2, %edx
89 c8                         mov %ecx, %eax
c1 f8 1f                      sar $0x1f, %eax
29 c2                         sub %eax, %edx
89 d0                         mov %edx, %eax
int
8b 4d f0                      movl  -0x10(%ebp), %ecx
89 c8                         mov %ecx, %eax
89 c8                         mov %ecx, %eax
c1 f8 1f                      sar $0x1f, %eax
29 c2                         sub %eax, %edx
89 d0                         mov %edx, %eax
c1 e0 02                      shl $0x2, %eax
01 d0                         add %edx, %eax
01 c0                         add %eax, %eax
29 c1                         sub %eax, %ecx
89 ca                         mov %ecx, %edx
89 13                         movl  %edx, (%ebx)
c1 fa 02                      sar $0x2, %edx
29 c2                         sub %eax, %edx
89 d0                         mov %edx, %eax
89 45 f0                      movl  %eax, -0x10(%ebp)
83 7d f0 00                   cmpl  $0x0, -0x10(%ebp)
74 1a                         jz 0x804893a
8b 55 f0                      movl  -0x10(%ebp), %edx
89 10                         movl  %edx, (%eax)
int
8b 4d f0                      movl  -0x10(%ebp), %ecx
89 c8                         mov %ecx, %eax
89 c8                         mov %ecx, %eax
c1 f8 1f                      sar $0x1f, %eax
29 c2                         sub %eax, %edx
89 d0                         mov %edx, %eax
89 45 f0                      movl  %eax, -0x10(%ebp)
83 7d f0 00                   cmpl  $0x0, -0x10(%ebp)
74 1a                         jz 0x804893a
8b 55 f0                      movl  -0x10(%ebp), %edx
89 10                         movl  %edx, (%eax)
eb 06                         jmp 0x8048940
8b 00                         movl  (%eax), %eax
89 44 24 04                   movl  %eax, 0x4(%esp)
8b 00                         movl  (%eax), %eax
99                            cdq 
89 c6                         mov %eax, %esi
31 d0                         xor %edx, %eax
c1 ee 1f                      shr $0x1f, %esi
29 d0                         sub %edx, %eax
int
83 6d f4 01                   subl  $0x1, -0xc(%ebp)
83 7d f4 00                   cmpl  $0x0, -0xc(%ebp)
79 8f                         jns 0x80488a9
74 1a                         jz 0x804893a
eb 06                         jmp 0x8048940
int
83 7d f4 00                   cmpl  $0x0, -0xc(%ebp)
79 8f                         jns 0x80488a9
74 1a                         jz 0x804893a
eb 06                         jmp 0x8048940
int
8b 55 f0                      movl  -0x10(%ebp), %edx
89 10                         movl  %edx, (%eax)
8b 00                         movl  (%eax), %eax
89 44 24 04                   movl  %eax, 0x4(%esp)
8b 00                         movl  (%eax), %eax
99                            cdq 
89 c6                         mov %eax, %esi
31 d0                         xor %edx, %eax
c1 ee 1f                      shr $0x1f, %esi
29 d0                         sub %edx, %eax
89 b5 5c fb ff ff             movl  %esi, -0x4a4(%ebp)
89 85 20 fb ff ff             movl  %eax, -0x4e0(%ebp)
50                            pushl  %eax
8b 4c 24 10                   movl  0x10(%esp), %ecx
89 c8                         mov %ecx, %eax
01 c0                         add %eax, %eax
29 c1                         sub %eax, %ecx
8b b5 20 fb ff ff             movl  -0x4e0(%ebp), %esi
85 f6                         test %esi, %esi
0f 84 42 0d 00 00             jz 0x8081618
upointer
8b 45 ec                      movl  -0x14(%ebp), %eax
89 44 24 28                   movl  %eax, 0x28(%esp)
8b 44 24 28                   movl  0x28(%esp), %eax
01 d0                         add %edx, %eax
8b 44 24 28                   movl  0x28(%esp), %eax
01 d0                         add %edx, %eax
8b 44 24 28                   movl  0x28(%esp), %eax
01 d0                         add %edx, %eax
8b 44 24 28                   movl  0x28(%esp), %eax
01 d0                         add %edx, %eax
int
39 44 24 2c                   cmpl  %eax, 0x2c(%esp)
7c ce                         jl 0x8048999
e8 f4 6f 00 00                calll  0x804f9b0
e8 ca 8d ff ff                calll  0x8048780
8b 1c 24                      movl  (%esp), %ebx
c3                            retl  
81 c3 4a 96 08 00             add $0x8964a, %ebx
83 ec 08                      sub $0x8, %esp
8d 44 24 14                   leal  0x14(%esp), %eax
83 ec 04                      sub $0x4, %esp
50                            pushl  %eax
e8 78 06 03 00                calll  0x8080050
89 e5                         mov %esp, %ebp
53                            pushl  %ebx
e8 25 87 fc ff                calll  0x8048780
8b 1c 24                      movl  (%esp), %ebx
c3                            retl  
81 c3 a5 8f 05 00             add $0x58fa5, %ebx
81 ec ec 04 00 00             sub $0x4ec, %esp
8b 45 10                      movl  0x10(%ebp), %eax
int
83 44 24 2c 01                addl  $0x1, 0x2c(%esp)
39 44 24 2c                   cmpl  %eax, 0x2c(%esp)
7c ce                         jl 0x8048999
8b 44 24 2c                   movl  0x2c(%esp), %eax
e8 f4 6f 00 00                calll  0x804f9b0
e8 ca 8d ff ff                calll  0x8048780
8b 1c 24                      movl  (%esp), %ebx
c3                            retl  
81 c3 4a 96 08 00             add $0x8964a, %ebx
83 ec 08                      sub $0x8, %esp
8d 44 24 14                   leal  0x14(%esp), %eax
83 ec 04                      sub $0x4, %esp
50                            pushl  %eax
e8 78 06 03 00                calll  0x8080050
89 e5                         mov %esp, %ebp
53                            pushl  %ebx
e8 25 87 fc ff                calll  0x8048780
8b 1c 24                      movl  (%esp), %ebx
c3                            retl  
81 c3 a5 8f 05 00             add $0x58fa5, %ebx
int
39 44 24 2c                   cmpl  %eax, 0x2c(%esp)
7c ce                         jl 0x8048999
e8 f4 6f 00 00                calll  0x804f9b0
e8 ca 8d ff ff                calll  0x8048780
8b 1c 24                      movl  (%esp), %ebx
c3                            retl  
81 c3 4a 96 08 00             add $0x8964a, %ebx
83 ec 08                      sub $0x8, %esp
8d 44 24 14                   leal  0x14(%esp), %eax
83 ec 04                      sub $0x4, %esp
50                            pushl  %eax
e8 78 06 03 00                calll  0x8080050
89 e5                         mov %esp, %ebp
53                            pushl  %ebx
e8 25 87 fc ff                calll  0x8048780
8b 1c 24                      movl  (%esp), %ebx
c3                            retl  
81 c3 a5 8f 05 00             add $0x58fa5, %ebx
81 ec ec 04 00 00             sub $0x4ec, %esp
8b 45 10                      movl  0x10(%ebp), %eax
int
83 44 24 2c 01                addl  $0x1, 0x2c(%esp)
39 44 24 2c                   cmpl  %eax, 0x2c(%esp)
7c ce                         jl 0x8048999
8b 44 24 2c                   movl  0x2c(%esp), %eax
e8 f4 6f 00 00                calll  0x804f9b0
e8 ca 8d ff ff                calll  0x8048780
8b 1c 24                      movl  (%esp), %ebx
c3                            retl  
81 c3 4a 96 08 00             add $0x8964a, %ebx
83 ec 08                      sub $0x8, %esp
8d 44 24 14                   leal  0x14(%esp), %eax
83 ec 04                      sub $0x4, %esp
50                            pushl  %eax
e8 78 06 03 00                calll  0x8080050
89 e5                         mov %esp, %ebp
53                            pushl  %ebx
e8 25 87 fc ff                calll  0x8048780
8b 1c 24                      movl  (%esp), %ebx
c3                            retl  
81 c3 a5 8f 05 00             add $0x58fa5, %ebx
int
39 44 24 2c                   cmpl  %eax, 0x2c(%esp)
7c ce                         jl 0x8048999
e8 f4 6f 00 00                calll  0x804f9b0
e8 ca 8d ff ff                calll  0x8048780
8b 1c 24                      movl  (%esp), %ebx
c3                            retl  
81 c3 4a 96 08 00             add $0x8964a, %ebx
83 ec 08                      sub $0x8, %esp
8d 44 24 14                   leal  0x14(%esp), %eax
83 ec 04                      sub $0x4, %esp
50                            pushl  %eax
e8 78 06 03 00                calll  0x8080050
89 e5                         mov %esp, %ebp
53                            pushl  %ebx
e8 25 87 fc ff                calll  0x8048780
8b 1c 24                      movl  (%esp), %ebx
c3                            retl  
81 c3 a5 8f 05 00             add $0x58fa5, %ebx
81 ec ec 04 00 00             sub $0x4ec, %esp
8b 45 10                      movl  0x10(%ebp), %eax
int
83 44 24 2c 01                addl  $0x1, 0x2c(%esp)
39 44 24 2c                   cmpl  %eax, 0x2c(%esp)
7c ce                         jl 0x8048999
8b 44 24 2c                   movl  0x2c(%esp), %eax
e8 f4 6f 00 00                calll  0x804f9b0
e8 ca 8d ff ff                calll  0x8048780
8b 1c 24                      movl  (%esp), %ebx
c3                            retl  
81 c3 4a 96 08 00             add $0x8964a, %ebx
83 ec 08                      sub $0x8, %esp
8d 44 24 14                   leal  0x14(%esp), %eax
83 ec 04                      sub $0x4, %esp
50                            pushl  %eax
e8 78 06 03 00                calll  0x8080050
89 e5                         mov %esp, %ebp
53                            pushl  %ebx
e8 25 87 fc ff                calll  0x8048780
8b 1c 24                      movl  (%esp), %ebx
c3                            retl  
81 c3 a5 8f 05 00             add $0x58fa5, %ebx
int
39 44 24 2c                   cmpl  %eax, 0x2c(%esp)
7c ce                         jl 0x8048999
e8 f4 6f 00 00                calll  0x804f9b0
e8 ca 8d ff ff                calll  0x8048780
8b 1c 24                      movl  (%esp), %ebx
c3                            retl  
81 c3 4a 96 08 00             add $0x8964a, %ebx
83 ec 08                      sub $0x8, %esp
8d 44 24 14                   leal  0x14(%esp), %eax
83 ec 04                      sub $0x4, %esp
50                            pushl  %eax
e8 78 06 03 00                calll  0x8080050
89 e5                         mov %esp, %ebp
53                            pushl  %ebx
e8 25 87 fc ff                calll  0x8048780
8b 1c 24                      movl  (%esp), %ebx
c3                            retl  
81 c3 a5 8f 05 00             add $0x58fa5, %ebx
81 ec ec 04 00 00             sub $0x4ec, %esp
8b 45 10                      movl  0x10(%ebp), %eax
int
83 44 24 2c 01                addl  $0x1, 0x2c(%esp)
39 44 24 2c                   cmpl  %eax, 0x2c(%esp)
7c ce                         jl 0x8048999
e8 09 78 00 00                calll  0x80501e0
e8 a9 cc ff ff                calll  0x804ce93
8b 3c 24                      movl  (%esp), %edi
c3                            retl  
81 c7 16 8e 08 00             add $0x88e16, %edi
83 ec 1c                      sub $0x1c, %esp
75 3d                         jnz 0x8050248
74 28                         jz 0x8050244
74 01                         jz 0x805022c
74 07                         jz 0x8050238
73 4c                         jnb 0x80502a0
75 27                         jnz 0x805028f
75 1e                         jnz 0x805028f
74 01                         jz 0x8050283
74 07                         jz 0x805028f
c3                            retl  
int
39 44 24 2c                   cmpl  %eax, 0x2c(%esp)
7c ce                         jl 0x8048999
e8 09 78 00 00                calll  0x80501e0
e8 a9 cc ff ff                calll  0x804ce93
8b 3c 24                      movl  (%esp), %edi
c3                            retl  
81 c7 16 8e 08 00             add $0x88e16, %edi
83 ec 1c                      sub $0x1c, %esp
75 3d                         jnz 0x8050248
74 28                         jz 0x8050244
74 01                         jz 0x805022c
74 07                         jz 0x8050238
73 4c                         jnb 0x80502a0
75 27                         jnz 0x805028f
75 1e                         jnz 0x805028f
74 01                         jz 0x8050283
74 07                         jz 0x805028f
c3                            retl  
