int
83 45 f4 01                   addl  $0x1, -0xc(%ebp)
8b 45 f4                      movl  -0xc(%ebp), %eax
8b 45 f4                      movl  -0xc(%ebp), %eax
8b 55 f4                      movl  -0xc(%ebp), %edx
81 c2 ff ff ff 3f             add $0x3fffffff, %edx
8b 55 f4                      movl  -0xc(%ebp), %edx
81 c2 fe ff ff 3f             add $0x3ffffffe, %edx
83 45 f4 01                   addl  $0x1, -0xc(%ebp)
8b 45 f4                      movl  -0xc(%ebp), %eax
8b 45 f4                      movl  -0xc(%ebp), %eax
8b 55 f4                      movl  -0xc(%ebp), %edx
81 c2 ff ff ff 3f             add $0x3fffffff, %edx
8b 55 f4                      movl  -0xc(%ebp), %edx
81 c2 fe ff ff 3f             add $0x3ffffffe, %edx
83 45 f4 01                   addl  $0x1, -0xc(%ebp)
8b 45 f4                      movl  -0xc(%ebp), %eax
8b 45 f4                      movl  -0xc(%ebp), %eax
8b 55 f4                      movl  -0xc(%ebp), %edx
81 c2 ff ff ff 3f             add $0x3fffffff, %edx
8b 55 f4                      movl  -0xc(%ebp), %edx
int
83 45 f4 01                   addl  $0x1, -0xc(%ebp)
8b 45 f4                      movl  -0xc(%ebp), %eax
8b 45 f4                      movl  -0xc(%ebp), %eax
8b 55 f4                      movl  -0xc(%ebp), %edx
81 c2 ff ff ff 3f             add $0x3fffffff, %edx
8b 55 f4                      movl  -0xc(%ebp), %edx
81 c2 fe ff ff 3f             add $0x3ffffffe, %edx
83 45 f4 01                   addl  $0x1, -0xc(%ebp)
8b 45 f4                      movl  -0xc(%ebp), %eax
8b 45 f4                      movl  -0xc(%ebp), %eax
8b 55 f4                      movl  -0xc(%ebp), %edx
81 c2 ff ff ff 3f             add $0x3fffffff, %edx
8b 55 f4                      movl  -0xc(%ebp), %edx
81 c2 fe ff ff 3f             add $0x3ffffffe, %edx
83 45 f4 01                   addl  $0x1, -0xc(%ebp)
8b 45 f4                      movl  -0xc(%ebp), %eax
8b 45 f4                      movl  -0xc(%ebp), %eax
8b 55 f4                      movl  -0xc(%ebp), %edx
81 c2 ff ff ff 3f             add $0x3fffffff, %edx
8b 55 f4                      movl  -0xc(%ebp), %edx
int
83 45 f4 01                   addl  $0x1, -0xc(%ebp)
8b 45 f4                      movl  -0xc(%ebp), %eax
8b 45 f4                      movl  -0xc(%ebp), %eax
8b 55 f4                      movl  -0xc(%ebp), %edx
81 c2 ff ff ff 3f             add $0x3fffffff, %edx
8b 55 f4                      movl  -0xc(%ebp), %edx
81 c2 fe ff ff 3f             add $0x3ffffffe, %edx
83 45 f4 01                   addl  $0x1, -0xc(%ebp)
8b 45 f4                      movl  -0xc(%ebp), %eax
8b 45 f4                      movl  -0xc(%ebp), %eax
8b 55 f4                      movl  -0xc(%ebp), %edx
81 c2 ff ff ff 3f             add $0x3fffffff, %edx
8b 55 f4                      movl  -0xc(%ebp), %edx
81 c2 fe ff ff 3f             add $0x3ffffffe, %edx
83 45 f4 01                   addl  $0x1, -0xc(%ebp)
8b 45 f4                      movl  -0xc(%ebp), %eax
8b 45 f4                      movl  -0xc(%ebp), %eax
8b 55 f4                      movl  -0xc(%ebp), %edx
81 c2 ff ff ff 3f             add $0x3fffffff, %edx
8b 55 f4                      movl  -0xc(%ebp), %edx
int
83 45 f4 01                   addl  $0x1, -0xc(%ebp)
8b 45 f4                      movl  -0xc(%ebp), %eax
8b 45 f4                      movl  -0xc(%ebp), %eax
8b 55 f4                      movl  -0xc(%ebp), %edx
81 c2 ff ff ff 3f             add $0x3fffffff, %edx
8b 55 f4                      movl  -0xc(%ebp), %edx
81 c2 fe ff ff 3f             add $0x3ffffffe, %edx
83 45 f4 01                   addl  $0x1, -0xc(%ebp)
8b 45 f4                      movl  -0xc(%ebp), %eax
8b 45 f4                      movl  -0xc(%ebp), %eax
8b 55 f4                      movl  -0xc(%ebp), %edx
81 c2 ff ff ff 3f             add $0x3fffffff, %edx
8b 55 f4                      movl  -0xc(%ebp), %edx
81 c2 fe ff ff 3f             add $0x3ffffffe, %edx
83 45 f4 01                   addl  $0x1, -0xc(%ebp)
8b 45 f4                      movl  -0xc(%ebp), %eax
8b 45 f4                      movl  -0xc(%ebp), %eax
8b 55 f4                      movl  -0xc(%ebp), %edx
81 c2 ff ff ff 3f             add $0x3fffffff, %edx
8b 55 f4                      movl  -0xc(%ebp), %edx
int
83 45 f4 01                   addl  $0x1, -0xc(%ebp)
8b 45 f4                      movl  -0xc(%ebp), %eax
8b 45 f4                      movl  -0xc(%ebp), %eax
8b 55 f4                      movl  -0xc(%ebp), %edx
81 c2 ff ff ff 3f             add $0x3fffffff, %edx
8b 55 f4                      movl  -0xc(%ebp), %edx
81 c2 fe ff ff 3f             add $0x3ffffffe, %edx
83 45 f4 01                   addl  $0x1, -0xc(%ebp)
8b 45 f4                      movl  -0xc(%ebp), %eax
8b 45 f4                      movl  -0xc(%ebp), %eax
8b 55 f4                      movl  -0xc(%ebp), %edx
81 c2 ff ff ff 3f             add $0x3fffffff, %edx
8b 55 f4                      movl  -0xc(%ebp), %edx
81 c2 fe ff ff 3f             add $0x3ffffffe, %edx
83 45 f4 01                   addl  $0x1, -0xc(%ebp)
8b 45 f4                      movl  -0xc(%ebp), %eax
8b 45 f4                      movl  -0xc(%ebp), %eax
8b 55 f4                      movl  -0xc(%ebp), %edx
81 c2 ff ff ff 3f             add $0x3fffffff, %edx
8b 55 f4                      movl  -0xc(%ebp), %edx
int
83 45 f4 01                   addl  $0x1, -0xc(%ebp)
8b 45 f4                      movl  -0xc(%ebp), %eax
8b 45 f4                      movl  -0xc(%ebp), %eax
8b 55 f4                      movl  -0xc(%ebp), %edx
81 c2 ff ff ff 3f             add $0x3fffffff, %edx
8b 55 f4                      movl  -0xc(%ebp), %edx
81 c2 fe ff ff 3f             add $0x3ffffffe, %edx
83 45 f4 01                   addl  $0x1, -0xc(%ebp)
8b 45 f4                      movl  -0xc(%ebp), %eax
8b 45 f4                      movl  -0xc(%ebp), %eax
8b 55 f4                      movl  -0xc(%ebp), %edx
81 c2 ff ff ff 3f             add $0x3fffffff, %edx
8b 55 f4                      movl  -0xc(%ebp), %edx
81 c2 fe ff ff 3f             add $0x3ffffffe, %edx
83 45 f4 01                   addl  $0x1, -0xc(%ebp)
8b 45 f4                      movl  -0xc(%ebp), %eax
int
83 45 f4 01                   addl  $0x1, -0xc(%ebp)
8b 45 f4                      movl  -0xc(%ebp), %eax
8b 45 f4                      movl  -0xc(%ebp), %eax
8b 55 f4                      movl  -0xc(%ebp), %edx
81 c2 ff ff ff 3f             add $0x3fffffff, %edx
8b 55 f4                      movl  -0xc(%ebp), %edx
81 c2 fe ff ff 3f             add $0x3ffffffe, %edx
83 45 f4 01                   addl  $0x1, -0xc(%ebp)
8b 45 f4                      movl  -0xc(%ebp), %eax
