int
3b 45 f8                      cmpl  -0x8(%ebp), %eax
7e 29                         jle 0x80488f5
74 b7                         jz 0x80488ac
7c 05                         jl 0x80488c1
7e 29                         jle 0x80488f5
74 b7                         jz 0x80488ac
7c 05                         jl 0x80488c1
7e 29                         jle 0x80488f5
74 b7                         jz 0x80488ac
7e 52                         jle 0x804894d
eb 28                         jmp 0x8048975
0f 8c 1e ff ff ff             jl 0x80488a3
eb 15                         jmp 0x80488c1
7e 29                         jle 0x80488f5
74 b7                         jz 0x80488ac
7c 05                         jl 0x80488c1
7e 29                         jle 0x80488f5
74 b7                         jz 0x80488ac
7e 52                         jle 0x804894d
eb 28                         jmp 0x8048975
int
83 45 f8 01                   addl  $0x1, -0x8(%ebp)
8b 45 f8                      movl  -0x8(%ebp), %eax
3b 45 f8                      cmpl  -0x8(%ebp), %eax
7e 29                         jle 0x80488f5
8b 45 f8                      movl  -0x8(%ebp), %eax
8b 45 f8                      movl  -0x8(%ebp), %eax
83 c0 01                      add $0x1, %eax
74 b7                         jz 0x80488ac
83 45 f8 01                   addl  $0x1, -0x8(%ebp)
8b 45 f8                      movl  -0x8(%ebp), %eax
7c 05                         jl 0x80488c1
3b 45 f8                      cmpl  -0x8(%ebp), %eax
7e 29                         jle 0x80488f5
8b 45 f8                      movl  -0x8(%ebp), %eax
8b 45 f8                      movl  -0x8(%ebp), %eax
83 c0 01                      add $0x1, %eax
74 b7                         jz 0x80488ac
7e 52                         jle 0x804894d
8b 45 f8                      movl  -0x8(%ebp), %eax
8b 45 f8                      movl  -0x8(%ebp), %eax
int
3b 45 f8                      cmpl  -0x8(%ebp), %eax
7e 29                         jle 0x80488f5
74 b7                         jz 0x80488ac
7c 05                         jl 0x80488c1
7e 29                         jle 0x80488f5
74 b7                         jz 0x80488ac
7e 52                         jle 0x804894d
eb 28                         jmp 0x8048975
0f 8c 1e ff ff ff             jl 0x80488a3
eb 15                         jmp 0x80488c1
7e 29                         jle 0x80488f5
74 b7                         jz 0x80488ac
7c 05                         jl 0x80488c1
7e 29                         jle 0x80488f5
74 b7                         jz 0x80488ac
7e 52                         jle 0x804894d
eb 28                         jmp 0x8048975
0f 8c 1e ff ff ff             jl 0x80488a3
eb 15                         jmp 0x80488c1
7e 29                         jle 0x80488f5
int
83 45 f8 01                   addl  $0x1, -0x8(%ebp)
8b 45 f8                      movl  -0x8(%ebp), %eax
3b 45 f8                      cmpl  -0x8(%ebp), %eax
7e 29                         jle 0x80488f5
8b 45 f8                      movl  -0x8(%ebp), %eax
8b 45 f8                      movl  -0x8(%ebp), %eax
83 c0 01                      add $0x1, %eax
74 b7                         jz 0x80488ac
7e 52                         jle 0x804894d
8b 45 f8                      movl  -0x8(%ebp), %eax
8b 45 f8                      movl  -0x8(%ebp), %eax
eb 28                         jmp 0x8048975
83 45 f8 01                   addl  $0x1, -0x8(%ebp)
8b 45 f8                      movl  -0x8(%ebp), %eax
0f 8c 1e ff ff ff             jl 0x80488a3
eb 15                         jmp 0x80488c1
3b 45 f8                      cmpl  -0x8(%ebp), %eax
7e 29                         jle 0x80488f5
8b 45 f8                      movl  -0x8(%ebp), %eax
8b 45 f8                      movl  -0x8(%ebp), %eax
int
3b 45 f8                      cmpl  -0x8(%ebp), %eax
7e 29                         jle 0x80488f5
74 b7                         jz 0x80488ac
7e 52                         jle 0x804894d
eb 28                         jmp 0x8048975
0f 8c 1e ff ff ff             jl 0x80488a3
eb 15                         jmp 0x80488c1
7e 29                         jle 0x80488f5
74 b7                         jz 0x80488ac
7c 05                         jl 0x80488c1
7e 29                         jle 0x80488f5
74 b7                         jz 0x80488ac
7e 52                         jle 0x804894d
eb 28                         jmp 0x8048975
0f 8c 1e ff ff ff             jl 0x80488a3
eb 15                         jmp 0x80488c1
7e 29                         jle 0x80488f5
74 b7                         jz 0x80488ac
7c 05                         jl 0x80488c1
7e 29                         jle 0x80488f5
int
8b 45 fc                      movl  -0x4(%ebp), %eax
8d 50 01                      leal  0x1(%eax), %edx
89 55 fc                      movl  %edx, -0x4(%ebp)
01 c2                         add %eax, %edx
8b 45 fc                      movl  -0x4(%ebp), %eax
8d 50 01                      leal  0x1(%eax), %edx
89 55 fc                      movl  %edx, -0x4(%ebp)
01 c2                         add %eax, %edx
01 d0                         add %edx, %eax
8b 45 fc                      movl  -0x4(%ebp), %eax
8d 50 01                      leal  0x1(%eax), %edx
89 55 fc                      movl  %edx, -0x4(%ebp)
01 c2                         add %eax, %edx
8b 45 fc                      movl  -0x4(%ebp), %eax
8d 50 01                      leal  0x1(%eax), %edx
89 55 fc                      movl  %edx, -0x4(%ebp)
01 c2                         add %eax, %edx
01 d0                         add %edx, %eax
8b 45 fc                      movl  -0x4(%ebp), %eax
8d 50 01                      leal  0x1(%eax), %edx
int
8b 45 fc                      movl  -0x4(%ebp), %eax
8d 50 01                      leal  0x1(%eax), %edx
89 55 fc                      movl  %edx, -0x4(%ebp)
01 c2                         add %eax, %edx
01 d0                         add %edx, %eax
8b 45 fc                      movl  -0x4(%ebp), %eax
8d 50 01                      leal  0x1(%eax), %edx
89 55 fc                      movl  %edx, -0x4(%ebp)
01 c2                         add %eax, %edx
8b 45 fc                      movl  -0x4(%ebp), %eax
8d 50 01                      leal  0x1(%eax), %edx
89 55 fc                      movl  %edx, -0x4(%ebp)
01 c2                         add %eax, %edx
01 d0                         add %edx, %eax
8b 45 fc                      movl  -0x4(%ebp), %eax
8d 50 01                      leal  0x1(%eax), %edx
89 55 fc                      movl  %edx, -0x4(%ebp)
01 c2                         add %eax, %edx
8b 45 fc                      movl  -0x4(%ebp), %eax
8d 50 01                      leal  0x1(%eax), %edx
int
83 45 f8 01                   addl  $0x1, -0x8(%ebp)
8b 45 f8                      movl  -0x8(%ebp), %eax
3b 45 f8                      cmpl  -0x8(%ebp), %eax
7e 29                         jle 0x80488f5
8b 45 f8                      movl  -0x8(%ebp), %eax
8b 45 f8                      movl  -0x8(%ebp), %eax
83 c0 01                      add $0x1, %eax
74 b7                         jz 0x80488ac
83 45 f8 01                   addl  $0x1, -0x8(%ebp)
8b 45 f8                      movl  -0x8(%ebp), %eax
7c 05                         jl 0x80488c1
3b 45 f8                      cmpl  -0x8(%ebp), %eax
7e 29                         jle 0x80488f5
8b 45 f8                      movl  -0x8(%ebp), %eax
8b 45 f8                      movl  -0x8(%ebp), %eax
83 c0 01                      add $0x1, %eax
74 b7                         jz 0x80488ac
7e 52                         jle 0x804894d
8b 45 f8                      movl  -0x8(%ebp), %eax
8b 45 f8                      movl  -0x8(%ebp), %eax
int
3b 45 f8                      cmpl  -0x8(%ebp), %eax
7e 29                         jle 0x80488f5
74 b7                         jz 0x80488ac
7c 05                         jl 0x80488c1
7e 29                         jle 0x80488f5
74 b7                         jz 0x80488ac
7e 52                         jle 0x804894d
eb 28                         jmp 0x8048975
0f 8c 1e ff ff ff             jl 0x80488a3
eb 15                         jmp 0x80488c1
7e 29                         jle 0x80488f5
74 b7                         jz 0x80488ac
7c 05                         jl 0x80488c1
7e 29                         jle 0x80488f5
74 b7                         jz 0x80488ac
7c 05                         jl 0x80488c1
7e 29                         jle 0x80488f5
74 b7                         jz 0x80488ac
7e 52                         jle 0x804894d
eb 28                         jmp 0x8048975
int
83 45 f8 01                   addl  $0x1, -0x8(%ebp)
8b 45 f8                      movl  -0x8(%ebp), %eax
3b 45 f8                      cmpl  -0x8(%ebp), %eax
7e 29                         jle 0x80488f5
8b 45 f8                      movl  -0x8(%ebp), %eax
8b 45 f8                      movl  -0x8(%ebp), %eax
83 c0 01                      add $0x1, %eax
74 b7                         jz 0x80488ac
7e 52                         jle 0x804894d
8b 45 f8                      movl  -0x8(%ebp), %eax
8b 45 f8                      movl  -0x8(%ebp), %eax
eb 28                         jmp 0x8048975
83 45 f8 01                   addl  $0x1, -0x8(%ebp)
8b 45 f8                      movl  -0x8(%ebp), %eax
0f 8c 1e ff ff ff             jl 0x80488a3
eb 15                         jmp 0x80488c1
3b 45 f8                      cmpl  -0x8(%ebp), %eax
7e 29                         jle 0x80488f5
8b 45 f8                      movl  -0x8(%ebp), %eax
8b 45 f8                      movl  -0x8(%ebp), %eax
int
3b 45 f8                      cmpl  -0x8(%ebp), %eax
7e 29                         jle 0x80488f5
74 b7                         jz 0x80488ac
7e 52                         jle 0x804894d
eb 28                         jmp 0x8048975
0f 8c 1e ff ff ff             jl 0x80488a3
eb 15                         jmp 0x80488c1
7e 29                         jle 0x80488f5
74 b7                         jz 0x80488ac
7c 05                         jl 0x80488c1
7e 29                         jle 0x80488f5
74 b7                         jz 0x80488ac
7c 05                         jl 0x80488c1
7e 29                         jle 0x80488f5
74 b7                         jz 0x80488ac
7e 52                         jle 0x804894d
eb 28                         jmp 0x8048975
0f 8c 1e ff ff ff             jl 0x80488a3
eb 15                         jmp 0x80488c1
7e 29                         jle 0x80488f5
int
8b 45 fc                      movl  -0x4(%ebp), %eax
8d 50 01                      leal  0x1(%eax), %edx
89 55 fc                      movl  %edx, -0x4(%ebp)
01 c2                         add %eax, %edx
8b 45 fc                      movl  -0x4(%ebp), %eax
8d 50 01                      leal  0x1(%eax), %edx
89 55 fc                      movl  %edx, -0x4(%ebp)
01 c2                         add %eax, %edx
01 d0                         add %edx, %eax
8b 45 fc                      movl  -0x4(%ebp), %eax
8d 50 01                      leal  0x1(%eax), %edx
89 55 fc                      movl  %edx, -0x4(%ebp)
01 c2                         add %eax, %edx
8b 45 fc                      movl  -0x4(%ebp), %eax
8d 50 01                      leal  0x1(%eax), %edx
89 55 fc                      movl  %edx, -0x4(%ebp)
01 c2                         add %eax, %edx
01 d0                         add %edx, %eax
8b 45 fc                      movl  -0x4(%ebp), %eax
8d 50 01                      leal  0x1(%eax), %edx
int
8b 45 fc                      movl  -0x4(%ebp), %eax
8d 50 01                      leal  0x1(%eax), %edx
89 55 fc                      movl  %edx, -0x4(%ebp)
01 c2                         add %eax, %edx
01 d0                         add %edx, %eax
8b 45 fc                      movl  -0x4(%ebp), %eax
8d 50 01                      leal  0x1(%eax), %edx
89 55 fc                      movl  %edx, -0x4(%ebp)
01 c2                         add %eax, %edx
8b 45 fc                      movl  -0x4(%ebp), %eax
8d 50 01                      leal  0x1(%eax), %edx
89 55 fc                      movl  %edx, -0x4(%ebp)
01 c2                         add %eax, %edx
01 d0                         add %edx, %eax
8b 45 fc                      movl  -0x4(%ebp), %eax
8d 50 01                      leal  0x1(%eax), %edx
89 55 fc                      movl  %edx, -0x4(%ebp)
01 c2                         add %eax, %edx
01 d0                         add %edx, %eax
8b 45 fc                      movl  -0x4(%ebp), %eax
int
83 45 f8 01                   addl  $0x1, -0x8(%ebp)
8b 45 f8                      movl  -0x8(%ebp), %eax
3b 45 f8                      cmpl  -0x8(%ebp), %eax
7e 29                         jle 0x80488f5
8b 45 f8                      movl  -0x8(%ebp), %eax
8b 45 f8                      movl  -0x8(%ebp), %eax
83 c0 01                      add $0x1, %eax
74 b7                         jz 0x80488ac
83 45 f8 01                   addl  $0x1, -0x8(%ebp)
8b 45 f8                      movl  -0x8(%ebp), %eax
7c 05                         jl 0x80488c1
3b 45 f8                      cmpl  -0x8(%ebp), %eax
7e 29                         jle 0x80488f5
8b 45 f8                      movl  -0x8(%ebp), %eax
8b 45 f8                      movl  -0x8(%ebp), %eax
83 c0 01                      add $0x1, %eax
74 b7                         jz 0x80488ac
83 45 f8 01                   addl  $0x1, -0x8(%ebp)
8b 45 f8                      movl  -0x8(%ebp), %eax
7c 05                         jl 0x80488c1
int
3b 45 f8                      cmpl  -0x8(%ebp), %eax
7e 29                         jle 0x80488f5
74 b7                         jz 0x80488ac
7c 05                         jl 0x80488c1
7e 29                         jle 0x80488f5
74 b7                         jz 0x80488ac
7c 05                         jl 0x80488c1
7e 29                         jle 0x80488f5
74 b7                         jz 0x80488ac
7e 52                         jle 0x804894d
eb 28                         jmp 0x8048975
0f 8c 1e ff ff ff             jl 0x80488a3
eb 15                         jmp 0x80488c1
7e 29                         jle 0x80488f5
74 b7                         jz 0x80488ac
7e 52                         jle 0x804894d
0f 8c 1e ff ff ff             jl 0x80488a3
eb 15                         jmp 0x80488c1
7e 29                         jle 0x80488f5
74 b7                         jz 0x80488ac
int
83 45 f8 01                   addl  $0x1, -0x8(%ebp)
8b 45 f8                      movl  -0x8(%ebp), %eax
3b 45 f8                      cmpl  -0x8(%ebp), %eax
7e 29                         jle 0x80488f5
8b 45 f8                      movl  -0x8(%ebp), %eax
8b 45 f8                      movl  -0x8(%ebp), %eax
83 c0 01                      add $0x1, %eax
74 b7                         jz 0x80488ac
83 45 f8 01                   addl  $0x1, -0x8(%ebp)
8b 45 f8                      movl  -0x8(%ebp), %eax
7c 05                         jl 0x80488c1
3b 45 f8                      cmpl  -0x8(%ebp), %eax
7e 29                         jle 0x80488f5
8b 45 f8                      movl  -0x8(%ebp), %eax
8b 45 f8                      movl  -0x8(%ebp), %eax
83 c0 01                      add $0x1, %eax
74 b7                         jz 0x80488ac
7e 52                         jle 0x804894d
8b 45 f8                      movl  -0x8(%ebp), %eax
8b 45 f8                      movl  -0x8(%ebp), %eax
int
3b 45 f8                      cmpl  -0x8(%ebp), %eax
7e 29                         jle 0x80488f5
74 b7                         jz 0x80488ac
7c 05                         jl 0x80488c1
7e 29                         jle 0x80488f5
74 b7                         jz 0x80488ac
7e 52                         jle 0x804894d
eb 28                         jmp 0x8048975
0f 8c 1e ff ff ff             jl 0x80488a3
eb 15                         jmp 0x80488c1
7e 29                         jle 0x80488f5
74 b7                         jz 0x80488ac
7e 52                         jle 0x804894d
0f 8c 1e ff ff ff             jl 0x80488a3
eb 15                         jmp 0x80488c1
7e 29                         jle 0x80488f5
74 b7                         jz 0x80488ac
7c 05                         jl 0x80488c1
7e 29                         jle 0x80488f5
7e 52                         jle 0x804894d
int
83 45 f8 01                   addl  $0x1, -0x8(%ebp)
8b 45 f8                      movl  -0x8(%ebp), %eax
3b 45 f8                      cmpl  -0x8(%ebp), %eax
7e 29                         jle 0x80488f5
8b 45 f8                      movl  -0x8(%ebp), %eax
8b 45 f8                      movl  -0x8(%ebp), %eax
83 c0 01                      add $0x1, %eax
74 b7                         jz 0x80488ac
7e 52                         jle 0x804894d
8b 45 f8                      movl  -0x8(%ebp), %eax
8b 45 f8                      movl  -0x8(%ebp), %eax
eb 28                         jmp 0x8048975
83 45 f8 01                   addl  $0x1, -0x8(%ebp)
8b 45 f8                      movl  -0x8(%ebp), %eax
0f 8c 1e ff ff ff             jl 0x80488a3
eb 15                         jmp 0x80488c1
3b 45 f8                      cmpl  -0x8(%ebp), %eax
7e 29                         jle 0x80488f5
8b 45 f8                      movl  -0x8(%ebp), %eax
8b 45 f8                      movl  -0x8(%ebp), %eax
int
3b 45 f8                      cmpl  -0x8(%ebp), %eax
7e 29                         jle 0x80488f5
74 b7                         jz 0x80488ac
7e 52                         jle 0x804894d
eb 28                         jmp 0x8048975
0f 8c 1e ff ff ff             jl 0x80488a3
eb 15                         jmp 0x80488c1
7e 29                         jle 0x80488f5
74 b7                         jz 0x80488ac
7e 52                         jle 0x804894d
0f 8c 1e ff ff ff             jl 0x80488a3
eb 15                         jmp 0x80488c1
7e 29                         jle 0x80488f5
74 b7                         jz 0x80488ac
7c 05                         jl 0x80488c1
7e 29                         jle 0x80488f5
7e 52                         jle 0x804894d
eb 28                         jmp 0x8048975
0f 8c 1e ff ff ff             jl 0x80488a3
int
8b 45 fc                      movl  -0x4(%ebp), %eax
8d 50 01                      leal  0x1(%eax), %edx
89 55 fc                      movl  %edx, -0x4(%ebp)
01 c2                         add %eax, %edx
8b 45 fc                      movl  -0x4(%ebp), %eax
8d 50 01                      leal  0x1(%eax), %edx
89 55 fc                      movl  %edx, -0x4(%ebp)
01 c2                         add %eax, %edx
01 d0                         add %edx, %eax
8b 45 fc                      movl  -0x4(%ebp), %eax
8d 50 01                      leal  0x1(%eax), %edx
89 55 fc                      movl  %edx, -0x4(%ebp)
01 c2                         add %eax, %edx
01 d0                         add %edx, %eax
8b 45 fc                      movl  -0x4(%ebp), %eax
8d 50 01                      leal  0x1(%eax), %edx
89 55 fc                      movl  %edx, -0x4(%ebp)
01 c2                         add %eax, %edx
8b 45 fc                      movl  -0x4(%ebp), %eax
8d 50 01                      leal  0x1(%eax), %edx
int
8b 45 fc                      movl  -0x4(%ebp), %eax
8d 50 01                      leal  0x1(%eax), %edx
89 55 fc                      movl  %edx, -0x4(%ebp)
01 c2                         add %eax, %edx
01 d0                         add %edx, %eax
8b 45 fc                      movl  -0x4(%ebp), %eax
8d 50 01                      leal  0x1(%eax), %edx
89 55 fc                      movl  %edx, -0x4(%ebp)
01 c2                         add %eax, %edx
01 d0                         add %edx, %eax
8b 45 fc                      movl  -0x4(%ebp), %eax
8d 50 01                      leal  0x1(%eax), %edx
89 55 fc                      movl  %edx, -0x4(%ebp)
01 c2                         add %eax, %edx
8b 45 fc                      movl  -0x4(%ebp), %eax
8d 50 01                      leal  0x1(%eax), %edx
89 55 fc                      movl  %edx, -0x4(%ebp)
01 c2                         add %eax, %edx
8b 45 fc                      movl  -0x4(%ebp), %eax
89 44 24 48                   movl  %eax, 0x48(%esp)
int
83 45 f8 01                   addl  $0x1, -0x8(%ebp)
8b 45 f8                      movl  -0x8(%ebp), %eax
3b 45 f8                      cmpl  -0x8(%ebp), %eax
7e 29                         jle 0x80488f5
8b 45 f8                      movl  -0x8(%ebp), %eax
8b 45 f8                      movl  -0x8(%ebp), %eax
83 c0 01                      add $0x1, %eax
74 b7                         jz 0x80488ac
7e 52                         jle 0x804894d
8b 45 f8                      movl  -0x8(%ebp), %eax
83 45 f8 01                   addl  $0x1, -0x8(%ebp)
8b 45 f8                      movl  -0x8(%ebp), %eax
0f 8c 1e ff ff ff             jl 0x80488a3
eb 15                         jmp 0x80488c1
3b 45 f8                      cmpl  -0x8(%ebp), %eax
7e 29                         jle 0x80488f5
8b 45 f8                      movl  -0x8(%ebp), %eax
8b 45 f8                      movl  -0x8(%ebp), %eax
83 c0 01                      add $0x1, %eax
74 b7                         jz 0x80488ac
int
3b 45 f8                      cmpl  -0x8(%ebp), %eax
7e 29                         jle 0x80488f5
74 b7                         jz 0x80488ac
7e 52                         jle 0x804894d
0f 8c 1e ff ff ff             jl 0x80488a3
eb 15                         jmp 0x80488c1
7e 29                         jle 0x80488f5
74 b7                         jz 0x80488ac
7c 05                         jl 0x80488c1
7e 29                         jle 0x80488f5
7e 52                         jle 0x804894d
eb 28                         jmp 0x8048975
0f 8c 1e ff ff ff             jl 0x80488a3
int
8b 45 fc                      movl  -0x4(%ebp), %eax
8d 50 01                      leal  0x1(%eax), %edx
89 55 fc                      movl  %edx, -0x4(%ebp)
01 c2                         add %eax, %edx
01 d0                         add %edx, %eax
8b 45 fc                      movl  -0x4(%ebp), %eax
8d 50 01                      leal  0x1(%eax), %edx
89 55 fc                      movl  %edx, -0x4(%ebp)
01 c2                         add %eax, %edx
8b 45 fc                      movl  -0x4(%ebp), %eax
8d 50 01                      leal  0x1(%eax), %edx
89 55 fc                      movl  %edx, -0x4(%ebp)
01 c2                         add %eax, %edx
8b 45 fc                      movl  -0x4(%ebp), %eax
89 44 24 48                   movl  %eax, 0x48(%esp)
3b 44 24 48                   cmpl  0x48(%esp), %eax
7c d9                         jl 0x8048a0d
e8 fb 6f 00 00                calll  0x804fa20
e8 5a 8d ff ff                calll  0x8048780
8b 1c 24                      movl  (%esp), %ebx
int
83 45 f8 01                   addl  $0x1, -0x8(%ebp)
8b 45 f8                      movl  -0x8(%ebp), %eax
3b 45 f8                      cmpl  -0x8(%ebp), %eax
7e 29                         jle 0x80488f5
8b 45 f8                      movl  -0x8(%ebp), %eax
8b 45 f8                      movl  -0x8(%ebp), %eax
83 c0 01                      add $0x1, %eax
74 b7                         jz 0x80488ac
83 45 f8 01                   addl  $0x1, -0x8(%ebp)
8b 45 f8                      movl  -0x8(%ebp), %eax
7c 05                         jl 0x80488c1
3b 45 f8                      cmpl  -0x8(%ebp), %eax
7e 29                         jle 0x80488f5
7e 52                         jle 0x804894d
8b 45 f8                      movl  -0x8(%ebp), %eax
8b 45 f8                      movl  -0x8(%ebp), %eax
eb 28                         jmp 0x8048975
83 45 f8 01                   addl  $0x1, -0x8(%ebp)
8b 45 f8                      movl  -0x8(%ebp), %eax
0f 8c 1e ff ff ff             jl 0x80488a3
int
3b 45 f8                      cmpl  -0x8(%ebp), %eax
7e 29                         jle 0x80488f5
74 b7                         jz 0x80488ac
7c 05                         jl 0x80488c1
7e 29                         jle 0x80488f5
7e 52                         jle 0x804894d
eb 28                         jmp 0x8048975
0f 8c 1e ff ff ff             jl 0x80488a3
int
83 45 f8 01                   addl  $0x1, -0x8(%ebp)
8b 45 f8                      movl  -0x8(%ebp), %eax
3b 45 f8                      cmpl  -0x8(%ebp), %eax
7e 29                         jle 0x80488f5
7e 52                         jle 0x804894d
8b 45 f8                      movl  -0x8(%ebp), %eax
8b 45 f8                      movl  -0x8(%ebp), %eax
eb 28                         jmp 0x8048975
83 45 f8 01                   addl  $0x1, -0x8(%ebp)
8b 45 f8                      movl  -0x8(%ebp), %eax
0f 8c 1e ff ff ff             jl 0x80488a3
int
3b 45 f8                      cmpl  -0x8(%ebp), %eax
7e 29                         jle 0x80488f5
7e 52                         jle 0x804894d
eb 28                         jmp 0x8048975
0f 8c 1e ff ff ff             jl 0x80488a3
int
8b 45 fc                      movl  -0x4(%ebp), %eax
8d 50 01                      leal  0x1(%eax), %edx
89 55 fc                      movl  %edx, -0x4(%ebp)
01 c2                         add %eax, %edx
8b 45 fc                      movl  -0x4(%ebp), %eax
8d 50 01                      leal  0x1(%eax), %edx
89 55 fc                      movl  %edx, -0x4(%ebp)
01 c2                         add %eax, %edx
8b 45 fc                      movl  -0x4(%ebp), %eax
89 44 24 48                   movl  %eax, 0x48(%esp)
3b 44 24 48                   cmpl  0x48(%esp), %eax
7c d9                         jl 0x8048a0d
e8 fb 6f 00 00                calll  0x804fa20
e8 5a 8d ff ff                calll  0x8048780
8b 1c 24                      movl  (%esp), %ebx
c3                            retl  
81 c3 da 95 08 00             add $0x895da, %ebx
83 ec 08                      sub $0x8, %esp
8d 44 24 14                   leal  0x14(%esp), %eax
83 ec 04                      sub $0x4, %esp
int
8b 45 fc                      movl  -0x4(%ebp), %eax
8d 50 01                      leal  0x1(%eax), %edx
89 55 fc                      movl  %edx, -0x4(%ebp)
01 c2                         add %eax, %edx
8b 45 fc                      movl  -0x4(%ebp), %eax
89 44 24 48                   movl  %eax, 0x48(%esp)
3b 44 24 48                   cmpl  0x48(%esp), %eax
7c d9                         jl 0x8048a0d
e8 fb 6f 00 00                calll  0x804fa20
e8 5a 8d ff ff                calll  0x8048780
8b 1c 24                      movl  (%esp), %ebx
c3                            retl  
81 c3 da 95 08 00             add $0x895da, %ebx
83 ec 08                      sub $0x8, %esp
8d 44 24 14                   leal  0x14(%esp), %eax
83 ec 04                      sub $0x4, %esp
50                            pushl  %eax
e8 78 06 03 00                calll  0x80800c0
89 e5                         mov %esp, %ebp
53                            pushl  %ebx
int
8b 45 fc                      movl  -0x4(%ebp), %eax
89 44 24 48                   movl  %eax, 0x48(%esp)
3b 44 24 48                   cmpl  0x48(%esp), %eax
7c d9                         jl 0x8048a0d
e8 fb 6f 00 00                calll  0x804fa20
e8 5a 8d ff ff                calll  0x8048780
8b 1c 24                      movl  (%esp), %ebx
c3                            retl  
81 c3 da 95 08 00             add $0x895da, %ebx
83 ec 08                      sub $0x8, %esp
8d 44 24 14                   leal  0x14(%esp), %eax
83 ec 04                      sub $0x4, %esp
50                            pushl  %eax
e8 78 06 03 00                calll  0x80800c0
89 e5                         mov %esp, %ebp
53                            pushl  %ebx
e8 b5 86 fc ff                calll  0x8048780
8b 1c 24                      movl  (%esp), %ebx
c3                            retl  
81 c3 35 8f 05 00             add $0x58f35, %ebx
int
3b 44 24 48                   cmpl  0x48(%esp), %eax
7c d9                         jl 0x8048a0d
e8 fb 6f 00 00                calll  0x804fa20
e8 5a 8d ff ff                calll  0x8048780
8b 1c 24                      movl  (%esp), %ebx
c3                            retl  
81 c3 da 95 08 00             add $0x895da, %ebx
83 ec 08                      sub $0x8, %esp
8d 44 24 14                   leal  0x14(%esp), %eax
83 ec 04                      sub $0x4, %esp
50                            pushl  %eax
e8 78 06 03 00                calll  0x80800c0
89 e5                         mov %esp, %ebp
53                            pushl  %ebx
e8 b5 86 fc ff                calll  0x8048780
8b 1c 24                      movl  (%esp), %ebx
c3                            retl  
81 c3 35 8f 05 00             add $0x58f35, %ebx
81 ec ec 04 00 00             sub $0x4ec, %esp
8b 45 10                      movl  0x10(%ebp), %eax
int
8b 44 84 1c                   movl  0x1c(%esp,%eax,4), %eax
89 44 24 04                   movl  %eax, 0x4(%esp)
8b 00                         movl  (%eax), %eax
99                            cdq 
89 c6                         mov %eax, %esi
31 d0                         xor %edx, %eax
c1 ee 1f                      shr $0x1f, %esi
29 d0                         sub %edx, %eax
89 b5 5c fb ff ff             movl  %esi, -0x4a4(%ebp)
89 85 20 fb ff ff             movl  %eax, -0x4e0(%ebp)
50                            pushl  %eax
8b 4c 24 10                   movl  0x10(%esp), %ecx
89 c8                         mov %ecx, %eax
01 c0                         add %eax, %eax
29 c1                         sub %eax, %ecx
8b b5 20 fb ff ff             movl  -0x4e0(%ebp), %esi
85 f6                         test %esi, %esi
0f 84 42 0d 00 00             jz 0x8081688
75 1f                         jnz 0x8080978
0f 85 0c 0d 00 00             jnz 0x80816aa
int
83 44 24 4c 01                addl  $0x1, 0x4c(%esp)
8b 44 24 4c                   movl  0x4c(%esp), %eax
8b 44 24 4c                   movl  0x4c(%esp), %eax
83 44 24 4c 01                addl  $0x1, 0x4c(%esp)
8b 44 24 4c                   movl  0x4c(%esp), %eax
8b 44 24 4c                   movl  0x4c(%esp), %eax
83 44 24 4c 01                addl  $0x1, 0x4c(%esp)
8b 44 24 4c                   movl  0x4c(%esp), %eax
8b 44 24 4c                   movl  0x4c(%esp), %eax
83 44 24 4c 01                addl  $0x1, 0x4c(%esp)
8b 44 24 4c                   movl  0x4c(%esp), %eax
8b 44 24 4c                   movl  0x4c(%esp), %eax
83 44 24 4c 01                addl  $0x1, 0x4c(%esp)
8b 44 24 4c                   movl  0x4c(%esp), %eax
8b 44 24 4c                   movl  0x4c(%esp), %eax
83 44 24 4c 01                addl  $0x1, 0x4c(%esp)
8b 44 24 4c                   movl  0x4c(%esp), %eax
8b 44 24 4c                   movl  0x4c(%esp), %eax
83 44 24 4c 01                addl  $0x1, 0x4c(%esp)
8b 44 24 4c                   movl  0x4c(%esp), %eax
int
3b 44 24 48                   cmpl  0x48(%esp), %eax
7c d9                         jl 0x8048a0d
e8 fb 6f 00 00                calll  0x804fa20
e8 5a 8d ff ff                calll  0x8048780
8b 1c 24                      movl  (%esp), %ebx
c3                            retl  
81 c3 da 95 08 00             add $0x895da, %ebx
83 ec 08                      sub $0x8, %esp
8d 44 24 14                   leal  0x14(%esp), %eax
83 ec 04                      sub $0x4, %esp
50                            pushl  %eax
e8 78 06 03 00                calll  0x80800c0
89 e5                         mov %esp, %ebp
53                            pushl  %ebx
e8 b5 86 fc ff                calll  0x8048780
8b 1c 24                      movl  (%esp), %ebx
c3                            retl  
81 c3 35 8f 05 00             add $0x58f35, %ebx
81 ec ec 04 00 00             sub $0x4ec, %esp
8b 45 10                      movl  0x10(%ebp), %eax
int
83 44 24 4c 01                addl  $0x1, 0x4c(%esp)
8b 44 24 4c                   movl  0x4c(%esp), %eax
8b 44 24 4c                   movl  0x4c(%esp), %eax
83 44 24 4c 01                addl  $0x1, 0x4c(%esp)
8b 44 24 4c                   movl  0x4c(%esp), %eax
8b 44 24 4c                   movl  0x4c(%esp), %eax
83 44 24 4c 01                addl  $0x1, 0x4c(%esp)
8b 44 24 4c                   movl  0x4c(%esp), %eax
8b 44 24 4c                   movl  0x4c(%esp), %eax
83 44 24 4c 01                addl  $0x1, 0x4c(%esp)
8b 44 24 4c                   movl  0x4c(%esp), %eax
8b 44 24 4c                   movl  0x4c(%esp), %eax
83 44 24 4c 01                addl  $0x1, 0x4c(%esp)
8b 44 24 4c                   movl  0x4c(%esp), %eax
8b 44 24 4c                   movl  0x4c(%esp), %eax
83 44 24 4c 01                addl  $0x1, 0x4c(%esp)
8b 44 24 4c                   movl  0x4c(%esp), %eax
8b 44 24 4c                   movl  0x4c(%esp), %eax
83 44 24 4c 01                addl  $0x1, 0x4c(%esp)
8b 44 24 4c                   movl  0x4c(%esp), %eax
int
3b 44 24 48                   cmpl  0x48(%esp), %eax
7c d9                         jl 0x8048a0d
e8 fb 6f 00 00                calll  0x804fa20
e8 5a 8d ff ff                calll  0x8048780
8b 1c 24                      movl  (%esp), %ebx
c3                            retl  
81 c3 da 95 08 00             add $0x895da, %ebx
83 ec 08                      sub $0x8, %esp
8d 44 24 14                   leal  0x14(%esp), %eax
83 ec 04                      sub $0x4, %esp
50                            pushl  %eax
e8 78 06 03 00                calll  0x80800c0
89 e5                         mov %esp, %ebp
53                            pushl  %ebx
e8 b5 86 fc ff                calll  0x8048780
8b 1c 24                      movl  (%esp), %ebx
c3                            retl  
81 c3 35 8f 05 00             add $0x58f35, %ebx
81 ec ec 04 00 00             sub $0x4ec, %esp
8b 45 10                      movl  0x10(%ebp), %eax
int
83 44 24 4c 01                addl  $0x1, 0x4c(%esp)
8b 44 24 4c                   movl  0x4c(%esp), %eax
8b 44 24 4c                   movl  0x4c(%esp), %eax
83 44 24 4c 01                addl  $0x1, 0x4c(%esp)
8b 44 24 4c                   movl  0x4c(%esp), %eax
8b 44 24 4c                   movl  0x4c(%esp), %eax
83 44 24 4c 01                addl  $0x1, 0x4c(%esp)
8b 44 24 4c                   movl  0x4c(%esp), %eax
8b 44 24 4c                   movl  0x4c(%esp), %eax
83 44 24 4c 01                addl  $0x1, 0x4c(%esp)
8b 44 24 4c                   movl  0x4c(%esp), %eax
8b 44 24 4c                   movl  0x4c(%esp), %eax
83 44 24 4c 01                addl  $0x1, 0x4c(%esp)
8b 44 24 4c                   movl  0x4c(%esp), %eax
8b 44 24 4c                   movl  0x4c(%esp), %eax
83 44 24 4c 01                addl  $0x1, 0x4c(%esp)
8b 44 24 4c                   movl  0x4c(%esp), %eax
8b 44 24 4c                   movl  0x4c(%esp), %eax
83 44 24 4c 01                addl  $0x1, 0x4c(%esp)
8b 44 24 4c                   movl  0x4c(%esp), %eax
int
3b 44 24 48                   cmpl  0x48(%esp), %eax
7c d9                         jl 0x8048a0d
e8 fb 6f 00 00                calll  0x804fa20
e8 5a 8d ff ff                calll  0x8048780
8b 1c 24                      movl  (%esp), %ebx
c3                            retl  
81 c3 da 95 08 00             add $0x895da, %ebx
83 ec 08                      sub $0x8, %esp
8d 44 24 14                   leal  0x14(%esp), %eax
83 ec 04                      sub $0x4, %esp
50                            pushl  %eax
e8 78 06 03 00                calll  0x80800c0
89 e5                         mov %esp, %ebp
53                            pushl  %ebx
e8 b5 86 fc ff                calll  0x8048780
8b 1c 24                      movl  (%esp), %ebx
c3                            retl  
81 c3 35 8f 05 00             add $0x58f35, %ebx
81 ec ec 04 00 00             sub $0x4ec, %esp
8b 45 10                      movl  0x10(%ebp), %eax
int
83 44 24 4c 01                addl  $0x1, 0x4c(%esp)
8b 44 24 4c                   movl  0x4c(%esp), %eax
8b 44 24 4c                   movl  0x4c(%esp), %eax
83 44 24 4c 01                addl  $0x1, 0x4c(%esp)
8b 44 24 4c                   movl  0x4c(%esp), %eax
8b 44 24 4c                   movl  0x4c(%esp), %eax
83 44 24 4c 01                addl  $0x1, 0x4c(%esp)
8b 44 24 4c                   movl  0x4c(%esp), %eax
8b 44 24 4c                   movl  0x4c(%esp), %eax
83 44 24 4c 01                addl  $0x1, 0x4c(%esp)
8b 44 24 4c                   movl  0x4c(%esp), %eax
8b 44 24 4c                   movl  0x4c(%esp), %eax
83 44 24 4c 01                addl  $0x1, 0x4c(%esp)
8b 44 24 4c                   movl  0x4c(%esp), %eax
8b 44 24 4c                   movl  0x4c(%esp), %eax
83 44 24 4c 01                addl  $0x1, 0x4c(%esp)
8b 44 24 4c                   movl  0x4c(%esp), %eax
int
3b 44 24 48                   cmpl  0x48(%esp), %eax
7c d9                         jl 0x8048a0d
e8 fb 6f 00 00                calll  0x804fa20
e8 5a 8d ff ff                calll  0x8048780
8b 1c 24                      movl  (%esp), %ebx
c3                            retl  
81 c3 da 95 08 00             add $0x895da, %ebx
83 ec 08                      sub $0x8, %esp
8d 44 24 14                   leal  0x14(%esp), %eax
83 ec 04                      sub $0x4, %esp
50                            pushl  %eax
e8 78 06 03 00                calll  0x80800c0
89 e5                         mov %esp, %ebp
53                            pushl  %ebx
e8 b5 86 fc ff                calll  0x8048780
8b 1c 24                      movl  (%esp), %ebx
c3                            retl  
81 c3 35 8f 05 00             add $0x58f35, %ebx
81 ec ec 04 00 00             sub $0x4ec, %esp
8b 45 10                      movl  0x10(%ebp), %eax
int
83 44 24 4c 01                addl  $0x1, 0x4c(%esp)
8b 44 24 4c                   movl  0x4c(%esp), %eax
8b 44 24 4c                   movl  0x4c(%esp), %eax
83 44 24 4c 01                addl  $0x1, 0x4c(%esp)
8b 44 24 4c                   movl  0x4c(%esp), %eax
8b 44 24 4c                   movl  0x4c(%esp), %eax
83 44 24 4c 01                addl  $0x1, 0x4c(%esp)
8b 44 24 4c                   movl  0x4c(%esp), %eax
8b 44 24 4c                   movl  0x4c(%esp), %eax
83 44 24 4c 01                addl  $0x1, 0x4c(%esp)
8b 44 24 4c                   movl  0x4c(%esp), %eax
8b 44 24 4c                   movl  0x4c(%esp), %eax
83 44 24 4c 01                addl  $0x1, 0x4c(%esp)
8b 44 24 4c                   movl  0x4c(%esp), %eax
int
3b 44 24 48                   cmpl  0x48(%esp), %eax
7c d9                         jl 0x8048a0d
e8 fb 6f 00 00                calll  0x804fa20
e8 5a 8d ff ff                calll  0x8048780
8b 1c 24                      movl  (%esp), %ebx
c3                            retl  
81 c3 da 95 08 00             add $0x895da, %ebx
83 ec 08                      sub $0x8, %esp
8d 44 24 14                   leal  0x14(%esp), %eax
83 ec 04                      sub $0x4, %esp
50                            pushl  %eax
e8 78 06 03 00                calll  0x80800c0
89 e5                         mov %esp, %ebp
53                            pushl  %ebx
e8 b5 86 fc ff                calll  0x8048780
8b 1c 24                      movl  (%esp), %ebx
c3                            retl  
81 c3 35 8f 05 00             add $0x58f35, %ebx
81 ec ec 04 00 00             sub $0x4ec, %esp
8b 45 10                      movl  0x10(%ebp), %eax
int
83 44 24 4c 01                addl  $0x1, 0x4c(%esp)
8b 44 24 4c                   movl  0x4c(%esp), %eax
8b 44 24 4c                   movl  0x4c(%esp), %eax
83 44 24 4c 01                addl  $0x1, 0x4c(%esp)
8b 44 24 4c                   movl  0x4c(%esp), %eax
8b 44 24 4c                   movl  0x4c(%esp), %eax
83 44 24 4c 01                addl  $0x1, 0x4c(%esp)
8b 44 24 4c                   movl  0x4c(%esp), %eax
8b 44 24 4c                   movl  0x4c(%esp), %eax
83 44 24 4c 01                addl  $0x1, 0x4c(%esp)
8b 44 24 4c                   movl  0x4c(%esp), %eax
int
3b 44 24 48                   cmpl  0x48(%esp), %eax
7c d9                         jl 0x8048a0d
e8 fb 6f 00 00                calll  0x804fa20
e8 5a 8d ff ff                calll  0x8048780
8b 1c 24                      movl  (%esp), %ebx
c3                            retl  
81 c3 da 95 08 00             add $0x895da, %ebx
83 ec 08                      sub $0x8, %esp
8d 44 24 14                   leal  0x14(%esp), %eax
83 ec 04                      sub $0x4, %esp
50                            pushl  %eax
e8 78 06 03 00                calll  0x80800c0
89 e5                         mov %esp, %ebp
53                            pushl  %ebx
e8 b5 86 fc ff                calll  0x8048780
8b 1c 24                      movl  (%esp), %ebx
c3                            retl  
81 c3 35 8f 05 00             add $0x58f35, %ebx
81 ec ec 04 00 00             sub $0x4ec, %esp
8b 45 10                      movl  0x10(%ebp), %eax
int
83 44 24 4c 01                addl  $0x1, 0x4c(%esp)
8b 44 24 4c                   movl  0x4c(%esp), %eax
8b 44 24 4c                   movl  0x4c(%esp), %eax
83 44 24 4c 01                addl  $0x1, 0x4c(%esp)
8b 44 24 4c                   movl  0x4c(%esp), %eax
8b 44 24 4c                   movl  0x4c(%esp), %eax
83 44 24 4c 01                addl  $0x1, 0x4c(%esp)
8b 44 24 4c                   movl  0x4c(%esp), %eax
int
3b 44 24 48                   cmpl  0x48(%esp), %eax
7c d9                         jl 0x8048a0d
e8 fb 6f 00 00                calll  0x804fa20
e8 5a 8d ff ff                calll  0x8048780
8b 1c 24                      movl  (%esp), %ebx
c3                            retl  
81 c3 da 95 08 00             add $0x895da, %ebx
83 ec 08                      sub $0x8, %esp
8d 44 24 14                   leal  0x14(%esp), %eax
83 ec 04                      sub $0x4, %esp
50                            pushl  %eax
e8 78 06 03 00                calll  0x80800c0
89 e5                         mov %esp, %ebp
53                            pushl  %ebx
e8 b5 86 fc ff                calll  0x8048780
8b 1c 24                      movl  (%esp), %ebx
c3                            retl  
81 c3 35 8f 05 00             add $0x58f35, %ebx
81 ec ec 04 00 00             sub $0x4ec, %esp
8b 45 10                      movl  0x10(%ebp), %eax
int
83 44 24 4c 01                addl  $0x1, 0x4c(%esp)
8b 44 24 4c                   movl  0x4c(%esp), %eax
8b 44 24 4c                   movl  0x4c(%esp), %eax
83 44 24 4c 01                addl  $0x1, 0x4c(%esp)
8b 44 24 4c                   movl  0x4c(%esp), %eax
int
3b 44 24 48                   cmpl  0x48(%esp), %eax
7c d9                         jl 0x8048a0d
e8 fb 6f 00 00                calll  0x804fa20
e8 5a 8d ff ff                calll  0x8048780
8b 1c 24                      movl  (%esp), %ebx
c3                            retl  
81 c3 da 95 08 00             add $0x895da, %ebx
83 ec 08                      sub $0x8, %esp
8d 44 24 14                   leal  0x14(%esp), %eax
83 ec 04                      sub $0x4, %esp
50                            pushl  %eax
e8 78 06 03 00                calll  0x80800c0
89 e5                         mov %esp, %ebp
53                            pushl  %ebx
e8 b5 86 fc ff                calll  0x8048780
8b 1c 24                      movl  (%esp), %ebx
c3                            retl  
81 c3 35 8f 05 00             add $0x58f35, %ebx
81 ec ec 04 00 00             sub $0x4ec, %esp
8b 45 10                      movl  0x10(%ebp), %eax
int
3b 44 24 48                   cmpl  0x48(%esp), %eax
7c d9                         jl 0x8048a0d
e8 10 78 00 00                calll  0x8050250
e8 a9 cc ff ff                calll  0x804cf03
8b 3c 24                      movl  (%esp), %edi
c3                            retl  
81 c7 a6 8d 08 00             add $0x88da6, %edi
83 ec 1c                      sub $0x1c, %esp
75 3d                         jnz 0x80502b8
74 28                         jz 0x80502b4
74 01                         jz 0x805029c
74 07                         jz 0x80502a8
73 4c                         jnb 0x8050310
75 27                         jnz 0x80502ff
75 1e                         jnz 0x80502ff
74 01                         jz 0x80502f3
74 07                         jz 0x80502ff
c3                            retl  
c3                            retl  
83 c4 10                      add $0x10, %esp
