int
3b 45 f8                      cmpl  -0x8(%ebp), %eax
0f 8e ec fe ff ff             jle 0x804888f
75 0a                         jnz 0x80488c3
7d 42                         jnl 0x804892b
7e 42                         jle 0x8048993
0f 8e ec fe ff ff             jle 0x804888f
75 0a                         jnz 0x80488c3
7d 42                         jnl 0x804892b
7e 42                         jle 0x8048993
7d 21                         jnl 0x8048988
7c 0b                         jl 0x8048988
eb 04                         jmp 0x8048997
0f 8e ec fe ff ff             jle 0x804888f
75 0a                         jnz 0x80488c3
e9 e5 00 00 00                jmp 0x80489a8
int
8b 45 f8                      movl  -0x8(%ebp), %eax
01 d0                         add %edx, %eax
89 c2                         mov %eax, %edx
c1 ea 1f                      shr $0x1f, %edx
01 d0                         add %edx, %eax
d1 f8                         sar $0x1, %eax
89 45 f4                      movl  %eax, -0xc(%ebp)
8b 45 f4                      movl  -0xc(%ebp), %eax
01 d0                         add %edx, %eax
01 d0                         add %edx, %eax
8b 45 f4                      movl  -0xc(%ebp), %eax
8b 45 f4                      movl  -0xc(%ebp), %eax
int
8b 55 fc                      movl  -0x4(%ebp), %edx
01 d0                         add %edx, %eax
89 c2                         mov %eax, %edx
c1 ea 1f                      shr $0x1f, %edx
01 d0                         add %edx, %eax
d1 f8                         sar $0x1, %eax
89 45 f4                      movl  %eax, -0xc(%ebp)
8b 45 f4                      movl  -0xc(%ebp), %eax
01 d0                         add %edx, %eax
01 d0                         add %edx, %eax
8b 45 f4                      movl  -0xc(%ebp), %eax
8b 45 f4                      movl  -0xc(%ebp), %eax
int
83 45 fc 01                   addl  $0x1, -0x4(%ebp)
8b 45 fc                      movl  -0x4(%ebp), %eax
8b 55 fc                      movl  -0x4(%ebp), %edx
01 d0                         add %edx, %eax
89 c2                         mov %eax, %edx
c1 ea 1f                      shr $0x1f, %edx
01 d0                         add %edx, %eax
d1 f8                         sar $0x1, %eax
89 45 f4                      movl  %eax, -0xc(%ebp)
8b 45 f4                      movl  -0xc(%ebp), %eax
01 d0                         add %edx, %eax
8b 45 fc                      movl  -0x4(%ebp), %eax
01 d0                         add %edx, %eax
8b 45 f4                      movl  -0xc(%ebp), %eax
8b 45 fc                      movl  -0x4(%ebp), %eax
8b 45 f4                      movl  -0xc(%ebp), %eax
8b 45 f4                      movl  -0xc(%ebp), %eax
8b 45 f4                      movl  -0xc(%ebp), %eax
83 e8 01                      sub $0x1, %eax
89 45 f8                      movl  %eax, -0x8(%ebp)
int
3b 45 f8                      cmpl  -0x8(%ebp), %eax
0f 8e ec fe ff ff             jle 0x804888f
75 0a                         jnz 0x80488c3
7d 42                         jnl 0x804892b
7e 42                         jle 0x8048993
7d 21                         jnl 0x8048988
7c 0b                         jl 0x8048988
eb 04                         jmp 0x8048997
0f 8e ec fe ff ff             jle 0x804888f
75 0a                         jnz 0x80488c3
e9 e5 00 00 00                jmp 0x80489a8
int
8b 45 f8                      movl  -0x8(%ebp), %eax
01 d0                         add %edx, %eax
89 c2                         mov %eax, %edx
c1 ea 1f                      shr $0x1f, %edx
01 d0                         add %edx, %eax
d1 f8                         sar $0x1, %eax
89 45 f4                      movl  %eax, -0xc(%ebp)
8b 45 f4                      movl  -0xc(%ebp), %eax
01 d0                         add %edx, %eax
01 d0                         add %edx, %eax
8b 45 f4                      movl  -0xc(%ebp), %eax
8b 45 f4                      movl  -0xc(%ebp), %eax
8b 45 f4                      movl  -0xc(%ebp), %eax
8b 45 f4                      movl  -0xc(%ebp), %eax
83 e8 01                      sub $0x1, %eax
89 45 f8                      movl  %eax, -0x8(%ebp)
3b 45 f8                      cmpl  -0x8(%ebp), %eax
0f 8e ec fe ff ff             jle 0x804888f
8b 45 f8                      movl  -0x8(%ebp), %eax
01 d0                         add %edx, %eax
int
8b 55 fc                      movl  -0x4(%ebp), %edx
01 d0                         add %edx, %eax
89 c2                         mov %eax, %edx
c1 ea 1f                      shr $0x1f, %edx
01 d0                         add %edx, %eax
d1 f8                         sar $0x1, %eax
89 45 f4                      movl  %eax, -0xc(%ebp)
8b 45 f4                      movl  -0xc(%ebp), %eax
01 d0                         add %edx, %eax
01 d0                         add %edx, %eax
8b 45 f4                      movl  -0xc(%ebp), %eax
8b 45 f4                      movl  -0xc(%ebp), %eax
8b 45 f4                      movl  -0xc(%ebp), %eax
8b 45 f4                      movl  -0xc(%ebp), %eax
83 e8 01                      sub $0x1, %eax
89 45 f8                      movl  %eax, -0x8(%ebp)
3b 45 f8                      cmpl  -0x8(%ebp), %eax
0f 8e ec fe ff ff             jle 0x804888f
8b 45 f8                      movl  -0x8(%ebp), %eax
01 d0                         add %edx, %eax
int
8b 45 f4                      movl  -0xc(%ebp), %eax
83 e8 01                      sub $0x1, %eax
89 45 f8                      movl  %eax, -0x8(%ebp)
3b 45 f8                      cmpl  -0x8(%ebp), %eax
0f 8e ec fe ff ff             jle 0x804888f
8b 45 f8                      movl  -0x8(%ebp), %eax
01 d0                         add %edx, %eax
89 c2                         mov %eax, %edx
c1 ea 1f                      shr $0x1f, %edx
01 d0                         add %edx, %eax
d1 f8                         sar $0x1, %eax
89 45 f4                      movl  %eax, -0xc(%ebp)
8b 45 f4                      movl  -0xc(%ebp), %eax
01 d0                         add %edx, %eax
75 0a                         jnz 0x80488c3
e9 e5 00 00 00                jmp 0x80489a8
int
3b 45 f8                      cmpl  -0x8(%ebp), %eax
0f 8e ec fe ff ff             jle 0x804888f
75 0a                         jnz 0x80488c3
e9 e5 00 00 00                jmp 0x80489a8
int
8b 45 f8                      movl  -0x8(%ebp), %eax
01 d0                         add %edx, %eax
89 c2                         mov %eax, %edx
c1 ea 1f                      shr $0x1f, %edx
01 d0                         add %edx, %eax
d1 f8                         sar $0x1, %eax
89 45 f4                      movl  %eax, -0xc(%ebp)
8b 45 f4                      movl  -0xc(%ebp), %eax
01 d0                         add %edx, %eax
int
8b 55 fc                      movl  -0x4(%ebp), %edx
01 d0                         add %edx, %eax
89 c2                         mov %eax, %edx
c1 ea 1f                      shr $0x1f, %edx
01 d0                         add %edx, %eax
d1 f8                         sar $0x1, %eax
89 45 f4                      movl  %eax, -0xc(%ebp)
8b 45 f4                      movl  -0xc(%ebp), %eax
01 d0                         add %edx, %eax
