int
8b 44 24 1c                   movl  0x1c(%esp), %eax
89 04 24                      movl  %eax, (%esp)
83 7d 08 00                   cmpl  $0x0, 0x8(%ebp)
79 0a                         jns 0x804888a
8b 45 08                      movl  0x8(%ebp), %eax
89 45 fc                      movl  %eax, -0x4(%ebp)
eb 2a                         jmp 0x80488c3
83 7d fc 09                   cmpl  $0x9, -0x4(%ebp)
7f d0                         jnle 0x8048899
8b 4d fc                      movl  -0x4(%ebp), %ecx
89 c8                         mov %ecx, %eax
89 c8                         mov %ecx, %eax
c1 f8 1f                      sar $0x1f, %eax
29 c2                         sub %eax, %edx
89 d0                         mov %edx, %eax
89 45 fc                      movl  %eax, -0x4(%ebp)
83 7d fc 09                   cmpl  $0x9, -0x4(%ebp)
7f d0                         jnle 0x8048899
8b 4d fc                      movl  -0x4(%ebp), %ecx
89 c8                         mov %ecx, %eax
int
83 7d fc 09                   cmpl  $0x9, -0x4(%ebp)
7f d0                         jnle 0x8048899
7f d0                         jnle 0x8048899
7f d0                         jnle 0x8048899
7f d0                         jnle 0x8048899
7f d0                         jnle 0x8048899
7f d0                         jnle 0x8048899
7f d0                         jnle 0x8048899
eb 7b                         jmp 0x8048946
0f 85 7b ff ff ff             jnz 0x80488cb
74 07                         jz 0x804890a
0f 85 7b ff ff ff             jnz 0x80488cb
74 07                         jz 0x804890a
0f 85 7b ff ff ff             jnz 0x80488cb
74 07                         jz 0x804890a
0f 85 7b ff ff ff             jnz 0x80488cb
74 07                         jz 0x804890a
0f 85 7b ff ff ff             jnz 0x80488cb
int
8b 55 f8                      movl  -0x8(%ebp), %edx
89 d0                         mov %edx, %eax
c1 e0 02                      shl $0x2, %eax
01 d0                         add %edx, %eax
01 c0                         add %eax, %eax
89 45 f8                      movl  %eax, -0x8(%ebp)
c1 fa 02                      sar $0x2, %edx
29 c2                         sub %eax, %edx
89 d0                         mov %edx, %eax
89 45 fc                      movl  %eax, -0x4(%ebp)
83 7d fc 09                   cmpl  $0x9, -0x4(%ebp)
7f d0                         jnle 0x8048899
8b 55 f8                      movl  -0x8(%ebp), %edx
89 d0                         mov %edx, %eax
c1 e0 02                      shl $0x2, %eax
01 d0                         add %edx, %eax
01 c0                         add %eax, %eax
89 45 f8                      movl  %eax, -0x8(%ebp)
8b 4d fc                      movl  -0x4(%ebp), %ecx
89 c8                         mov %ecx, %eax
int
8b 4d fc                      movl  -0x4(%ebp), %ecx
89 c8                         mov %ecx, %eax
89 c8                         mov %ecx, %eax
c1 f8 1f                      sar $0x1f, %eax
29 c2                         sub %eax, %edx
89 d0                         mov %edx, %eax
89 45 fc                      movl  %eax, -0x4(%ebp)
83 7d fc 09                   cmpl  $0x9, -0x4(%ebp)
7f d0                         jnle 0x8048899
8b 4d fc                      movl  -0x4(%ebp), %ecx
89 c8                         mov %ecx, %eax
89 c8                         mov %ecx, %eax
c1 f8 1f                      sar $0x1f, %eax
29 c2                         sub %eax, %edx
89 d0                         mov %edx, %eax
89 45 fc                      movl  %eax, -0x4(%ebp)
83 7d fc 09                   cmpl  $0x9, -0x4(%ebp)
7f d0                         jnle 0x8048899
8b 4d fc                      movl  -0x4(%ebp), %ecx
89 c8                         mov %ecx, %eax
int
83 7d fc 09                   cmpl  $0x9, -0x4(%ebp)
7f d0                         jnle 0x8048899
7f d0                         jnle 0x8048899
7f d0                         jnle 0x8048899
7f d0                         jnle 0x8048899
7f d0                         jnle 0x8048899
7f d0                         jnle 0x8048899
eb 7b                         jmp 0x8048946
0f 85 7b ff ff ff             jnz 0x80488cb
74 07                         jz 0x804890a
0f 85 7b ff ff ff             jnz 0x80488cb
74 07                         jz 0x804890a
0f 85 7b ff ff ff             jnz 0x80488cb
74 07                         jz 0x804890a
0f 85 7b ff ff ff             jnz 0x80488cb
74 07                         jz 0x804890a
0f 85 7b ff ff ff             jnz 0x80488cb
int
8b 55 f8                      movl  -0x8(%ebp), %edx
89 d0                         mov %edx, %eax
c1 e0 02                      shl $0x2, %eax
01 d0                         add %edx, %eax
01 c0                         add %eax, %eax
89 45 f8                      movl  %eax, -0x8(%ebp)
c1 fa 02                      sar $0x2, %edx
29 c2                         sub %eax, %edx
89 d0                         mov %edx, %eax
89 45 fc                      movl  %eax, -0x4(%ebp)
83 7d fc 09                   cmpl  $0x9, -0x4(%ebp)
7f d0                         jnle 0x8048899
8b 55 f8                      movl  -0x8(%ebp), %edx
89 d0                         mov %edx, %eax
c1 e0 02                      shl $0x2, %eax
01 d0                         add %edx, %eax
01 c0                         add %eax, %eax
89 45 f8                      movl  %eax, -0x8(%ebp)
8b 4d fc                      movl  -0x4(%ebp), %ecx
89 c8                         mov %ecx, %eax
int
8b 4d fc                      movl  -0x4(%ebp), %ecx
89 c8                         mov %ecx, %eax
89 c8                         mov %ecx, %eax
c1 f8 1f                      sar $0x1f, %eax
29 c2                         sub %eax, %edx
89 d0                         mov %edx, %eax
89 45 fc                      movl  %eax, -0x4(%ebp)
83 7d fc 09                   cmpl  $0x9, -0x4(%ebp)
7f d0                         jnle 0x8048899
8b 4d fc                      movl  -0x4(%ebp), %ecx
89 c8                         mov %ecx, %eax
89 c8                         mov %ecx, %eax
c1 f8 1f                      sar $0x1f, %eax
29 c2                         sub %eax, %edx
89 d0                         mov %edx, %eax
89 45 fc                      movl  %eax, -0x4(%ebp)
83 7d fc 09                   cmpl  $0x9, -0x4(%ebp)
7f d0                         jnle 0x8048899
8b 4d fc                      movl  -0x4(%ebp), %ecx
89 c8                         mov %ecx, %eax
int
83 7d fc 09                   cmpl  $0x9, -0x4(%ebp)
7f d0                         jnle 0x8048899
7f d0                         jnle 0x8048899
7f d0                         jnle 0x8048899
7f d0                         jnle 0x8048899
7f d0                         jnle 0x8048899
eb 7b                         jmp 0x8048946
0f 85 7b ff ff ff             jnz 0x80488cb
74 07                         jz 0x804890a
0f 85 7b ff ff ff             jnz 0x80488cb
74 07                         jz 0x804890a
0f 85 7b ff ff ff             jnz 0x80488cb
74 07                         jz 0x804890a
0f 85 7b ff ff ff             jnz 0x80488cb
74 07                         jz 0x804890a
0f 85 7b ff ff ff             jnz 0x80488cb
int
8b 55 f8                      movl  -0x8(%ebp), %edx
89 d0                         mov %edx, %eax
c1 e0 02                      shl $0x2, %eax
01 d0                         add %edx, %eax
01 c0                         add %eax, %eax
89 45 f8                      movl  %eax, -0x8(%ebp)
c1 fa 02                      sar $0x2, %edx
29 c2                         sub %eax, %edx
89 d0                         mov %edx, %eax
89 45 fc                      movl  %eax, -0x4(%ebp)
83 7d fc 09                   cmpl  $0x9, -0x4(%ebp)
7f d0                         jnle 0x8048899
8b 55 f8                      movl  -0x8(%ebp), %edx
89 d0                         mov %edx, %eax
c1 e0 02                      shl $0x2, %eax
01 d0                         add %edx, %eax
01 c0                         add %eax, %eax
89 45 f8                      movl  %eax, -0x8(%ebp)
8b 4d fc                      movl  -0x4(%ebp), %ecx
89 c8                         mov %ecx, %eax
int
8b 4d fc                      movl  -0x4(%ebp), %ecx
89 c8                         mov %ecx, %eax
89 c8                         mov %ecx, %eax
c1 f8 1f                      sar $0x1f, %eax
29 c2                         sub %eax, %edx
89 d0                         mov %edx, %eax
89 45 fc                      movl  %eax, -0x4(%ebp)
83 7d fc 09                   cmpl  $0x9, -0x4(%ebp)
7f d0                         jnle 0x8048899
8b 4d fc                      movl  -0x4(%ebp), %ecx
89 c8                         mov %ecx, %eax
89 c8                         mov %ecx, %eax
c1 f8 1f                      sar $0x1f, %eax
29 c2                         sub %eax, %edx
89 d0                         mov %edx, %eax
89 45 fc                      movl  %eax, -0x4(%ebp)
83 7d fc 09                   cmpl  $0x9, -0x4(%ebp)
7f d0                         jnle 0x8048899
8b 4d fc                      movl  -0x4(%ebp), %ecx
89 c8                         mov %ecx, %eax
int
83 7d fc 09                   cmpl  $0x9, -0x4(%ebp)
7f d0                         jnle 0x8048899
7f d0                         jnle 0x8048899
7f d0                         jnle 0x8048899
7f d0                         jnle 0x8048899
eb 7b                         jmp 0x8048946
0f 85 7b ff ff ff             jnz 0x80488cb
74 07                         jz 0x804890a
0f 85 7b ff ff ff             jnz 0x80488cb
74 07                         jz 0x804890a
0f 85 7b ff ff ff             jnz 0x80488cb
74 07                         jz 0x804890a
0f 85 7b ff ff ff             jnz 0x80488cb
74 07                         jz 0x804890a
0f 85 7b ff ff ff             jnz 0x80488cb
int
8b 55 f8                      movl  -0x8(%ebp), %edx
89 d0                         mov %edx, %eax
c1 e0 02                      shl $0x2, %eax
01 d0                         add %edx, %eax
01 c0                         add %eax, %eax
89 45 f8                      movl  %eax, -0x8(%ebp)
c1 fa 02                      sar $0x2, %edx
29 c2                         sub %eax, %edx
89 d0                         mov %edx, %eax
89 45 fc                      movl  %eax, -0x4(%ebp)
83 7d fc 09                   cmpl  $0x9, -0x4(%ebp)
7f d0                         jnle 0x8048899
8b 55 f8                      movl  -0x8(%ebp), %edx
89 d0                         mov %edx, %eax
c1 e0 02                      shl $0x2, %eax
01 d0                         add %edx, %eax
01 c0                         add %eax, %eax
89 45 f8                      movl  %eax, -0x8(%ebp)
8b 4d fc                      movl  -0x4(%ebp), %ecx
89 c8                         mov %ecx, %eax
int
8b 4d fc                      movl  -0x4(%ebp), %ecx
89 c8                         mov %ecx, %eax
89 c8                         mov %ecx, %eax
c1 f8 1f                      sar $0x1f, %eax
29 c2                         sub %eax, %edx
89 d0                         mov %edx, %eax
89 45 fc                      movl  %eax, -0x4(%ebp)
83 7d fc 09                   cmpl  $0x9, -0x4(%ebp)
7f d0                         jnle 0x8048899
8b 4d fc                      movl  -0x4(%ebp), %ecx
89 c8                         mov %ecx, %eax
89 c8                         mov %ecx, %eax
c1 f8 1f                      sar $0x1f, %eax
29 c2                         sub %eax, %edx
89 d0                         mov %edx, %eax
89 45 fc                      movl  %eax, -0x4(%ebp)
83 7d fc 09                   cmpl  $0x9, -0x4(%ebp)
7f d0                         jnle 0x8048899
8b 4d fc                      movl  -0x4(%ebp), %ecx
89 c8                         mov %ecx, %eax
int
83 7d fc 09                   cmpl  $0x9, -0x4(%ebp)
7f d0                         jnle 0x8048899
7f d0                         jnle 0x8048899
7f d0                         jnle 0x8048899
eb 7b                         jmp 0x8048946
0f 85 7b ff ff ff             jnz 0x80488cb
74 07                         jz 0x804890a
0f 85 7b ff ff ff             jnz 0x80488cb
74 07                         jz 0x804890a
0f 85 7b ff ff ff             jnz 0x80488cb
74 07                         jz 0x804890a
0f 85 7b ff ff ff             jnz 0x80488cb
74 07                         jz 0x804890a
0f 85 7b ff ff ff             jnz 0x80488cb
int
8b 55 f8                      movl  -0x8(%ebp), %edx
89 d0                         mov %edx, %eax
c1 e0 02                      shl $0x2, %eax
01 d0                         add %edx, %eax
01 c0                         add %eax, %eax
89 45 f8                      movl  %eax, -0x8(%ebp)
c1 fa 02                      sar $0x2, %edx
29 c2                         sub %eax, %edx
89 d0                         mov %edx, %eax
89 45 fc                      movl  %eax, -0x4(%ebp)
83 7d fc 09                   cmpl  $0x9, -0x4(%ebp)
7f d0                         jnle 0x8048899
8b 55 f8                      movl  -0x8(%ebp), %edx
89 d0                         mov %edx, %eax
c1 e0 02                      shl $0x2, %eax
01 d0                         add %edx, %eax
01 c0                         add %eax, %eax
89 45 f8                      movl  %eax, -0x8(%ebp)
8b 4d fc                      movl  -0x4(%ebp), %ecx
89 c8                         mov %ecx, %eax
int
8b 4d fc                      movl  -0x4(%ebp), %ecx
89 c8                         mov %ecx, %eax
89 c8                         mov %ecx, %eax
c1 f8 1f                      sar $0x1f, %eax
29 c2                         sub %eax, %edx
89 d0                         mov %edx, %eax
89 45 fc                      movl  %eax, -0x4(%ebp)
83 7d fc 09                   cmpl  $0x9, -0x4(%ebp)
7f d0                         jnle 0x8048899
8b 4d fc                      movl  -0x4(%ebp), %ecx
89 c8                         mov %ecx, %eax
89 c8                         mov %ecx, %eax
c1 f8 1f                      sar $0x1f, %eax
29 c2                         sub %eax, %edx
89 d0                         mov %edx, %eax
89 45 fc                      movl  %eax, -0x4(%ebp)
83 7d fc 09                   cmpl  $0x9, -0x4(%ebp)
7f d0                         jnle 0x8048899
eb 7b                         jmp 0x8048946
0f 85 7b ff ff ff             jnz 0x80488cb
int
83 7d fc 09                   cmpl  $0x9, -0x4(%ebp)
7f d0                         jnle 0x8048899
7f d0                         jnle 0x8048899
eb 7b                         jmp 0x8048946
0f 85 7b ff ff ff             jnz 0x80488cb
74 07                         jz 0x804890a
0f 85 7b ff ff ff             jnz 0x80488cb
74 07                         jz 0x804890a
0f 85 7b ff ff ff             jnz 0x80488cb
74 07                         jz 0x804890a
0f 85 7b ff ff ff             jnz 0x80488cb
74 07                         jz 0x804890a
0f 85 7b ff ff ff             jnz 0x80488cb
int
8b 55 f8                      movl  -0x8(%ebp), %edx
89 d0                         mov %edx, %eax
c1 e0 02                      shl $0x2, %eax
01 d0                         add %edx, %eax
01 c0                         add %eax, %eax
89 45 f8                      movl  %eax, -0x8(%ebp)
c1 fa 02                      sar $0x2, %edx
29 c2                         sub %eax, %edx
89 d0                         mov %edx, %eax
89 45 fc                      movl  %eax, -0x4(%ebp)
83 7d fc 09                   cmpl  $0x9, -0x4(%ebp)
7f d0                         jnle 0x8048899
eb 7b                         jmp 0x8048946
0f 85 7b ff ff ff             jnz 0x80488cb
c1 fa 02                      sar $0x2, %edx
29 c2                         sub %eax, %edx
89 d0                         mov %edx, %eax
c1 e0 02                      shl $0x2, %eax
01 d0                         add %edx, %eax
01 c0                         add %eax, %eax
int
8b 4d fc                      movl  -0x4(%ebp), %ecx
89 c8                         mov %ecx, %eax
89 c8                         mov %ecx, %eax
c1 f8 1f                      sar $0x1f, %eax
29 c2                         sub %eax, %edx
89 d0                         mov %edx, %eax
89 45 fc                      movl  %eax, -0x4(%ebp)
83 7d fc 09                   cmpl  $0x9, -0x4(%ebp)
7f d0                         jnle 0x8048899
eb 7b                         jmp 0x8048946
0f 85 7b ff ff ff             jnz 0x80488cb
c1 fa 02                      sar $0x2, %edx
29 c2                         sub %eax, %edx
89 d0                         mov %edx, %eax
c1 e0 02                      shl $0x2, %eax
01 d0                         add %edx, %eax
01 c0                         add %eax, %eax
29 c1                         sub %eax, %ecx
89 c8                         mov %ecx, %eax
89 45 f4                      movl  %eax, -0xc(%ebp)
int
83 7d fc 09                   cmpl  $0x9, -0x4(%ebp)
7f d0                         jnle 0x8048899
eb 7b                         jmp 0x8048946
0f 85 7b ff ff ff             jnz 0x80488cb
74 07                         jz 0x804890a
0f 85 7b ff ff ff             jnz 0x80488cb
74 07                         jz 0x804890a
0f 85 7b ff ff ff             jnz 0x80488cb
74 07                         jz 0x804890a
0f 85 7b ff ff ff             jnz 0x80488cb
74 07                         jz 0x804890a
0f 85 7b ff ff ff             jnz 0x80488cb
int
3b 45 f4                      cmpl  -0xc(%ebp), %eax
74 07                         jz 0x804890a
0f 85 7b ff ff ff             jnz 0x80488cb
74 07                         jz 0x804890a
0f 85 7b ff ff ff             jnz 0x80488cb
74 07                         jz 0x804890a
0f 85 7b ff ff ff             jnz 0x80488cb
74 07                         jz 0x804890a
0f 85 7b ff ff ff             jnz 0x80488cb
int
3b 45 f4                      cmpl  -0xc(%ebp), %eax
74 07                         jz 0x804890a
0f 85 7b ff ff ff             jnz 0x80488cb
74 07                         jz 0x804890a
0f 85 7b ff ff ff             jnz 0x80488cb
74 07                         jz 0x804890a
0f 85 7b ff ff ff             jnz 0x80488cb
int
3b 45 f4                      cmpl  -0xc(%ebp), %eax
74 07                         jz 0x804890a
0f 85 7b ff ff ff             jnz 0x80488cb
74 07                         jz 0x804890a
0f 85 7b ff ff ff             jnz 0x80488cb
int
8b 4d f8                      movl  -0x8(%ebp), %ecx
89 c8                         mov %ecx, %eax
89 c8                         mov %ecx, %eax
c1 f8 1f                      sar $0x1f, %eax
29 c2                         sub %eax, %edx
89 d0                         mov %edx, %eax
89 45 f8                      movl  %eax, -0x8(%ebp)
