upointer
8b 44 24 14                   movl  0x14(%esp), %eax
89 44 24 1c                   movl  %eax, 0x1c(%esp)
8b 44 24 1c                   movl  0x1c(%esp), %eax
8b 44 24 1c                   movl  0x1c(%esp), %eax
8d 50 08                      leal  0x8(%eax), %edx
8b 44 24 1c                   movl  0x1c(%esp), %eax
89 50 04                      movl  %edx, 0x4(%eax)
83 44 24 1c 08                addl  $0x8, 0x1c(%esp)
8b 44 24 1c                   movl  0x1c(%esp), %eax
8b 44 24 1c                   movl  0x1c(%esp), %eax
8d 50 08                      leal  0x8(%eax), %edx
8b 44 24 1c                   movl  0x1c(%esp), %eax
89 50 04                      movl  %edx, 0x4(%eax)
83 44 24 1c 08                addl  $0x8, 0x1c(%esp)
8b 44 24 1c                   movl  0x1c(%esp), %eax
8b 44 24 1c                   movl  0x1c(%esp), %eax
8d 50 08                      leal  0x8(%eax), %edx
8b 44 24 1c                   movl  0x1c(%esp), %eax
89 50 04                      movl  %edx, 0x4(%eax)
83 44 24 1c 08                addl  $0x8, 0x1c(%esp)
int
83 7c 24 18 04                cmpl  $0x4, 0x18(%esp)
7e d7                         jle 0x804896f
7e d7                         jle 0x804896f
7e d7                         jle 0x804896f
7e d7                         jle 0x804896f
7e d7                         jle 0x804896f
eb 21                         jmp 0x80489d8
75 d8                         jnz 0x80489b7
e8 33 71 00 00                calll  0x804fb00
e8 7a 8c ff ff                calll  0x8048780
8b 1c 24                      movl  (%esp), %ebx
c3                            retl  
81 c3 fa 94 08 00             add $0x894fa, %ebx
83 ec 08                      sub $0x8, %esp
8d 44 24 14                   leal  0x14(%esp), %eax
83 ec 04                      sub $0x4, %esp
50                            pushl  %eax
e8 78 06 03 00                calll  0x80801a0
89 e5                         mov %esp, %ebp
53                            pushl  %ebx
int
8b 54 24 18                   movl  0x18(%esp), %edx
89 10                         movl  %edx, (%eax)
8b 00                         movl  (%eax), %eax
89 44 24 04                   movl  %eax, 0x4(%esp)
8b 00                         movl  (%eax), %eax
99                            cdq 
89 c6                         mov %eax, %esi
31 d0                         xor %edx, %eax
c1 ee 1f                      shr $0x1f, %esi
29 d0                         sub %edx, %eax
89 b5 5c fb ff ff             movl  %esi, -0x4a4(%ebp)
89 85 20 fb ff ff             movl  %eax, -0x4e0(%ebp)
50                            pushl  %eax
8b 4c 24 10                   movl  0x10(%esp), %ecx
89 c8                         mov %ecx, %eax
01 c0                         add %eax, %eax
29 c1                         sub %eax, %ecx
8b b5 20 fb ff ff             movl  -0x4e0(%ebp), %esi
85 f6                         test %esi, %esi
0f 84 42 0d 00 00             jz 0x8081768
upointer
8b 44 24 1c                   movl  0x1c(%esp), %eax
8d 50 08                      leal  0x8(%eax), %edx
89 50 04                      movl  %edx, 0x4(%eax)
8b 40 04                      movl  0x4(%eax), %eax
89 44 24 1c                   movl  %eax, 0x1c(%esp)
83 7c 24 1c 00                cmpl  $0x0, 0x1c(%esp)
75 d8                         jnz 0x80489b7
8b 44 24 1c                   movl  0x1c(%esp), %eax
e8 33 71 00 00                calll  0x804fb00
e8 7a 8c ff ff                calll  0x8048780
8b 1c 24                      movl  (%esp), %ebx
c3                            retl  
81 c3 fa 94 08 00             add $0x894fa, %ebx
83 ec 08                      sub $0x8, %esp
8d 44 24 14                   leal  0x14(%esp), %eax
83 ec 04                      sub $0x4, %esp
50                            pushl  %eax
e8 78 06 03 00                calll  0x80801a0
89 e5                         mov %esp, %ebp
53                            pushl  %ebx
upointer
83 44 24 1c 08                addl  $0x8, 0x1c(%esp)
8b 44 24 1c                   movl  0x1c(%esp), %eax
8b 44 24 1c                   movl  0x1c(%esp), %eax
8d 50 08                      leal  0x8(%eax), %edx
8b 44 24 1c                   movl  0x1c(%esp), %eax
89 50 04                      movl  %edx, 0x4(%eax)
83 44 24 1c 08                addl  $0x8, 0x1c(%esp)
8b 44 24 1c                   movl  0x1c(%esp), %eax
8b 44 24 1c                   movl  0x1c(%esp), %eax
8d 50 08                      leal  0x8(%eax), %edx
8b 44 24 1c                   movl  0x1c(%esp), %eax
89 50 04                      movl  %edx, 0x4(%eax)
83 44 24 1c 08                addl  $0x8, 0x1c(%esp)
8b 44 24 1c                   movl  0x1c(%esp), %eax
8b 44 24 1c                   movl  0x1c(%esp), %eax
8d 50 08                      leal  0x8(%eax), %edx
8b 44 24 1c                   movl  0x1c(%esp), %eax
89 50 04                      movl  %edx, 0x4(%eax)
83 44 24 1c 08                addl  $0x8, 0x1c(%esp)
8b 44 24 1c                   movl  0x1c(%esp), %eax
int
83 44 24 18 01                addl  $0x1, 0x18(%esp)
83 7c 24 18 04                cmpl  $0x4, 0x18(%esp)
7e d7                         jle 0x804896f
8b 54 24 18                   movl  0x18(%esp), %edx
89 10                         movl  %edx, (%eax)
83 44 24 18 01                addl  $0x1, 0x18(%esp)
83 7c 24 18 04                cmpl  $0x4, 0x18(%esp)
7e d7                         jle 0x804896f
8b 54 24 18                   movl  0x18(%esp), %edx
89 10                         movl  %edx, (%eax)
83 44 24 18 01                addl  $0x1, 0x18(%esp)
83 7c 24 18 04                cmpl  $0x4, 0x18(%esp)
7e d7                         jle 0x804896f
8b 54 24 18                   movl  0x18(%esp), %edx
89 10                         movl  %edx, (%eax)
83 44 24 18 01                addl  $0x1, 0x18(%esp)
83 7c 24 18 04                cmpl  $0x4, 0x18(%esp)
7e d7                         jle 0x804896f
eb 21                         jmp 0x80489d8
75 d8                         jnz 0x80489b7
int
83 7c 24 18 04                cmpl  $0x4, 0x18(%esp)
7e d7                         jle 0x804896f
7e d7                         jle 0x804896f
7e d7                         jle 0x804896f
7e d7                         jle 0x804896f
eb 21                         jmp 0x80489d8
75 d8                         jnz 0x80489b7
e8 33 71 00 00                calll  0x804fb00
e8 7a 8c ff ff                calll  0x8048780
8b 1c 24                      movl  (%esp), %ebx
c3                            retl  
81 c3 fa 94 08 00             add $0x894fa, %ebx
83 ec 08                      sub $0x8, %esp
8d 44 24 14                   leal  0x14(%esp), %eax
83 ec 04                      sub $0x4, %esp
50                            pushl  %eax
e8 78 06 03 00                calll  0x80801a0
89 e5                         mov %esp, %ebp
53                            pushl  %ebx
e8 d5 85 fc ff                calll  0x8048780
int
8b 54 24 18                   movl  0x18(%esp), %edx
89 10                         movl  %edx, (%eax)
8b 00                         movl  (%eax), %eax
89 44 24 04                   movl  %eax, 0x4(%esp)
8b 00                         movl  (%eax), %eax
99                            cdq 
89 c6                         mov %eax, %esi
31 d0                         xor %edx, %eax
c1 ee 1f                      shr $0x1f, %esi
29 d0                         sub %edx, %eax
89 b5 5c fb ff ff             movl  %esi, -0x4a4(%ebp)
89 85 20 fb ff ff             movl  %eax, -0x4e0(%ebp)
50                            pushl  %eax
8b 4c 24 10                   movl  0x10(%esp), %ecx
89 c8                         mov %ecx, %eax
01 c0                         add %eax, %eax
29 c1                         sub %eax, %ecx
8b b5 20 fb ff ff             movl  -0x4e0(%ebp), %esi
85 f6                         test %esi, %esi
0f 84 42 0d 00 00             jz 0x8081768
upointer
8b 44 24 1c                   movl  0x1c(%esp), %eax
8d 50 08                      leal  0x8(%eax), %edx
89 50 04                      movl  %edx, 0x4(%eax)
8b 40 04                      movl  0x4(%eax), %eax
89 44 24 1c                   movl  %eax, 0x1c(%esp)
83 7c 24 1c 00                cmpl  $0x0, 0x1c(%esp)
75 d8                         jnz 0x80489b7
8b 44 24 1c                   movl  0x1c(%esp), %eax
e8 33 71 00 00                calll  0x804fb00
e8 7a 8c ff ff                calll  0x8048780
8b 1c 24                      movl  (%esp), %ebx
c3                            retl  
81 c3 fa 94 08 00             add $0x894fa, %ebx
83 ec 08                      sub $0x8, %esp
8d 44 24 14                   leal  0x14(%esp), %eax
83 ec 04                      sub $0x4, %esp
50                            pushl  %eax
e8 78 06 03 00                calll  0x80801a0
89 e5                         mov %esp, %ebp
53                            pushl  %ebx
upointer
83 44 24 1c 08                addl  $0x8, 0x1c(%esp)
8b 44 24 1c                   movl  0x1c(%esp), %eax
8b 44 24 1c                   movl  0x1c(%esp), %eax
8d 50 08                      leal  0x8(%eax), %edx
8b 44 24 1c                   movl  0x1c(%esp), %eax
89 50 04                      movl  %edx, 0x4(%eax)
83 44 24 1c 08                addl  $0x8, 0x1c(%esp)
8b 44 24 1c                   movl  0x1c(%esp), %eax
8b 44 24 1c                   movl  0x1c(%esp), %eax
8d 50 08                      leal  0x8(%eax), %edx
8b 44 24 1c                   movl  0x1c(%esp), %eax
89 50 04                      movl  %edx, 0x4(%eax)
83 44 24 1c 08                addl  $0x8, 0x1c(%esp)
8b 44 24 1c                   movl  0x1c(%esp), %eax
8b 44 24 1c                   movl  0x1c(%esp), %eax
8b 40 04                      movl  0x4(%eax), %eax
89 44 24 1c                   movl  %eax, 0x1c(%esp)
83 7c 24 1c 00                cmpl  $0x0, 0x1c(%esp)
75 d8                         jnz 0x80489b7
8b 44 24 1c                   movl  0x1c(%esp), %eax
int
83 44 24 18 01                addl  $0x1, 0x18(%esp)
83 7c 24 18 04                cmpl  $0x4, 0x18(%esp)
7e d7                         jle 0x804896f
8b 54 24 18                   movl  0x18(%esp), %edx
89 10                         movl  %edx, (%eax)
83 44 24 18 01                addl  $0x1, 0x18(%esp)
83 7c 24 18 04                cmpl  $0x4, 0x18(%esp)
7e d7                         jle 0x804896f
8b 54 24 18                   movl  0x18(%esp), %edx
89 10                         movl  %edx, (%eax)
83 44 24 18 01                addl  $0x1, 0x18(%esp)
83 7c 24 18 04                cmpl  $0x4, 0x18(%esp)
7e d7                         jle 0x804896f
eb 21                         jmp 0x80489d8
75 d8                         jnz 0x80489b7
e8 33 71 00 00                calll  0x804fb00
e8 7a 8c ff ff                calll  0x8048780
8b 1c 24                      movl  (%esp), %ebx
c3                            retl  
81 c3 fa 94 08 00             add $0x894fa, %ebx
int
83 7c 24 18 04                cmpl  $0x4, 0x18(%esp)
7e d7                         jle 0x804896f
7e d7                         jle 0x804896f
7e d7                         jle 0x804896f
eb 21                         jmp 0x80489d8
75 d8                         jnz 0x80489b7
e8 33 71 00 00                calll  0x804fb00
e8 7a 8c ff ff                calll  0x8048780
8b 1c 24                      movl  (%esp), %ebx
c3                            retl  
81 c3 fa 94 08 00             add $0x894fa, %ebx
83 ec 08                      sub $0x8, %esp
8d 44 24 14                   leal  0x14(%esp), %eax
83 ec 04                      sub $0x4, %esp
50                            pushl  %eax
e8 78 06 03 00                calll  0x80801a0
89 e5                         mov %esp, %ebp
53                            pushl  %ebx
e8 d5 85 fc ff                calll  0x8048780
8b 1c 24                      movl  (%esp), %ebx
int
8b 54 24 18                   movl  0x18(%esp), %edx
89 10                         movl  %edx, (%eax)
8b 00                         movl  (%eax), %eax
89 44 24 04                   movl  %eax, 0x4(%esp)
8b 00                         movl  (%eax), %eax
99                            cdq 
89 c6                         mov %eax, %esi
31 d0                         xor %edx, %eax
c1 ee 1f                      shr $0x1f, %esi
29 d0                         sub %edx, %eax
89 b5 5c fb ff ff             movl  %esi, -0x4a4(%ebp)
89 85 20 fb ff ff             movl  %eax, -0x4e0(%ebp)
50                            pushl  %eax
8b 4c 24 10                   movl  0x10(%esp), %ecx
89 c8                         mov %ecx, %eax
01 c0                         add %eax, %eax
29 c1                         sub %eax, %ecx
8b b5 20 fb ff ff             movl  -0x4e0(%ebp), %esi
85 f6                         test %esi, %esi
0f 84 42 0d 00 00             jz 0x8081768
upointer
8b 44 24 1c                   movl  0x1c(%esp), %eax
8d 50 08                      leal  0x8(%eax), %edx
89 50 04                      movl  %edx, 0x4(%eax)
8b 40 04                      movl  0x4(%eax), %eax
89 44 24 1c                   movl  %eax, 0x1c(%esp)
83 7c 24 1c 00                cmpl  $0x0, 0x1c(%esp)
75 d8                         jnz 0x80489b7
8b 44 24 1c                   movl  0x1c(%esp), %eax
e8 33 71 00 00                calll  0x804fb00
e8 7a 8c ff ff                calll  0x8048780
8b 1c 24                      movl  (%esp), %ebx
c3                            retl  
81 c3 fa 94 08 00             add $0x894fa, %ebx
83 ec 08                      sub $0x8, %esp
8d 44 24 14                   leal  0x14(%esp), %eax
83 ec 04                      sub $0x4, %esp
50                            pushl  %eax
e8 78 06 03 00                calll  0x80801a0
89 e5                         mov %esp, %ebp
53                            pushl  %ebx
upointer
83 44 24 1c 08                addl  $0x8, 0x1c(%esp)
8b 44 24 1c                   movl  0x1c(%esp), %eax
8b 44 24 1c                   movl  0x1c(%esp), %eax
8d 50 08                      leal  0x8(%eax), %edx
8b 44 24 1c                   movl  0x1c(%esp), %eax
89 50 04                      movl  %edx, 0x4(%eax)
83 44 24 1c 08                addl  $0x8, 0x1c(%esp)
8b 44 24 1c                   movl  0x1c(%esp), %eax
8b 44 24 1c                   movl  0x1c(%esp), %eax
8b 40 04                      movl  0x4(%eax), %eax
89 44 24 1c                   movl  %eax, 0x1c(%esp)
83 7c 24 1c 00                cmpl  $0x0, 0x1c(%esp)
75 d8                         jnz 0x80489b7
8b 44 24 1c                   movl  0x1c(%esp), %eax
e8 33 71 00 00                calll  0x804fb00
e8 7a 8c ff ff                calll  0x8048780
8b 1c 24                      movl  (%esp), %ebx
c3                            retl  
81 c3 fa 94 08 00             add $0x894fa, %ebx
83 ec 08                      sub $0x8, %esp
int
83 44 24 18 01                addl  $0x1, 0x18(%esp)
83 7c 24 18 04                cmpl  $0x4, 0x18(%esp)
7e d7                         jle 0x804896f
8b 54 24 18                   movl  0x18(%esp), %edx
89 10                         movl  %edx, (%eax)
83 44 24 18 01                addl  $0x1, 0x18(%esp)
83 7c 24 18 04                cmpl  $0x4, 0x18(%esp)
7e d7                         jle 0x804896f
eb 21                         jmp 0x80489d8
75 d8                         jnz 0x80489b7
e8 33 71 00 00                calll  0x804fb00
e8 7a 8c ff ff                calll  0x8048780
8b 1c 24                      movl  (%esp), %ebx
c3                            retl  
81 c3 fa 94 08 00             add $0x894fa, %ebx
83 ec 08                      sub $0x8, %esp
8d 44 24 14                   leal  0x14(%esp), %eax
83 ec 04                      sub $0x4, %esp
50                            pushl  %eax
e8 78 06 03 00                calll  0x80801a0
int
83 7c 24 18 04                cmpl  $0x4, 0x18(%esp)
7e d7                         jle 0x804896f
7e d7                         jle 0x804896f
eb 21                         jmp 0x80489d8
75 d8                         jnz 0x80489b7
e8 33 71 00 00                calll  0x804fb00
e8 7a 8c ff ff                calll  0x8048780
8b 1c 24                      movl  (%esp), %ebx
c3                            retl  
81 c3 fa 94 08 00             add $0x894fa, %ebx
83 ec 08                      sub $0x8, %esp
8d 44 24 14                   leal  0x14(%esp), %eax
83 ec 04                      sub $0x4, %esp
50                            pushl  %eax
e8 78 06 03 00                calll  0x80801a0
89 e5                         mov %esp, %ebp
53                            pushl  %ebx
e8 d5 85 fc ff                calll  0x8048780
8b 1c 24                      movl  (%esp), %ebx
c3                            retl  
int
8b 54 24 18                   movl  0x18(%esp), %edx
89 10                         movl  %edx, (%eax)
8b 00                         movl  (%eax), %eax
89 44 24 04                   movl  %eax, 0x4(%esp)
8b 00                         movl  (%eax), %eax
99                            cdq 
89 c6                         mov %eax, %esi
31 d0                         xor %edx, %eax
c1 ee 1f                      shr $0x1f, %esi
29 d0                         sub %edx, %eax
89 b5 5c fb ff ff             movl  %esi, -0x4a4(%ebp)
89 85 20 fb ff ff             movl  %eax, -0x4e0(%ebp)
50                            pushl  %eax
8b 4c 24 10                   movl  0x10(%esp), %ecx
89 c8                         mov %ecx, %eax
01 c0                         add %eax, %eax
29 c1                         sub %eax, %ecx
8b b5 20 fb ff ff             movl  -0x4e0(%ebp), %esi
85 f6                         test %esi, %esi
0f 84 42 0d 00 00             jz 0x8081768
upointer
8b 44 24 1c                   movl  0x1c(%esp), %eax
8d 50 08                      leal  0x8(%eax), %edx
89 50 04                      movl  %edx, 0x4(%eax)
8b 40 04                      movl  0x4(%eax), %eax
89 44 24 1c                   movl  %eax, 0x1c(%esp)
83 7c 24 1c 00                cmpl  $0x0, 0x1c(%esp)
75 d8                         jnz 0x80489b7
8b 44 24 1c                   movl  0x1c(%esp), %eax
e8 33 71 00 00                calll  0x804fb00
e8 7a 8c ff ff                calll  0x8048780
8b 1c 24                      movl  (%esp), %ebx
c3                            retl  
81 c3 fa 94 08 00             add $0x894fa, %ebx
83 ec 08                      sub $0x8, %esp
8d 44 24 14                   leal  0x14(%esp), %eax
83 ec 04                      sub $0x4, %esp
50                            pushl  %eax
e8 78 06 03 00                calll  0x80801a0
89 e5                         mov %esp, %ebp
53                            pushl  %ebx
int
83 44 24 18 01                addl  $0x1, 0x18(%esp)
83 7c 24 18 04                cmpl  $0x4, 0x18(%esp)
7e d7                         jle 0x804896f
eb 21                         jmp 0x80489d8
75 d8                         jnz 0x80489b7
e8 33 71 00 00                calll  0x804fb00
e8 7a 8c ff ff                calll  0x8048780
8b 1c 24                      movl  (%esp), %ebx
c3                            retl  
81 c3 fa 94 08 00             add $0x894fa, %ebx
83 ec 08                      sub $0x8, %esp
8d 44 24 14                   leal  0x14(%esp), %eax
83 ec 04                      sub $0x4, %esp
50                            pushl  %eax
e8 78 06 03 00                calll  0x80801a0
89 e5                         mov %esp, %ebp
53                            pushl  %ebx
e8 d5 85 fc ff                calll  0x8048780
8b 1c 24                      movl  (%esp), %ebx
c3                            retl  
int
83 7c 24 18 04                cmpl  $0x4, 0x18(%esp)
7e d7                         jle 0x804896f
eb 21                         jmp 0x80489d8
75 d8                         jnz 0x80489b7
e8 33 71 00 00                calll  0x804fb00
e8 7a 8c ff ff                calll  0x8048780
8b 1c 24                      movl  (%esp), %ebx
c3                            retl  
81 c3 fa 94 08 00             add $0x894fa, %ebx
83 ec 08                      sub $0x8, %esp
8d 44 24 14                   leal  0x14(%esp), %eax
83 ec 04                      sub $0x4, %esp
50                            pushl  %eax
e8 78 06 03 00                calll  0x80801a0
89 e5                         mov %esp, %ebp
53                            pushl  %ebx
e8 d5 85 fc ff                calll  0x8048780
8b 1c 24                      movl  (%esp), %ebx
c3                            retl  
81 c3 55 8e 05 00             add $0x58e55, %ebx
upointer
8b 44 24 14                   movl  0x14(%esp), %eax
89 44 24 1c                   movl  %eax, 0x1c(%esp)
83 7c 24 1c 00                cmpl  $0x0, 0x1c(%esp)
75 d8                         jnz 0x80489b7
8b 44 24 1c                   movl  0x1c(%esp), %eax
e8 33 71 00 00                calll  0x804fb00
e8 7a 8c ff ff                calll  0x8048780
8b 1c 24                      movl  (%esp), %ebx
c3                            retl  
81 c3 fa 94 08 00             add $0x894fa, %ebx
83 ec 08                      sub $0x8, %esp
8d 44 24 14                   leal  0x14(%esp), %eax
83 ec 04                      sub $0x4, %esp
50                            pushl  %eax
e8 78 06 03 00                calll  0x80801a0
89 e5                         mov %esp, %ebp
53                            pushl  %ebx
e8 d5 85 fc ff                calll  0x8048780
8b 1c 24                      movl  (%esp), %ebx
c3                            retl  
upointer
83 7c 24 1c 00                cmpl  $0x0, 0x1c(%esp)
75 d8                         jnz 0x80489b7
e8 33 71 00 00                calll  0x804fb00
e8 7a 8c ff ff                calll  0x8048780
8b 1c 24                      movl  (%esp), %ebx
c3                            retl  
81 c3 fa 94 08 00             add $0x894fa, %ebx
83 ec 08                      sub $0x8, %esp
8d 44 24 14                   leal  0x14(%esp), %eax
83 ec 04                      sub $0x4, %esp
50                            pushl  %eax
e8 78 06 03 00                calll  0x80801a0
89 e5                         mov %esp, %ebp
53                            pushl  %ebx
e8 d5 85 fc ff                calll  0x8048780
8b 1c 24                      movl  (%esp), %ebx
c3                            retl  
81 c3 55 8e 05 00             add $0x58e55, %ebx
81 ec ec 04 00 00             sub $0x4ec, %esp
8b 45 10                      movl  0x10(%ebp), %eax
upointer
83 7c 24 1c 00                cmpl  $0x0, 0x1c(%esp)
75 d8                         jnz 0x80489b7
e8 33 71 00 00                calll  0x804fb00
e8 7a 8c ff ff                calll  0x8048780
8b 1c 24                      movl  (%esp), %ebx
c3                            retl  
81 c3 fa 94 08 00             add $0x894fa, %ebx
83 ec 08                      sub $0x8, %esp
8d 44 24 14                   leal  0x14(%esp), %eax
83 ec 04                      sub $0x4, %esp
50                            pushl  %eax
e8 78 06 03 00                calll  0x80801a0
89 e5                         mov %esp, %ebp
53                            pushl  %ebx
e8 d5 85 fc ff                calll  0x8048780
8b 1c 24                      movl  (%esp), %ebx
c3                            retl  
81 c3 55 8e 05 00             add $0x58e55, %ebx
81 ec ec 04 00 00             sub $0x4ec, %esp
8b 45 10                      movl  0x10(%ebp), %eax
upointer
83 7c 24 1c 00                cmpl  $0x0, 0x1c(%esp)
75 d8                         jnz 0x80489b7
e8 33 71 00 00                calll  0x804fb00
e8 7a 8c ff ff                calll  0x8048780
8b 1c 24                      movl  (%esp), %ebx
c3                            retl  
81 c3 fa 94 08 00             add $0x894fa, %ebx
83 ec 08                      sub $0x8, %esp
8d 44 24 14                   leal  0x14(%esp), %eax
83 ec 04                      sub $0x4, %esp
50                            pushl  %eax
e8 78 06 03 00                calll  0x80801a0
89 e5                         mov %esp, %ebp
53                            pushl  %ebx
e8 d5 85 fc ff                calll  0x8048780
8b 1c 24                      movl  (%esp), %ebx
c3                            retl  
81 c3 55 8e 05 00             add $0x58e55, %ebx
81 ec ec 04 00 00             sub $0x4ec, %esp
8b 45 10                      movl  0x10(%ebp), %eax
upointer
83 7c 24 1c 00                cmpl  $0x0, 0x1c(%esp)
75 d8                         jnz 0x80489b7
e8 33 71 00 00                calll  0x804fb00
e8 7a 8c ff ff                calll  0x8048780
8b 1c 24                      movl  (%esp), %ebx
c3                            retl  
81 c3 fa 94 08 00             add $0x894fa, %ebx
83 ec 08                      sub $0x8, %esp
8d 44 24 14                   leal  0x14(%esp), %eax
83 ec 04                      sub $0x4, %esp
50                            pushl  %eax
e8 78 06 03 00                calll  0x80801a0
89 e5                         mov %esp, %ebp
53                            pushl  %ebx
e8 d5 85 fc ff                calll  0x8048780
8b 1c 24                      movl  (%esp), %ebx
c3                            retl  
81 c3 55 8e 05 00             add $0x58e55, %ebx
81 ec ec 04 00 00             sub $0x4ec, %esp
8b 45 10                      movl  0x10(%ebp), %eax
upointer
83 7c 24 1c 00                cmpl  $0x0, 0x1c(%esp)
75 d8                         jnz 0x80489b7
e8 33 71 00 00                calll  0x804fb00
e8 7a 8c ff ff                calll  0x8048780
8b 1c 24                      movl  (%esp), %ebx
c3                            retl  
81 c3 fa 94 08 00             add $0x894fa, %ebx
83 ec 08                      sub $0x8, %esp
8d 44 24 14                   leal  0x14(%esp), %eax
83 ec 04                      sub $0x4, %esp
50                            pushl  %eax
e8 78 06 03 00                calll  0x80801a0
89 e5                         mov %esp, %ebp
53                            pushl  %ebx
e8 d5 85 fc ff                calll  0x8048780
8b 1c 24                      movl  (%esp), %ebx
c3                            retl  
81 c3 55 8e 05 00             add $0x58e55, %ebx
81 ec ec 04 00 00             sub $0x4ec, %esp
8b 45 10                      movl  0x10(%ebp), %eax
upointer
83 7c 24 1c 00                cmpl  $0x0, 0x1c(%esp)
75 d8                         jnz 0x80489b7
e8 45 79 00 00                calll  0x8050330
e8 a9 cc ff ff                calll  0x804cfe3
8b 3c 24                      movl  (%esp), %edi
c3                            retl  
81 c7 c6 8c 08 00             add $0x88cc6, %edi
83 ec 1c                      sub $0x1c, %esp
75 3d                         jnz 0x8050398
74 28                         jz 0x8050394
74 01                         jz 0x805037c
74 07                         jz 0x8050388
73 4c                         jnb 0x80503f0
75 27                         jnz 0x80503df
75 1e                         jnz 0x80503df
74 01                         jz 0x80503d3
74 07                         jz 0x80503df
c3                            retl  
e8 6d fe ff ff                calll  0x8048874
89 e5                         mov %esp, %ebp
upointer
8b 44 24 14                   movl  0x14(%esp), %eax
89 04 24                      movl  %eax, (%esp)
8b 45 08                      movl  0x8(%ebp), %eax
89 45 f4                      movl  %eax, -0xc(%ebp)
8b 45 f4                      movl  -0xc(%ebp), %eax
89 45 fc                      movl  %eax, -0x4(%ebp)
8b 45 f4                      movl  -0xc(%ebp), %eax
83 7d fc 00                   cmpl  $0x0, -0x4(%ebp)
74 0b                         jz 0x8048928
8b 45 fc                      movl  -0x4(%ebp), %eax
eb 06                         jmp 0x804892e
8b 45 08                      movl  0x8(%ebp), %eax
89 44 24 1c                   movl  %eax, 0x1c(%esp)
83 7c 24 1c 00                cmpl  $0x0, 0x1c(%esp)
75 d8                         jnz 0x8048a0d
8b 44 24 1c                   movl  0x1c(%esp), %eax
e8 dd 70 00 00                calll  0x804fb00
e8 7a 8c ff ff                calll  0x8048780
8b 1c 24                      movl  (%esp), %ebx
c3                            retl  
upointer
8b 45 ec                      movl  -0x14(%ebp), %eax
89 45 fc                      movl  %eax, -0x4(%ebp)
8b 45 fc                      movl  -0x4(%ebp), %eax
89 45 e8                      movl  %eax, -0x18(%ebp)
8b 45 e8                      movl  -0x18(%ebp), %eax
89 45 e4                      movl  %eax, -0x1c(%ebp)
upointer
8b 45 fc                      movl  -0x4(%ebp), %eax
89 45 e8                      movl  %eax, -0x18(%ebp)
8b 45 e8                      movl  -0x18(%ebp), %eax
89 45 e4                      movl  %eax, -0x1c(%ebp)
upointer
8b 45 f4                      movl  -0xc(%ebp), %eax
89 45 fc                      movl  %eax, -0x4(%ebp)
83 7d fc 00                   cmpl  $0x0, -0x4(%ebp)
74 0b                         jz 0x8048928
8b 45 fc                      movl  -0x4(%ebp), %eax
eb 06                         jmp 0x804892e
upointer
8b 45 e0                      movl  -0x20(%ebp), %eax
89 45 f8                      movl  %eax, -0x8(%ebp)
8b 55 f8                      movl  -0x8(%ebp), %edx
89 50 04                      movl  %edx, 0x4(%eax)
int
8b 45 f0                      movl  -0x10(%ebp), %eax
8d 50 ff                      leal  -0x1(%eax), %edx
89 55 f0                      movl  %edx, -0x10(%ebp)
85 c0                         test %eax, %eax
75 d5                         jnz 0x80488e0
8b 45 f0                      movl  -0x10(%ebp), %eax
8d 50 ff                      leal  -0x1(%eax), %edx
89 55 f0                      movl  %edx, -0x10(%ebp)
85 c0                         test %eax, %eax
75 d5                         jnz 0x80488e0
8b 45 f0                      movl  -0x10(%ebp), %eax
8d 50 ff                      leal  -0x1(%eax), %edx
89 55 f0                      movl  %edx, -0x10(%ebp)
85 c0                         test %eax, %eax
75 d5                         jnz 0x80488e0
8b 45 f0                      movl  -0x10(%ebp), %eax
8d 50 ff                      leal  -0x1(%eax), %edx
89 55 f0                      movl  %edx, -0x10(%ebp)
85 c0                         test %eax, %eax
75 d5                         jnz 0x80488e0
upointer
8b 45 f4                      movl  -0xc(%ebp), %eax
89 45 f8                      movl  %eax, -0x8(%ebp)
8b 55 f8                      movl  -0x8(%ebp), %edx
89 50 04                      movl  %edx, 0x4(%eax)
8b 40 04                      movl  0x4(%eax), %eax
89 44 24 1c                   movl  %eax, 0x1c(%esp)
83 7c 24 1c 00                cmpl  $0x0, 0x1c(%esp)
75 d8                         jnz 0x8048a0d
8b 44 24 1c                   movl  0x1c(%esp), %eax
e8 dd 70 00 00                calll  0x804fb00
e8 7a 8c ff ff                calll  0x8048780
8b 1c 24                      movl  (%esp), %ebx
c3                            retl  
81 c3 fa 94 08 00             add $0x894fa, %ebx
83 ec 08                      sub $0x8, %esp
8d 44 24 14                   leal  0x14(%esp), %eax
83 ec 04                      sub $0x4, %esp
50                            pushl  %eax
e8 78 06 03 00                calll  0x80801a0
89 e5                         mov %esp, %ebp
upointer
8b 45 e0                      movl  -0x20(%ebp), %eax
89 45 f4                      movl  %eax, -0xc(%ebp)
8b 45 f4                      movl  -0xc(%ebp), %eax
8b 45 f4                      movl  -0xc(%ebp), %eax
8b 45 f4                      movl  -0xc(%ebp), %eax
89 45 f8                      movl  %eax, -0x8(%ebp)
8b 55 f8                      movl  -0x8(%ebp), %edx
89 50 04                      movl  %edx, 0x4(%eax)
8b 40 04                      movl  0x4(%eax), %eax
89 44 24 1c                   movl  %eax, 0x1c(%esp)
83 7c 24 1c 00                cmpl  $0x0, 0x1c(%esp)
75 d8                         jnz 0x8048a0d
8b 44 24 1c                   movl  0x1c(%esp), %eax
e8 dd 70 00 00                calll  0x804fb00
e8 7a 8c ff ff                calll  0x8048780
8b 1c 24                      movl  (%esp), %ebx
c3                            retl  
81 c3 fa 94 08 00             add $0x894fa, %ebx
83 ec 08                      sub $0x8, %esp
8d 44 24 14                   leal  0x14(%esp), %eax
int
8b 45 f0                      movl  -0x10(%ebp), %eax
8d 50 ff                      leal  -0x1(%eax), %edx
89 55 f0                      movl  %edx, -0x10(%ebp)
85 c0                         test %eax, %eax
75 d5                         jnz 0x80488e0
8b 45 f0                      movl  -0x10(%ebp), %eax
8d 50 ff                      leal  -0x1(%eax), %edx
89 55 f0                      movl  %edx, -0x10(%ebp)
85 c0                         test %eax, %eax
75 d5                         jnz 0x80488e0
8b 45 f0                      movl  -0x10(%ebp), %eax
8d 50 ff                      leal  -0x1(%eax), %edx
89 55 f0                      movl  %edx, -0x10(%ebp)
85 c0                         test %eax, %eax
75 d5                         jnz 0x80488e0
74 0b                         jz 0x8048928
eb 06                         jmp 0x804892e
upointer
8b 55 f8                      movl  -0x8(%ebp), %edx
89 50 04                      movl  %edx, 0x4(%eax)
8b 40 04                      movl  0x4(%eax), %eax
89 44 24 1c                   movl  %eax, 0x1c(%esp)
83 7c 24 1c 00                cmpl  $0x0, 0x1c(%esp)
75 d8                         jnz 0x8048a0d
8b 44 24 1c                   movl  0x1c(%esp), %eax
e8 dd 70 00 00                calll  0x804fb00
e8 7a 8c ff ff                calll  0x8048780
8b 1c 24                      movl  (%esp), %ebx
c3                            retl  
81 c3 fa 94 08 00             add $0x894fa, %ebx
83 ec 08                      sub $0x8, %esp
8d 44 24 14                   leal  0x14(%esp), %eax
83 ec 04                      sub $0x4, %esp
50                            pushl  %eax
e8 78 06 03 00                calll  0x80801a0
89 e5                         mov %esp, %ebp
53                            pushl  %ebx
e8 d5 85 fc ff                calll  0x8048780
upointer
8b 45 f4                      movl  -0xc(%ebp), %eax
89 45 f8                      movl  %eax, -0x8(%ebp)
8b 55 f8                      movl  -0x8(%ebp), %edx
89 50 04                      movl  %edx, 0x4(%eax)
8b 40 04                      movl  0x4(%eax), %eax
89 44 24 1c                   movl  %eax, 0x1c(%esp)
83 7c 24 1c 00                cmpl  $0x0, 0x1c(%esp)
75 d8                         jnz 0x8048a0d
8b 44 24 1c                   movl  0x1c(%esp), %eax
e8 dd 70 00 00                calll  0x804fb00
e8 7a 8c ff ff                calll  0x8048780
8b 1c 24                      movl  (%esp), %ebx
c3                            retl  
81 c3 fa 94 08 00             add $0x894fa, %ebx
83 ec 08                      sub $0x8, %esp
8d 44 24 14                   leal  0x14(%esp), %eax
83 ec 04                      sub $0x4, %esp
50                            pushl  %eax
e8 78 06 03 00                calll  0x80801a0
89 e5                         mov %esp, %ebp
upointer
8b 45 e0                      movl  -0x20(%ebp), %eax
89 45 f4                      movl  %eax, -0xc(%ebp)
8b 45 f4                      movl  -0xc(%ebp), %eax
8b 45 f4                      movl  -0xc(%ebp), %eax
8b 45 f4                      movl  -0xc(%ebp), %eax
89 45 f8                      movl  %eax, -0x8(%ebp)
8b 45 f8                      movl  -0x8(%ebp), %eax
89 45 e4                      movl  %eax, -0x1c(%ebp)
8b 55 e4                      movl  -0x1c(%ebp), %edx
89 50 04                      movl  %edx, 0x4(%eax)
8b 40 04                      movl  0x4(%eax), %eax
89 44 24 1c                   movl  %eax, 0x1c(%esp)
83 7c 24 1c 00                cmpl  $0x0, 0x1c(%esp)
75 d8                         jnz 0x8048a0d
8b 44 24 1c                   movl  0x1c(%esp), %eax
e8 dd 70 00 00                calll  0x804fb00
e8 7a 8c ff ff                calll  0x8048780
8b 1c 24                      movl  (%esp), %ebx
c3                            retl  
81 c3 fa 94 08 00             add $0x894fa, %ebx
int
8b 45 f0                      movl  -0x10(%ebp), %eax
8d 50 ff                      leal  -0x1(%eax), %edx
89 55 f0                      movl  %edx, -0x10(%ebp)
85 c0                         test %eax, %eax
75 d5                         jnz 0x80488e0
8b 45 f0                      movl  -0x10(%ebp), %eax
8d 50 ff                      leal  -0x1(%eax), %edx
89 55 f0                      movl  %edx, -0x10(%ebp)
85 c0                         test %eax, %eax
75 d5                         jnz 0x80488e0
74 0b                         jz 0x8048928
eb 06                         jmp 0x804892e
upointer
8b 55 f8                      movl  -0x8(%ebp), %edx
89 50 04                      movl  %edx, 0x4(%eax)
8b 40 04                      movl  0x4(%eax), %eax
89 44 24 1c                   movl  %eax, 0x1c(%esp)
83 7c 24 1c 00                cmpl  $0x0, 0x1c(%esp)
75 d8                         jnz 0x8048a0d
8b 44 24 1c                   movl  0x1c(%esp), %eax
e8 dd 70 00 00                calll  0x804fb00
e8 7a 8c ff ff                calll  0x8048780
8b 1c 24                      movl  (%esp), %ebx
c3                            retl  
81 c3 fa 94 08 00             add $0x894fa, %ebx
83 ec 08                      sub $0x8, %esp
8d 44 24 14                   leal  0x14(%esp), %eax
83 ec 04                      sub $0x4, %esp
50                            pushl  %eax
e8 78 06 03 00                calll  0x80801a0
89 e5                         mov %esp, %ebp
53                            pushl  %ebx
e8 d5 85 fc ff                calll  0x8048780
upointer
8b 45 f4                      movl  -0xc(%ebp), %eax
89 45 f8                      movl  %eax, -0x8(%ebp)
8b 45 f8                      movl  -0x8(%ebp), %eax
89 45 e4                      movl  %eax, -0x1c(%ebp)
8b 55 e4                      movl  -0x1c(%ebp), %edx
89 50 04                      movl  %edx, 0x4(%eax)
8b 40 04                      movl  0x4(%eax), %eax
89 44 24 1c                   movl  %eax, 0x1c(%esp)
83 7c 24 1c 00                cmpl  $0x0, 0x1c(%esp)
75 d8                         jnz 0x8048a0d
8b 44 24 1c                   movl  0x1c(%esp), %eax
e8 dd 70 00 00                calll  0x804fb00
e8 7a 8c ff ff                calll  0x8048780
8b 1c 24                      movl  (%esp), %ebx
c3                            retl  
81 c3 fa 94 08 00             add $0x894fa, %ebx
83 ec 08                      sub $0x8, %esp
8d 44 24 14                   leal  0x14(%esp), %eax
83 ec 04                      sub $0x4, %esp
50                            pushl  %eax
upointer
8b 45 e0                      movl  -0x20(%ebp), %eax
89 45 f4                      movl  %eax, -0xc(%ebp)
8b 45 f4                      movl  -0xc(%ebp), %eax
89 45 ec                      movl  %eax, -0x14(%ebp)
8b 55 ec                      movl  -0x14(%ebp), %edx
89 50 04                      movl  %edx, 0x4(%eax)
8b 40 04                      movl  0x4(%eax), %eax
89 44 24 1c                   movl  %eax, 0x1c(%esp)
83 7c 24 1c 00                cmpl  $0x0, 0x1c(%esp)
75 d8                         jnz 0x8048a0d
8b 44 24 1c                   movl  0x1c(%esp), %eax
e8 dd 70 00 00                calll  0x804fb00
e8 7a 8c ff ff                calll  0x8048780
8b 1c 24                      movl  (%esp), %ebx
c3                            retl  
81 c3 fa 94 08 00             add $0x894fa, %ebx
83 ec 08                      sub $0x8, %esp
8d 44 24 14                   leal  0x14(%esp), %eax
83 ec 04                      sub $0x4, %esp
50                            pushl  %eax
int
8b 45 f0                      movl  -0x10(%ebp), %eax
8d 50 ff                      leal  -0x1(%eax), %edx
89 55 f0                      movl  %edx, -0x10(%ebp)
85 c0                         test %eax, %eax
75 d5                         jnz 0x80488e0
74 0b                         jz 0x8048928
eb 06                         jmp 0x804892e
upointer
8b 45 f4                      movl  -0xc(%ebp), %eax
89 45 ec                      movl  %eax, -0x14(%ebp)
8b 55 ec                      movl  -0x14(%ebp), %edx
89 50 04                      movl  %edx, 0x4(%eax)
8b 40 04                      movl  0x4(%eax), %eax
89 44 24 1c                   movl  %eax, 0x1c(%esp)
83 7c 24 1c 00                cmpl  $0x0, 0x1c(%esp)
75 d8                         jnz 0x8048a0d
8b 44 24 1c                   movl  0x1c(%esp), %eax
e8 dd 70 00 00                calll  0x804fb00
e8 7a 8c ff ff                calll  0x8048780
8b 1c 24                      movl  (%esp), %ebx
c3                            retl  
81 c3 fa 94 08 00             add $0x894fa, %ebx
83 ec 08                      sub $0x8, %esp
8d 44 24 14                   leal  0x14(%esp), %eax
83 ec 04                      sub $0x4, %esp
50                            pushl  %eax
e8 78 06 03 00                calll  0x80801a0
89 e5                         mov %esp, %ebp
upointer
8b 45 f8                      movl  -0x8(%ebp), %eax
89 45 e4                      movl  %eax, -0x1c(%ebp)
8b 55 e4                      movl  -0x1c(%ebp), %edx
89 50 04                      movl  %edx, 0x4(%eax)
8b 40 04                      movl  0x4(%eax), %eax
89 44 24 1c                   movl  %eax, 0x1c(%esp)
83 7c 24 1c 00                cmpl  $0x0, 0x1c(%esp)
75 d8                         jnz 0x8048a0d
8b 44 24 1c                   movl  0x1c(%esp), %eax
e8 dd 70 00 00                calll  0x804fb00
e8 7a 8c ff ff                calll  0x8048780
8b 1c 24                      movl  (%esp), %ebx
c3                            retl  
81 c3 fa 94 08 00             add $0x894fa, %ebx
83 ec 08                      sub $0x8, %esp
8d 44 24 14                   leal  0x14(%esp), %eax
83 ec 04                      sub $0x4, %esp
50                            pushl  %eax
e8 78 06 03 00                calll  0x80801a0
89 e5                         mov %esp, %ebp
upointer
8b 55 e4                      movl  -0x1c(%ebp), %edx
89 50 04                      movl  %edx, 0x4(%eax)
8b 40 04                      movl  0x4(%eax), %eax
89 44 24 1c                   movl  %eax, 0x1c(%esp)
83 7c 24 1c 00                cmpl  $0x0, 0x1c(%esp)
75 d8                         jnz 0x8048a0d
8b 44 24 1c                   movl  0x1c(%esp), %eax
e8 dd 70 00 00                calll  0x804fb00
e8 7a 8c ff ff                calll  0x8048780
8b 1c 24                      movl  (%esp), %ebx
c3                            retl  
81 c3 fa 94 08 00             add $0x894fa, %ebx
83 ec 08                      sub $0x8, %esp
8d 44 24 14                   leal  0x14(%esp), %eax
83 ec 04                      sub $0x4, %esp
50                            pushl  %eax
e8 78 06 03 00                calll  0x80801a0
89 e5                         mov %esp, %ebp
53                            pushl  %ebx
e8 d5 85 fc ff                calll  0x8048780
upointer
8b 55 ec                      movl  -0x14(%ebp), %edx
89 50 04                      movl  %edx, 0x4(%eax)
8b 40 04                      movl  0x4(%eax), %eax
89 44 24 1c                   movl  %eax, 0x1c(%esp)
83 7c 24 1c 00                cmpl  $0x0, 0x1c(%esp)
75 d8                         jnz 0x8048a0d
8b 44 24 1c                   movl  0x1c(%esp), %eax
e8 dd 70 00 00                calll  0x804fb00
e8 7a 8c ff ff                calll  0x8048780
8b 1c 24                      movl  (%esp), %ebx
c3                            retl  
81 c3 fa 94 08 00             add $0x894fa, %ebx
83 ec 08                      sub $0x8, %esp
8d 44 24 14                   leal  0x14(%esp), %eax
83 ec 04                      sub $0x4, %esp
50                            pushl  %eax
e8 78 06 03 00                calll  0x80801a0
89 e5                         mov %esp, %ebp
53                            pushl  %ebx
e8 d5 85 fc ff                calll  0x8048780
upointer
83 7c 24 1c 00                cmpl  $0x0, 0x1c(%esp)
75 d8                         jnz 0x8048a0d
e8 dd 70 00 00                calll  0x804fb00
e8 7a 8c ff ff                calll  0x8048780
8b 1c 24                      movl  (%esp), %ebx
c3                            retl  
81 c3 fa 94 08 00             add $0x894fa, %ebx
83 ec 08                      sub $0x8, %esp
8d 44 24 14                   leal  0x14(%esp), %eax
83 ec 04                      sub $0x4, %esp
50                            pushl  %eax
e8 78 06 03 00                calll  0x80801a0
89 e5                         mov %esp, %ebp
53                            pushl  %ebx
e8 d5 85 fc ff                calll  0x8048780
8b 1c 24                      movl  (%esp), %ebx
c3                            retl  
81 c3 55 8e 05 00             add $0x58e55, %ebx
81 ec ec 04 00 00             sub $0x4ec, %esp
8b 45 10                      movl  0x10(%ebp), %eax
upointer
83 7c 24 1c 00                cmpl  $0x0, 0x1c(%esp)
75 d8                         jnz 0x8048a0d
e8 dd 70 00 00                calll  0x804fb00
e8 7a 8c ff ff                calll  0x8048780
8b 1c 24                      movl  (%esp), %ebx
c3                            retl  
81 c3 fa 94 08 00             add $0x894fa, %ebx
83 ec 08                      sub $0x8, %esp
8d 44 24 14                   leal  0x14(%esp), %eax
83 ec 04                      sub $0x4, %esp
50                            pushl  %eax
e8 78 06 03 00                calll  0x80801a0
89 e5                         mov %esp, %ebp
53                            pushl  %ebx
e8 d5 85 fc ff                calll  0x8048780
8b 1c 24                      movl  (%esp), %ebx
c3                            retl  
81 c3 55 8e 05 00             add $0x58e55, %ebx
81 ec ec 04 00 00             sub $0x4ec, %esp
8b 45 10                      movl  0x10(%ebp), %eax
upointer
83 7c 24 1c 00                cmpl  $0x0, 0x1c(%esp)
75 d8                         jnz 0x8048a0d
e8 dd 70 00 00                calll  0x804fb00
e8 7a 8c ff ff                calll  0x8048780
8b 1c 24                      movl  (%esp), %ebx
c3                            retl  
81 c3 fa 94 08 00             add $0x894fa, %ebx
83 ec 08                      sub $0x8, %esp
8d 44 24 14                   leal  0x14(%esp), %eax
83 ec 04                      sub $0x4, %esp
50                            pushl  %eax
e8 78 06 03 00                calll  0x80801a0
89 e5                         mov %esp, %ebp
53                            pushl  %ebx
e8 d5 85 fc ff                calll  0x8048780
8b 1c 24                      movl  (%esp), %ebx
c3                            retl  
81 c3 55 8e 05 00             add $0x58e55, %ebx
81 ec ec 04 00 00             sub $0x4ec, %esp
8b 45 10                      movl  0x10(%ebp), %eax
upointer
83 7c 24 1c 00                cmpl  $0x0, 0x1c(%esp)
75 d8                         jnz 0x8048a0d
e8 dd 70 00 00                calll  0x804fb00
e8 7a 8c ff ff                calll  0x8048780
8b 1c 24                      movl  (%esp), %ebx
c3                            retl  
81 c3 fa 94 08 00             add $0x894fa, %ebx
83 ec 08                      sub $0x8, %esp
8d 44 24 14                   leal  0x14(%esp), %eax
83 ec 04                      sub $0x4, %esp
50                            pushl  %eax
e8 78 06 03 00                calll  0x80801a0
89 e5                         mov %esp, %ebp
53                            pushl  %ebx
e8 d5 85 fc ff                calll  0x8048780
8b 1c 24                      movl  (%esp), %ebx
c3                            retl  
81 c3 55 8e 05 00             add $0x58e55, %ebx
81 ec ec 04 00 00             sub $0x4ec, %esp
8b 45 10                      movl  0x10(%ebp), %eax
upointer
83 7c 24 1c 00                cmpl  $0x0, 0x1c(%esp)
75 d8                         jnz 0x8048a0d
e8 dd 70 00 00                calll  0x804fb00
e8 7a 8c ff ff                calll  0x8048780
8b 1c 24                      movl  (%esp), %ebx
c3                            retl  
81 c3 fa 94 08 00             add $0x894fa, %ebx
83 ec 08                      sub $0x8, %esp
8d 44 24 14                   leal  0x14(%esp), %eax
83 ec 04                      sub $0x4, %esp
50                            pushl  %eax
e8 78 06 03 00                calll  0x80801a0
89 e5                         mov %esp, %ebp
53                            pushl  %ebx
e8 d5 85 fc ff                calll  0x8048780
8b 1c 24                      movl  (%esp), %ebx
c3                            retl  
81 c3 55 8e 05 00             add $0x58e55, %ebx
81 ec ec 04 00 00             sub $0x4ec, %esp
8b 45 10                      movl  0x10(%ebp), %eax
upointer
83 7c 24 1c 00                cmpl  $0x0, 0x1c(%esp)
75 d8                         jnz 0x8048a0d
e8 ef 78 00 00                calll  0x8050330
e8 a9 cc ff ff                calll  0x804cfe3
8b 3c 24                      movl  (%esp), %edi
c3                            retl  
81 c7 c6 8c 08 00             add $0x88cc6, %edi
83 ec 1c                      sub $0x1c, %esp
75 3d                         jnz 0x8050398
74 28                         jz 0x8050394
74 01                         jz 0x805037c
74 07                         jz 0x8050388
73 4c                         jnb 0x80503f0
75 27                         jnz 0x80503df
75 1e                         jnz 0x80503df
74 01                         jz 0x80503d3
74 07                         jz 0x80503df
c3                            retl  
e8 2b 44 01 00                calll  0x805ce80
e8 f7 b8 fe ff                calll  0x8048780
upointer
8b 44 24 10                   movl  0x10(%esp), %eax
8d 50 08                      leal  0x8(%eax), %edx
89 50 04                      movl  %edx, 0x4(%eax)
8b 40 04                      movl  0x4(%eax), %eax
8b 40 04                      movl  0x4(%eax), %eax
8b 40 04                      movl  0x4(%eax), %eax
89 44 24 1c                   movl  %eax, 0x1c(%esp)
83 7c 24 1c 00                cmpl  $0x0, 0x1c(%esp)
75 d8                         jnz 0x8048a96
8b 44 24 1c                   movl  0x1c(%esp), %eax
e8 54 70 00 00                calll  0x804fb00
e8 7a 8c ff ff                calll  0x8048780
8b 1c 24                      movl  (%esp), %ebx
c3                            retl  
81 c3 fa 94 08 00             add $0x894fa, %ebx
83 ec 08                      sub $0x8, %esp
8d 44 24 14                   leal  0x14(%esp), %eax
83 ec 04                      sub $0x4, %esp
50                            pushl  %eax
e8 78 06 03 00                calll  0x80801a0
upointer
8b 44 24 10                   movl  0x10(%esp), %eax
89 44 24 1c                   movl  %eax, 0x1c(%esp)
83 7c 24 1c 00                cmpl  $0x0, 0x1c(%esp)
75 d8                         jnz 0x8048a96
8b 44 24 1c                   movl  0x1c(%esp), %eax
e8 54 70 00 00                calll  0x804fb00
e8 7a 8c ff ff                calll  0x8048780
8b 1c 24                      movl  (%esp), %ebx
c3                            retl  
81 c3 fa 94 08 00             add $0x894fa, %ebx
83 ec 08                      sub $0x8, %esp
8d 44 24 14                   leal  0x14(%esp), %eax
83 ec 04                      sub $0x4, %esp
50                            pushl  %eax
e8 78 06 03 00                calll  0x80801a0
89 e5                         mov %esp, %ebp
53                            pushl  %ebx
e8 d5 85 fc ff                calll  0x8048780
8b 1c 24                      movl  (%esp), %ebx
c3                            retl  
upointer
83 7c 24 1c 00                cmpl  $0x0, 0x1c(%esp)
75 d8                         jnz 0x8048a96
e8 54 70 00 00                calll  0x804fb00
e8 7a 8c ff ff                calll  0x8048780
8b 1c 24                      movl  (%esp), %ebx
c3                            retl  
81 c3 fa 94 08 00             add $0x894fa, %ebx
83 ec 08                      sub $0x8, %esp
8d 44 24 14                   leal  0x14(%esp), %eax
83 ec 04                      sub $0x4, %esp
50                            pushl  %eax
e8 78 06 03 00                calll  0x80801a0
89 e5                         mov %esp, %ebp
53                            pushl  %ebx
e8 d5 85 fc ff                calll  0x8048780
8b 1c 24                      movl  (%esp), %ebx
c3                            retl  
81 c3 55 8e 05 00             add $0x58e55, %ebx
81 ec ec 04 00 00             sub $0x4ec, %esp
8b 45 10                      movl  0x10(%ebp), %eax
upointer
83 7c 24 1c 00                cmpl  $0x0, 0x1c(%esp)
75 d8                         jnz 0x8048a96
e8 54 70 00 00                calll  0x804fb00
e8 7a 8c ff ff                calll  0x8048780
8b 1c 24                      movl  (%esp), %ebx
c3                            retl  
81 c3 fa 94 08 00             add $0x894fa, %ebx
83 ec 08                      sub $0x8, %esp
8d 44 24 14                   leal  0x14(%esp), %eax
83 ec 04                      sub $0x4, %esp
50                            pushl  %eax
e8 78 06 03 00                calll  0x80801a0
89 e5                         mov %esp, %ebp
53                            pushl  %ebx
e8 d5 85 fc ff                calll  0x8048780
8b 1c 24                      movl  (%esp), %ebx
c3                            retl  
81 c3 55 8e 05 00             add $0x58e55, %ebx
81 ec ec 04 00 00             sub $0x4ec, %esp
8b 45 10                      movl  0x10(%ebp), %eax
upointer
83 7c 24 1c 00                cmpl  $0x0, 0x1c(%esp)
75 d8                         jnz 0x8048a96
e8 66 78 00 00                calll  0x8050330
e8 a9 cc ff ff                calll  0x804cfe3
8b 3c 24                      movl  (%esp), %edi
c3                            retl  
81 c7 c6 8c 08 00             add $0x88cc6, %edi
83 ec 1c                      sub $0x1c, %esp
75 3d                         jnz 0x8050398
74 28                         jz 0x8050394
74 01                         jz 0x805037c
74 07                         jz 0x8050388
73 4c                         jnb 0x80503f0
75 27                         jnz 0x80503df
75 1e                         jnz 0x80503df
74 01                         jz 0x80503d3
74 07                         jz 0x80503df
c3                            retl  
e8 8e fd ff ff                calll  0x8048874
89 e5                         mov %esp, %ebp
upointer
8b 44 24 10                   movl  0x10(%esp), %eax
89 04 24                      movl  %eax, (%esp)
8b 45 08                      movl  0x8(%ebp), %eax
89 45 f4                      movl  %eax, -0xc(%ebp)
8b 45 f4                      movl  -0xc(%ebp), %eax
89 45 e8                      movl  %eax, -0x18(%ebp)
8b 45 f4                      movl  -0xc(%ebp), %eax
8b 45 f4                      movl  -0xc(%ebp), %eax
8b 45 f4                      movl  -0xc(%ebp), %eax
89 45 f8                      movl  %eax, -0x8(%ebp)
8b 55 f8                      movl  -0x8(%ebp), %edx
89 50 04                      movl  %edx, 0x4(%eax)
8b 45 e8                      movl  -0x18(%ebp), %eax
8b 40 04                      movl  0x4(%eax), %eax
89 44 24 1c                   movl  %eax, 0x1c(%esp)
83 7c 24 1c 00                cmpl  $0x0, 0x1c(%esp)
75 d8                         jnz 0x8048aec
8b 44 24 1c                   movl  0x1c(%esp), %eax
e8 fe 6f 00 00                calll  0x804fb00
e8 7a 8c ff ff                calll  0x8048780
upointer
8b 45 ec                      movl  -0x14(%ebp), %eax
89 45 fc                      movl  %eax, -0x4(%ebp)
8b 45 fc                      movl  -0x4(%ebp), %eax
89 45 e8                      movl  %eax, -0x18(%ebp)
8b 45 e8                      movl  -0x18(%ebp), %eax
89 45 e4                      movl  %eax, -0x1c(%ebp)
83 7d fc 00                   cmpl  $0x0, -0x4(%ebp)
74 0b                         jz 0x8048928
upointer
8b 45 fc                      movl  -0x4(%ebp), %eax
89 45 e8                      movl  %eax, -0x18(%ebp)
8b 45 e8                      movl  -0x18(%ebp), %eax
89 45 e4                      movl  %eax, -0x1c(%ebp)
upointer
8b 45 e0                      movl  -0x20(%ebp), %eax
89 45 f8                      movl  %eax, -0x8(%ebp)
8b 55 f8                      movl  -0x8(%ebp), %edx
89 50 04                      movl  %edx, 0x4(%eax)
int
8b 45 f0                      movl  -0x10(%ebp), %eax
8d 50 ff                      leal  -0x1(%eax), %edx
89 55 f0                      movl  %edx, -0x10(%ebp)
85 c0                         test %eax, %eax
75 d5                         jnz 0x80488e0
8b 45 f0                      movl  -0x10(%ebp), %eax
8d 50 ff                      leal  -0x1(%eax), %edx
89 55 f0                      movl  %edx, -0x10(%ebp)
85 c0                         test %eax, %eax
75 d5                         jnz 0x80488e0
8b 45 f0                      movl  -0x10(%ebp), %eax
8d 50 ff                      leal  -0x1(%eax), %edx
89 55 f0                      movl  %edx, -0x10(%ebp)
85 c0                         test %eax, %eax
75 d5                         jnz 0x80488e0
74 0b                         jz 0x8048928
upointer
8b 45 f4                      movl  -0xc(%ebp), %eax
89 45 f8                      movl  %eax, -0x8(%ebp)
8b 55 f8                      movl  -0x8(%ebp), %edx
89 50 04                      movl  %edx, 0x4(%eax)
8b 40 04                      movl  0x4(%eax), %eax
89 44 24 1c                   movl  %eax, 0x1c(%esp)
83 7c 24 1c 00                cmpl  $0x0, 0x1c(%esp)
75 d8                         jnz 0x8048aec
8b 44 24 1c                   movl  0x1c(%esp), %eax
e8 fe 6f 00 00                calll  0x804fb00
e8 7a 8c ff ff                calll  0x8048780
8b 1c 24                      movl  (%esp), %ebx
c3                            retl  
81 c3 fa 94 08 00             add $0x894fa, %ebx
83 ec 08                      sub $0x8, %esp
8d 44 24 14                   leal  0x14(%esp), %eax
83 ec 04                      sub $0x4, %esp
50                            pushl  %eax
e8 78 06 03 00                calll  0x80801a0
89 e5                         mov %esp, %ebp
upointer
8b 45 e0                      movl  -0x20(%ebp), %eax
89 45 f4                      movl  %eax, -0xc(%ebp)
8b 45 f4                      movl  -0xc(%ebp), %eax
8b 45 f4                      movl  -0xc(%ebp), %eax
8b 45 f4                      movl  -0xc(%ebp), %eax
89 45 f8                      movl  %eax, -0x8(%ebp)
8b 45 f8                      movl  -0x8(%ebp), %eax
89 45 e4                      movl  %eax, -0x1c(%ebp)
8b 45 e4                      movl  -0x1c(%ebp), %eax
89 45 08                      movl  %eax, 0x8(%ebp)
8b 45 08                      movl  0x8(%ebp), %eax
89 44 24 1c                   movl  %eax, 0x1c(%esp)
83 7c 24 1c 00                cmpl  $0x0, 0x1c(%esp)
75 d8                         jnz 0x8048aec
8b 44 24 1c                   movl  0x1c(%esp), %eax
e8 fe 6f 00 00                calll  0x804fb00
e8 7a 8c ff ff                calll  0x8048780
8b 1c 24                      movl  (%esp), %ebx
c3                            retl  
81 c3 fa 94 08 00             add $0x894fa, %ebx
int
8b 45 f0                      movl  -0x10(%ebp), %eax
8d 50 ff                      leal  -0x1(%eax), %edx
89 55 f0                      movl  %edx, -0x10(%ebp)
85 c0                         test %eax, %eax
75 d5                         jnz 0x80488e0
8b 45 f0                      movl  -0x10(%ebp), %eax
8d 50 ff                      leal  -0x1(%eax), %edx
89 55 f0                      movl  %edx, -0x10(%ebp)
85 c0                         test %eax, %eax
75 d5                         jnz 0x80488e0
74 0b                         jz 0x8048928
upointer
8b 55 f8                      movl  -0x8(%ebp), %edx
89 50 04                      movl  %edx, 0x4(%eax)
8b 40 04                      movl  0x4(%eax), %eax
89 44 24 1c                   movl  %eax, 0x1c(%esp)
83 7c 24 1c 00                cmpl  $0x0, 0x1c(%esp)
75 d8                         jnz 0x8048aec
8b 44 24 1c                   movl  0x1c(%esp), %eax
e8 fe 6f 00 00                calll  0x804fb00
e8 7a 8c ff ff                calll  0x8048780
8b 1c 24                      movl  (%esp), %ebx
c3                            retl  
81 c3 fa 94 08 00             add $0x894fa, %ebx
83 ec 08                      sub $0x8, %esp
8d 44 24 14                   leal  0x14(%esp), %eax
83 ec 04                      sub $0x4, %esp
50                            pushl  %eax
e8 78 06 03 00                calll  0x80801a0
89 e5                         mov %esp, %ebp
53                            pushl  %ebx
e8 d5 85 fc ff                calll  0x8048780
upointer
8b 45 f4                      movl  -0xc(%ebp), %eax
89 45 f8                      movl  %eax, -0x8(%ebp)
8b 45 f8                      movl  -0x8(%ebp), %eax
89 45 e4                      movl  %eax, -0x1c(%ebp)
8b 45 e4                      movl  -0x1c(%ebp), %eax
89 45 08                      movl  %eax, 0x8(%ebp)
8b 45 08                      movl  0x8(%ebp), %eax
89 44 24 1c                   movl  %eax, 0x1c(%esp)
83 7c 24 1c 00                cmpl  $0x0, 0x1c(%esp)
75 d8                         jnz 0x8048aec
8b 44 24 1c                   movl  0x1c(%esp), %eax
e8 fe 6f 00 00                calll  0x804fb00
e8 7a 8c ff ff                calll  0x8048780
8b 1c 24                      movl  (%esp), %ebx
c3                            retl  
81 c3 fa 94 08 00             add $0x894fa, %ebx
83 ec 08                      sub $0x8, %esp
8d 44 24 14                   leal  0x14(%esp), %eax
83 ec 04                      sub $0x4, %esp
50                            pushl  %eax
upointer
8b 45 e0                      movl  -0x20(%ebp), %eax
89 45 f4                      movl  %eax, -0xc(%ebp)
8b 45 f4                      movl  -0xc(%ebp), %eax
89 45 ec                      movl  %eax, -0x14(%ebp)
8b 55 ec                      movl  -0x14(%ebp), %edx
89 50 04                      movl  %edx, 0x4(%eax)
8b 40 04                      movl  0x4(%eax), %eax
89 44 24 1c                   movl  %eax, 0x1c(%esp)
83 7c 24 1c 00                cmpl  $0x0, 0x1c(%esp)
75 d8                         jnz 0x8048aec
e8 10 78 00 00                calll  0x8050330
e8 a9 cc ff ff                calll  0x804cfe3
8b 3c 24                      movl  (%esp), %edi
c3                            retl  
81 c7 c6 8c 08 00             add $0x88cc6, %edi
83 ec 1c                      sub $0x1c, %esp
75 3d                         jnz 0x8050398
74 28                         jz 0x8050394
74 01                         jz 0x805037c
74 07                         jz 0x8050388
int
8b 45 f0                      movl  -0x10(%ebp), %eax
8d 50 ff                      leal  -0x1(%eax), %edx
89 55 f0                      movl  %edx, -0x10(%ebp)
85 c0                         test %eax, %eax
75 d5                         jnz 0x80488e0
74 0b                         jz 0x8048928
upointer
8b 45 f4                      movl  -0xc(%ebp), %eax
89 45 ec                      movl  %eax, -0x14(%ebp)
8b 55 ec                      movl  -0x14(%ebp), %edx
89 50 04                      movl  %edx, 0x4(%eax)
8b 40 04                      movl  0x4(%eax), %eax
89 44 24 1c                   movl  %eax, 0x1c(%esp)
83 7c 24 1c 00                cmpl  $0x0, 0x1c(%esp)
75 d8                         jnz 0x8048aec
e8 10 78 00 00                calll  0x8050330
e8 a9 cc ff ff                calll  0x804cfe3
8b 3c 24                      movl  (%esp), %edi
c3                            retl  
81 c7 c6 8c 08 00             add $0x88cc6, %edi
83 ec 1c                      sub $0x1c, %esp
75 3d                         jnz 0x8050398
74 28                         jz 0x8050394
74 01                         jz 0x805037c
74 07                         jz 0x8050388
73 4c                         jnb 0x80503f0
75 27                         jnz 0x80503df
upointer
8b 45 f8                      movl  -0x8(%ebp), %eax
89 45 e4                      movl  %eax, -0x1c(%ebp)
8b 45 e4                      movl  -0x1c(%ebp), %eax
89 45 08                      movl  %eax, 0x8(%ebp)
8b 45 08                      movl  0x8(%ebp), %eax
89 44 24 1c                   movl  %eax, 0x1c(%esp)
83 7c 24 1c 00                cmpl  $0x0, 0x1c(%esp)
75 d8                         jnz 0x8048aec
8b 44 24 1c                   movl  0x1c(%esp), %eax
e8 fe 6f 00 00                calll  0x804fb00
e8 7a 8c ff ff                calll  0x8048780
8b 1c 24                      movl  (%esp), %ebx
c3                            retl  
81 c3 fa 94 08 00             add $0x894fa, %ebx
83 ec 08                      sub $0x8, %esp
8d 44 24 14                   leal  0x14(%esp), %eax
83 ec 04                      sub $0x4, %esp
50                            pushl  %eax
e8 78 06 03 00                calll  0x80801a0
89 e5                         mov %esp, %ebp
upointer
8b 45 e4                      movl  -0x1c(%ebp), %eax
89 45 08                      movl  %eax, 0x8(%ebp)
8b 45 08                      movl  0x8(%ebp), %eax
89 44 24 1c                   movl  %eax, 0x1c(%esp)
83 7c 24 1c 00                cmpl  $0x0, 0x1c(%esp)
75 d8                         jnz 0x8048aec
8b 44 24 1c                   movl  0x1c(%esp), %eax
e8 fe 6f 00 00                calll  0x804fb00
e8 7a 8c ff ff                calll  0x8048780
8b 1c 24                      movl  (%esp), %ebx
c3                            retl  
81 c3 fa 94 08 00             add $0x894fa, %ebx
83 ec 08                      sub $0x8, %esp
8d 44 24 14                   leal  0x14(%esp), %eax
83 ec 04                      sub $0x4, %esp
50                            pushl  %eax
e8 78 06 03 00                calll  0x80801a0
89 e5                         mov %esp, %ebp
53                            pushl  %ebx
e8 d5 85 fc ff                calll  0x8048780
upointer
8b 55 ec                      movl  -0x14(%ebp), %edx
89 50 04                      movl  %edx, 0x4(%eax)
8b 40 04                      movl  0x4(%eax), %eax
89 44 24 1c                   movl  %eax, 0x1c(%esp)
83 7c 24 1c 00                cmpl  $0x0, 0x1c(%esp)
75 d8                         jnz 0x8048aec
e8 10 78 00 00                calll  0x8050330
e8 a9 cc ff ff                calll  0x804cfe3
8b 3c 24                      movl  (%esp), %edi
c3                            retl  
81 c7 c6 8c 08 00             add $0x88cc6, %edi
83 ec 1c                      sub $0x1c, %esp
75 3d                         jnz 0x8050398
74 28                         jz 0x8050394
74 01                         jz 0x805037c
74 07                         jz 0x8050388
73 4c                         jnb 0x80503f0
75 27                         jnz 0x80503df
75 1e                         jnz 0x80503df
74 01                         jz 0x80503d3
upointer
83 7c 24 1c 00                cmpl  $0x0, 0x1c(%esp)
75 d8                         jnz 0x8048aec
e8 fe 6f 00 00                calll  0x804fb00
e8 7a 8c ff ff                calll  0x8048780
8b 1c 24                      movl  (%esp), %ebx
c3                            retl  
81 c3 fa 94 08 00             add $0x894fa, %ebx
83 ec 08                      sub $0x8, %esp
8d 44 24 14                   leal  0x14(%esp), %eax
83 ec 04                      sub $0x4, %esp
50                            pushl  %eax
e8 78 06 03 00                calll  0x80801a0
89 e5                         mov %esp, %ebp
53                            pushl  %ebx
e8 d5 85 fc ff                calll  0x8048780
8b 1c 24                      movl  (%esp), %ebx
c3                            retl  
81 c3 55 8e 05 00             add $0x58e55, %ebx
81 ec ec 04 00 00             sub $0x4ec, %esp
8b 45 10                      movl  0x10(%ebp), %eax
upointer
83 7c 24 1c 00                cmpl  $0x0, 0x1c(%esp)
75 d8                         jnz 0x8048aec
e8 fe 6f 00 00                calll  0x804fb00
e8 7a 8c ff ff                calll  0x8048780
8b 1c 24                      movl  (%esp), %ebx
c3                            retl  
81 c3 fa 94 08 00             add $0x894fa, %ebx
83 ec 08                      sub $0x8, %esp
8d 44 24 14                   leal  0x14(%esp), %eax
83 ec 04                      sub $0x4, %esp
50                            pushl  %eax
e8 78 06 03 00                calll  0x80801a0
89 e5                         mov %esp, %ebp
53                            pushl  %ebx
e8 d5 85 fc ff                calll  0x8048780
8b 1c 24                      movl  (%esp), %ebx
c3                            retl  
81 c3 55 8e 05 00             add $0x58e55, %ebx
81 ec ec 04 00 00             sub $0x4ec, %esp
8b 45 10                      movl  0x10(%ebp), %eax
upointer
83 7c 24 1c 00                cmpl  $0x0, 0x1c(%esp)
75 d8                         jnz 0x8048aec
e8 10 78 00 00                calll  0x8050330
e8 a9 cc ff ff                calll  0x804cfe3
8b 3c 24                      movl  (%esp), %edi
c3                            retl  
81 c7 c6 8c 08 00             add $0x88cc6, %edi
83 ec 1c                      sub $0x1c, %esp
75 3d                         jnz 0x8050398
74 28                         jz 0x8050394
74 01                         jz 0x805037c
74 07                         jz 0x8050388
73 4c                         jnb 0x80503f0
75 27                         jnz 0x80503df
75 1e                         jnz 0x80503df
74 01                         jz 0x80503d3
74 07                         jz 0x80503df
c3                            retl  
