upointer
8b 44 24 28                   movl  0x28(%esp), %eax
89 44 24 24                   movl  %eax, 0x24(%esp)
8b 44 24 24                   movl  0x24(%esp), %eax
8b 44 24 24                   movl  0x24(%esp), %eax
8b 44 24 24                   movl  0x24(%esp), %eax
8b 44 24 24                   movl  0x24(%esp), %eax
8b 44 24 24                   movl  0x24(%esp), %eax
8b 44 24 24                   movl  0x24(%esp), %eax
89 04 24                      movl  %eax, (%esp)
83 7d 08 00                   cmpl  $0x0, 0x8(%ebp)
75 0a                         jnz 0x804893e
e8 40 45 01 00                calll  0x805cea0
e8 d7 b8 fe ff                calll  0x8048780
8b 1c 24                      movl  (%esp), %ebx
c3                            retl  
81 c3 57 c1 07 00             add $0x7c157, %ebx
83 ec 1c                      sub $0x1c, %esp
76 08                         jbe 0x805ced2
0f 85 d0 01 00 00             jnz 0x805d0b0
0f 84 22 02 00 00             jz 0x805d110
upointer
83 44 24 28 0c                addl  $0xc, 0x28(%esp)
8b 54 24 28                   movl  0x28(%esp), %edx
89 50 04                      movl  %edx, 0x4(%eax)
8b 44 24 28                   movl  0x28(%esp), %eax
8b 40 04                      movl  0x4(%eax), %eax
83 44 24 28 0c                addl  $0xc, 0x28(%esp)
8b 54 24 28                   movl  0x28(%esp), %edx
89 50 04                      movl  %edx, 0x4(%eax)
8b 44 24 28                   movl  0x28(%esp), %eax
8b 44 24 28                   movl  0x28(%esp), %eax
8b 44 24 28                   movl  0x28(%esp), %eax
8b 44 24 28                   movl  0x28(%esp), %eax
8b 40 04                      movl  0x4(%eax), %eax
83 44 24 28 0c                addl  $0xc, 0x28(%esp)
8b 54 24 28                   movl  0x28(%esp), %edx
89 50 08                      movl  %edx, 0x8(%eax)
8b 44 24 28                   movl  0x28(%esp), %eax
8b 44 24 28                   movl  0x28(%esp), %eax
8b 44 24 28                   movl  0x28(%esp), %eax
8b 44 24 28                   movl  0x28(%esp), %eax
upointer
8b 54 24 28                   movl  0x28(%esp), %edx
89 50 04                      movl  %edx, 0x4(%eax)
8b 40 04                      movl  0x4(%eax), %eax
8b 40 04                      movl  0x4(%eax), %eax
8b 40 04                      movl  0x4(%eax), %eax
89 45 f4                      movl  %eax, -0xc(%ebp)
83 7d f4 00                   cmpl  $0x0, -0xc(%ebp)
74 1d                         jz 0x804898e
8b 45 f4                      movl  -0xc(%ebp), %eax
89 44 24 04                   movl  %eax, 0x4(%esp)
e8 f1 fe ff ff                calll  0x8048874
74 41                         jz 0x80488c1
e8 0c 46 01 00                calll  0x805cea0
e8 d7 b8 fe ff                calll  0x8048780
8b 1c 24                      movl  (%esp), %ebx
c3                            retl  
81 c3 57 c1 07 00             add $0x7c157, %ebx
83 ec 1c                      sub $0x1c, %esp
76 08                         jbe 0x805ced2
0f 85 d0 01 00 00             jnz 0x805d0b0
upointer
83 44 24 28 0c                addl  $0xc, 0x28(%esp)
8b 54 24 28                   movl  0x28(%esp), %edx
89 50 04                      movl  %edx, 0x4(%eax)
8b 44 24 28                   movl  0x28(%esp), %eax
8b 44 24 28                   movl  0x28(%esp), %eax
8b 44 24 28                   movl  0x28(%esp), %eax
8b 44 24 28                   movl  0x28(%esp), %eax
83 44 24 28 0c                addl  $0xc, 0x28(%esp)
8b 54 24 28                   movl  0x28(%esp), %edx
89 50 08                      movl  %edx, 0x8(%eax)
8b 44 24 28                   movl  0x28(%esp), %eax
8b 44 24 28                   movl  0x28(%esp), %eax
8b 44 24 28                   movl  0x28(%esp), %eax
8b 44 24 28                   movl  0x28(%esp), %eax
83 44 24 28 0c                addl  $0xc, 0x28(%esp)
8b 54 24 28                   movl  0x28(%esp), %edx
89 50 08                      movl  %edx, 0x8(%eax)
8b 44 24 28                   movl  0x28(%esp), %eax
8b 44 24 28                   movl  0x28(%esp), %eax
8b 44 24 28                   movl  0x28(%esp), %eax
upointer
8b 54 24 28                   movl  0x28(%esp), %edx
89 50 04                      movl  %edx, 0x4(%eax)
8b 40 04                      movl  0x4(%eax), %eax
89 45 f4                      movl  %eax, -0xc(%ebp)
83 7d f4 00                   cmpl  $0x0, -0xc(%ebp)
74 1d                         jz 0x804898e
8b 45 f4                      movl  -0xc(%ebp), %eax
89 44 24 04                   movl  %eax, 0x4(%esp)
e8 f1 fe ff ff                calll  0x8048874
74 41                         jz 0x80488c1
e8 0c 46 01 00                calll  0x805cea0
e8 d7 b8 fe ff                calll  0x8048780
8b 1c 24                      movl  (%esp), %ebx
c3                            retl  
81 c3 57 c1 07 00             add $0x7c157, %ebx
83 ec 1c                      sub $0x1c, %esp
76 08                         jbe 0x805ced2
0f 85 d0 01 00 00             jnz 0x805d0b0
0f 84 22 02 00 00             jz 0x805d110
0f 85 34 02 00 00             jnz 0x805d130
upointer
83 44 24 28 0c                addl  $0xc, 0x28(%esp)
8b 54 24 28                   movl  0x28(%esp), %edx
89 50 08                      movl  %edx, 0x8(%eax)
8b 44 24 28                   movl  0x28(%esp), %eax
8b 44 24 28                   movl  0x28(%esp), %eax
8b 44 24 28                   movl  0x28(%esp), %eax
8b 44 24 28                   movl  0x28(%esp), %eax
83 44 24 28 0c                addl  $0xc, 0x28(%esp)
8b 54 24 28                   movl  0x28(%esp), %edx
89 50 08                      movl  %edx, 0x8(%eax)
8b 44 24 28                   movl  0x28(%esp), %eax
8b 44 24 28                   movl  0x28(%esp), %eax
8b 44 24 28                   movl  0x28(%esp), %eax
8b 44 24 28                   movl  0x28(%esp), %eax
8b 40 08                      movl  0x8(%eax), %eax
89 45 f4                      movl  %eax, -0xc(%ebp)
83 7d f4 00                   cmpl  $0x0, -0xc(%ebp)
74 1d                         jz 0x804898e
8b 45 f4                      movl  -0xc(%ebp), %eax
89 44 24 04                   movl  %eax, 0x4(%esp)
upointer
8b 54 24 28                   movl  0x28(%esp), %edx
89 50 08                      movl  %edx, 0x8(%eax)
8b 40 08                      movl  0x8(%eax), %eax
89 45 f4                      movl  %eax, -0xc(%ebp)
83 7d f4 00                   cmpl  $0x0, -0xc(%ebp)
74 1d                         jz 0x804898e
8b 45 f4                      movl  -0xc(%ebp), %eax
89 44 24 04                   movl  %eax, 0x4(%esp)
e8 f1 fe ff ff                calll  0x8048874
74 41                         jz 0x80488c1
e8 0c 46 01 00                calll  0x805cea0
e8 d7 b8 fe ff                calll  0x8048780
8b 1c 24                      movl  (%esp), %ebx
c3                            retl  
81 c3 57 c1 07 00             add $0x7c157, %ebx
83 ec 1c                      sub $0x1c, %esp
76 08                         jbe 0x805ced2
0f 85 d0 01 00 00             jnz 0x805d0b0
0f 84 22 02 00 00             jz 0x805d110
0f 85 34 02 00 00             jnz 0x805d130
upointer
83 44 24 28 0c                addl  $0xc, 0x28(%esp)
8b 54 24 28                   movl  0x28(%esp), %edx
89 50 08                      movl  %edx, 0x8(%eax)
8b 44 24 28                   movl  0x28(%esp), %eax
8b 44 24 28                   movl  0x28(%esp), %eax
8b 44 24 28                   movl  0x28(%esp), %eax
8b 44 24 28                   movl  0x28(%esp), %eax
8b 40 08                      movl  0x8(%eax), %eax
89 45 f4                      movl  %eax, -0xc(%ebp)
83 7d f4 00                   cmpl  $0x0, -0xc(%ebp)
75 87                         jnz 0x804896b
83 7d f4 00                   cmpl  $0x0, -0xc(%ebp)
74 1d                         jz 0x804898e
8b 45 f4                      movl  -0xc(%ebp), %eax
89 44 24 04                   movl  %eax, 0x4(%esp)
e8 f1 fe ff ff                calll  0x8048874
74 41                         jz 0x80488c1
e8 0c 46 01 00                calll  0x805cea0
e8 d7 b8 fe ff                calll  0x8048780
8b 1c 24                      movl  (%esp), %ebx
upointer
8b 54 24 28                   movl  0x28(%esp), %edx
89 50 08                      movl  %edx, 0x8(%eax)
8b 40 08                      movl  0x8(%eax), %eax
89 45 f4                      movl  %eax, -0xc(%ebp)
83 7d f4 00                   cmpl  $0x0, -0xc(%ebp)
75 87                         jnz 0x804896b
83 7d f4 00                   cmpl  $0x0, -0xc(%ebp)
74 1d                         jz 0x804898e
8b 45 f4                      movl  -0xc(%ebp), %eax
89 44 24 04                   movl  %eax, 0x4(%esp)
e8 f1 fe ff ff                calll  0x8048874
74 41                         jz 0x80488c1
e8 0c 46 01 00                calll  0x805cea0
e8 d7 b8 fe ff                calll  0x8048780
8b 1c 24                      movl  (%esp), %ebx
c3                            retl  
81 c3 57 c1 07 00             add $0x7c157, %ebx
83 ec 1c                      sub $0x1c, %esp
76 08                         jbe 0x805ced2
0f 85 d0 01 00 00             jnz 0x805d0b0
upointer
8b 44 24 24                   movl  0x24(%esp), %eax
89 04 24                      movl  %eax, (%esp)
83 7d 08 00                   cmpl  $0x0, 0x8(%ebp)
75 0a                         jnz 0x804893e
e8 40 45 01 00                calll  0x805cea0
e8 d7 b8 fe ff                calll  0x8048780
8b 1c 24                      movl  (%esp), %ebx
c3                            retl  
81 c3 57 c1 07 00             add $0x7c157, %ebx
83 ec 1c                      sub $0x1c, %esp
76 08                         jbe 0x805ced2
0f 85 d0 01 00 00             jnz 0x805d0b0
0f 84 22 02 00 00             jz 0x805d110
0f 85 34 02 00 00             jnz 0x805d130
8d bb 20 05 00 00             leal  0x520(%ebx), %edi
89 f8                         mov %edi, %eax
e8 d1 d6 ff ff                calll  0x805a5f0
57                            pushl  %edi
53                            pushl  %ebx
e8 ca ee fe ff                calll  0x80494c6
upointer
83 7d f4 00                   cmpl  $0x0, -0xc(%ebp)
75 87                         jnz 0x804896b
74 1d                         jz 0x804898e
e8 f1 fe ff ff                calll  0x8048874
74 41                         jz 0x80488c1
e8 0c 46 01 00                calll  0x805cea0
e8 d7 b8 fe ff                calll  0x8048780
8b 1c 24                      movl  (%esp), %ebx
c3                            retl  
81 c3 57 c1 07 00             add $0x7c157, %ebx
83 ec 1c                      sub $0x1c, %esp
76 08                         jbe 0x805ced2
0f 85 d0 01 00 00             jnz 0x805d0b0
0f 84 22 02 00 00             jz 0x805d110
0f 85 34 02 00 00             jnz 0x805d130
8d bb 20 05 00 00             leal  0x520(%ebx), %edi
89 f8                         mov %edi, %eax
e8 d1 d6 ff ff                calll  0x805a5f0
57                            pushl  %edi
53                            pushl  %ebx
upointer
83 7d f4 00                   cmpl  $0x0, -0xc(%ebp)
74 1d                         jz 0x804898e
e8 f1 fe ff ff                calll  0x8048874
74 41                         jz 0x80488c1
e8 0c 46 01 00                calll  0x805cea0
e8 d7 b8 fe ff                calll  0x8048780
8b 1c 24                      movl  (%esp), %ebx
c3                            retl  
81 c3 57 c1 07 00             add $0x7c157, %ebx
83 ec 1c                      sub $0x1c, %esp
76 08                         jbe 0x805ced2
0f 85 d0 01 00 00             jnz 0x805d0b0
0f 84 22 02 00 00             jz 0x805d110
0f 85 34 02 00 00             jnz 0x805d130
8d bb 20 05 00 00             leal  0x520(%ebx), %edi
89 f8                         mov %edi, %eax
e8 d1 d6 ff ff                calll  0x805a5f0
57                            pushl  %edi
53                            pushl  %ebx
e8 ca ee fe ff                calll  0x80494c6
upointer
8b 45 f4                      movl  -0xc(%ebp), %eax
89 44 24 04                   movl  %eax, 0x4(%esp)
8b 55 0c                      movl  0xc(%ebp), %edx
89 10                         movl  %edx, (%eax)
8b 00                         movl  (%eax), %eax
89 45 f4                      movl  %eax, -0xc(%ebp)
8b 45 f4                      movl  -0xc(%ebp), %eax
8b 45 f4                      movl  -0xc(%ebp), %eax
upointer
83 7d f4 00                   cmpl  $0x0, -0xc(%ebp)
74 1d                         jz 0x804898e
e8 f1 fe ff ff                calll  0x8048874
74 41                         jz 0x80488c1
e8 0c 46 01 00                calll  0x805cea0
e8 d7 b8 fe ff                calll  0x8048780
8b 1c 24                      movl  (%esp), %ebx
c3                            retl  
81 c3 57 c1 07 00             add $0x7c157, %ebx
83 ec 1c                      sub $0x1c, %esp
76 08                         jbe 0x805ced2
0f 85 d0 01 00 00             jnz 0x805d0b0
0f 84 22 02 00 00             jz 0x805d110
0f 85 34 02 00 00             jnz 0x805d130
8d bb 20 05 00 00             leal  0x520(%ebx), %edi
89 f8                         mov %edi, %eax
e8 d1 d6 ff ff                calll  0x805a5f0
57                            pushl  %edi
53                            pushl  %ebx
e8 ca ee fe ff                calll  0x80494c6
upointer
8b 45 f4                      movl  -0xc(%ebp), %eax
89 44 24 04                   movl  %eax, 0x4(%esp)
8b 55 0c                      movl  0xc(%ebp), %edx
89 10                         movl  %edx, (%eax)
8b 00                         movl  (%eax), %eax
89 45 f4                      movl  %eax, -0xc(%ebp)
8b 45 f4                      movl  -0xc(%ebp), %eax
8b 45 f4                      movl  -0xc(%ebp), %eax
upointer
83 7d f4 00                   cmpl  $0x0, -0xc(%ebp)
74 1d                         jz 0x804898e
e8 f1 fe ff ff                calll  0x8048874
74 41                         jz 0x80488c1
e8 0c 46 01 00                calll  0x805cea0
e8 d7 b8 fe ff                calll  0x8048780
8b 1c 24                      movl  (%esp), %ebx
c3                            retl  
81 c3 57 c1 07 00             add $0x7c157, %ebx
83 ec 1c                      sub $0x1c, %esp
76 08                         jbe 0x805ced2
0f 85 d0 01 00 00             jnz 0x805d0b0
0f 84 22 02 00 00             jz 0x805d110
0f 85 34 02 00 00             jnz 0x805d130
8d bb 20 05 00 00             leal  0x520(%ebx), %edi
89 f8                         mov %edi, %eax
e8 d1 d6 ff ff                calll  0x805a5f0
57                            pushl  %edi
53                            pushl  %ebx
e8 ca ee fe ff                calll  0x80494c6
upointer
8b 45 f4                      movl  -0xc(%ebp), %eax
89 44 24 04                   movl  %eax, 0x4(%esp)
8b 55 0c                      movl  0xc(%ebp), %edx
89 10                         movl  %edx, (%eax)
8b 00                         movl  (%eax), %eax
89 45 f4                      movl  %eax, -0xc(%ebp)
8b 45 f4                      movl  -0xc(%ebp), %eax
8b 45 f4                      movl  -0xc(%ebp), %eax
upointer
83 7d f4 00                   cmpl  $0x0, -0xc(%ebp)
74 1d                         jz 0x804898e
e8 23 ff ff ff                calll  0x80488c3
74 07                         jz 0x80488d4
eb 05                         jmp 0x80488d9
c3                            retl  
e8 2d ff ff ff                calll  0x80488db
89 e5                         mov %esp, %ebp
83 ec 28                      sub $0x28, %esp
74 36                         jz 0x804891d
74 2d                         jz 0x804891d
e8 f3 3f 01 00                calll  0x805c910
e8 02 cf fe ff                calll  0x8049819
8b 34 24                      movl  (%esp), %esi
c3                            retl  
81 c6 e9 c6 07 00             add $0x7c6e9, %esi
83 ec 14                      sub $0x14, %esp
0f 85 7e 00 00 00             jnz 0x805c9b0
0f 84 83 00 00 00             jz 0x805c9bd
75 2b                         jnz 0x805c970
Unknow
8b 45 e8                      movl  -0x18(%ebp), %eax
89 04 24                      movl  %eax, (%esp)
8b 45 08                      movl  0x8(%ebp), %eax
85 c0                         test %eax, %eax
74 07                         jz 0x80488d4
8b 45 08                      movl  0x8(%ebp), %eax
eb 05                         jmp 0x80488d9
upointer
83 7d f4 00                   cmpl  $0x0, -0xc(%ebp)
74 1d                         jz 0x804898e
e8 23 ff ff ff                calll  0x80488c3
74 07                         jz 0x80488d4
eb 05                         jmp 0x80488d9
c3                            retl  
e8 2d ff ff ff                calll  0x80488db
89 e5                         mov %esp, %ebp
83 ec 28                      sub $0x28, %esp
74 36                         jz 0x804891d
74 2d                         jz 0x804891d
e8 f3 3f 01 00                calll  0x805c910
e8 02 cf fe ff                calll  0x8049819
8b 34 24                      movl  (%esp), %esi
c3                            retl  
81 c6 e9 c6 07 00             add $0x7c6e9, %esi
83 ec 14                      sub $0x14, %esp
0f 85 7e 00 00 00             jnz 0x805c9b0
0f 84 83 00 00 00             jz 0x805c9bd
75 2b                         jnz 0x805c970
Unknow
8b 45 e8                      movl  -0x18(%ebp), %eax
89 04 24                      movl  %eax, (%esp)
8b 45 08                      movl  0x8(%ebp), %eax
85 c0                         test %eax, %eax
74 07                         jz 0x80488d4
8b 45 08                      movl  0x8(%ebp), %eax
eb 05                         jmp 0x80488d9
upointer
83 7d f4 00                   cmpl  $0x0, -0xc(%ebp)
74 1d                         jz 0x804898e
e8 f1 fe ff ff                calll  0x8048874
74 41                         jz 0x80488c1
e8 0c 46 01 00                calll  0x805cea0
e8 d7 b8 fe ff                calll  0x8048780
8b 1c 24                      movl  (%esp), %ebx
c3                            retl  
81 c3 57 c1 07 00             add $0x7c157, %ebx
83 ec 1c                      sub $0x1c, %esp
76 08                         jbe 0x805ced2
0f 85 d0 01 00 00             jnz 0x805d0b0
0f 84 22 02 00 00             jz 0x805d110
0f 85 34 02 00 00             jnz 0x805d130
8d bb 20 05 00 00             leal  0x520(%ebx), %edi
89 f8                         mov %edi, %eax
e8 d1 d6 ff ff                calll  0x805a5f0
57                            pushl  %edi
53                            pushl  %ebx
e8 ca ee fe ff                calll  0x80494c6
upointer
8b 45 f4                      movl  -0xc(%ebp), %eax
89 44 24 04                   movl  %eax, 0x4(%esp)
8b 55 0c                      movl  0xc(%ebp), %edx
89 10                         movl  %edx, (%eax)
8b 00                         movl  (%eax), %eax
89 45 f4                      movl  %eax, -0xc(%ebp)
8b 45 f4                      movl  -0xc(%ebp), %eax
8b 45 f4                      movl  -0xc(%ebp), %eax
upointer
83 7d f4 00                   cmpl  $0x0, -0xc(%ebp)
74 1d                         jz 0x804898e
e8 23 ff ff ff                calll  0x80488c3
74 07                         jz 0x80488d4
eb 05                         jmp 0x80488d9
c3                            retl  
e8 2d ff ff ff                calll  0x80488db
89 e5                         mov %esp, %ebp
83 ec 28                      sub $0x28, %esp
74 36                         jz 0x804891d
74 2d                         jz 0x804891d
e8 f3 3f 01 00                calll  0x805c910
e8 02 cf fe ff                calll  0x8049819
8b 34 24                      movl  (%esp), %esi
c3                            retl  
81 c6 e9 c6 07 00             add $0x7c6e9, %esi
83 ec 14                      sub $0x14, %esp
0f 85 7e 00 00 00             jnz 0x805c9b0
0f 84 83 00 00 00             jz 0x805c9bd
75 2b                         jnz 0x805c970
Unknow
8b 45 e8                      movl  -0x18(%ebp), %eax
89 04 24                      movl  %eax, (%esp)
8b 45 08                      movl  0x8(%ebp), %eax
85 c0                         test %eax, %eax
74 07                         jz 0x80488d4
8b 45 08                      movl  0x8(%ebp), %eax
eb 05                         jmp 0x80488d9
upointer
83 7d f4 00                   cmpl  $0x0, -0xc(%ebp)
74 1d                         jz 0x804898e
e8 23 ff ff ff                calll  0x80488c3
74 07                         jz 0x80488d4
eb 05                         jmp 0x80488d9
c3                            retl  
e8 2d ff ff ff                calll  0x80488db
89 e5                         mov %esp, %ebp
83 ec 28                      sub $0x28, %esp
74 36                         jz 0x804891d
74 2d                         jz 0x804891d
e8 f3 3f 01 00                calll  0x805c910
e8 02 cf fe ff                calll  0x8049819
8b 34 24                      movl  (%esp), %esi
c3                            retl  
81 c6 e9 c6 07 00             add $0x7c6e9, %esi
83 ec 14                      sub $0x14, %esp
0f 85 7e 00 00 00             jnz 0x805c9b0
0f 84 83 00 00 00             jz 0x805c9bd
75 2b                         jnz 0x805c970
Unknow
8b 45 e8                      movl  -0x18(%ebp), %eax
89 04 24                      movl  %eax, (%esp)
8b 45 08                      movl  0x8(%ebp), %eax
85 c0                         test %eax, %eax
74 07                         jz 0x80488d4
8b 45 08                      movl  0x8(%ebp), %eax
eb 05                         jmp 0x80488d9
upointer
83 7d f4 00                   cmpl  $0x0, -0xc(%ebp)
75 87                         jnz 0x804896b
74 1d                         jz 0x804898e
e8 f1 fe ff ff                calll  0x8048874
74 41                         jz 0x80488c1
e8 0c 46 01 00                calll  0x805cea0
e8 d7 b8 fe ff                calll  0x8048780
8b 1c 24                      movl  (%esp), %ebx
c3                            retl  
81 c3 57 c1 07 00             add $0x7c157, %ebx
83 ec 1c                      sub $0x1c, %esp
76 08                         jbe 0x805ced2
0f 85 d0 01 00 00             jnz 0x805d0b0
0f 84 22 02 00 00             jz 0x805d110
0f 85 34 02 00 00             jnz 0x805d130
8d bb 20 05 00 00             leal  0x520(%ebx), %edi
89 f8                         mov %edi, %eax
e8 d1 d6 ff ff                calll  0x805a5f0
57                            pushl  %edi
53                            pushl  %ebx
upointer
83 7d f4 00                   cmpl  $0x0, -0xc(%ebp)
74 1d                         jz 0x804898e
e8 f1 fe ff ff                calll  0x8048874
74 41                         jz 0x80488c1
e8 0c 46 01 00                calll  0x805cea0
e8 d7 b8 fe ff                calll  0x8048780
8b 1c 24                      movl  (%esp), %ebx
c3                            retl  
81 c3 57 c1 07 00             add $0x7c157, %ebx
83 ec 1c                      sub $0x1c, %esp
76 08                         jbe 0x805ced2
0f 85 d0 01 00 00             jnz 0x805d0b0
0f 84 22 02 00 00             jz 0x805d110
0f 85 34 02 00 00             jnz 0x805d130
8d bb 20 05 00 00             leal  0x520(%ebx), %edi
89 f8                         mov %edi, %eax
e8 d1 d6 ff ff                calll  0x805a5f0
57                            pushl  %edi
53                            pushl  %ebx
e8 ca ee fe ff                calll  0x80494c6
upointer
8b 45 f4                      movl  -0xc(%ebp), %eax
89 44 24 04                   movl  %eax, 0x4(%esp)
8b 55 0c                      movl  0xc(%ebp), %edx
89 10                         movl  %edx, (%eax)
8b 00                         movl  (%eax), %eax
89 45 f4                      movl  %eax, -0xc(%ebp)
8b 45 f4                      movl  -0xc(%ebp), %eax
8b 45 f4                      movl  -0xc(%ebp), %eax
upointer
83 7d f4 00                   cmpl  $0x0, -0xc(%ebp)
74 1d                         jz 0x804898e
e8 23 ff ff ff                calll  0x80488c3
74 07                         jz 0x80488d4
eb 05                         jmp 0x80488d9
c3                            retl  
e8 2d ff ff ff                calll  0x80488db
89 e5                         mov %esp, %ebp
83 ec 28                      sub $0x28, %esp
74 36                         jz 0x804891d
74 2d                         jz 0x804891d
e8 f3 3f 01 00                calll  0x805c910
e8 02 cf fe ff                calll  0x8049819
8b 34 24                      movl  (%esp), %esi
c3                            retl  
81 c6 e9 c6 07 00             add $0x7c6e9, %esi
83 ec 14                      sub $0x14, %esp
0f 85 7e 00 00 00             jnz 0x805c9b0
0f 84 83 00 00 00             jz 0x805c9bd
75 2b                         jnz 0x805c970
Unknow
8b 45 e8                      movl  -0x18(%ebp), %eax
89 04 24                      movl  %eax, (%esp)
8b 45 08                      movl  0x8(%ebp), %eax
85 c0                         test %eax, %eax
74 07                         jz 0x80488d4
8b 45 08                      movl  0x8(%ebp), %eax
eb 05                         jmp 0x80488d9
upointer
8b 45 f0                      movl  -0x10(%ebp), %eax
89 44 24 20                   movl  %eax, 0x20(%esp)
8b 44 24 20                   movl  0x20(%esp), %eax
01 d0                         add %edx, %eax
8b 44 24 20                   movl  0x20(%esp), %eax
01 d0                         add %edx, %eax
8b 44 24 20                   movl  0x20(%esp), %eax
01 d0                         add %edx, %eax
8b 44 24 20                   movl  0x20(%esp), %eax
01 d0                         add %edx, %eax
8b 44 24 20                   movl  0x20(%esp), %eax
01 d0                         add %edx, %eax
int
39 44 24 2c                   cmpl  %eax, 0x2c(%esp)
7c ce                         jl 0x8048aff
e8 fe 6f 00 00                calll  0x804fb20
e8 5a 8c ff ff                calll  0x8048780
8b 1c 24                      movl  (%esp), %ebx
c3                            retl  
81 c3 da 94 08 00             add $0x894da, %ebx
83 ec 08                      sub $0x8, %esp
8d 44 24 14                   leal  0x14(%esp), %eax
83 ec 04                      sub $0x4, %esp
50                            pushl  %eax
e8 78 06 03 00                calll  0x80801c0
89 e5                         mov %esp, %ebp
53                            pushl  %ebx
e8 b5 85 fc ff                calll  0x8048780
8b 1c 24                      movl  (%esp), %ebx
c3                            retl  
81 c3 35 8e 05 00             add $0x58e35, %ebx
81 ec ec 04 00 00             sub $0x4ec, %esp
8b 45 10                      movl  0x10(%ebp), %eax
int
83 44 24 2c 01                addl  $0x1, 0x2c(%esp)
39 44 24 2c                   cmpl  %eax, 0x2c(%esp)
7c ce                         jl 0x8048aff
8b 44 24 2c                   movl  0x2c(%esp), %eax
e8 fe 6f 00 00                calll  0x804fb20
e8 5a 8c ff ff                calll  0x8048780
8b 1c 24                      movl  (%esp), %ebx
c3                            retl  
81 c3 da 94 08 00             add $0x894da, %ebx
83 ec 08                      sub $0x8, %esp
8d 44 24 14                   leal  0x14(%esp), %eax
83 ec 04                      sub $0x4, %esp
50                            pushl  %eax
e8 78 06 03 00                calll  0x80801c0
89 e5                         mov %esp, %ebp
53                            pushl  %ebx
e8 b5 85 fc ff                calll  0x8048780
8b 1c 24                      movl  (%esp), %ebx
c3                            retl  
81 c3 35 8e 05 00             add $0x58e35, %ebx
int
39 44 24 2c                   cmpl  %eax, 0x2c(%esp)
7c ce                         jl 0x8048aff
e8 fe 6f 00 00                calll  0x804fb20
e8 5a 8c ff ff                calll  0x8048780
8b 1c 24                      movl  (%esp), %ebx
c3                            retl  
81 c3 da 94 08 00             add $0x894da, %ebx
83 ec 08                      sub $0x8, %esp
8d 44 24 14                   leal  0x14(%esp), %eax
83 ec 04                      sub $0x4, %esp
50                            pushl  %eax
e8 78 06 03 00                calll  0x80801c0
89 e5                         mov %esp, %ebp
53                            pushl  %ebx
e8 b5 85 fc ff                calll  0x8048780
8b 1c 24                      movl  (%esp), %ebx
c3                            retl  
81 c3 35 8e 05 00             add $0x58e35, %ebx
81 ec ec 04 00 00             sub $0x4ec, %esp
8b 45 10                      movl  0x10(%ebp), %eax
int
83 44 24 2c 01                addl  $0x1, 0x2c(%esp)
39 44 24 2c                   cmpl  %eax, 0x2c(%esp)
7c ce                         jl 0x8048aff
8b 44 24 2c                   movl  0x2c(%esp), %eax
e8 fe 6f 00 00                calll  0x804fb20
e8 5a 8c ff ff                calll  0x8048780
8b 1c 24                      movl  (%esp), %ebx
c3                            retl  
81 c3 da 94 08 00             add $0x894da, %ebx
83 ec 08                      sub $0x8, %esp
8d 44 24 14                   leal  0x14(%esp), %eax
83 ec 04                      sub $0x4, %esp
50                            pushl  %eax
e8 78 06 03 00                calll  0x80801c0
89 e5                         mov %esp, %ebp
53                            pushl  %ebx
e8 b5 85 fc ff                calll  0x8048780
8b 1c 24                      movl  (%esp), %ebx
c3                            retl  
81 c3 35 8e 05 00             add $0x58e35, %ebx
int
39 44 24 2c                   cmpl  %eax, 0x2c(%esp)
7c ce                         jl 0x8048aff
e8 fe 6f 00 00                calll  0x804fb20
e8 5a 8c ff ff                calll  0x8048780
8b 1c 24                      movl  (%esp), %ebx
c3                            retl  
81 c3 da 94 08 00             add $0x894da, %ebx
83 ec 08                      sub $0x8, %esp
8d 44 24 14                   leal  0x14(%esp), %eax
83 ec 04                      sub $0x4, %esp
50                            pushl  %eax
e8 78 06 03 00                calll  0x80801c0
89 e5                         mov %esp, %ebp
53                            pushl  %ebx
e8 b5 85 fc ff                calll  0x8048780
8b 1c 24                      movl  (%esp), %ebx
c3                            retl  
81 c3 35 8e 05 00             add $0x58e35, %ebx
81 ec ec 04 00 00             sub $0x4ec, %esp
8b 45 10                      movl  0x10(%ebp), %eax
int
83 44 24 2c 01                addl  $0x1, 0x2c(%esp)
39 44 24 2c                   cmpl  %eax, 0x2c(%esp)
7c ce                         jl 0x8048aff
8b 44 24 2c                   movl  0x2c(%esp), %eax
e8 fe 6f 00 00                calll  0x804fb20
e8 5a 8c ff ff                calll  0x8048780
8b 1c 24                      movl  (%esp), %ebx
c3                            retl  
81 c3 da 94 08 00             add $0x894da, %ebx
83 ec 08                      sub $0x8, %esp
8d 44 24 14                   leal  0x14(%esp), %eax
83 ec 04                      sub $0x4, %esp
50                            pushl  %eax
e8 78 06 03 00                calll  0x80801c0
89 e5                         mov %esp, %ebp
53                            pushl  %ebx
e8 b5 85 fc ff                calll  0x8048780
8b 1c 24                      movl  (%esp), %ebx
c3                            retl  
81 c3 35 8e 05 00             add $0x58e35, %ebx
int
39 44 24 2c                   cmpl  %eax, 0x2c(%esp)
7c ce                         jl 0x8048aff
e8 fe 6f 00 00                calll  0x804fb20
e8 5a 8c ff ff                calll  0x8048780
8b 1c 24                      movl  (%esp), %ebx
c3                            retl  
81 c3 da 94 08 00             add $0x894da, %ebx
83 ec 08                      sub $0x8, %esp
8d 44 24 14                   leal  0x14(%esp), %eax
83 ec 04                      sub $0x4, %esp
50                            pushl  %eax
e8 78 06 03 00                calll  0x80801c0
89 e5                         mov %esp, %ebp
53                            pushl  %ebx
e8 b5 85 fc ff                calll  0x8048780
8b 1c 24                      movl  (%esp), %ebx
c3                            retl  
81 c3 35 8e 05 00             add $0x58e35, %ebx
81 ec ec 04 00 00             sub $0x4ec, %esp
8b 45 10                      movl  0x10(%ebp), %eax
int
83 44 24 2c 01                addl  $0x1, 0x2c(%esp)
39 44 24 2c                   cmpl  %eax, 0x2c(%esp)
7c ce                         jl 0x8048aff
8b 44 24 2c                   movl  0x2c(%esp), %eax
e8 fe 6f 00 00                calll  0x804fb20
e8 5a 8c ff ff                calll  0x8048780
8b 1c 24                      movl  (%esp), %ebx
c3                            retl  
81 c3 da 94 08 00             add $0x894da, %ebx
83 ec 08                      sub $0x8, %esp
8d 44 24 14                   leal  0x14(%esp), %eax
83 ec 04                      sub $0x4, %esp
50                            pushl  %eax
e8 78 06 03 00                calll  0x80801c0
89 e5                         mov %esp, %ebp
53                            pushl  %ebx
e8 b5 85 fc ff                calll  0x8048780
8b 1c 24                      movl  (%esp), %ebx
c3                            retl  
81 c3 35 8e 05 00             add $0x58e35, %ebx
int
39 44 24 2c                   cmpl  %eax, 0x2c(%esp)
7c ce                         jl 0x8048aff
e8 fe 6f 00 00                calll  0x804fb20
e8 5a 8c ff ff                calll  0x8048780
8b 1c 24                      movl  (%esp), %ebx
c3                            retl  
81 c3 da 94 08 00             add $0x894da, %ebx
83 ec 08                      sub $0x8, %esp
8d 44 24 14                   leal  0x14(%esp), %eax
83 ec 04                      sub $0x4, %esp
50                            pushl  %eax
e8 78 06 03 00                calll  0x80801c0
89 e5                         mov %esp, %ebp
53                            pushl  %ebx
e8 b5 85 fc ff                calll  0x8048780
8b 1c 24                      movl  (%esp), %ebx
c3                            retl  
81 c3 35 8e 05 00             add $0x58e35, %ebx
81 ec ec 04 00 00             sub $0x4ec, %esp
8b 45 10                      movl  0x10(%ebp), %eax
int
83 44 24 2c 01                addl  $0x1, 0x2c(%esp)
39 44 24 2c                   cmpl  %eax, 0x2c(%esp)
7c ce                         jl 0x8048aff
e8 13 78 00 00                calll  0x8050350
e8 a9 cc ff ff                calll  0x804d003
8b 3c 24                      movl  (%esp), %edi
c3                            retl  
81 c7 a6 8c 08 00             add $0x88ca6, %edi
83 ec 1c                      sub $0x1c, %esp
75 3d                         jnz 0x80503b8
74 28                         jz 0x80503b4
74 01                         jz 0x805039c
74 07                         jz 0x80503a8
73 4c                         jnb 0x8050410
75 27                         jnz 0x80503ff
75 1e                         jnz 0x80503ff
74 01                         jz 0x80503f3
74 07                         jz 0x80503ff
c3                            retl  
int
39 44 24 2c                   cmpl  %eax, 0x2c(%esp)
7c ce                         jl 0x8048aff
e8 13 78 00 00                calll  0x8050350
e8 a9 cc ff ff                calll  0x804d003
8b 3c 24                      movl  (%esp), %edi
c3                            retl  
81 c7 a6 8c 08 00             add $0x88ca6, %edi
83 ec 1c                      sub $0x1c, %esp
75 3d                         jnz 0x80503b8
74 28                         jz 0x80503b4
74 01                         jz 0x805039c
74 07                         jz 0x80503a8
73 4c                         jnb 0x8050410
75 27                         jnz 0x80503ff
75 1e                         jnz 0x80503ff
74 01                         jz 0x80503f3
74 07                         jz 0x80503ff
c3                            retl  
