int
8b 45 f4                      movl  -0xc(%ebp), %eax
29 c2                         sub %eax, %edx
89 d0                         mov %edx, %eax
89 45 ec                      movl  %eax, -0x14(%ebp)
83 7d ec 01                   cmpl  $0x1, -0x14(%ebp)
0f 9e c2                      setle %dl
88 10                         movb  %dl, (%eax)
0f b6 00                      movzxb  (%eax), %eax
83 f0 01                      xor $0x1, %eax
83 c0 01                      add $0x1, %eax
89 45 f0                      movl  %eax, -0x10(%ebp)
0f b6 00                      movzxb  (%eax), %eax
3b 45 f0                      cmpl  -0x10(%ebp), %eax
7e 0c                         jle 0x80488e8
8b 45 f0                      movl  -0x10(%ebp), %eax
29 c2                         sub %eax, %edx
89 d0                         mov %edx, %eax
eb 0a                         jmp 0x80488f2
89 45 ec                      movl  %eax, -0x14(%ebp)
83 7d ec 01                   cmpl  $0x1, -0x14(%ebp)
int
8b 55 f0                      movl  -0x10(%ebp), %edx
29 c2                         sub %eax, %edx
89 d0                         mov %edx, %eax
89 45 ec                      movl  %eax, -0x14(%ebp)
83 7d ec 01                   cmpl  $0x1, -0x14(%ebp)
0f 9e c2                      setle %dl
88 10                         movb  %dl, (%eax)
0f b6 00                      movzxb  (%eax), %eax
83 f0 01                      xor $0x1, %eax
83 c0 01                      add $0x1, %eax
89 45 f0                      movl  %eax, -0x10(%ebp)
0f b6 00                      movzxb  (%eax), %eax
3b 45 f0                      cmpl  -0x10(%ebp), %eax
7e 0c                         jle 0x80488e8
8b 45 f0                      movl  -0x10(%ebp), %eax
29 c2                         sub %eax, %edx
89 d0                         mov %edx, %eax
eb 0a                         jmp 0x80488f2
89 45 ec                      movl  %eax, -0x14(%ebp)
83 7d ec 01                   cmpl  $0x1, -0x14(%ebp)
int
0f 4d 45 f0                   cmovnll  -0x10(%ebp), %eax
83 c0 01                      add $0x1, %eax
89 45 f4                      movl  %eax, -0xc(%ebp)
8b 45 f4                      movl  -0xc(%ebp), %eax
8b 55 f4                      movl  -0xc(%ebp), %edx
29 c2                         sub %eax, %edx
89 d0                         mov %edx, %eax
89 45 ec                      movl  %eax, -0x14(%ebp)
83 7d ec 01                   cmpl  $0x1, -0x14(%ebp)
0f 9e c2                      setle %dl
88 10                         movb  %dl, (%eax)
8b 45 f4                      movl  -0xc(%ebp), %eax
0f b6 00                      movzxb  (%eax), %eax
83 f0 01                      xor $0x1, %eax
0f b6 00                      movzxb  (%eax), %eax
83 f0 01                      xor $0x1, %eax
83 c0 01                      add $0x1, %eax
89 45 f4                      movl  %eax, -0xc(%ebp)
0f b6 00                      movzxb  (%eax), %eax
83 f0 01                      xor $0x1, %eax
int
8b 45 f0                      movl  -0x10(%ebp), %eax
29 c2                         sub %eax, %edx
89 d0                         mov %edx, %eax
89 45 ec                      movl  %eax, -0x14(%ebp)
83 7d ec 01                   cmpl  $0x1, -0x14(%ebp)
0f 9e c2                      setle %dl
88 10                         movb  %dl, (%eax)
0f b6 00                      movzxb  (%eax), %eax
83 f0 01                      xor $0x1, %eax
0f b6 00                      movzxb  (%eax), %eax
83 f0 01                      xor $0x1, %eax
83 c0 01                      add $0x1, %eax
89 45 f4                      movl  %eax, -0xc(%ebp)
0f b6 00                      movzxb  (%eax), %eax
83 f0 01                      xor $0x1, %eax
83 c0 01                      add $0x1, %eax
89 45 f0                      movl  %eax, -0x10(%ebp)
0f b6 00                      movzxb  (%eax), %eax
8b 45 f4                      movl  -0xc(%ebp), %eax
3b 45 f0                      cmpl  -0x10(%ebp), %eax
int
8b 55 f4                      movl  -0xc(%ebp), %edx
29 c2                         sub %eax, %edx
89 d0                         mov %edx, %eax
89 45 ec                      movl  %eax, -0x14(%ebp)
83 7d ec 01                   cmpl  $0x1, -0x14(%ebp)
0f 9e c2                      setle %dl
88 10                         movb  %dl, (%eax)
0f b6 00                      movzxb  (%eax), %eax
83 f0 01                      xor $0x1, %eax
0f b6 00                      movzxb  (%eax), %eax
83 f0 01                      xor $0x1, %eax
83 c0 01                      add $0x1, %eax
89 45 f4                      movl  %eax, -0xc(%ebp)
0f b6 00                      movzxb  (%eax), %eax
83 f0 01                      xor $0x1, %eax
83 c0 01                      add $0x1, %eax
89 45 f0                      movl  %eax, -0x10(%ebp)
0f b6 00                      movzxb  (%eax), %eax
8b 45 f4                      movl  -0xc(%ebp), %eax
3b 45 f0                      cmpl  -0x10(%ebp), %eax
int
0f 4d 45 f0                   cmovnll  -0x10(%ebp), %eax
83 c0 01                      add $0x1, %eax
89 45 f4                      movl  %eax, -0xc(%ebp)
8b 45 f4                      movl  -0xc(%ebp), %eax
8b 55 f4                      movl  -0xc(%ebp), %edx
29 c2                         sub %eax, %edx
89 d0                         mov %edx, %eax
89 45 ec                      movl  %eax, -0x14(%ebp)
83 7d ec 01                   cmpl  $0x1, -0x14(%ebp)
0f 9e c2                      setle %dl
88 10                         movb  %dl, (%eax)
8b 45 f4                      movl  -0xc(%ebp), %eax
0f b6 00                      movzxb  (%eax), %eax
83 f0 01                      xor $0x1, %eax
0f b6 00                      movzxb  (%eax), %eax
83 f0 01                      xor $0x1, %eax
83 c0 01                      add $0x1, %eax
89 45 f4                      movl  %eax, -0xc(%ebp)
0f b6 00                      movzxb  (%eax), %eax
83 f0 01                      xor $0x1, %eax
int
8b 45 f4                      movl  -0xc(%ebp), %eax
29 c2                         sub %eax, %edx
89 d0                         mov %edx, %eax
89 45 ec                      movl  %eax, -0x14(%ebp)
83 7d ec 01                   cmpl  $0x1, -0x14(%ebp)
0f 9e c2                      setle %dl
88 10                         movb  %dl, (%eax)
0f b6 00                      movzxb  (%eax), %eax
int
8b 55 f0                      movl  -0x10(%ebp), %edx
29 c2                         sub %eax, %edx
89 d0                         mov %edx, %eax
89 45 ec                      movl  %eax, -0x14(%ebp)
83 7d ec 01                   cmpl  $0x1, -0x14(%ebp)
0f 9e c2                      setle %dl
88 10                         movb  %dl, (%eax)
0f b6 00                      movzxb  (%eax), %eax
int
0f 4d 45 f0                   cmovnll  -0x10(%ebp), %eax
83 c0 01                      add $0x1, %eax
89 45 f0                      movl  %eax, -0x10(%ebp)
3b 45 f0                      cmpl  -0x10(%ebp), %eax
7e 0c                         jle 0x80488e8
8b 45 f0                      movl  -0x10(%ebp), %eax
29 c2                         sub %eax, %edx
89 d0                         mov %edx, %eax
eb 0a                         jmp 0x80488f2
89 45 ec                      movl  %eax, -0x14(%ebp)
83 7d ec 01                   cmpl  $0x1, -0x14(%ebp)
0f 9e c2                      setle %dl
88 10                         movb  %dl, (%eax)
39 45 f0                      cmpl  %eax, -0x10(%ebp)
0f 4d 45 f0                   cmovnll  -0x10(%ebp), %eax
83 c0 01                      add $0x1, %eax
89 45 f4                      movl  %eax, -0xc(%ebp)
0f b6 00                      movzxb  (%eax), %eax
83 f0 01                      xor $0x1, %eax
0f b6 00                      movzxb  (%eax), %eax
int
8b 45 f0                      movl  -0x10(%ebp), %eax
29 c2                         sub %eax, %edx
89 d0                         mov %edx, %eax
89 45 ec                      movl  %eax, -0x14(%ebp)
83 7d ec 01                   cmpl  $0x1, -0x14(%ebp)
0f 9e c2                      setle %dl
88 10                         movb  %dl, (%eax)
0f b6 00                      movzxb  (%eax), %eax
83 f0 01                      xor $0x1, %eax
0f b6 00                      movzxb  (%eax), %eax
83 f0 01                      xor $0x1, %eax
83 c0 01                      add $0x1, %eax
89 45 f4                      movl  %eax, -0xc(%ebp)
0f b6 00                      movzxb  (%eax), %eax
83 f0 01                      xor $0x1, %eax
0f b6 00                      movzxb  (%eax), %eax
83 f0 01                      xor $0x1, %eax
83 c0 01                      add $0x1, %eax
89 45 f4                      movl  %eax, -0xc(%ebp)
0f b6 00                      movzxb  (%eax), %eax
int
8b 55 f4                      movl  -0xc(%ebp), %edx
29 c2                         sub %eax, %edx
89 d0                         mov %edx, %eax
89 45 ec                      movl  %eax, -0x14(%ebp)
83 7d ec 01                   cmpl  $0x1, -0x14(%ebp)
0f 9e c2                      setle %dl
88 10                         movb  %dl, (%eax)
0f b6 00                      movzxb  (%eax), %eax
83 f0 01                      xor $0x1, %eax
0f b6 00                      movzxb  (%eax), %eax
83 f0 01                      xor $0x1, %eax
83 c0 01                      add $0x1, %eax
89 45 f4                      movl  %eax, -0xc(%ebp)
0f b6 00                      movzxb  (%eax), %eax
83 f0 01                      xor $0x1, %eax
0f b6 00                      movzxb  (%eax), %eax
83 f0 01                      xor $0x1, %eax
83 c0 01                      add $0x1, %eax
89 45 f4                      movl  %eax, -0xc(%ebp)
0f b6 00                      movzxb  (%eax), %eax
int
0f 4d 45 f0                   cmovnll  -0x10(%ebp), %eax
83 c0 01                      add $0x1, %eax
89 45 f4                      movl  %eax, -0xc(%ebp)
8b 45 f4                      movl  -0xc(%ebp), %eax
int
8b 45 f4                      movl  -0xc(%ebp), %eax
29 c2                         sub %eax, %edx
89 d0                         mov %edx, %eax
89 45 ec                      movl  %eax, -0x14(%ebp)
83 7d ec 01                   cmpl  $0x1, -0x14(%ebp)
0f 9e c2                      setle %dl
88 10                         movb  %dl, (%eax)
0f b6 00                      movzxb  (%eax), %eax
int
8b 55 f0                      movl  -0x10(%ebp), %edx
29 c2                         sub %eax, %edx
89 d0                         mov %edx, %eax
89 45 ec                      movl  %eax, -0x14(%ebp)
83 7d ec 01                   cmpl  $0x1, -0x14(%ebp)
0f 9e c2                      setle %dl
88 10                         movb  %dl, (%eax)
0f b6 00                      movzxb  (%eax), %eax
int
0f 4d 45 f0                   cmovnll  -0x10(%ebp), %eax
83 c0 01                      add $0x1, %eax
89 45 f0                      movl  %eax, -0x10(%ebp)
3b 45 f0                      cmpl  -0x10(%ebp), %eax
7e 0c                         jle 0x80488e8
8b 55 f0                      movl  -0x10(%ebp), %edx
29 c2                         sub %eax, %edx
89 d0                         mov %edx, %eax
89 45 ec                      movl  %eax, -0x14(%ebp)
83 7d ec 01                   cmpl  $0x1, -0x14(%ebp)
0f 9e c2                      setle %dl
88 10                         movb  %dl, (%eax)
39 45 f0                      cmpl  %eax, -0x10(%ebp)
0f 4d 45 f0                   cmovnll  -0x10(%ebp), %eax
83 c0 01                      add $0x1, %eax
89 45 f0                      movl  %eax, -0x10(%ebp)
0f b6 00                      movzxb  (%eax), %eax
3b 45 f0                      cmpl  -0x10(%ebp), %eax
7e 0c                         jle 0x80488e8
8b 55 f0                      movl  -0x10(%ebp), %edx
int
8b 45 f4                      movl  -0xc(%ebp), %eax
29 c2                         sub %eax, %edx
89 d0                         mov %edx, %eax
89 45 ec                      movl  %eax, -0x14(%ebp)
83 7d ec 01                   cmpl  $0x1, -0x14(%ebp)
0f 9e c2                      setle %dl
88 10                         movb  %dl, (%eax)
0f b6 00                      movzxb  (%eax), %eax
int
8b 55 f0                      movl  -0x10(%ebp), %edx
29 c2                         sub %eax, %edx
89 d0                         mov %edx, %eax
89 45 ec                      movl  %eax, -0x14(%ebp)
83 7d ec 01                   cmpl  $0x1, -0x14(%ebp)
0f 9e c2                      setle %dl
88 10                         movb  %dl, (%eax)
0f b6 00                      movzxb  (%eax), %eax
int
0f 4d 45 f0                   cmovnll  -0x10(%ebp), %eax
83 c0 01                      add $0x1, %eax
89 45 f0                      movl  %eax, -0x10(%ebp)
3b 45 f0                      cmpl  -0x10(%ebp), %eax
7e 0c                         jle 0x80488e8
8b 55 f0                      movl  -0x10(%ebp), %edx
29 c2                         sub %eax, %edx
89 d0                         mov %edx, %eax
89 45 ec                      movl  %eax, -0x14(%ebp)
83 7d ec 01                   cmpl  $0x1, -0x14(%ebp)
0f 9e c2                      setle %dl
88 10                         movb  %dl, (%eax)
39 45 f0                      cmpl  %eax, -0x10(%ebp)
0f 4d 45 f0                   cmovnll  -0x10(%ebp), %eax
83 c0 01                      add $0x1, %eax
89 45 f0                      movl  %eax, -0x10(%ebp)
0f b6 00                      movzxb  (%eax), %eax
39 45 f0                      cmpl  %eax, -0x10(%ebp)
0f 4d 45 f0                   cmovnll  -0x10(%ebp), %eax
0f b6 45 f7                   movzxb  -0x9(%ebp), %eax
int
8b 45 f4                      movl  -0xc(%ebp), %eax
29 c2                         sub %eax, %edx
89 d0                         mov %edx, %eax
89 45 ec                      movl  %eax, -0x14(%ebp)
83 7d ec 01                   cmpl  $0x1, -0x14(%ebp)
0f 9e c2                      setle %dl
88 10                         movb  %dl, (%eax)
0f b6 00                      movzxb  (%eax), %eax
0f b6 45 f7                   movzxb  -0x9(%ebp), %eax
89 04 24                      movl  %eax, (%esp)
ff 75 08                      pushl  0x8(%ebp)
8b 44 24 04                   movl  0x4(%esp), %eax
21 c2                         and %eax, %edx
74 24                         jz 0x806b371
7a 17                         jp 0x806b366
0f 84 9f 00 00 00             jz 0x806b3f6
40                            inc %eax
0f 84 96 00 00 00             jz 0x806b3f6
40                            inc %eax
83 f2 02                      xor $0x2, %edx
int
8b 55 f0                      movl  -0x10(%ebp), %edx
29 c2                         sub %eax, %edx
89 d0                         mov %edx, %eax
89 45 ec                      movl  %eax, -0x14(%ebp)
83 7d ec 01                   cmpl  $0x1, -0x14(%ebp)
0f 9e c2                      setle %dl
88 10                         movb  %dl, (%eax)
0f b6 00                      movzxb  (%eax), %eax
0f b6 45 f7                   movzxb  -0x9(%ebp), %eax
89 04 24                      movl  %eax, (%esp)
ff 75 08                      pushl  0x8(%ebp)
8b 44 24 04                   movl  0x4(%esp), %eax
21 c2                         and %eax, %edx
74 24                         jz 0x806b371
7a 17                         jp 0x806b366
0f 84 9f 00 00 00             jz 0x806b3f6
40                            inc %eax
0f 84 96 00 00 00             jz 0x806b3f6
40                            inc %eax
83 f2 02                      xor $0x2, %edx
int
0f 4d 45 f0                   cmovnll  -0x10(%ebp), %eax
83 c0 01                      add $0x1, %eax
89 45 f0                      movl  %eax, -0x10(%ebp)
39 45 f0                      cmpl  %eax, -0x10(%ebp)
0f 4d 45 f0                   cmovnll  -0x10(%ebp), %eax
_Bool
0f b6 45 f7                   movzxb  -0x9(%ebp), %eax
89 04 24                      movl  %eax, (%esp)
ff 75 08                      pushl  0x8(%ebp)
8b 44 24 04                   movl  0x4(%esp), %eax
21 c2                         and %eax, %edx
74 24                         jz 0x806b371
7a 17                         jp 0x806b366
0f 84 9f 00 00 00             jz 0x806b3f6
40                            inc %eax
0f 84 96 00 00 00             jz 0x806b3f6
40                            inc %eax
83 f2 02                      xor $0x2, %edx
74 0b                         jz 0x806b371
0f 84 88 00 00 00             jz 0x806b3f6
40                            inc %eax
31 d2                         xor %edx, %edx
83 c0 04                      add $0x4, %eax
29 ca                         sub %ecx, %edx
4a                            dec %edx
73 58                         jnb 0x806b3d9
