int
8b 44 24 3c                   movl  0x3c(%esp), %eax
89 44 24 0c                   movl  %eax, 0xc(%esp)
8b 45 14                      movl  0x14(%ebp), %eax
8d 48 ff                      leal  -0x1(%eax), %ecx
89 4c 24 14                   movl  %ecx, 0x14(%esp)
3b 45 1c                      cmpl  0x1c(%ebp), %eax
7e 0a                         jle 0x80489c2
e8 62 3a 01 00                calll  0x805c430
e8 48 c3 fe ff                calll  0x8048780
8b 1c 24                      movl  (%esp), %ebx
c3                            retl  
81 c3 c8 cb 07 00             add $0x7cbc8, %ebx
83 ec 10                      sub $0x10, %esp
0f 85 6d 01 00 00             jnz 0x805c5c0
0f 87 a9 00 00 00             jnbe 0x805c508
e9 50 ff ff ff                jmp 0x805c466
0f 82 72 01 00 00             jb 0x805c5e0
0f 85 6a 01 00 00             jnz 0x805c5e0
0f 84 95 00 00 00             jz 0x805c520
0f 82 c9 00 00 00             jb 0x805c560
int
8b 44 24 38                   movl  0x38(%esp), %eax
89 44 24 04                   movl  %eax, 0x4(%esp)
8b 45 0c                      movl  0xc(%ebp), %eax
c1 e0 02                      shl $0x2, %eax
89 04 24                      movl  %eax, (%esp)
8b 74 24 20                   movl  0x20(%esp), %esi
8d 46 13                      leal  0x13(%esi), %eax
83 f8 0f                      cmp $0xf, %eax
0f 87 a9 00 00 00             jnbe 0x805c508
83 e0 f0                      and $0xfffffff0, %eax
83 f8 df                      cmp $0xffffffdf, %eax
0f 97 c2                      setnbe %dl
e9 50 ff ff ff                jmp 0x805c466
39 f0                         cmp %esi, %eax
0f 82 72 01 00 00             jb 0x805c5e0
84 d2                         test %dl, %dl
0f 85 6a 01 00 00             jnz 0x805c5e0
83 e8 01                      sub $0x1, %eax
c1 e8 04                      shr $0x4, %eax
0f 84 95 00 00 00             jz 0x805c520
upointer
8b 45 f0                      movl  -0x10(%ebp), %eax
01 d0                         add %edx, %eax
89 04 24                      movl  %eax, (%esp)
8b 45 08                      movl  0x8(%ebp), %eax
int
83 45 f4 01                   addl  $0x1, -0xc(%ebp)
8b 45 f4                      movl  -0xc(%ebp), %eax
8b 45 f4                      movl  -0xc(%ebp), %eax
83 45 f4 01                   addl  $0x1, -0xc(%ebp)
8b 45 f4                      movl  -0xc(%ebp), %eax
8b 45 f4                      movl  -0xc(%ebp), %eax
83 45 f4 01                   addl  $0x1, -0xc(%ebp)
8b 45 f4                      movl  -0xc(%ebp), %eax
upointer
8b 45 f0                      movl  -0x10(%ebp), %eax
01 d0                         add %edx, %eax
89 04 24                      movl  %eax, (%esp)
8b 45 08                      movl  0x8(%ebp), %eax
int
83 45 f4 01                   addl  $0x1, -0xc(%ebp)
8b 45 f4                      movl  -0xc(%ebp), %eax
8b 45 f4                      movl  -0xc(%ebp), %eax
83 45 f4 01                   addl  $0x1, -0xc(%ebp)
8b 45 f4                      movl  -0xc(%ebp), %eax
upointer
8b 45 f0                      movl  -0x10(%ebp), %eax
01 d0                         add %edx, %eax
89 04 24                      movl  %eax, (%esp)
8b 45 08                      movl  0x8(%ebp), %eax
upointer
8b 55 f0                      movl  -0x10(%ebp), %edx
89 54 24 0c                   movl  %edx, 0xc(%esp)
8b 45 14                      movl  0x14(%ebp), %eax
01 c2                         add %eax, %edx
89 54 24 04                   movl  %edx, 0x4(%esp)
8b 45 0c                      movl  0xc(%ebp), %eax
8b 45 0c                      movl  0xc(%ebp), %eax
8b 55 0c                      movl  0xc(%ebp), %edx
89 50 04                      movl  %edx, 0x4(%eax)
8b 45 0c                      movl  0xc(%ebp), %eax
int
8b 55 f4                      movl  -0xc(%ebp), %edx
89 54 24 04                   movl  %edx, 0x4(%esp)
8b 55 0c                      movl  0xc(%ebp), %edx
89 50 0c                      movl  %edx, 0xc(%eax)
8b 40 0c                      movl  0xc(%eax), %eax
89 45 f0                      movl  %eax, -0x10(%ebp)
8b 45 f0                      movl  -0x10(%ebp), %eax
83 e8 01                      sub $0x1, %eax
8b 45 f0                      movl  -0x10(%ebp), %eax
8d 50 ff                      leal  -0x1(%eax), %edx
89 54 24 08                   movl  %edx, 0x8(%esp)
3b 45 10                      cmpl  0x10(%ebp), %eax
7f 08                         jnle 0x80489b8
e9 f8 00 00 00                jmp 0x8048aba
8b 55 f0                      movl  -0x10(%ebp), %edx
29 c2                         sub %eax, %edx
8d 0c 02                      leal  (%edx,%eax,1), %ecx
8b 45 f0                      movl  -0x10(%ebp), %eax
8d 50 01                      leal  0x1(%eax), %edx
89 4c 24 10                   movl  %ecx, 0x10(%esp)
upointer
8b 45 f4                      movl  -0xc(%ebp), %eax
89 04 24                      movl  %eax, (%esp)
8b 45 08                      movl  0x8(%ebp), %eax
8b 45 08                      movl  0x8(%ebp), %eax
8b 55 08                      movl  0x8(%ebp), %edx
89 10                         movl  %edx, (%eax)
01 d0                         add %edx, %eax
8b 00                         movl  (%eax), %eax
89 45 fc                      movl  %eax, -0x4(%ebp)
83 7d fc 00                   cmpl  $0x0, -0x4(%ebp)
75 d9                         jnz 0x80488e4
8b 45 fc                      movl  -0x4(%ebp), %eax
89 45 f4                      movl  %eax, -0xc(%ebp)
8b 45 f4                      movl  -0xc(%ebp), %eax
75 08                         jnz 0x80488fd
8b 45 f4                      movl  -0xc(%ebp), %eax
eb 13                         jmp 0x8048910
int
83 45 f4 01                   addl  $0x1, -0xc(%ebp)
8b 45 f4                      movl  -0xc(%ebp), %eax
8b 45 f4                      movl  -0xc(%ebp), %eax
8b 55 f4                      movl  -0xc(%ebp), %edx
89 54 24 04                   movl  %edx, 0x4(%esp)
8b 55 0c                      movl  0xc(%ebp), %edx
89 50 0c                      movl  %edx, 0xc(%eax)
83 45 f4 01                   addl  $0x1, -0xc(%ebp)
8b 45 f4                      movl  -0xc(%ebp), %eax
8b 45 f4                      movl  -0xc(%ebp), %eax
8b 55 f4                      movl  -0xc(%ebp), %edx
89 54 24 04                   movl  %edx, 0x4(%esp)
8b 55 0c                      movl  0xc(%ebp), %edx
89 50 0c                      movl  %edx, 0xc(%eax)
83 45 f4 01                   addl  $0x1, -0xc(%ebp)
8b 45 f4                      movl  -0xc(%ebp), %eax
8b 40 0c                      movl  0xc(%eax), %eax
89 45 f0                      movl  %eax, -0x10(%ebp)
8b 45 f0                      movl  -0x10(%ebp), %eax
83 e8 01                      sub $0x1, %eax
upointer
8b 55 f0                      movl  -0x10(%ebp), %edx
89 54 24 0c                   movl  %edx, 0xc(%esp)
8b 45 14                      movl  0x14(%ebp), %eax
01 c2                         add %eax, %edx
89 54 24 04                   movl  %edx, 0x4(%esp)
8b 45 0c                      movl  0xc(%ebp), %eax
8b 45 0c                      movl  0xc(%ebp), %eax
8b 55 0c                      movl  0xc(%ebp), %edx
89 50 04                      movl  %edx, 0x4(%eax)
8b 45 0c                      movl  0xc(%ebp), %eax
int
8b 55 f4                      movl  -0xc(%ebp), %edx
89 54 24 04                   movl  %edx, 0x4(%esp)
8b 55 0c                      movl  0xc(%ebp), %edx
89 50 0c                      movl  %edx, 0xc(%eax)
8b 40 0c                      movl  0xc(%eax), %eax
89 45 f0                      movl  %eax, -0x10(%ebp)
8b 45 f0                      movl  -0x10(%ebp), %eax
83 e8 01                      sub $0x1, %eax
8b 45 f0                      movl  -0x10(%ebp), %eax
8d 50 ff                      leal  -0x1(%eax), %edx
89 54 24 08                   movl  %edx, 0x8(%esp)
3b 45 10                      cmpl  0x10(%ebp), %eax
7f 08                         jnle 0x80489b8
e9 f8 00 00 00                jmp 0x8048aba
8b 55 f0                      movl  -0x10(%ebp), %edx
29 c2                         sub %eax, %edx
8d 0c 02                      leal  (%edx,%eax,1), %ecx
8b 45 f0                      movl  -0x10(%ebp), %eax
8d 50 01                      leal  0x1(%eax), %edx
89 4c 24 10                   movl  %ecx, 0x10(%esp)
upointer
8b 45 f4                      movl  -0xc(%ebp), %eax
89 04 24                      movl  %eax, (%esp)
8b 45 08                      movl  0x8(%ebp), %eax
8b 45 08                      movl  0x8(%ebp), %eax
8b 55 08                      movl  0x8(%ebp), %edx
89 10                         movl  %edx, (%eax)
01 d0                         add %edx, %eax
8b 00                         movl  (%eax), %eax
89 45 fc                      movl  %eax, -0x4(%ebp)
83 7d fc 00                   cmpl  $0x0, -0x4(%ebp)
75 d9                         jnz 0x80488e4
8b 45 fc                      movl  -0x4(%ebp), %eax
89 45 f4                      movl  %eax, -0xc(%ebp)
8b 45 f4                      movl  -0xc(%ebp), %eax
75 08                         jnz 0x80488fd
8b 45 f4                      movl  -0xc(%ebp), %eax
eb 13                         jmp 0x8048910
int
83 45 f4 01                   addl  $0x1, -0xc(%ebp)
8b 45 f4                      movl  -0xc(%ebp), %eax
8b 45 f4                      movl  -0xc(%ebp), %eax
8b 55 f4                      movl  -0xc(%ebp), %edx
89 54 24 04                   movl  %edx, 0x4(%esp)
8b 55 0c                      movl  0xc(%ebp), %edx
89 50 0c                      movl  %edx, 0xc(%eax)
83 45 f4 01                   addl  $0x1, -0xc(%ebp)
8b 45 f4                      movl  -0xc(%ebp), %eax
8b 40 0c                      movl  0xc(%eax), %eax
89 45 f0                      movl  %eax, -0x10(%ebp)
8b 45 f0                      movl  -0x10(%ebp), %eax
83 e8 01                      sub $0x1, %eax
8b 45 f0                      movl  -0x10(%ebp), %eax
8d 50 ff                      leal  -0x1(%eax), %edx
89 54 24 08                   movl  %edx, 0x8(%esp)
3b 45 10                      cmpl  0x10(%ebp), %eax
7f 08                         jnle 0x80489b8
e9 f8 00 00 00                jmp 0x8048aba
8b 55 f0                      movl  -0x10(%ebp), %edx
upointer
8b 55 f0                      movl  -0x10(%ebp), %edx
89 54 24 0c                   movl  %edx, 0xc(%esp)
8b 45 14                      movl  0x14(%ebp), %eax
01 c2                         add %eax, %edx
89 54 24 04                   movl  %edx, 0x4(%esp)
8b 45 0c                      movl  0xc(%ebp), %eax
8b 45 0c                      movl  0xc(%ebp), %eax
8b 55 0c                      movl  0xc(%ebp), %edx
89 50 04                      movl  %edx, 0x4(%eax)
8b 45 0c                      movl  0xc(%ebp), %eax
int
8b 55 f4                      movl  -0xc(%ebp), %edx
89 54 24 04                   movl  %edx, 0x4(%esp)
8b 55 0c                      movl  0xc(%ebp), %edx
89 50 0c                      movl  %edx, 0xc(%eax)
8b 40 0c                      movl  0xc(%eax), %eax
89 45 f0                      movl  %eax, -0x10(%ebp)
8b 45 f0                      movl  -0x10(%ebp), %eax
83 e8 01                      sub $0x1, %eax
8b 45 f0                      movl  -0x10(%ebp), %eax
8d 50 ff                      leal  -0x1(%eax), %edx
89 54 24 08                   movl  %edx, 0x8(%esp)
3b 45 10                      cmpl  0x10(%ebp), %eax
7f 08                         jnle 0x80489b8
e9 f8 00 00 00                jmp 0x8048aba
8b 55 f0                      movl  -0x10(%ebp), %edx
29 c2                         sub %eax, %edx
8d 0c 02                      leal  (%edx,%eax,1), %ecx
8b 45 f0                      movl  -0x10(%ebp), %eax
8d 50 01                      leal  0x1(%eax), %edx
89 4c 24 10                   movl  %ecx, 0x10(%esp)
upointer
8b 45 f4                      movl  -0xc(%ebp), %eax
89 04 24                      movl  %eax, (%esp)
8b 45 08                      movl  0x8(%ebp), %eax
8b 45 08                      movl  0x8(%ebp), %eax
8b 55 08                      movl  0x8(%ebp), %edx
89 10                         movl  %edx, (%eax)
8b 00                         movl  (%eax), %eax
89 45 fc                      movl  %eax, -0x4(%ebp)
83 7d fc 00                   cmpl  $0x0, -0x4(%ebp)
75 d9                         jnz 0x80488e4
8b 45 fc                      movl  -0x4(%ebp), %eax
89 45 f4                      movl  %eax, -0xc(%ebp)
8b 45 f4                      movl  -0xc(%ebp), %eax
75 08                         jnz 0x80488fd
8b 45 f4                      movl  -0xc(%ebp), %eax
eb 13                         jmp 0x8048910
upointer
8b 45 f0                      movl  -0x10(%ebp), %eax
89 44 24 18                   movl  %eax, 0x18(%esp)
8b 55 20                      movl  0x20(%ebp), %edx
89 54 24 08                   movl  %edx, 0x8(%esp)
8b 45 10                      movl  0x10(%ebp), %eax
01 d0                         add %edx, %eax
8b 45 20                      movl  0x20(%ebp), %eax
89 44 24 18                   movl  %eax, 0x18(%esp)
8b 45 20                      movl  0x20(%ebp), %eax
89 44 24 18                   movl  %eax, 0x18(%esp)
8b 55 20                      movl  0x20(%ebp), %edx
89 54 24 08                   movl  %edx, 0x8(%esp)
8b 45 10                      movl  0x10(%ebp), %eax
01 d0                         add %edx, %eax
8b 45 20                      movl  0x20(%ebp), %eax
89 44 24 18                   movl  %eax, 0x18(%esp)
8b 45 20                      movl  0x20(%ebp), %eax
89 44 24 18                   movl  %eax, 0x18(%esp)
8b 55 20                      movl  0x20(%ebp), %edx
89 54 24 08                   movl  %edx, 0x8(%esp)
upointer
83 7d fc 00                   cmpl  $0x0, -0x4(%ebp)
75 d9                         jnz 0x80488e4
75 08                         jnz 0x80488fd
eb 13                         jmp 0x8048910
upointer
8b 45 fc                      movl  -0x4(%ebp), %eax
89 45 f4                      movl  %eax, -0xc(%ebp)
8b 45 f4                      movl  -0xc(%ebp), %eax
8b 45 f4                      movl  -0xc(%ebp), %eax
int
8b 45 f0                      movl  -0x10(%ebp), %eax
8d 50 ff                      leal  -0x1(%eax), %edx
89 54 24 08                   movl  %edx, 0x8(%esp)
3b 45 10                      cmpl  0x10(%ebp), %eax
7f 08                         jnle 0x80489b8
e9 f8 00 00 00                jmp 0x8048aba
int
8b 55 f0                      movl  -0x10(%ebp), %edx
29 c2                         sub %eax, %edx
8d 0c 02                      leal  (%edx,%eax,1), %ecx
89 4c 24 10                   movl  %ecx, 0x10(%esp)
8b 45 18                      movl  0x18(%ebp), %eax
8b 45 18                      movl  0x18(%ebp), %eax
8b 45 18                      movl  0x18(%ebp), %eax
89 44 24 10                   movl  %eax, 0x10(%esp)
int
8b 45 f0                      movl  -0x10(%ebp), %eax
8d 50 01                      leal  0x1(%eax), %edx
89 54 24 04                   movl  %edx, 0x4(%esp)
8b 45 0c                      movl  0xc(%ebp), %eax
2b 45 0c                      subl  0xc(%ebp), %eax
89 c2                         mov %eax, %edx
8d 0c 02                      leal  (%edx,%eax,1), %ecx
89 4c 24 14                   movl  %ecx, 0x14(%esp)
8b 45 0c                      movl  0xc(%ebp), %eax
89 44 24 04                   movl  %eax, 0x4(%esp)
8b 45 0c                      movl  0xc(%ebp), %eax
89 42 04                      movl  %eax, 0x4(%edx)
8b 40 04                      movl  0x4(%eax), %eax
89 04 24                      movl  %eax, (%esp)
83 7d 08 00                   cmpl  $0x0, 0x8(%ebp)
75 0e                         jnz 0x8048ba6
e8 9c 70 00 00                calll  0x804fc40
e8 3a 8b ff ff                calll  0x8048780
8b 1c 24                      movl  (%esp), %ebx
c3                            retl  
upointer
83 7d fc 00                   cmpl  $0x0, -0x4(%ebp)
75 d9                         jnz 0x80488e4
75 08                         jnz 0x80488fd
eb 13                         jmp 0x8048910
upointer
8b 45 fc                      movl  -0x4(%ebp), %eax
89 45 f4                      movl  %eax, -0xc(%ebp)
8b 45 f4                      movl  -0xc(%ebp), %eax
8b 45 f4                      movl  -0xc(%ebp), %eax
int
8b 45 f0                      movl  -0x10(%ebp), %eax
8d 50 ff                      leal  -0x1(%eax), %edx
89 54 24 08                   movl  %edx, 0x8(%esp)
3b 45 10                      cmpl  0x10(%ebp), %eax
7f 08                         jnle 0x80489b8
e9 f8 00 00 00                jmp 0x8048aba
int
8b 55 f0                      movl  -0x10(%ebp), %edx
29 c2                         sub %eax, %edx
8d 0c 02                      leal  (%edx,%eax,1), %ecx
89 4c 24 10                   movl  %ecx, 0x10(%esp)
8b 45 18                      movl  0x18(%ebp), %eax
8b 45 18                      movl  0x18(%ebp), %eax
8b 45 18                      movl  0x18(%ebp), %eax
89 44 24 10                   movl  %eax, 0x10(%esp)
int
8b 45 f0                      movl  -0x10(%ebp), %eax
8d 50 01                      leal  0x1(%eax), %edx
89 54 24 04                   movl  %edx, 0x4(%esp)
8b 45 0c                      movl  0xc(%ebp), %eax
2b 45 0c                      subl  0xc(%ebp), %eax
89 c2                         mov %eax, %edx
8d 0c 02                      leal  (%edx,%eax,1), %ecx
89 4c 24 14                   movl  %ecx, 0x14(%esp)
8b 45 0c                      movl  0xc(%ebp), %eax
89 44 24 04                   movl  %eax, 0x4(%esp)
8b 45 0c                      movl  0xc(%ebp), %eax
89 42 04                      movl  %eax, 0x4(%edx)
8b 40 04                      movl  0x4(%eax), %eax
89 04 24                      movl  %eax, (%esp)
83 7d 08 00                   cmpl  $0x0, 0x8(%ebp)
75 0e                         jnz 0x8048ba6
e8 9c 70 00 00                calll  0x804fc40
e8 3a 8b ff ff                calll  0x8048780
8b 1c 24                      movl  (%esp), %ebx
c3                            retl  
upointer
83 7d fc 00                   cmpl  $0x0, -0x4(%ebp)
75 d9                         jnz 0x80488e4
75 08                         jnz 0x80488fd
eb 13                         jmp 0x8048910
upointer
8b 45 fc                      movl  -0x4(%ebp), %eax
89 45 f4                      movl  %eax, -0xc(%ebp)
8b 45 f4                      movl  -0xc(%ebp), %eax
8b 45 f4                      movl  -0xc(%ebp), %eax
int
8b 45 f0                      movl  -0x10(%ebp), %eax
8d 50 ff                      leal  -0x1(%eax), %edx
89 54 24 08                   movl  %edx, 0x8(%esp)
3b 45 10                      cmpl  0x10(%ebp), %eax
7f 08                         jnle 0x80489b8
e9 f8 00 00 00                jmp 0x8048aba
int
8b 55 f0                      movl  -0x10(%ebp), %edx
29 c2                         sub %eax, %edx
8d 0c 02                      leal  (%edx,%eax,1), %ecx
89 4c 24 10                   movl  %ecx, 0x10(%esp)
int
8b 45 f0                      movl  -0x10(%ebp), %eax
8d 50 01                      leal  0x1(%eax), %edx
89 54 24 04                   movl  %edx, 0x4(%esp)
8b 45 0c                      movl  0xc(%ebp), %eax
89 42 08                      movl  %eax, 0x8(%edx)
8b 40 08                      movl  0x8(%eax), %eax
89 04 24                      movl  %eax, (%esp)
83 7d 08 00                   cmpl  $0x0, 0x8(%ebp)
75 0e                         jnz 0x8048ba6
e8 9c 70 00 00                calll  0x804fc40
e8 3a 8b ff ff                calll  0x8048780
8b 1c 24                      movl  (%esp), %ebx
c3                            retl  
81 c3 ba 93 08 00             add $0x893ba, %ebx
83 ec 08                      sub $0x8, %esp
8d 44 24 14                   leal  0x14(%esp), %eax
83 ec 04                      sub $0x4, %esp
50                            pushl  %eax
e8 78 06 03 00                calll  0x80802e0
89 e5                         mov %esp, %ebp
upointer
8b 45 f4                      movl  -0xc(%ebp), %eax
89 42 08                      movl  %eax, 0x8(%edx)
8b 40 08                      movl  0x8(%eax), %eax
89 04 24                      movl  %eax, (%esp)
83 7d 08 00                   cmpl  $0x0, 0x8(%ebp)
75 0e                         jnz 0x8048ba6
8b 45 08                      movl  0x8(%ebp), %eax
e8 85 70 00 00                calll  0x804fc40
e8 3a 8b ff ff                calll  0x8048780
8b 1c 24                      movl  (%esp), %ebx
c3                            retl  
81 c3 ba 93 08 00             add $0x893ba, %ebx
83 ec 08                      sub $0x8, %esp
8d 44 24 14                   leal  0x14(%esp), %eax
83 ec 04                      sub $0x4, %esp
50                            pushl  %eax
e8 78 06 03 00                calll  0x80802e0
89 e5                         mov %esp, %ebp
53                            pushl  %ebx
e8 95 84 fc ff                calll  0x8048780
upointer
8b 45 f4                      movl  -0xc(%ebp), %eax
89 42 08                      movl  %eax, 0x8(%edx)
8b 40 08                      movl  0x8(%eax), %eax
89 04 24                      movl  %eax, (%esp)
83 7d 08 00                   cmpl  $0x0, 0x8(%ebp)
75 0e                         jnz 0x8048ba6
8b 45 08                      movl  0x8(%ebp), %eax
e8 85 70 00 00                calll  0x804fc40
e8 3a 8b ff ff                calll  0x8048780
8b 1c 24                      movl  (%esp), %ebx
c3                            retl  
81 c3 ba 93 08 00             add $0x893ba, %ebx
83 ec 08                      sub $0x8, %esp
8d 44 24 14                   leal  0x14(%esp), %eax
83 ec 04                      sub $0x4, %esp
50                            pushl  %eax
e8 78 06 03 00                calll  0x80802e0
89 e5                         mov %esp, %ebp
53                            pushl  %ebx
e8 95 84 fc ff                calll  0x8048780
upointer
8b 45 f4                      movl  -0xc(%ebp), %eax
89 44 24 34                   movl  %eax, 0x34(%esp)
8b 44 24 34                   movl  0x34(%esp), %eax
89 04 24                      movl  %eax, (%esp)
83 7d 08 00                   cmpl  $0x0, 0x8(%ebp)
75 0e                         jnz 0x8048ba6
8b 45 08                      movl  0x8(%ebp), %eax
e8 85 70 00 00                calll  0x804fc40
e8 3a 8b ff ff                calll  0x8048780
8b 1c 24                      movl  (%esp), %ebx
c3                            retl  
81 c3 ba 93 08 00             add $0x893ba, %ebx
83 ec 08                      sub $0x8, %esp
8d 44 24 14                   leal  0x14(%esp), %eax
83 ec 04                      sub $0x4, %esp
50                            pushl  %eax
e8 78 06 03 00                calll  0x80802e0
89 e5                         mov %esp, %ebp
53                            pushl  %ebx
e8 95 84 fc ff                calll  0x8048780
upointer
8b 44 24 34                   movl  0x34(%esp), %eax
89 04 24                      movl  %eax, (%esp)
83 7d 08 00                   cmpl  $0x0, 0x8(%ebp)
75 0e                         jnz 0x8048ba6
8b 45 08                      movl  0x8(%ebp), %eax
e8 85 70 00 00                calll  0x804fc40
e8 3a 8b ff ff                calll  0x8048780
8b 1c 24                      movl  (%esp), %ebx
c3                            retl  
81 c3 ba 93 08 00             add $0x893ba, %ebx
83 ec 08                      sub $0x8, %esp
8d 44 24 14                   leal  0x14(%esp), %eax
83 ec 04                      sub $0x4, %esp
50                            pushl  %eax
e8 78 06 03 00                calll  0x80802e0
89 e5                         mov %esp, %ebp
53                            pushl  %ebx
e8 95 84 fc ff                calll  0x8048780
8b 1c 24                      movl  (%esp), %ebx
c3                            retl  
