upointer
8b 45 e4                      movl  -0x1c(%ebp), %eax
89 45 f0                      movl  %eax, -0x10(%ebp)
8b 45 f0                      movl  -0x10(%ebp), %eax
8b 45 f0                      movl  -0x10(%ebp), %eax
83 45 f0 08                   addl  $0x8, -0x10(%ebp)
8b 45 f0                      movl  -0x10(%ebp), %eax
8b 45 f0                      movl  -0x10(%ebp), %eax
83 e8 08                      sub $0x8, %eax
8b 45 f0                      movl  -0x10(%ebp), %eax
83 e8 08                      sub $0x8, %eax
8b 45 f0                      movl  -0x10(%ebp), %eax
83 e8 08                      sub $0x8, %eax
8b 45 f0                      movl  -0x10(%ebp), %eax
8b 45 f0                      movl  -0x10(%ebp), %eax
83 45 f0 08                   addl  $0x8, -0x10(%ebp)
8b 45 f0                      movl  -0x10(%ebp), %eax
8b 45 f0                      movl  -0x10(%ebp), %eax
83 45 f0 08                   addl  $0x8, -0x10(%ebp)
8b 45 f0                      movl  -0x10(%ebp), %eax
8b 45 f0                      movl  -0x10(%ebp), %eax
upointer
83 7d ec 00                   cmpl  $0x0, -0x14(%ebp)
0f 85 76 ff ff ff             jnz 0x8048913
75 59                         jnz 0x8048972
0f 85 76 ff ff ff             jnz 0x8048913
0f 85 6a ff ff ff             jnz 0x8048913
75 59                         jnz 0x8048972
74 1b                         jz 0x8048941
eb 31                         jmp 0x8048972
0f 85 76 ff ff ff             jnz 0x8048913
75 59                         jnz 0x8048972
0f 85 76 ff ff ff             jnz 0x8048913
0f 85 6a ff ff ff             jnz 0x8048913
75 59                         jnz 0x8048972
74 1b                         jz 0x8048941
eb 21                         jmp 0x8048993
0f 85 76 ff ff ff             jnz 0x8048913
0f 85 6a ff ff ff             jnz 0x8048913
75 59                         jnz 0x8048972
74 1b                         jz 0x8048941
eb 21                         jmp 0x8048993
upointer
83 7d ec 00                   cmpl  $0x0, -0x14(%ebp)
75 59                         jnz 0x8048972
0f 85 76 ff ff ff             jnz 0x8048913
0f 85 6a ff ff ff             jnz 0x8048913
75 59                         jnz 0x8048972
74 1b                         jz 0x8048941
eb 31                         jmp 0x8048972
0f 85 76 ff ff ff             jnz 0x8048913
75 59                         jnz 0x8048972
0f 85 76 ff ff ff             jnz 0x8048913
0f 85 6a ff ff ff             jnz 0x8048913
75 59                         jnz 0x8048972
74 1b                         jz 0x8048941
eb 21                         jmp 0x8048993
0f 85 76 ff ff ff             jnz 0x8048913
0f 85 6a ff ff ff             jnz 0x8048913
75 59                         jnz 0x8048972
74 1b                         jz 0x8048941
eb 21                         jmp 0x8048993
0f 85 76 ff ff ff             jnz 0x8048913
upointer
8b 55 ec                      movl  -0x14(%ebp), %edx
89 10                         movl  %edx, (%eax)
8b 00                         movl  (%eax), %eax
89 45 ec                      movl  %eax, -0x14(%ebp)
8b 45 ec                      movl  -0x14(%ebp), %eax
upointer
83 45 f0 08                   addl  $0x8, -0x10(%ebp)
8b 45 f0                      movl  -0x10(%ebp), %eax
8b 45 f0                      movl  -0x10(%ebp), %eax
83 e8 08                      sub $0x8, %eax
8b 45 f0                      movl  -0x10(%ebp), %eax
83 e8 08                      sub $0x8, %eax
8b 45 f0                      movl  -0x10(%ebp), %eax
83 e8 08                      sub $0x8, %eax
8b 45 f0                      movl  -0x10(%ebp), %eax
8b 45 f0                      movl  -0x10(%ebp), %eax
83 45 f0 08                   addl  $0x8, -0x10(%ebp)
8b 45 f0                      movl  -0x10(%ebp), %eax
8b 45 f0                      movl  -0x10(%ebp), %eax
83 45 f0 08                   addl  $0x8, -0x10(%ebp)
8b 45 f0                      movl  -0x10(%ebp), %eax
8b 45 f0                      movl  -0x10(%ebp), %eax
83 e8 08                      sub $0x8, %eax
83 6d f0 08                   subl  $0x8, -0x10(%ebp)
8b 45 f0                      movl  -0x10(%ebp), %eax
8b 45 f0                      movl  -0x10(%ebp), %eax
upointer
83 7d ec 00                   cmpl  $0x0, -0x14(%ebp)
0f 85 76 ff ff ff             jnz 0x8048913
0f 85 6a ff ff ff             jnz 0x8048913
75 59                         jnz 0x8048972
74 1b                         jz 0x8048941
eb 31                         jmp 0x8048972
0f 85 76 ff ff ff             jnz 0x8048913
75 59                         jnz 0x8048972
0f 85 76 ff ff ff             jnz 0x8048913
0f 85 6a ff ff ff             jnz 0x8048913
75 59                         jnz 0x8048972
74 1b                         jz 0x8048941
eb 21                         jmp 0x8048993
0f 85 76 ff ff ff             jnz 0x8048913
0f 85 6a ff ff ff             jnz 0x8048913
75 59                         jnz 0x8048972
74 1b                         jz 0x8048941
eb 21                         jmp 0x8048993
0f 85 76 ff ff ff             jnz 0x8048913
0f 85 6a ff ff ff             jnz 0x8048913
upointer
3b 45 e4                      cmpl  -0x1c(%ebp), %eax
0f 85 6a ff ff ff             jnz 0x8048913
75 59                         jnz 0x8048972
74 1b                         jz 0x8048941
eb 31                         jmp 0x8048972
0f 85 76 ff ff ff             jnz 0x8048913
75 59                         jnz 0x8048972
0f 85 76 ff ff ff             jnz 0x8048913
0f 85 6a ff ff ff             jnz 0x8048913
75 59                         jnz 0x8048972
74 1b                         jz 0x8048941
eb 21                         jmp 0x8048993
0f 85 76 ff ff ff             jnz 0x8048913
0f 85 6a ff ff ff             jnz 0x8048913
75 59                         jnz 0x8048972
74 1b                         jz 0x8048941
eb 21                         jmp 0x8048993
0f 85 76 ff ff ff             jnz 0x8048913
0f 85 6a ff ff ff             jnz 0x8048913
75 59                         jnz 0x8048972
upointer
83 7d ec 00                   cmpl  $0x0, -0x14(%ebp)
75 59                         jnz 0x8048972
74 1b                         jz 0x8048941
eb 31                         jmp 0x8048972
0f 85 76 ff ff ff             jnz 0x8048913
75 59                         jnz 0x8048972
0f 85 76 ff ff ff             jnz 0x8048913
0f 85 6a ff ff ff             jnz 0x8048913
75 59                         jnz 0x8048972
74 1b                         jz 0x8048941
eb 21                         jmp 0x8048993
0f 85 76 ff ff ff             jnz 0x8048913
0f 85 6a ff ff ff             jnz 0x8048913
75 59                         jnz 0x8048972
74 1b                         jz 0x8048941
eb 21                         jmp 0x8048993
0f 85 76 ff ff ff             jnz 0x8048913
0f 85 6a ff ff ff             jnz 0x8048913
75 59                         jnz 0x8048972
74 1b                         jz 0x8048941
upointer
8b 55 ec                      movl  -0x14(%ebp), %edx
89 10                         movl  %edx, (%eax)
8b 00                         movl  (%eax), %eax
89 45 ec                      movl  %eax, -0x14(%ebp)
8b 45 ec                      movl  -0x14(%ebp), %eax
upointer
83 45 f0 08                   addl  $0x8, -0x10(%ebp)
8b 45 f0                      movl  -0x10(%ebp), %eax
8b 45 f0                      movl  -0x10(%ebp), %eax
83 45 f0 08                   addl  $0x8, -0x10(%ebp)
8b 45 f0                      movl  -0x10(%ebp), %eax
8b 45 f0                      movl  -0x10(%ebp), %eax
83 e8 08                      sub $0x8, %eax
83 6d f0 08                   subl  $0x8, -0x10(%ebp)
8b 45 f0                      movl  -0x10(%ebp), %eax
8b 45 f0                      movl  -0x10(%ebp), %eax
8b 45 f0                      movl  -0x10(%ebp), %eax
83 e8 08                      sub $0x8, %eax
83 6d f0 08                   subl  $0x8, -0x10(%ebp)
8b 45 f0                      movl  -0x10(%ebp), %eax
8b 45 f0                      movl  -0x10(%ebp), %eax
8b 45 f0                      movl  -0x10(%ebp), %eax
83 e8 08                      sub $0x8, %eax
83 6d f0 08                   subl  $0x8, -0x10(%ebp)
8b 45 f0                      movl  -0x10(%ebp), %eax
8b 45 f0                      movl  -0x10(%ebp), %eax
upointer
83 7d ec 00                   cmpl  $0x0, -0x14(%ebp)
0f 85 76 ff ff ff             jnz 0x8048913
75 59                         jnz 0x8048972
0f 85 76 ff ff ff             jnz 0x8048913
0f 85 6a ff ff ff             jnz 0x8048913
75 59                         jnz 0x8048972
74 1b                         jz 0x8048941
eb 21                         jmp 0x8048993
0f 85 76 ff ff ff             jnz 0x8048913
0f 85 6a ff ff ff             jnz 0x8048913
75 59                         jnz 0x8048972
74 1b                         jz 0x8048941
eb 21                         jmp 0x8048993
0f 85 76 ff ff ff             jnz 0x8048913
0f 85 6a ff ff ff             jnz 0x8048913
75 59                         jnz 0x8048972
74 1b                         jz 0x8048941
eb 21                         jmp 0x8048993
0f 85 76 ff ff ff             jnz 0x8048913
0f 85 6a ff ff ff             jnz 0x8048913
upointer
83 7d ec 00                   cmpl  $0x0, -0x14(%ebp)
75 59                         jnz 0x8048972
0f 85 76 ff ff ff             jnz 0x8048913
0f 85 6a ff ff ff             jnz 0x8048913
75 59                         jnz 0x8048972
74 1b                         jz 0x8048941
eb 21                         jmp 0x8048993
0f 85 76 ff ff ff             jnz 0x8048913
0f 85 6a ff ff ff             jnz 0x8048913
75 59                         jnz 0x8048972
74 1b                         jz 0x8048941
eb 21                         jmp 0x8048993
0f 85 76 ff ff ff             jnz 0x8048913
0f 85 6a ff ff ff             jnz 0x8048913
75 59                         jnz 0x8048972
74 1b                         jz 0x8048941
eb 21                         jmp 0x8048993
0f 85 76 ff ff ff             jnz 0x8048913
0f 85 6a ff ff ff             jnz 0x8048913
upointer
8b 55 ec                      movl  -0x14(%ebp), %edx
89 10                         movl  %edx, (%eax)
8b 00                         movl  (%eax), %eax
89 45 ec                      movl  %eax, -0x14(%ebp)
8b 45 ec                      movl  -0x14(%ebp), %eax
upointer
83 45 f0 08                   addl  $0x8, -0x10(%ebp)
8b 45 f0                      movl  -0x10(%ebp), %eax
8b 45 f0                      movl  -0x10(%ebp), %eax
83 e8 08                      sub $0x8, %eax
83 6d f0 08                   subl  $0x8, -0x10(%ebp)
8b 45 f0                      movl  -0x10(%ebp), %eax
8b 45 f0                      movl  -0x10(%ebp), %eax
8b 45 f0                      movl  -0x10(%ebp), %eax
83 e8 08                      sub $0x8, %eax
83 6d f0 08                   subl  $0x8, -0x10(%ebp)
8b 45 f0                      movl  -0x10(%ebp), %eax
8b 45 f0                      movl  -0x10(%ebp), %eax
8b 45 f0                      movl  -0x10(%ebp), %eax
83 e8 08                      sub $0x8, %eax
83 6d f0 08                   subl  $0x8, -0x10(%ebp)
8b 45 f0                      movl  -0x10(%ebp), %eax
8b 45 f0                      movl  -0x10(%ebp), %eax
upointer
83 7d ec 00                   cmpl  $0x0, -0x14(%ebp)
0f 85 76 ff ff ff             jnz 0x8048913
0f 85 6a ff ff ff             jnz 0x8048913
75 59                         jnz 0x8048972
74 1b                         jz 0x8048941
eb 21                         jmp 0x8048993
0f 85 76 ff ff ff             jnz 0x8048913
0f 85 6a ff ff ff             jnz 0x8048913
75 59                         jnz 0x8048972
74 1b                         jz 0x8048941
eb 21                         jmp 0x8048993
0f 85 76 ff ff ff             jnz 0x8048913
0f 85 6a ff ff ff             jnz 0x8048913
75 59                         jnz 0x8048972
74 1b                         jz 0x8048941
eb 21                         jmp 0x8048993
0f 85 76 ff ff ff             jnz 0x8048913
0f 85 6a ff ff ff             jnz 0x8048913
upointer
3b 45 e4                      cmpl  -0x1c(%ebp), %eax
0f 85 6a ff ff ff             jnz 0x8048913
75 59                         jnz 0x8048972
74 1b                         jz 0x8048941
eb 21                         jmp 0x8048993
0f 85 76 ff ff ff             jnz 0x8048913
0f 85 6a ff ff ff             jnz 0x8048913
75 59                         jnz 0x8048972
74 1b                         jz 0x8048941
eb 21                         jmp 0x8048993
0f 85 76 ff ff ff             jnz 0x8048913
0f 85 6a ff ff ff             jnz 0x8048913
75 59                         jnz 0x8048972
74 1b                         jz 0x8048941
eb 21                         jmp 0x8048993
0f 85 76 ff ff ff             jnz 0x8048913
0f 85 6a ff ff ff             jnz 0x8048913
upointer
83 7d ec 00                   cmpl  $0x0, -0x14(%ebp)
75 59                         jnz 0x8048972
74 1b                         jz 0x8048941
eb 21                         jmp 0x8048993
0f 85 76 ff ff ff             jnz 0x8048913
0f 85 6a ff ff ff             jnz 0x8048913
75 59                         jnz 0x8048972
74 1b                         jz 0x8048941
eb 21                         jmp 0x8048993
0f 85 76 ff ff ff             jnz 0x8048913
0f 85 6a ff ff ff             jnz 0x8048913
75 59                         jnz 0x8048972
74 1b                         jz 0x8048941
eb 21                         jmp 0x8048993
0f 85 76 ff ff ff             jnz 0x8048913
0f 85 6a ff ff ff             jnz 0x8048913
upointer
83 6d f0 08                   subl  $0x8, -0x10(%ebp)
8b 45 f0                      movl  -0x10(%ebp), %eax
8b 45 f0                      movl  -0x10(%ebp), %eax
8b 45 f0                      movl  -0x10(%ebp), %eax
83 e8 08                      sub $0x8, %eax
83 6d f0 08                   subl  $0x8, -0x10(%ebp)
8b 45 f0                      movl  -0x10(%ebp), %eax
8b 45 f0                      movl  -0x10(%ebp), %eax
8b 45 f0                      movl  -0x10(%ebp), %eax
83 e8 08                      sub $0x8, %eax
83 6d f0 08                   subl  $0x8, -0x10(%ebp)
8b 45 f0                      movl  -0x10(%ebp), %eax
8b 45 f0                      movl  -0x10(%ebp), %eax
int
8b 45 f4                      movl  -0xc(%ebp), %eax
8d 50 01                      leal  0x1(%eax), %edx
89 55 f4                      movl  %edx, -0xc(%ebp)
01 c2                         add %eax, %edx
8b 45 f4                      movl  -0xc(%ebp), %eax
8d 50 01                      leal  0x1(%eax), %edx
89 55 f4                      movl  %edx, -0xc(%ebp)
01 c2                         add %eax, %edx
8b 45 f4                      movl  -0xc(%ebp), %eax
8d 50 01                      leal  0x1(%eax), %edx
89 55 f4                      movl  %edx, -0xc(%ebp)
01 c2                         add %eax, %edx
01 d0                         add %edx, %eax
upointer
83 7d ec 00                   cmpl  $0x0, -0x14(%ebp)
0f 85 76 ff ff ff             jnz 0x8048913
0f 85 6a ff ff ff             jnz 0x8048913
75 59                         jnz 0x8048972
74 1b                         jz 0x8048941
eb 21                         jmp 0x8048993
0f 85 76 ff ff ff             jnz 0x8048913
0f 85 6a ff ff ff             jnz 0x8048913
75 59                         jnz 0x8048972
74 1b                         jz 0x8048941
eb 21                         jmp 0x8048993
0f 85 76 ff ff ff             jnz 0x8048913
0f 85 6a ff ff ff             jnz 0x8048913
upointer
3b 45 e4                      cmpl  -0x1c(%ebp), %eax
0f 85 6a ff ff ff             jnz 0x8048913
75 59                         jnz 0x8048972
74 1b                         jz 0x8048941
eb 21                         jmp 0x8048993
0f 85 76 ff ff ff             jnz 0x8048913
0f 85 6a ff ff ff             jnz 0x8048913
75 59                         jnz 0x8048972
74 1b                         jz 0x8048941
eb 21                         jmp 0x8048993
0f 85 76 ff ff ff             jnz 0x8048913
0f 85 6a ff ff ff             jnz 0x8048913
upointer
83 7d ec 00                   cmpl  $0x0, -0x14(%ebp)
75 59                         jnz 0x8048972
74 1b                         jz 0x8048941
eb 21                         jmp 0x8048993
0f 85 76 ff ff ff             jnz 0x8048913
0f 85 6a ff ff ff             jnz 0x8048913
75 59                         jnz 0x8048972
74 1b                         jz 0x8048941
eb 21                         jmp 0x8048993
0f 85 76 ff ff ff             jnz 0x8048913
0f 85 6a ff ff ff             jnz 0x8048913
upointer
83 6d f0 08                   subl  $0x8, -0x10(%ebp)
8b 45 f0                      movl  -0x10(%ebp), %eax
8b 45 f0                      movl  -0x10(%ebp), %eax
8b 45 f0                      movl  -0x10(%ebp), %eax
83 e8 08                      sub $0x8, %eax
83 6d f0 08                   subl  $0x8, -0x10(%ebp)
8b 45 f0                      movl  -0x10(%ebp), %eax
8b 45 f0                      movl  -0x10(%ebp), %eax
int
8b 45 f4                      movl  -0xc(%ebp), %eax
8d 50 01                      leal  0x1(%eax), %edx
89 55 f4                      movl  %edx, -0xc(%ebp)
01 c2                         add %eax, %edx
8b 45 f4                      movl  -0xc(%ebp), %eax
8d 50 01                      leal  0x1(%eax), %edx
89 55 f4                      movl  %edx, -0xc(%ebp)
01 c2                         add %eax, %edx
01 d0                         add %edx, %eax
upointer
83 7d ec 00                   cmpl  $0x0, -0x14(%ebp)
0f 85 76 ff ff ff             jnz 0x8048913
0f 85 6a ff ff ff             jnz 0x8048913
75 59                         jnz 0x8048972
74 1b                         jz 0x8048941
eb 21                         jmp 0x8048993
0f 85 76 ff ff ff             jnz 0x8048913
0f 85 6a ff ff ff             jnz 0x8048913
upointer
3b 45 e4                      cmpl  -0x1c(%ebp), %eax
0f 85 6a ff ff ff             jnz 0x8048913
75 59                         jnz 0x8048972
74 1b                         jz 0x8048941
eb 21                         jmp 0x8048993
0f 85 76 ff ff ff             jnz 0x8048913
0f 85 6a ff ff ff             jnz 0x8048913
upointer
83 7d ec 00                   cmpl  $0x0, -0x14(%ebp)
75 59                         jnz 0x8048972
74 1b                         jz 0x8048941
eb 21                         jmp 0x8048993
0f 85 76 ff ff ff             jnz 0x8048913
0f 85 6a ff ff ff             jnz 0x8048913
int
8b 45 f4                      movl  -0xc(%ebp), %eax
8d 50 01                      leal  0x1(%eax), %edx
89 55 f4                      movl  %edx, -0xc(%ebp)
01 c2                         add %eax, %edx
01 d0                         add %edx, %eax
upointer
8b 45 e8                      movl  -0x18(%ebp), %eax
89 44 24 38                   movl  %eax, 0x38(%esp)
8b 44 24 38                   movl  0x38(%esp), %eax
01 d0                         add %edx, %eax
8b 44 24 38                   movl  0x38(%esp), %eax
01 d0                         add %edx, %eax
8b 44 24 38                   movl  0x38(%esp), %eax
01 d0                         add %edx, %eax
int
39 44 24 3c                   cmpl  %eax, 0x3c(%esp)
7c ce                         jl 0x8048a29
e8 f4 6f 00 00                calll  0x804fa40
e8 3a 8d ff ff                calll  0x8048780
8b 1c 24                      movl  (%esp), %ebx
c3                            retl  
81 c3 ba 95 08 00             add $0x895ba, %ebx
83 ec 08                      sub $0x8, %esp
8d 44 24 14                   leal  0x14(%esp), %eax
83 ec 04                      sub $0x4, %esp
50                            pushl  %eax
e8 78 06 03 00                calll  0x80800e0
89 e5                         mov %esp, %ebp
53                            pushl  %ebx
e8 95 86 fc ff                calll  0x8048780
8b 1c 24                      movl  (%esp), %ebx
c3                            retl  
81 c3 15 8f 05 00             add $0x58f15, %ebx
81 ec ec 04 00 00             sub $0x4ec, %esp
8b 45 10                      movl  0x10(%ebp), %eax
int
83 44 24 3c 01                addl  $0x1, 0x3c(%esp)
39 44 24 3c                   cmpl  %eax, 0x3c(%esp)
7c ce                         jl 0x8048a29
8b 44 24 3c                   movl  0x3c(%esp), %eax
e8 f4 6f 00 00                calll  0x804fa40
e8 3a 8d ff ff                calll  0x8048780
8b 1c 24                      movl  (%esp), %ebx
c3                            retl  
81 c3 ba 95 08 00             add $0x895ba, %ebx
83 ec 08                      sub $0x8, %esp
8d 44 24 14                   leal  0x14(%esp), %eax
83 ec 04                      sub $0x4, %esp
50                            pushl  %eax
e8 78 06 03 00                calll  0x80800e0
89 e5                         mov %esp, %ebp
53                            pushl  %ebx
e8 95 86 fc ff                calll  0x8048780
8b 1c 24                      movl  (%esp), %ebx
c3                            retl  
81 c3 15 8f 05 00             add $0x58f15, %ebx
int
39 44 24 3c                   cmpl  %eax, 0x3c(%esp)
7c ce                         jl 0x8048a29
e8 f4 6f 00 00                calll  0x804fa40
e8 3a 8d ff ff                calll  0x8048780
8b 1c 24                      movl  (%esp), %ebx
c3                            retl  
81 c3 ba 95 08 00             add $0x895ba, %ebx
83 ec 08                      sub $0x8, %esp
8d 44 24 14                   leal  0x14(%esp), %eax
83 ec 04                      sub $0x4, %esp
50                            pushl  %eax
e8 78 06 03 00                calll  0x80800e0
89 e5                         mov %esp, %ebp
53                            pushl  %ebx
e8 95 86 fc ff                calll  0x8048780
8b 1c 24                      movl  (%esp), %ebx
c3                            retl  
81 c3 15 8f 05 00             add $0x58f15, %ebx
81 ec ec 04 00 00             sub $0x4ec, %esp
8b 45 10                      movl  0x10(%ebp), %eax
int
83 44 24 3c 01                addl  $0x1, 0x3c(%esp)
39 44 24 3c                   cmpl  %eax, 0x3c(%esp)
7c ce                         jl 0x8048a29
8b 44 24 3c                   movl  0x3c(%esp), %eax
e8 f4 6f 00 00                calll  0x804fa40
e8 3a 8d ff ff                calll  0x8048780
8b 1c 24                      movl  (%esp), %ebx
c3                            retl  
81 c3 ba 95 08 00             add $0x895ba, %ebx
83 ec 08                      sub $0x8, %esp
8d 44 24 14                   leal  0x14(%esp), %eax
83 ec 04                      sub $0x4, %esp
50                            pushl  %eax
e8 78 06 03 00                calll  0x80800e0
89 e5                         mov %esp, %ebp
53                            pushl  %ebx
e8 95 86 fc ff                calll  0x8048780
8b 1c 24                      movl  (%esp), %ebx
c3                            retl  
81 c3 15 8f 05 00             add $0x58f15, %ebx
int
39 44 24 3c                   cmpl  %eax, 0x3c(%esp)
7c ce                         jl 0x8048a29
e8 f4 6f 00 00                calll  0x804fa40
e8 3a 8d ff ff                calll  0x8048780
8b 1c 24                      movl  (%esp), %ebx
c3                            retl  
81 c3 ba 95 08 00             add $0x895ba, %ebx
83 ec 08                      sub $0x8, %esp
8d 44 24 14                   leal  0x14(%esp), %eax
83 ec 04                      sub $0x4, %esp
50                            pushl  %eax
e8 78 06 03 00                calll  0x80800e0
89 e5                         mov %esp, %ebp
53                            pushl  %ebx
e8 95 86 fc ff                calll  0x8048780
8b 1c 24                      movl  (%esp), %ebx
c3                            retl  
81 c3 15 8f 05 00             add $0x58f15, %ebx
81 ec ec 04 00 00             sub $0x4ec, %esp
8b 45 10                      movl  0x10(%ebp), %eax
int
83 44 24 3c 01                addl  $0x1, 0x3c(%esp)
39 44 24 3c                   cmpl  %eax, 0x3c(%esp)
7c ce                         jl 0x8048a29
e8 09 78 00 00                calll  0x8050270
e8 a9 cc ff ff                calll  0x804cf23
8b 3c 24                      movl  (%esp), %edi
c3                            retl  
81 c7 86 8d 08 00             add $0x88d86, %edi
83 ec 1c                      sub $0x1c, %esp
75 3d                         jnz 0x80502d8
74 28                         jz 0x80502d4
74 01                         jz 0x80502bc
74 07                         jz 0x80502c8
73 4c                         jnb 0x8050330
75 27                         jnz 0x805031f
75 1e                         jnz 0x805031f
74 01                         jz 0x8050313
74 07                         jz 0x805031f
c3                            retl  
int
39 44 24 3c                   cmpl  %eax, 0x3c(%esp)
7c ce                         jl 0x8048a29
e8 09 78 00 00                calll  0x8050270
e8 a9 cc ff ff                calll  0x804cf23
8b 3c 24                      movl  (%esp), %edi
c3                            retl  
81 c7 86 8d 08 00             add $0x88d86, %edi
83 ec 1c                      sub $0x1c, %esp
75 3d                         jnz 0x80502d8
74 28                         jz 0x80502d4
74 01                         jz 0x80502bc
74 07                         jz 0x80502c8
73 4c                         jnb 0x8050330
75 27                         jnz 0x805031f
75 1e                         jnz 0x805031f
74 01                         jz 0x8050313
74 07                         jz 0x805031f
c3                            retl  
