int
8b 44 24 18                   movl  0x18(%esp), %eax
c1 e0 02                      shl $0x2, %eax
89 04 24                      movl  %eax, (%esp)
8b 74 24 20                   movl  0x20(%esp), %esi
8d 46 13                      leal  0x13(%esi), %eax
83 f8 0f                      cmp $0xf, %eax
0f 87 a9 00 00 00             jnbe 0x805c738
83 e0 f0                      and $0xfffffff0, %eax
83 f8 df                      cmp $0xffffffdf, %eax
0f 97 c2                      setnbe %dl
e9 50 ff ff ff                jmp 0x805c696
39 f0                         cmp %esi, %eax
0f 82 72 01 00 00             jb 0x805c810
84 d2                         test %dl, %dl
0f 85 6a 01 00 00             jnz 0x805c810
83 e8 01                      sub $0x1, %eax
c1 e8 04                      shr $0x4, %eax
0f 84 95 00 00 00             jz 0x805c750
0f 82 c9 00 00 00             jb 0x805c790
0f 84 29 ff ff ff             jz 0x805c6c7
int
3b 44 24 18                   cmpl  0x18(%esp), %eax
7c c0                         jl 0x8048986
e8 49 ff ff ff                calll  0x8048923
75 07                         jnz 0x8048936
eb 1d                         jmp 0x8048953
c3                            retl  
int
8b 44 24 18                   movl  0x18(%esp), %eax
89 44 24 04                   movl  %eax, 0x4(%esp)
83 7d 0c 00                   cmpl  $0x0, 0xc(%ebp)
75 07                         jnz 0x8048936
eb 1d                         jmp 0x8048953
upointer
8b 44 24 14                   movl  0x14(%esp), %eax
89 04 24                      movl  %eax, (%esp)
50                            pushl  %eax
ff 74 24 1c                   pushl  0x1c(%esp)
ff 74 24 38                   pushl  0x38(%esp)
ff 74 24 3c                   pushl  0x3c(%esp)
8b 5c 24 04                   movl  0x4(%esp), %ebx
