int
8b 45 e8                      movl  -0x18(%ebp), %eax
c1 e0 02                      shl $0x2, %eax
89 04 24                      movl  %eax, (%esp)
8b 74 24 20                   movl  0x20(%esp), %esi
8d 46 13                      leal  0x13(%esi), %eax
83 f8 0f                      cmp $0xf, %eax
0f 87 a9 00 00 00             jnbe 0x805c298
83 e0 f0                      and $0xfffffff0, %eax
83 f8 df                      cmp $0xffffffdf, %eax
0f 97 c2                      setnbe %dl
e9 50 ff ff ff                jmp 0x805c1f6
39 f0                         cmp %esi, %eax
0f 82 72 01 00 00             jb 0x805c370
84 d2                         test %dl, %dl
0f 85 6a 01 00 00             jnz 0x805c370
83 e8 01                      sub $0x1, %eax
c1 e8 04                      shr $0x4, %eax
0f 84 95 00 00 00             jz 0x805c2b0
0f 82 c9 00 00 00             jb 0x805c2f0
0f 85 53 01 00 00             jnz 0x805c388
int
8b 45 e8                      movl  -0x18(%ebp), %eax
8d 50 0f                      leal  0xf(%eax), %edx
85 c0                         test %eax, %eax
0f 48 c2                      cmovs %edx, %eax
c1 f8 04                      sar $0x4, %eax
c1 e0 02                      shl $0x2, %eax
89 04 24                      movl  %eax, (%esp)
8b 74 24 20                   movl  0x20(%esp), %esi
8d 46 13                      leal  0x13(%esi), %eax
83 f8 0f                      cmp $0xf, %eax
0f 87 a9 00 00 00             jnbe 0x805c298
83 e0 f0                      and $0xfffffff0, %eax
83 f8 df                      cmp $0xffffffdf, %eax
0f 97 c2                      setnbe %dl
e9 50 ff ff ff                jmp 0x805c1f6
39 f0                         cmp %esi, %eax
0f 82 72 01 00 00             jb 0x805c370
84 d2                         test %dl, %dl
0f 85 6a 01 00 00             jnz 0x805c370
83 e8 01                      sub $0x1, %eax
upointer
8b 45 e0                      movl  -0x20(%ebp), %eax
89 45 f0                      movl  %eax, -0x10(%ebp)
8b 45 f0                      movl  -0x10(%ebp), %eax
8d 50 04                      leal  0x4(%eax), %edx
89 55 f0                      movl  %edx, -0x10(%ebp)
8b 45 f0                      movl  -0x10(%ebp), %eax
83 6d f0 04                   subl  $0x4, -0x10(%ebp)
8b 45 f0                      movl  -0x10(%ebp), %eax
8b 45 f0                      movl  -0x10(%ebp), %eax
upointer
83 7d ec 00                   cmpl  $0x0, -0x14(%ebp)
75 a8                         jnz 0x80488d3
75 0c                         jnz 0x80488e5
74 11                         jz 0x804891c
75 a8                         jnz 0x80488d3
75 a0                         jnz 0x80488d3
75 0c                         jnz 0x80488e5
74 11                         jz 0x804891c
75 a8                         jnz 0x80488d3
75 0c                         jnz 0x80488e5
74 11                         jz 0x804891c
75 a8                         jnz 0x80488d3
75 a0                         jnz 0x80488d3
upointer
83 7d ec 00                   cmpl  $0x0, -0x14(%ebp)
75 0c                         jnz 0x80488e5
74 11                         jz 0x804891c
75 a8                         jnz 0x80488d3
75 a0                         jnz 0x80488d3
75 0c                         jnz 0x80488e5
74 11                         jz 0x804891c
75 a8                         jnz 0x80488d3
75 0c                         jnz 0x80488e5
74 11                         jz 0x804891c
75 a8                         jnz 0x80488d3
75 a0                         jnz 0x80488d3
int
8b 45 f4                      movl  -0xc(%ebp), %eax
8d 50 01                      leal  0x1(%eax), %edx
89 55 f4                      movl  %edx, -0xc(%ebp)
01 c2                         add %eax, %edx
8b 45 f4                      movl  -0xc(%ebp), %eax
8d 50 01                      leal  0x1(%eax), %edx
89 55 f4                      movl  %edx, -0xc(%ebp)
01 c2                         add %eax, %edx
8b 45 f4                      movl  -0xc(%ebp), %eax
8d 50 01                      leal  0x1(%eax), %edx
89 55 f4                      movl  %edx, -0xc(%ebp)
01 c2                         add %eax, %edx
8b 55 f4                      movl  -0xc(%ebp), %edx
89 10                         movl  %edx, (%eax)
8b 44 24 10                   movl  0x10(%esp), %eax
01 d0                         add %edx, %eax
8b 44 24 10                   movl  0x10(%esp), %eax
8b 44 24 10                   movl  0x10(%esp), %eax
8b 44 24 10                   movl  0x10(%esp), %eax
upointer
8b 45 f0                      movl  -0x10(%ebp), %eax
8d 50 04                      leal  0x4(%eax), %edx
89 55 f0                      movl  %edx, -0x10(%ebp)
8b 45 f0                      movl  -0x10(%ebp), %eax
83 6d f0 04                   subl  $0x4, -0x10(%ebp)
8b 45 f0                      movl  -0x10(%ebp), %eax
8b 45 f0                      movl  -0x10(%ebp), %eax
upointer
83 7d ec 00                   cmpl  $0x0, -0x14(%ebp)
75 a8                         jnz 0x80488d3
75 a0                         jnz 0x80488d3
75 0c                         jnz 0x80488e5
74 11                         jz 0x804891c
75 a8                         jnz 0x80488d3
75 0c                         jnz 0x80488e5
74 11                         jz 0x804891c
75 a8                         jnz 0x80488d3
75 a0                         jnz 0x80488d3
upointer
3b 45 e0                      cmpl  -0x20(%ebp), %eax
75 a0                         jnz 0x80488d3
75 0c                         jnz 0x80488e5
74 11                         jz 0x804891c
75 a8                         jnz 0x80488d3
75 0c                         jnz 0x80488e5
74 11                         jz 0x804891c
75 a8                         jnz 0x80488d3
75 a0                         jnz 0x80488d3
upointer
83 7d ec 00                   cmpl  $0x0, -0x14(%ebp)
75 0c                         jnz 0x80488e5
74 11                         jz 0x804891c
75 a8                         jnz 0x80488d3
75 0c                         jnz 0x80488e5
74 11                         jz 0x804891c
75 a8                         jnz 0x80488d3
75 a0                         jnz 0x80488d3
int
8b 45 f4                      movl  -0xc(%ebp), %eax
8d 50 01                      leal  0x1(%eax), %edx
89 55 f4                      movl  %edx, -0xc(%ebp)
01 c2                         add %eax, %edx
8b 45 f4                      movl  -0xc(%ebp), %eax
8d 50 01                      leal  0x1(%eax), %edx
89 55 f4                      movl  %edx, -0xc(%ebp)
01 c2                         add %eax, %edx
8b 55 f4                      movl  -0xc(%ebp), %edx
89 10                         movl  %edx, (%eax)
8b 44 24 10                   movl  0x10(%esp), %eax
01 d0                         add %edx, %eax
8b 44 24 10                   movl  0x10(%esp), %eax
8b 44 24 10                   movl  0x10(%esp), %eax
8b 44 24 10                   movl  0x10(%esp), %eax
upointer
83 7d ec 00                   cmpl  $0x0, -0x14(%ebp)
75 a8                         jnz 0x80488d3
75 0c                         jnz 0x80488e5
74 11                         jz 0x804891c
75 a8                         jnz 0x80488d3
75 a0                         jnz 0x80488d3
upointer
83 7d ec 00                   cmpl  $0x0, -0x14(%ebp)
75 0c                         jnz 0x80488e5
74 11                         jz 0x804891c
75 a8                         jnz 0x80488d3
75 a0                         jnz 0x80488d3
int
8b 45 f4                      movl  -0xc(%ebp), %eax
8d 50 01                      leal  0x1(%eax), %edx
89 55 f4                      movl  %edx, -0xc(%ebp)
01 c2                         add %eax, %edx
8b 55 f4                      movl  -0xc(%ebp), %edx
89 10                         movl  %edx, (%eax)
8b 44 24 10                   movl  0x10(%esp), %eax
01 d0                         add %edx, %eax
8b 44 24 10                   movl  0x10(%esp), %eax
8b 44 24 10                   movl  0x10(%esp), %eax
8b 44 24 10                   movl  0x10(%esp), %eax
int
8b 55 f4                      movl  -0xc(%ebp), %edx
89 10                         movl  %edx, (%eax)
8b 44 24 10                   movl  0x10(%esp), %eax
01 d0                         add %edx, %eax
8b 44 24 10                   movl  0x10(%esp), %eax
8b 44 24 10                   movl  0x10(%esp), %eax
8b 44 24 10                   movl  0x10(%esp), %eax
upointer
8b 45 e4                      movl  -0x1c(%ebp), %eax
89 44 24 38                   movl  %eax, 0x38(%esp)
8b 44 24 38                   movl  0x38(%esp), %eax
01 d0                         add %edx, %eax
8b 44 24 38                   movl  0x38(%esp), %eax
01 d0                         add %edx, %eax
8b 44 24 38                   movl  0x38(%esp), %eax
01 d0                         add %edx, %eax
int
39 44 24 3c                   cmpl  %eax, 0x3c(%esp)
7c ce                         jl 0x80489bb
e8 f2 6f 00 00                calll  0x804f9d0
e8 aa 8d ff ff                calll  0x8048780
8b 1c 24                      movl  (%esp), %ebx
c3                            retl  
81 c3 2a 96 08 00             add $0x8962a, %ebx
83 ec 08                      sub $0x8, %esp
8d 44 24 14                   leal  0x14(%esp), %eax
83 ec 04                      sub $0x4, %esp
50                            pushl  %eax
e8 78 06 03 00                calll  0x8080070
89 e5                         mov %esp, %ebp
53                            pushl  %ebx
e8 05 87 fc ff                calll  0x8048780
8b 1c 24                      movl  (%esp), %ebx
c3                            retl  
81 c3 85 8f 05 00             add $0x58f85, %ebx
81 ec ec 04 00 00             sub $0x4ec, %esp
8b 45 10                      movl  0x10(%ebp), %eax
int
83 44 24 3c 01                addl  $0x1, 0x3c(%esp)
39 44 24 3c                   cmpl  %eax, 0x3c(%esp)
7c ce                         jl 0x80489bb
8b 44 24 3c                   movl  0x3c(%esp), %eax
e8 f2 6f 00 00                calll  0x804f9d0
e8 aa 8d ff ff                calll  0x8048780
8b 1c 24                      movl  (%esp), %ebx
c3                            retl  
81 c3 2a 96 08 00             add $0x8962a, %ebx
83 ec 08                      sub $0x8, %esp
8d 44 24 14                   leal  0x14(%esp), %eax
83 ec 04                      sub $0x4, %esp
50                            pushl  %eax
e8 78 06 03 00                calll  0x8080070
89 e5                         mov %esp, %ebp
53                            pushl  %ebx
e8 05 87 fc ff                calll  0x8048780
8b 1c 24                      movl  (%esp), %ebx
c3                            retl  
81 c3 85 8f 05 00             add $0x58f85, %ebx
int
39 44 24 3c                   cmpl  %eax, 0x3c(%esp)
7c ce                         jl 0x80489bb
e8 f2 6f 00 00                calll  0x804f9d0
e8 aa 8d ff ff                calll  0x8048780
8b 1c 24                      movl  (%esp), %ebx
c3                            retl  
81 c3 2a 96 08 00             add $0x8962a, %ebx
83 ec 08                      sub $0x8, %esp
8d 44 24 14                   leal  0x14(%esp), %eax
83 ec 04                      sub $0x4, %esp
50                            pushl  %eax
e8 78 06 03 00                calll  0x8080070
89 e5                         mov %esp, %ebp
53                            pushl  %ebx
e8 05 87 fc ff                calll  0x8048780
8b 1c 24                      movl  (%esp), %ebx
c3                            retl  
81 c3 85 8f 05 00             add $0x58f85, %ebx
81 ec ec 04 00 00             sub $0x4ec, %esp
8b 45 10                      movl  0x10(%ebp), %eax
int
83 44 24 3c 01                addl  $0x1, 0x3c(%esp)
39 44 24 3c                   cmpl  %eax, 0x3c(%esp)
7c ce                         jl 0x80489bb
8b 44 24 3c                   movl  0x3c(%esp), %eax
e8 f2 6f 00 00                calll  0x804f9d0
e8 aa 8d ff ff                calll  0x8048780
8b 1c 24                      movl  (%esp), %ebx
c3                            retl  
81 c3 2a 96 08 00             add $0x8962a, %ebx
83 ec 08                      sub $0x8, %esp
8d 44 24 14                   leal  0x14(%esp), %eax
83 ec 04                      sub $0x4, %esp
50                            pushl  %eax
e8 78 06 03 00                calll  0x8080070
89 e5                         mov %esp, %ebp
53                            pushl  %ebx
e8 05 87 fc ff                calll  0x8048780
8b 1c 24                      movl  (%esp), %ebx
c3                            retl  
81 c3 85 8f 05 00             add $0x58f85, %ebx
int
39 44 24 3c                   cmpl  %eax, 0x3c(%esp)
7c ce                         jl 0x80489bb
e8 f2 6f 00 00                calll  0x804f9d0
e8 aa 8d ff ff                calll  0x8048780
8b 1c 24                      movl  (%esp), %ebx
c3                            retl  
81 c3 2a 96 08 00             add $0x8962a, %ebx
83 ec 08                      sub $0x8, %esp
8d 44 24 14                   leal  0x14(%esp), %eax
83 ec 04                      sub $0x4, %esp
50                            pushl  %eax
e8 78 06 03 00                calll  0x8080070
89 e5                         mov %esp, %ebp
53                            pushl  %ebx
e8 05 87 fc ff                calll  0x8048780
8b 1c 24                      movl  (%esp), %ebx
c3                            retl  
81 c3 85 8f 05 00             add $0x58f85, %ebx
81 ec ec 04 00 00             sub $0x4ec, %esp
8b 45 10                      movl  0x10(%ebp), %eax
int
83 44 24 3c 01                addl  $0x1, 0x3c(%esp)
39 44 24 3c                   cmpl  %eax, 0x3c(%esp)
7c ce                         jl 0x80489bb
e8 07 78 00 00                calll  0x8050200
e8 a9 cc ff ff                calll  0x804ceb3
8b 3c 24                      movl  (%esp), %edi
c3                            retl  
81 c7 f6 8d 08 00             add $0x88df6, %edi
83 ec 1c                      sub $0x1c, %esp
75 3d                         jnz 0x8050268
74 28                         jz 0x8050264
74 01                         jz 0x805024c
74 07                         jz 0x8050258
73 4c                         jnb 0x80502c0
75 27                         jnz 0x80502af
75 1e                         jnz 0x80502af
74 01                         jz 0x80502a3
74 07                         jz 0x80502af
c3                            retl  
int
39 44 24 3c                   cmpl  %eax, 0x3c(%esp)
7c ce                         jl 0x80489bb
e8 07 78 00 00                calll  0x8050200
e8 a9 cc ff ff                calll  0x804ceb3
8b 3c 24                      movl  (%esp), %edi
c3                            retl  
81 c7 f6 8d 08 00             add $0x88df6, %edi
83 ec 1c                      sub $0x1c, %esp
75 3d                         jnz 0x8050268
74 28                         jz 0x8050264
74 01                         jz 0x805024c
74 07                         jz 0x8050258
73 4c                         jnb 0x80502c0
75 27                         jnz 0x80502af
75 1e                         jnz 0x80502af
74 01                         jz 0x80502a3
74 07                         jz 0x80502af
c3                            retl  
