upointer
8b 45 f4                      movl  -0xc(%ebp), %eax
89 45 ec                      movl  %eax, -0x14(%ebp)
8b 45 ec                      movl  -0x14(%ebp), %eax
8d 50 04                      leal  0x4(%eax), %edx
89 14 24                      movl  %edx, (%esp)
8b 45 08                      movl  0x8(%ebp), %eax
89 04 24                      movl  %eax, (%esp)
8b 55 08                      movl  0x8(%ebp), %edx
89 50 04                      movl  %edx, 0x4(%eax)
8b 45 08                      movl  0x8(%ebp), %eax
8b 45 08                      movl  0x8(%ebp), %eax
8b 55 08                      movl  0x8(%ebp), %edx
89 10                         movl  %edx, (%eax)
8b 00                         movl  (%eax), %eax
8b 40 04                      movl  0x4(%eax), %eax
89 45 f4                      movl  %eax, -0xc(%ebp)
8b 45 f4                      movl  -0xc(%ebp), %eax
8b 45 f4                      movl  -0xc(%ebp), %eax
83 e8 04                      sub $0x4, %eax
89 45 e8                      movl  %eax, -0x18(%ebp)
upointer
8b 45 ec                      movl  -0x14(%ebp), %eax
8d 50 04                      leal  0x4(%eax), %edx
89 14 24                      movl  %edx, (%esp)
8b 45 08                      movl  0x8(%ebp), %eax
89 04 24                      movl  %eax, (%esp)
8b 55 08                      movl  0x8(%ebp), %edx
89 50 04                      movl  %edx, 0x4(%eax)
8b 45 08                      movl  0x8(%ebp), %eax
8b 45 08                      movl  0x8(%ebp), %eax
8b 55 08                      movl  0x8(%ebp), %edx
89 10                         movl  %edx, (%eax)
8b 00                         movl  (%eax), %eax
8b 40 04                      movl  0x4(%eax), %eax
89 45 f4                      movl  %eax, -0xc(%ebp)
8b 45 f4                      movl  -0xc(%ebp), %eax
8b 45 f4                      movl  -0xc(%ebp), %eax
83 e8 04                      sub $0x4, %eax
89 45 e8                      movl  %eax, -0x18(%ebp)
8b 45 e8                      movl  -0x18(%ebp), %eax
8b 45 e8                      movl  -0x18(%ebp), %eax
int
8b 45 f4                      movl  -0xc(%ebp), %eax
83 e0 01                      and $0x1, %eax
85 c0                         test %eax, %eax
74 29                         jz 0x8048b91
e8 ea fd ff ff                calll  0x80489a2
e9 88 00 00 00                jmp 0x8048a3e
0f 85 6c ff ff ff             jnz 0x80489b6
74 2f                         jz 0x80489fa
e8 74 ff ff ff                calll  0x8048956
e8 26 ff ff ff                calll  0x804888d
c3                            retl  
74 11                         jz 0x804897c
e8 39 3b 01 00                calll  0x805c4b0
e8 c8 c2 fe ff                calll  0x8048780
8b 1c 24                      movl  (%esp), %ebx
c3                            retl  
81 c3 48 cb 07 00             add $0x7cb48, %ebx
83 ec 10                      sub $0x10, %esp
0f 85 6d 01 00 00             jnz 0x805c640
0f 87 a9 00 00 00             jnbe 0x805c588
upointer
8b 45 f0                      movl  -0x10(%ebp), %eax
89 44 24 0c                   movl  %eax, 0xc(%esp)
8b 45 14                      movl  0x14(%ebp), %eax
01 c2                         add %eax, %edx
upointer
8b 45 f4                      movl  -0xc(%ebp), %eax
83 e8 04                      sub $0x4, %eax
89 45 e8                      movl  %eax, -0x18(%ebp)
8b 45 e8                      movl  -0x18(%ebp), %eax
8b 45 e8                      movl  -0x18(%ebp), %eax
8b 45 e8                      movl  -0x18(%ebp), %eax
8b 45 e8                      movl  -0x18(%ebp), %eax
upointer
8b 45 f4                      movl  -0xc(%ebp), %eax
89 45 e4                      movl  %eax, -0x1c(%ebp)
8b 45 e4                      movl  -0x1c(%ebp), %eax
8d 50 04                      leal  0x4(%eax), %edx
89 14 24                      movl  %edx, (%esp)
8b 45 08                      movl  0x8(%ebp), %eax
89 04 24                      movl  %eax, (%esp)
8b 55 08                      movl  0x8(%ebp), %edx
89 50 04                      movl  %edx, 0x4(%eax)
8b 45 08                      movl  0x8(%ebp), %eax
8b 45 08                      movl  0x8(%ebp), %eax
8b 55 08                      movl  0x8(%ebp), %edx
89 10                         movl  %edx, (%eax)
8b 00                         movl  (%eax), %eax
89 44 24 08                   movl  %eax, 0x8(%esp)
8b 45 10                      movl  0x10(%ebp), %eax
8b 55 10                      movl  0x10(%ebp), %edx
89 10                         movl  %edx, (%eax)
8b 40 04                      movl  0x4(%eax), %eax
89 45 f4                      movl  %eax, -0xc(%ebp)
upointer
8b 45 f4                      movl  -0xc(%ebp), %eax
89 45 e4                      movl  %eax, -0x1c(%ebp)
8b 45 e4                      movl  -0x1c(%ebp), %eax
8d 50 04                      leal  0x4(%eax), %edx
89 14 24                      movl  %edx, (%esp)
8b 45 08                      movl  0x8(%ebp), %eax
89 04 24                      movl  %eax, (%esp)
8b 55 08                      movl  0x8(%ebp), %edx
89 50 04                      movl  %edx, 0x4(%eax)
8b 45 08                      movl  0x8(%ebp), %eax
8b 45 08                      movl  0x8(%ebp), %eax
8b 55 08                      movl  0x8(%ebp), %edx
89 10                         movl  %edx, (%eax)
8b 00                         movl  (%eax), %eax
8b 40 04                      movl  0x4(%eax), %eax
89 45 f4                      movl  %eax, -0xc(%ebp)
8b 45 f4                      movl  -0xc(%ebp), %eax
8b 45 f4                      movl  -0xc(%ebp), %eax
83 e8 04                      sub $0x4, %eax
89 45 e8                      movl  %eax, -0x18(%ebp)
upointer
8b 45 f4                      movl  -0xc(%ebp), %eax
83 e8 04                      sub $0x4, %eax
89 45 e0                      movl  %eax, -0x20(%ebp)
8b 45 e0                      movl  -0x20(%ebp), %eax
int
83 7d ec 00                   cmpl  $0x0, -0x14(%ebp)
74 29                         jz 0x8048a9d
e8 86 fe ff ff                calll  0x804892e
e8 cf ff ff ff                calll  0x804890e
c3                            retl  
c3                            retl  
e8 0d fe ff ff                calll  0x80488c7
89 e5                         mov %esp, %ebp
83 ec 0c                      sub $0xc, %esp
e8 b8 ff ff ff                calll  0x80488a0
55                            pushl  %ebp
89 e5                         mov %esp, %ebp
5d                            popl  %ebp
c3                            retl  
c3                            retl  
75 94                         jnz 0x8048a65
upointer
8b 45 f4                      movl  -0xc(%ebp), %eax
89 04 24                      movl  %eax, (%esp)
8b 45 08                      movl  0x8(%ebp), %eax
89 04 24                      movl  %eax, (%esp)
8b 45 08                      movl  0x8(%ebp), %eax
8b 55 08                      movl  0x8(%ebp), %edx
8b 45 08                      movl  0x8(%ebp), %eax
8b 55 08                      movl  0x8(%ebp), %edx
8b 45 08                      movl  0x8(%ebp), %eax
8b 45 08                      movl  0x8(%ebp), %eax
8b 45 08                      movl  0x8(%ebp), %eax
upointer
8b 45 f4                      movl  -0xc(%ebp), %eax
89 04 24                      movl  %eax, (%esp)
8b 45 08                      movl  0x8(%ebp), %eax
89 04 24                      movl  %eax, (%esp)
8b 55 08                      movl  0x8(%ebp), %edx
89 50 04                      movl  %edx, 0x4(%eax)
8b 45 08                      movl  0x8(%ebp), %eax
8b 45 08                      movl  0x8(%ebp), %eax
8b 55 08                      movl  0x8(%ebp), %edx
89 10                         movl  %edx, (%eax)
8b 00                         movl  (%eax), %eax
8b 00                         movl  (%eax), %eax
83 e8 04                      sub $0x4, %eax
89 45 f4                      movl  %eax, -0xc(%ebp)
8b 45 f4                      movl  -0xc(%ebp), %eax
83 c0 04                      add $0x4, %eax
89 04 24                      movl  %eax, (%esp)
8b 45 08                      movl  0x8(%ebp), %eax
89 04 24                      movl  %eax, (%esp)
8b 45 08                      movl  0x8(%ebp), %eax
upointer
8b 45 f0                      movl  -0x10(%ebp), %eax
89 45 f4                      movl  %eax, -0xc(%ebp)
8b 45 f4                      movl  -0xc(%ebp), %eax
8b 45 f4                      movl  -0xc(%ebp), %eax
int
83 45 f4 01                   addl  $0x1, -0xc(%ebp)
8b 45 f4                      movl  -0xc(%ebp), %eax
83 e0 01                      and $0x1, %eax
85 c0                         test %eax, %eax
74 29                         jz 0x8048b91
e8 13 fe ff ff                calll  0x80489a2
e9 88 00 00 00                jmp 0x8048a3e
0f 85 6c ff ff ff             jnz 0x80489b6
74 2f                         jz 0x80489fa
74 2f                         jz 0x8048a35
e8 39 ff ff ff                calll  0x8048956
e8 26 ff ff ff                calll  0x804888d
c3                            retl  
74 11                         jz 0x804897c
e8 99 ff ff ff                calll  0x804892e
89 e5                         mov %esp, %ebp
83 ec 04                      sub $0x4, %esp
e8 cf ff ff ff                calll  0x804890e
55                            pushl  %ebp
89 e5                         mov %esp, %ebp
int
8b 45 f4                      movl  -0xc(%ebp), %eax
83 e0 01                      and $0x1, %eax
85 c0                         test %eax, %eax
74 29                         jz 0x8048b91
e8 13 fe ff ff                calll  0x80489a2
e9 88 00 00 00                jmp 0x8048a3e
0f 85 6c ff ff ff             jnz 0x80489b6
74 2f                         jz 0x80489fa
74 2f                         jz 0x8048a35
e8 39 ff ff ff                calll  0x8048956
e8 26 ff ff ff                calll  0x804888d
c3                            retl  
74 11                         jz 0x804897c
e8 99 ff ff ff                calll  0x804892e
89 e5                         mov %esp, %ebp
83 ec 04                      sub $0x4, %esp
e8 cf ff ff ff                calll  0x804890e
55                            pushl  %ebp
89 e5                         mov %esp, %ebp
5d                            popl  %ebp
upointer
8b 45 f0                      movl  -0x10(%ebp), %eax
89 44 24 0c                   movl  %eax, 0xc(%esp)
8b 45 14                      movl  0x14(%ebp), %eax
01 c2                         add %eax, %edx
upointer
8b 45 f4                      movl  -0xc(%ebp), %eax
83 e8 04                      sub $0x4, %eax
89 45 e8                      movl  %eax, -0x18(%ebp)
8b 45 e8                      movl  -0x18(%ebp), %eax
8b 45 e8                      movl  -0x18(%ebp), %eax
8b 45 e8                      movl  -0x18(%ebp), %eax
upointer
8b 45 f4                      movl  -0xc(%ebp), %eax
83 c0 04                      add $0x4, %eax
89 04 24                      movl  %eax, (%esp)
8b 45 08                      movl  0x8(%ebp), %eax
89 04 24                      movl  %eax, (%esp)
8b 45 08                      movl  0x8(%ebp), %eax
8b 55 08                      movl  0x8(%ebp), %edx
8b 45 08                      movl  0x8(%ebp), %eax
8b 55 08                      movl  0x8(%ebp), %edx
8b 45 08                      movl  0x8(%ebp), %eax
8b 45 08                      movl  0x8(%ebp), %eax
8b 45 08                      movl  0x8(%ebp), %eax
upointer
8b 45 f4                      movl  -0xc(%ebp), %eax
89 45 e4                      movl  %eax, -0x1c(%ebp)
8b 45 e4                      movl  -0x1c(%ebp), %eax
8d 50 04                      leal  0x4(%eax), %edx
89 14 24                      movl  %edx, (%esp)
8b 45 08                      movl  0x8(%ebp), %eax
89 04 24                      movl  %eax, (%esp)
8b 55 08                      movl  0x8(%ebp), %edx
89 50 04                      movl  %edx, 0x4(%eax)
8b 45 08                      movl  0x8(%ebp), %eax
8b 45 08                      movl  0x8(%ebp), %eax
8b 55 08                      movl  0x8(%ebp), %edx
89 10                         movl  %edx, (%eax)
8b 00                         movl  (%eax), %eax
8b 40 04                      movl  0x4(%eax), %eax
89 45 f4                      movl  %eax, -0xc(%ebp)
8b 45 f4                      movl  -0xc(%ebp), %eax
8b 45 f4                      movl  -0xc(%ebp), %eax
83 e8 04                      sub $0x4, %eax
89 45 e8                      movl  %eax, -0x18(%ebp)
upointer
8b 45 f4                      movl  -0xc(%ebp), %eax
83 e8 04                      sub $0x4, %eax
89 45 e8                      movl  %eax, -0x18(%ebp)
8b 45 e8                      movl  -0x18(%ebp), %eax
8b 45 e8                      movl  -0x18(%ebp), %eax
upointer
8b 45 f4                      movl  -0xc(%ebp), %eax
83 e8 04                      sub $0x4, %eax
89 45 e0                      movl  %eax, -0x20(%ebp)
8b 45 e0                      movl  -0x20(%ebp), %eax
int
83 7d ec 00                   cmpl  $0x0, -0x14(%ebp)
74 29                         jz 0x8048a9d
e8 86 fe ff ff                calll  0x804892e
e8 cf ff ff ff                calll  0x804890e
c3                            retl  
c3                            retl  
e8 0d fe ff ff                calll  0x80488c7
89 e5                         mov %esp, %ebp
83 ec 0c                      sub $0xc, %esp
e8 b8 ff ff ff                calll  0x80488a0
55                            pushl  %ebp
89 e5                         mov %esp, %ebp
5d                            popl  %ebp
c3                            retl  
c3                            retl  
75 94                         jnz 0x8048a65
74 29                         jz 0x8048a9d
e8 86 fe ff ff                calll  0x804892e
89 e5                         mov %esp, %ebp
83 ec 04                      sub $0x4, %esp
upointer
8b 45 f4                      movl  -0xc(%ebp), %eax
89 04 24                      movl  %eax, (%esp)
8b 45 08                      movl  0x8(%ebp), %eax
89 04 24                      movl  %eax, (%esp)
8b 45 08                      movl  0x8(%ebp), %eax
8b 55 08                      movl  0x8(%ebp), %edx
8b 45 08                      movl  0x8(%ebp), %eax
8b 55 08                      movl  0x8(%ebp), %edx
8b 45 08                      movl  0x8(%ebp), %eax
8b 45 08                      movl  0x8(%ebp), %eax
8b 45 08                      movl  0x8(%ebp), %eax
upointer
8b 45 f4                      movl  -0xc(%ebp), %eax
89 04 24                      movl  %eax, (%esp)
8b 45 08                      movl  0x8(%ebp), %eax
89 04 24                      movl  %eax, (%esp)
8b 55 08                      movl  0x8(%ebp), %edx
89 50 04                      movl  %edx, 0x4(%eax)
8b 45 08                      movl  0x8(%ebp), %eax
8b 45 08                      movl  0x8(%ebp), %eax
8b 55 08                      movl  0x8(%ebp), %edx
89 10                         movl  %edx, (%eax)
8b 00                         movl  (%eax), %eax
89 44 24 08                   movl  %eax, 0x8(%esp)
8b 45 10                      movl  0x10(%ebp), %eax
8b 55 10                      movl  0x10(%ebp), %edx
89 10                         movl  %edx, (%eax)
upointer
8b 45 f0                      movl  -0x10(%ebp), %eax
89 45 f4                      movl  %eax, -0xc(%ebp)
8b 45 f4                      movl  -0xc(%ebp), %eax
8b 45 f4                      movl  -0xc(%ebp), %eax
8b 45 f4                      movl  -0xc(%ebp), %eax
83 e8 04                      sub $0x4, %eax
89 45 e0                      movl  %eax, -0x20(%ebp)
8b 45 f4                      movl  -0xc(%ebp), %eax
89 04 24                      movl  %eax, (%esp)
8b 45 08                      movl  0x8(%ebp), %eax
89 04 24                      movl  %eax, (%esp)
8b 45 08                      movl  0x8(%ebp), %eax
8b 55 08                      movl  0x8(%ebp), %edx
8b 45 08                      movl  0x8(%ebp), %eax
8b 55 08                      movl  0x8(%ebp), %edx
8b 45 08                      movl  0x8(%ebp), %eax
8b 45 08                      movl  0x8(%ebp), %eax
8b 45 08                      movl  0x8(%ebp), %eax
8b 45 f4                      movl  -0xc(%ebp), %eax
89 04 24                      movl  %eax, (%esp)
int
83 7d ec 00                   cmpl  $0x0, -0x14(%ebp)
74 29                         jz 0x8048a9d
e8 86 fe ff ff                calll  0x804892e
e8 cf ff ff ff                calll  0x804890e
c3                            retl  
c3                            retl  
e8 0d fe ff ff                calll  0x80488c7
89 e5                         mov %esp, %ebp
83 ec 0c                      sub $0xc, %esp
e8 b8 ff ff ff                calll  0x80488a0
55                            pushl  %ebp
89 e5                         mov %esp, %ebp
5d                            popl  %ebp
c3                            retl  
c3                            retl  
75 94                         jnz 0x8048a65
upointer
8b 45 f4                      movl  -0xc(%ebp), %eax
89 04 24                      movl  %eax, (%esp)
8b 45 08                      movl  0x8(%ebp), %eax
89 04 24                      movl  %eax, (%esp)
8b 45 08                      movl  0x8(%ebp), %eax
8b 55 08                      movl  0x8(%ebp), %edx
8b 45 08                      movl  0x8(%ebp), %eax
8b 55 08                      movl  0x8(%ebp), %edx
8b 45 08                      movl  0x8(%ebp), %eax
8b 45 08                      movl  0x8(%ebp), %eax
8b 45 08                      movl  0x8(%ebp), %eax
upointer
8b 45 f4                      movl  -0xc(%ebp), %eax
89 04 24                      movl  %eax, (%esp)
8b 45 08                      movl  0x8(%ebp), %eax
89 04 24                      movl  %eax, (%esp)
8b 55 08                      movl  0x8(%ebp), %edx
89 50 04                      movl  %edx, 0x4(%eax)
8b 45 08                      movl  0x8(%ebp), %eax
8b 45 08                      movl  0x8(%ebp), %eax
8b 55 08                      movl  0x8(%ebp), %edx
89 10                         movl  %edx, (%eax)
8b 00                         movl  (%eax), %eax
89 44 24 08                   movl  %eax, 0x8(%esp)
8b 45 10                      movl  0x10(%ebp), %eax
8b 55 10                      movl  0x10(%ebp), %edx
89 10                         movl  %edx, (%eax)
upointer
8b 45 f0                      movl  -0x10(%ebp), %eax
89 45 f4                      movl  %eax, -0xc(%ebp)
8b 45 f4                      movl  -0xc(%ebp), %eax
8b 45 f4                      movl  -0xc(%ebp), %eax
int
83 45 f4 01                   addl  $0x1, -0xc(%ebp)
8b 45 f4                      movl  -0xc(%ebp), %eax
83 e0 01                      and $0x1, %eax
85 c0                         test %eax, %eax
74 29                         jz 0x8048b91
e8 ea fd ff ff                calll  0x80489a2
e9 88 00 00 00                jmp 0x8048a3e
0f 85 6c ff ff ff             jnz 0x80489b6
74 2f                         jz 0x80489fa
74 2f                         jz 0x8048a35
0f 85 6c ff ff ff             jnz 0x80489b6
eb 64                         jmp 0x8048ac9
75 94                         jnz 0x8048a65
74 29                         jz 0x8048a9d
e8 86 fe ff ff                calll  0x804892e
e8 cf ff ff ff                calll  0x804890e
c3                            retl  
c3                            retl  
e8 0d fe ff ff                calll  0x80488c7
89 e5                         mov %esp, %ebp
int
8b 45 f4                      movl  -0xc(%ebp), %eax
83 e0 01                      and $0x1, %eax
85 c0                         test %eax, %eax
74 29                         jz 0x8048b91
e8 ea fd ff ff                calll  0x80489a2
e9 88 00 00 00                jmp 0x8048a3e
0f 85 6c ff ff ff             jnz 0x80489b6
74 2f                         jz 0x80489fa
74 2f                         jz 0x8048a35
0f 85 6c ff ff ff             jnz 0x80489b6
eb 64                         jmp 0x8048ac9
75 94                         jnz 0x8048a65
74 29                         jz 0x8048a9d
e8 86 fe ff ff                calll  0x804892e
e8 cf ff ff ff                calll  0x804890e
c3                            retl  
c3                            retl  
e8 0d fe ff ff                calll  0x80488c7
89 e5                         mov %esp, %ebp
83 ec 0c                      sub $0xc, %esp
upointer
8b 45 f0                      movl  -0x10(%ebp), %eax
89 44 24 0c                   movl  %eax, 0xc(%esp)
8b 45 14                      movl  0x14(%ebp), %eax
01 c2                         add %eax, %edx
upointer
8b 45 f4                      movl  -0xc(%ebp), %eax
83 e8 04                      sub $0x4, %eax
89 45 e8                      movl  %eax, -0x18(%ebp)
8b 45 e8                      movl  -0x18(%ebp), %eax
8b 45 e8                      movl  -0x18(%ebp), %eax
upointer
8b 45 f4                      movl  -0xc(%ebp), %eax
83 e8 04                      sub $0x4, %eax
89 45 e0                      movl  %eax, -0x20(%ebp)
8b 45 e0                      movl  -0x20(%ebp), %eax
int
83 7d ec 00                   cmpl  $0x0, -0x14(%ebp)
74 29                         jz 0x8048a9d
e8 86 fe ff ff                calll  0x804892e
e8 cf ff ff ff                calll  0x804890e
c3                            retl  
c3                            retl  
e8 0d fe ff ff                calll  0x80488c7
89 e5                         mov %esp, %ebp
83 ec 0c                      sub $0xc, %esp
e8 b8 ff ff ff                calll  0x80488a0
55                            pushl  %ebp
89 e5                         mov %esp, %ebp
5d                            popl  %ebp
c3                            retl  
c3                            retl  
75 94                         jnz 0x8048a65
upointer
8b 45 f4                      movl  -0xc(%ebp), %eax
89 04 24                      movl  %eax, (%esp)
8b 45 08                      movl  0x8(%ebp), %eax
89 04 24                      movl  %eax, (%esp)
8b 45 08                      movl  0x8(%ebp), %eax
8b 55 08                      movl  0x8(%ebp), %edx
8b 45 08                      movl  0x8(%ebp), %eax
8b 55 08                      movl  0x8(%ebp), %edx
8b 45 08                      movl  0x8(%ebp), %eax
8b 45 08                      movl  0x8(%ebp), %eax
8b 45 08                      movl  0x8(%ebp), %eax
upointer
8b 45 f4                      movl  -0xc(%ebp), %eax
89 04 24                      movl  %eax, (%esp)
8b 45 08                      movl  0x8(%ebp), %eax
89 04 24                      movl  %eax, (%esp)
8b 55 08                      movl  0x8(%ebp), %edx
89 50 04                      movl  %edx, 0x4(%eax)
8b 45 08                      movl  0x8(%ebp), %eax
8b 45 08                      movl  0x8(%ebp), %eax
8b 55 08                      movl  0x8(%ebp), %edx
89 10                         movl  %edx, (%eax)
01 d0                         add %edx, %eax
upointer
8b 45 f0                      movl  -0x10(%ebp), %eax
89 45 f4                      movl  %eax, -0xc(%ebp)
8b 45 f4                      movl  -0xc(%ebp), %eax
8b 45 f4                      movl  -0xc(%ebp), %eax
upointer
8b 45 f0                      movl  -0x10(%ebp), %eax
89 44 24 68                   movl  %eax, 0x68(%esp)
8b 44 24 68                   movl  0x68(%esp), %eax
01 d0                         add %edx, %eax
8b 44 24 68                   movl  0x68(%esp), %eax
01 d0                         add %edx, %eax
8b 44 24 68                   movl  0x68(%esp), %eax
01 d0                         add %edx, %eax
int
39 44 24 6c                   cmpl  %eax, 0x6c(%esp)
7c ce                         jl 0x8048ca8
e8 f5 6f 00 00                calll  0x804fcc0
e8 ba 8a ff ff                calll  0x8048780
8b 1c 24                      movl  (%esp), %ebx
c3                            retl  
81 c3 3a 93 08 00             add $0x8933a, %ebx
83 ec 08                      sub $0x8, %esp
8d 44 24 14                   leal  0x14(%esp), %eax
83 ec 04                      sub $0x4, %esp
50                            pushl  %eax
e8 78 06 03 00                calll  0x8080360
89 e5                         mov %esp, %ebp
53                            pushl  %ebx
e8 15 84 fc ff                calll  0x8048780
8b 1c 24                      movl  (%esp), %ebx
c3                            retl  
81 c3 95 8c 05 00             add $0x58c95, %ebx
81 ec ec 04 00 00             sub $0x4ec, %esp
8b 45 10                      movl  0x10(%ebp), %eax
int
83 44 24 6c 01                addl  $0x1, 0x6c(%esp)
39 44 24 6c                   cmpl  %eax, 0x6c(%esp)
7c ce                         jl 0x8048ca8
8b 44 24 6c                   movl  0x6c(%esp), %eax
e8 f5 6f 00 00                calll  0x804fcc0
e8 ba 8a ff ff                calll  0x8048780
8b 1c 24                      movl  (%esp), %ebx
c3                            retl  
81 c3 3a 93 08 00             add $0x8933a, %ebx
83 ec 08                      sub $0x8, %esp
8d 44 24 14                   leal  0x14(%esp), %eax
83 ec 04                      sub $0x4, %esp
50                            pushl  %eax
e8 78 06 03 00                calll  0x8080360
89 e5                         mov %esp, %ebp
53                            pushl  %ebx
e8 15 84 fc ff                calll  0x8048780
8b 1c 24                      movl  (%esp), %ebx
c3                            retl  
81 c3 95 8c 05 00             add $0x58c95, %ebx
int
39 44 24 6c                   cmpl  %eax, 0x6c(%esp)
7c ce                         jl 0x8048ca8
e8 f5 6f 00 00                calll  0x804fcc0
e8 ba 8a ff ff                calll  0x8048780
8b 1c 24                      movl  (%esp), %ebx
c3                            retl  
81 c3 3a 93 08 00             add $0x8933a, %ebx
83 ec 08                      sub $0x8, %esp
8d 44 24 14                   leal  0x14(%esp), %eax
83 ec 04                      sub $0x4, %esp
50                            pushl  %eax
e8 78 06 03 00                calll  0x8080360
89 e5                         mov %esp, %ebp
53                            pushl  %ebx
e8 15 84 fc ff                calll  0x8048780
8b 1c 24                      movl  (%esp), %ebx
c3                            retl  
81 c3 95 8c 05 00             add $0x58c95, %ebx
81 ec ec 04 00 00             sub $0x4ec, %esp
8b 45 10                      movl  0x10(%ebp), %eax
int
83 44 24 6c 01                addl  $0x1, 0x6c(%esp)
39 44 24 6c                   cmpl  %eax, 0x6c(%esp)
7c ce                         jl 0x8048ca8
8b 44 24 6c                   movl  0x6c(%esp), %eax
e8 f5 6f 00 00                calll  0x804fcc0
e8 ba 8a ff ff                calll  0x8048780
8b 1c 24                      movl  (%esp), %ebx
c3                            retl  
81 c3 3a 93 08 00             add $0x8933a, %ebx
83 ec 08                      sub $0x8, %esp
8d 44 24 14                   leal  0x14(%esp), %eax
83 ec 04                      sub $0x4, %esp
50                            pushl  %eax
e8 78 06 03 00                calll  0x8080360
89 e5                         mov %esp, %ebp
53                            pushl  %ebx
e8 15 84 fc ff                calll  0x8048780
8b 1c 24                      movl  (%esp), %ebx
c3                            retl  
81 c3 95 8c 05 00             add $0x58c95, %ebx
int
39 44 24 6c                   cmpl  %eax, 0x6c(%esp)
7c ce                         jl 0x8048ca8
e8 f5 6f 00 00                calll  0x804fcc0
e8 ba 8a ff ff                calll  0x8048780
8b 1c 24                      movl  (%esp), %ebx
c3                            retl  
81 c3 3a 93 08 00             add $0x8933a, %ebx
83 ec 08                      sub $0x8, %esp
8d 44 24 14                   leal  0x14(%esp), %eax
83 ec 04                      sub $0x4, %esp
50                            pushl  %eax
e8 78 06 03 00                calll  0x8080360
89 e5                         mov %esp, %ebp
53                            pushl  %ebx
e8 15 84 fc ff                calll  0x8048780
8b 1c 24                      movl  (%esp), %ebx
c3                            retl  
81 c3 95 8c 05 00             add $0x58c95, %ebx
81 ec ec 04 00 00             sub $0x4ec, %esp
8b 45 10                      movl  0x10(%ebp), %eax
int
83 44 24 6c 01                addl  $0x1, 0x6c(%esp)
39 44 24 6c                   cmpl  %eax, 0x6c(%esp)
7c ce                         jl 0x8048ca8
e8 0a 78 00 00                calll  0x80504f0
e8 a9 cc ff ff                calll  0x804d1a3
8b 3c 24                      movl  (%esp), %edi
c3                            retl  
81 c7 06 8b 08 00             add $0x88b06, %edi
83 ec 1c                      sub $0x1c, %esp
75 3d                         jnz 0x8050558
74 28                         jz 0x8050554
74 01                         jz 0x805053c
74 07                         jz 0x8050548
73 4c                         jnb 0x80505b0
75 27                         jnz 0x805059f
75 1e                         jnz 0x805059f
74 01                         jz 0x8050593
74 07                         jz 0x805059f
c3                            retl  
int
39 44 24 6c                   cmpl  %eax, 0x6c(%esp)
7c ce                         jl 0x8048ca8
e8 0a 78 00 00                calll  0x80504f0
e8 a9 cc ff ff                calll  0x804d1a3
8b 3c 24                      movl  (%esp), %edi
c3                            retl  
81 c7 06 8b 08 00             add $0x88b06, %edi
83 ec 1c                      sub $0x1c, %esp
75 3d                         jnz 0x8050558
74 28                         jz 0x8050554
74 01                         jz 0x805053c
74 07                         jz 0x8050548
73 4c                         jnb 0x80505b0
75 27                         jnz 0x805059f
75 1e                         jnz 0x805059f
74 01                         jz 0x8050593
74 07                         jz 0x805059f
c3                            retl  
