upointer
8b 45 f4                      movl  -0xc(%ebp), %eax
89 45 ec                      movl  %eax, -0x14(%ebp)
8b 45 ec                      movl  -0x14(%ebp), %eax
8d 50 04                      leal  0x4(%eax), %edx
89 14 24                      movl  %edx, (%esp)
8b 45 08                      movl  0x8(%ebp), %eax
89 04 24                      movl  %eax, (%esp)
8b 55 08                      movl  0x8(%ebp), %edx
89 50 04                      movl  %edx, 0x4(%eax)
8b 45 08                      movl  0x8(%ebp), %eax
8b 45 08                      movl  0x8(%ebp), %eax
8b 55 08                      movl  0x8(%ebp), %edx
89 10                         movl  %edx, (%eax)
8b 00                         movl  (%eax), %eax
8b 00                         movl  (%eax), %eax
89 45 f4                      movl  %eax, -0xc(%ebp)
8b 45 f4                      movl  -0xc(%ebp), %eax
8b 45 f4                      movl  -0xc(%ebp), %eax
83 e8 04                      sub $0x4, %eax
89 45 e8                      movl  %eax, -0x18(%ebp)
upointer
8b 45 ec                      movl  -0x14(%ebp), %eax
8d 50 04                      leal  0x4(%eax), %edx
89 14 24                      movl  %edx, (%esp)
8b 45 08                      movl  0x8(%ebp), %eax
89 04 24                      movl  %eax, (%esp)
8b 55 08                      movl  0x8(%ebp), %edx
89 50 04                      movl  %edx, 0x4(%eax)
8b 45 08                      movl  0x8(%ebp), %eax
8b 45 08                      movl  0x8(%ebp), %eax
8b 55 08                      movl  0x8(%ebp), %edx
89 10                         movl  %edx, (%eax)
8b 00                         movl  (%eax), %eax
8b 00                         movl  (%eax), %eax
89 45 f4                      movl  %eax, -0xc(%ebp)
8b 45 f4                      movl  -0xc(%ebp), %eax
8b 45 f4                      movl  -0xc(%ebp), %eax
83 e8 04                      sub $0x4, %eax
89 45 e8                      movl  %eax, -0x18(%ebp)
8b 45 e8                      movl  -0x18(%ebp), %eax
8b 45 e8                      movl  -0x18(%ebp), %eax
int
8b 45 f4                      movl  -0xc(%ebp), %eax
83 e0 01                      and $0x1, %eax
85 c0                         test %eax, %eax
74 3a                         jz 0x8048c8c
e8 de fc ff ff                calll  0x80489a2
e9 9d 00 00 00                jmp 0x8048a53
0f 85 57 ff ff ff             jnz 0x80489b6
74 2f                         jz 0x80489fa
e8 74 ff ff ff                calll  0x8048956
e8 26 ff ff ff                calll  0x804888d
c3                            retl  
74 11                         jz 0x804897c
e8 99 3c 01 00                calll  0x805c610
e8 68 c1 fe ff                calll  0x8048780
8b 1c 24                      movl  (%esp), %ebx
c3                            retl  
81 c3 e8 c9 07 00             add $0x7c9e8, %ebx
83 ec 10                      sub $0x10, %esp
0f 85 6d 01 00 00             jnz 0x805c7a0
0f 87 a9 00 00 00             jnbe 0x805c6e8
int
8b 55 f4                      movl  -0xc(%ebp), %edx
89 54 24 18                   movl  %edx, 0x18(%esp)
8b 45 20                      movl  0x20(%ebp), %eax
8b 45 20                      movl  0x20(%ebp), %eax
8b 45 20                      movl  0x20(%ebp), %eax
8b 45 20                      movl  0x20(%ebp), %eax
upointer
8b 45 f0                      movl  -0x10(%ebp), %eax
89 44 24 10                   movl  %eax, 0x10(%esp)
8b 45 18                      movl  0x18(%ebp), %eax
8b 45 18                      movl  0x18(%ebp), %eax
01 d0                         add %edx, %eax
upointer
8b 45 f4                      movl  -0xc(%ebp), %eax
83 e8 04                      sub $0x4, %eax
89 45 e8                      movl  %eax, -0x18(%ebp)
8b 45 e8                      movl  -0x18(%ebp), %eax
8b 45 e8                      movl  -0x18(%ebp), %eax
8b 45 e8                      movl  -0x18(%ebp), %eax
8b 45 e8                      movl  -0x18(%ebp), %eax
upointer
8b 45 f4                      movl  -0xc(%ebp), %eax
89 45 e4                      movl  %eax, -0x1c(%ebp)
8b 45 e4                      movl  -0x1c(%ebp), %eax
8d 50 04                      leal  0x4(%eax), %edx
89 14 24                      movl  %edx, (%esp)
8b 45 08                      movl  0x8(%ebp), %eax
89 04 24                      movl  %eax, (%esp)
8b 55 08                      movl  0x8(%ebp), %edx
89 50 04                      movl  %edx, 0x4(%eax)
8b 45 08                      movl  0x8(%ebp), %eax
8b 45 08                      movl  0x8(%ebp), %eax
8b 55 08                      movl  0x8(%ebp), %edx
89 10                         movl  %edx, (%eax)
8b 40 04                      movl  0x4(%eax), %eax
89 44 24 04                   movl  %eax, 0x4(%esp)
8b 55 0c                      movl  0xc(%ebp), %edx
89 50 04                      movl  %edx, 0x4(%eax)
8b 45 0c                      movl  0xc(%ebp), %eax
8b 00                         movl  (%eax), %eax
8b 00                         movl  (%eax), %eax
upointer
8b 45 e4                      movl  -0x1c(%ebp), %eax
8d 50 04                      leal  0x4(%eax), %edx
89 14 24                      movl  %edx, (%esp)
8b 45 08                      movl  0x8(%ebp), %eax
89 04 24                      movl  %eax, (%esp)
8b 55 08                      movl  0x8(%ebp), %edx
89 50 04                      movl  %edx, 0x4(%eax)
8b 45 08                      movl  0x8(%ebp), %eax
8b 45 08                      movl  0x8(%ebp), %eax
8b 55 08                      movl  0x8(%ebp), %edx
89 10                         movl  %edx, (%eax)
8b 40 04                      movl  0x4(%eax), %eax
89 44 24 04                   movl  %eax, 0x4(%esp)
8b 55 0c                      movl  0xc(%ebp), %edx
89 50 04                      movl  %edx, 0x4(%eax)
8b 45 0c                      movl  0xc(%ebp), %eax
8b 00                         movl  (%eax), %eax
8b 00                         movl  (%eax), %eax
89 45 f4                      movl  %eax, -0xc(%ebp)
8b 45 f4                      movl  -0xc(%ebp), %eax
upointer
8b 45 f4                      movl  -0xc(%ebp), %eax
89 45 e4                      movl  %eax, -0x1c(%ebp)
8b 45 e4                      movl  -0x1c(%ebp), %eax
8d 50 04                      leal  0x4(%eax), %edx
89 14 24                      movl  %edx, (%esp)
8b 45 08                      movl  0x8(%ebp), %eax
89 04 24                      movl  %eax, (%esp)
8b 55 08                      movl  0x8(%ebp), %edx
89 50 04                      movl  %edx, 0x4(%eax)
8b 45 08                      movl  0x8(%ebp), %eax
8b 45 08                      movl  0x8(%ebp), %eax
8b 55 08                      movl  0x8(%ebp), %edx
89 10                         movl  %edx, (%eax)
01 d0                         add %edx, %eax
8b 00                         movl  (%eax), %eax
89 45 f4                      movl  %eax, -0xc(%ebp)
8b 45 f4                      movl  -0xc(%ebp), %eax
8b 45 f4                      movl  -0xc(%ebp), %eax
83 e8 04                      sub $0x4, %eax
89 45 e8                      movl  %eax, -0x18(%ebp)
upointer
8b 45 e4                      movl  -0x1c(%ebp), %eax
8d 50 04                      leal  0x4(%eax), %edx
89 14 24                      movl  %edx, (%esp)
8b 45 08                      movl  0x8(%ebp), %eax
89 04 24                      movl  %eax, (%esp)
8b 55 08                      movl  0x8(%ebp), %edx
89 50 04                      movl  %edx, 0x4(%eax)
8b 45 08                      movl  0x8(%ebp), %eax
8b 45 08                      movl  0x8(%ebp), %eax
8b 55 08                      movl  0x8(%ebp), %edx
89 10                         movl  %edx, (%eax)
01 d0                         add %edx, %eax
8b 00                         movl  (%eax), %eax
89 45 f4                      movl  %eax, -0xc(%ebp)
8b 45 f4                      movl  -0xc(%ebp), %eax
8b 45 f4                      movl  -0xc(%ebp), %eax
83 e8 04                      sub $0x4, %eax
89 45 e8                      movl  %eax, -0x18(%ebp)
8b 45 e8                      movl  -0x18(%ebp), %eax
8b 45 e8                      movl  -0x18(%ebp), %eax
upointer
8b 45 f4                      movl  -0xc(%ebp), %eax
83 e8 04                      sub $0x4, %eax
89 45 e8                      movl  %eax, -0x18(%ebp)
8b 45 e8                      movl  -0x18(%ebp), %eax
int
8b 45 ec                      movl  -0x14(%ebp), %eax
8d 50 01                      leal  0x1(%eax), %edx
89 55 ec                      movl  %edx, -0x14(%ebp)
c1 e0 02                      shl $0x2, %eax
upointer
8b 45 f4                      movl  -0xc(%ebp), %eax
89 04 24                      movl  %eax, (%esp)
8b 45 08                      movl  0x8(%ebp), %eax
89 04 24                      movl  %eax, (%esp)
8b 45 08                      movl  0x8(%ebp), %eax
8b 55 08                      movl  0x8(%ebp), %edx
8b 45 08                      movl  0x8(%ebp), %eax
8b 55 08                      movl  0x8(%ebp), %edx
8b 45 08                      movl  0x8(%ebp), %eax
8b 45 08                      movl  0x8(%ebp), %eax
8b 45 08                      movl  0x8(%ebp), %eax
upointer
8b 45 f4                      movl  -0xc(%ebp), %eax
89 04 24                      movl  %eax, (%esp)
8b 45 08                      movl  0x8(%ebp), %eax
89 04 24                      movl  %eax, (%esp)
8b 55 08                      movl  0x8(%ebp), %edx
89 50 04                      movl  %edx, 0x4(%eax)
8b 45 08                      movl  0x8(%ebp), %eax
8b 45 08                      movl  0x8(%ebp), %eax
8b 55 08                      movl  0x8(%ebp), %edx
89 10                         movl  %edx, (%eax)
8b 00                         movl  (%eax), %eax
8b 00                         movl  (%eax), %eax
83 e8 04                      sub $0x4, %eax
89 45 f4                      movl  %eax, -0xc(%ebp)
8b 45 f4                      movl  -0xc(%ebp), %eax
83 c0 04                      add $0x4, %eax
89 04 24                      movl  %eax, (%esp)
8b 45 08                      movl  0x8(%ebp), %eax
89 04 24                      movl  %eax, (%esp)
8b 45 08                      movl  0x8(%ebp), %eax
upointer
8b 45 f0                      movl  -0x10(%ebp), %eax
89 45 f4                      movl  %eax, -0xc(%ebp)
8b 45 f4                      movl  -0xc(%ebp), %eax
8b 45 f4                      movl  -0xc(%ebp), %eax
int
83 45 f4 01                   addl  $0x1, -0xc(%ebp)
8b 45 f4                      movl  -0xc(%ebp), %eax
83 e0 01                      and $0x1, %eax
85 c0                         test %eax, %eax
74 3a                         jz 0x8048c8c
8b 55 f4                      movl  -0xc(%ebp), %edx
89 54 24 18                   movl  %edx, 0x18(%esp)
e8 18 fd ff ff                calll  0x80489a2
e9 9d 00 00 00                jmp 0x8048a53
0f 85 57 ff ff ff             jnz 0x80489b6
74 2f                         jz 0x80489fa
74 2f                         jz 0x8048a35
8b 45 20                      movl  0x20(%ebp), %eax
01 d0                         add %edx, %eax
0f 85 57 ff ff ff             jnz 0x80489b6
74 2f                         jz 0x80489fa
e8 74 ff ff ff                calll  0x8048956
e8 26 ff ff ff                calll  0x804888d
c3                            retl  
74 11                         jz 0x804897c
int
8b 45 f4                      movl  -0xc(%ebp), %eax
83 e0 01                      and $0x1, %eax
85 c0                         test %eax, %eax
74 3a                         jz 0x8048c8c
e8 18 fd ff ff                calll  0x80489a2
e9 9d 00 00 00                jmp 0x8048a53
0f 85 57 ff ff ff             jnz 0x80489b6
74 2f                         jz 0x80489fa
74 2f                         jz 0x8048a35
0f 85 57 ff ff ff             jnz 0x80489b6
74 2f                         jz 0x80489fa
e8 74 ff ff ff                calll  0x8048956
e8 26 ff ff ff                calll  0x804888d
c3                            retl  
74 11                         jz 0x804897c
e8 99 ff ff ff                calll  0x804892e
89 e5                         mov %esp, %ebp
83 ec 04                      sub $0x4, %esp
e8 cf ff ff ff                calll  0x804890e
55                            pushl  %ebp
int
8b 55 f4                      movl  -0xc(%ebp), %edx
89 54 24 18                   movl  %edx, 0x18(%esp)
8b 45 20                      movl  0x20(%ebp), %eax
01 d0                         add %edx, %eax
8b 45 20                      movl  0x20(%ebp), %eax
8b 45 20                      movl  0x20(%ebp), %eax
8b 45 20                      movl  0x20(%ebp), %eax
8b 45 20                      movl  0x20(%ebp), %eax
8b 45 20                      movl  0x20(%ebp), %eax
upointer
8b 45 f0                      movl  -0x10(%ebp), %eax
89 44 24 10                   movl  %eax, 0x10(%esp)
8b 45 18                      movl  0x18(%ebp), %eax
8b 45 18                      movl  0x18(%ebp), %eax
01 d0                         add %edx, %eax
8b 45 18                      movl  0x18(%ebp), %eax
01 d0                         add %edx, %eax
upointer
8b 45 f4                      movl  -0xc(%ebp), %eax
83 e8 04                      sub $0x4, %eax
89 45 e8                      movl  %eax, -0x18(%ebp)
8b 45 e8                      movl  -0x18(%ebp), %eax
8b 45 e8                      movl  -0x18(%ebp), %eax
upointer
8b 45 f4                      movl  -0xc(%ebp), %eax
83 e8 04                      sub $0x4, %eax
89 45 e8                      movl  %eax, -0x18(%ebp)
8b 45 e8                      movl  -0x18(%ebp), %eax
8b 45 e8                      movl  -0x18(%ebp), %eax
8b 45 e8                      movl  -0x18(%ebp), %eax
8b 45 e8                      movl  -0x18(%ebp), %eax
upointer
8b 45 f4                      movl  -0xc(%ebp), %eax
83 c0 04                      add $0x4, %eax
89 04 24                      movl  %eax, (%esp)
8b 45 08                      movl  0x8(%ebp), %eax
89 04 24                      movl  %eax, (%esp)
8b 45 08                      movl  0x8(%ebp), %eax
8b 55 08                      movl  0x8(%ebp), %edx
8b 45 08                      movl  0x8(%ebp), %eax
8b 55 08                      movl  0x8(%ebp), %edx
8b 45 08                      movl  0x8(%ebp), %eax
8b 45 08                      movl  0x8(%ebp), %eax
8b 45 08                      movl  0x8(%ebp), %eax
upointer
8b 45 f4                      movl  -0xc(%ebp), %eax
89 45 e4                      movl  %eax, -0x1c(%ebp)
8b 45 e4                      movl  -0x1c(%ebp), %eax
8d 50 04                      leal  0x4(%eax), %edx
89 14 24                      movl  %edx, (%esp)
8b 45 08                      movl  0x8(%ebp), %eax
89 04 24                      movl  %eax, (%esp)
8b 55 08                      movl  0x8(%ebp), %edx
89 50 04                      movl  %edx, 0x4(%eax)
8b 45 08                      movl  0x8(%ebp), %eax
8b 45 08                      movl  0x8(%ebp), %eax
8b 55 08                      movl  0x8(%ebp), %edx
89 10                         movl  %edx, (%eax)
8b 40 04                      movl  0x4(%eax), %eax
89 44 24 04                   movl  %eax, 0x4(%esp)
8b 55 0c                      movl  0xc(%ebp), %edx
89 50 04                      movl  %edx, 0x4(%eax)
8b 45 0c                      movl  0xc(%ebp), %eax
8b 00                         movl  (%eax), %eax
8b 00                         movl  (%eax), %eax
upointer
8b 45 e4                      movl  -0x1c(%ebp), %eax
8d 50 04                      leal  0x4(%eax), %edx
89 14 24                      movl  %edx, (%esp)
8b 45 08                      movl  0x8(%ebp), %eax
89 04 24                      movl  %eax, (%esp)
8b 55 08                      movl  0x8(%ebp), %edx
89 50 04                      movl  %edx, 0x4(%eax)
8b 45 08                      movl  0x8(%ebp), %eax
8b 45 08                      movl  0x8(%ebp), %eax
8b 55 08                      movl  0x8(%ebp), %edx
89 10                         movl  %edx, (%eax)
8b 40 04                      movl  0x4(%eax), %eax
89 44 24 04                   movl  %eax, 0x4(%esp)
8b 55 0c                      movl  0xc(%ebp), %edx
89 50 04                      movl  %edx, 0x4(%eax)
8b 45 0c                      movl  0xc(%ebp), %eax
8b 00                         movl  (%eax), %eax
8b 00                         movl  (%eax), %eax
89 45 f4                      movl  %eax, -0xc(%ebp)
8b 45 f4                      movl  -0xc(%ebp), %eax
upointer
8b 45 f4                      movl  -0xc(%ebp), %eax
89 45 e4                      movl  %eax, -0x1c(%ebp)
8b 45 e4                      movl  -0x1c(%ebp), %eax
8d 50 04                      leal  0x4(%eax), %edx
89 14 24                      movl  %edx, (%esp)
8b 45 08                      movl  0x8(%ebp), %eax
89 04 24                      movl  %eax, (%esp)
8b 55 08                      movl  0x8(%ebp), %edx
89 50 04                      movl  %edx, 0x4(%eax)
8b 45 08                      movl  0x8(%ebp), %eax
8b 45 08                      movl  0x8(%ebp), %eax
8b 55 08                      movl  0x8(%ebp), %edx
89 10                         movl  %edx, (%eax)
01 d0                         add %edx, %eax
8b 00                         movl  (%eax), %eax
89 45 f4                      movl  %eax, -0xc(%ebp)
8b 45 f4                      movl  -0xc(%ebp), %eax
8b 45 f4                      movl  -0xc(%ebp), %eax
83 e8 04                      sub $0x4, %eax
89 45 e8                      movl  %eax, -0x18(%ebp)
upointer
8b 45 e4                      movl  -0x1c(%ebp), %eax
8d 50 04                      leal  0x4(%eax), %edx
89 14 24                      movl  %edx, (%esp)
8b 45 08                      movl  0x8(%ebp), %eax
89 04 24                      movl  %eax, (%esp)
8b 55 08                      movl  0x8(%ebp), %edx
89 50 04                      movl  %edx, 0x4(%eax)
8b 45 08                      movl  0x8(%ebp), %eax
8b 45 08                      movl  0x8(%ebp), %eax
8b 55 08                      movl  0x8(%ebp), %edx
89 10                         movl  %edx, (%eax)
01 d0                         add %edx, %eax
8b 00                         movl  (%eax), %eax
89 45 f4                      movl  %eax, -0xc(%ebp)
8b 45 f4                      movl  -0xc(%ebp), %eax
8b 45 f4                      movl  -0xc(%ebp), %eax
83 e8 04                      sub $0x4, %eax
89 45 e8                      movl  %eax, -0x18(%ebp)
8b 45 e8                      movl  -0x18(%ebp), %eax
8b 45 e8                      movl  -0x18(%ebp), %eax
upointer
8b 45 f4                      movl  -0xc(%ebp), %eax
83 e8 04                      sub $0x4, %eax
89 45 e8                      movl  %eax, -0x18(%ebp)
8b 45 e8                      movl  -0x18(%ebp), %eax
int
8b 45 ec                      movl  -0x14(%ebp), %eax
8d 50 01                      leal  0x1(%eax), %edx
89 55 ec                      movl  %edx, -0x14(%ebp)
c1 e0 02                      shl $0x2, %eax
8b 45 ec                      movl  -0x14(%ebp), %eax
8d 50 01                      leal  0x1(%eax), %edx
89 55 ec                      movl  %edx, -0x14(%ebp)
c1 e0 02                      shl $0x2, %eax
upointer
8b 45 f4                      movl  -0xc(%ebp), %eax
89 04 24                      movl  %eax, (%esp)
8b 45 08                      movl  0x8(%ebp), %eax
89 04 24                      movl  %eax, (%esp)
8b 45 08                      movl  0x8(%ebp), %eax
8b 55 08                      movl  0x8(%ebp), %edx
8b 45 08                      movl  0x8(%ebp), %eax
8b 55 08                      movl  0x8(%ebp), %edx
8b 45 08                      movl  0x8(%ebp), %eax
8b 45 08                      movl  0x8(%ebp), %eax
8b 45 08                      movl  0x8(%ebp), %eax
upointer
8b 45 f4                      movl  -0xc(%ebp), %eax
89 04 24                      movl  %eax, (%esp)
8b 45 08                      movl  0x8(%ebp), %eax
89 04 24                      movl  %eax, (%esp)
8b 55 08                      movl  0x8(%ebp), %edx
89 50 04                      movl  %edx, 0x4(%eax)
8b 45 08                      movl  0x8(%ebp), %eax
8b 45 08                      movl  0x8(%ebp), %eax
8b 55 08                      movl  0x8(%ebp), %edx
89 10                         movl  %edx, (%eax)
01 d0                         add %edx, %eax
8b 00                         movl  (%eax), %eax
89 44 24 08                   movl  %eax, 0x8(%esp)
8b 45 10                      movl  0x10(%ebp), %eax
8b 55 10                      movl  0x10(%ebp), %edx
89 10                         movl  %edx, (%eax)
upointer
8b 45 f0                      movl  -0x10(%ebp), %eax
89 45 f4                      movl  %eax, -0xc(%ebp)
8b 45 f4                      movl  -0xc(%ebp), %eax
8b 45 f4                      movl  -0xc(%ebp), %eax
8b 45 f4                      movl  -0xc(%ebp), %eax
83 e8 04                      sub $0x4, %eax
89 45 e8                      movl  %eax, -0x18(%ebp)
8b 45 e8                      movl  -0x18(%ebp), %eax
8b 45 f4                      movl  -0xc(%ebp), %eax
89 04 24                      movl  %eax, (%esp)
8b 45 08                      movl  0x8(%ebp), %eax
89 04 24                      movl  %eax, (%esp)
8b 45 08                      movl  0x8(%ebp), %eax
8b 55 08                      movl  0x8(%ebp), %edx
8b 45 08                      movl  0x8(%ebp), %eax
8b 55 08                      movl  0x8(%ebp), %edx
8b 45 08                      movl  0x8(%ebp), %eax
8b 45 08                      movl  0x8(%ebp), %eax
8b 45 08                      movl  0x8(%ebp), %eax
8b 45 f4                      movl  -0xc(%ebp), %eax
upointer
8b 45 f4                      movl  -0xc(%ebp), %eax
83 e8 04                      sub $0x4, %eax
89 45 e8                      movl  %eax, -0x18(%ebp)
8b 45 e8                      movl  -0x18(%ebp), %eax
int
8b 45 ec                      movl  -0x14(%ebp), %eax
8d 50 01                      leal  0x1(%eax), %edx
89 55 ec                      movl  %edx, -0x14(%ebp)
c1 e0 02                      shl $0x2, %eax
upointer
8b 45 f4                      movl  -0xc(%ebp), %eax
89 04 24                      movl  %eax, (%esp)
8b 45 08                      movl  0x8(%ebp), %eax
89 04 24                      movl  %eax, (%esp)
8b 45 08                      movl  0x8(%ebp), %eax
8b 55 08                      movl  0x8(%ebp), %edx
8b 45 08                      movl  0x8(%ebp), %eax
8b 55 08                      movl  0x8(%ebp), %edx
8b 45 08                      movl  0x8(%ebp), %eax
8b 45 08                      movl  0x8(%ebp), %eax
8b 45 08                      movl  0x8(%ebp), %eax
upointer
8b 45 f4                      movl  -0xc(%ebp), %eax
89 04 24                      movl  %eax, (%esp)
8b 45 08                      movl  0x8(%ebp), %eax
89 04 24                      movl  %eax, (%esp)
8b 55 08                      movl  0x8(%ebp), %edx
89 50 04                      movl  %edx, 0x4(%eax)
8b 45 08                      movl  0x8(%ebp), %eax
8b 45 08                      movl  0x8(%ebp), %eax
8b 55 08                      movl  0x8(%ebp), %edx
89 10                         movl  %edx, (%eax)
8b 00                         movl  (%eax), %eax
89 44 24 08                   movl  %eax, 0x8(%esp)
8b 45 10                      movl  0x10(%ebp), %eax
8b 55 10                      movl  0x10(%ebp), %edx
89 10                         movl  %edx, (%eax)
upointer
8b 45 f0                      movl  -0x10(%ebp), %eax
89 45 f4                      movl  %eax, -0xc(%ebp)
8b 45 f4                      movl  -0xc(%ebp), %eax
8b 45 f4                      movl  -0xc(%ebp), %eax
int
83 45 f4 01                   addl  $0x1, -0xc(%ebp)
8b 45 f4                      movl  -0xc(%ebp), %eax
83 e0 01                      and $0x1, %eax
85 c0                         test %eax, %eax
74 3a                         jz 0x8048c8c
8b 55 f4                      movl  -0xc(%ebp), %edx
89 54 24 18                   movl  %edx, 0x18(%esp)
e8 de fc ff ff                calll  0x80489a2
e9 9d 00 00 00                jmp 0x8048a53
0f 85 57 ff ff ff             jnz 0x80489b6
74 2f                         jz 0x80489fa
74 2f                         jz 0x8048a35
8b 45 20                      movl  0x20(%ebp), %eax
01 d0                         add %edx, %eax
0f 85 57 ff ff ff             jnz 0x80489b6
74 2f                         jz 0x80489fa
74 2f                         jz 0x8048a35
8b 45 20                      movl  0x20(%ebp), %eax
0f 85 57 ff ff ff             jnz 0x80489b6
8b 45 20                      movl  0x20(%ebp), %eax
int
8b 45 f4                      movl  -0xc(%ebp), %eax
83 e0 01                      and $0x1, %eax
85 c0                         test %eax, %eax
74 3a                         jz 0x8048c8c
e8 de fc ff ff                calll  0x80489a2
e9 9d 00 00 00                jmp 0x8048a53
0f 85 57 ff ff ff             jnz 0x80489b6
74 2f                         jz 0x80489fa
74 2f                         jz 0x8048a35
0f 85 57 ff ff ff             jnz 0x80489b6
74 2f                         jz 0x80489fa
74 2f                         jz 0x8048a35
0f 85 57 ff ff ff             jnz 0x80489b6
e8 7e 3b 01 00                calll  0x805c610
e8 68 c1 fe ff                calll  0x8048780
8b 1c 24                      movl  (%esp), %ebx
c3                            retl  
81 c3 e8 c9 07 00             add $0x7c9e8, %ebx
83 ec 10                      sub $0x10, %esp
0f 85 6d 01 00 00             jnz 0x805c7a0
int
8b 55 f4                      movl  -0xc(%ebp), %edx
89 54 24 18                   movl  %edx, 0x18(%esp)
8b 45 20                      movl  0x20(%ebp), %eax
01 d0                         add %edx, %eax
8b 45 20                      movl  0x20(%ebp), %eax
8b 45 20                      movl  0x20(%ebp), %eax
8b 45 20                      movl  0x20(%ebp), %eax
8b 45 20                      movl  0x20(%ebp), %eax
8b 45 20                      movl  0x20(%ebp), %eax
upointer
8b 45 f0                      movl  -0x10(%ebp), %eax
89 44 24 10                   movl  %eax, 0x10(%esp)
8b 45 18                      movl  0x18(%ebp), %eax
8b 45 18                      movl  0x18(%ebp), %eax
01 d0                         add %edx, %eax
8b 45 18                      movl  0x18(%ebp), %eax
01 d0                         add %edx, %eax
upointer
8b 45 f4                      movl  -0xc(%ebp), %eax
83 e8 04                      sub $0x4, %eax
89 45 e8                      movl  %eax, -0x18(%ebp)
8b 45 e8                      movl  -0x18(%ebp), %eax
8b 45 e8                      movl  -0x18(%ebp), %eax
upointer
8b 45 f4                      movl  -0xc(%ebp), %eax
83 e8 04                      sub $0x4, %eax
89 45 e8                      movl  %eax, -0x18(%ebp)
8b 45 e8                      movl  -0x18(%ebp), %eax
8b 45 e8                      movl  -0x18(%ebp), %eax
upointer
8b 45 f4                      movl  -0xc(%ebp), %eax
83 e8 04                      sub $0x4, %eax
89 45 e8                      movl  %eax, -0x18(%ebp)
8b 45 e8                      movl  -0x18(%ebp), %eax
int
8b 45 ec                      movl  -0x14(%ebp), %eax
8d 50 01                      leal  0x1(%eax), %edx
89 55 ec                      movl  %edx, -0x14(%ebp)
c1 e0 02                      shl $0x2, %eax
8b 45 ec                      movl  -0x14(%ebp), %eax
8d 50 01                      leal  0x1(%eax), %edx
89 55 ec                      movl  %edx, -0x14(%ebp)
c1 e0 02                      shl $0x2, %eax
upointer
8b 45 f4                      movl  -0xc(%ebp), %eax
89 04 24                      movl  %eax, (%esp)
8b 45 08                      movl  0x8(%ebp), %eax
89 04 24                      movl  %eax, (%esp)
8b 45 08                      movl  0x8(%ebp), %eax
8b 55 08                      movl  0x8(%ebp), %edx
8b 45 08                      movl  0x8(%ebp), %eax
8b 55 08                      movl  0x8(%ebp), %edx
8b 45 08                      movl  0x8(%ebp), %eax
8b 45 08                      movl  0x8(%ebp), %eax
8b 45 08                      movl  0x8(%ebp), %eax
upointer
8b 45 f4                      movl  -0xc(%ebp), %eax
89 04 24                      movl  %eax, (%esp)
8b 45 08                      movl  0x8(%ebp), %eax
89 04 24                      movl  %eax, (%esp)
8b 55 08                      movl  0x8(%ebp), %edx
89 50 04                      movl  %edx, 0x4(%eax)
8b 45 08                      movl  0x8(%ebp), %eax
8b 45 08                      movl  0x8(%ebp), %eax
8b 55 08                      movl  0x8(%ebp), %edx
89 10                         movl  %edx, (%eax)
01 d0                         add %edx, %eax
8b 00                         movl  (%eax), %eax
89 44 24 08                   movl  %eax, 0x8(%esp)
8b 45 10                      movl  0x10(%ebp), %eax
8b 55 10                      movl  0x10(%ebp), %edx
89 10                         movl  %edx, (%eax)
upointer
8b 45 f0                      movl  -0x10(%ebp), %eax
89 45 f4                      movl  %eax, -0xc(%ebp)
8b 45 f4                      movl  -0xc(%ebp), %eax
8b 45 f4                      movl  -0xc(%ebp), %eax
8b 45 f4                      movl  -0xc(%ebp), %eax
83 e8 04                      sub $0x4, %eax
89 45 e8                      movl  %eax, -0x18(%ebp)
8b 45 e8                      movl  -0x18(%ebp), %eax
8b 45 f4                      movl  -0xc(%ebp), %eax
89 04 24                      movl  %eax, (%esp)
8b 45 08                      movl  0x8(%ebp), %eax
89 04 24                      movl  %eax, (%esp)
8b 45 08                      movl  0x8(%ebp), %eax
8b 55 08                      movl  0x8(%ebp), %edx
8b 45 08                      movl  0x8(%ebp), %eax
8b 55 08                      movl  0x8(%ebp), %edx
8b 45 08                      movl  0x8(%ebp), %eax
8b 45 08                      movl  0x8(%ebp), %eax
8b 45 08                      movl  0x8(%ebp), %eax
8b 45 f4                      movl  -0xc(%ebp), %eax
upointer
8b 45 f4                      movl  -0xc(%ebp), %eax
83 e8 04                      sub $0x4, %eax
89 45 e8                      movl  %eax, -0x18(%ebp)
8b 45 e8                      movl  -0x18(%ebp), %eax
int
8b 45 ec                      movl  -0x14(%ebp), %eax
8d 50 01                      leal  0x1(%eax), %edx
89 55 ec                      movl  %edx, -0x14(%ebp)
c1 e0 02                      shl $0x2, %eax
upointer
8b 45 f4                      movl  -0xc(%ebp), %eax
89 04 24                      movl  %eax, (%esp)
8b 45 08                      movl  0x8(%ebp), %eax
89 04 24                      movl  %eax, (%esp)
8b 45 08                      movl  0x8(%ebp), %eax
8b 55 08                      movl  0x8(%ebp), %edx
8b 45 08                      movl  0x8(%ebp), %eax
8b 55 08                      movl  0x8(%ebp), %edx
8b 45 08                      movl  0x8(%ebp), %eax
8b 45 08                      movl  0x8(%ebp), %eax
8b 45 08                      movl  0x8(%ebp), %eax
upointer
8b 45 f4                      movl  -0xc(%ebp), %eax
89 04 24                      movl  %eax, (%esp)
8b 45 08                      movl  0x8(%ebp), %eax
89 04 24                      movl  %eax, (%esp)
8b 55 08                      movl  0x8(%ebp), %edx
89 50 04                      movl  %edx, 0x4(%eax)
8b 45 08                      movl  0x8(%ebp), %eax
8b 45 08                      movl  0x8(%ebp), %eax
8b 55 08                      movl  0x8(%ebp), %edx
89 10                         movl  %edx, (%eax)
upointer
8b 45 f0                      movl  -0x10(%ebp), %eax
89 45 f4                      movl  %eax, -0xc(%ebp)
8b 45 f4                      movl  -0xc(%ebp), %eax
8b 45 f4                      movl  -0xc(%ebp), %eax
int
83 45 f4 01                   addl  $0x1, -0xc(%ebp)
8b 55 f4                      movl  -0xc(%ebp), %edx
89 10                         movl  %edx, (%eax)
8b 44 24 1c                   movl  0x1c(%esp), %eax
8b 44 24 1c                   movl  0x1c(%esp), %eax
8b 44 24 1c                   movl  0x1c(%esp), %eax
8b 44 24 1c                   movl  0x1c(%esp), %eax
50                            pushl  %eax
ff 74 24 1c                   pushl  0x1c(%esp)
ff 74 24 38                   pushl  0x38(%esp)
ff 74 24 3c                   pushl  0x3c(%esp)
8b 5c 24 04                   movl  0x4(%esp), %ebx
int
8b 55 f4                      movl  -0xc(%ebp), %edx
89 10                         movl  %edx, (%eax)
8b 44 24 1c                   movl  0x1c(%esp), %eax
8b 44 24 1c                   movl  0x1c(%esp), %eax
8b 44 24 1c                   movl  0x1c(%esp), %eax
8b 44 24 1c                   movl  0x1c(%esp), %eax
50                            pushl  %eax
ff 74 24 1c                   pushl  0x1c(%esp)
ff 74 24 38                   pushl  0x38(%esp)
ff 74 24 3c                   pushl  0x3c(%esp)
8b 5c 24 04                   movl  0x4(%esp), %ebx
upointer
8b 45 f0                      movl  -0x10(%ebp), %eax
89 44 24 74                   movl  %eax, 0x74(%esp)
8b 44 24 74                   movl  0x74(%esp), %eax
01 d0                         add %edx, %eax
8b 44 24 74                   movl  0x74(%esp), %eax
01 d0                         add %edx, %eax
8b 44 24 74                   movl  0x74(%esp), %eax
01 d0                         add %edx, %eax
8b 44 24 74                   movl  0x74(%esp), %eax
01 d0                         add %edx, %eax
8b 44 24 74                   movl  0x74(%esp), %eax
01 d0                         add %edx, %eax
int
39 44 24 7c                   cmpl  %eax, 0x7c(%esp)
7c 93                         jl 0x8048dd7
eb 33                         jmp 0x8048e14
7f b8                         jnle 0x8048de1
e8 11 70 00 00                calll  0x804fe20
e8 5a 89 ff ff                calll  0x8048780
8b 1c 24                      movl  (%esp), %ebx
c3                            retl  
81 c3 da 91 08 00             add $0x891da, %ebx
83 ec 08                      sub $0x8, %esp
8d 44 24 14                   leal  0x14(%esp), %eax
83 ec 04                      sub $0x4, %esp
50                            pushl  %eax
e8 78 06 03 00                calll  0x80804c0
89 e5                         mov %esp, %ebp
53                            pushl  %ebx
e8 b5 82 fc ff                calll  0x8048780
8b 1c 24                      movl  (%esp), %ebx
c3                            retl  
81 c3 35 8b 05 00             add $0x58b35, %ebx
int
8b 54 24 7c                   movl  0x7c(%esp), %edx
c1 e2 02                      shl $0x2, %edx
01 d0                         add %edx, %eax
01 d0                         add %edx, %eax
int
3b 44 24 78                   cmpl  0x78(%esp), %eax
7f b8                         jnle 0x8048de1
e8 11 70 00 00                calll  0x804fe20
e8 5a 89 ff ff                calll  0x8048780
8b 1c 24                      movl  (%esp), %ebx
c3                            retl  
81 c3 da 91 08 00             add $0x891da, %ebx
83 ec 08                      sub $0x8, %esp
8d 44 24 14                   leal  0x14(%esp), %eax
83 ec 04                      sub $0x4, %esp
50                            pushl  %eax
e8 78 06 03 00                calll  0x80804c0
89 e5                         mov %esp, %ebp
53                            pushl  %ebx
e8 b5 82 fc ff                calll  0x8048780
8b 1c 24                      movl  (%esp), %ebx
c3                            retl  
81 c3 35 8b 05 00             add $0x58b35, %ebx
81 ec ec 04 00 00             sub $0x4ec, %esp
8b 45 10                      movl  0x10(%ebp), %eax
int
83 44 24 78 01                addl  $0x1, 0x78(%esp)
3b 44 24 78                   cmpl  0x78(%esp), %eax
7f b8                         jnle 0x8048de1
e8 1b 78 00 00                calll  0x8050650
e8 a9 cc ff ff                calll  0x804d303
8b 3c 24                      movl  (%esp), %edi
c3                            retl  
81 c7 a6 89 08 00             add $0x889a6, %edi
83 ec 1c                      sub $0x1c, %esp
75 3d                         jnz 0x80506b8
74 28                         jz 0x80506b4
74 01                         jz 0x805069c
74 07                         jz 0x80506a8
73 4c                         jnb 0x8050710
75 27                         jnz 0x80506ff
75 1e                         jnz 0x80506ff
74 01                         jz 0x80506f3
74 07                         jz 0x80506ff
c3                            retl  
7c 93                         jl 0x8048dd7
int
3b 44 24 78                   cmpl  0x78(%esp), %eax
7f b8                         jnle 0x8048de1
e8 1b 78 00 00                calll  0x8050650
e8 a9 cc ff ff                calll  0x804d303
8b 3c 24                      movl  (%esp), %edi
c3                            retl  
81 c7 a6 89 08 00             add $0x889a6, %edi
83 ec 1c                      sub $0x1c, %esp
75 3d                         jnz 0x80506b8
74 28                         jz 0x80506b4
74 01                         jz 0x805069c
74 07                         jz 0x80506a8
73 4c                         jnb 0x8050710
75 27                         jnz 0x80506ff
75 1e                         jnz 0x80506ff
74 01                         jz 0x80506f3
74 07                         jz 0x80506ff
c3                            retl  
7c 93                         jl 0x8048dd7
eb 33                         jmp 0x8048e14
int
83 44 24 7c 01                addl  $0x1, 0x7c(%esp)
39 44 24 7c                   cmpl  %eax, 0x7c(%esp)
7c 93                         jl 0x8048dd7
eb 33                         jmp 0x8048e14
8b 54 24 7c                   movl  0x7c(%esp), %edx
c1 e2 02                      shl $0x2, %edx
01 d0                         add %edx, %eax
7f b8                         jnle 0x8048de1
8b 44 24 7c                   movl  0x7c(%esp), %eax
01 d0                         add %edx, %eax
e8 11 70 00 00                calll  0x804fe20
e8 5a 89 ff ff                calll  0x8048780
8b 1c 24                      movl  (%esp), %ebx
c3                            retl  
81 c3 da 91 08 00             add $0x891da, %ebx
83 ec 08                      sub $0x8, %esp
8d 44 24 14                   leal  0x14(%esp), %eax
83 ec 04                      sub $0x4, %esp
50                            pushl  %eax
e8 78 06 03 00                calll  0x80804c0
int
39 44 24 7c                   cmpl  %eax, 0x7c(%esp)
7c 93                         jl 0x8048dd7
eb 33                         jmp 0x8048e14
7f b8                         jnle 0x8048de1
e8 11 70 00 00                calll  0x804fe20
e8 5a 89 ff ff                calll  0x8048780
8b 1c 24                      movl  (%esp), %ebx
c3                            retl  
81 c3 da 91 08 00             add $0x891da, %ebx
83 ec 08                      sub $0x8, %esp
8d 44 24 14                   leal  0x14(%esp), %eax
83 ec 04                      sub $0x4, %esp
50                            pushl  %eax
e8 78 06 03 00                calll  0x80804c0
89 e5                         mov %esp, %ebp
53                            pushl  %ebx
e8 b5 82 fc ff                calll  0x8048780
8b 1c 24                      movl  (%esp), %ebx
c3                            retl  
81 c3 35 8b 05 00             add $0x58b35, %ebx
int
8b 54 24 7c                   movl  0x7c(%esp), %edx
c1 e2 02                      shl $0x2, %edx
01 d0                         add %edx, %eax
01 d0                         add %edx, %eax
int
3b 44 24 78                   cmpl  0x78(%esp), %eax
7f b8                         jnle 0x8048de1
e8 11 70 00 00                calll  0x804fe20
e8 5a 89 ff ff                calll  0x8048780
8b 1c 24                      movl  (%esp), %ebx
c3                            retl  
81 c3 da 91 08 00             add $0x891da, %ebx
83 ec 08                      sub $0x8, %esp
8d 44 24 14                   leal  0x14(%esp), %eax
83 ec 04                      sub $0x4, %esp
50                            pushl  %eax
e8 78 06 03 00                calll  0x80804c0
89 e5                         mov %esp, %ebp
53                            pushl  %ebx
e8 b5 82 fc ff                calll  0x8048780
8b 1c 24                      movl  (%esp), %ebx
c3                            retl  
81 c3 35 8b 05 00             add $0x58b35, %ebx
81 ec ec 04 00 00             sub $0x4ec, %esp
8b 45 10                      movl  0x10(%ebp), %eax
int
83 44 24 78 01                addl  $0x1, 0x78(%esp)
3b 44 24 78                   cmpl  0x78(%esp), %eax
7f b8                         jnle 0x8048de1
8b 54 24 78                   movl  0x78(%esp), %edx
c1 e2 02                      shl $0x2, %edx
01 d0                         add %edx, %eax
e8 11 70 00 00                calll  0x804fe20
e8 5a 89 ff ff                calll  0x8048780
8b 1c 24                      movl  (%esp), %ebx
c3                            retl  
81 c3 da 91 08 00             add $0x891da, %ebx
83 ec 08                      sub $0x8, %esp
8d 44 24 14                   leal  0x14(%esp), %eax
83 ec 04                      sub $0x4, %esp
50                            pushl  %eax
e8 78 06 03 00                calll  0x80804c0
89 e5                         mov %esp, %ebp
53                            pushl  %ebx
e8 b5 82 fc ff                calll  0x8048780
8b 1c 24                      movl  (%esp), %ebx
int
8b 54 24 7c                   movl  0x7c(%esp), %edx
c1 e2 02                      shl $0x2, %edx
01 d0                         add %edx, %eax
01 d0                         add %edx, %eax
int
3b 44 24 78                   cmpl  0x78(%esp), %eax
7f b8                         jnle 0x8048de1
e8 11 70 00 00                calll  0x804fe20
e8 5a 89 ff ff                calll  0x8048780
8b 1c 24                      movl  (%esp), %ebx
c3                            retl  
81 c3 da 91 08 00             add $0x891da, %ebx
83 ec 08                      sub $0x8, %esp
8d 44 24 14                   leal  0x14(%esp), %eax
83 ec 04                      sub $0x4, %esp
50                            pushl  %eax
e8 78 06 03 00                calll  0x80804c0
89 e5                         mov %esp, %ebp
53                            pushl  %ebx
e8 b5 82 fc ff                calll  0x8048780
8b 1c 24                      movl  (%esp), %ebx
c3                            retl  
81 c3 35 8b 05 00             add $0x58b35, %ebx
81 ec ec 04 00 00             sub $0x4ec, %esp
8b 45 10                      movl  0x10(%ebp), %eax
int
83 44 24 78 01                addl  $0x1, 0x78(%esp)
3b 44 24 78                   cmpl  0x78(%esp), %eax
7f b8                         jnle 0x8048de1
e8 1b 78 00 00                calll  0x8050650
e8 a9 cc ff ff                calll  0x804d303
8b 3c 24                      movl  (%esp), %edi
c3                            retl  
81 c7 a6 89 08 00             add $0x889a6, %edi
83 ec 1c                      sub $0x1c, %esp
75 3d                         jnz 0x80506b8
74 28                         jz 0x80506b4
74 01                         jz 0x805069c
74 07                         jz 0x80506a8
73 4c                         jnb 0x8050710
75 27                         jnz 0x80506ff
75 1e                         jnz 0x80506ff
74 01                         jz 0x80506f3
74 07                         jz 0x80506ff
c3                            retl  
7c 93                         jl 0x8048dd7
int
3b 44 24 78                   cmpl  0x78(%esp), %eax
7f b8                         jnle 0x8048de1
e8 1b 78 00 00                calll  0x8050650
e8 a9 cc ff ff                calll  0x804d303
8b 3c 24                      movl  (%esp), %edi
c3                            retl  
81 c7 a6 89 08 00             add $0x889a6, %edi
83 ec 1c                      sub $0x1c, %esp
75 3d                         jnz 0x80506b8
74 28                         jz 0x80506b4
74 01                         jz 0x805069c
74 07                         jz 0x80506a8
73 4c                         jnb 0x8050710
75 27                         jnz 0x80506ff
75 1e                         jnz 0x80506ff
74 01                         jz 0x80506f3
74 07                         jz 0x80506ff
c3                            retl  
7c 93                         jl 0x8048dd7
eb 33                         jmp 0x8048e14
int
83 44 24 7c 01                addl  $0x1, 0x7c(%esp)
39 44 24 7c                   cmpl  %eax, 0x7c(%esp)
7c 93                         jl 0x8048dd7
eb 33                         jmp 0x8048e14
8b 54 24 7c                   movl  0x7c(%esp), %edx
c1 e2 02                      shl $0x2, %edx
01 d0                         add %edx, %eax
7f b8                         jnle 0x8048de1
8b 44 24 7c                   movl  0x7c(%esp), %eax
01 d0                         add %edx, %eax
e8 11 70 00 00                calll  0x804fe20
e8 5a 89 ff ff                calll  0x8048780
8b 1c 24                      movl  (%esp), %ebx
c3                            retl  
81 c3 da 91 08 00             add $0x891da, %ebx
83 ec 08                      sub $0x8, %esp
8d 44 24 14                   leal  0x14(%esp), %eax
83 ec 04                      sub $0x4, %esp
50                            pushl  %eax
e8 78 06 03 00                calll  0x80804c0
int
39 44 24 7c                   cmpl  %eax, 0x7c(%esp)
7c 93                         jl 0x8048dd7
eb 33                         jmp 0x8048e14
7f b8                         jnle 0x8048de1
e8 11 70 00 00                calll  0x804fe20
e8 5a 89 ff ff                calll  0x8048780
8b 1c 24                      movl  (%esp), %ebx
c3                            retl  
81 c3 da 91 08 00             add $0x891da, %ebx
83 ec 08                      sub $0x8, %esp
8d 44 24 14                   leal  0x14(%esp), %eax
83 ec 04                      sub $0x4, %esp
50                            pushl  %eax
e8 78 06 03 00                calll  0x80804c0
89 e5                         mov %esp, %ebp
53                            pushl  %ebx
e8 b5 82 fc ff                calll  0x8048780
8b 1c 24                      movl  (%esp), %ebx
c3                            retl  
81 c3 35 8b 05 00             add $0x58b35, %ebx
int
8b 54 24 7c                   movl  0x7c(%esp), %edx
c1 e2 02                      shl $0x2, %edx
01 d0                         add %edx, %eax
01 d0                         add %edx, %eax
int
3b 44 24 78                   cmpl  0x78(%esp), %eax
7f b8                         jnle 0x8048de1
e8 11 70 00 00                calll  0x804fe20
e8 5a 89 ff ff                calll  0x8048780
8b 1c 24                      movl  (%esp), %ebx
c3                            retl  
81 c3 da 91 08 00             add $0x891da, %ebx
83 ec 08                      sub $0x8, %esp
8d 44 24 14                   leal  0x14(%esp), %eax
83 ec 04                      sub $0x4, %esp
50                            pushl  %eax
e8 78 06 03 00                calll  0x80804c0
89 e5                         mov %esp, %ebp
53                            pushl  %ebx
e8 b5 82 fc ff                calll  0x8048780
8b 1c 24                      movl  (%esp), %ebx
c3                            retl  
81 c3 35 8b 05 00             add $0x58b35, %ebx
81 ec ec 04 00 00             sub $0x4ec, %esp
8b 45 10                      movl  0x10(%ebp), %eax
int
83 44 24 78 01                addl  $0x1, 0x78(%esp)
3b 44 24 78                   cmpl  0x78(%esp), %eax
7f b8                         jnle 0x8048de1
8b 54 24 78                   movl  0x78(%esp), %edx
c1 e2 02                      shl $0x2, %edx
01 d0                         add %edx, %eax
e8 11 70 00 00                calll  0x804fe20
e8 5a 89 ff ff                calll  0x8048780
8b 1c 24                      movl  (%esp), %ebx
c3                            retl  
81 c3 da 91 08 00             add $0x891da, %ebx
83 ec 08                      sub $0x8, %esp
8d 44 24 14                   leal  0x14(%esp), %eax
83 ec 04                      sub $0x4, %esp
50                            pushl  %eax
e8 78 06 03 00                calll  0x80804c0
89 e5                         mov %esp, %ebp
53                            pushl  %ebx
e8 b5 82 fc ff                calll  0x8048780
8b 1c 24                      movl  (%esp), %ebx
int
8b 54 24 7c                   movl  0x7c(%esp), %edx
c1 e2 02                      shl $0x2, %edx
01 d0                         add %edx, %eax
01 d0                         add %edx, %eax
int
3b 44 24 78                   cmpl  0x78(%esp), %eax
7f b8                         jnle 0x8048de1
e8 11 70 00 00                calll  0x804fe20
e8 5a 89 ff ff                calll  0x8048780
8b 1c 24                      movl  (%esp), %ebx
c3                            retl  
81 c3 da 91 08 00             add $0x891da, %ebx
83 ec 08                      sub $0x8, %esp
8d 44 24 14                   leal  0x14(%esp), %eax
83 ec 04                      sub $0x4, %esp
50                            pushl  %eax
e8 78 06 03 00                calll  0x80804c0
89 e5                         mov %esp, %ebp
53                            pushl  %ebx
e8 b5 82 fc ff                calll  0x8048780
8b 1c 24                      movl  (%esp), %ebx
c3                            retl  
81 c3 35 8b 05 00             add $0x58b35, %ebx
81 ec ec 04 00 00             sub $0x4ec, %esp
8b 45 10                      movl  0x10(%ebp), %eax
int
83 44 24 78 01                addl  $0x1, 0x78(%esp)
3b 44 24 78                   cmpl  0x78(%esp), %eax
7f b8                         jnle 0x8048de1
e8 1b 78 00 00                calll  0x8050650
e8 a9 cc ff ff                calll  0x804d303
8b 3c 24                      movl  (%esp), %edi
c3                            retl  
81 c7 a6 89 08 00             add $0x889a6, %edi
83 ec 1c                      sub $0x1c, %esp
75 3d                         jnz 0x80506b8
74 28                         jz 0x80506b4
74 01                         jz 0x805069c
74 07                         jz 0x80506a8
73 4c                         jnb 0x8050710
75 27                         jnz 0x80506ff
75 1e                         jnz 0x80506ff
74 01                         jz 0x80506f3
74 07                         jz 0x80506ff
c3                            retl  
7c 93                         jl 0x8048dd7
int
3b 44 24 78                   cmpl  0x78(%esp), %eax
7f b8                         jnle 0x8048de1
e8 1b 78 00 00                calll  0x8050650
e8 a9 cc ff ff                calll  0x804d303
8b 3c 24                      movl  (%esp), %edi
c3                            retl  
81 c7 a6 89 08 00             add $0x889a6, %edi
83 ec 1c                      sub $0x1c, %esp
75 3d                         jnz 0x80506b8
74 28                         jz 0x80506b4
74 01                         jz 0x805069c
74 07                         jz 0x80506a8
73 4c                         jnb 0x8050710
75 27                         jnz 0x80506ff
75 1e                         jnz 0x80506ff
74 01                         jz 0x80506f3
74 07                         jz 0x80506ff
c3                            retl  
7c 93                         jl 0x8048dd7
int
8b 44 24 1c                   movl  0x1c(%esp), %eax
50                            pushl  %eax
ff 74 24 1c                   pushl  0x1c(%esp)
ff 74 24 38                   pushl  0x38(%esp)
ff 74 24 3c                   pushl  0x3c(%esp)
8b 5c 24 04                   movl  0x4(%esp), %ebx
