int
8b 45 f0                      movl  -0x10(%ebp), %eax
8d 50 01                      leal  0x1(%eax), %edx
89 55 f0                      movl  %edx, -0x10(%ebp)
89 c2                         mov %eax, %edx
01 d0                         add %edx, %eax
21 c2                         and %eax, %edx
74 24                         jz 0x806b291
29 ca                         sub %ecx, %edx
4a                            dec %edx
73 58                         jnb 0x806b2f9
74 0f                         jz 0x806b316
upointer
8b 45 ec                      movl  -0x14(%ebp), %eax
89 04 24                      movl  %eax, (%esp)
ff 75 08                      pushl  0x8(%ebp)
8b 44 24 04                   movl  0x4(%esp), %eax
21 c2                         and %eax, %edx
74 24                         jz 0x806b291
83 c0 04                      add $0x4, %eax
29 ca                         sub %ecx, %edx
4a                            dec %edx
73 58                         jnb 0x806b2f9
83 e8 04                      sub $0x4, %eax
74 0f                         jz 0x806b316
2b 44 24 04                   subl  0x4(%esp), %eax
89 c6                         mov %eax, %esi
56                            pushl  %esi
ff 75 08                      pushl  0x8(%ebp)
56                            pushl  %esi
8b 44 24 38                   movl  0x38(%esp), %eax
85 c0                         test %eax, %eax
74 7e                         jz 0x8053f0e
