int
3b 44 24 14                   cmpl  0x14(%esp), %eax
0f 8c 75 ff ff ff             jl 0x804898a
e8 4b fe ff ff                calll  0x8048874
75 0a                         jnz 0x804888a
e9 d9 00 00 00                jmp 0x8048963
c3                            retl  
eb 21                         jmp 0x8048a60
75 d8                         jnz 0x8048a3f
e8 ad 7e 00 00                calll  0x8050920
89 e5                         mov %esp, %ebp
e8 b9 c6 ff ff                calll  0x804cfe3
8b 3c 24                      movl  (%esp), %edi
c3                            retl  
81 c7 d6 86 08 00             add $0x886d6, %edi
83 ec 1c                      sub $0x1c, %esp
75 3d                         jnz 0x8050988
74 28                         jz 0x8050984
74 01                         jz 0x805096c
74 07                         jz 0x8050978
73 4c                         jnb 0x80509e0
upointer
8b 44 24 28                   movl  0x28(%esp), %eax
89 04 24                      movl  %eax, (%esp)
83 7d 08 00                   cmpl  $0x0, 0x8(%ebp)
75 0a                         jnz 0x804888a
e9 d9 00 00 00                jmp 0x8048963
89 44 24 24                   movl  %eax, 0x24(%esp)
8b 44 24 24                   movl  0x24(%esp), %eax
89 44 24 18                   movl  %eax, 0x18(%esp)
83 7c 24 24 00                cmpl  $0x0, 0x24(%esp)
75 d8                         jnz 0x8048ab3
e8 39 7e 00 00                calll  0x8050920
e8 b9 c6 ff ff                calll  0x804cfe3
8b 3c 24                      movl  (%esp), %edi
c3                            retl  
81 c7 d6 86 08 00             add $0x886d6, %edi
83 ec 1c                      sub $0x1c, %esp
75 3d                         jnz 0x8050988
74 28                         jz 0x8050984
74 01                         jz 0x805096c
74 07                         jz 0x8050978
upointer
8b 44 24 24                   movl  0x24(%esp), %eax
89 44 24 18                   movl  %eax, 0x18(%esp)
83 7c 24 18 00                cmpl  $0x0, 0x18(%esp)
75 d8                         jnz 0x8048ae9
e8 03 7e 00 00                calll  0x8050920
e8 b9 c6 ff ff                calll  0x804cfe3
8b 3c 24                      movl  (%esp), %edi
c3                            retl  
81 c7 d6 86 08 00             add $0x886d6, %edi
83 ec 1c                      sub $0x1c, %esp
75 3d                         jnz 0x8050988
74 28                         jz 0x8050984
74 01                         jz 0x805096c
74 07                         jz 0x8050978
73 4c                         jnb 0x80509e0
75 27                         jnz 0x80509cf
75 1e                         jnz 0x80509cf
74 01                         jz 0x80509c3
74 07                         jz 0x80509cf
c3                            retl  
upointer
8b 44 24 28                   movl  0x28(%esp), %eax
89 44 24 1c                   movl  %eax, 0x1c(%esp)
83 7c 24 1c 00                cmpl  $0x0, 0x1c(%esp)
75 d8                         jnz 0x8048a3f
e8 ad 7e 00 00                calll  0x8050920
e8 b9 c6 ff ff                calll  0x804cfe3
8b 3c 24                      movl  (%esp), %edi
c3                            retl  
81 c7 d6 86 08 00             add $0x886d6, %edi
83 ec 1c                      sub $0x1c, %esp
75 3d                         jnz 0x8050988
74 28                         jz 0x8050984
74 01                         jz 0x805096c
74 07                         jz 0x8050978
73 4c                         jnb 0x80509e0
83 ec 08                      sub $0x8, %esp
89 fb                         mov %edi, %ebx
e8 64 53 00 00                calll  0x8055d50
57                            pushl  %edi
53                            pushl  %ebx
upointer
83 7c 24 1c 00                cmpl  $0x0, 0x1c(%esp)
75 d8                         jnz 0x8048a3f
e8 ad 7e 00 00                calll  0x8050920
e8 b9 c6 ff ff                calll  0x804cfe3
8b 3c 24                      movl  (%esp), %edi
c3                            retl  
81 c7 d6 86 08 00             add $0x886d6, %edi
83 ec 1c                      sub $0x1c, %esp
75 3d                         jnz 0x8050988
74 28                         jz 0x8050984
74 01                         jz 0x805096c
74 07                         jz 0x8050978
73 4c                         jnb 0x80509e0
83 ec 08                      sub $0x8, %esp
89 fb                         mov %edi, %ebx
e8 64 53 00 00                calll  0x8055d50
57                            pushl  %edi
53                            pushl  %ebx
e8 46 37 ff ff                calll  0x80494a2
8b 04 24                      movl  (%esp), %eax
upointer
8b 44 24 28                   movl  0x28(%esp), %eax
89 44 24 1c                   movl  %eax, 0x1c(%esp)
83 7c 24 1c 00                cmpl  $0x0, 0x1c(%esp)
75 d8                         jnz 0x8048a7d
e8 6f 7e 00 00                calll  0x8050920
e8 b9 c6 ff ff                calll  0x804cfe3
8b 3c 24                      movl  (%esp), %edi
c3                            retl  
81 c7 d6 86 08 00             add $0x886d6, %edi
83 ec 1c                      sub $0x1c, %esp
75 3d                         jnz 0x8050988
74 28                         jz 0x8050984
74 01                         jz 0x805096c
74 07                         jz 0x8050978
73 4c                         jnb 0x80509e0
75 27                         jnz 0x80509cf
75 1e                         jnz 0x80509cf
74 01                         jz 0x80509c3
74 07                         jz 0x80509cf
c3                            retl  
upointer
83 7c 24 1c 00                cmpl  $0x0, 0x1c(%esp)
75 d8                         jnz 0x8048a7d
e8 6f 7e 00 00                calll  0x8050920
e8 b9 c6 ff ff                calll  0x804cfe3
8b 3c 24                      movl  (%esp), %edi
c3                            retl  
81 c7 d6 86 08 00             add $0x886d6, %edi
83 ec 1c                      sub $0x1c, %esp
75 3d                         jnz 0x8050988
74 28                         jz 0x8050984
74 01                         jz 0x805096c
74 07                         jz 0x8050978
73 4c                         jnb 0x80509e0
75 27                         jnz 0x80509cf
75 1e                         jnz 0x80509cf
74 01                         jz 0x80509c3
74 07                         jz 0x80509cf
c3                            retl  
eb 21                         jmp 0x8048ad4
75 d8                         jnz 0x8048ab3
upointer
83 7c 24 24 00                cmpl  $0x0, 0x24(%esp)
75 d8                         jnz 0x8048ab3
e8 39 7e 00 00                calll  0x8050920
e8 b9 c6 ff ff                calll  0x804cfe3
8b 3c 24                      movl  (%esp), %edi
c3                            retl  
81 c7 d6 86 08 00             add $0x886d6, %edi
83 ec 1c                      sub $0x1c, %esp
75 3d                         jnz 0x8050988
74 28                         jz 0x8050984
74 01                         jz 0x805096c
74 07                         jz 0x8050978
73 4c                         jnb 0x80509e0
75 27                         jnz 0x80509cf
75 1e                         jnz 0x80509cf
74 01                         jz 0x80509c3
74 07                         jz 0x80509cf
c3                            retl  
eb 21                         jmp 0x8048b0a
75 d8                         jnz 0x8048ae9
upointer
83 7c 24 18 00                cmpl  $0x0, 0x18(%esp)
75 d8                         jnz 0x8048ae9
e8 03 7e 00 00                calll  0x8050920
e8 b9 c6 ff ff                calll  0x804cfe3
8b 3c 24                      movl  (%esp), %edi
c3                            retl  
81 c7 d6 86 08 00             add $0x886d6, %edi
83 ec 1c                      sub $0x1c, %esp
75 3d                         jnz 0x8050988
74 28                         jz 0x8050984
74 01                         jz 0x805096c
74 07                         jz 0x8050978
73 4c                         jnb 0x80509e0
75 27                         jnz 0x80509cf
75 1e                         jnz 0x80509cf
74 01                         jz 0x80509c3
74 07                         jz 0x80509cf
c3                            retl  
