int
8b 44 24 24                   movl  0x24(%esp), %eax
c1 e0 02                      shl $0x2, %eax
89 04 24                      movl  %eax, (%esp)
8b 74 24 20                   movl  0x20(%esp), %esi
8d 46 13                      leal  0x13(%esi), %eax
83 f8 0f                      cmp $0xf, %eax
0f 87 a9 00 00 00             jnbe 0x805c628
83 e0 f0                      and $0xfffffff0, %eax
83 f8 df                      cmp $0xffffffdf, %eax
0f 97 c2                      setnbe %dl
e9 50 ff ff ff                jmp 0x805c586
39 f0                         cmp %esi, %eax
0f 82 72 01 00 00             jb 0x805c700
84 d2                         test %dl, %dl
0f 85 6a 01 00 00             jnz 0x805c700
83 e8 01                      sub $0x1, %eax
c1 e8 04                      shr $0x4, %eax
0f 84 95 00 00 00             jz 0x805c640
0f 82 c9 00 00 00             jb 0x805c680
0f 84 29 ff ff ff             jz 0x805c5b7
int
3b 44 24 24                   cmpl  0x24(%esp), %eax
7c ce                         jl 0x8048a7e
e8 b1 3a 01 00                calll  0x805c550
e8 28 c2 fe ff                calll  0x8048780
8b 1c 24                      movl  (%esp), %ebx
c3                            retl  
81 c3 a8 ca 07 00             add $0x7caa8, %ebx
83 ec 10                      sub $0x10, %esp
0f 85 6d 01 00 00             jnz 0x805c6e0
0f 87 a9 00 00 00             jnbe 0x805c628
e9 50 ff ff ff                jmp 0x805c586
0f 82 72 01 00 00             jb 0x805c700
0f 85 6a 01 00 00             jnz 0x805c700
0f 84 95 00 00 00             jz 0x805c640
0f 82 c9 00 00 00             jb 0x805c680
0f 84 29 ff ff ff             jz 0x805c5b7
0f 85 53 01 00 00             jnz 0x805c718
8d 83 20 05 00 00             leal  0x520(%ebx), %eax
e8 5e e2 ff ff                calll  0x805a830
53                            pushl  %ebx
int
8b 44 24 20                   movl  0x20(%esp), %eax
c1 e0 02                      shl $0x2, %eax
89 04 24                      movl  %eax, (%esp)
8b 74 24 20                   movl  0x20(%esp), %esi
8d 46 13                      leal  0x13(%esi), %eax
83 f8 0f                      cmp $0xf, %eax
0f 87 a9 00 00 00             jnbe 0x805c628
83 e0 f0                      and $0xfffffff0, %eax
83 f8 df                      cmp $0xffffffdf, %eax
0f 97 c2                      setnbe %dl
e9 50 ff ff ff                jmp 0x805c586
39 f0                         cmp %esi, %eax
0f 82 72 01 00 00             jb 0x805c700
84 d2                         test %dl, %dl
0f 85 6a 01 00 00             jnz 0x805c700
83 e8 01                      sub $0x1, %eax
c1 e8 04                      shr $0x4, %eax
0f 84 95 00 00 00             jz 0x805c640
0f 82 c9 00 00 00             jb 0x805c680
0f 84 29 ff ff ff             jz 0x805c5b7
int
83 44 24 2c 01                addl  $0x1, 0x2c(%esp)
8b 44 24 2c                   movl  0x2c(%esp), %eax
8b 44 24 2c                   movl  0x2c(%esp), %eax
83 44 24 2c 01                addl  $0x1, 0x2c(%esp)
8b 44 24 2c                   movl  0x2c(%esp), %eax
8b 44 24 2c                   movl  0x2c(%esp), %eax
83 44 24 2c 01                addl  $0x1, 0x2c(%esp)
8b 44 24 2c                   movl  0x2c(%esp), %eax
int
3b 44 24 24                   cmpl  0x24(%esp), %eax
7c ce                         jl 0x8048a7e
e8 b1 3a 01 00                calll  0x805c550
e8 28 c2 fe ff                calll  0x8048780
8b 1c 24                      movl  (%esp), %ebx
c3                            retl  
81 c3 a8 ca 07 00             add $0x7caa8, %ebx
83 ec 10                      sub $0x10, %esp
0f 85 6d 01 00 00             jnz 0x805c6e0
0f 87 a9 00 00 00             jnbe 0x805c628
e9 50 ff ff ff                jmp 0x805c586
0f 82 72 01 00 00             jb 0x805c700
0f 85 6a 01 00 00             jnz 0x805c700
0f 84 95 00 00 00             jz 0x805c640
0f 82 c9 00 00 00             jb 0x805c680
0f 84 29 ff ff ff             jz 0x805c5b7
0f 85 53 01 00 00             jnz 0x805c718
8d 83 20 05 00 00             leal  0x520(%ebx), %eax
e8 5e e2 ff ff                calll  0x805a830
53                            pushl  %ebx
int
8b 44 24 20                   movl  0x20(%esp), %eax
c1 e0 02                      shl $0x2, %eax
89 04 24                      movl  %eax, (%esp)
8b 74 24 20                   movl  0x20(%esp), %esi
8d 46 13                      leal  0x13(%esi), %eax
83 f8 0f                      cmp $0xf, %eax
0f 87 a9 00 00 00             jnbe 0x805c628
83 e0 f0                      and $0xfffffff0, %eax
83 f8 df                      cmp $0xffffffdf, %eax
0f 97 c2                      setnbe %dl
e9 50 ff ff ff                jmp 0x805c586
39 f0                         cmp %esi, %eax
0f 82 72 01 00 00             jb 0x805c700
84 d2                         test %dl, %dl
0f 85 6a 01 00 00             jnz 0x805c700
83 e8 01                      sub $0x1, %eax
c1 e8 04                      shr $0x4, %eax
0f 84 95 00 00 00             jz 0x805c640
0f 82 c9 00 00 00             jb 0x805c680
0f 84 29 ff ff ff             jz 0x805c5b7
int
83 44 24 2c 01                addl  $0x1, 0x2c(%esp)
8b 44 24 2c                   movl  0x2c(%esp), %eax
8b 44 24 2c                   movl  0x2c(%esp), %eax
83 44 24 2c 01                addl  $0x1, 0x2c(%esp)
8b 44 24 2c                   movl  0x2c(%esp), %eax
int
3b 44 24 24                   cmpl  0x24(%esp), %eax
7c ce                         jl 0x8048a7e
e8 b1 3a 01 00                calll  0x805c550
e8 28 c2 fe ff                calll  0x8048780
8b 1c 24                      movl  (%esp), %ebx
c3                            retl  
81 c3 a8 ca 07 00             add $0x7caa8, %ebx
83 ec 10                      sub $0x10, %esp
0f 85 6d 01 00 00             jnz 0x805c6e0
0f 87 a9 00 00 00             jnbe 0x805c628
e9 50 ff ff ff                jmp 0x805c586
0f 82 72 01 00 00             jb 0x805c700
0f 85 6a 01 00 00             jnz 0x805c700
0f 84 95 00 00 00             jz 0x805c640
0f 82 c9 00 00 00             jb 0x805c680
0f 84 29 ff ff ff             jz 0x805c5b7
0f 85 53 01 00 00             jnz 0x805c718
8d 83 20 05 00 00             leal  0x520(%ebx), %eax
e8 5e e2 ff ff                calll  0x805a830
53                            pushl  %ebx
int
8b 44 24 20                   movl  0x20(%esp), %eax
c1 e0 02                      shl $0x2, %eax
89 04 24                      movl  %eax, (%esp)
8b 74 24 20                   movl  0x20(%esp), %esi
8d 46 13                      leal  0x13(%esi), %eax
83 f8 0f                      cmp $0xf, %eax
0f 87 a9 00 00 00             jnbe 0x805c628
83 e0 f0                      and $0xfffffff0, %eax
83 f8 df                      cmp $0xffffffdf, %eax
0f 97 c2                      setnbe %dl
e9 50 ff ff ff                jmp 0x805c586
39 f0                         cmp %esi, %eax
0f 82 72 01 00 00             jb 0x805c700
84 d2                         test %dl, %dl
0f 85 6a 01 00 00             jnz 0x805c700
83 e8 01                      sub $0x1, %eax
c1 e8 04                      shr $0x4, %eax
0f 84 95 00 00 00             jz 0x805c640
0f 82 c9 00 00 00             jb 0x805c680
0f 84 29 ff ff ff             jz 0x805c5b7
int
3b 44 24 24                   cmpl  0x24(%esp), %eax
7c ce                         jl 0x8048a7e
e8 a4 78 00 00                calll  0x80503f0
e8 a8 cc ff ff                calll  0x804d0a3
8b 3c 24                      movl  (%esp), %edi
c3                            retl  
81 c7 05 8c 08 00             add $0x88c05, %edi
83 ec 28                      sub $0x28, %esp
89 fb                         mov %edi, %ebx
e8 32 b2 01 00                calll  0x806b640
74 24                         jz 0x806b671
73 58                         jnb 0x806b6d9
75 4e                         jnz 0x806b6d9
73 3e                         jnb 0x806b6d9
75 34                         jnz 0x806b6d9
73 24                         jnb 0x806b6d9
75 1a                         jnz 0x806b6d9
74 0f                         jz 0x806b6f6
c3                            retl  
83 c4 10                      add $0x10, %esp
int
3b 44 24 24                   cmpl  0x24(%esp), %eax
7c 9e                         jl 0x8048b56
eb 33                         jmp 0x8048b93
7c c3                         jl 0x8048b60
e8 32 70 00 00                calll  0x804fbc0
e8 ba 8b ff ff                calll  0x8048780
8b 1c 24                      movl  (%esp), %ebx
c3                            retl  
81 c3 3a 94 08 00             add $0x8943a, %ebx
83 ec 08                      sub $0x8, %esp
8d 44 24 14                   leal  0x14(%esp), %eax
83 ec 04                      sub $0x4, %esp
50                            pushl  %eax
e8 18 08 03 00                calll  0x8080400
89 e5                         mov %esp, %ebp
53                            pushl  %ebx
e8 75 83 fc ff                calll  0x8048780
8b 1c 24                      movl  (%esp), %ebx
c3                            retl  
81 c3 f5 8b 05 00             add $0x58bf5, %ebx
int
3b 44 24 20                   cmpl  0x20(%esp), %eax
7c c3                         jl 0x8048b60
e8 32 70 00 00                calll  0x804fbc0
e8 ba 8b ff ff                calll  0x8048780
8b 1c 24                      movl  (%esp), %ebx
c3                            retl  
81 c3 3a 94 08 00             add $0x8943a, %ebx
83 ec 08                      sub $0x8, %esp
8d 44 24 14                   leal  0x14(%esp), %eax
83 ec 04                      sub $0x4, %esp
50                            pushl  %eax
e8 18 08 03 00                calll  0x8080400
89 e5                         mov %esp, %ebp
53                            pushl  %ebx
e8 75 83 fc ff                calll  0x8048780
8b 1c 24                      movl  (%esp), %ebx
c3                            retl  
81 c3 f5 8b 05 00             add $0x58bf5, %ebx
81 ec ec 04 00 00             sub $0x4ec, %esp
8b 45 10                      movl  0x10(%ebp), %eax
int
83 44 24 28 01                addl  $0x1, 0x28(%esp)
8b 44 24 28                   movl  0x28(%esp), %eax
8b 54 24 28                   movl  0x28(%esp), %edx
c1 e2 02                      shl $0x2, %edx
01 d0                         add %edx, %eax
83 44 24 28 01                addl  $0x1, 0x28(%esp)
8b 44 24 28                   movl  0x28(%esp), %eax
8b 54 24 28                   movl  0x28(%esp), %edx
c1 e2 02                      shl $0x2, %edx
01 d0                         add %edx, %eax
83 44 24 28 01                addl  $0x1, 0x28(%esp)
8b 44 24 28                   movl  0x28(%esp), %eax
int
3b 44 24 20                   cmpl  0x20(%esp), %eax
7c c3                         jl 0x8048b60
e8 32 70 00 00                calll  0x804fbc0
e8 ba 8b ff ff                calll  0x8048780
8b 1c 24                      movl  (%esp), %ebx
c3                            retl  
81 c3 3a 94 08 00             add $0x8943a, %ebx
83 ec 08                      sub $0x8, %esp
8d 44 24 14                   leal  0x14(%esp), %eax
83 ec 04                      sub $0x4, %esp
50                            pushl  %eax
e8 18 08 03 00                calll  0x8080400
89 e5                         mov %esp, %ebp
53                            pushl  %ebx
e8 75 83 fc ff                calll  0x8048780
8b 1c 24                      movl  (%esp), %ebx
c3                            retl  
81 c3 f5 8b 05 00             add $0x58bf5, %ebx
81 ec ec 04 00 00             sub $0x4ec, %esp
8b 45 10                      movl  0x10(%ebp), %eax
int
83 44 24 28 01                addl  $0x1, 0x28(%esp)
8b 44 24 28                   movl  0x28(%esp), %eax
8b 54 24 28                   movl  0x28(%esp), %edx
c1 e2 02                      shl $0x2, %edx
01 d0                         add %edx, %eax
83 44 24 28 01                addl  $0x1, 0x28(%esp)
8b 44 24 28                   movl  0x28(%esp), %eax
int
3b 44 24 20                   cmpl  0x20(%esp), %eax
7c c3                         jl 0x8048b60
e8 32 70 00 00                calll  0x804fbc0
e8 ba 8b ff ff                calll  0x8048780
8b 1c 24                      movl  (%esp), %ebx
c3                            retl  
81 c3 3a 94 08 00             add $0x8943a, %ebx
83 ec 08                      sub $0x8, %esp
8d 44 24 14                   leal  0x14(%esp), %eax
83 ec 04                      sub $0x4, %esp
50                            pushl  %eax
e8 18 08 03 00                calll  0x8080400
89 e5                         mov %esp, %ebp
53                            pushl  %ebx
e8 75 83 fc ff                calll  0x8048780
8b 1c 24                      movl  (%esp), %ebx
c3                            retl  
81 c3 f5 8b 05 00             add $0x58bf5, %ebx
81 ec ec 04 00 00             sub $0x4ec, %esp
8b 45 10                      movl  0x10(%ebp), %eax
int
3b 44 24 20                   cmpl  0x20(%esp), %eax
7c c3                         jl 0x8048b60
e8 e7 79 00 00                calll  0x8050590
e8 09 cb ff ff                calll  0x804d0a3
8b 3c 24                      movl  (%esp), %edi
c3                            retl  
81 c7 66 8a 08 00             add $0x88a66, %edi
83 ec 1c                      sub $0x1c, %esp
75 3d                         jnz 0x80505f8
74 28                         jz 0x80505f4
74 01                         jz 0x80505dc
74 07                         jz 0x80505e8
73 4c                         jnb 0x8050650
75 27                         jnz 0x805063f
75 1e                         jnz 0x805063f
74 01                         jz 0x8050633
74 07                         jz 0x805063f
c3                            retl  
7c 9e                         jl 0x8048b56
eb 33                         jmp 0x8048b93
int
83 44 24 2c 01                addl  $0x1, 0x2c(%esp)
8b 44 24 2c                   movl  0x2c(%esp), %eax
8b 44 24 2c                   movl  0x2c(%esp), %eax
8b 44 24 2c                   movl  0x2c(%esp), %eax
8b 44 24 2c                   movl  0x2c(%esp), %eax
83 44 24 2c 01                addl  $0x1, 0x2c(%esp)
8b 44 24 2c                   movl  0x2c(%esp), %eax
8b 44 24 2c                   movl  0x2c(%esp), %eax
8b 44 24 2c                   movl  0x2c(%esp), %eax
8b 44 24 2c                   movl  0x2c(%esp), %eax
83 44 24 2c 01                addl  $0x1, 0x2c(%esp)
8b 44 24 2c                   movl  0x2c(%esp), %eax
int
3b 44 24 24                   cmpl  0x24(%esp), %eax
7c 9e                         jl 0x8048b56
eb 33                         jmp 0x8048b93
7c c3                         jl 0x8048b60
e8 32 70 00 00                calll  0x804fbc0
e8 ba 8b ff ff                calll  0x8048780
8b 1c 24                      movl  (%esp), %ebx
c3                            retl  
81 c3 3a 94 08 00             add $0x8943a, %ebx
83 ec 08                      sub $0x8, %esp
8d 44 24 14                   leal  0x14(%esp), %eax
83 ec 04                      sub $0x4, %esp
50                            pushl  %eax
e8 18 08 03 00                calll  0x8080400
89 e5                         mov %esp, %ebp
53                            pushl  %ebx
e8 75 83 fc ff                calll  0x8048780
8b 1c 24                      movl  (%esp), %ebx
c3                            retl  
81 c3 f5 8b 05 00             add $0x58bf5, %ebx
int
3b 44 24 20                   cmpl  0x20(%esp), %eax
7c c3                         jl 0x8048b60
e8 32 70 00 00                calll  0x804fbc0
e8 ba 8b ff ff                calll  0x8048780
8b 1c 24                      movl  (%esp), %ebx
c3                            retl  
81 c3 3a 94 08 00             add $0x8943a, %ebx
83 ec 08                      sub $0x8, %esp
8d 44 24 14                   leal  0x14(%esp), %eax
83 ec 04                      sub $0x4, %esp
50                            pushl  %eax
e8 18 08 03 00                calll  0x8080400
89 e5                         mov %esp, %ebp
53                            pushl  %ebx
e8 75 83 fc ff                calll  0x8048780
8b 1c 24                      movl  (%esp), %ebx
c3                            retl  
81 c3 f5 8b 05 00             add $0x58bf5, %ebx
81 ec ec 04 00 00             sub $0x4ec, %esp
8b 45 10                      movl  0x10(%ebp), %eax
int
83 44 24 28 01                addl  $0x1, 0x28(%esp)
8b 44 24 28                   movl  0x28(%esp), %eax
8b 54 24 28                   movl  0x28(%esp), %edx
c1 e2 02                      shl $0x2, %edx
01 d0                         add %edx, %eax
83 44 24 28 01                addl  $0x1, 0x28(%esp)
8b 44 24 28                   movl  0x28(%esp), %eax
8b 54 24 28                   movl  0x28(%esp), %edx
c1 e2 02                      shl $0x2, %edx
01 d0                         add %edx, %eax
83 44 24 28 01                addl  $0x1, 0x28(%esp)
8b 44 24 28                   movl  0x28(%esp), %eax
int
3b 44 24 20                   cmpl  0x20(%esp), %eax
7c c3                         jl 0x8048b60
e8 32 70 00 00                calll  0x804fbc0
e8 ba 8b ff ff                calll  0x8048780
8b 1c 24                      movl  (%esp), %ebx
c3                            retl  
81 c3 3a 94 08 00             add $0x8943a, %ebx
83 ec 08                      sub $0x8, %esp
8d 44 24 14                   leal  0x14(%esp), %eax
83 ec 04                      sub $0x4, %esp
50                            pushl  %eax
e8 18 08 03 00                calll  0x8080400
89 e5                         mov %esp, %ebp
53                            pushl  %ebx
e8 75 83 fc ff                calll  0x8048780
8b 1c 24                      movl  (%esp), %ebx
c3                            retl  
81 c3 f5 8b 05 00             add $0x58bf5, %ebx
81 ec ec 04 00 00             sub $0x4ec, %esp
8b 45 10                      movl  0x10(%ebp), %eax
int
83 44 24 28 01                addl  $0x1, 0x28(%esp)
8b 44 24 28                   movl  0x28(%esp), %eax
8b 54 24 28                   movl  0x28(%esp), %edx
c1 e2 02                      shl $0x2, %edx
01 d0                         add %edx, %eax
83 44 24 28 01                addl  $0x1, 0x28(%esp)
8b 44 24 28                   movl  0x28(%esp), %eax
int
3b 44 24 20                   cmpl  0x20(%esp), %eax
7c c3                         jl 0x8048b60
e8 32 70 00 00                calll  0x804fbc0
e8 ba 8b ff ff                calll  0x8048780
8b 1c 24                      movl  (%esp), %ebx
c3                            retl  
81 c3 3a 94 08 00             add $0x8943a, %ebx
83 ec 08                      sub $0x8, %esp
8d 44 24 14                   leal  0x14(%esp), %eax
83 ec 04                      sub $0x4, %esp
50                            pushl  %eax
e8 18 08 03 00                calll  0x8080400
89 e5                         mov %esp, %ebp
53                            pushl  %ebx
e8 75 83 fc ff                calll  0x8048780
8b 1c 24                      movl  (%esp), %ebx
c3                            retl  
81 c3 f5 8b 05 00             add $0x58bf5, %ebx
81 ec ec 04 00 00             sub $0x4ec, %esp
8b 45 10                      movl  0x10(%ebp), %eax
int
3b 44 24 20                   cmpl  0x20(%esp), %eax
7c c3                         jl 0x8048b60
e8 e7 79 00 00                calll  0x8050590
e8 09 cb ff ff                calll  0x804d0a3
8b 3c 24                      movl  (%esp), %edi
c3                            retl  
81 c7 66 8a 08 00             add $0x88a66, %edi
83 ec 1c                      sub $0x1c, %esp
75 3d                         jnz 0x80505f8
74 28                         jz 0x80505f4
74 01                         jz 0x80505dc
74 07                         jz 0x80505e8
73 4c                         jnb 0x8050650
75 27                         jnz 0x805063f
75 1e                         jnz 0x805063f
74 01                         jz 0x8050633
74 07                         jz 0x805063f
c3                            retl  
7c 9e                         jl 0x8048b56
eb 33                         jmp 0x8048b93
int
83 44 24 2c 01                addl  $0x1, 0x2c(%esp)
8b 44 24 2c                   movl  0x2c(%esp), %eax
8b 44 24 2c                   movl  0x2c(%esp), %eax
8b 44 24 2c                   movl  0x2c(%esp), %eax
8b 44 24 2c                   movl  0x2c(%esp), %eax
83 44 24 2c 01                addl  $0x1, 0x2c(%esp)
8b 44 24 2c                   movl  0x2c(%esp), %eax
int
3b 44 24 24                   cmpl  0x24(%esp), %eax
7c 9e                         jl 0x8048b56
eb 33                         jmp 0x8048b93
7c c3                         jl 0x8048b60
e8 32 70 00 00                calll  0x804fbc0
e8 ba 8b ff ff                calll  0x8048780
8b 1c 24                      movl  (%esp), %ebx
c3                            retl  
81 c3 3a 94 08 00             add $0x8943a, %ebx
83 ec 08                      sub $0x8, %esp
8d 44 24 14                   leal  0x14(%esp), %eax
83 ec 04                      sub $0x4, %esp
50                            pushl  %eax
e8 18 08 03 00                calll  0x8080400
89 e5                         mov %esp, %ebp
53                            pushl  %ebx
e8 75 83 fc ff                calll  0x8048780
8b 1c 24                      movl  (%esp), %ebx
c3                            retl  
81 c3 f5 8b 05 00             add $0x58bf5, %ebx
int
3b 44 24 20                   cmpl  0x20(%esp), %eax
7c c3                         jl 0x8048b60
e8 32 70 00 00                calll  0x804fbc0
e8 ba 8b ff ff                calll  0x8048780
8b 1c 24                      movl  (%esp), %ebx
c3                            retl  
81 c3 3a 94 08 00             add $0x8943a, %ebx
83 ec 08                      sub $0x8, %esp
8d 44 24 14                   leal  0x14(%esp), %eax
83 ec 04                      sub $0x4, %esp
50                            pushl  %eax
e8 18 08 03 00                calll  0x8080400
89 e5                         mov %esp, %ebp
53                            pushl  %ebx
e8 75 83 fc ff                calll  0x8048780
8b 1c 24                      movl  (%esp), %ebx
c3                            retl  
81 c3 f5 8b 05 00             add $0x58bf5, %ebx
81 ec ec 04 00 00             sub $0x4ec, %esp
8b 45 10                      movl  0x10(%ebp), %eax
int
83 44 24 28 01                addl  $0x1, 0x28(%esp)
8b 44 24 28                   movl  0x28(%esp), %eax
8b 54 24 28                   movl  0x28(%esp), %edx
c1 e2 02                      shl $0x2, %edx
01 d0                         add %edx, %eax
83 44 24 28 01                addl  $0x1, 0x28(%esp)
8b 44 24 28                   movl  0x28(%esp), %eax
8b 54 24 28                   movl  0x28(%esp), %edx
c1 e2 02                      shl $0x2, %edx
01 d0                         add %edx, %eax
83 44 24 28 01                addl  $0x1, 0x28(%esp)
8b 44 24 28                   movl  0x28(%esp), %eax
int
3b 44 24 20                   cmpl  0x20(%esp), %eax
7c c3                         jl 0x8048b60
e8 32 70 00 00                calll  0x804fbc0
e8 ba 8b ff ff                calll  0x8048780
8b 1c 24                      movl  (%esp), %ebx
c3                            retl  
81 c3 3a 94 08 00             add $0x8943a, %ebx
83 ec 08                      sub $0x8, %esp
8d 44 24 14                   leal  0x14(%esp), %eax
83 ec 04                      sub $0x4, %esp
50                            pushl  %eax
e8 18 08 03 00                calll  0x8080400
89 e5                         mov %esp, %ebp
53                            pushl  %ebx
e8 75 83 fc ff                calll  0x8048780
8b 1c 24                      movl  (%esp), %ebx
c3                            retl  
81 c3 f5 8b 05 00             add $0x58bf5, %ebx
81 ec ec 04 00 00             sub $0x4ec, %esp
8b 45 10                      movl  0x10(%ebp), %eax
int
83 44 24 28 01                addl  $0x1, 0x28(%esp)
8b 44 24 28                   movl  0x28(%esp), %eax
8b 54 24 28                   movl  0x28(%esp), %edx
c1 e2 02                      shl $0x2, %edx
01 d0                         add %edx, %eax
83 44 24 28 01                addl  $0x1, 0x28(%esp)
8b 44 24 28                   movl  0x28(%esp), %eax
int
3b 44 24 20                   cmpl  0x20(%esp), %eax
7c c3                         jl 0x8048b60
e8 32 70 00 00                calll  0x804fbc0
e8 ba 8b ff ff                calll  0x8048780
8b 1c 24                      movl  (%esp), %ebx
c3                            retl  
81 c3 3a 94 08 00             add $0x8943a, %ebx
83 ec 08                      sub $0x8, %esp
8d 44 24 14                   leal  0x14(%esp), %eax
83 ec 04                      sub $0x4, %esp
50                            pushl  %eax
e8 18 08 03 00                calll  0x8080400
89 e5                         mov %esp, %ebp
53                            pushl  %ebx
e8 75 83 fc ff                calll  0x8048780
8b 1c 24                      movl  (%esp), %ebx
c3                            retl  
81 c3 f5 8b 05 00             add $0x58bf5, %ebx
81 ec ec 04 00 00             sub $0x4ec, %esp
8b 45 10                      movl  0x10(%ebp), %eax
int
3b 44 24 20                   cmpl  0x20(%esp), %eax
7c c3                         jl 0x8048b60
e8 e7 79 00 00                calll  0x8050590
e8 09 cb ff ff                calll  0x804d0a3
8b 3c 24                      movl  (%esp), %edi
c3                            retl  
81 c7 66 8a 08 00             add $0x88a66, %edi
83 ec 1c                      sub $0x1c, %esp
75 3d                         jnz 0x80505f8
74 28                         jz 0x80505f4
74 01                         jz 0x80505dc
74 07                         jz 0x80505e8
73 4c                         jnb 0x8050650
75 27                         jnz 0x805063f
75 1e                         jnz 0x805063f
74 01                         jz 0x8050633
74 07                         jz 0x805063f
c3                            retl  
7c 9e                         jl 0x8048b56
e8 a0 fc ff ff                calll  0x8048874
int
3b 44 24 24                   cmpl  0x24(%esp), %eax
7c 9e                         jl 0x8048b56
e8 a0 fc ff ff                calll  0x8048874
e8 c7 3c 01 00                calll  0x805c550
e8 28 c2 fe ff                calll  0x8048780
8b 1c 24                      movl  (%esp), %ebx
c3                            retl  
81 c3 a8 ca 07 00             add $0x7caa8, %ebx
83 ec 10                      sub $0x10, %esp
0f 85 6d 01 00 00             jnz 0x805c6e0
0f 87 a9 00 00 00             jnbe 0x805c628
e9 50 ff ff ff                jmp 0x805c586
0f 82 72 01 00 00             jb 0x805c700
0f 85 6a 01 00 00             jnz 0x805c700
0f 84 95 00 00 00             jz 0x805c640
0f 82 c9 00 00 00             jb 0x805c680
0f 84 29 ff ff ff             jz 0x805c5b7
0f 85 53 01 00 00             jnz 0x805c718
8d 83 20 05 00 00             leal  0x520(%ebx), %eax
e8 5e e2 ff ff                calll  0x805a830
int
8b 44 24 20                   movl  0x20(%esp), %eax
89 44 24 08                   movl  %eax, 0x8(%esp)
8b 45 10                      movl  0x10(%ebp), %eax
c1 e0 02                      shl $0x2, %eax
89 04 24                      movl  %eax, (%esp)
8b 74 24 20                   movl  0x20(%esp), %esi
8d 46 13                      leal  0x13(%esi), %eax
83 f8 0f                      cmp $0xf, %eax
0f 87 a9 00 00 00             jnbe 0x805c628
83 e0 f0                      and $0xfffffff0, %eax
83 f8 df                      cmp $0xffffffdf, %eax
0f 97 c2                      setnbe %dl
e9 50 ff ff ff                jmp 0x805c586
39 f0                         cmp %esi, %eax
0f 82 72 01 00 00             jb 0x805c700
84 d2                         test %dl, %dl
0f 85 6a 01 00 00             jnz 0x805c700
83 e8 01                      sub $0x1, %eax
c1 e8 04                      shr $0x4, %eax
0f 84 95 00 00 00             jz 0x805c640
int
8b 44 24 24                   movl  0x24(%esp), %eax
89 44 24 04                   movl  %eax, 0x4(%esp)
8b 45 0c                      movl  0xc(%ebp), %eax
c1 e0 02                      shl $0x2, %eax
89 04 24                      movl  %eax, (%esp)
8b 74 24 20                   movl  0x20(%esp), %esi
8d 46 13                      leal  0x13(%esi), %eax
83 f8 0f                      cmp $0xf, %eax
0f 87 a9 00 00 00             jnbe 0x805c628
83 e0 f0                      and $0xfffffff0, %eax
83 f8 df                      cmp $0xffffffdf, %eax
0f 97 c2                      setnbe %dl
e9 50 ff ff ff                jmp 0x805c586
39 f0                         cmp %esi, %eax
0f 82 72 01 00 00             jb 0x805c700
84 d2                         test %dl, %dl
0f 85 6a 01 00 00             jnz 0x805c700
83 e8 01                      sub $0x1, %eax
c1 e8 04                      shr $0x4, %eax
0f 84 95 00 00 00             jz 0x805c640
upointer
8b 44 24 1c                   movl  0x1c(%esp), %eax
89 04 24                      movl  %eax, (%esp)
8b 45 08                      movl  0x8(%ebp), %eax
01 c8                         add %ecx, %eax
8b 45 08                      movl  0x8(%ebp), %eax
01 c8                         add %ecx, %eax
8b 45 08                      movl  0x8(%ebp), %eax
01 c8                         add %ecx, %eax
8b 45 08                      movl  0x8(%ebp), %eax
01 c8                         add %ecx, %eax
8b 45 08                      movl  0x8(%ebp), %eax
01 c8                         add %ecx, %eax
8b 45 08                      movl  0x8(%ebp), %eax
01 c8                         add %ecx, %eax
8b 45 08                      movl  0x8(%ebp), %eax
01 c8                         add %ecx, %eax
8b 45 08                      movl  0x8(%ebp), %eax
01 c8                         add %ecx, %eax
8b 45 08                      movl  0x8(%ebp), %eax
01 c8                         add %ecx, %eax
int
83 45 f4 01                   addl  $0x1, -0xc(%ebp)
8b 45 f4                      movl  -0xc(%ebp), %eax
8b 45 f4                      movl  -0xc(%ebp), %eax
83 45 f4 01                   addl  $0x1, -0xc(%ebp)
8b 45 f4                      movl  -0xc(%ebp), %eax
8b 45 f4                      movl  -0xc(%ebp), %eax
83 45 f4 01                   addl  $0x1, -0xc(%ebp)
8b 45 f4                      movl  -0xc(%ebp), %eax
int
83 45 f4 01                   addl  $0x1, -0xc(%ebp)
8b 45 f4                      movl  -0xc(%ebp), %eax
8b 45 f4                      movl  -0xc(%ebp), %eax
83 45 f4 01                   addl  $0x1, -0xc(%ebp)
8b 45 f4                      movl  -0xc(%ebp), %eax
int
83 7d f4 00                   cmpl  $0x0, -0xc(%ebp)
0f 89 95 fe ff ff             jns 0x80488cf
e9 45 01 00 00                jmp 0x8048a22
0f 89 b1 fe ff ff             jns 0x80488dd
75 59                         jnz 0x8048941
75 4e                         jnz 0x8048941
e9 dd 00 00 00                jmp 0x8048a1e
0f 89 b1 fe ff ff             jns 0x80488dd
75 59                         jnz 0x8048941
75 4e                         jnz 0x8048941
74 49                         jz 0x8048995
74 49                         jz 0x80489f1
eb 05                         jmp 0x80489f6
0f 89 b1 fe ff ff             jns 0x80488dd
75 59                         jnz 0x8048941
75 4e                         jnz 0x8048941
74 49                         jz 0x8048995
74 49                         jz 0x80489f1
eb 05                         jmp 0x80489f6
0f 89 b1 fe ff ff             jns 0x80488dd
int
83 7d f0 00                   cmpl  $0x0, -0x10(%ebp)
0f 89 b1 fe ff ff             jns 0x80488dd
75 59                         jnz 0x8048941
75 4e                         jnz 0x8048941
e9 dd 00 00 00                jmp 0x8048a1e
0f 89 b1 fe ff ff             jns 0x80488dd
75 59                         jnz 0x8048941
75 4e                         jnz 0x8048941
74 49                         jz 0x8048995
74 49                         jz 0x80489f1
eb 05                         jmp 0x80489f6
0f 89 b1 fe ff ff             jns 0x80488dd
75 59                         jnz 0x8048941
75 4e                         jnz 0x8048941
74 49                         jz 0x8048995
74 49                         jz 0x80489f1
eb 05                         jmp 0x80489f6
0f 89 b1 fe ff ff             jns 0x80488dd
0f 89 95 fe ff ff             jns 0x80488cf
e9 45 01 00 00                jmp 0x8048a22
int
3b 45 f4                      cmpl  -0xc(%ebp), %eax
75 59                         jnz 0x8048941
75 4e                         jnz 0x8048941
e9 dd 00 00 00                jmp 0x8048a1e
0f 89 b1 fe ff ff             jns 0x80488dd
75 59                         jnz 0x8048941
75 4e                         jnz 0x8048941
74 49                         jz 0x8048995
74 49                         jz 0x80489f1
eb 05                         jmp 0x80489f6
0f 89 b1 fe ff ff             jns 0x80488dd
75 59                         jnz 0x8048941
75 4e                         jnz 0x8048941
74 49                         jz 0x8048995
74 49                         jz 0x80489f1
eb 05                         jmp 0x80489f6
0f 89 b1 fe ff ff             jns 0x80488dd
0f 89 95 fe ff ff             jns 0x80488cf
e9 45 01 00 00                jmp 0x8048a22
0f 89 b1 fe ff ff             jns 0x80488dd
int
3b 45 f0                      cmpl  -0x10(%ebp), %eax
75 4e                         jnz 0x8048941
e9 dd 00 00 00                jmp 0x8048a1e
0f 89 b1 fe ff ff             jns 0x80488dd
75 59                         jnz 0x8048941
75 4e                         jnz 0x8048941
74 49                         jz 0x8048995
74 49                         jz 0x80489f1
eb 05                         jmp 0x80489f6
0f 89 b1 fe ff ff             jns 0x80488dd
75 59                         jnz 0x8048941
75 4e                         jnz 0x8048941
74 49                         jz 0x8048995
74 49                         jz 0x80489f1
eb 05                         jmp 0x80489f6
0f 89 b1 fe ff ff             jns 0x80488dd
0f 89 95 fe ff ff             jns 0x80488cf
e9 45 01 00 00                jmp 0x8048a22
0f 89 b1 fe ff ff             jns 0x80488dd
75 59                         jnz 0x8048941
int
8b 55 f0                      movl  -0x10(%ebp), %edx
c1 e2 02                      shl $0x2, %edx
01 c2                         add %eax, %edx
01 d0                         add %edx, %eax
int
8b 4d f0                      movl  -0x10(%ebp), %ecx
c1 e1 02                      shl $0x2, %ecx
01 c8                         add %ecx, %eax
29 c1                         sub %eax, %ecx
89 c8                         mov %ecx, %eax
85 c0                         test %eax, %eax
0f 4e c1                      cmovle %ecx, %eax
89 02                         movl  %eax, (%edx)
8b 10                         movl  (%eax), %edx
01 c8                         add %ecx, %eax
29 c2                         sub %eax, %edx
89 d0                         mov %edx, %eax
85 c0                         test %eax, %eax
0f 4e c2                      cmovle %edx, %eax
89 45 e4                      movl  %eax, -0x1c(%ebp)
01 d0                         add %edx, %eax
39 45 e4                      cmpl  %eax, -0x1c(%ebp)
0f 4e 45 e4                   cmovlel  -0x1c(%ebp), %eax
89 02                         movl  %eax, (%edx)
8b 10                         movl  (%eax), %edx
int
83 6d f0 01                   subl  $0x1, -0x10(%ebp)
83 7d f0 00                   cmpl  $0x0, -0x10(%ebp)
0f 89 b1 fe ff ff             jns 0x80488dd
75 59                         jnz 0x8048941
3b 45 f0                      cmpl  -0x10(%ebp), %eax
75 4e                         jnz 0x8048941
74 49                         jz 0x8048995
3b 45 f0                      cmpl  -0x10(%ebp), %eax
74 49                         jz 0x80489f1
8b 55 f0                      movl  -0x10(%ebp), %edx
83 c2 01                      add $0x1, %edx
c1 e2 02                      shl $0x2, %edx
01 d0                         add %edx, %eax
8b 4d f0                      movl  -0x10(%ebp), %ecx
c1 e1 02                      shl $0x2, %ecx
01 c8                         add %ecx, %eax
eb 05                         jmp 0x80489f6
8b 55 f0                      movl  -0x10(%ebp), %edx
c1 e2 02                      shl $0x2, %edx
01 c2                         add %eax, %edx
int
83 7d f0 00                   cmpl  $0x0, -0x10(%ebp)
0f 89 b1 fe ff ff             jns 0x80488dd
75 59                         jnz 0x8048941
75 4e                         jnz 0x8048941
74 49                         jz 0x8048995
74 49                         jz 0x80489f1
eb 05                         jmp 0x80489f6
0f 89 b1 fe ff ff             jns 0x80488dd
75 59                         jnz 0x8048941
75 4e                         jnz 0x8048941
74 49                         jz 0x8048995
74 49                         jz 0x80489f1
eb 05                         jmp 0x80489f6
0f 89 b1 fe ff ff             jns 0x80488dd
0f 89 95 fe ff ff             jns 0x80488cf
e9 45 01 00 00                jmp 0x8048a22
0f 89 b1 fe ff ff             jns 0x80488dd
75 59                         jnz 0x8048941
74 49                         jz 0x8048995
eb 05                         jmp 0x804899a
int
3b 45 f4                      cmpl  -0xc(%ebp), %eax
75 59                         jnz 0x8048941
75 4e                         jnz 0x8048941
74 49                         jz 0x8048995
74 49                         jz 0x80489f1
eb 05                         jmp 0x80489f6
0f 89 b1 fe ff ff             jns 0x80488dd
75 59                         jnz 0x8048941
75 4e                         jnz 0x8048941
74 49                         jz 0x8048995
74 49                         jz 0x80489f1
eb 05                         jmp 0x80489f6
0f 89 b1 fe ff ff             jns 0x80488dd
0f 89 95 fe ff ff             jns 0x80488cf
e9 45 01 00 00                jmp 0x8048a22
0f 89 b1 fe ff ff             jns 0x80488dd
75 59                         jnz 0x8048941
74 49                         jz 0x8048995
eb 05                         jmp 0x804899a
74 49                         jz 0x80489f1
int
3b 45 f0                      cmpl  -0x10(%ebp), %eax
75 4e                         jnz 0x8048941
74 49                         jz 0x8048995
74 49                         jz 0x80489f1
eb 05                         jmp 0x80489f6
0f 89 b1 fe ff ff             jns 0x80488dd
75 59                         jnz 0x8048941
75 4e                         jnz 0x8048941
74 49                         jz 0x8048995
74 49                         jz 0x80489f1
eb 05                         jmp 0x80489f6
0f 89 b1 fe ff ff             jns 0x80488dd
0f 89 95 fe ff ff             jns 0x80488cf
e9 45 01 00 00                jmp 0x8048a22
0f 89 b1 fe ff ff             jns 0x80488dd
75 59                         jnz 0x8048941
74 49                         jz 0x8048995
eb 05                         jmp 0x804899a
74 49                         jz 0x80489f1
0f 89 b1 fe ff ff             jns 0x80488dd
int
3b 45 f4                      cmpl  -0xc(%ebp), %eax
74 49                         jz 0x8048995
74 49                         jz 0x80489f1
eb 05                         jmp 0x80489f6
0f 89 b1 fe ff ff             jns 0x80488dd
75 59                         jnz 0x8048941
75 4e                         jnz 0x8048941
74 49                         jz 0x8048995
74 49                         jz 0x80489f1
eb 05                         jmp 0x80489f6
0f 89 b1 fe ff ff             jns 0x80488dd
0f 89 95 fe ff ff             jns 0x80488cf
e9 45 01 00 00                jmp 0x8048a22
0f 89 b1 fe ff ff             jns 0x80488dd
75 59                         jnz 0x8048941
74 49                         jz 0x8048995
eb 05                         jmp 0x804899a
74 49                         jz 0x80489f1
0f 89 b1 fe ff ff             jns 0x80488dd
75 59                         jnz 0x8048941
int
3b 45 f0                      cmpl  -0x10(%ebp), %eax
74 49                         jz 0x80489f1
eb 05                         jmp 0x80489f6
0f 89 b1 fe ff ff             jns 0x80488dd
75 59                         jnz 0x8048941
75 4e                         jnz 0x8048941
74 49                         jz 0x8048995
74 49                         jz 0x80489f1
eb 05                         jmp 0x80489f6
0f 89 b1 fe ff ff             jns 0x80488dd
0f 89 95 fe ff ff             jns 0x80488cf
e9 45 01 00 00                jmp 0x8048a22
0f 89 b1 fe ff ff             jns 0x80488dd
75 59                         jnz 0x8048941
74 49                         jz 0x8048995
eb 05                         jmp 0x804899a
74 49                         jz 0x80489f1
0f 89 b1 fe ff ff             jns 0x80488dd
75 59                         jnz 0x8048941
74 49                         jz 0x8048995
int
8b 55 f0                      movl  -0x10(%ebp), %edx
83 c2 01                      add $0x1, %edx
c1 e2 02                      shl $0x2, %edx
01 d0                         add %edx, %eax
int
8b 4d f0                      movl  -0x10(%ebp), %ecx
c1 e1 02                      shl $0x2, %ecx
01 c8                         add %ecx, %eax
01 c8                         add %ecx, %eax
int
8b 55 f0                      movl  -0x10(%ebp), %edx
c1 e2 02                      shl $0x2, %edx
01 c2                         add %eax, %edx
01 d0                         add %edx, %eax
int
83 6d f0 01                   subl  $0x1, -0x10(%ebp)
83 7d f0 00                   cmpl  $0x0, -0x10(%ebp)
0f 89 b1 fe ff ff             jns 0x80488dd
75 59                         jnz 0x8048941
3b 45 f0                      cmpl  -0x10(%ebp), %eax
75 4e                         jnz 0x8048941
74 49                         jz 0x8048995
3b 45 f0                      cmpl  -0x10(%ebp), %eax
74 49                         jz 0x80489f1
8b 55 f0                      movl  -0x10(%ebp), %edx
83 c2 01                      add $0x1, %edx
c1 e2 02                      shl $0x2, %edx
01 d0                         add %edx, %eax
8b 4d f0                      movl  -0x10(%ebp), %ecx
c1 e1 02                      shl $0x2, %ecx
01 c8                         add %ecx, %eax
eb 05                         jmp 0x80489f6
8b 55 f0                      movl  -0x10(%ebp), %edx
c1 e2 02                      shl $0x2, %edx
01 c2                         add %eax, %edx
int
83 7d f0 00                   cmpl  $0x0, -0x10(%ebp)
0f 89 b1 fe ff ff             jns 0x80488dd
75 59                         jnz 0x8048941
75 4e                         jnz 0x8048941
74 49                         jz 0x8048995
74 49                         jz 0x80489f1
eb 05                         jmp 0x80489f6
0f 89 b1 fe ff ff             jns 0x80488dd
0f 89 95 fe ff ff             jns 0x80488cf
e9 45 01 00 00                jmp 0x8048a22
0f 89 b1 fe ff ff             jns 0x80488dd
75 59                         jnz 0x8048941
74 49                         jz 0x8048995
eb 05                         jmp 0x804899a
74 49                         jz 0x80489f1
0f 89 b1 fe ff ff             jns 0x80488dd
75 59                         jnz 0x8048941
74 49                         jz 0x8048995
eb 05                         jmp 0x804899a
74 49                         jz 0x80489f1
int
3b 45 f4                      cmpl  -0xc(%ebp), %eax
75 59                         jnz 0x8048941
75 4e                         jnz 0x8048941
74 49                         jz 0x8048995
74 49                         jz 0x80489f1
eb 05                         jmp 0x80489f6
0f 89 b1 fe ff ff             jns 0x80488dd
0f 89 95 fe ff ff             jns 0x80488cf
e9 45 01 00 00                jmp 0x8048a22
0f 89 b1 fe ff ff             jns 0x80488dd
75 59                         jnz 0x8048941
74 49                         jz 0x8048995
eb 05                         jmp 0x804899a
74 49                         jz 0x80489f1
0f 89 b1 fe ff ff             jns 0x80488dd
75 59                         jnz 0x8048941
74 49                         jz 0x8048995
eb 05                         jmp 0x804899a
74 49                         jz 0x80489f1
eb 05                         jmp 0x80489f6
int
3b 45 f0                      cmpl  -0x10(%ebp), %eax
75 4e                         jnz 0x8048941
74 49                         jz 0x8048995
74 49                         jz 0x80489f1
eb 05                         jmp 0x80489f6
0f 89 b1 fe ff ff             jns 0x80488dd
0f 89 95 fe ff ff             jns 0x80488cf
e9 45 01 00 00                jmp 0x8048a22
0f 89 b1 fe ff ff             jns 0x80488dd
75 59                         jnz 0x8048941
74 49                         jz 0x8048995
eb 05                         jmp 0x804899a
74 49                         jz 0x80489f1
0f 89 b1 fe ff ff             jns 0x80488dd
75 59                         jnz 0x8048941
74 49                         jz 0x8048995
eb 05                         jmp 0x804899a
74 49                         jz 0x80489f1
eb 05                         jmp 0x80489f6
0f 89 b1 fe ff ff             jns 0x80488dd
int
3b 45 f4                      cmpl  -0xc(%ebp), %eax
74 49                         jz 0x8048995
74 49                         jz 0x80489f1
eb 05                         jmp 0x80489f6
0f 89 b1 fe ff ff             jns 0x80488dd
0f 89 95 fe ff ff             jns 0x80488cf
e9 45 01 00 00                jmp 0x8048a22
0f 89 b1 fe ff ff             jns 0x80488dd
75 59                         jnz 0x8048941
74 49                         jz 0x8048995
eb 05                         jmp 0x804899a
74 49                         jz 0x80489f1
0f 89 b1 fe ff ff             jns 0x80488dd
75 59                         jnz 0x8048941
74 49                         jz 0x8048995
eb 05                         jmp 0x804899a
74 49                         jz 0x80489f1
eb 05                         jmp 0x80489f6
0f 89 b1 fe ff ff             jns 0x80488dd
75 59                         jnz 0x8048941
int
3b 45 f0                      cmpl  -0x10(%ebp), %eax
74 49                         jz 0x80489f1
eb 05                         jmp 0x80489f6
0f 89 b1 fe ff ff             jns 0x80488dd
0f 89 95 fe ff ff             jns 0x80488cf
e9 45 01 00 00                jmp 0x8048a22
0f 89 b1 fe ff ff             jns 0x80488dd
75 59                         jnz 0x8048941
74 49                         jz 0x8048995
eb 05                         jmp 0x804899a
74 49                         jz 0x80489f1
0f 89 b1 fe ff ff             jns 0x80488dd
75 59                         jnz 0x8048941
74 49                         jz 0x8048995
eb 05                         jmp 0x804899a
74 49                         jz 0x80489f1
eb 05                         jmp 0x80489f6
0f 89 b1 fe ff ff             jns 0x80488dd
75 59                         jnz 0x8048941
74 49                         jz 0x8048995
int
8b 55 f0                      movl  -0x10(%ebp), %edx
83 c2 01                      add $0x1, %edx
c1 e2 02                      shl $0x2, %edx
01 d0                         add %edx, %eax
int
8b 4d f0                      movl  -0x10(%ebp), %ecx
c1 e1 02                      shl $0x2, %ecx
01 c8                         add %ecx, %eax
01 c8                         add %ecx, %eax
int
8b 55 f0                      movl  -0x10(%ebp), %edx
c1 e2 02                      shl $0x2, %edx
01 c2                         add %eax, %edx
01 d0                         add %edx, %eax
int
83 6d f0 01                   subl  $0x1, -0x10(%ebp)
83 7d f0 00                   cmpl  $0x0, -0x10(%ebp)
0f 89 b1 fe ff ff             jns 0x80488dd
0f 89 95 fe ff ff             jns 0x80488cf
e9 45 01 00 00                jmp 0x8048a22
0f 89 b1 fe ff ff             jns 0x80488dd
75 59                         jnz 0x8048941
74 49                         jz 0x8048995
eb 05                         jmp 0x804899a
74 49                         jz 0x80489f1
0f 89 b1 fe ff ff             jns 0x80488dd
75 59                         jnz 0x8048941
74 49                         jz 0x8048995
eb 05                         jmp 0x804899a
74 49                         jz 0x80489f1
eb 05                         jmp 0x80489f6
0f 89 b1 fe ff ff             jns 0x80488dd
75 59                         jnz 0x8048941
74 49                         jz 0x8048995
eb 05                         jmp 0x804899a
int
83 7d f0 00                   cmpl  $0x0, -0x10(%ebp)
0f 89 b1 fe ff ff             jns 0x80488dd
0f 89 95 fe ff ff             jns 0x80488cf
e9 45 01 00 00                jmp 0x8048a22
0f 89 b1 fe ff ff             jns 0x80488dd
75 59                         jnz 0x8048941
74 49                         jz 0x8048995
eb 05                         jmp 0x804899a
74 49                         jz 0x80489f1
0f 89 b1 fe ff ff             jns 0x80488dd
75 59                         jnz 0x8048941
74 49                         jz 0x8048995
eb 05                         jmp 0x804899a
74 49                         jz 0x80489f1
eb 05                         jmp 0x80489f6
0f 89 b1 fe ff ff             jns 0x80488dd
75 59                         jnz 0x8048941
74 49                         jz 0x8048995
eb 05                         jmp 0x804899a
74 49                         jz 0x80489f1
int
83 6d f4 01                   subl  $0x1, -0xc(%ebp)
83 7d f4 00                   cmpl  $0x0, -0xc(%ebp)
0f 89 95 fe ff ff             jns 0x80488cf
e9 45 01 00 00                jmp 0x8048a22
0f 89 b1 fe ff ff             jns 0x80488dd
3b 45 f4                      cmpl  -0xc(%ebp), %eax
75 59                         jnz 0x8048941
3b 45 f4                      cmpl  -0xc(%ebp), %eax
74 49                         jz 0x8048995
8b 45 f4                      movl  -0xc(%ebp), %eax
83 c0 01                      add $0x1, %eax
8b 45 f4                      movl  -0xc(%ebp), %eax
eb 05                         jmp 0x804899a
74 49                         jz 0x80489f1
8b 45 f4                      movl  -0xc(%ebp), %eax
0f 89 b1 fe ff ff             jns 0x80488dd
3b 45 f4                      cmpl  -0xc(%ebp), %eax
75 59                         jnz 0x8048941
3b 45 f4                      cmpl  -0xc(%ebp), %eax
74 49                         jz 0x8048995
int
83 7d f4 00                   cmpl  $0x0, -0xc(%ebp)
0f 89 95 fe ff ff             jns 0x80488cf
e9 45 01 00 00                jmp 0x8048a22
0f 89 b1 fe ff ff             jns 0x80488dd
75 59                         jnz 0x8048941
74 49                         jz 0x8048995
eb 05                         jmp 0x804899a
74 49                         jz 0x80489f1
0f 89 b1 fe ff ff             jns 0x80488dd
75 59                         jnz 0x8048941
74 49                         jz 0x8048995
eb 05                         jmp 0x804899a
74 49                         jz 0x80489f1
eb 05                         jmp 0x80489f6
0f 89 b1 fe ff ff             jns 0x80488dd
75 59                         jnz 0x8048941
74 49                         jz 0x8048995
eb 05                         jmp 0x804899a
74 49                         jz 0x80489f1
eb 05                         jmp 0x80489f6
int
83 7d f0 00                   cmpl  $0x0, -0x10(%ebp)
0f 89 b1 fe ff ff             jns 0x80488dd
75 59                         jnz 0x8048941
74 49                         jz 0x8048995
eb 05                         jmp 0x804899a
74 49                         jz 0x80489f1
0f 89 b1 fe ff ff             jns 0x80488dd
75 59                         jnz 0x8048941
74 49                         jz 0x8048995
eb 05                         jmp 0x804899a
74 49                         jz 0x80489f1
eb 05                         jmp 0x80489f6
0f 89 b1 fe ff ff             jns 0x80488dd
75 59                         jnz 0x8048941
74 49                         jz 0x8048995
eb 05                         jmp 0x804899a
74 49                         jz 0x80489f1
eb 05                         jmp 0x80489f6
0f 89 b1 fe ff ff             jns 0x80488dd
0f 89 95 fe ff ff             jns 0x80488cf
int
3b 45 f4                      cmpl  -0xc(%ebp), %eax
75 59                         jnz 0x8048941
74 49                         jz 0x8048995
eb 05                         jmp 0x804899a
74 49                         jz 0x80489f1
0f 89 b1 fe ff ff             jns 0x80488dd
75 59                         jnz 0x8048941
74 49                         jz 0x8048995
eb 05                         jmp 0x804899a
74 49                         jz 0x80489f1
eb 05                         jmp 0x80489f6
0f 89 b1 fe ff ff             jns 0x80488dd
75 59                         jnz 0x8048941
74 49                         jz 0x8048995
eb 05                         jmp 0x804899a
74 49                         jz 0x80489f1
eb 05                         jmp 0x80489f6
0f 89 b1 fe ff ff             jns 0x80488dd
0f 89 95 fe ff ff             jns 0x80488cf
e9 45 01 00 00                jmp 0x8048a22
int
3b 45 f4                      cmpl  -0xc(%ebp), %eax
74 49                         jz 0x8048995
eb 05                         jmp 0x804899a
74 49                         jz 0x80489f1
0f 89 b1 fe ff ff             jns 0x80488dd
75 59                         jnz 0x8048941
74 49                         jz 0x8048995
eb 05                         jmp 0x804899a
74 49                         jz 0x80489f1
eb 05                         jmp 0x80489f6
0f 89 b1 fe ff ff             jns 0x80488dd
75 59                         jnz 0x8048941
74 49                         jz 0x8048995
eb 05                         jmp 0x804899a
74 49                         jz 0x80489f1
eb 05                         jmp 0x80489f6
0f 89 b1 fe ff ff             jns 0x80488dd
0f 89 95 fe ff ff             jns 0x80488cf
e9 45 01 00 00                jmp 0x8048a22
0f 89 b1 fe ff ff             jns 0x80488dd
int
8b 4d f0                      movl  -0x10(%ebp), %ecx
c1 e1 02                      shl $0x2, %ecx
01 c8                         add %ecx, %eax
01 c8                         add %ecx, %eax
int
3b 45 f0                      cmpl  -0x10(%ebp), %eax
74 49                         jz 0x80489f1
0f 89 b1 fe ff ff             jns 0x80488dd
75 59                         jnz 0x8048941
74 49                         jz 0x8048995
eb 05                         jmp 0x804899a
74 49                         jz 0x80489f1
eb 05                         jmp 0x80489f6
0f 89 b1 fe ff ff             jns 0x80488dd
75 59                         jnz 0x8048941
74 49                         jz 0x8048995
eb 05                         jmp 0x804899a
74 49                         jz 0x80489f1
eb 05                         jmp 0x80489f6
0f 89 b1 fe ff ff             jns 0x80488dd
0f 89 95 fe ff ff             jns 0x80488cf
e9 45 01 00 00                jmp 0x8048a22
0f 89 b1 fe ff ff             jns 0x80488dd
75 59                         jnz 0x8048941
74 49                         jz 0x8048995
int
8b 55 f0                      movl  -0x10(%ebp), %edx
c1 e2 02                      shl $0x2, %edx
01 c2                         add %eax, %edx
01 d0                         add %edx, %eax
int
83 6d f0 01                   subl  $0x1, -0x10(%ebp)
83 7d f0 00                   cmpl  $0x0, -0x10(%ebp)
0f 89 b1 fe ff ff             jns 0x80488dd
75 59                         jnz 0x8048941
74 49                         jz 0x8048995
8b 55 f0                      movl  -0x10(%ebp), %edx
c1 e2 02                      shl $0x2, %edx
01 d0                         add %edx, %eax
8b 4d f0                      movl  -0x10(%ebp), %ecx
c1 e1 02                      shl $0x2, %ecx
01 c8                         add %ecx, %eax
eb 05                         jmp 0x804899a
3b 45 f0                      cmpl  -0x10(%ebp), %eax
74 49                         jz 0x80489f1
8b 55 f0                      movl  -0x10(%ebp), %edx
83 c2 01                      add $0x1, %edx
c1 e2 02                      shl $0x2, %edx
01 d0                         add %edx, %eax
01 c8                         add %ecx, %eax
8b 4d f0                      movl  -0x10(%ebp), %ecx
int
83 7d f0 00                   cmpl  $0x0, -0x10(%ebp)
0f 89 b1 fe ff ff             jns 0x80488dd
75 59                         jnz 0x8048941
74 49                         jz 0x8048995
eb 05                         jmp 0x804899a
74 49                         jz 0x80489f1
eb 05                         jmp 0x80489f6
0f 89 b1 fe ff ff             jns 0x80488dd
75 59                         jnz 0x8048941
74 49                         jz 0x8048995
eb 05                         jmp 0x804899a
74 49                         jz 0x80489f1
eb 05                         jmp 0x80489f6
0f 89 b1 fe ff ff             jns 0x80488dd
0f 89 95 fe ff ff             jns 0x80488cf
e9 45 01 00 00                jmp 0x8048a22
0f 89 b1 fe ff ff             jns 0x80488dd
75 59                         jnz 0x8048941
74 49                         jz 0x8048995
eb 05                         jmp 0x804899a
int
3b 45 f4                      cmpl  -0xc(%ebp), %eax
75 59                         jnz 0x8048941
74 49                         jz 0x8048995
eb 05                         jmp 0x804899a
74 49                         jz 0x80489f1
eb 05                         jmp 0x80489f6
0f 89 b1 fe ff ff             jns 0x80488dd
75 59                         jnz 0x8048941
74 49                         jz 0x8048995
eb 05                         jmp 0x804899a
74 49                         jz 0x80489f1
eb 05                         jmp 0x80489f6
0f 89 b1 fe ff ff             jns 0x80488dd
0f 89 95 fe ff ff             jns 0x80488cf
e9 45 01 00 00                jmp 0x8048a22
0f 89 b1 fe ff ff             jns 0x80488dd
75 59                         jnz 0x8048941
74 49                         jz 0x8048995
eb 05                         jmp 0x804899a
74 49                         jz 0x80489f1
int
3b 45 f4                      cmpl  -0xc(%ebp), %eax
74 49                         jz 0x8048995
eb 05                         jmp 0x804899a
74 49                         jz 0x80489f1
eb 05                         jmp 0x80489f6
0f 89 b1 fe ff ff             jns 0x80488dd
75 59                         jnz 0x8048941
74 49                         jz 0x8048995
eb 05                         jmp 0x804899a
74 49                         jz 0x80489f1
eb 05                         jmp 0x80489f6
0f 89 b1 fe ff ff             jns 0x80488dd
0f 89 95 fe ff ff             jns 0x80488cf
e9 45 01 00 00                jmp 0x8048a22
0f 89 b1 fe ff ff             jns 0x80488dd
75 59                         jnz 0x8048941
74 49                         jz 0x8048995
eb 05                         jmp 0x804899a
74 49                         jz 0x80489f1
0f 89 b1 fe ff ff             jns 0x80488dd
int
8b 4d f0                      movl  -0x10(%ebp), %ecx
c1 e1 02                      shl $0x2, %ecx
01 c8                         add %ecx, %eax
01 c8                         add %ecx, %eax
int
3b 45 f0                      cmpl  -0x10(%ebp), %eax
74 49                         jz 0x80489f1
eb 05                         jmp 0x80489f6
0f 89 b1 fe ff ff             jns 0x80488dd
75 59                         jnz 0x8048941
74 49                         jz 0x8048995
eb 05                         jmp 0x804899a
74 49                         jz 0x80489f1
eb 05                         jmp 0x80489f6
0f 89 b1 fe ff ff             jns 0x80488dd
0f 89 95 fe ff ff             jns 0x80488cf
e9 45 01 00 00                jmp 0x8048a22
0f 89 b1 fe ff ff             jns 0x80488dd
75 59                         jnz 0x8048941
74 49                         jz 0x8048995
eb 05                         jmp 0x804899a
74 49                         jz 0x80489f1
0f 89 b1 fe ff ff             jns 0x80488dd
75 59                         jnz 0x8048941
74 49                         jz 0x8048995
int
8b 55 f0                      movl  -0x10(%ebp), %edx
83 c2 01                      add $0x1, %edx
c1 e2 02                      shl $0x2, %edx
01 d0                         add %edx, %eax
int
8b 4d f0                      movl  -0x10(%ebp), %ecx
c1 e1 02                      shl $0x2, %ecx
01 c8                         add %ecx, %eax
01 c8                         add %ecx, %eax
int
8b 55 f0                      movl  -0x10(%ebp), %edx
c1 e2 02                      shl $0x2, %edx
01 c2                         add %eax, %edx
01 d0                         add %edx, %eax
int
83 6d f0 01                   subl  $0x1, -0x10(%ebp)
83 7d f0 00                   cmpl  $0x0, -0x10(%ebp)
0f 89 b1 fe ff ff             jns 0x80488dd
75 59                         jnz 0x8048941
74 49                         jz 0x8048995
8b 55 f0                      movl  -0x10(%ebp), %edx
c1 e2 02                      shl $0x2, %edx
01 d0                         add %edx, %eax
8b 4d f0                      movl  -0x10(%ebp), %ecx
c1 e1 02                      shl $0x2, %ecx
01 c8                         add %ecx, %eax
eb 05                         jmp 0x804899a
3b 45 f0                      cmpl  -0x10(%ebp), %eax
74 49                         jz 0x80489f1
8b 55 f0                      movl  -0x10(%ebp), %edx
83 c2 01                      add $0x1, %edx
c1 e2 02                      shl $0x2, %edx
01 d0                         add %edx, %eax
01 c8                         add %ecx, %eax
8b 4d f0                      movl  -0x10(%ebp), %ecx
int
83 7d f0 00                   cmpl  $0x0, -0x10(%ebp)
0f 89 b1 fe ff ff             jns 0x80488dd
75 59                         jnz 0x8048941
74 49                         jz 0x8048995
eb 05                         jmp 0x804899a
74 49                         jz 0x80489f1
eb 05                         jmp 0x80489f6
0f 89 b1 fe ff ff             jns 0x80488dd
0f 89 95 fe ff ff             jns 0x80488cf
e9 45 01 00 00                jmp 0x8048a22
0f 89 b1 fe ff ff             jns 0x80488dd
75 59                         jnz 0x8048941
74 49                         jz 0x8048995
eb 05                         jmp 0x804899a
74 49                         jz 0x80489f1
0f 89 b1 fe ff ff             jns 0x80488dd
75 59                         jnz 0x8048941
74 49                         jz 0x8048995
eb 05                         jmp 0x804899a
74 49                         jz 0x80489f1
int
3b 45 f4                      cmpl  -0xc(%ebp), %eax
75 59                         jnz 0x8048941
74 49                         jz 0x8048995
eb 05                         jmp 0x804899a
74 49                         jz 0x80489f1
eb 05                         jmp 0x80489f6
0f 89 b1 fe ff ff             jns 0x80488dd
0f 89 95 fe ff ff             jns 0x80488cf
e9 45 01 00 00                jmp 0x8048a22
0f 89 b1 fe ff ff             jns 0x80488dd
75 59                         jnz 0x8048941
74 49                         jz 0x8048995
eb 05                         jmp 0x804899a
74 49                         jz 0x80489f1
0f 89 b1 fe ff ff             jns 0x80488dd
75 59                         jnz 0x8048941
74 49                         jz 0x8048995
eb 05                         jmp 0x804899a
74 49                         jz 0x80489f1
eb 05                         jmp 0x80489f6
int
3b 45 f4                      cmpl  -0xc(%ebp), %eax
74 49                         jz 0x8048995
eb 05                         jmp 0x804899a
74 49                         jz 0x80489f1
eb 05                         jmp 0x80489f6
0f 89 b1 fe ff ff             jns 0x80488dd
0f 89 95 fe ff ff             jns 0x80488cf
e9 45 01 00 00                jmp 0x8048a22
0f 89 b1 fe ff ff             jns 0x80488dd
75 59                         jnz 0x8048941
74 49                         jz 0x8048995
eb 05                         jmp 0x804899a
74 49                         jz 0x80489f1
0f 89 b1 fe ff ff             jns 0x80488dd
75 59                         jnz 0x8048941
74 49                         jz 0x8048995
eb 05                         jmp 0x804899a
74 49                         jz 0x80489f1
eb 05                         jmp 0x80489f6
0f 89 b1 fe ff ff             jns 0x80488dd
int
8b 4d f0                      movl  -0x10(%ebp), %ecx
c1 e1 02                      shl $0x2, %ecx
01 c8                         add %ecx, %eax
01 c8                         add %ecx, %eax
int
3b 45 f0                      cmpl  -0x10(%ebp), %eax
74 49                         jz 0x80489f1
eb 05                         jmp 0x80489f6
0f 89 b1 fe ff ff             jns 0x80488dd
0f 89 95 fe ff ff             jns 0x80488cf
e9 45 01 00 00                jmp 0x8048a22
0f 89 b1 fe ff ff             jns 0x80488dd
75 59                         jnz 0x8048941
74 49                         jz 0x8048995
eb 05                         jmp 0x804899a
74 49                         jz 0x80489f1
0f 89 b1 fe ff ff             jns 0x80488dd
75 59                         jnz 0x8048941
74 49                         jz 0x8048995
eb 05                         jmp 0x804899a
74 49                         jz 0x80489f1
eb 05                         jmp 0x80489f6
0f 89 b1 fe ff ff             jns 0x80488dd
75 59                         jnz 0x8048941
74 49                         jz 0x8048995
int
8b 55 f0                      movl  -0x10(%ebp), %edx
83 c2 01                      add $0x1, %edx
c1 e2 02                      shl $0x2, %edx
01 d0                         add %edx, %eax
int
8b 4d f0                      movl  -0x10(%ebp), %ecx
c1 e1 02                      shl $0x2, %ecx
01 c8                         add %ecx, %eax
01 c8                         add %ecx, %eax
int
8b 55 f0                      movl  -0x10(%ebp), %edx
c1 e2 02                      shl $0x2, %edx
01 c2                         add %eax, %edx
01 d0                         add %edx, %eax
int
83 6d f0 01                   subl  $0x1, -0x10(%ebp)
83 7d f0 00                   cmpl  $0x0, -0x10(%ebp)
0f 89 b1 fe ff ff             jns 0x80488dd
0f 89 95 fe ff ff             jns 0x80488cf
e9 45 01 00 00                jmp 0x8048a22
0f 89 b1 fe ff ff             jns 0x80488dd
75 59                         jnz 0x8048941
74 49                         jz 0x8048995
eb 05                         jmp 0x804899a
74 49                         jz 0x80489f1
0f 89 b1 fe ff ff             jns 0x80488dd
75 59                         jnz 0x8048941
74 49                         jz 0x8048995
eb 05                         jmp 0x804899a
74 49                         jz 0x80489f1
eb 05                         jmp 0x80489f6
0f 89 b1 fe ff ff             jns 0x80488dd
75 59                         jnz 0x8048941
74 49                         jz 0x8048995
eb 05                         jmp 0x804899a
int
83 7d f0 00                   cmpl  $0x0, -0x10(%ebp)
0f 89 b1 fe ff ff             jns 0x80488dd
0f 89 95 fe ff ff             jns 0x80488cf
e9 45 01 00 00                jmp 0x8048a22
0f 89 b1 fe ff ff             jns 0x80488dd
75 59                         jnz 0x8048941
74 49                         jz 0x8048995
eb 05                         jmp 0x804899a
74 49                         jz 0x80489f1
0f 89 b1 fe ff ff             jns 0x80488dd
75 59                         jnz 0x8048941
74 49                         jz 0x8048995
eb 05                         jmp 0x804899a
74 49                         jz 0x80489f1
eb 05                         jmp 0x80489f6
0f 89 b1 fe ff ff             jns 0x80488dd
75 59                         jnz 0x8048941
74 49                         jz 0x8048995
eb 05                         jmp 0x804899a
74 49                         jz 0x80489f1
int
83 6d f4 01                   subl  $0x1, -0xc(%ebp)
83 7d f4 00                   cmpl  $0x0, -0xc(%ebp)
0f 89 95 fe ff ff             jns 0x80488cf
e9 45 01 00 00                jmp 0x8048a22
0f 89 b1 fe ff ff             jns 0x80488dd
3b 45 f4                      cmpl  -0xc(%ebp), %eax
75 59                         jnz 0x8048941
3b 45 f4                      cmpl  -0xc(%ebp), %eax
74 49                         jz 0x8048995
8b 45 f4                      movl  -0xc(%ebp), %eax
83 c0 01                      add $0x1, %eax
8b 45 f4                      movl  -0xc(%ebp), %eax
eb 05                         jmp 0x804899a
74 49                         jz 0x80489f1
8b 45 f4                      movl  -0xc(%ebp), %eax
0f 89 b1 fe ff ff             jns 0x80488dd
3b 45 f4                      cmpl  -0xc(%ebp), %eax
75 59                         jnz 0x8048941
3b 45 f4                      cmpl  -0xc(%ebp), %eax
74 49                         jz 0x8048995
int
83 7d f4 00                   cmpl  $0x0, -0xc(%ebp)
0f 89 95 fe ff ff             jns 0x80488cf
e9 45 01 00 00                jmp 0x8048a22
0f 89 b1 fe ff ff             jns 0x80488dd
75 59                         jnz 0x8048941
74 49                         jz 0x8048995
eb 05                         jmp 0x804899a
74 49                         jz 0x80489f1
0f 89 b1 fe ff ff             jns 0x80488dd
75 59                         jnz 0x8048941
74 49                         jz 0x8048995
eb 05                         jmp 0x804899a
74 49                         jz 0x80489f1
eb 05                         jmp 0x80489f6
0f 89 b1 fe ff ff             jns 0x80488dd
75 59                         jnz 0x8048941
74 49                         jz 0x8048995
eb 05                         jmp 0x804899a
74 49                         jz 0x80489f1
eb 05                         jmp 0x80489f6
int
83 7d f0 00                   cmpl  $0x0, -0x10(%ebp)
0f 89 b1 fe ff ff             jns 0x80488dd
75 59                         jnz 0x8048941
74 49                         jz 0x8048995
eb 05                         jmp 0x804899a
74 49                         jz 0x80489f1
0f 89 b1 fe ff ff             jns 0x80488dd
75 59                         jnz 0x8048941
74 49                         jz 0x8048995
eb 05                         jmp 0x804899a
74 49                         jz 0x80489f1
eb 05                         jmp 0x80489f6
0f 89 b1 fe ff ff             jns 0x80488dd
75 59                         jnz 0x8048941
74 49                         jz 0x8048995
eb 05                         jmp 0x804899a
74 49                         jz 0x80489f1
eb 05                         jmp 0x80489f6
0f 89 b1 fe ff ff             jns 0x80488dd
0f 89 95 fe ff ff             jns 0x80488cf
int
3b 45 f4                      cmpl  -0xc(%ebp), %eax
75 59                         jnz 0x8048941
74 49                         jz 0x8048995
eb 05                         jmp 0x804899a
74 49                         jz 0x80489f1
0f 89 b1 fe ff ff             jns 0x80488dd
75 59                         jnz 0x8048941
74 49                         jz 0x8048995
eb 05                         jmp 0x804899a
74 49                         jz 0x80489f1
eb 05                         jmp 0x80489f6
0f 89 b1 fe ff ff             jns 0x80488dd
75 59                         jnz 0x8048941
74 49                         jz 0x8048995
eb 05                         jmp 0x804899a
74 49                         jz 0x80489f1
eb 05                         jmp 0x80489f6
0f 89 b1 fe ff ff             jns 0x80488dd
0f 89 95 fe ff ff             jns 0x80488cf
int
3b 45 f4                      cmpl  -0xc(%ebp), %eax
74 49                         jz 0x8048995
eb 05                         jmp 0x804899a
74 49                         jz 0x80489f1
0f 89 b1 fe ff ff             jns 0x80488dd
75 59                         jnz 0x8048941
74 49                         jz 0x8048995
eb 05                         jmp 0x804899a
74 49                         jz 0x80489f1
eb 05                         jmp 0x80489f6
0f 89 b1 fe ff ff             jns 0x80488dd
75 59                         jnz 0x8048941
74 49                         jz 0x8048995
eb 05                         jmp 0x804899a
74 49                         jz 0x80489f1
eb 05                         jmp 0x80489f6
0f 89 b1 fe ff ff             jns 0x80488dd
0f 89 95 fe ff ff             jns 0x80488cf
int
8b 4d f0                      movl  -0x10(%ebp), %ecx
c1 e1 02                      shl $0x2, %ecx
01 c8                         add %ecx, %eax
01 c8                         add %ecx, %eax
int
3b 45 f0                      cmpl  -0x10(%ebp), %eax
74 49                         jz 0x80489f1
0f 89 b1 fe ff ff             jns 0x80488dd
75 59                         jnz 0x8048941
74 49                         jz 0x8048995
eb 05                         jmp 0x804899a
74 49                         jz 0x80489f1
eb 05                         jmp 0x80489f6
0f 89 b1 fe ff ff             jns 0x80488dd
75 59                         jnz 0x8048941
74 49                         jz 0x8048995
eb 05                         jmp 0x804899a
74 49                         jz 0x80489f1
eb 05                         jmp 0x80489f6
0f 89 b1 fe ff ff             jns 0x80488dd
0f 89 95 fe ff ff             jns 0x80488cf
int
8b 55 f0                      movl  -0x10(%ebp), %edx
c1 e2 02                      shl $0x2, %edx
01 c2                         add %eax, %edx
01 d0                         add %edx, %eax
int
83 6d f0 01                   subl  $0x1, -0x10(%ebp)
83 7d f0 00                   cmpl  $0x0, -0x10(%ebp)
0f 89 b1 fe ff ff             jns 0x80488dd
75 59                         jnz 0x8048941
74 49                         jz 0x8048995
8b 55 f0                      movl  -0x10(%ebp), %edx
c1 e2 02                      shl $0x2, %edx
01 d0                         add %edx, %eax
8b 4d f0                      movl  -0x10(%ebp), %ecx
c1 e1 02                      shl $0x2, %ecx
01 c8                         add %ecx, %eax
eb 05                         jmp 0x804899a
3b 45 f0                      cmpl  -0x10(%ebp), %eax
74 49                         jz 0x80489f1
8b 55 f0                      movl  -0x10(%ebp), %edx
83 c2 01                      add $0x1, %edx
c1 e2 02                      shl $0x2, %edx
01 d0                         add %edx, %eax
01 c8                         add %ecx, %eax
8b 4d f0                      movl  -0x10(%ebp), %ecx
int
83 7d f0 00                   cmpl  $0x0, -0x10(%ebp)
0f 89 b1 fe ff ff             jns 0x80488dd
75 59                         jnz 0x8048941
74 49                         jz 0x8048995
eb 05                         jmp 0x804899a
74 49                         jz 0x80489f1
eb 05                         jmp 0x80489f6
0f 89 b1 fe ff ff             jns 0x80488dd
75 59                         jnz 0x8048941
74 49                         jz 0x8048995
eb 05                         jmp 0x804899a
74 49                         jz 0x80489f1
eb 05                         jmp 0x80489f6
0f 89 b1 fe ff ff             jns 0x80488dd
0f 89 95 fe ff ff             jns 0x80488cf
int
3b 45 f4                      cmpl  -0xc(%ebp), %eax
75 59                         jnz 0x8048941
74 49                         jz 0x8048995
eb 05                         jmp 0x804899a
74 49                         jz 0x80489f1
eb 05                         jmp 0x80489f6
0f 89 b1 fe ff ff             jns 0x80488dd
75 59                         jnz 0x8048941
74 49                         jz 0x8048995
eb 05                         jmp 0x804899a
74 49                         jz 0x80489f1
eb 05                         jmp 0x80489f6
0f 89 b1 fe ff ff             jns 0x80488dd
0f 89 95 fe ff ff             jns 0x80488cf
int
3b 45 f4                      cmpl  -0xc(%ebp), %eax
74 49                         jz 0x8048995
eb 05                         jmp 0x804899a
74 49                         jz 0x80489f1
eb 05                         jmp 0x80489f6
0f 89 b1 fe ff ff             jns 0x80488dd
75 59                         jnz 0x8048941
74 49                         jz 0x8048995
eb 05                         jmp 0x804899a
74 49                         jz 0x80489f1
eb 05                         jmp 0x80489f6
0f 89 b1 fe ff ff             jns 0x80488dd
0f 89 95 fe ff ff             jns 0x80488cf
int
8b 4d f0                      movl  -0x10(%ebp), %ecx
c1 e1 02                      shl $0x2, %ecx
01 c8                         add %ecx, %eax
01 c8                         add %ecx, %eax
int
3b 45 f0                      cmpl  -0x10(%ebp), %eax
74 49                         jz 0x80489f1
eb 05                         jmp 0x80489f6
0f 89 b1 fe ff ff             jns 0x80488dd
75 59                         jnz 0x8048941
74 49                         jz 0x8048995
eb 05                         jmp 0x804899a
74 49                         jz 0x80489f1
eb 05                         jmp 0x80489f6
0f 89 b1 fe ff ff             jns 0x80488dd
0f 89 95 fe ff ff             jns 0x80488cf
int
8b 55 f0                      movl  -0x10(%ebp), %edx
83 c2 01                      add $0x1, %edx
c1 e2 02                      shl $0x2, %edx
01 d0                         add %edx, %eax
int
8b 4d f0                      movl  -0x10(%ebp), %ecx
c1 e1 02                      shl $0x2, %ecx
01 c8                         add %ecx, %eax
01 c8                         add %ecx, %eax
int
8b 55 f0                      movl  -0x10(%ebp), %edx
c1 e2 02                      shl $0x2, %edx
01 c2                         add %eax, %edx
01 d0                         add %edx, %eax
int
83 6d f0 01                   subl  $0x1, -0x10(%ebp)
83 7d f0 00                   cmpl  $0x0, -0x10(%ebp)
0f 89 b1 fe ff ff             jns 0x80488dd
75 59                         jnz 0x8048941
74 49                         jz 0x8048995
8b 55 f0                      movl  -0x10(%ebp), %edx
c1 e2 02                      shl $0x2, %edx
01 d0                         add %edx, %eax
8b 4d f0                      movl  -0x10(%ebp), %ecx
c1 e1 02                      shl $0x2, %ecx
01 c8                         add %ecx, %eax
eb 05                         jmp 0x804899a
3b 45 f0                      cmpl  -0x10(%ebp), %eax
74 49                         jz 0x80489f1
8b 55 f0                      movl  -0x10(%ebp), %edx
83 c2 01                      add $0x1, %edx
c1 e2 02                      shl $0x2, %edx
01 d0                         add %edx, %eax
01 c8                         add %ecx, %eax
8b 4d f0                      movl  -0x10(%ebp), %ecx
int
83 7d f0 00                   cmpl  $0x0, -0x10(%ebp)
0f 89 b1 fe ff ff             jns 0x80488dd
75 59                         jnz 0x8048941
74 49                         jz 0x8048995
eb 05                         jmp 0x804899a
74 49                         jz 0x80489f1
eb 05                         jmp 0x80489f6
0f 89 b1 fe ff ff             jns 0x80488dd
0f 89 95 fe ff ff             jns 0x80488cf
int
3b 45 f4                      cmpl  -0xc(%ebp), %eax
75 59                         jnz 0x8048941
74 49                         jz 0x8048995
eb 05                         jmp 0x804899a
74 49                         jz 0x80489f1
eb 05                         jmp 0x80489f6
0f 89 b1 fe ff ff             jns 0x80488dd
0f 89 95 fe ff ff             jns 0x80488cf
int
3b 45 f4                      cmpl  -0xc(%ebp), %eax
74 49                         jz 0x8048995
eb 05                         jmp 0x804899a
74 49                         jz 0x80489f1
eb 05                         jmp 0x80489f6
0f 89 b1 fe ff ff             jns 0x80488dd
0f 89 95 fe ff ff             jns 0x80488cf
int
8b 4d f0                      movl  -0x10(%ebp), %ecx
c1 e1 02                      shl $0x2, %ecx
01 c8                         add %ecx, %eax
01 c8                         add %ecx, %eax
int
3b 45 f0                      cmpl  -0x10(%ebp), %eax
74 49                         jz 0x80489f1
eb 05                         jmp 0x80489f6
0f 89 b1 fe ff ff             jns 0x80488dd
0f 89 95 fe ff ff             jns 0x80488cf
int
8b 55 f0                      movl  -0x10(%ebp), %edx
83 c2 01                      add $0x1, %edx
c1 e2 02                      shl $0x2, %edx
01 d0                         add %edx, %eax
int
83 6d f0 01                   subl  $0x1, -0x10(%ebp)
83 7d f0 00                   cmpl  $0x0, -0x10(%ebp)
0f 89 b1 fe ff ff             jns 0x80488dd
0f 89 95 fe ff ff             jns 0x80488cf
