upointer
83 7d f0 00                   cmpl  $0x0, -0x10(%ebp)
74 22                         jz 0x80488ea
74 05                         jz 0x80488f5
eb 03                         jmp 0x80488f8
upointer
8b 45 f4                      movl  -0xc(%ebp), %eax
89 45 f4                      movl  %eax, -0xc(%ebp)
83 7d f4 00                   cmpl  $0x0, -0xc(%ebp)
74 05                         jz 0x80488f5
8b 45 f4                      movl  -0xc(%ebp), %eax
eb 03                         jmp 0x80488f8
89 45 f4                      movl  %eax, -0xc(%ebp)
83 7d f4 00                   cmpl  $0x0, -0xc(%ebp)
74 05                         jz 0x80488f5
8b 45 f4                      movl  -0xc(%ebp), %eax
eb 03                         jmp 0x80488f8
upointer
83 7d f0 00                   cmpl  $0x0, -0x10(%ebp)
74 22                         jz 0x80488ea
74 05                         jz 0x80488f5
eb 03                         jmp 0x80488f8
upointer
8b 45 f4                      movl  -0xc(%ebp), %eax
89 45 f4                      movl  %eax, -0xc(%ebp)
83 7d f4 00                   cmpl  $0x0, -0xc(%ebp)
74 05                         jz 0x80488f5
8b 45 f4                      movl  -0xc(%ebp), %eax
eb 03                         jmp 0x80488f8
upointer
83 7d f0 00                   cmpl  $0x0, -0x10(%ebp)
74 22                         jz 0x80488ea
74 05                         jz 0x80488f5
eb 03                         jmp 0x80488f8
upointer
8b 45 f4                      movl  -0xc(%ebp), %eax
89 45 f0                      movl  %eax, -0x10(%ebp)
83 7d f0 00                   cmpl  $0x0, -0x10(%ebp)
74 22                         jz 0x80488ea
8b 45 f0                      movl  -0x10(%ebp), %eax
74 05                         jz 0x80488f5
8b 45 f0                      movl  -0x10(%ebp), %eax
89 45 f0                      movl  %eax, -0x10(%ebp)
83 7d f0 00                   cmpl  $0x0, -0x10(%ebp)
74 22                         jz 0x80488ea
8b 45 f0                      movl  -0x10(%ebp), %eax
74 05                         jz 0x80488f5
eb 03                         jmp 0x80488f8
upointer
8b 45 f0                      movl  -0x10(%ebp), %eax
89 45 f0                      movl  %eax, -0x10(%ebp)
83 7d f0 00                   cmpl  $0x0, -0x10(%ebp)
74 22                         jz 0x80488ea
8b 45 f0                      movl  -0x10(%ebp), %eax
74 05                         jz 0x80488f5
eb 03                         jmp 0x80488f8
upointer
83 7d f0 00                   cmpl  $0x0, -0x10(%ebp)
74 22                         jz 0x80488ea
74 05                         jz 0x80488f5
eb 03                         jmp 0x80488f8
upointer
83 bc 24 cc 00 00 00 00       cmpl  $0x0, 0xcc(%esp)
75 cc                         jnz 0x8048a70
e8 07 70 00 00                calll  0x804fa90
e8 ea 8c ff ff                calll  0x8048780
8b 1c 24                      movl  (%esp), %ebx
c3                            retl  
81 c3 6a 95 08 00             add $0x8956a, %ebx
83 ec 08                      sub $0x8, %esp
8d 44 24 14                   leal  0x14(%esp), %eax
83 ec 04                      sub $0x4, %esp
50                            pushl  %eax
e8 78 06 03 00                calll  0x8080130
89 e5                         mov %esp, %ebp
53                            pushl  %ebx
e8 45 86 fc ff                calll  0x8048780
8b 1c 24                      movl  (%esp), %ebx
c3                            retl  
81 c3 c5 8e 05 00             add $0x58ec5, %ebx
81 ec ec 04 00 00             sub $0x4ec, %esp
8b 45 10                      movl  0x10(%ebp), %eax
Unknow
8b 00                         movl  (%eax), %eax
89 44 24 04                   movl  %eax, 0x4(%esp)
8b 00                         movl  (%eax), %eax
99                            cdq 
89 c6                         mov %eax, %esi
31 d0                         xor %edx, %eax
c1 ee 1f                      shr $0x1f, %esi
29 d0                         sub %edx, %eax
89 b5 5c fb ff ff             movl  %esi, -0x4a4(%ebp)
89 85 20 fb ff ff             movl  %eax, -0x4e0(%ebp)
50                            pushl  %eax
8b 4c 24 10                   movl  0x10(%esp), %ecx
89 c8                         mov %ecx, %eax
01 c0                         add %eax, %eax
29 c1                         sub %eax, %ecx
8b b5 20 fb ff ff             movl  -0x4e0(%ebp), %esi
85 f6                         test %esi, %esi
0f 84 42 0d 00 00             jz 0x80816f8
75 1f                         jnz 0x80809e8
0f 85 0c 0d 00 00             jnz 0x808171a
upointer
83 bc 24 cc 00 00 00 00       cmpl  $0x0, 0xcc(%esp)
75 cc                         jnz 0x8048a70
e8 07 70 00 00                calll  0x804fa90
e8 ea 8c ff ff                calll  0x8048780
8b 1c 24                      movl  (%esp), %ebx
c3                            retl  
81 c3 6a 95 08 00             add $0x8956a, %ebx
83 ec 08                      sub $0x8, %esp
8d 44 24 14                   leal  0x14(%esp), %eax
83 ec 04                      sub $0x4, %esp
50                            pushl  %eax
e8 78 06 03 00                calll  0x8080130
89 e5                         mov %esp, %ebp
53                            pushl  %ebx
e8 45 86 fc ff                calll  0x8048780
8b 1c 24                      movl  (%esp), %ebx
c3                            retl  
81 c3 c5 8e 05 00             add $0x58ec5, %ebx
81 ec ec 04 00 00             sub $0x4ec, %esp
8b 45 10                      movl  0x10(%ebp), %eax
Unknow
8b 00                         movl  (%eax), %eax
89 44 24 04                   movl  %eax, 0x4(%esp)
8b 00                         movl  (%eax), %eax
99                            cdq 
89 c6                         mov %eax, %esi
31 d0                         xor %edx, %eax
c1 ee 1f                      shr $0x1f, %esi
29 d0                         sub %edx, %eax
89 b5 5c fb ff ff             movl  %esi, -0x4a4(%ebp)
89 85 20 fb ff ff             movl  %eax, -0x4e0(%ebp)
50                            pushl  %eax
8b 4c 24 10                   movl  0x10(%esp), %ecx
89 c8                         mov %ecx, %eax
01 c0                         add %eax, %eax
29 c1                         sub %eax, %ecx
8b b5 20 fb ff ff             movl  -0x4e0(%ebp), %esi
85 f6                         test %esi, %esi
0f 84 42 0d 00 00             jz 0x80816f8
75 1f                         jnz 0x80809e8
0f 85 0c 0d 00 00             jnz 0x808171a
upointer
83 bc 24 cc 00 00 00 00       cmpl  $0x0, 0xcc(%esp)
75 cc                         jnz 0x8048a70
e8 07 70 00 00                calll  0x804fa90
e8 ea 8c ff ff                calll  0x8048780
8b 1c 24                      movl  (%esp), %ebx
c3                            retl  
81 c3 6a 95 08 00             add $0x8956a, %ebx
83 ec 08                      sub $0x8, %esp
8d 44 24 14                   leal  0x14(%esp), %eax
83 ec 04                      sub $0x4, %esp
50                            pushl  %eax
e8 78 06 03 00                calll  0x8080130
89 e5                         mov %esp, %ebp
53                            pushl  %ebx
e8 45 86 fc ff                calll  0x8048780
8b 1c 24                      movl  (%esp), %ebx
c3                            retl  
81 c3 c5 8e 05 00             add $0x58ec5, %ebx
81 ec ec 04 00 00             sub $0x4ec, %esp
8b 45 10                      movl  0x10(%ebp), %eax
Unknow
8b 00                         movl  (%eax), %eax
89 44 24 04                   movl  %eax, 0x4(%esp)
8b 00                         movl  (%eax), %eax
99                            cdq 
89 c6                         mov %eax, %esi
31 d0                         xor %edx, %eax
c1 ee 1f                      shr $0x1f, %esi
29 d0                         sub %edx, %eax
89 b5 5c fb ff ff             movl  %esi, -0x4a4(%ebp)
89 85 20 fb ff ff             movl  %eax, -0x4e0(%ebp)
50                            pushl  %eax
8b 4c 24 10                   movl  0x10(%esp), %ecx
89 c8                         mov %ecx, %eax
01 c0                         add %eax, %eax
29 c1                         sub %eax, %ecx
8b b5 20 fb ff ff             movl  -0x4e0(%ebp), %esi
85 f6                         test %esi, %esi
0f 84 42 0d 00 00             jz 0x80816f8
75 1f                         jnz 0x80809e8
0f 85 0c 0d 00 00             jnz 0x808171a
upointer
83 bc 24 cc 00 00 00 00       cmpl  $0x0, 0xcc(%esp)
75 cc                         jnz 0x8048a70
e8 07 70 00 00                calll  0x804fa90
e8 ea 8c ff ff                calll  0x8048780
8b 1c 24                      movl  (%esp), %ebx
c3                            retl  
81 c3 6a 95 08 00             add $0x8956a, %ebx
83 ec 08                      sub $0x8, %esp
8d 44 24 14                   leal  0x14(%esp), %eax
83 ec 04                      sub $0x4, %esp
50                            pushl  %eax
e8 78 06 03 00                calll  0x8080130
89 e5                         mov %esp, %ebp
53                            pushl  %ebx
e8 45 86 fc ff                calll  0x8048780
8b 1c 24                      movl  (%esp), %ebx
c3                            retl  
81 c3 c5 8e 05 00             add $0x58ec5, %ebx
81 ec ec 04 00 00             sub $0x4ec, %esp
8b 45 10                      movl  0x10(%ebp), %eax
Unknow
8b 00                         movl  (%eax), %eax
89 44 24 04                   movl  %eax, 0x4(%esp)
8b 00                         movl  (%eax), %eax
99                            cdq 
89 c6                         mov %eax, %esi
31 d0                         xor %edx, %eax
c1 ee 1f                      shr $0x1f, %esi
29 d0                         sub %edx, %eax
89 b5 5c fb ff ff             movl  %esi, -0x4a4(%ebp)
89 85 20 fb ff ff             movl  %eax, -0x4e0(%ebp)
50                            pushl  %eax
8b 4c 24 10                   movl  0x10(%esp), %ecx
89 c8                         mov %ecx, %eax
01 c0                         add %eax, %eax
29 c1                         sub %eax, %ecx
8b b5 20 fb ff ff             movl  -0x4e0(%ebp), %esi
85 f6                         test %esi, %esi
0f 84 42 0d 00 00             jz 0x80816f8
75 1f                         jnz 0x80809e8
0f 85 0c 0d 00 00             jnz 0x808171a
upointer
83 bc 24 cc 00 00 00 00       cmpl  $0x0, 0xcc(%esp)
75 cc                         jnz 0x8048a70
e8 07 70 00 00                calll  0x804fa90
e8 ea 8c ff ff                calll  0x8048780
8b 1c 24                      movl  (%esp), %ebx
c3                            retl  
81 c3 6a 95 08 00             add $0x8956a, %ebx
83 ec 08                      sub $0x8, %esp
8d 44 24 14                   leal  0x14(%esp), %eax
83 ec 04                      sub $0x4, %esp
50                            pushl  %eax
e8 78 06 03 00                calll  0x8080130
89 e5                         mov %esp, %ebp
53                            pushl  %ebx
e8 45 86 fc ff                calll  0x8048780
8b 1c 24                      movl  (%esp), %ebx
c3                            retl  
81 c3 c5 8e 05 00             add $0x58ec5, %ebx
81 ec ec 04 00 00             sub $0x4ec, %esp
8b 45 10                      movl  0x10(%ebp), %eax
upointer
83 bc 24 cc 00 00 00 00       cmpl  $0x0, 0xcc(%esp)
75 cc                         jnz 0x8048a70
e8 07 70 00 00                calll  0x804fa90
e8 ea 8c ff ff                calll  0x8048780
8b 1c 24                      movl  (%esp), %ebx
c3                            retl  
81 c3 6a 95 08 00             add $0x8956a, %ebx
83 ec 08                      sub $0x8, %esp
8d 44 24 14                   leal  0x14(%esp), %eax
83 ec 04                      sub $0x4, %esp
50                            pushl  %eax
e8 78 06 03 00                calll  0x8080130
89 e5                         mov %esp, %ebp
53                            pushl  %ebx
e8 45 86 fc ff                calll  0x8048780
8b 1c 24                      movl  (%esp), %ebx
c3                            retl  
81 c3 c5 8e 05 00             add $0x58ec5, %ebx
81 ec ec 04 00 00             sub $0x4ec, %esp
8b 45 10                      movl  0x10(%ebp), %eax
upointer
83 bc 24 cc 00 00 00 00       cmpl  $0x0, 0xcc(%esp)
75 cc                         jnz 0x8048a70
e8 07 70 00 00                calll  0x804fa90
e8 ea 8c ff ff                calll  0x8048780
8b 1c 24                      movl  (%esp), %ebx
c3                            retl  
81 c3 6a 95 08 00             add $0x8956a, %ebx
83 ec 08                      sub $0x8, %esp
8d 44 24 14                   leal  0x14(%esp), %eax
83 ec 04                      sub $0x4, %esp
50                            pushl  %eax
e8 78 06 03 00                calll  0x8080130
89 e5                         mov %esp, %ebp
53                            pushl  %ebx
e8 45 86 fc ff                calll  0x8048780
8b 1c 24                      movl  (%esp), %ebx
c3                            retl  
81 c3 c5 8e 05 00             add $0x58ec5, %ebx
81 ec ec 04 00 00             sub $0x4ec, %esp
8b 45 10                      movl  0x10(%ebp), %eax
upointer
83 bc 24 cc 00 00 00 00       cmpl  $0x0, 0xcc(%esp)
75 cc                         jnz 0x8048a70
e8 07 70 00 00                calll  0x804fa90
e8 ea 8c ff ff                calll  0x8048780
8b 1c 24                      movl  (%esp), %ebx
c3                            retl  
81 c3 6a 95 08 00             add $0x8956a, %ebx
83 ec 08                      sub $0x8, %esp
8d 44 24 14                   leal  0x14(%esp), %eax
83 ec 04                      sub $0x4, %esp
50                            pushl  %eax
e8 78 06 03 00                calll  0x8080130
89 e5                         mov %esp, %ebp
53                            pushl  %ebx
e8 45 86 fc ff                calll  0x8048780
8b 1c 24                      movl  (%esp), %ebx
c3                            retl  
81 c3 c5 8e 05 00             add $0x58ec5, %ebx
81 ec ec 04 00 00             sub $0x4ec, %esp
8b 45 10                      movl  0x10(%ebp), %eax
upointer
83 bc 24 cc 00 00 00 00       cmpl  $0x0, 0xcc(%esp)
75 cc                         jnz 0x8048a70
e8 07 70 00 00                calll  0x804fa90
e8 ea 8c ff ff                calll  0x8048780
8b 1c 24                      movl  (%esp), %ebx
c3                            retl  
81 c3 6a 95 08 00             add $0x8956a, %ebx
83 ec 08                      sub $0x8, %esp
8d 44 24 14                   leal  0x14(%esp), %eax
83 ec 04                      sub $0x4, %esp
50                            pushl  %eax
e8 78 06 03 00                calll  0x8080130
89 e5                         mov %esp, %ebp
53                            pushl  %ebx
e8 45 86 fc ff                calll  0x8048780
8b 1c 24                      movl  (%esp), %ebx
c3                            retl  
81 c3 c5 8e 05 00             add $0x58ec5, %ebx
81 ec ec 04 00 00             sub $0x4ec, %esp
8b 45 10                      movl  0x10(%ebp), %eax
upointer
83 bc 24 cc 00 00 00 00       cmpl  $0x0, 0xcc(%esp)
75 cc                         jnz 0x8048a70
e8 07 70 00 00                calll  0x804fa90
e8 ea 8c ff ff                calll  0x8048780
8b 1c 24                      movl  (%esp), %ebx
c3                            retl  
81 c3 6a 95 08 00             add $0x8956a, %ebx
83 ec 08                      sub $0x8, %esp
8d 44 24 14                   leal  0x14(%esp), %eax
83 ec 04                      sub $0x4, %esp
50                            pushl  %eax
e8 78 06 03 00                calll  0x8080130
89 e5                         mov %esp, %ebp
53                            pushl  %ebx
e8 45 86 fc ff                calll  0x8048780
8b 1c 24                      movl  (%esp), %ebx
c3                            retl  
81 c3 c5 8e 05 00             add $0x58ec5, %ebx
81 ec ec 04 00 00             sub $0x4ec, %esp
8b 45 10                      movl  0x10(%ebp), %eax
upointer
83 bc 24 cc 00 00 00 00       cmpl  $0x0, 0xcc(%esp)
75 cc                         jnz 0x8048a70
e8 10 78 00 00                calll  0x80502c0
e8 a9 cc ff ff                calll  0x804cf73
8b 3c 24                      movl  (%esp), %edi
c3                            retl  
81 c7 36 8d 08 00             add $0x88d36, %edi
83 ec 1c                      sub $0x1c, %esp
75 3d                         jnz 0x8050328
74 28                         jz 0x8050324
74 01                         jz 0x805030c
74 07                         jz 0x8050318
73 4c                         jnb 0x8050380
75 27                         jnz 0x805036f
75 1e                         jnz 0x805036f
74 01                         jz 0x8050363
74 07                         jz 0x805036f
c3                            retl  
