int
8b 45 f4                      movl  -0xc(%ebp), %eax
c1 e0 02                      shl $0x2, %eax
89 04 24                      movl  %eax, (%esp)
8b 74 24 20                   movl  0x20(%esp), %esi
8d 46 13                      leal  0x13(%esi), %eax
83 f8 0f                      cmp $0xf, %eax
0f 87 a9 00 00 00             jnbe 0x805c4e8
83 e0 f0                      and $0xfffffff0, %eax
83 f8 df                      cmp $0xffffffdf, %eax
0f 97 c2                      setnbe %dl
e9 50 ff ff ff                jmp 0x805c446
39 f0                         cmp %esi, %eax
0f 82 72 01 00 00             jb 0x805c5c0
84 d2                         test %dl, %dl
0f 85 6a 01 00 00             jnz 0x805c5c0
83 e8 01                      sub $0x1, %eax
c1 e8 04                      shr $0x4, %eax
0f 84 95 00 00 00             jz 0x805c500
0f 82 c9 00 00 00             jb 0x805c540
0f 85 53 01 00 00             jnz 0x805c5d8
upointer
8b 45 f0                      movl  -0x10(%ebp), %eax
89 44 24 20                   movl  %eax, 0x20(%esp)
8b 45 28                      movl  0x28(%ebp), %eax
89 44 24 20                   movl  %eax, 0x20(%esp)
8b 45 28                      movl  0x28(%ebp), %eax
89 44 24 20                   movl  %eax, 0x20(%esp)
8b 45 28                      movl  0x28(%ebp), %eax
89 44 24 20                   movl  %eax, 0x20(%esp)
8b 45 28                      movl  0x28(%ebp), %eax
89 44 24 20                   movl  %eax, 0x20(%esp)
8b 45 28                      movl  0x28(%ebp), %eax
8b 45 28                      movl  0x28(%ebp), %eax
01 c8                         add %ecx, %eax
8b 45 28                      movl  0x28(%ebp), %eax
89 44 24 20                   movl  %eax, 0x20(%esp)
8b 45 28                      movl  0x28(%ebp), %eax
89 44 24 20                   movl  %eax, 0x20(%esp)
8b 45 28                      movl  0x28(%ebp), %eax
89 44 24 20                   movl  %eax, 0x20(%esp)
8b 45 28                      movl  0x28(%ebp), %eax
upointer
8b 45 ec                      movl  -0x14(%ebp), %eax
89 44 24 18                   movl  %eax, 0x18(%esp)
8b 45 20                      movl  0x20(%ebp), %eax
01 c2                         add %eax, %edx
01 d0                         add %edx, %eax
8b 45 20                      movl  0x20(%ebp), %eax
89 44 24 18                   movl  %eax, 0x18(%esp)
8b 45 20                      movl  0x20(%ebp), %eax
01 c2                         add %eax, %edx
01 d0                         add %edx, %eax
8b 45 20                      movl  0x20(%ebp), %eax
89 44 24 18                   movl  %eax, 0x18(%esp)
8b 45 20                      movl  0x20(%ebp), %eax
01 c2                         add %eax, %edx
01 d0                         add %edx, %eax
8b 45 20                      movl  0x20(%ebp), %eax
89 44 24 18                   movl  %eax, 0x18(%esp)
8b 45 20                      movl  0x20(%ebp), %eax
01 c2                         add %eax, %edx
01 d0                         add %edx, %eax
int
3b 45 f4                      cmpl  -0xc(%ebp), %eax
0f 8d 1c ff ff ff             jnl 0x8048a9d
7e 30                         jle 0x8048ad5
e8 24 fd ff ff                calll  0x8048887
0f 85 fa 01 00 00             jnz 0x8048a92
e9 ce 00 00 00                jmp 0x8048b6b
0f 8d 1c ff ff ff             jnl 0x8048a9d
7e 30                         jle 0x8048ad5
e8 24 fd ff ff                calll  0x8048887
0f 85 fa 01 00 00             jnz 0x8048a92
e9 e4 01 00 00                jmp 0x8048a81
0f 8c 10 fe ff ff             jl 0x804889d
7d 40                         jnl 0x804890e
0f 8d a3 01 00 00             jnl 0x8048a81
74 c5                         jz 0x80488ce
e9 73 01 00 00                jmp 0x8048a81
0f 8c 10 fe ff ff             jl 0x804889d
7d 40                         jnl 0x804890e
0f 8d a3 01 00 00             jnl 0x8048a81
74 c5                         jz 0x80488ce
int
8b 45 f4                      movl  -0xc(%ebp), %eax
8d 50 01                      leal  0x1(%eax), %edx
89 54 24 04                   movl  %edx, 0x4(%esp)
8b 45 0c                      movl  0xc(%ebp), %eax
89 45 f4                      movl  %eax, -0xc(%ebp)
3b 45 f4                      cmpl  -0xc(%ebp), %eax
0f 8d 1c ff ff ff             jnl 0x8048a9d
8b 45 f4                      movl  -0xc(%ebp), %eax
3b 45 0c                      cmpl  0xc(%ebp), %eax
7e 30                         jle 0x8048ad5
8b 45 f4                      movl  -0xc(%ebp), %eax
8b 45 f4                      movl  -0xc(%ebp), %eax
8b 45 f4                      movl  -0xc(%ebp), %eax
8d 50 01                      leal  0x1(%eax), %edx
89 54 24 04                   movl  %edx, 0x4(%esp)
e8 24 fd ff ff                calll  0x8048887
0f 85 fa 01 00 00             jnz 0x8048a92
e9 e4 01 00 00                jmp 0x8048a81
8b 45 0c                      movl  0xc(%ebp), %eax
0f 8c 10 fe ff ff             jl 0x804889d
int
3b 45 f4                      cmpl  -0xc(%ebp), %eax
0f 8d 1c ff ff ff             jnl 0x8048a9d
7e 30                         jle 0x8048ad5
e8 24 fd ff ff                calll  0x8048887
0f 85 fa 01 00 00             jnz 0x8048a92
e9 e4 01 00 00                jmp 0x8048a81
0f 8c 10 fe ff ff             jl 0x804889d
7d 40                         jnl 0x804890e
0f 8d a3 01 00 00             jnl 0x8048a81
74 c5                         jz 0x80488ce
e9 73 01 00 00                jmp 0x8048a81
0f 8c 10 fe ff ff             jl 0x804889d
7d 40                         jnl 0x804890e
0f 8d a3 01 00 00             jnl 0x8048a81
74 c5                         jz 0x80488ce
0f 8d a3 01 00 00             jnl 0x8048a81
74 c5                         jz 0x80488ce
e9 73 01 00 00                jmp 0x8048a81
0f 8c 10 fe ff ff             jl 0x804889d
7d 40                         jnl 0x804890e
int
8b 45 f4                      movl  -0xc(%ebp), %eax
8d 50 01                      leal  0x1(%eax), %edx
89 54 24 04                   movl  %edx, 0x4(%esp)
8b 45 0c                      movl  0xc(%ebp), %eax
8b 45 0c                      movl  0xc(%ebp), %eax
01 d0                         add %edx, %eax
83 45 0c 01                   addl  $0x1, 0xc(%ebp)
8b 45 0c                      movl  0xc(%ebp), %eax
8b 45 0c                      movl  0xc(%ebp), %eax
8b 45 0c                      movl  0xc(%ebp), %eax
05 ff ff ff 3f                add $0x3fffffff, %eax
8b 45 0c                      movl  0xc(%ebp), %eax
8b 45 0c                      movl  0xc(%ebp), %eax
83 45 0c 01                   addl  $0x1, 0xc(%ebp)
8b 45 0c                      movl  0xc(%ebp), %eax
8b 45 0c                      movl  0xc(%ebp), %eax
8b 45 0c                      movl  0xc(%ebp), %eax
05 ff ff ff 3f                add $0x3fffffff, %eax
83 45 0c 01                   addl  $0x1, 0xc(%ebp)
8b 45 0c                      movl  0xc(%ebp), %eax
int
83 45 f4 01                   addl  $0x1, -0xc(%ebp)
3b 45 f4                      cmpl  -0xc(%ebp), %eax
0f 8d 1c ff ff ff             jnl 0x8048a9d
8b 45 f4                      movl  -0xc(%ebp), %eax
7e 30                         jle 0x8048ad5
8b 45 f4                      movl  -0xc(%ebp), %eax
8b 45 f4                      movl  -0xc(%ebp), %eax
05 ff ff ff 3f                add $0x3fffffff, %eax
75 05                         jnz 0x8048ad5
e9 92 00 00 00                jmp 0x8048b67
83 45 f4 01                   addl  $0x1, -0xc(%ebp)
3b 45 f4                      cmpl  -0xc(%ebp), %eax
0f 8d 1c ff ff ff             jnl 0x8048a9d
8b 45 f4                      movl  -0xc(%ebp), %eax
7e 30                         jle 0x8048ad5
8b 45 f4                      movl  -0xc(%ebp), %eax
8b 45 f4                      movl  -0xc(%ebp), %eax
05 ff ff ff 3f                add $0x3fffffff, %eax
75 05                         jnz 0x8048ad5
8b 45 f4                      movl  -0xc(%ebp), %eax
int
3b 45 f4                      cmpl  -0xc(%ebp), %eax
0f 8d 1c ff ff ff             jnl 0x8048a9d
7e 30                         jle 0x8048ad5
75 05                         jnz 0x8048ad5
e9 92 00 00 00                jmp 0x8048b67
0f 8d 1c ff ff ff             jnl 0x8048a9d
7e 30                         jle 0x8048ad5
75 05                         jnz 0x8048ad5
e8 24 fd ff ff                calll  0x8048887
0f 85 fa 01 00 00             jnz 0x8048a92
e9 e4 01 00 00                jmp 0x8048a81
0f 8c 10 fe ff ff             jl 0x804889d
7d 40                         jnl 0x804890e
0f 8d a3 01 00 00             jnl 0x8048a81
74 c5                         jz 0x80488ce
e9 73 01 00 00                jmp 0x8048a81
0f 8c 10 fe ff ff             jl 0x804889d
7d 40                         jnl 0x804890e
0f 8d a3 01 00 00             jnl 0x8048a81
74 c5                         jz 0x80488ce
int
83 45 f4 01                   addl  $0x1, -0xc(%ebp)
3b 45 f4                      cmpl  -0xc(%ebp), %eax
0f 8d 1c ff ff ff             jnl 0x8048a9d
8b 45 f4                      movl  -0xc(%ebp), %eax
7e 30                         jle 0x8048ad5
8b 45 f4                      movl  -0xc(%ebp), %eax
8b 45 f4                      movl  -0xc(%ebp), %eax
05 ff ff ff 3f                add $0x3fffffff, %eax
75 05                         jnz 0x8048ad5
8b 45 f4                      movl  -0xc(%ebp), %eax
8b 45 f4                      movl  -0xc(%ebp), %eax
8b 45 f4                      movl  -0xc(%ebp), %eax
8d 50 01                      leal  0x1(%eax), %edx
89 54 24 04                   movl  %edx, 0x4(%esp)
e8 24 fd ff ff                calll  0x8048887
0f 85 fa 01 00 00             jnz 0x8048a92
e9 e4 01 00 00                jmp 0x8048a81
8b 45 0c                      movl  0xc(%ebp), %eax
0f 8c 10 fe ff ff             jl 0x804889d
8b 45 0c                      movl  0xc(%ebp), %eax
int
3b 45 f4                      cmpl  -0xc(%ebp), %eax
0f 8d 1c ff ff ff             jnl 0x8048a9d
7e 30                         jle 0x8048ad5
75 05                         jnz 0x8048ad5
e8 24 fd ff ff                calll  0x8048887
0f 85 fa 01 00 00             jnz 0x8048a92
e9 e4 01 00 00                jmp 0x8048a81
0f 8c 10 fe ff ff             jl 0x804889d
7d 40                         jnl 0x804890e
0f 8d a3 01 00 00             jnl 0x8048a81
74 c5                         jz 0x80488ce
e9 73 01 00 00                jmp 0x8048a81
0f 8c 10 fe ff ff             jl 0x804889d
7d 40                         jnl 0x804890e
0f 8d a3 01 00 00             jnl 0x8048a81
74 c5                         jz 0x80488ce
0f 8d a3 01 00 00             jnl 0x8048a81
0f 8c 10 fe ff ff             jl 0x804889d
e9 ef 00 00 00                jmp 0x8048b81
c3                            retl  
int
8b 45 f4                      movl  -0xc(%ebp), %eax
8d 50 01                      leal  0x1(%eax), %edx
89 54 24 04                   movl  %edx, 0x4(%esp)
8b 45 0c                      movl  0xc(%ebp), %eax
8b 45 0c                      movl  0xc(%ebp), %eax
01 d0                         add %edx, %eax
83 45 0c 01                   addl  $0x1, 0xc(%ebp)
8b 45 0c                      movl  0xc(%ebp), %eax
8b 45 0c                      movl  0xc(%ebp), %eax
8b 45 0c                      movl  0xc(%ebp), %eax
05 ff ff ff 3f                add $0x3fffffff, %eax
8b 45 0c                      movl  0xc(%ebp), %eax
8b 45 0c                      movl  0xc(%ebp), %eax
83 45 0c 01                   addl  $0x1, 0xc(%ebp)
8b 45 0c                      movl  0xc(%ebp), %eax
8b 45 0c                      movl  0xc(%ebp), %eax
8b 45 0c                      movl  0xc(%ebp), %eax
05 ff ff ff 3f                add $0x3fffffff, %eax
83 45 0c 01                   addl  $0x1, 0xc(%ebp)
8b 45 0c                      movl  0xc(%ebp), %eax
int
83 45 f4 01                   addl  $0x1, -0xc(%ebp)
3b 45 f4                      cmpl  -0xc(%ebp), %eax
0f 8d 1c ff ff ff             jnl 0x8048a9d
8b 45 f4                      movl  -0xc(%ebp), %eax
7e 30                         jle 0x8048ad5
8b 45 f4                      movl  -0xc(%ebp), %eax
8b 45 f4                      movl  -0xc(%ebp), %eax
05 ff ff ff 3f                add $0x3fffffff, %eax
75 05                         jnz 0x8048ad5
e9 92 00 00 00                jmp 0x8048b67
83 45 f4 01                   addl  $0x1, -0xc(%ebp)
3b 45 f4                      cmpl  -0xc(%ebp), %eax
0f 8d 1c ff ff ff             jnl 0x8048a9d
8b 45 f4                      movl  -0xc(%ebp), %eax
7e 30                         jle 0x8048ad5
8b 45 f4                      movl  -0xc(%ebp), %eax
8b 45 f4                      movl  -0xc(%ebp), %eax
05 ff ff ff 3f                add $0x3fffffff, %eax
75 05                         jnz 0x8048ad5
8b 45 f4                      movl  -0xc(%ebp), %eax
int
3b 45 f4                      cmpl  -0xc(%ebp), %eax
0f 8d 1c ff ff ff             jnl 0x8048a9d
7e 30                         jle 0x8048ad5
75 05                         jnz 0x8048ad5
e9 92 00 00 00                jmp 0x8048b67
0f 8d 1c ff ff ff             jnl 0x8048a9d
7e 30                         jle 0x8048ad5
75 05                         jnz 0x8048ad5
e8 24 fd ff ff                calll  0x8048887
0f 85 fa 01 00 00             jnz 0x8048a92
e9 e4 01 00 00                jmp 0x8048a81
0f 8c 10 fe ff ff             jl 0x804889d
7d 40                         jnl 0x804890e
7e 3e                         jle 0x8048962
e8 3e 3a 01 00                calll  0x805c410
e8 68 c3 fe ff                calll  0x8048780
8b 1c 24                      movl  (%esp), %ebx
c3                            retl  
81 c3 e8 cb 07 00             add $0x7cbe8, %ebx
83 ec 10                      sub $0x10, %esp
int
83 45 f4 01                   addl  $0x1, -0xc(%ebp)
3b 45 f4                      cmpl  -0xc(%ebp), %eax
0f 8d 1c ff ff ff             jnl 0x8048a9d
8b 45 f4                      movl  -0xc(%ebp), %eax
7e 30                         jle 0x8048ad5
8b 45 f4                      movl  -0xc(%ebp), %eax
8b 45 f4                      movl  -0xc(%ebp), %eax
05 ff ff ff 3f                add $0x3fffffff, %eax
75 05                         jnz 0x8048ad5
8b 45 f4                      movl  -0xc(%ebp), %eax
8b 45 f4                      movl  -0xc(%ebp), %eax
8b 45 f4                      movl  -0xc(%ebp), %eax
8d 50 01                      leal  0x1(%eax), %edx
89 54 24 04                   movl  %edx, 0x4(%esp)
e8 24 fd ff ff                calll  0x8048887
0f 85 fa 01 00 00             jnz 0x8048a92
e9 e4 01 00 00                jmp 0x8048a81
8b 45 0c                      movl  0xc(%ebp), %eax
0f 8c 10 fe ff ff             jl 0x804889d
8b 45 0c                      movl  0xc(%ebp), %eax
int
3b 45 f4                      cmpl  -0xc(%ebp), %eax
0f 8d 1c ff ff ff             jnl 0x8048a9d
7e 30                         jle 0x8048ad5
75 05                         jnz 0x8048ad5
e8 24 fd ff ff                calll  0x8048887
0f 85 fa 01 00 00             jnz 0x8048a92
e9 e4 01 00 00                jmp 0x8048a81
0f 8c 10 fe ff ff             jl 0x804889d
7d 40                         jnl 0x804890e
7e 3e                         jle 0x8048962
e8 3e 3a 01 00                calll  0x805c410
e8 68 c3 fe ff                calll  0x8048780
8b 1c 24                      movl  (%esp), %ebx
c3                            retl  
81 c3 e8 cb 07 00             add $0x7cbe8, %ebx
83 ec 10                      sub $0x10, %esp
0f 85 6d 01 00 00             jnz 0x805c5a0
0f 87 a9 00 00 00             jnbe 0x805c4e8
e9 50 ff ff ff                jmp 0x805c446
0f 82 72 01 00 00             jb 0x805c5c0
int
8b 45 f4                      movl  -0xc(%ebp), %eax
8d 50 01                      leal  0x1(%eax), %edx
89 54 24 04                   movl  %edx, 0x4(%esp)
8b 45 0c                      movl  0xc(%ebp), %eax
8b 45 0c                      movl  0xc(%ebp), %eax
01 d0                         add %edx, %eax
8b 45 0c                      movl  0xc(%ebp), %eax
83 45 0c 01                   addl  $0x1, 0xc(%ebp)
8b 45 0c                      movl  0xc(%ebp), %eax
3b 45 0c                      cmpl  0xc(%ebp), %eax
7e 29                         jle 0x8048a81
8b 45 0c                      movl  0xc(%ebp), %eax
0f 8c 10 fe ff ff             jl 0x804889d
e9 ef 00 00 00                jmp 0x8048b81
int
83 45 f4 01                   addl  $0x1, -0xc(%ebp)
3b 45 f4                      cmpl  -0xc(%ebp), %eax
0f 8d 1c ff ff ff             jnl 0x8048a9d
8b 45 f4                      movl  -0xc(%ebp), %eax
7e 30                         jle 0x8048ad5
8b 45 f4                      movl  -0xc(%ebp), %eax
8b 45 f4                      movl  -0xc(%ebp), %eax
05 ff ff ff 3f                add $0x3fffffff, %eax
75 05                         jnz 0x8048ad5
8b 45 f4                      movl  -0xc(%ebp), %eax
8b 45 f4                      movl  -0xc(%ebp), %eax
8b 45 f4                      movl  -0xc(%ebp), %eax
8d 50 01                      leal  0x1(%eax), %edx
89 54 24 04                   movl  %edx, 0x4(%esp)
e8 24 fd ff ff                calll  0x8048887
0f 85 fa 01 00 00             jnz 0x8048a92
8b 45 0c                      movl  0xc(%ebp), %eax
89 45 f4                      movl  %eax, -0xc(%ebp)
e9 ce 00 00 00                jmp 0x8048b6b
3b 45 f4                      cmpl  -0xc(%ebp), %eax
int
3b 45 f4                      cmpl  -0xc(%ebp), %eax
0f 8d 1c ff ff ff             jnl 0x8048a9d
7e 30                         jle 0x8048ad5
75 05                         jnz 0x8048ad5
e8 24 fd ff ff                calll  0x8048887
0f 85 fa 01 00 00             jnz 0x8048a92
e9 ce 00 00 00                jmp 0x8048b6b
0f 8d 1c ff ff ff             jnl 0x8048a9d
7e 30                         jle 0x8048ad5
e8 24 fd ff ff                calll  0x8048887
0f 85 fa 01 00 00             jnz 0x8048a92
e9 e4 01 00 00                jmp 0x8048a81
0f 8c 10 fe ff ff             jl 0x804889d
7d 40                         jnl 0x804890e
0f 8d a3 01 00 00             jnl 0x8048a81
74 c5                         jz 0x80488ce
0f 8d a3 01 00 00             jnl 0x8048a81
74 c5                         jz 0x80488ce
e9 73 01 00 00                jmp 0x8048a81
0f 8c 10 fe ff ff             jl 0x804889d
int
8b 45 f4                      movl  -0xc(%ebp), %eax
8d 50 01                      leal  0x1(%eax), %edx
89 54 24 04                   movl  %edx, 0x4(%esp)
8b 45 0c                      movl  0xc(%ebp), %eax
89 45 f4                      movl  %eax, -0xc(%ebp)
3b 45 f4                      cmpl  -0xc(%ebp), %eax
0f 8d 1c ff ff ff             jnl 0x8048a9d
8b 45 f4                      movl  -0xc(%ebp), %eax
3b 45 0c                      cmpl  0xc(%ebp), %eax
7e 30                         jle 0x8048ad5
8b 45 f4                      movl  -0xc(%ebp), %eax
8b 45 f4                      movl  -0xc(%ebp), %eax
8b 45 f4                      movl  -0xc(%ebp), %eax
8d 50 01                      leal  0x1(%eax), %edx
89 54 24 04                   movl  %edx, 0x4(%esp)
e8 24 fd ff ff                calll  0x8048887
0f 85 fa 01 00 00             jnz 0x8048a92
e9 e4 01 00 00                jmp 0x8048a81
8b 45 0c                      movl  0xc(%ebp), %eax
0f 8c 10 fe ff ff             jl 0x804889d
int
3b 45 f4                      cmpl  -0xc(%ebp), %eax
0f 8d 1c ff ff ff             jnl 0x8048a9d
7e 30                         jle 0x8048ad5
e8 24 fd ff ff                calll  0x8048887
0f 85 fa 01 00 00             jnz 0x8048a92
e9 e4 01 00 00                jmp 0x8048a81
0f 8c 10 fe ff ff             jl 0x804889d
7d 40                         jnl 0x804890e
0f 8d a3 01 00 00             jnl 0x8048a81
74 c5                         jz 0x80488ce
0f 8d a3 01 00 00             jnl 0x8048a81
74 c5                         jz 0x80488ce
e9 73 01 00 00                jmp 0x8048a81
0f 8c 10 fe ff ff             jl 0x804889d
7d 40                         jnl 0x804890e
0f 8d a3 01 00 00             jnl 0x8048a81
74 c5                         jz 0x80488ce
0f 8d a3 01 00 00             jnl 0x8048a81
0f 8c 10 fe ff ff             jl 0x804889d
e9 ef 00 00 00                jmp 0x8048b81
int
8b 45 f4                      movl  -0xc(%ebp), %eax
8d 50 01                      leal  0x1(%eax), %edx
89 54 24 04                   movl  %edx, 0x4(%esp)
8b 45 0c                      movl  0xc(%ebp), %eax
8b 45 0c                      movl  0xc(%ebp), %eax
01 d0                         add %edx, %eax
83 45 0c 01                   addl  $0x1, 0xc(%ebp)
8b 45 0c                      movl  0xc(%ebp), %eax
8b 45 0c                      movl  0xc(%ebp), %eax
8b 45 0c                      movl  0xc(%ebp), %eax
05 ff ff ff 3f                add $0x3fffffff, %eax
83 45 0c 01                   addl  $0x1, 0xc(%ebp)
8b 45 0c                      movl  0xc(%ebp), %eax
8b 45 0c                      movl  0xc(%ebp), %eax
8b 45 0c                      movl  0xc(%ebp), %eax
05 ff ff ff 3f                add $0x3fffffff, %eax
8b 45 0c                      movl  0xc(%ebp), %eax
8b 45 0c                      movl  0xc(%ebp), %eax
83 45 0c 01                   addl  $0x1, 0xc(%ebp)
8b 45 0c                      movl  0xc(%ebp), %eax
int
83 45 f4 01                   addl  $0x1, -0xc(%ebp)
3b 45 f4                      cmpl  -0xc(%ebp), %eax
0f 8d 1c ff ff ff             jnl 0x8048a9d
8b 45 f4                      movl  -0xc(%ebp), %eax
7e 30                         jle 0x8048ad5
8b 45 f4                      movl  -0xc(%ebp), %eax
8b 45 f4                      movl  -0xc(%ebp), %eax
05 ff ff ff 3f                add $0x3fffffff, %eax
75 05                         jnz 0x8048ad5
8b 45 f4                      movl  -0xc(%ebp), %eax
8b 45 f4                      movl  -0xc(%ebp), %eax
8b 45 f4                      movl  -0xc(%ebp), %eax
8d 50 01                      leal  0x1(%eax), %edx
89 54 24 04                   movl  %edx, 0x4(%esp)
e8 24 fd ff ff                calll  0x8048887
0f 85 fa 01 00 00             jnz 0x8048a92
e9 e4 01 00 00                jmp 0x8048a81
8b 45 0c                      movl  0xc(%ebp), %eax
0f 8c 10 fe ff ff             jl 0x804889d
8b 45 0c                      movl  0xc(%ebp), %eax
int
3b 45 f4                      cmpl  -0xc(%ebp), %eax
0f 8d 1c ff ff ff             jnl 0x8048a9d
7e 30                         jle 0x8048ad5
75 05                         jnz 0x8048ad5
e8 24 fd ff ff                calll  0x8048887
0f 85 fa 01 00 00             jnz 0x8048a92
e9 e4 01 00 00                jmp 0x8048a81
0f 8c 10 fe ff ff             jl 0x804889d
7d 40                         jnl 0x804890e
0f 8d a3 01 00 00             jnl 0x8048a81
74 c5                         jz 0x80488ce
e9 73 01 00 00                jmp 0x8048a81
0f 8c 10 fe ff ff             jl 0x804889d
7d 40                         jnl 0x804890e
7e 3e                         jle 0x8048962
e8 3e 3a 01 00                calll  0x805c410
e8 68 c3 fe ff                calll  0x8048780
8b 1c 24                      movl  (%esp), %ebx
c3                            retl  
81 c3 e8 cb 07 00             add $0x7cbe8, %ebx
int
8b 45 f4                      movl  -0xc(%ebp), %eax
8d 50 01                      leal  0x1(%eax), %edx
89 54 24 04                   movl  %edx, 0x4(%esp)
8b 45 0c                      movl  0xc(%ebp), %eax
8b 45 0c                      movl  0xc(%ebp), %eax
01 d0                         add %edx, %eax
83 45 0c 01                   addl  $0x1, 0xc(%ebp)
8b 45 0c                      movl  0xc(%ebp), %eax
8b 45 0c                      movl  0xc(%ebp), %eax
8b 45 0c                      movl  0xc(%ebp), %eax
05 ff ff ff 3f                add $0x3fffffff, %eax
8b 45 0c                      movl  0xc(%ebp), %eax
8b 45 0c                      movl  0xc(%ebp), %eax
8b 45 0c                      movl  0xc(%ebp), %eax
83 45 0c 01                   addl  $0x1, 0xc(%ebp)
8b 45 0c                      movl  0xc(%ebp), %eax
8b 45 0c                      movl  0xc(%ebp), %eax
8b 45 0c                      movl  0xc(%ebp), %eax
05 ff ff ff 3f                add $0x3fffffff, %eax
83 45 0c 01                   addl  $0x1, 0xc(%ebp)
int
83 45 f4 01                   addl  $0x1, -0xc(%ebp)
3b 45 f4                      cmpl  -0xc(%ebp), %eax
0f 8d 1c ff ff ff             jnl 0x8048a9d
8b 45 f4                      movl  -0xc(%ebp), %eax
7e 30                         jle 0x8048ad5
8b 45 f4                      movl  -0xc(%ebp), %eax
8b 45 f4                      movl  -0xc(%ebp), %eax
05 ff ff ff 3f                add $0x3fffffff, %eax
75 05                         jnz 0x8048ad5
e9 92 00 00 00                jmp 0x8048b67
83 45 f4 01                   addl  $0x1, -0xc(%ebp)
3b 45 f4                      cmpl  -0xc(%ebp), %eax
0f 8d 1c ff ff ff             jnl 0x8048a9d
8b 45 f4                      movl  -0xc(%ebp), %eax
7e 30                         jle 0x8048ad5
8b 45 f4                      movl  -0xc(%ebp), %eax
8b 45 f4                      movl  -0xc(%ebp), %eax
05 ff ff ff 3f                add $0x3fffffff, %eax
75 05                         jnz 0x8048ad5
8b 45 f4                      movl  -0xc(%ebp), %eax
int
3b 45 f4                      cmpl  -0xc(%ebp), %eax
0f 8d 1c ff ff ff             jnl 0x8048a9d
7e 30                         jle 0x8048ad5
75 05                         jnz 0x8048ad5
e9 92 00 00 00                jmp 0x8048b67
0f 8d 1c ff ff ff             jnl 0x8048a9d
7e 30                         jle 0x8048ad5
75 05                         jnz 0x8048ad5
e8 24 fd ff ff                calll  0x8048887
0f 85 fa 01 00 00             jnz 0x8048a92
e9 e4 01 00 00                jmp 0x8048a81
0f 8c 10 fe ff ff             jl 0x804889d
7d 40                         jnl 0x804890e
7e 3e                         jle 0x8048962
0f 8e 4d 01 00 00             jle 0x8048a81
0f 8c 10 fe ff ff             jl 0x804889d
e9 ef 00 00 00                jmp 0x8048b81
c3                            retl  
0f 8d 1c ff ff ff             jnl 0x8048a9d
83 c4 44                      add $0x44, %esp
int
83 45 f4 01                   addl  $0x1, -0xc(%ebp)
3b 45 f4                      cmpl  -0xc(%ebp), %eax
0f 8d 1c ff ff ff             jnl 0x8048a9d
8b 45 f4                      movl  -0xc(%ebp), %eax
7e 30                         jle 0x8048ad5
8b 45 f4                      movl  -0xc(%ebp), %eax
8b 45 f4                      movl  -0xc(%ebp), %eax
05 ff ff ff 3f                add $0x3fffffff, %eax
75 05                         jnz 0x8048ad5
8b 45 f4                      movl  -0xc(%ebp), %eax
8b 45 f4                      movl  -0xc(%ebp), %eax
8b 45 f4                      movl  -0xc(%ebp), %eax
8d 50 01                      leal  0x1(%eax), %edx
89 54 24 04                   movl  %edx, 0x4(%esp)
e8 24 fd ff ff                calll  0x8048887
0f 85 fa 01 00 00             jnz 0x8048a92
e9 e4 01 00 00                jmp 0x8048a81
8b 45 0c                      movl  0xc(%ebp), %eax
0f 8c 10 fe ff ff             jl 0x804889d
8b 45 0c                      movl  0xc(%ebp), %eax
int
3b 45 f4                      cmpl  -0xc(%ebp), %eax
0f 8d 1c ff ff ff             jnl 0x8048a9d
7e 30                         jle 0x8048ad5
75 05                         jnz 0x8048ad5
e8 24 fd ff ff                calll  0x8048887
0f 85 fa 01 00 00             jnz 0x8048a92
e9 e4 01 00 00                jmp 0x8048a81
0f 8c 10 fe ff ff             jl 0x804889d
7d 40                         jnl 0x804890e
7e 3e                         jle 0x8048962
0f 8e 4d 01 00 00             jle 0x8048a81
0f 8c 10 fe ff ff             jl 0x804889d
e9 ef 00 00 00                jmp 0x8048b81
c3                            retl  
0f 8d 1c ff ff ff             jnl 0x8048a9d
83 c4 44                      add $0x44, %esp
int
8b 45 f4                      movl  -0xc(%ebp), %eax
8d 50 01                      leal  0x1(%eax), %edx
89 54 24 04                   movl  %edx, 0x4(%esp)
8b 45 0c                      movl  0xc(%ebp), %eax
8b 45 0c                      movl  0xc(%ebp), %eax
01 d0                         add %edx, %eax
3b 45 0c                      cmpl  0xc(%ebp), %eax
0f 8e 4d 01 00 00             jle 0x8048a81
8b 45 0c                      movl  0xc(%ebp), %eax
0f 8c 10 fe ff ff             jl 0x804889d
e9 ef 00 00 00                jmp 0x8048b81
int
83 45 f4 01                   addl  $0x1, -0xc(%ebp)
3b 45 f4                      cmpl  -0xc(%ebp), %eax
0f 8d 1c ff ff ff             jnl 0x8048a9d
8b 45 f4                      movl  -0xc(%ebp), %eax
7e 30                         jle 0x8048ad5
8b 45 f4                      movl  -0xc(%ebp), %eax
8b 45 f4                      movl  -0xc(%ebp), %eax
05 ff ff ff 3f                add $0x3fffffff, %eax
75 05                         jnz 0x8048ad5
e9 92 00 00 00                jmp 0x8048b67
83 45 f4 01                   addl  $0x1, -0xc(%ebp)
3b 45 f4                      cmpl  -0xc(%ebp), %eax
0f 8d 1c ff ff ff             jnl 0x8048a9d
8b 45 f4                      movl  -0xc(%ebp), %eax
7e 30                         jle 0x8048ad5
8b 45 f4                      movl  -0xc(%ebp), %eax
8b 45 f4                      movl  -0xc(%ebp), %eax
05 ff ff ff 3f                add $0x3fffffff, %eax
75 05                         jnz 0x8048ad5
8b 45 f4                      movl  -0xc(%ebp), %eax
int
3b 45 f4                      cmpl  -0xc(%ebp), %eax
0f 8d 1c ff ff ff             jnl 0x8048a9d
7e 30                         jle 0x8048ad5
75 05                         jnz 0x8048ad5
e9 92 00 00 00                jmp 0x8048b67
0f 8d 1c ff ff ff             jnl 0x8048a9d
7e 30                         jle 0x8048ad5
75 05                         jnz 0x8048ad5
e8 24 fd ff ff                calll  0x8048887
0f 85 fa 01 00 00             jnz 0x8048a92
e9 ce 00 00 00                jmp 0x8048b6b
0f 8d 1c ff ff ff             jnl 0x8048a9d
7e 30                         jle 0x8048ad5
e8 24 fd ff ff                calll  0x8048887
0f 85 fa 01 00 00             jnz 0x8048a92
e9 e4 01 00 00                jmp 0x8048a81
0f 8c 10 fe ff ff             jl 0x804889d
7d 40                         jnl 0x804890e
7e 3e                         jle 0x8048962
0f 8e 4d 01 00 00             jle 0x8048a81
int
83 45 f4 01                   addl  $0x1, -0xc(%ebp)
3b 45 f4                      cmpl  -0xc(%ebp), %eax
0f 8d 1c ff ff ff             jnl 0x8048a9d
8b 45 f4                      movl  -0xc(%ebp), %eax
7e 30                         jle 0x8048ad5
8b 45 f4                      movl  -0xc(%ebp), %eax
8b 45 f4                      movl  -0xc(%ebp), %eax
05 ff ff ff 3f                add $0x3fffffff, %eax
75 05                         jnz 0x8048ad5
8b 45 f4                      movl  -0xc(%ebp), %eax
8b 45 f4                      movl  -0xc(%ebp), %eax
8b 45 f4                      movl  -0xc(%ebp), %eax
8d 50 01                      leal  0x1(%eax), %edx
89 54 24 04                   movl  %edx, 0x4(%esp)
e8 24 fd ff ff                calll  0x8048887
0f 85 fa 01 00 00             jnz 0x8048a92
8b 45 0c                      movl  0xc(%ebp), %eax
89 45 f4                      movl  %eax, -0xc(%ebp)
e9 ce 00 00 00                jmp 0x8048b6b
3b 45 f4                      cmpl  -0xc(%ebp), %eax
int
3b 45 f4                      cmpl  -0xc(%ebp), %eax
0f 8d 1c ff ff ff             jnl 0x8048a9d
7e 30                         jle 0x8048ad5
75 05                         jnz 0x8048ad5
e8 24 fd ff ff                calll  0x8048887
0f 85 fa 01 00 00             jnz 0x8048a92
e9 ce 00 00 00                jmp 0x8048b6b
0f 8d 1c ff ff ff             jnl 0x8048a9d
7e 30                         jle 0x8048ad5
e8 24 fd ff ff                calll  0x8048887
0f 85 fa 01 00 00             jnz 0x8048a92
e9 e4 01 00 00                jmp 0x8048a81
0f 8c 10 fe ff ff             jl 0x804889d
7d 40                         jnl 0x804890e
7e 3e                         jle 0x8048962
0f 8e 4d 01 00 00             jle 0x8048a81
74 c7                         jz 0x8048924
0f 8e 4d 01 00 00             jle 0x8048a81
0f 8c 10 fe ff ff             jl 0x804889d
e9 ef 00 00 00                jmp 0x8048b81
int
8b 45 f4                      movl  -0xc(%ebp), %eax
8d 50 01                      leal  0x1(%eax), %edx
89 54 24 04                   movl  %edx, 0x4(%esp)
8b 45 0c                      movl  0xc(%ebp), %eax
89 45 f4                      movl  %eax, -0xc(%ebp)
3b 45 f4                      cmpl  -0xc(%ebp), %eax
0f 8d 1c ff ff ff             jnl 0x8048a9d
8b 45 f4                      movl  -0xc(%ebp), %eax
3b 45 0c                      cmpl  0xc(%ebp), %eax
7e 30                         jle 0x8048ad5
8b 45 f4                      movl  -0xc(%ebp), %eax
8b 45 f4                      movl  -0xc(%ebp), %eax
8b 45 f4                      movl  -0xc(%ebp), %eax
8d 50 01                      leal  0x1(%eax), %edx
89 54 24 04                   movl  %edx, 0x4(%esp)
e8 24 fd ff ff                calll  0x8048887
0f 85 fa 01 00 00             jnz 0x8048a92
e9 e4 01 00 00                jmp 0x8048a81
8b 45 0c                      movl  0xc(%ebp), %eax
0f 8c 10 fe ff ff             jl 0x804889d
int
3b 45 f4                      cmpl  -0xc(%ebp), %eax
0f 8d 1c ff ff ff             jnl 0x8048a9d
7e 30                         jle 0x8048ad5
e8 24 fd ff ff                calll  0x8048887
0f 85 fa 01 00 00             jnz 0x8048a92
e9 e4 01 00 00                jmp 0x8048a81
0f 8c 10 fe ff ff             jl 0x804889d
7d 40                         jnl 0x804890e
7e 3e                         jle 0x8048962
0f 8e 4d 01 00 00             jle 0x8048a81
74 c7                         jz 0x8048924
0f 8e 4d 01 00 00             jle 0x8048a81
0f 8c 10 fe ff ff             jl 0x804889d
e9 ef 00 00 00                jmp 0x8048b81
c3                            retl  
0f 8d 1c ff ff ff             jnl 0x8048a9d
7e 30                         jle 0x8048ad5
75 05                         jnz 0x8048ad5
e8 24 fd ff ff                calll  0x8048887
89 e5                         mov %esp, %ebp
int
8b 45 f4                      movl  -0xc(%ebp), %eax
8d 50 01                      leal  0x1(%eax), %edx
89 54 24 04                   movl  %edx, 0x4(%esp)
8b 45 0c                      movl  0xc(%ebp), %eax
8b 45 0c                      movl  0xc(%ebp), %eax
01 d0                         add %edx, %eax
3b 45 0c                      cmpl  0xc(%ebp), %eax
0f 8e 4d 01 00 00             jle 0x8048a81
74 c7                         jz 0x8048924
3b 45 0c                      cmpl  0xc(%ebp), %eax
0f 8e 4d 01 00 00             jle 0x8048a81
8b 45 0c                      movl  0xc(%ebp), %eax
0f 8c 10 fe ff ff             jl 0x804889d
e9 ef 00 00 00                jmp 0x8048b81
int
83 45 f4 01                   addl  $0x1, -0xc(%ebp)
3b 45 f4                      cmpl  -0xc(%ebp), %eax
0f 8d 1c ff ff ff             jnl 0x8048a9d
8b 45 f4                      movl  -0xc(%ebp), %eax
7e 30                         jle 0x8048ad5
8b 45 f4                      movl  -0xc(%ebp), %eax
8b 45 f4                      movl  -0xc(%ebp), %eax
05 ff ff ff 3f                add $0x3fffffff, %eax
75 05                         jnz 0x8048ad5
8b 45 f4                      movl  -0xc(%ebp), %eax
8b 45 f4                      movl  -0xc(%ebp), %eax
8b 45 f4                      movl  -0xc(%ebp), %eax
8d 50 01                      leal  0x1(%eax), %edx
89 54 24 04                   movl  %edx, 0x4(%esp)
e8 24 fd ff ff                calll  0x8048887
0f 85 fa 01 00 00             jnz 0x8048a92
e9 e4 01 00 00                jmp 0x8048a81
8b 45 0c                      movl  0xc(%ebp), %eax
0f 8c 10 fe ff ff             jl 0x804889d
8b 45 0c                      movl  0xc(%ebp), %eax
int
3b 45 f4                      cmpl  -0xc(%ebp), %eax
0f 8d 1c ff ff ff             jnl 0x8048a9d
7e 30                         jle 0x8048ad5
75 05                         jnz 0x8048ad5
e8 24 fd ff ff                calll  0x8048887
0f 85 fa 01 00 00             jnz 0x8048a92
e9 e4 01 00 00                jmp 0x8048a81
0f 8c 10 fe ff ff             jl 0x804889d
7d 40                         jnl 0x804890e
7e 3e                         jle 0x8048962
0f 8e 4d 01 00 00             jle 0x8048a81
0f 8c 10 fe ff ff             jl 0x804889d
e9 ef 00 00 00                jmp 0x8048b81
c3                            retl  
0f 8d 1c ff ff ff             jnl 0x8048a9d
83 c4 44                      add $0x44, %esp
int
8b 45 f4                      movl  -0xc(%ebp), %eax
8d 50 01                      leal  0x1(%eax), %edx
89 54 24 04                   movl  %edx, 0x4(%esp)
8b 45 0c                      movl  0xc(%ebp), %eax
8b 45 0c                      movl  0xc(%ebp), %eax
01 d0                         add %edx, %eax
3b 45 0c                      cmpl  0xc(%ebp), %eax
0f 8e 4d 01 00 00             jle 0x8048a81
8b 45 0c                      movl  0xc(%ebp), %eax
0f 8c 10 fe ff ff             jl 0x804889d
e9 ef 00 00 00                jmp 0x8048b81
int
83 45 f4 01                   addl  $0x1, -0xc(%ebp)
3b 45 f4                      cmpl  -0xc(%ebp), %eax
0f 8d 1c ff ff ff             jnl 0x8048a9d
8b 45 f4                      movl  -0xc(%ebp), %eax
7e 30                         jle 0x8048ad5
8b 45 f4                      movl  -0xc(%ebp), %eax
8b 45 f4                      movl  -0xc(%ebp), %eax
05 ff ff ff 3f                add $0x3fffffff, %eax
75 05                         jnz 0x8048ad5
e9 92 00 00 00                jmp 0x8048b67
83 45 f4 01                   addl  $0x1, -0xc(%ebp)
3b 45 f4                      cmpl  -0xc(%ebp), %eax
0f 8d 1c ff ff ff             jnl 0x8048a9d
int
3b 45 f4                      cmpl  -0xc(%ebp), %eax
0f 8d 1c ff ff ff             jnl 0x8048a9d
7e 30                         jle 0x8048ad5
75 05                         jnz 0x8048ad5
e9 92 00 00 00                jmp 0x8048b67
0f 8d 1c ff ff ff             jnl 0x8048a9d
upointer
8b 45 f0                      movl  -0x10(%ebp), %eax
89 44 24 48                   movl  %eax, 0x48(%esp)
8b 44 24 48                   movl  0x48(%esp), %eax
01 d0                         add %edx, %eax
8b 44 24 48                   movl  0x48(%esp), %eax
01 d0                         add %edx, %eax
8b 44 24 48                   movl  0x48(%esp), %eax
01 d0                         add %edx, %eax
8b 44 24 48                   movl  0x48(%esp), %eax
01 f0                         add %esi, %eax
8b 44 24 48                   movl  0x48(%esp), %eax
01 d0                         add %edx, %eax
8b 44 24 48                   movl  0x48(%esp), %eax
01 d0                         add %edx, %eax
8b 44 24 48                   movl  0x48(%esp), %eax
01 d0                         add %edx, %eax
8b 44 24 48                   movl  0x48(%esp), %eax
01 f0                         add %esi, %eax
int
39 44 24 4c                   cmpl  %eax, 0x4c(%esp)
0f 8c 74 ff ff ff             jl 0x8048cc2
e8 f5 6f 00 00                calll  0x804fd30
e8 4a 8a ff ff                calll  0x8048780
8b 1c 24                      movl  (%esp), %ebx
c3                            retl  
81 c3 ca 92 08 00             add $0x892ca, %ebx
83 ec 08                      sub $0x8, %esp
8d 44 24 14                   leal  0x14(%esp), %eax
83 ec 04                      sub $0x4, %esp
50                            pushl  %eax
e8 68 05 03 00                calll  0x80802c0
89 e5                         mov %esp, %ebp
53                            pushl  %ebx
e8 b5 84 fc ff                calll  0x8048780
8b 1c 24                      movl  (%esp), %ebx
c3                            retl  
81 c3 35 8d 05 00             add $0x58d35, %ebx
81 ec ec 04 00 00             sub $0x4ec, %esp
8b 45 10                      movl  0x10(%ebp), %eax
int
83 44 24 4c 01                addl  $0x1, 0x4c(%esp)
39 44 24 4c                   cmpl  %eax, 0x4c(%esp)
0f 8c 74 ff ff ff             jl 0x8048cc2
8b 44 24 4c                   movl  0x4c(%esp), %eax
8b 44 24 4c                   movl  0x4c(%esp), %eax
8b 44 24 4c                   movl  0x4c(%esp), %eax
8b 44 24 4c                   movl  0x4c(%esp), %eax
e8 f5 6f 00 00                calll  0x804fd30
e8 4a 8a ff ff                calll  0x8048780
8b 1c 24                      movl  (%esp), %ebx
c3                            retl  
81 c3 ca 92 08 00             add $0x892ca, %ebx
83 ec 08                      sub $0x8, %esp
8d 44 24 14                   leal  0x14(%esp), %eax
83 ec 04                      sub $0x4, %esp
50                            pushl  %eax
e8 68 05 03 00                calll  0x80802c0
89 e5                         mov %esp, %ebp
53                            pushl  %ebx
e8 b5 84 fc ff                calll  0x8048780
int
39 44 24 4c                   cmpl  %eax, 0x4c(%esp)
0f 8c 74 ff ff ff             jl 0x8048cc2
e8 f5 6f 00 00                calll  0x804fd30
e8 4a 8a ff ff                calll  0x8048780
8b 1c 24                      movl  (%esp), %ebx
c3                            retl  
81 c3 ca 92 08 00             add $0x892ca, %ebx
83 ec 08                      sub $0x8, %esp
8d 44 24 14                   leal  0x14(%esp), %eax
83 ec 04                      sub $0x4, %esp
50                            pushl  %eax
e8 68 05 03 00                calll  0x80802c0
89 e5                         mov %esp, %ebp
53                            pushl  %ebx
e8 b5 84 fc ff                calll  0x8048780
8b 1c 24                      movl  (%esp), %ebx
c3                            retl  
81 c3 35 8d 05 00             add $0x58d35, %ebx
81 ec ec 04 00 00             sub $0x4ec, %esp
8b 45 10                      movl  0x10(%ebp), %eax
int
8b 44 24 44                   movl  0x44(%esp), %eax
50                            pushl  %eax
ff 74 24 1c                   pushl  0x1c(%esp)
ff 74 24 38                   pushl  0x38(%esp)
ff 74 24 3c                   pushl  0x3c(%esp)
8b 5c 24 04                   movl  0x4(%esp), %ebx
