int
3b 44 24 1c                   cmpl  0x1c(%esp), %eax
7c 8f                         jl 0x8048953
e8 a4 fe ff ff                calll  0x8048874
75 0a                         jnz 0x804888a
e9 a2 00 00 00                jmp 0x804892c
c3                            retl  
eb 21                         jmp 0x80489f7
75 d8                         jnz 0x80489d6
e8 06 7e 00 00                calll  0x8050810
89 e5                         mov %esp, %ebp
e8 b9 c6 ff ff                calll  0x804ced3
8b 3c 24                      movl  (%esp), %edi
c3                            retl  
81 c7 e6 87 08 00             add $0x887e6, %edi
83 ec 1c                      sub $0x1c, %esp
75 3d                         jnz 0x8050878
74 28                         jz 0x8050874
74 01                         jz 0x805085c
74 07                         jz 0x8050868
73 4c                         jnb 0x80508d0
upointer
8b 44 24 28                   movl  0x28(%esp), %eax
89 04 24                      movl  %eax, (%esp)
83 7d 08 00                   cmpl  $0x0, 0x8(%ebp)
75 0a                         jnz 0x804888a
e9 a2 00 00 00                jmp 0x804892c
89 44 24 24                   movl  %eax, 0x24(%esp)
83 7c 24 24 00                cmpl  $0x0, 0x24(%esp)
75 d8                         jnz 0x80489d6
e8 06 7e 00 00                calll  0x8050810
e8 b9 c6 ff ff                calll  0x804ced3
8b 3c 24                      movl  (%esp), %edi
c3                            retl  
81 c7 e6 87 08 00             add $0x887e6, %edi
83 ec 1c                      sub $0x1c, %esp
75 3d                         jnz 0x8050878
74 28                         jz 0x8050874
74 01                         jz 0x805085c
74 07                         jz 0x8050868
73 4c                         jnb 0x80508d0
83 ec 08                      sub $0x8, %esp
upointer
83 7c 24 24 00                cmpl  $0x0, 0x24(%esp)
75 d8                         jnz 0x80489d6
e8 06 7e 00 00                calll  0x8050810
e8 b9 c6 ff ff                calll  0x804ced3
8b 3c 24                      movl  (%esp), %edi
c3                            retl  
81 c7 e6 87 08 00             add $0x887e6, %edi
83 ec 1c                      sub $0x1c, %esp
75 3d                         jnz 0x8050878
74 28                         jz 0x8050874
74 01                         jz 0x805085c
74 07                         jz 0x8050868
73 4c                         jnb 0x80508d0
83 ec 08                      sub $0x8, %esp
89 fb                         mov %edi, %ebx
e8 64 53 00 00                calll  0x8055c40
57                            pushl  %edi
53                            pushl  %ebx
e8 46 37 ff ff                calll  0x8049392
8b 04 24                      movl  (%esp), %eax
