upointer
8b 54 24 14                   movl  0x14(%esp), %edx
89 50 04                      movl  %edx, 0x4(%eax)
8b 40 04                      movl  0x4(%eax), %eax
85 c0                         test %eax, %eax
75 ed                         jnz 0x8048882
8b 40 04                      movl  0x4(%eax), %eax
89 45 fc                      movl  %eax, -0x4(%ebp)
8b 45 fc                      movl  -0x4(%ebp), %eax
75 ed                         jnz 0x8048882
8b 45 fc                      movl  -0x4(%ebp), %eax
eb 5d                         jmp 0x804890d
74 0a                         jz 0x804891d
8b 40 04                      movl  0x4(%eax), %eax
85 c0                         test %eax, %eax
75 93                         jnz 0x80488b0
75 3c                         jnz 0x80488f4
74 31                         jz 0x80488f4
8b 40 04                      movl  0x4(%eax), %eax
89 45 f4                      movl  %eax, -0xc(%ebp)
8b 40 04                      movl  0x4(%eax), %eax
upointer
8b 54 24 14                   movl  0x14(%esp), %edx
89 50 04                      movl  %edx, 0x4(%eax)
8b 40 04                      movl  0x4(%eax), %eax
85 c0                         test %eax, %eax
75 93                         jnz 0x80488b0
75 3c                         jnz 0x80488f4
8b 40 04                      movl  0x4(%eax), %eax
74 0a                         jz 0x804891d
8b 40 04                      movl  0x4(%eax), %eax
85 c0                         test %eax, %eax
75 93                         jnz 0x80488b0
75 3c                         jnz 0x80488f4
74 31                         jz 0x80488f4
eb 12                         jmp 0x80488dd
75 e6                         jnz 0x80488cb
8b 40 04                      movl  0x4(%eax), %eax
89 45 f0                      movl  %eax, -0x10(%ebp)
3b 45 f0                      cmpl  -0x10(%ebp), %eax
75 e6                         jnz 0x80488cb
eb 38                         jmp 0x804892c
upointer
8b 44 24 18                   movl  0x18(%esp), %eax
89 44 24 04                   movl  %eax, 0x4(%esp)
8b 55 0c                      movl  0xc(%ebp), %edx
89 50 04                      movl  %edx, 0x4(%eax)
8b 40 04                      movl  0x4(%eax), %eax
89 45 f0                      movl  %eax, -0x10(%ebp)
83 7d f0 00                   cmpl  $0x0, -0x10(%ebp)
74 0a                         jz 0x804891d
8b 45 f0                      movl  -0x10(%ebp), %eax
75 93                         jnz 0x80488b0
3b 45 f0                      cmpl  -0x10(%ebp), %eax
75 3c                         jnz 0x80488f4
8b 40 04                      movl  0x4(%eax), %eax
89 45 f4                      movl  %eax, -0xc(%ebp)
8b 45 f0                      movl  -0x10(%ebp), %eax
8b 40 04                      movl  0x4(%eax), %eax
89 45 f0                      movl  %eax, -0x10(%ebp)
83 7d f0 00                   cmpl  $0x0, -0x10(%ebp)
74 0a                         jz 0x804891d
8b 45 f0                      movl  -0x10(%ebp), %eax
upointer
8b 44 24 1c                   movl  0x1c(%esp), %eax
89 04 24                      movl  %eax, (%esp)
8b 45 08                      movl  0x8(%ebp), %eax
89 45 fc                      movl  %eax, -0x4(%ebp)
8b 45 fc                      movl  -0x4(%ebp), %eax
8b 45 fc                      movl  -0x4(%ebp), %eax
8b 45 08                      movl  0x8(%ebp), %eax
89 45 f4                      movl  %eax, -0xc(%ebp)
8b 45 08                      movl  0x8(%ebp), %eax
89 45 f0                      movl  %eax, -0x10(%ebp)
83 7d f0 00                   cmpl  $0x0, -0x10(%ebp)
74 0a                         jz 0x804891d
8b 45 f0                      movl  -0x10(%ebp), %eax
75 93                         jnz 0x80488b0
8b 45 f4                      movl  -0xc(%ebp), %eax
3b 45 f0                      cmpl  -0x10(%ebp), %eax
75 3c                         jnz 0x80488f4
74 31                         jz 0x80488f4
8b 45 f4                      movl  -0xc(%ebp), %eax
8b 45 f0                      movl  -0x10(%ebp), %eax
upointer
83 7d f0 00                   cmpl  $0x0, -0x10(%ebp)
74 0a                         jz 0x804891d
75 93                         jnz 0x80488b0
75 3c                         jnz 0x80488f4
74 31                         jz 0x80488f4
74 0a                         jz 0x804891d
75 93                         jnz 0x80488b0
75 3c                         jnz 0x80488f4
74 0a                         jz 0x804891d
75 93                         jnz 0x80488b0
75 3c                         jnz 0x80488f4
74 31                         jz 0x80488f4
eb 12                         jmp 0x80488dd
75 e6                         jnz 0x80488cb
75 e6                         jnz 0x80488cb
eb 38                         jmp 0x804892c
upointer
3b 45 f0                      cmpl  -0x10(%ebp), %eax
75 3c                         jnz 0x80488f4
74 31                         jz 0x80488f4
74 0a                         jz 0x804891d
75 93                         jnz 0x80488b0
75 3c                         jnz 0x80488f4
74 0a                         jz 0x804891d
75 93                         jnz 0x80488b0
75 3c                         jnz 0x80488f4
74 31                         jz 0x80488f4
eb 12                         jmp 0x80488dd
75 e6                         jnz 0x80488cb
75 e6                         jnz 0x80488cb
eb 38                         jmp 0x804892c
upointer
83 7d f0 00                   cmpl  $0x0, -0x10(%ebp)
74 0a                         jz 0x804891d
75 93                         jnz 0x80488b0
75 3c                         jnz 0x80488f4
74 0a                         jz 0x804891d
75 93                         jnz 0x80488b0
75 3c                         jnz 0x80488f4
74 31                         jz 0x80488f4
eb 12                         jmp 0x80488dd
75 e6                         jnz 0x80488cb
75 e6                         jnz 0x80488cb
eb 38                         jmp 0x804892c
upointer
3b 45 f0                      cmpl  -0x10(%ebp), %eax
75 3c                         jnz 0x80488f4
74 0a                         jz 0x804891d
75 93                         jnz 0x80488b0
75 3c                         jnz 0x80488f4
74 31                         jz 0x80488f4
eb 12                         jmp 0x80488dd
75 e6                         jnz 0x80488cb
75 e6                         jnz 0x80488cb
eb 38                         jmp 0x804892c
upointer
83 7d f0 00                   cmpl  $0x0, -0x10(%ebp)
74 0a                         jz 0x804891d
75 93                         jnz 0x80488b0
75 3c                         jnz 0x80488f4
74 31                         jz 0x80488f4
eb 12                         jmp 0x80488dd
75 e6                         jnz 0x80488cb
75 e6                         jnz 0x80488cb
eb 38                         jmp 0x804892c
upointer
3b 45 f0                      cmpl  -0x10(%ebp), %eax
75 3c                         jnz 0x80488f4
74 31                         jz 0x80488f4
eb 12                         jmp 0x80488dd
75 e6                         jnz 0x80488cb
75 e6                         jnz 0x80488cb
eb 38                         jmp 0x804892c
upointer
3b 45 f0                      cmpl  -0x10(%ebp), %eax
75 e6                         jnz 0x80488cb
75 e6                         jnz 0x80488cb
eb 38                         jmp 0x804892c
upointer
8b 45 f4                      movl  -0xc(%ebp), %eax
89 44 24 10                   movl  %eax, 0x10(%esp)
83 7c 24 10 00                cmpl  $0x0, 0x10(%esp)
74 16                         jz 0x80489db
8b 44 24 10                   movl  0x10(%esp), %eax
e8 e5 6f 00 00                calll  0x804f9c0
e8 ba 8d ff ff                calll  0x8048780
8b 1c 24                      movl  (%esp), %ebx
c3                            retl  
81 c3 3a 96 08 00             add $0x8963a, %ebx
83 ec 08                      sub $0x8, %esp
8d 44 24 14                   leal  0x14(%esp), %eax
83 ec 04                      sub $0x4, %esp
50                            pushl  %eax
e8 68 05 03 00                calll  0x807ff50
89 e5                         mov %esp, %ebp
53                            pushl  %ebx
e8 25 88 fc ff                calll  0x8048780
8b 1c 24                      movl  (%esp), %ebx
c3                            retl  
upointer
83 7c 24 10 00                cmpl  $0x0, 0x10(%esp)
74 16                         jz 0x80489db
e8 e5 6f 00 00                calll  0x804f9c0
e8 ba 8d ff ff                calll  0x8048780
8b 1c 24                      movl  (%esp), %ebx
c3                            retl  
81 c3 3a 96 08 00             add $0x8963a, %ebx
83 ec 08                      sub $0x8, %esp
8d 44 24 14                   leal  0x14(%esp), %eax
83 ec 04                      sub $0x4, %esp
50                            pushl  %eax
e8 68 05 03 00                calll  0x807ff50
89 e5                         mov %esp, %ebp
53                            pushl  %ebx
e8 25 88 fc ff                calll  0x8048780
8b 1c 24                      movl  (%esp), %ebx
c3                            retl  
81 c3 a5 90 05 00             add $0x590a5, %ebx
81 ec ec 04 00 00             sub $0x4ec, %esp
8b 45 10                      movl  0x10(%ebp), %eax
