int
01 45 f8                      addl  %eax, -0x8(%ebp)
8b 45 f8                      movl  -0x8(%ebp), %eax
83 7d f8 00                   cmpl  $0x0, -0x8(%ebp)
79 07                         jns 0x80489ea
7c c6                         jl 0x80489bc
79 07                         jns 0x80489ea
7c c6                         jl 0x80489bc
79 07                         jns 0x80489ea
7c c6                         jl 0x80489bc
79 07                         jns 0x80489ea
7c c6                         jl 0x80489bc
79 07                         jns 0x80489ea
7c c6                         jl 0x80489bc
79 07                         jns 0x80489ea
7c c6                         jl 0x80489bc
79 07                         jns 0x80489ea
7c c6                         jl 0x80489bc
79 07                         jns 0x80489ea
7c c6                         jl 0x80489bc
79 07                         jns 0x80489ea
int
0f 4d 45 f4                   cmovnll  -0xc(%ebp), %eax
89 45 f4                      movl  %eax, -0xc(%ebp)
39 45 f4                      cmpl  %eax, -0xc(%ebp)
0f 4d 45 f4                   cmovnll  -0xc(%ebp), %eax
89 45 f4                      movl  %eax, -0xc(%ebp)
39 45 f4                      cmpl  %eax, -0xc(%ebp)
0f 4d 45 f4                   cmovnll  -0xc(%ebp), %eax
89 45 f4                      movl  %eax, -0xc(%ebp)
39 45 f4                      cmpl  %eax, -0xc(%ebp)
0f 4d 45 f4                   cmovnll  -0xc(%ebp), %eax
89 45 f4                      movl  %eax, -0xc(%ebp)
39 45 f4                      cmpl  %eax, -0xc(%ebp)
0f 4d 45 f4                   cmovnll  -0xc(%ebp), %eax
89 45 f4                      movl  %eax, -0xc(%ebp)
39 45 f4                      cmpl  %eax, -0xc(%ebp)
0f 4d 45 f4                   cmovnll  -0xc(%ebp), %eax
89 45 f4                      movl  %eax, -0xc(%ebp)
39 45 f4                      cmpl  %eax, -0xc(%ebp)
0f 4d 45 f4                   cmovnll  -0xc(%ebp), %eax
89 45 f4                      movl  %eax, -0xc(%ebp)
int
83 7d f8 00                   cmpl  $0x0, -0x8(%ebp)
79 07                         jns 0x80489ea
7c c6                         jl 0x80489bc
79 07                         jns 0x80489ea
7c c6                         jl 0x80489bc
79 07                         jns 0x80489ea
7c c6                         jl 0x80489bc
79 07                         jns 0x80489ea
7c c6                         jl 0x80489bc
79 07                         jns 0x80489ea
7c c6                         jl 0x80489bc
79 07                         jns 0x80489ea
7c c6                         jl 0x80489bc
79 07                         jns 0x80489ea
7c c6                         jl 0x80489bc
79 07                         jns 0x80489ea
7c c6                         jl 0x80489bc
79 07                         jns 0x80489ea
7c c6                         jl 0x80489bc
int
83 45 fc 01                   addl  $0x1, -0x4(%ebp)
8b 45 fc                      movl  -0x4(%ebp), %eax
8b 45 fc                      movl  -0x4(%ebp), %eax
83 45 fc 01                   addl  $0x1, -0x4(%ebp)
8b 45 fc                      movl  -0x4(%ebp), %eax
8b 45 fc                      movl  -0x4(%ebp), %eax
83 45 fc 01                   addl  $0x1, -0x4(%ebp)
8b 45 fc                      movl  -0x4(%ebp), %eax
8b 45 fc                      movl  -0x4(%ebp), %eax
83 45 fc 01                   addl  $0x1, -0x4(%ebp)
8b 45 fc                      movl  -0x4(%ebp), %eax
8b 45 fc                      movl  -0x4(%ebp), %eax
83 45 fc 01                   addl  $0x1, -0x4(%ebp)
8b 45 fc                      movl  -0x4(%ebp), %eax
8b 45 fc                      movl  -0x4(%ebp), %eax
83 45 fc 01                   addl  $0x1, -0x4(%ebp)
8b 45 fc                      movl  -0x4(%ebp), %eax
8b 45 fc                      movl  -0x4(%ebp), %eax
83 45 fc 01                   addl  $0x1, -0x4(%ebp)
8b 45 fc                      movl  -0x4(%ebp), %eax
int
01 45 f8                      addl  %eax, -0x8(%ebp)
8b 45 f8                      movl  -0x8(%ebp), %eax
83 7d f8 00                   cmpl  $0x0, -0x8(%ebp)
79 07                         jns 0x80489ea
7c c6                         jl 0x80489bc
01 45 f8                      addl  %eax, -0x8(%ebp)
8b 45 f8                      movl  -0x8(%ebp), %eax
83 7d f8 00                   cmpl  $0x0, -0x8(%ebp)
79 07                         jns 0x80489ea
7c c6                         jl 0x80489bc
79 07                         jns 0x80489ea
7c c6                         jl 0x80489bc
79 07                         jns 0x80489ea
7c c6                         jl 0x80489bc
79 07                         jns 0x80489ea
7c c6                         jl 0x80489bc
79 07                         jns 0x80489ea
7c c6                         jl 0x80489bc
79 07                         jns 0x80489ea
7c c6                         jl 0x80489bc
int
0f 4d 45 f4                   cmovnll  -0xc(%ebp), %eax
89 45 f4                      movl  %eax, -0xc(%ebp)
39 45 f4                      cmpl  %eax, -0xc(%ebp)
0f 4d 45 f4                   cmovnll  -0xc(%ebp), %eax
89 45 f4                      movl  %eax, -0xc(%ebp)
39 45 f4                      cmpl  %eax, -0xc(%ebp)
0f 4d 45 f4                   cmovnll  -0xc(%ebp), %eax
89 45 f4                      movl  %eax, -0xc(%ebp)
39 45 f4                      cmpl  %eax, -0xc(%ebp)
0f 4d 45 f4                   cmovnll  -0xc(%ebp), %eax
89 45 f4                      movl  %eax, -0xc(%ebp)
39 45 f4                      cmpl  %eax, -0xc(%ebp)
0f 4d 45 f4                   cmovnll  -0xc(%ebp), %eax
89 45 f4                      movl  %eax, -0xc(%ebp)
39 45 f4                      cmpl  %eax, -0xc(%ebp)
0f 4d 45 f4                   cmovnll  -0xc(%ebp), %eax
89 45 f4                      movl  %eax, -0xc(%ebp)
39 45 f4                      cmpl  %eax, -0xc(%ebp)
0f 4d 45 f4                   cmovnll  -0xc(%ebp), %eax
89 45 f4                      movl  %eax, -0xc(%ebp)
int
83 7d f8 00                   cmpl  $0x0, -0x8(%ebp)
79 07                         jns 0x80489ea
7c c6                         jl 0x80489bc
79 07                         jns 0x80489ea
7c c6                         jl 0x80489bc
79 07                         jns 0x80489ea
7c c6                         jl 0x80489bc
79 07                         jns 0x80489ea
7c c6                         jl 0x80489bc
79 07                         jns 0x80489ea
7c c6                         jl 0x80489bc
79 07                         jns 0x80489ea
7c c6                         jl 0x80489bc
79 07                         jns 0x80489ea
7c c6                         jl 0x80489bc
79 07                         jns 0x80489ea
7c c6                         jl 0x80489bc
int
83 45 fc 01                   addl  $0x1, -0x4(%ebp)
8b 45 fc                      movl  -0x4(%ebp), %eax
8b 45 fc                      movl  -0x4(%ebp), %eax
83 45 fc 01                   addl  $0x1, -0x4(%ebp)
8b 45 fc                      movl  -0x4(%ebp), %eax
8b 45 fc                      movl  -0x4(%ebp), %eax
83 45 fc 01                   addl  $0x1, -0x4(%ebp)
8b 45 fc                      movl  -0x4(%ebp), %eax
8b 45 fc                      movl  -0x4(%ebp), %eax
83 45 fc 01                   addl  $0x1, -0x4(%ebp)
8b 45 fc                      movl  -0x4(%ebp), %eax
8b 45 fc                      movl  -0x4(%ebp), %eax
83 45 fc 01                   addl  $0x1, -0x4(%ebp)
8b 45 fc                      movl  -0x4(%ebp), %eax
8b 45 fc                      movl  -0x4(%ebp), %eax
83 45 fc 01                   addl  $0x1, -0x4(%ebp)
8b 45 fc                      movl  -0x4(%ebp), %eax
8b 45 fc                      movl  -0x4(%ebp), %eax
83 45 fc 01                   addl  $0x1, -0x4(%ebp)
8b 45 fc                      movl  -0x4(%ebp), %eax
int
01 45 f8                      addl  %eax, -0x8(%ebp)
8b 45 f8                      movl  -0x8(%ebp), %eax
83 7d f8 00                   cmpl  $0x0, -0x8(%ebp)
79 07                         jns 0x80489ea
7c c6                         jl 0x80489bc
79 07                         jns 0x80489ea
7c c6                         jl 0x80489bc
79 07                         jns 0x80489ea
7c c6                         jl 0x80489bc
79 07                         jns 0x80489ea
7c c6                         jl 0x80489bc
79 07                         jns 0x80489ea
7c c6                         jl 0x80489bc
79 07                         jns 0x80489ea
7c c6                         jl 0x80489bc
79 07                         jns 0x80489ea
7c c6                         jl 0x80489bc
int
0f 4d 45 f4                   cmovnll  -0xc(%ebp), %eax
89 45 f4                      movl  %eax, -0xc(%ebp)
39 45 f4                      cmpl  %eax, -0xc(%ebp)
0f 4d 45 f4                   cmovnll  -0xc(%ebp), %eax
89 45 f4                      movl  %eax, -0xc(%ebp)
39 45 f4                      cmpl  %eax, -0xc(%ebp)
0f 4d 45 f4                   cmovnll  -0xc(%ebp), %eax
89 45 f4                      movl  %eax, -0xc(%ebp)
39 45 f4                      cmpl  %eax, -0xc(%ebp)
0f 4d 45 f4                   cmovnll  -0xc(%ebp), %eax
89 45 f4                      movl  %eax, -0xc(%ebp)
39 45 f4                      cmpl  %eax, -0xc(%ebp)
0f 4d 45 f4                   cmovnll  -0xc(%ebp), %eax
89 45 f4                      movl  %eax, -0xc(%ebp)
39 45 f4                      cmpl  %eax, -0xc(%ebp)
0f 4d 45 f4                   cmovnll  -0xc(%ebp), %eax
89 45 f4                      movl  %eax, -0xc(%ebp)
39 45 f4                      cmpl  %eax, -0xc(%ebp)
0f 4d 45 f4                   cmovnll  -0xc(%ebp), %eax
89 45 f4                      movl  %eax, -0xc(%ebp)
int
83 7d f8 00                   cmpl  $0x0, -0x8(%ebp)
79 07                         jns 0x80489ea
7c c6                         jl 0x80489bc
79 07                         jns 0x80489ea
7c c6                         jl 0x80489bc
79 07                         jns 0x80489ea
7c c6                         jl 0x80489bc
79 07                         jns 0x80489ea
7c c6                         jl 0x80489bc
79 07                         jns 0x80489ea
7c c6                         jl 0x80489bc
79 07                         jns 0x80489ea
7c c6                         jl 0x80489bc
79 07                         jns 0x80489ea
7c c6                         jl 0x80489bc
int
83 45 fc 01                   addl  $0x1, -0x4(%ebp)
8b 45 fc                      movl  -0x4(%ebp), %eax
8b 45 fc                      movl  -0x4(%ebp), %eax
83 45 fc 01                   addl  $0x1, -0x4(%ebp)
8b 45 fc                      movl  -0x4(%ebp), %eax
8b 45 fc                      movl  -0x4(%ebp), %eax
83 45 fc 01                   addl  $0x1, -0x4(%ebp)
8b 45 fc                      movl  -0x4(%ebp), %eax
8b 45 fc                      movl  -0x4(%ebp), %eax
83 45 fc 01                   addl  $0x1, -0x4(%ebp)
8b 45 fc                      movl  -0x4(%ebp), %eax
8b 45 fc                      movl  -0x4(%ebp), %eax
83 45 fc 01                   addl  $0x1, -0x4(%ebp)
8b 45 fc                      movl  -0x4(%ebp), %eax
8b 45 fc                      movl  -0x4(%ebp), %eax
83 45 fc 01                   addl  $0x1, -0x4(%ebp)
8b 45 fc                      movl  -0x4(%ebp), %eax
8b 45 fc                      movl  -0x4(%ebp), %eax
83 45 fc 01                   addl  $0x1, -0x4(%ebp)
8b 45 fc                      movl  -0x4(%ebp), %eax
int
01 45 f8                      addl  %eax, -0x8(%ebp)
8b 45 f8                      movl  -0x8(%ebp), %eax
83 7d f8 00                   cmpl  $0x0, -0x8(%ebp)
79 07                         jns 0x80489ea
7c c6                         jl 0x80489bc
01 45 f8                      addl  %eax, -0x8(%ebp)
8b 45 f8                      movl  -0x8(%ebp), %eax
83 7d f8 00                   cmpl  $0x0, -0x8(%ebp)
79 07                         jns 0x80489ea
7c c6                         jl 0x80489bc
01 45 f8                      addl  %eax, -0x8(%ebp)
8b 45 f8                      movl  -0x8(%ebp), %eax
83 7d f8 00                   cmpl  $0x0, -0x8(%ebp)
79 07                         jns 0x80489ea
7c c6                         jl 0x80489bc
01 45 f8                      addl  %eax, -0x8(%ebp)
8b 45 f8                      movl  -0x8(%ebp), %eax
83 7d f8 00                   cmpl  $0x0, -0x8(%ebp)
79 07                         jns 0x80489ea
7c c6                         jl 0x80489bc
int
0f 4d 45 f4                   cmovnll  -0xc(%ebp), %eax
89 45 f4                      movl  %eax, -0xc(%ebp)
39 45 f4                      cmpl  %eax, -0xc(%ebp)
0f 4d 45 f4                   cmovnll  -0xc(%ebp), %eax
89 45 f4                      movl  %eax, -0xc(%ebp)
39 45 f4                      cmpl  %eax, -0xc(%ebp)
0f 4d 45 f4                   cmovnll  -0xc(%ebp), %eax
89 45 f4                      movl  %eax, -0xc(%ebp)
39 45 f4                      cmpl  %eax, -0xc(%ebp)
0f 4d 45 f4                   cmovnll  -0xc(%ebp), %eax
89 45 f4                      movl  %eax, -0xc(%ebp)
39 45 f4                      cmpl  %eax, -0xc(%ebp)
0f 4d 45 f4                   cmovnll  -0xc(%ebp), %eax
89 45 f4                      movl  %eax, -0xc(%ebp)
39 45 f4                      cmpl  %eax, -0xc(%ebp)
0f 4d 45 f4                   cmovnll  -0xc(%ebp), %eax
89 45 f4                      movl  %eax, -0xc(%ebp)
8b 45 f4                      movl  -0xc(%ebp), %eax
89 44 24 04                   movl  %eax, 0x4(%esp)
8b 00                         movl  (%eax), %eax
int
83 7d f8 00                   cmpl  $0x0, -0x8(%ebp)
79 07                         jns 0x80489ea
7c c6                         jl 0x80489bc
79 07                         jns 0x80489ea
7c c6                         jl 0x80489bc
79 07                         jns 0x80489ea
7c c6                         jl 0x80489bc
79 07                         jns 0x80489ea
7c c6                         jl 0x80489bc
79 07                         jns 0x80489ea
7c c6                         jl 0x80489bc
79 07                         jns 0x80489ea
7c c6                         jl 0x80489bc
int
83 45 fc 01                   addl  $0x1, -0x4(%ebp)
8b 45 fc                      movl  -0x4(%ebp), %eax
8b 45 fc                      movl  -0x4(%ebp), %eax
83 45 fc 01                   addl  $0x1, -0x4(%ebp)
8b 45 fc                      movl  -0x4(%ebp), %eax
8b 45 fc                      movl  -0x4(%ebp), %eax
83 45 fc 01                   addl  $0x1, -0x4(%ebp)
8b 45 fc                      movl  -0x4(%ebp), %eax
8b 45 fc                      movl  -0x4(%ebp), %eax
83 45 fc 01                   addl  $0x1, -0x4(%ebp)
8b 45 fc                      movl  -0x4(%ebp), %eax
8b 45 fc                      movl  -0x4(%ebp), %eax
83 45 fc 01                   addl  $0x1, -0x4(%ebp)
8b 45 fc                      movl  -0x4(%ebp), %eax
8b 45 fc                      movl  -0x4(%ebp), %eax
83 45 fc 01                   addl  $0x1, -0x4(%ebp)
8b 45 fc                      movl  -0x4(%ebp), %eax
int
01 45 f8                      addl  %eax, -0x8(%ebp)
8b 45 f8                      movl  -0x8(%ebp), %eax
83 7d f8 00                   cmpl  $0x0, -0x8(%ebp)
79 07                         jns 0x80489ea
7c c6                         jl 0x80489bc
01 45 f8                      addl  %eax, -0x8(%ebp)
8b 45 f8                      movl  -0x8(%ebp), %eax
83 7d f8 00                   cmpl  $0x0, -0x8(%ebp)
79 07                         jns 0x80489ea
7c c6                         jl 0x80489bc
01 45 f8                      addl  %eax, -0x8(%ebp)
8b 45 f8                      movl  -0x8(%ebp), %eax
83 7d f8 00                   cmpl  $0x0, -0x8(%ebp)
79 07                         jns 0x80489ea
7c c6                         jl 0x80489bc
01 45 f8                      addl  %eax, -0x8(%ebp)
8b 45 f8                      movl  -0x8(%ebp), %eax
83 7d f8 00                   cmpl  $0x0, -0x8(%ebp)
79 07                         jns 0x80489ea
7c c6                         jl 0x80489bc
int
0f 4d 45 f4                   cmovnll  -0xc(%ebp), %eax
89 45 f4                      movl  %eax, -0xc(%ebp)
39 45 f4                      cmpl  %eax, -0xc(%ebp)
0f 4d 45 f4                   cmovnll  -0xc(%ebp), %eax
89 45 f4                      movl  %eax, -0xc(%ebp)
39 45 f4                      cmpl  %eax, -0xc(%ebp)
0f 4d 45 f4                   cmovnll  -0xc(%ebp), %eax
89 45 f4                      movl  %eax, -0xc(%ebp)
39 45 f4                      cmpl  %eax, -0xc(%ebp)
0f 4d 45 f4                   cmovnll  -0xc(%ebp), %eax
89 45 f4                      movl  %eax, -0xc(%ebp)
39 45 f4                      cmpl  %eax, -0xc(%ebp)
0f 4d 45 f4                   cmovnll  -0xc(%ebp), %eax
89 45 f4                      movl  %eax, -0xc(%ebp)
8b 45 f4                      movl  -0xc(%ebp), %eax
89 44 24 04                   movl  %eax, 0x4(%esp)
8b 00                         movl  (%eax), %eax
99                            cdq 
89 c6                         mov %eax, %esi
31 d0                         xor %edx, %eax
int
83 7d f8 00                   cmpl  $0x0, -0x8(%ebp)
79 07                         jns 0x80489ea
7c c6                         jl 0x80489bc
79 07                         jns 0x80489ea
7c c6                         jl 0x80489bc
79 07                         jns 0x80489ea
7c c6                         jl 0x80489bc
79 07                         jns 0x80489ea
7c c6                         jl 0x80489bc
79 07                         jns 0x80489ea
7c c6                         jl 0x80489bc
int
83 45 fc 01                   addl  $0x1, -0x4(%ebp)
8b 45 fc                      movl  -0x4(%ebp), %eax
8b 45 fc                      movl  -0x4(%ebp), %eax
83 45 fc 01                   addl  $0x1, -0x4(%ebp)
8b 45 fc                      movl  -0x4(%ebp), %eax
8b 45 fc                      movl  -0x4(%ebp), %eax
83 45 fc 01                   addl  $0x1, -0x4(%ebp)
8b 45 fc                      movl  -0x4(%ebp), %eax
8b 45 fc                      movl  -0x4(%ebp), %eax
83 45 fc 01                   addl  $0x1, -0x4(%ebp)
8b 45 fc                      movl  -0x4(%ebp), %eax
8b 45 fc                      movl  -0x4(%ebp), %eax
83 45 fc 01                   addl  $0x1, -0x4(%ebp)
8b 45 fc                      movl  -0x4(%ebp), %eax
int
01 45 f8                      addl  %eax, -0x8(%ebp)
8b 45 f8                      movl  -0x8(%ebp), %eax
83 7d f8 00                   cmpl  $0x0, -0x8(%ebp)
79 07                         jns 0x80489ea
7c c6                         jl 0x80489bc
01 45 f8                      addl  %eax, -0x8(%ebp)
8b 45 f8                      movl  -0x8(%ebp), %eax
83 7d f8 00                   cmpl  $0x0, -0x8(%ebp)
79 07                         jns 0x80489ea
7c c6                         jl 0x80489bc
01 45 f8                      addl  %eax, -0x8(%ebp)
8b 45 f8                      movl  -0x8(%ebp), %eax
83 7d f8 00                   cmpl  $0x0, -0x8(%ebp)
79 07                         jns 0x80489ea
7c c6                         jl 0x80489bc
01 45 f8                      addl  %eax, -0x8(%ebp)
8b 45 f8                      movl  -0x8(%ebp), %eax
83 7d f8 00                   cmpl  $0x0, -0x8(%ebp)
79 07                         jns 0x80489ea
7c c6                         jl 0x80489bc
int
0f 4d 45 f4                   cmovnll  -0xc(%ebp), %eax
89 45 f4                      movl  %eax, -0xc(%ebp)
39 45 f4                      cmpl  %eax, -0xc(%ebp)
0f 4d 45 f4                   cmovnll  -0xc(%ebp), %eax
89 45 f4                      movl  %eax, -0xc(%ebp)
39 45 f4                      cmpl  %eax, -0xc(%ebp)
0f 4d 45 f4                   cmovnll  -0xc(%ebp), %eax
89 45 f4                      movl  %eax, -0xc(%ebp)
39 45 f4                      cmpl  %eax, -0xc(%ebp)
0f 4d 45 f4                   cmovnll  -0xc(%ebp), %eax
89 45 f4                      movl  %eax, -0xc(%ebp)
8b 45 f4                      movl  -0xc(%ebp), %eax
89 44 24 04                   movl  %eax, 0x4(%esp)
8b 00                         movl  (%eax), %eax
99                            cdq 
89 c6                         mov %eax, %esi
31 d0                         xor %edx, %eax
c1 ee 1f                      shr $0x1f, %esi
29 d0                         sub %edx, %eax
89 b5 5c fb ff ff             movl  %esi, -0x4a4(%ebp)
int
83 7d f8 00                   cmpl  $0x0, -0x8(%ebp)
79 07                         jns 0x80489ea
7c c6                         jl 0x80489bc
79 07                         jns 0x80489ea
7c c6                         jl 0x80489bc
79 07                         jns 0x80489ea
7c c6                         jl 0x80489bc
79 07                         jns 0x80489ea
7c c6                         jl 0x80489bc
int
83 45 fc 01                   addl  $0x1, -0x4(%ebp)
8b 45 fc                      movl  -0x4(%ebp), %eax
8b 45 fc                      movl  -0x4(%ebp), %eax
83 45 fc 01                   addl  $0x1, -0x4(%ebp)
8b 45 fc                      movl  -0x4(%ebp), %eax
8b 45 fc                      movl  -0x4(%ebp), %eax
83 45 fc 01                   addl  $0x1, -0x4(%ebp)
8b 45 fc                      movl  -0x4(%ebp), %eax
8b 45 fc                      movl  -0x4(%ebp), %eax
83 45 fc 01                   addl  $0x1, -0x4(%ebp)
8b 45 fc                      movl  -0x4(%ebp), %eax
int
01 45 f8                      addl  %eax, -0x8(%ebp)
8b 45 f8                      movl  -0x8(%ebp), %eax
83 7d f8 00                   cmpl  $0x0, -0x8(%ebp)
79 07                         jns 0x80489ea
7c c6                         jl 0x80489bc
01 45 f8                      addl  %eax, -0x8(%ebp)
8b 45 f8                      movl  -0x8(%ebp), %eax
83 7d f8 00                   cmpl  $0x0, -0x8(%ebp)
79 07                         jns 0x80489ea
7c c6                         jl 0x80489bc
01 45 f8                      addl  %eax, -0x8(%ebp)
8b 45 f8                      movl  -0x8(%ebp), %eax
83 7d f8 00                   cmpl  $0x0, -0x8(%ebp)
79 07                         jns 0x80489ea
7c c6                         jl 0x80489bc
int
0f 4d 45 f4                   cmovnll  -0xc(%ebp), %eax
89 45 f4                      movl  %eax, -0xc(%ebp)
39 45 f4                      cmpl  %eax, -0xc(%ebp)
0f 4d 45 f4                   cmovnll  -0xc(%ebp), %eax
89 45 f4                      movl  %eax, -0xc(%ebp)
39 45 f4                      cmpl  %eax, -0xc(%ebp)
0f 4d 45 f4                   cmovnll  -0xc(%ebp), %eax
89 45 f4                      movl  %eax, -0xc(%ebp)
8b 45 f4                      movl  -0xc(%ebp), %eax
89 44 24 04                   movl  %eax, 0x4(%esp)
8b 00                         movl  (%eax), %eax
99                            cdq 
89 c6                         mov %eax, %esi
31 d0                         xor %edx, %eax
c1 ee 1f                      shr $0x1f, %esi
29 d0                         sub %edx, %eax
89 b5 5c fb ff ff             movl  %esi, -0x4a4(%ebp)
89 85 20 fb ff ff             movl  %eax, -0x4e0(%ebp)
50                            pushl  %eax
8b 4c 24 10                   movl  0x10(%esp), %ecx
int
83 7d f8 00                   cmpl  $0x0, -0x8(%ebp)
79 07                         jns 0x80489ea
7c c6                         jl 0x80489bc
79 07                         jns 0x80489ea
7c c6                         jl 0x80489bc
79 07                         jns 0x80489ea
7c c6                         jl 0x80489bc
int
83 45 fc 01                   addl  $0x1, -0x4(%ebp)
8b 45 fc                      movl  -0x4(%ebp), %eax
8b 45 fc                      movl  -0x4(%ebp), %eax
83 45 fc 01                   addl  $0x1, -0x4(%ebp)
8b 45 fc                      movl  -0x4(%ebp), %eax
8b 45 fc                      movl  -0x4(%ebp), %eax
83 45 fc 01                   addl  $0x1, -0x4(%ebp)
8b 45 fc                      movl  -0x4(%ebp), %eax
int
01 45 f8                      addl  %eax, -0x8(%ebp)
8b 45 f8                      movl  -0x8(%ebp), %eax
83 7d f8 00                   cmpl  $0x0, -0x8(%ebp)
79 07                         jns 0x80489ea
7c c6                         jl 0x80489bc
01 45 f8                      addl  %eax, -0x8(%ebp)
8b 45 f8                      movl  -0x8(%ebp), %eax
83 7d f8 00                   cmpl  $0x0, -0x8(%ebp)
79 07                         jns 0x80489ea
7c c6                         jl 0x80489bc
int
0f 4d 45 f4                   cmovnll  -0xc(%ebp), %eax
89 45 f4                      movl  %eax, -0xc(%ebp)
39 45 f4                      cmpl  %eax, -0xc(%ebp)
0f 4d 45 f4                   cmovnll  -0xc(%ebp), %eax
89 45 f4                      movl  %eax, -0xc(%ebp)
8b 45 f4                      movl  -0xc(%ebp), %eax
89 44 24 04                   movl  %eax, 0x4(%esp)
8b 00                         movl  (%eax), %eax
99                            cdq 
89 c6                         mov %eax, %esi
31 d0                         xor %edx, %eax
c1 ee 1f                      shr $0x1f, %esi
29 d0                         sub %edx, %eax
89 b5 5c fb ff ff             movl  %esi, -0x4a4(%ebp)
89 85 20 fb ff ff             movl  %eax, -0x4e0(%ebp)
50                            pushl  %eax
8b 4c 24 10                   movl  0x10(%esp), %ecx
89 c8                         mov %ecx, %eax
01 c0                         add %eax, %eax
29 c1                         sub %eax, %ecx
int
83 7d f8 00                   cmpl  $0x0, -0x8(%ebp)
79 07                         jns 0x80489ea
7c c6                         jl 0x80489bc
79 07                         jns 0x80489ea
7c c6                         jl 0x80489bc
int
83 45 fc 01                   addl  $0x1, -0x4(%ebp)
8b 45 fc                      movl  -0x4(%ebp), %eax
8b 45 fc                      movl  -0x4(%ebp), %eax
83 45 fc 01                   addl  $0x1, -0x4(%ebp)
8b 45 fc                      movl  -0x4(%ebp), %eax
int
01 45 f8                      addl  %eax, -0x8(%ebp)
8b 45 f8                      movl  -0x8(%ebp), %eax
83 7d f8 00                   cmpl  $0x0, -0x8(%ebp)
79 07                         jns 0x80489ea
7c c6                         jl 0x80489bc
int
0f 4d 45 f4                   cmovnll  -0xc(%ebp), %eax
89 45 f4                      movl  %eax, -0xc(%ebp)
8b 45 f4                      movl  -0xc(%ebp), %eax
89 44 24 04                   movl  %eax, 0x4(%esp)
8b 00                         movl  (%eax), %eax
99                            cdq 
89 c6                         mov %eax, %esi
31 d0                         xor %edx, %eax
c1 ee 1f                      shr $0x1f, %esi
29 d0                         sub %edx, %eax
89 b5 5c fb ff ff             movl  %esi, -0x4a4(%ebp)
89 85 20 fb ff ff             movl  %eax, -0x4e0(%ebp)
50                            pushl  %eax
8b 4c 24 10                   movl  0x10(%esp), %ecx
89 c8                         mov %ecx, %eax
01 c0                         add %eax, %eax
29 c1                         sub %eax, %ecx
8b b5 20 fb ff ff             movl  -0x4e0(%ebp), %esi
85 f6                         test %esi, %esi
0f 84 42 0d 00 00             jz 0x80815a8
int
8b 45 f4                      movl  -0xc(%ebp), %eax
89 44 24 04                   movl  %eax, 0x4(%esp)
8b 00                         movl  (%eax), %eax
99                            cdq 
89 c6                         mov %eax, %esi
31 d0                         xor %edx, %eax
c1 ee 1f                      shr $0x1f, %esi
29 d0                         sub %edx, %eax
89 b5 5c fb ff ff             movl  %esi, -0x4a4(%ebp)
89 85 20 fb ff ff             movl  %eax, -0x4e0(%ebp)
50                            pushl  %eax
8b 4c 24 10                   movl  0x10(%esp), %ecx
89 c8                         mov %ecx, %eax
01 c0                         add %eax, %eax
29 c1                         sub %eax, %ecx
8b b5 20 fb ff ff             movl  -0x4e0(%ebp), %esi
85 f6                         test %esi, %esi
0f 84 42 0d 00 00             jz 0x80815a8
75 1f                         jnz 0x8080898
0f 85 0c 0d 00 00             jnz 0x80815ca
