int
8b 84 24 28 01 00 00          movl  0x128(%esp), %eax
89 44 24 0c                   movl  %eax, 0xc(%esp)
8b 45 14                      movl  0x14(%ebp), %eax
01 d0                         add %edx, %eax
89 c2                         mov %eax, %edx
c1 ea 1f                      shr $0x1f, %edx
01 d0                         add %edx, %eax
d1 f8                         sar $0x1, %eax
89 45 f4                      movl  %eax, -0xc(%ebp)
8b 45 14                      movl  0x14(%ebp), %eax
01 d0                         add %edx, %eax
83 e0 01                      and $0x1, %eax
85 c0                         test %eax, %eax
74 2c                         jz 0x8048a78
8b 45 f4                      movl  -0xc(%ebp), %eax
89 44 24 10                   movl  %eax, 0x10(%esp)
8b 45 14                      movl  0x14(%ebp), %eax
89 44 24 0c                   movl  %eax, 0xc(%esp)
e8 d5 fd ff ff                calll  0x8048874
3b 45 14                      cmpl  0x14(%ebp), %eax
int
8b 84 24 2c 01 00 00          movl  0x12c(%esp), %eax
89 44 24 04                   movl  %eax, 0x4(%esp)
8b 55 0c                      movl  0xc(%ebp), %edx
01 d0                         add %edx, %eax
89 c2                         mov %eax, %edx
c1 ea 1f                      shr $0x1f, %edx
01 d0                         add %edx, %eax
d1 f8                         sar $0x1, %eax
89 45 f4                      movl  %eax, -0xc(%ebp)
8b 55 0c                      movl  0xc(%ebp), %edx
01 d0                         add %edx, %eax
83 e0 01                      and $0x1, %eax
85 c0                         test %eax, %eax
74 2c                         jz 0x8048a78
8b 45 f4                      movl  -0xc(%ebp), %eax
89 44 24 10                   movl  %eax, 0x10(%esp)
8b 45 0c                      movl  0xc(%ebp), %eax
89 44 24 04                   movl  %eax, 0x4(%esp)
e8 d5 fd ff ff                calll  0x8048874
8b 45 0c                      movl  0xc(%ebp), %eax
int
8b 45 f4                      movl  -0xc(%ebp), %eax
89 44 24 10                   movl  %eax, 0x10(%esp)
83 7d 18 01                   cmpl  $0x1, 0x18(%ebp)
75 1a                         jnz 0x80488f6
e9 27 01 00 00                jmp 0x8048a1d
int
8b 45 f4                      movl  -0xc(%ebp), %eax
83 c0 01                      add $0x1, %eax
89 44 24 10                   movl  %eax, 0x10(%esp)
83 7d 18 01                   cmpl  $0x1, 0x18(%ebp)
75 1a                         jnz 0x80488f6
8b 45 18                      movl  0x18(%ebp), %eax
89 c2                         mov %eax, %edx
c1 ea 1f                      shr $0x1f, %edx
01 d0                         add %edx, %eax
d1 f8                         sar $0x1, %eax
89 c2                         mov %eax, %edx
39 c2                         cmp %eax, %edx
0f 4e c2                      cmovle %edx, %eax
89 45 f4                      movl  %eax, -0xc(%ebp)
8b 45 f4                      movl  -0xc(%ebp), %eax
8b 55 18                      movl  0x18(%ebp), %edx
29 c2                         sub %eax, %edx
89 d0                         mov %edx, %eax
89 45 f0                      movl  %eax, -0x10(%ebp)
8b 45 f4                      movl  -0xc(%ebp), %eax
int
8b 45 f4                      movl  -0xc(%ebp), %eax
29 c2                         sub %eax, %edx
89 d0                         mov %edx, %eax
89 45 f0                      movl  %eax, -0x10(%ebp)
01 d0                         add %edx, %eax
8b 45 f0                      movl  -0x10(%ebp), %eax
05 ff ff ff 3f                add $0x3fffffff, %eax
int
8b 45 f4                      movl  -0xc(%ebp), %eax
29 c2                         sub %eax, %edx
89 d0                         mov %edx, %eax
89 44 24 10                   movl  %eax, 0x10(%esp)
8b 45 18                      movl  0x18(%ebp), %eax
05 ff ff ff 3f                add $0x3fffffff, %eax
int
8b 55 f4                      movl  -0xc(%ebp), %edx
29 d1                         sub %edx, %ecx
89 4c 24 04                   movl  %ecx, 0x4(%esp)
8b 45 0c                      movl  0xc(%ebp), %eax
83 7d 0c 00                   cmpl  $0x0, 0xc(%ebp)
75 21                         jnz 0x80488d6
e9 47 01 00 00                jmp 0x8048a1d
int
8b 84 24 28 01 00 00          movl  0x128(%esp), %eax
89 44 24 0c                   movl  %eax, 0xc(%esp)
8b 45 14                      movl  0x14(%ebp), %eax
01 d0                         add %edx, %eax
89 c2                         mov %eax, %edx
c1 ea 1f                      shr $0x1f, %edx
01 d0                         add %edx, %eax
d1 f8                         sar $0x1, %eax
89 45 f4                      movl  %eax, -0xc(%ebp)
8b 45 14                      movl  0x14(%ebp), %eax
01 d0                         add %edx, %eax
83 e0 01                      and $0x1, %eax
85 c0                         test %eax, %eax
74 2c                         jz 0x8048a78
8b 45 f4                      movl  -0xc(%ebp), %eax
83 c0 01                      add $0x1, %eax
89 44 24 10                   movl  %eax, 0x10(%esp)
8b 45 14                      movl  0x14(%ebp), %eax
89 44 24 0c                   movl  %eax, 0xc(%esp)
e8 fe fd ff ff                calll  0x8048874
int
8b 84 24 2c 01 00 00          movl  0x12c(%esp), %eax
89 44 24 04                   movl  %eax, 0x4(%esp)
8b 55 0c                      movl  0xc(%ebp), %edx
01 d0                         add %edx, %eax
89 c2                         mov %eax, %edx
c1 ea 1f                      shr $0x1f, %edx
01 d0                         add %edx, %eax
d1 f8                         sar $0x1, %eax
89 45 f4                      movl  %eax, -0xc(%ebp)
8b 55 0c                      movl  0xc(%ebp), %edx
01 d0                         add %edx, %eax
83 e0 01                      and $0x1, %eax
85 c0                         test %eax, %eax
74 2c                         jz 0x8048a78
8b 45 f4                      movl  -0xc(%ebp), %eax
83 c0 01                      add $0x1, %eax
89 44 24 10                   movl  %eax, 0x10(%esp)
8b 45 0c                      movl  0xc(%ebp), %eax
89 44 24 04                   movl  %eax, 0x4(%esp)
e8 fe fd ff ff                calll  0x8048874
int
8b 45 f4                      movl  -0xc(%ebp), %eax
83 c0 01                      add $0x1, %eax
89 44 24 10                   movl  %eax, 0x10(%esp)
83 7d 18 01                   cmpl  $0x1, 0x18(%ebp)
75 1a                         jnz 0x80488f6
8b 45 18                      movl  0x18(%ebp), %eax
89 c2                         mov %eax, %edx
c1 ea 1f                      shr $0x1f, %edx
01 d0                         add %edx, %eax
d1 f8                         sar $0x1, %eax
89 c2                         mov %eax, %edx
39 c2                         cmp %eax, %edx
0f 4e c2                      cmovle %edx, %eax
89 45 f4                      movl  %eax, -0xc(%ebp)
8b 45 f4                      movl  -0xc(%ebp), %eax
8b 55 18                      movl  0x18(%ebp), %edx
29 c2                         sub %eax, %edx
89 d0                         mov %edx, %eax
89 45 f0                      movl  %eax, -0x10(%ebp)
8b 45 f4                      movl  -0xc(%ebp), %eax
int
8b 45 f4                      movl  -0xc(%ebp), %eax
29 c2                         sub %eax, %edx
89 d0                         mov %edx, %eax
89 45 f0                      movl  %eax, -0x10(%ebp)
01 d0                         add %edx, %eax
8b 45 f0                      movl  -0x10(%ebp), %eax
05 ff ff ff 3f                add $0x3fffffff, %eax
int
8b 45 f4                      movl  -0xc(%ebp), %eax
29 c2                         sub %eax, %edx
89 d0                         mov %edx, %eax
89 44 24 10                   movl  %eax, 0x10(%esp)
83 7d 18 01                   cmpl  $0x1, 0x18(%ebp)
75 1a                         jnz 0x80488f6
8b 45 18                      movl  0x18(%ebp), %eax
89 c2                         mov %eax, %edx
c1 ea 1f                      shr $0x1f, %edx
01 d0                         add %edx, %eax
d1 f8                         sar $0x1, %eax
89 c2                         mov %eax, %edx
39 c2                         cmp %eax, %edx
0f 4e c2                      cmovle %edx, %eax
89 45 f4                      movl  %eax, -0xc(%ebp)
8b 45 f4                      movl  -0xc(%ebp), %eax
8b 55 18                      movl  0x18(%ebp), %edx
29 c2                         sub %eax, %edx
89 d0                         mov %edx, %eax
89 45 f0                      movl  %eax, -0x10(%ebp)
int
8b 55 f4                      movl  -0xc(%ebp), %edx
29 d1                         sub %edx, %ecx
89 4c 24 04                   movl  %ecx, 0x4(%esp)
8b 45 0c                      movl  0xc(%ebp), %eax
83 7d 0c 00                   cmpl  $0x0, 0xc(%ebp)
75 21                         jnz 0x80488d6
75 1a                         jnz 0x80488f6
8b 45 0c                      movl  0xc(%ebp), %eax
39 c2                         cmp %eax, %edx
0f 4e c2                      cmovle %edx, %eax
89 45 f4                      movl  %eax, -0xc(%ebp)
8b 45 f4                      movl  -0xc(%ebp), %eax
29 c2                         sub %eax, %edx
89 d0                         mov %edx, %eax
89 45 f0                      movl  %eax, -0x10(%ebp)
8b 45 f4                      movl  -0xc(%ebp), %eax
05 ff ff ff 3f                add $0x3fffffff, %eax
01 d0                         add %edx, %eax
8b 45 f0                      movl  -0x10(%ebp), %eax
05 ff ff ff 3f                add $0x3fffffff, %eax
int
8b 45 f4                      movl  -0xc(%ebp), %eax
29 c2                         sub %eax, %edx
89 d0                         mov %edx, %eax
89 45 f0                      movl  %eax, -0x10(%ebp)
01 d0                         add %edx, %eax
8b 45 f0                      movl  -0x10(%ebp), %eax
05 ff ff ff 3f                add $0x3fffffff, %eax
8b 45 f0                      movl  -0x10(%ebp), %eax
05 ff ff ff 3f                add $0x3fffffff, %eax
8b 45 f0                      movl  -0x10(%ebp), %eax
29 c1                         sub %eax, %ecx
8b 45 f0                      movl  -0x10(%ebp), %eax
29 c2                         sub %eax, %edx
8b 45 f0                      movl  -0x10(%ebp), %eax
89 4c 24 10                   movl  %ecx, 0x10(%esp)
89 54 24 0c                   movl  %edx, 0xc(%esp)
3b 45 14                      cmpl  0x14(%ebp), %eax
7e 2c                         jle 0x80488af
75 21                         jnz 0x80488d6
83 7d 18 01                   cmpl  $0x1, 0x18(%ebp)
int
8b 45 f0                      movl  -0x10(%ebp), %eax
29 c1                         sub %eax, %ecx
89 4c 24 10                   movl  %ecx, 0x10(%esp)
83 7d 18 01                   cmpl  $0x1, 0x18(%ebp)
75 1a                         jnz 0x80488f6
e9 27 01 00 00                jmp 0x8048a1d
int
8b 45 f0                      movl  -0x10(%ebp), %eax
29 c2                         sub %eax, %edx
89 54 24 0c                   movl  %edx, 0xc(%esp)
3b 45 14                      cmpl  0x14(%ebp), %eax
7e 2c                         jle 0x80488af
75 21                         jnz 0x80488d6
75 1a                         jnz 0x80488f6
e9 27 01 00 00                jmp 0x8048a1d
int
8b 84 24 28 01 00 00          movl  0x128(%esp), %eax
89 44 24 0c                   movl  %eax, 0xc(%esp)
8b 45 14                      movl  0x14(%ebp), %eax
01 d0                         add %edx, %eax
89 c2                         mov %eax, %edx
c1 ea 1f                      shr $0x1f, %edx
01 d0                         add %edx, %eax
d1 f8                         sar $0x1, %eax
89 45 f4                      movl  %eax, -0xc(%ebp)
8b 45 14                      movl  0x14(%ebp), %eax
01 d0                         add %edx, %eax
83 e0 01                      and $0x1, %eax
85 c0                         test %eax, %eax
74 2c                         jz 0x8048a78
8b 45 f4                      movl  -0xc(%ebp), %eax
89 44 24 10                   movl  %eax, 0x10(%esp)
8b 45 14                      movl  0x14(%ebp), %eax
89 44 24 0c                   movl  %eax, 0xc(%esp)
e8 d5 fd ff ff                calll  0x8048874
3b 45 14                      cmpl  0x14(%ebp), %eax
int
8b 84 24 2c 01 00 00          movl  0x12c(%esp), %eax
89 44 24 04                   movl  %eax, 0x4(%esp)
8b 55 0c                      movl  0xc(%ebp), %edx
01 d0                         add %edx, %eax
89 c2                         mov %eax, %edx
c1 ea 1f                      shr $0x1f, %edx
01 d0                         add %edx, %eax
d1 f8                         sar $0x1, %eax
89 45 f4                      movl  %eax, -0xc(%ebp)
8b 55 0c                      movl  0xc(%ebp), %edx
01 d0                         add %edx, %eax
83 e0 01                      and $0x1, %eax
85 c0                         test %eax, %eax
74 2c                         jz 0x8048a78
8b 45 f4                      movl  -0xc(%ebp), %eax
89 44 24 10                   movl  %eax, 0x10(%esp)
8b 45 0c                      movl  0xc(%ebp), %eax
89 44 24 04                   movl  %eax, 0x4(%esp)
e8 d5 fd ff ff                calll  0x8048874
8b 45 0c                      movl  0xc(%ebp), %eax
int
8b 45 f4                      movl  -0xc(%ebp), %eax
89 44 24 10                   movl  %eax, 0x10(%esp)
83 7d 18 01                   cmpl  $0x1, 0x18(%ebp)
75 1a                         jnz 0x80488f6
8b 45 18                      movl  0x18(%ebp), %eax
89 c2                         mov %eax, %edx
c1 ea 1f                      shr $0x1f, %edx
01 d0                         add %edx, %eax
d1 f8                         sar $0x1, %eax
89 c2                         mov %eax, %edx
39 c2                         cmp %eax, %edx
0f 4e c2                      cmovle %edx, %eax
89 45 f4                      movl  %eax, -0xc(%ebp)
8b 45 f4                      movl  -0xc(%ebp), %eax
8b 55 18                      movl  0x18(%ebp), %edx
29 c2                         sub %eax, %edx
89 d0                         mov %edx, %eax
89 45 f0                      movl  %eax, -0x10(%ebp)
8b 45 f4                      movl  -0xc(%ebp), %eax
05 ff ff ff 3f                add $0x3fffffff, %eax
int
8b 45 f4                      movl  -0xc(%ebp), %eax
29 c2                         sub %eax, %edx
89 d0                         mov %edx, %eax
89 45 f0                      movl  %eax, -0x10(%ebp)
01 d0                         add %edx, %eax
8b 45 f0                      movl  -0x10(%ebp), %eax
05 ff ff ff 3f                add $0x3fffffff, %eax
int
8b 45 f4                      movl  -0xc(%ebp), %eax
29 c2                         sub %eax, %edx
89 d0                         mov %edx, %eax
89 44 24 10                   movl  %eax, 0x10(%esp)
83 7d 18 01                   cmpl  $0x1, 0x18(%ebp)
75 1a                         jnz 0x80488f6
8b 45 18                      movl  0x18(%ebp), %eax
89 c2                         mov %eax, %edx
c1 ea 1f                      shr $0x1f, %edx
01 d0                         add %edx, %eax
d1 f8                         sar $0x1, %eax
89 c2                         mov %eax, %edx
39 c2                         cmp %eax, %edx
0f 4e c2                      cmovle %edx, %eax
89 45 f4                      movl  %eax, -0xc(%ebp)
8b 45 f4                      movl  -0xc(%ebp), %eax
8b 55 18                      movl  0x18(%ebp), %edx
29 c2                         sub %eax, %edx
89 d0                         mov %edx, %eax
89 45 f0                      movl  %eax, -0x10(%ebp)
int
8b 55 f4                      movl  -0xc(%ebp), %edx
29 d1                         sub %edx, %ecx
89 4c 24 04                   movl  %ecx, 0x4(%esp)
8b 45 0c                      movl  0xc(%ebp), %eax
83 7d 0c 00                   cmpl  $0x0, 0xc(%ebp)
75 21                         jnz 0x80488d6
75 1a                         jnz 0x80488f6
8b 45 0c                      movl  0xc(%ebp), %eax
39 c2                         cmp %eax, %edx
0f 4e c2                      cmovle %edx, %eax
89 45 f4                      movl  %eax, -0xc(%ebp)
8b 45 f4                      movl  -0xc(%ebp), %eax
29 c2                         sub %eax, %edx
89 d0                         mov %edx, %eax
89 45 f0                      movl  %eax, -0x10(%ebp)
8b 45 f4                      movl  -0xc(%ebp), %eax
05 ff ff ff 3f                add $0x3fffffff, %eax
01 d0                         add %edx, %eax
8b 45 f0                      movl  -0x10(%ebp), %eax
05 ff ff ff 3f                add $0x3fffffff, %eax
int
8b 45 f4                      movl  -0xc(%ebp), %eax
29 c2                         sub %eax, %edx
89 d0                         mov %edx, %eax
89 45 f0                      movl  %eax, -0x10(%ebp)
01 d0                         add %edx, %eax
8b 45 f0                      movl  -0x10(%ebp), %eax
05 ff ff ff 3f                add $0x3fffffff, %eax
8b 45 f0                      movl  -0x10(%ebp), %eax
05 ff ff ff 3f                add $0x3fffffff, %eax
8b 45 f0                      movl  -0x10(%ebp), %eax
29 c1                         sub %eax, %ecx
8b 45 f0                      movl  -0x10(%ebp), %eax
29 c2                         sub %eax, %edx
8b 45 f0                      movl  -0x10(%ebp), %eax
89 4c 24 10                   movl  %ecx, 0x10(%esp)
89 54 24 0c                   movl  %edx, 0xc(%esp)
3b 45 14                      cmpl  0x14(%ebp), %eax
7e 2c                         jle 0x80488af
75 21                         jnz 0x80488d6
83 7d 18 01                   cmpl  $0x1, 0x18(%ebp)
int
8b 45 f0                      movl  -0x10(%ebp), %eax
29 c1                         sub %eax, %ecx
89 4c 24 10                   movl  %ecx, 0x10(%esp)
83 7d 18 01                   cmpl  $0x1, 0x18(%ebp)
75 1a                         jnz 0x80488f6
e9 27 01 00 00                jmp 0x8048a1d
01 c8                         add %ecx, %eax
int
8b 45 f0                      movl  -0x10(%ebp), %eax
29 c2                         sub %eax, %edx
89 54 24 0c                   movl  %edx, 0xc(%esp)
3b 45 14                      cmpl  0x14(%ebp), %eax
7e 2c                         jle 0x80488af
75 21                         jnz 0x80488d6
75 1a                         jnz 0x80488f6
e9 27 01 00 00                jmp 0x8048a1d
int
8b 45 f4                      movl  -0xc(%ebp), %eax
83 c0 01                      add $0x1, %eax
89 44 24 10                   movl  %eax, 0x10(%esp)
83 7d 18 01                   cmpl  $0x1, 0x18(%ebp)
75 1a                         jnz 0x80488f6
8b 45 18                      movl  0x18(%ebp), %eax
89 c2                         mov %eax, %edx
c1 ea 1f                      shr $0x1f, %edx
01 d0                         add %edx, %eax
d1 f8                         sar $0x1, %eax
89 c2                         mov %eax, %edx
39 c2                         cmp %eax, %edx
0f 4e c2                      cmovle %edx, %eax
89 45 f4                      movl  %eax, -0xc(%ebp)
8b 45 f4                      movl  -0xc(%ebp), %eax
8b 55 18                      movl  0x18(%ebp), %edx
29 c2                         sub %eax, %edx
89 d0                         mov %edx, %eax
89 45 f0                      movl  %eax, -0x10(%ebp)
8b 45 f4                      movl  -0xc(%ebp), %eax
int
8b 45 f4                      movl  -0xc(%ebp), %eax
29 c2                         sub %eax, %edx
89 d0                         mov %edx, %eax
89 45 f0                      movl  %eax, -0x10(%ebp)
01 d0                         add %edx, %eax
8b 45 f0                      movl  -0x10(%ebp), %eax
05 ff ff ff 3f                add $0x3fffffff, %eax
int
8b 45 f4                      movl  -0xc(%ebp), %eax
29 c2                         sub %eax, %edx
89 d0                         mov %edx, %eax
89 44 24 10                   movl  %eax, 0x10(%esp)
83 7d 18 01                   cmpl  $0x1, 0x18(%ebp)
75 1a                         jnz 0x80488f6
8b 45 18                      movl  0x18(%ebp), %eax
89 c2                         mov %eax, %edx
c1 ea 1f                      shr $0x1f, %edx
01 d0                         add %edx, %eax
d1 f8                         sar $0x1, %eax
89 c2                         mov %eax, %edx
39 c2                         cmp %eax, %edx
0f 4e c2                      cmovle %edx, %eax
89 45 f4                      movl  %eax, -0xc(%ebp)
8b 45 f4                      movl  -0xc(%ebp), %eax
8b 55 18                      movl  0x18(%ebp), %edx
29 c2                         sub %eax, %edx
89 d0                         mov %edx, %eax
89 45 f0                      movl  %eax, -0x10(%ebp)
int
8b 55 f4                      movl  -0xc(%ebp), %edx
29 d1                         sub %edx, %ecx
89 4c 24 04                   movl  %ecx, 0x4(%esp)
8b 45 0c                      movl  0xc(%ebp), %eax
83 7d 0c 00                   cmpl  $0x0, 0xc(%ebp)
75 21                         jnz 0x80488d6
75 1a                         jnz 0x80488f6
8b 45 0c                      movl  0xc(%ebp), %eax
39 c2                         cmp %eax, %edx
0f 4e c2                      cmovle %edx, %eax
89 45 f4                      movl  %eax, -0xc(%ebp)
8b 45 f4                      movl  -0xc(%ebp), %eax
29 c2                         sub %eax, %edx
89 d0                         mov %edx, %eax
89 45 f0                      movl  %eax, -0x10(%ebp)
8b 45 f4                      movl  -0xc(%ebp), %eax
05 ff ff ff 3f                add $0x3fffffff, %eax
01 d0                         add %edx, %eax
8b 45 f0                      movl  -0x10(%ebp), %eax
05 ff ff ff 3f                add $0x3fffffff, %eax
int
8b 45 f4                      movl  -0xc(%ebp), %eax
29 c2                         sub %eax, %edx
89 d0                         mov %edx, %eax
89 45 f0                      movl  %eax, -0x10(%ebp)
01 d0                         add %edx, %eax
8b 45 f0                      movl  -0x10(%ebp), %eax
05 ff ff ff 3f                add $0x3fffffff, %eax
8b 45 f0                      movl  -0x10(%ebp), %eax
05 ff ff ff 3f                add $0x3fffffff, %eax
8b 45 f0                      movl  -0x10(%ebp), %eax
29 c1                         sub %eax, %ecx
8b 45 f0                      movl  -0x10(%ebp), %eax
29 c2                         sub %eax, %edx
8b 45 f0                      movl  -0x10(%ebp), %eax
89 4c 24 10                   movl  %ecx, 0x10(%esp)
89 54 24 0c                   movl  %edx, 0xc(%esp)
3b 45 14                      cmpl  0x14(%ebp), %eax
7e 2c                         jle 0x80488af
75 21                         jnz 0x80488d6
83 7d 18 01                   cmpl  $0x1, 0x18(%ebp)
int
8b 45 f0                      movl  -0x10(%ebp), %eax
29 c1                         sub %eax, %ecx
89 4c 24 10                   movl  %ecx, 0x10(%esp)
83 7d 18 01                   cmpl  $0x1, 0x18(%ebp)
75 1a                         jnz 0x80488f6
e9 27 01 00 00                jmp 0x8048a1d
int
8b 45 f0                      movl  -0x10(%ebp), %eax
29 c2                         sub %eax, %edx
89 54 24 0c                   movl  %edx, 0xc(%esp)
3b 45 14                      cmpl  0x14(%ebp), %eax
7e 2c                         jle 0x80488af
75 21                         jnz 0x80488d6
75 1a                         jnz 0x80488f6
e9 27 01 00 00                jmp 0x8048a1d
int
8b 84 24 28 01 00 00          movl  0x128(%esp), %eax
89 44 24 0c                   movl  %eax, 0xc(%esp)
8b 45 14                      movl  0x14(%ebp), %eax
01 d0                         add %edx, %eax
89 c2                         mov %eax, %edx
c1 ea 1f                      shr $0x1f, %edx
01 d0                         add %edx, %eax
d1 f8                         sar $0x1, %eax
89 45 f4                      movl  %eax, -0xc(%ebp)
8b 45 14                      movl  0x14(%ebp), %eax
01 d0                         add %edx, %eax
83 e0 01                      and $0x1, %eax
85 c0                         test %eax, %eax
74 2c                         jz 0x8048a78
8b 45 f4                      movl  -0xc(%ebp), %eax
89 44 24 10                   movl  %eax, 0x10(%esp)
8b 45 14                      movl  0x14(%ebp), %eax
89 44 24 0c                   movl  %eax, 0xc(%esp)
e8 d5 fd ff ff                calll  0x8048874
3b 45 14                      cmpl  0x14(%ebp), %eax
int
8b 84 24 2c 01 00 00          movl  0x12c(%esp), %eax
89 44 24 04                   movl  %eax, 0x4(%esp)
8b 55 0c                      movl  0xc(%ebp), %edx
01 d0                         add %edx, %eax
89 c2                         mov %eax, %edx
c1 ea 1f                      shr $0x1f, %edx
01 d0                         add %edx, %eax
d1 f8                         sar $0x1, %eax
89 45 f4                      movl  %eax, -0xc(%ebp)
8b 55 0c                      movl  0xc(%ebp), %edx
01 d0                         add %edx, %eax
83 e0 01                      and $0x1, %eax
85 c0                         test %eax, %eax
74 2c                         jz 0x8048a78
8b 45 f4                      movl  -0xc(%ebp), %eax
89 44 24 10                   movl  %eax, 0x10(%esp)
8b 45 0c                      movl  0xc(%ebp), %eax
89 44 24 04                   movl  %eax, 0x4(%esp)
e8 d5 fd ff ff                calll  0x8048874
8b 45 0c                      movl  0xc(%ebp), %eax
int
8b 45 f4                      movl  -0xc(%ebp), %eax
89 44 24 10                   movl  %eax, 0x10(%esp)
83 7d 18 01                   cmpl  $0x1, 0x18(%ebp)
75 1a                         jnz 0x80488f6
8b 45 18                      movl  0x18(%ebp), %eax
89 c2                         mov %eax, %edx
c1 ea 1f                      shr $0x1f, %edx
01 d0                         add %edx, %eax
d1 f8                         sar $0x1, %eax
89 c2                         mov %eax, %edx
39 c2                         cmp %eax, %edx
0f 4e c2                      cmovle %edx, %eax
89 45 f4                      movl  %eax, -0xc(%ebp)
8b 45 f4                      movl  -0xc(%ebp), %eax
8b 55 18                      movl  0x18(%ebp), %edx
29 c2                         sub %eax, %edx
89 d0                         mov %edx, %eax
89 45 f0                      movl  %eax, -0x10(%ebp)
8b 45 f4                      movl  -0xc(%ebp), %eax
05 ff ff ff 3f                add $0x3fffffff, %eax
int
8b 45 f4                      movl  -0xc(%ebp), %eax
29 c2                         sub %eax, %edx
89 d0                         mov %edx, %eax
89 45 f0                      movl  %eax, -0x10(%ebp)
01 d0                         add %edx, %eax
8b 45 f0                      movl  -0x10(%ebp), %eax
05 ff ff ff 3f                add $0x3fffffff, %eax
int
8b 45 f4                      movl  -0xc(%ebp), %eax
29 c2                         sub %eax, %edx
89 d0                         mov %edx, %eax
89 44 24 10                   movl  %eax, 0x10(%esp)
83 7d 18 01                   cmpl  $0x1, 0x18(%ebp)
75 1a                         jnz 0x80488f6
8b 45 18                      movl  0x18(%ebp), %eax
89 c2                         mov %eax, %edx
c1 ea 1f                      shr $0x1f, %edx
01 d0                         add %edx, %eax
d1 f8                         sar $0x1, %eax
89 c2                         mov %eax, %edx
39 c2                         cmp %eax, %edx
0f 4e c2                      cmovle %edx, %eax
89 45 f4                      movl  %eax, -0xc(%ebp)
8b 45 f4                      movl  -0xc(%ebp), %eax
8b 55 18                      movl  0x18(%ebp), %edx
29 c2                         sub %eax, %edx
89 d0                         mov %edx, %eax
89 45 f0                      movl  %eax, -0x10(%ebp)
int
8b 55 f4                      movl  -0xc(%ebp), %edx
29 d1                         sub %edx, %ecx
89 4c 24 04                   movl  %ecx, 0x4(%esp)
8b 45 0c                      movl  0xc(%ebp), %eax
83 7d 0c 00                   cmpl  $0x0, 0xc(%ebp)
75 21                         jnz 0x80488d6
75 1a                         jnz 0x80488f6
8b 45 0c                      movl  0xc(%ebp), %eax
39 c2                         cmp %eax, %edx
0f 4e c2                      cmovle %edx, %eax
89 45 f4                      movl  %eax, -0xc(%ebp)
8b 45 f4                      movl  -0xc(%ebp), %eax
29 c2                         sub %eax, %edx
89 d0                         mov %edx, %eax
89 45 f0                      movl  %eax, -0x10(%ebp)
8b 45 f4                      movl  -0xc(%ebp), %eax
05 ff ff ff 3f                add $0x3fffffff, %eax
01 d0                         add %edx, %eax
8b 45 f0                      movl  -0x10(%ebp), %eax
05 ff ff ff 3f                add $0x3fffffff, %eax
int
8b 45 f4                      movl  -0xc(%ebp), %eax
29 c2                         sub %eax, %edx
89 d0                         mov %edx, %eax
89 45 f0                      movl  %eax, -0x10(%ebp)
01 d0                         add %edx, %eax
8b 45 f0                      movl  -0x10(%ebp), %eax
05 ff ff ff 3f                add $0x3fffffff, %eax
int
8b 45 f4                      movl  -0xc(%ebp), %eax
29 c2                         sub %eax, %edx
89 d0                         mov %edx, %eax
89 44 24 10                   movl  %eax, 0x10(%esp)
83 7d 18 01                   cmpl  $0x1, 0x18(%ebp)
75 1a                         jnz 0x80488f6
8b 45 18                      movl  0x18(%ebp), %eax
89 c2                         mov %eax, %edx
c1 ea 1f                      shr $0x1f, %edx
01 d0                         add %edx, %eax
d1 f8                         sar $0x1, %eax
89 c2                         mov %eax, %edx
39 c2                         cmp %eax, %edx
0f 4e c2                      cmovle %edx, %eax
89 45 f4                      movl  %eax, -0xc(%ebp)
8b 45 f4                      movl  -0xc(%ebp), %eax
8b 55 18                      movl  0x18(%ebp), %edx
29 c2                         sub %eax, %edx
89 d0                         mov %edx, %eax
89 45 f0                      movl  %eax, -0x10(%ebp)
int
8b 55 f4                      movl  -0xc(%ebp), %edx
29 d1                         sub %edx, %ecx
89 4c 24 04                   movl  %ecx, 0x4(%esp)
8b 45 0c                      movl  0xc(%ebp), %eax
83 7d 0c 00                   cmpl  $0x0, 0xc(%ebp)
75 21                         jnz 0x80488d6
75 1a                         jnz 0x80488f6
8b 45 0c                      movl  0xc(%ebp), %eax
39 c2                         cmp %eax, %edx
0f 4e c2                      cmovle %edx, %eax
89 45 f4                      movl  %eax, -0xc(%ebp)
8b 45 f4                      movl  -0xc(%ebp), %eax
29 c2                         sub %eax, %edx
89 d0                         mov %edx, %eax
89 45 f0                      movl  %eax, -0x10(%ebp)
8b 45 f4                      movl  -0xc(%ebp), %eax
05 ff ff ff 3f                add $0x3fffffff, %eax
01 d0                         add %edx, %eax
8b 45 f0                      movl  -0x10(%ebp), %eax
05 ff ff ff 3f                add $0x3fffffff, %eax
int
8b 45 f4                      movl  -0xc(%ebp), %eax
29 c2                         sub %eax, %edx
89 d0                         mov %edx, %eax
89 45 f0                      movl  %eax, -0x10(%ebp)
01 d0                         add %edx, %eax
8b 45 f0                      movl  -0x10(%ebp), %eax
05 ff ff ff 3f                add $0x3fffffff, %eax
int
8b 45 f4                      movl  -0xc(%ebp), %eax
29 c2                         sub %eax, %edx
89 d0                         mov %edx, %eax
89 44 24 10                   movl  %eax, 0x10(%esp)
83 7d 18 01                   cmpl  $0x1, 0x18(%ebp)
75 1a                         jnz 0x80488f6
e9 27 01 00 00                jmp 0x8048a1d
int
8b 55 f4                      movl  -0xc(%ebp), %edx
29 d1                         sub %edx, %ecx
89 4c 24 04                   movl  %ecx, 0x4(%esp)
8b 45 0c                      movl  0xc(%ebp), %eax
83 7d 0c 00                   cmpl  $0x0, 0xc(%ebp)
75 21                         jnz 0x80488d6
75 1a                         jnz 0x80488f6
e9 27 01 00 00                jmp 0x8048a1d
01 c8                         add %ecx, %eax
int
8b 45 f4                      movl  -0xc(%ebp), %eax
83 c0 01                      add $0x1, %eax
89 44 24 10                   movl  %eax, 0x10(%esp)
83 7d 18 01                   cmpl  $0x1, 0x18(%ebp)
75 1a                         jnz 0x80488f6
8b 45 18                      movl  0x18(%ebp), %eax
89 c2                         mov %eax, %edx
c1 ea 1f                      shr $0x1f, %edx
01 d0                         add %edx, %eax
d1 f8                         sar $0x1, %eax
89 c2                         mov %eax, %edx
39 c2                         cmp %eax, %edx
0f 4e c2                      cmovle %edx, %eax
89 45 f4                      movl  %eax, -0xc(%ebp)
8b 45 f4                      movl  -0xc(%ebp), %eax
8b 55 18                      movl  0x18(%ebp), %edx
29 c2                         sub %eax, %edx
89 d0                         mov %edx, %eax
89 45 f0                      movl  %eax, -0x10(%ebp)
8b 45 f4                      movl  -0xc(%ebp), %eax
int
8b 45 f4                      movl  -0xc(%ebp), %eax
29 c2                         sub %eax, %edx
89 d0                         mov %edx, %eax
89 45 f0                      movl  %eax, -0x10(%ebp)
01 d0                         add %edx, %eax
8b 45 f0                      movl  -0x10(%ebp), %eax
05 ff ff ff 3f                add $0x3fffffff, %eax
int
8b 45 f4                      movl  -0xc(%ebp), %eax
29 c2                         sub %eax, %edx
89 d0                         mov %edx, %eax
89 44 24 10                   movl  %eax, 0x10(%esp)
83 7d 18 01                   cmpl  $0x1, 0x18(%ebp)
75 1a                         jnz 0x80488f6
8b 45 18                      movl  0x18(%ebp), %eax
89 c2                         mov %eax, %edx
c1 ea 1f                      shr $0x1f, %edx
01 d0                         add %edx, %eax
d1 f8                         sar $0x1, %eax
89 c2                         mov %eax, %edx
39 c2                         cmp %eax, %edx
0f 4e c2                      cmovle %edx, %eax
89 45 f4                      movl  %eax, -0xc(%ebp)
8b 45 f4                      movl  -0xc(%ebp), %eax
8b 55 18                      movl  0x18(%ebp), %edx
29 c2                         sub %eax, %edx
89 d0                         mov %edx, %eax
89 45 f0                      movl  %eax, -0x10(%ebp)
int
8b 55 f4                      movl  -0xc(%ebp), %edx
29 d1                         sub %edx, %ecx
89 4c 24 04                   movl  %ecx, 0x4(%esp)
8b 45 0c                      movl  0xc(%ebp), %eax
83 7d 0c 00                   cmpl  $0x0, 0xc(%ebp)
75 21                         jnz 0x80488d6
75 1a                         jnz 0x80488f6
8b 45 0c                      movl  0xc(%ebp), %eax
39 c2                         cmp %eax, %edx
0f 4e c2                      cmovle %edx, %eax
89 45 f4                      movl  %eax, -0xc(%ebp)
8b 45 f4                      movl  -0xc(%ebp), %eax
29 c2                         sub %eax, %edx
89 d0                         mov %edx, %eax
89 45 f0                      movl  %eax, -0x10(%ebp)
8b 45 f4                      movl  -0xc(%ebp), %eax
05 ff ff ff 3f                add $0x3fffffff, %eax
01 d0                         add %edx, %eax
8b 45 f0                      movl  -0x10(%ebp), %eax
05 ff ff ff 3f                add $0x3fffffff, %eax
int
8b 45 f4                      movl  -0xc(%ebp), %eax
29 c2                         sub %eax, %edx
89 d0                         mov %edx, %eax
89 45 f0                      movl  %eax, -0x10(%ebp)
01 d0                         add %edx, %eax
8b 45 f0                      movl  -0x10(%ebp), %eax
05 ff ff ff 3f                add $0x3fffffff, %eax
int
8b 45 f4                      movl  -0xc(%ebp), %eax
29 c2                         sub %eax, %edx
89 d0                         mov %edx, %eax
89 44 24 10                   movl  %eax, 0x10(%esp)
83 7d 18 01                   cmpl  $0x1, 0x18(%ebp)
75 1a                         jnz 0x80488f6
8b 45 18                      movl  0x18(%ebp), %eax
89 c2                         mov %eax, %edx
c1 ea 1f                      shr $0x1f, %edx
01 d0                         add %edx, %eax
d1 f8                         sar $0x1, %eax
89 c2                         mov %eax, %edx
39 c2                         cmp %eax, %edx
0f 4e c2                      cmovle %edx, %eax
89 45 f4                      movl  %eax, -0xc(%ebp)
8b 45 f4                      movl  -0xc(%ebp), %eax
8b 55 18                      movl  0x18(%ebp), %edx
29 c2                         sub %eax, %edx
89 d0                         mov %edx, %eax
89 45 f0                      movl  %eax, -0x10(%ebp)
int
8b 55 f4                      movl  -0xc(%ebp), %edx
29 d1                         sub %edx, %ecx
89 4c 24 04                   movl  %ecx, 0x4(%esp)
8b 45 0c                      movl  0xc(%ebp), %eax
83 7d 0c 00                   cmpl  $0x0, 0xc(%ebp)
75 21                         jnz 0x80488d6
75 1a                         jnz 0x80488f6
8b 45 0c                      movl  0xc(%ebp), %eax
39 c2                         cmp %eax, %edx
0f 4e c2                      cmovle %edx, %eax
89 45 f4                      movl  %eax, -0xc(%ebp)
8b 45 f4                      movl  -0xc(%ebp), %eax
29 c2                         sub %eax, %edx
89 d0                         mov %edx, %eax
89 45 f0                      movl  %eax, -0x10(%ebp)
8b 45 f4                      movl  -0xc(%ebp), %eax
05 ff ff ff 3f                add $0x3fffffff, %eax
01 d0                         add %edx, %eax
8b 45 f0                      movl  -0x10(%ebp), %eax
05 ff ff ff 3f                add $0x3fffffff, %eax
int
8b 45 f4                      movl  -0xc(%ebp), %eax
29 c2                         sub %eax, %edx
89 d0                         mov %edx, %eax
89 45 f0                      movl  %eax, -0x10(%ebp)
01 d0                         add %edx, %eax
8b 45 f0                      movl  -0x10(%ebp), %eax
05 ff ff ff 3f                add $0x3fffffff, %eax
int
8b 45 f4                      movl  -0xc(%ebp), %eax
29 c2                         sub %eax, %edx
89 d0                         mov %edx, %eax
89 44 24 10                   movl  %eax, 0x10(%esp)
8b 45 18                      movl  0x18(%ebp), %eax
05 ff ff ff 3f                add $0x3fffffff, %eax
int
8b 55 f4                      movl  -0xc(%ebp), %edx
29 d1                         sub %edx, %ecx
89 4c 24 04                   movl  %ecx, 0x4(%esp)
8b 45 0c                      movl  0xc(%ebp), %eax
83 7d 0c 00                   cmpl  $0x0, 0xc(%ebp)
75 21                         jnz 0x80488d6
e9 47 01 00 00                jmp 0x8048a1d
int
8b 84 24 28 01 00 00          movl  0x128(%esp), %eax
89 44 24 0c                   movl  %eax, 0xc(%esp)
8b 45 14                      movl  0x14(%ebp), %eax
01 d0                         add %edx, %eax
89 c2                         mov %eax, %edx
c1 ea 1f                      shr $0x1f, %edx
01 d0                         add %edx, %eax
d1 f8                         sar $0x1, %eax
89 45 f4                      movl  %eax, -0xc(%ebp)
8b 45 14                      movl  0x14(%ebp), %eax
01 d0                         add %edx, %eax
83 e0 01                      and $0x1, %eax
85 c0                         test %eax, %eax
74 2c                         jz 0x8048a78
8b 45 f4                      movl  -0xc(%ebp), %eax
89 44 24 10                   movl  %eax, 0x10(%esp)
8b 45 14                      movl  0x14(%ebp), %eax
89 44 24 0c                   movl  %eax, 0xc(%esp)
e8 d5 fd ff ff                calll  0x8048874
3b 45 14                      cmpl  0x14(%ebp), %eax
int
8b 84 24 2c 01 00 00          movl  0x12c(%esp), %eax
89 44 24 04                   movl  %eax, 0x4(%esp)
8b 55 0c                      movl  0xc(%ebp), %edx
01 d0                         add %edx, %eax
89 c2                         mov %eax, %edx
c1 ea 1f                      shr $0x1f, %edx
01 d0                         add %edx, %eax
d1 f8                         sar $0x1, %eax
89 45 f4                      movl  %eax, -0xc(%ebp)
8b 55 0c                      movl  0xc(%ebp), %edx
01 d0                         add %edx, %eax
83 e0 01                      and $0x1, %eax
85 c0                         test %eax, %eax
74 2c                         jz 0x8048a78
8b 45 f4                      movl  -0xc(%ebp), %eax
89 44 24 10                   movl  %eax, 0x10(%esp)
8b 45 0c                      movl  0xc(%ebp), %eax
89 44 24 04                   movl  %eax, 0x4(%esp)
e8 d5 fd ff ff                calll  0x8048874
8b 45 0c                      movl  0xc(%ebp), %eax
int
8b 45 f4                      movl  -0xc(%ebp), %eax
89 44 24 10                   movl  %eax, 0x10(%esp)
8b 45 18                      movl  0x18(%ebp), %eax
89 44 24 10                   movl  %eax, 0x10(%esp)
83 7d 18 01                   cmpl  $0x1, 0x18(%ebp)
75 1a                         jnz 0x80488f6
8b 45 18                      movl  0x18(%ebp), %eax
89 c2                         mov %eax, %edx
c1 ea 1f                      shr $0x1f, %edx
01 d0                         add %edx, %eax
d1 f8                         sar $0x1, %eax
89 c2                         mov %eax, %edx
39 c2                         cmp %eax, %edx
0f 4e c2                      cmovle %edx, %eax
89 45 f4                      movl  %eax, -0xc(%ebp)
8b 45 f4                      movl  -0xc(%ebp), %eax
8b 55 18                      movl  0x18(%ebp), %edx
29 c2                         sub %eax, %edx
89 d0                         mov %edx, %eax
89 45 f0                      movl  %eax, -0x10(%ebp)
int
8b 45 f4                      movl  -0xc(%ebp), %eax
29 c2                         sub %eax, %edx
89 d0                         mov %edx, %eax
89 45 f0                      movl  %eax, -0x10(%ebp)
01 d0                         add %edx, %eax
8b 45 f0                      movl  -0x10(%ebp), %eax
05 ff ff ff 3f                add $0x3fffffff, %eax
8b 45 f0                      movl  -0x10(%ebp), %eax
05 ff ff ff 3f                add $0x3fffffff, %eax
8b 45 f0                      movl  -0x10(%ebp), %eax
29 c1                         sub %eax, %ecx
8b 45 f0                      movl  -0x10(%ebp), %eax
29 c2                         sub %eax, %edx
8b 45 f0                      movl  -0x10(%ebp), %eax
89 4c 24 10                   movl  %ecx, 0x10(%esp)
89 54 24 0c                   movl  %edx, 0xc(%esp)
3b 45 14                      cmpl  0x14(%ebp), %eax
7e 2c                         jle 0x80488af
8b 45 18                      movl  0x18(%ebp), %eax
89 44 24 10                   movl  %eax, 0x10(%esp)
int
8b 45 f0                      movl  -0x10(%ebp), %eax
29 c1                         sub %eax, %ecx
89 4c 24 10                   movl  %ecx, 0x10(%esp)
8b 45 18                      movl  0x18(%ebp), %eax
89 44 24 10                   movl  %eax, 0x10(%esp)
83 7d 18 01                   cmpl  $0x1, 0x18(%ebp)
75 1a                         jnz 0x80488f6
8b 45 18                      movl  0x18(%ebp), %eax
89 c2                         mov %eax, %edx
c1 ea 1f                      shr $0x1f, %edx
01 d0                         add %edx, %eax
d1 f8                         sar $0x1, %eax
89 c2                         mov %eax, %edx
39 c2                         cmp %eax, %edx
0f 4e c2                      cmovle %edx, %eax
89 45 f4                      movl  %eax, -0xc(%ebp)
8b 45 f4                      movl  -0xc(%ebp), %eax
8b 55 18                      movl  0x18(%ebp), %edx
29 c2                         sub %eax, %edx
89 d0                         mov %edx, %eax
int
8b 45 f0                      movl  -0x10(%ebp), %eax
29 c2                         sub %eax, %edx
89 54 24 0c                   movl  %edx, 0xc(%esp)
3b 45 14                      cmpl  0x14(%ebp), %eax
7e 2c                         jle 0x80488af
8b 45 14                      movl  0x14(%ebp), %eax
89 44 24 04                   movl  %eax, 0x4(%esp)
e8 ca ff ff ff                calll  0x8048874
8b 45 0c                      movl  0xc(%ebp), %eax
7e 2c                         jle 0x80488af
83 7d 0c 00                   cmpl  $0x0, 0xc(%ebp)
75 21                         jnz 0x80488d6
75 1a                         jnz 0x80488f6
8b 45 0c                      movl  0xc(%ebp), %eax
39 c2                         cmp %eax, %edx
0f 4e c2                      cmovle %edx, %eax
89 45 f4                      movl  %eax, -0xc(%ebp)
8b 45 f4                      movl  -0xc(%ebp), %eax
29 c2                         sub %eax, %edx
89 d0                         mov %edx, %eax
int
8b 45 f4                      movl  -0xc(%ebp), %eax
29 c2                         sub %eax, %edx
89 d0                         mov %edx, %eax
89 45 f0                      movl  %eax, -0x10(%ebp)
01 d0                         add %edx, %eax
8b 45 f0                      movl  -0x10(%ebp), %eax
05 ff ff ff 3f                add $0x3fffffff, %eax
int
8b 45 f4                      movl  -0xc(%ebp), %eax
29 c2                         sub %eax, %edx
89 d0                         mov %edx, %eax
89 44 24 10                   movl  %eax, 0x10(%esp)
83 7d 18 01                   cmpl  $0x1, 0x18(%ebp)
75 1a                         jnz 0x80488f6
8b 45 18                      movl  0x18(%ebp), %eax
89 c2                         mov %eax, %edx
c1 ea 1f                      shr $0x1f, %edx
01 d0                         add %edx, %eax
d1 f8                         sar $0x1, %eax
89 c2                         mov %eax, %edx
39 c2                         cmp %eax, %edx
0f 4e c2                      cmovle %edx, %eax
89 45 f4                      movl  %eax, -0xc(%ebp)
8b 45 f4                      movl  -0xc(%ebp), %eax
8b 55 18                      movl  0x18(%ebp), %edx
29 c2                         sub %eax, %edx
89 d0                         mov %edx, %eax
89 45 f0                      movl  %eax, -0x10(%ebp)
int
8b 55 f4                      movl  -0xc(%ebp), %edx
29 d1                         sub %edx, %ecx
89 4c 24 04                   movl  %ecx, 0x4(%esp)
8b 45 0c                      movl  0xc(%ebp), %eax
83 7d 0c 00                   cmpl  $0x0, 0xc(%ebp)
75 21                         jnz 0x80488d6
75 1a                         jnz 0x80488f6
8b 45 0c                      movl  0xc(%ebp), %eax
39 c2                         cmp %eax, %edx
0f 4e c2                      cmovle %edx, %eax
89 45 f4                      movl  %eax, -0xc(%ebp)
8b 45 f4                      movl  -0xc(%ebp), %eax
29 c2                         sub %eax, %edx
89 d0                         mov %edx, %eax
89 45 f0                      movl  %eax, -0x10(%ebp)
8b 45 f4                      movl  -0xc(%ebp), %eax
05 ff ff ff 3f                add $0x3fffffff, %eax
01 d0                         add %edx, %eax
8b 45 f0                      movl  -0x10(%ebp), %eax
05 ff ff ff 3f                add $0x3fffffff, %eax
int
8b 45 f4                      movl  -0xc(%ebp), %eax
29 c2                         sub %eax, %edx
89 d0                         mov %edx, %eax
89 45 f0                      movl  %eax, -0x10(%ebp)
01 d0                         add %edx, %eax
8b 45 f0                      movl  -0x10(%ebp), %eax
05 ff ff ff 3f                add $0x3fffffff, %eax
int
8b 45 f4                      movl  -0xc(%ebp), %eax
29 c2                         sub %eax, %edx
89 d0                         mov %edx, %eax
89 44 24 10                   movl  %eax, 0x10(%esp)
83 7d 18 01                   cmpl  $0x1, 0x18(%ebp)
75 1a                         jnz 0x80488f6
e9 27 01 00 00                jmp 0x8048a1d
int
8b 55 f4                      movl  -0xc(%ebp), %edx
29 d1                         sub %edx, %ecx
89 4c 24 04                   movl  %ecx, 0x4(%esp)
8b 45 0c                      movl  0xc(%ebp), %eax
83 7d 0c 00                   cmpl  $0x0, 0xc(%ebp)
75 21                         jnz 0x80488d6
75 1a                         jnz 0x80488f6
e9 27 01 00 00                jmp 0x8048a1d
01 c8                         add %ecx, %eax
01 c8                         add %ecx, %eax
int
8b 45 f4                      movl  -0xc(%ebp), %eax
83 c0 01                      add $0x1, %eax
89 44 24 10                   movl  %eax, 0x10(%esp)
8b 45 18                      movl  0x18(%ebp), %eax
89 44 24 10                   movl  %eax, 0x10(%esp)
83 7d 18 01                   cmpl  $0x1, 0x18(%ebp)
75 1a                         jnz 0x80488f6
8b 45 18                      movl  0x18(%ebp), %eax
89 c2                         mov %eax, %edx
c1 ea 1f                      shr $0x1f, %edx
01 d0                         add %edx, %eax
d1 f8                         sar $0x1, %eax
89 c2                         mov %eax, %edx
39 c2                         cmp %eax, %edx
0f 4e c2                      cmovle %edx, %eax
89 45 f4                      movl  %eax, -0xc(%ebp)
8b 45 f4                      movl  -0xc(%ebp), %eax
8b 55 18                      movl  0x18(%ebp), %edx
29 c2                         sub %eax, %edx
89 d0                         mov %edx, %eax
int
8b 45 f4                      movl  -0xc(%ebp), %eax
29 c2                         sub %eax, %edx
89 d0                         mov %edx, %eax
89 45 f0                      movl  %eax, -0x10(%ebp)
01 d0                         add %edx, %eax
8b 45 f0                      movl  -0x10(%ebp), %eax
05 ff ff ff 3f                add $0x3fffffff, %eax
8b 45 f0                      movl  -0x10(%ebp), %eax
05 ff ff ff 3f                add $0x3fffffff, %eax
8b 45 f0                      movl  -0x10(%ebp), %eax
29 c1                         sub %eax, %ecx
8b 45 f0                      movl  -0x10(%ebp), %eax
29 c2                         sub %eax, %edx
8b 45 f0                      movl  -0x10(%ebp), %eax
89 4c 24 10                   movl  %ecx, 0x10(%esp)
89 54 24 0c                   movl  %edx, 0xc(%esp)
3b 45 14                      cmpl  0x14(%ebp), %eax
7e 2c                         jle 0x80488af
8b 45 18                      movl  0x18(%ebp), %eax
89 44 24 10                   movl  %eax, 0x10(%esp)
int
8b 45 f0                      movl  -0x10(%ebp), %eax
29 c1                         sub %eax, %ecx
89 4c 24 10                   movl  %ecx, 0x10(%esp)
8b 45 18                      movl  0x18(%ebp), %eax
89 44 24 10                   movl  %eax, 0x10(%esp)
83 7d 18 01                   cmpl  $0x1, 0x18(%ebp)
75 1a                         jnz 0x80488f6
8b 45 18                      movl  0x18(%ebp), %eax
89 c2                         mov %eax, %edx
c1 ea 1f                      shr $0x1f, %edx
01 d0                         add %edx, %eax
d1 f8                         sar $0x1, %eax
89 c2                         mov %eax, %edx
39 c2                         cmp %eax, %edx
0f 4e c2                      cmovle %edx, %eax
89 45 f4                      movl  %eax, -0xc(%ebp)
8b 45 f4                      movl  -0xc(%ebp), %eax
8b 55 18                      movl  0x18(%ebp), %edx
29 c2                         sub %eax, %edx
89 d0                         mov %edx, %eax
int
8b 45 f0                      movl  -0x10(%ebp), %eax
29 c2                         sub %eax, %edx
89 54 24 0c                   movl  %edx, 0xc(%esp)
3b 45 14                      cmpl  0x14(%ebp), %eax
7e 2c                         jle 0x80488af
8b 45 14                      movl  0x14(%ebp), %eax
89 44 24 04                   movl  %eax, 0x4(%esp)
e8 ca ff ff ff                calll  0x8048874
8b 45 0c                      movl  0xc(%ebp), %eax
7e 2c                         jle 0x80488af
83 7d 0c 00                   cmpl  $0x0, 0xc(%ebp)
75 21                         jnz 0x80488d6
75 1a                         jnz 0x80488f6
8b 45 0c                      movl  0xc(%ebp), %eax
39 c2                         cmp %eax, %edx
0f 4e c2                      cmovle %edx, %eax
89 45 f4                      movl  %eax, -0xc(%ebp)
8b 45 f4                      movl  -0xc(%ebp), %eax
29 c2                         sub %eax, %edx
89 d0                         mov %edx, %eax
int
8b 45 f4                      movl  -0xc(%ebp), %eax
29 c2                         sub %eax, %edx
89 d0                         mov %edx, %eax
89 45 f0                      movl  %eax, -0x10(%ebp)
01 d0                         add %edx, %eax
8b 45 f0                      movl  -0x10(%ebp), %eax
05 ff ff ff 3f                add $0x3fffffff, %eax
int
8b 45 f4                      movl  -0xc(%ebp), %eax
29 c2                         sub %eax, %edx
89 d0                         mov %edx, %eax
89 44 24 10                   movl  %eax, 0x10(%esp)
83 7d 18 01                   cmpl  $0x1, 0x18(%ebp)
75 1a                         jnz 0x80488f6
8b 45 18                      movl  0x18(%ebp), %eax
89 c2                         mov %eax, %edx
c1 ea 1f                      shr $0x1f, %edx
01 d0                         add %edx, %eax
d1 f8                         sar $0x1, %eax
89 c2                         mov %eax, %edx
39 c2                         cmp %eax, %edx
0f 4e c2                      cmovle %edx, %eax
89 45 f4                      movl  %eax, -0xc(%ebp)
8b 45 f4                      movl  -0xc(%ebp), %eax
8b 55 18                      movl  0x18(%ebp), %edx
29 c2                         sub %eax, %edx
89 d0                         mov %edx, %eax
89 45 f0                      movl  %eax, -0x10(%ebp)
int
8b 55 f4                      movl  -0xc(%ebp), %edx
29 d1                         sub %edx, %ecx
89 4c 24 04                   movl  %ecx, 0x4(%esp)
8b 45 0c                      movl  0xc(%ebp), %eax
83 7d 0c 00                   cmpl  $0x0, 0xc(%ebp)
75 21                         jnz 0x80488d6
75 1a                         jnz 0x80488f6
8b 45 0c                      movl  0xc(%ebp), %eax
39 c2                         cmp %eax, %edx
0f 4e c2                      cmovle %edx, %eax
89 45 f4                      movl  %eax, -0xc(%ebp)
8b 45 f4                      movl  -0xc(%ebp), %eax
29 c2                         sub %eax, %edx
89 d0                         mov %edx, %eax
89 45 f0                      movl  %eax, -0x10(%ebp)
8b 45 f4                      movl  -0xc(%ebp), %eax
05 ff ff ff 3f                add $0x3fffffff, %eax
01 d0                         add %edx, %eax
8b 45 f0                      movl  -0x10(%ebp), %eax
05 ff ff ff 3f                add $0x3fffffff, %eax
int
8b 45 f4                      movl  -0xc(%ebp), %eax
29 c2                         sub %eax, %edx
89 d0                         mov %edx, %eax
89 45 f0                      movl  %eax, -0x10(%ebp)
01 d0                         add %edx, %eax
8b 45 f0                      movl  -0x10(%ebp), %eax
05 ff ff ff 3f                add $0x3fffffff, %eax
int
8b 45 f4                      movl  -0xc(%ebp), %eax
29 c2                         sub %eax, %edx
89 d0                         mov %edx, %eax
89 44 24 10                   movl  %eax, 0x10(%esp)
83 7d 18 01                   cmpl  $0x1, 0x18(%ebp)
75 1a                         jnz 0x80488f6
e9 27 01 00 00                jmp 0x8048a1d
int
8b 55 f4                      movl  -0xc(%ebp), %edx
29 d1                         sub %edx, %ecx
89 4c 24 04                   movl  %ecx, 0x4(%esp)
8b 45 0c                      movl  0xc(%ebp), %eax
83 7d 0c 00                   cmpl  $0x0, 0xc(%ebp)
75 21                         jnz 0x80488d6
75 1a                         jnz 0x80488f6
e9 27 01 00 00                jmp 0x8048a1d
int
8b 84 24 28 01 00 00          movl  0x128(%esp), %eax
89 44 24 0c                   movl  %eax, 0xc(%esp)
8b 45 14                      movl  0x14(%ebp), %eax
01 d0                         add %edx, %eax
89 c2                         mov %eax, %edx
c1 ea 1f                      shr $0x1f, %edx
01 d0                         add %edx, %eax
d1 f8                         sar $0x1, %eax
89 45 f4                      movl  %eax, -0xc(%ebp)
8b 45 14                      movl  0x14(%ebp), %eax
01 d0                         add %edx, %eax
83 e0 01                      and $0x1, %eax
85 c0                         test %eax, %eax
74 2c                         jz 0x8048a78
8b 45 f4                      movl  -0xc(%ebp), %eax
83 c0 01                      add $0x1, %eax
89 44 24 10                   movl  %eax, 0x10(%esp)
8b 45 14                      movl  0x14(%ebp), %eax
89 44 24 0c                   movl  %eax, 0xc(%esp)
e8 fe fd ff ff                calll  0x8048874
int
8b 84 24 2c 01 00 00          movl  0x12c(%esp), %eax
89 44 24 04                   movl  %eax, 0x4(%esp)
8b 55 0c                      movl  0xc(%ebp), %edx
01 d0                         add %edx, %eax
89 c2                         mov %eax, %edx
c1 ea 1f                      shr $0x1f, %edx
01 d0                         add %edx, %eax
d1 f8                         sar $0x1, %eax
89 45 f4                      movl  %eax, -0xc(%ebp)
8b 55 0c                      movl  0xc(%ebp), %edx
01 d0                         add %edx, %eax
83 e0 01                      and $0x1, %eax
85 c0                         test %eax, %eax
74 2c                         jz 0x8048a78
8b 45 f4                      movl  -0xc(%ebp), %eax
83 c0 01                      add $0x1, %eax
89 44 24 10                   movl  %eax, 0x10(%esp)
8b 45 0c                      movl  0xc(%ebp), %eax
89 44 24 04                   movl  %eax, 0x4(%esp)
e8 fe fd ff ff                calll  0x8048874
int
8b 45 f4                      movl  -0xc(%ebp), %eax
83 c0 01                      add $0x1, %eax
89 44 24 10                   movl  %eax, 0x10(%esp)
8b 45 18                      movl  0x18(%ebp), %eax
89 44 24 10                   movl  %eax, 0x10(%esp)
83 7d 18 01                   cmpl  $0x1, 0x18(%ebp)
75 1a                         jnz 0x80488f6
8b 45 18                      movl  0x18(%ebp), %eax
89 c2                         mov %eax, %edx
c1 ea 1f                      shr $0x1f, %edx
01 d0                         add %edx, %eax
d1 f8                         sar $0x1, %eax
89 c2                         mov %eax, %edx
39 c2                         cmp %eax, %edx
0f 4e c2                      cmovle %edx, %eax
89 45 f4                      movl  %eax, -0xc(%ebp)
8b 45 f4                      movl  -0xc(%ebp), %eax
8b 55 18                      movl  0x18(%ebp), %edx
29 c2                         sub %eax, %edx
89 d0                         mov %edx, %eax
int
8b 45 f4                      movl  -0xc(%ebp), %eax
29 c2                         sub %eax, %edx
89 d0                         mov %edx, %eax
89 45 f0                      movl  %eax, -0x10(%ebp)
01 d0                         add %edx, %eax
8b 45 f0                      movl  -0x10(%ebp), %eax
05 ff ff ff 3f                add $0x3fffffff, %eax
8b 45 f0                      movl  -0x10(%ebp), %eax
05 ff ff ff 3f                add $0x3fffffff, %eax
8b 45 f0                      movl  -0x10(%ebp), %eax
29 c1                         sub %eax, %ecx
8b 45 f0                      movl  -0x10(%ebp), %eax
29 c2                         sub %eax, %edx
8b 45 f0                      movl  -0x10(%ebp), %eax
89 4c 24 10                   movl  %ecx, 0x10(%esp)
89 54 24 0c                   movl  %edx, 0xc(%esp)
3b 45 14                      cmpl  0x14(%ebp), %eax
7e 2c                         jle 0x80488af
8b 45 18                      movl  0x18(%ebp), %eax
89 44 24 10                   movl  %eax, 0x10(%esp)
int
8b 45 f0                      movl  -0x10(%ebp), %eax
29 c1                         sub %eax, %ecx
89 4c 24 10                   movl  %ecx, 0x10(%esp)
8b 45 18                      movl  0x18(%ebp), %eax
89 44 24 10                   movl  %eax, 0x10(%esp)
83 7d 18 01                   cmpl  $0x1, 0x18(%ebp)
75 1a                         jnz 0x80488f6
8b 45 18                      movl  0x18(%ebp), %eax
89 c2                         mov %eax, %edx
c1 ea 1f                      shr $0x1f, %edx
01 d0                         add %edx, %eax
d1 f8                         sar $0x1, %eax
89 c2                         mov %eax, %edx
39 c2                         cmp %eax, %edx
0f 4e c2                      cmovle %edx, %eax
89 45 f4                      movl  %eax, -0xc(%ebp)
8b 45 f4                      movl  -0xc(%ebp), %eax
8b 55 18                      movl  0x18(%ebp), %edx
29 c2                         sub %eax, %edx
89 d0                         mov %edx, %eax
int
8b 45 f0                      movl  -0x10(%ebp), %eax
29 c2                         sub %eax, %edx
89 54 24 0c                   movl  %edx, 0xc(%esp)
3b 45 14                      cmpl  0x14(%ebp), %eax
7e 2c                         jle 0x80488af
8b 45 14                      movl  0x14(%ebp), %eax
89 44 24 04                   movl  %eax, 0x4(%esp)
e8 ca ff ff ff                calll  0x8048874
8b 45 0c                      movl  0xc(%ebp), %eax
7e 2c                         jle 0x80488af
83 7d 0c 00                   cmpl  $0x0, 0xc(%ebp)
75 21                         jnz 0x80488d6
75 1a                         jnz 0x80488f6
8b 45 0c                      movl  0xc(%ebp), %eax
39 c2                         cmp %eax, %edx
0f 4e c2                      cmovle %edx, %eax
89 45 f4                      movl  %eax, -0xc(%ebp)
8b 45 f4                      movl  -0xc(%ebp), %eax
29 c2                         sub %eax, %edx
89 d0                         mov %edx, %eax
int
8b 45 f4                      movl  -0xc(%ebp), %eax
29 c2                         sub %eax, %edx
89 d0                         mov %edx, %eax
89 45 f0                      movl  %eax, -0x10(%ebp)
01 d0                         add %edx, %eax
8b 45 f0                      movl  -0x10(%ebp), %eax
05 ff ff ff 3f                add $0x3fffffff, %eax
int
8b 45 f4                      movl  -0xc(%ebp), %eax
29 c2                         sub %eax, %edx
89 d0                         mov %edx, %eax
89 44 24 10                   movl  %eax, 0x10(%esp)
83 7d 18 01                   cmpl  $0x1, 0x18(%ebp)
75 1a                         jnz 0x80488f6
8b 45 18                      movl  0x18(%ebp), %eax
89 c2                         mov %eax, %edx
c1 ea 1f                      shr $0x1f, %edx
01 d0                         add %edx, %eax
d1 f8                         sar $0x1, %eax
89 c2                         mov %eax, %edx
39 c2                         cmp %eax, %edx
0f 4e c2                      cmovle %edx, %eax
89 45 f4                      movl  %eax, -0xc(%ebp)
8b 45 f4                      movl  -0xc(%ebp), %eax
8b 55 18                      movl  0x18(%ebp), %edx
29 c2                         sub %eax, %edx
89 d0                         mov %edx, %eax
89 45 f0                      movl  %eax, -0x10(%ebp)
int
8b 55 f4                      movl  -0xc(%ebp), %edx
29 d1                         sub %edx, %ecx
89 4c 24 04                   movl  %ecx, 0x4(%esp)
8b 45 0c                      movl  0xc(%ebp), %eax
83 7d 0c 00                   cmpl  $0x0, 0xc(%ebp)
75 21                         jnz 0x80488d6
75 1a                         jnz 0x80488f6
8b 45 0c                      movl  0xc(%ebp), %eax
39 c2                         cmp %eax, %edx
0f 4e c2                      cmovle %edx, %eax
89 45 f4                      movl  %eax, -0xc(%ebp)
8b 45 f4                      movl  -0xc(%ebp), %eax
29 c2                         sub %eax, %edx
89 d0                         mov %edx, %eax
89 45 f0                      movl  %eax, -0x10(%ebp)
8b 45 f4                      movl  -0xc(%ebp), %eax
05 ff ff ff 3f                add $0x3fffffff, %eax
01 d0                         add %edx, %eax
8b 45 f0                      movl  -0x10(%ebp), %eax
05 ff ff ff 3f                add $0x3fffffff, %eax
int
8b 45 f4                      movl  -0xc(%ebp), %eax
29 c2                         sub %eax, %edx
89 d0                         mov %edx, %eax
89 45 f0                      movl  %eax, -0x10(%ebp)
01 d0                         add %edx, %eax
8b 45 f0                      movl  -0x10(%ebp), %eax
05 ff ff ff 3f                add $0x3fffffff, %eax
int
8b 45 f4                      movl  -0xc(%ebp), %eax
29 c2                         sub %eax, %edx
89 d0                         mov %edx, %eax
89 44 24 10                   movl  %eax, 0x10(%esp)
83 7d 18 01                   cmpl  $0x1, 0x18(%ebp)
75 1a                         jnz 0x80488f6
e9 27 01 00 00                jmp 0x8048a1d
int
8b 55 f4                      movl  -0xc(%ebp), %edx
29 d1                         sub %edx, %ecx
89 4c 24 04                   movl  %ecx, 0x4(%esp)
8b 45 0c                      movl  0xc(%ebp), %eax
83 7d 0c 00                   cmpl  $0x0, 0xc(%ebp)
75 21                         jnz 0x80488d6
75 1a                         jnz 0x80488f6
e9 27 01 00 00                jmp 0x8048a1d
