int
83 7c 24 3c 02                cmpl  $0x2, 0x3c(%esp)
7e b9                         jle 0x80489ac
e8 78 39 01 00                calll  0x805c330
e8 48 c4 fe ff                calll  0x8048780
8b 1c 24                      movl  (%esp), %ebx
c3                            retl  
81 c3 c8 cc 07 00             add $0x7ccc8, %ebx
83 ec 10                      sub $0x10, %esp
0f 85 6d 01 00 00             jnz 0x805c4c0
0f 87 a9 00 00 00             jnbe 0x805c408
e9 50 ff ff ff                jmp 0x805c366
0f 82 72 01 00 00             jb 0x805c4e0
0f 85 6a 01 00 00             jnz 0x805c4e0
0f 84 95 00 00 00             jz 0x805c420
0f 82 c9 00 00 00             jb 0x805c460
0f 84 29 ff ff ff             jz 0x805c397
0f 85 53 01 00 00             jnz 0x805c4f8
8d 83 20 05 00 00             leal  0x520(%ebx), %eax
e8 5e e2 ff ff                calll  0x805a610
53                            pushl  %ebx
upointer
8b 54 24 38                   movl  0x38(%esp), %edx
89 50 04                      movl  %edx, 0x4(%eax)
8b 44 24 24                   movl  0x24(%esp), %eax
89 44 24 38                   movl  %eax, 0x38(%esp)
83 7c 24 38 00                cmpl  $0x0, 0x38(%esp)
75 d8                         jnz 0x80489fd
8b 44 24 38                   movl  0x38(%esp), %eax
e8 2d 71 00 00                calll  0x804fb40
e8 3a 8c ff ff                calll  0x8048780
8b 1c 24                      movl  (%esp), %ebx
c3                            retl  
81 c3 ba 94 08 00             add $0x894ba, %ebx
83 ec 08                      sub $0x8, %esp
8d 44 24 14                   leal  0x14(%esp), %eax
83 ec 04                      sub $0x4, %esp
50                            pushl  %eax
e8 78 06 03 00                calll  0x80801e0
89 e5                         mov %esp, %ebp
53                            pushl  %ebx
e8 95 85 fc ff                calll  0x8048780
int
83 44 24 3c 01                addl  $0x1, 0x3c(%esp)
83 7c 24 3c 02                cmpl  $0x2, 0x3c(%esp)
7e b9                         jle 0x80489ac
e8 78 39 01 00                calll  0x805c330
e8 48 c4 fe ff                calll  0x8048780
8b 1c 24                      movl  (%esp), %ebx
c3                            retl  
81 c3 c8 cc 07 00             add $0x7ccc8, %ebx
83 ec 10                      sub $0x10, %esp
0f 85 6d 01 00 00             jnz 0x805c4c0
0f 87 a9 00 00 00             jnbe 0x805c408
e9 50 ff ff ff                jmp 0x805c366
0f 82 72 01 00 00             jb 0x805c4e0
0f 85 6a 01 00 00             jnz 0x805c4e0
0f 84 95 00 00 00             jz 0x805c420
0f 82 c9 00 00 00             jb 0x805c460
0f 84 29 ff ff ff             jz 0x805c397
0f 85 53 01 00 00             jnz 0x805c4f8
8d 83 20 05 00 00             leal  0x520(%ebx), %eax
e8 5e e2 ff ff                calll  0x805a610
int
83 7c 24 3c 02                cmpl  $0x2, 0x3c(%esp)
7e b9                         jle 0x80489ac
e8 78 39 01 00                calll  0x805c330
e8 48 c4 fe ff                calll  0x8048780
8b 1c 24                      movl  (%esp), %ebx
c3                            retl  
81 c3 c8 cc 07 00             add $0x7ccc8, %ebx
83 ec 10                      sub $0x10, %esp
0f 85 6d 01 00 00             jnz 0x805c4c0
0f 87 a9 00 00 00             jnbe 0x805c408
e9 50 ff ff ff                jmp 0x805c366
0f 82 72 01 00 00             jb 0x805c4e0
0f 85 6a 01 00 00             jnz 0x805c4e0
0f 84 95 00 00 00             jz 0x805c420
0f 82 c9 00 00 00             jb 0x805c460
0f 84 29 ff ff ff             jz 0x805c397
0f 85 53 01 00 00             jnz 0x805c4f8
8d 83 20 05 00 00             leal  0x520(%ebx), %eax
e8 5e e2 ff ff                calll  0x805a610
53                            pushl  %ebx
upointer
8b 54 24 38                   movl  0x38(%esp), %edx
89 50 04                      movl  %edx, 0x4(%eax)
8b 40 04                      movl  0x4(%eax), %eax
89 44 24 38                   movl  %eax, 0x38(%esp)
83 7c 24 38 00                cmpl  $0x0, 0x38(%esp)
75 d8                         jnz 0x80489fd
8b 44 24 38                   movl  0x38(%esp), %eax
e8 2d 71 00 00                calll  0x804fb40
e8 3a 8c ff ff                calll  0x8048780
8b 1c 24                      movl  (%esp), %ebx
c3                            retl  
81 c3 ba 94 08 00             add $0x894ba, %ebx
83 ec 08                      sub $0x8, %esp
8d 44 24 14                   leal  0x14(%esp), %eax
83 ec 04                      sub $0x4, %esp
50                            pushl  %eax
e8 78 06 03 00                calll  0x80801e0
89 e5                         mov %esp, %ebp
53                            pushl  %ebx
e8 95 85 fc ff                calll  0x8048780
int
83 44 24 3c 01                addl  $0x1, 0x3c(%esp)
83 7c 24 3c 02                cmpl  $0x2, 0x3c(%esp)
7e b9                         jle 0x80489ac
e8 78 39 01 00                calll  0x805c330
e8 48 c4 fe ff                calll  0x8048780
8b 1c 24                      movl  (%esp), %ebx
c3                            retl  
81 c3 c8 cc 07 00             add $0x7ccc8, %ebx
83 ec 10                      sub $0x10, %esp
0f 85 6d 01 00 00             jnz 0x805c4c0
0f 87 a9 00 00 00             jnbe 0x805c408
e9 50 ff ff ff                jmp 0x805c366
0f 82 72 01 00 00             jb 0x805c4e0
0f 85 6a 01 00 00             jnz 0x805c4e0
0f 84 95 00 00 00             jz 0x805c420
0f 82 c9 00 00 00             jb 0x805c460
0f 84 29 ff ff ff             jz 0x805c397
0f 85 53 01 00 00             jnz 0x805c4f8
8d 83 20 05 00 00             leal  0x520(%ebx), %eax
e8 5e e2 ff ff                calll  0x805a610
int
83 7c 24 3c 02                cmpl  $0x2, 0x3c(%esp)
7e b9                         jle 0x80489ac
e8 78 39 01 00                calll  0x805c330
e8 48 c4 fe ff                calll  0x8048780
8b 1c 24                      movl  (%esp), %ebx
c3                            retl  
81 c3 c8 cc 07 00             add $0x7ccc8, %ebx
83 ec 10                      sub $0x10, %esp
0f 85 6d 01 00 00             jnz 0x805c4c0
0f 87 a9 00 00 00             jnbe 0x805c408
e9 50 ff ff ff                jmp 0x805c366
0f 82 72 01 00 00             jb 0x805c4e0
0f 85 6a 01 00 00             jnz 0x805c4e0
0f 84 95 00 00 00             jz 0x805c420
0f 82 c9 00 00 00             jb 0x805c460
0f 84 29 ff ff ff             jz 0x805c397
0f 85 53 01 00 00             jnz 0x805c4f8
8d 83 20 05 00 00             leal  0x520(%ebx), %eax
e8 5e e2 ff ff                calll  0x805a610
53                            pushl  %ebx
upointer
8b 54 24 38                   movl  0x38(%esp), %edx
89 50 04                      movl  %edx, 0x4(%eax)
8b 40 04                      movl  0x4(%eax), %eax
89 44 24 38                   movl  %eax, 0x38(%esp)
83 7c 24 38 00                cmpl  $0x0, 0x38(%esp)
75 d8                         jnz 0x80489fd
8b 44 24 38                   movl  0x38(%esp), %eax
e8 2d 71 00 00                calll  0x804fb40
e8 3a 8c ff ff                calll  0x8048780
8b 1c 24                      movl  (%esp), %ebx
c3                            retl  
81 c3 ba 94 08 00             add $0x894ba, %ebx
83 ec 08                      sub $0x8, %esp
8d 44 24 14                   leal  0x14(%esp), %eax
83 ec 04                      sub $0x4, %esp
50                            pushl  %eax
e8 78 06 03 00                calll  0x80801e0
89 e5                         mov %esp, %ebp
53                            pushl  %ebx
e8 95 85 fc ff                calll  0x8048780
int
83 44 24 3c 01                addl  $0x1, 0x3c(%esp)
83 7c 24 3c 02                cmpl  $0x2, 0x3c(%esp)
7e b9                         jle 0x80489ac
eb 21                         jmp 0x8048a1e
75 d8                         jnz 0x80489fd
e8 2d 71 00 00                calll  0x804fb40
e8 3a 8c ff ff                calll  0x8048780
8b 1c 24                      movl  (%esp), %ebx
c3                            retl  
81 c3 ba 94 08 00             add $0x894ba, %ebx
83 ec 08                      sub $0x8, %esp
8d 44 24 14                   leal  0x14(%esp), %eax
83 ec 04                      sub $0x4, %esp
50                            pushl  %eax
e8 78 06 03 00                calll  0x80801e0
89 e5                         mov %esp, %ebp
53                            pushl  %ebx
e8 95 85 fc ff                calll  0x8048780
8b 1c 24                      movl  (%esp), %ebx
c3                            retl  
int
83 7c 24 3c 02                cmpl  $0x2, 0x3c(%esp)
7e b9                         jle 0x80489ac
eb 21                         jmp 0x8048a1e
75 d8                         jnz 0x80489fd
e8 2d 71 00 00                calll  0x804fb40
e8 3a 8c ff ff                calll  0x8048780
8b 1c 24                      movl  (%esp), %ebx
c3                            retl  
81 c3 ba 94 08 00             add $0x894ba, %ebx
83 ec 08                      sub $0x8, %esp
8d 44 24 14                   leal  0x14(%esp), %eax
83 ec 04                      sub $0x4, %esp
50                            pushl  %eax
e8 78 06 03 00                calll  0x80801e0
89 e5                         mov %esp, %ebp
53                            pushl  %ebx
e8 95 85 fc ff                calll  0x8048780
8b 1c 24                      movl  (%esp), %ebx
c3                            retl  
81 c3 15 8e 05 00             add $0x58e15, %ebx
upointer
83 7c 24 38 00                cmpl  $0x0, 0x38(%esp)
75 d8                         jnz 0x80489fd
e8 2d 71 00 00                calll  0x804fb40
e8 3a 8c ff ff                calll  0x8048780
8b 1c 24                      movl  (%esp), %ebx
c3                            retl  
81 c3 ba 94 08 00             add $0x894ba, %ebx
83 ec 08                      sub $0x8, %esp
8d 44 24 14                   leal  0x14(%esp), %eax
83 ec 04                      sub $0x4, %esp
50                            pushl  %eax
e8 78 06 03 00                calll  0x80801e0
89 e5                         mov %esp, %ebp
53                            pushl  %ebx
e8 95 85 fc ff                calll  0x8048780
8b 1c 24                      movl  (%esp), %ebx
c3                            retl  
81 c3 15 8e 05 00             add $0x58e15, %ebx
81 ec ec 04 00 00             sub $0x4ec, %esp
8b 45 10                      movl  0x10(%ebp), %eax
upointer
83 7c 24 38 00                cmpl  $0x0, 0x38(%esp)
75 d8                         jnz 0x80489fd
e8 2d 71 00 00                calll  0x804fb40
e8 3a 8c ff ff                calll  0x8048780
8b 1c 24                      movl  (%esp), %ebx
c3                            retl  
81 c3 ba 94 08 00             add $0x894ba, %ebx
83 ec 08                      sub $0x8, %esp
8d 44 24 14                   leal  0x14(%esp), %eax
83 ec 04                      sub $0x4, %esp
50                            pushl  %eax
e8 78 06 03 00                calll  0x80801e0
89 e5                         mov %esp, %ebp
53                            pushl  %ebx
e8 95 85 fc ff                calll  0x8048780
8b 1c 24                      movl  (%esp), %ebx
c3                            retl  
81 c3 15 8e 05 00             add $0x58e15, %ebx
81 ec ec 04 00 00             sub $0x4ec, %esp
8b 45 10                      movl  0x10(%ebp), %eax
upointer
83 7c 24 38 00                cmpl  $0x0, 0x38(%esp)
75 d8                         jnz 0x80489fd
e8 2d 71 00 00                calll  0x804fb40
e8 3a 8c ff ff                calll  0x8048780
8b 1c 24                      movl  (%esp), %ebx
c3                            retl  
81 c3 ba 94 08 00             add $0x894ba, %ebx
83 ec 08                      sub $0x8, %esp
8d 44 24 14                   leal  0x14(%esp), %eax
83 ec 04                      sub $0x4, %esp
50                            pushl  %eax
e8 78 06 03 00                calll  0x80801e0
89 e5                         mov %esp, %ebp
53                            pushl  %ebx
e8 95 85 fc ff                calll  0x8048780
8b 1c 24                      movl  (%esp), %ebx
c3                            retl  
81 c3 15 8e 05 00             add $0x58e15, %ebx
81 ec ec 04 00 00             sub $0x4ec, %esp
8b 45 10                      movl  0x10(%ebp), %eax
upointer
83 7c 24 38 00                cmpl  $0x0, 0x38(%esp)
75 d8                         jnz 0x80489fd
e8 3f 79 00 00                calll  0x8050370
e8 a9 cc ff ff                calll  0x804d023
8b 3c 24                      movl  (%esp), %edi
c3                            retl  
81 c7 86 8c 08 00             add $0x88c86, %edi
83 ec 1c                      sub $0x1c, %esp
75 3d                         jnz 0x80503d8
74 28                         jz 0x80503d4
74 01                         jz 0x80503bc
74 07                         jz 0x80503c8
73 4c                         jnb 0x8050430
75 27                         jnz 0x805041f
75 1e                         jnz 0x805041f
74 01                         jz 0x8050413
74 07                         jz 0x805041f
c3                            retl  
8d 44 24 18                   leal  0x18(%esp), %eax
89 44 24 34                   movl  %eax, 0x34(%esp)
int
83 7c 24 3c 04                cmpl  $0x4, 0x3c(%esp)
7e b7                         jle 0x8048a4b
e8 d9 38 01 00                calll  0x805c330
e8 48 c4 fe ff                calll  0x8048780
8b 1c 24                      movl  (%esp), %ebx
c3                            retl  
81 c3 c8 cc 07 00             add $0x7ccc8, %ebx
83 ec 10                      sub $0x10, %esp
0f 85 6d 01 00 00             jnz 0x805c4c0
0f 87 a9 00 00 00             jnbe 0x805c408
e9 50 ff ff ff                jmp 0x805c366
0f 82 72 01 00 00             jb 0x805c4e0
0f 85 6a 01 00 00             jnz 0x805c4e0
0f 84 95 00 00 00             jz 0x805c420
0f 82 c9 00 00 00             jb 0x805c460
0f 84 29 ff ff ff             jz 0x805c397
0f 85 53 01 00 00             jnz 0x805c4f8
8d 83 20 05 00 00             leal  0x520(%ebx), %eax
e8 5e e2 ff ff                calll  0x805a610
53                            pushl  %ebx
int
8b 44 24 3c                   movl  0x3c(%esp), %eax
01 c0                         add %eax, %eax
8d 50 01                      leal  0x1(%eax), %edx
89 10                         movl  %edx, (%eax)
8b 00                         movl  (%eax), %eax
89 44 24 04                   movl  %eax, 0x4(%esp)
8b 00                         movl  (%eax), %eax
99                            cdq 
89 c6                         mov %eax, %esi
31 d0                         xor %edx, %eax
c1 ee 1f                      shr $0x1f, %esi
29 d0                         sub %edx, %eax
89 b5 5c fb ff ff             movl  %esi, -0x4a4(%ebp)
89 85 20 fb ff ff             movl  %eax, -0x4e0(%ebp)
50                            pushl  %eax
8b 4c 24 10                   movl  0x10(%esp), %ecx
89 c8                         mov %ecx, %eax
01 c0                         add %eax, %eax
29 c1                         sub %eax, %ecx
8b b5 20 fb ff ff             movl  -0x4e0(%ebp), %esi
upointer
8b 54 24 38                   movl  0x38(%esp), %edx
89 50 04                      movl  %edx, 0x4(%eax)
8b 44 24 1c                   movl  0x1c(%esp), %eax
89 44 24 38                   movl  %eax, 0x38(%esp)
83 7c 24 38 00                cmpl  $0x0, 0x38(%esp)
75 d8                         jnz 0x8048a9e
8b 44 24 38                   movl  0x38(%esp), %eax
e8 8c 70 00 00                calll  0x804fb40
e8 3a 8c ff ff                calll  0x8048780
8b 1c 24                      movl  (%esp), %ebx
c3                            retl  
81 c3 ba 94 08 00             add $0x894ba, %ebx
83 ec 08                      sub $0x8, %esp
8d 44 24 14                   leal  0x14(%esp), %eax
83 ec 04                      sub $0x4, %esp
50                            pushl  %eax
e8 78 06 03 00                calll  0x80801e0
89 e5                         mov %esp, %ebp
53                            pushl  %ebx
e8 95 85 fc ff                calll  0x8048780
int
83 44 24 3c 01                addl  $0x1, 0x3c(%esp)
83 7c 24 3c 04                cmpl  $0x4, 0x3c(%esp)
7e b7                         jle 0x8048a4b
e8 d9 38 01 00                calll  0x805c330
e8 48 c4 fe ff                calll  0x8048780
8b 1c 24                      movl  (%esp), %ebx
c3                            retl  
81 c3 c8 cc 07 00             add $0x7ccc8, %ebx
83 ec 10                      sub $0x10, %esp
0f 85 6d 01 00 00             jnz 0x805c4c0
0f 87 a9 00 00 00             jnbe 0x805c408
e9 50 ff ff ff                jmp 0x805c366
0f 82 72 01 00 00             jb 0x805c4e0
0f 85 6a 01 00 00             jnz 0x805c4e0
0f 84 95 00 00 00             jz 0x805c420
0f 82 c9 00 00 00             jb 0x805c460
0f 84 29 ff ff ff             jz 0x805c397
0f 85 53 01 00 00             jnz 0x805c4f8
8d 83 20 05 00 00             leal  0x520(%ebx), %eax
e8 5e e2 ff ff                calll  0x805a610
int
83 7c 24 3c 04                cmpl  $0x4, 0x3c(%esp)
7e b7                         jle 0x8048a4b
e8 d9 38 01 00                calll  0x805c330
e8 48 c4 fe ff                calll  0x8048780
8b 1c 24                      movl  (%esp), %ebx
c3                            retl  
81 c3 c8 cc 07 00             add $0x7ccc8, %ebx
83 ec 10                      sub $0x10, %esp
0f 85 6d 01 00 00             jnz 0x805c4c0
0f 87 a9 00 00 00             jnbe 0x805c408
e9 50 ff ff ff                jmp 0x805c366
0f 82 72 01 00 00             jb 0x805c4e0
0f 85 6a 01 00 00             jnz 0x805c4e0
0f 84 95 00 00 00             jz 0x805c420
0f 82 c9 00 00 00             jb 0x805c460
0f 84 29 ff ff ff             jz 0x805c397
0f 85 53 01 00 00             jnz 0x805c4f8
8d 83 20 05 00 00             leal  0x520(%ebx), %eax
e8 5e e2 ff ff                calll  0x805a610
53                            pushl  %ebx
int
8b 44 24 3c                   movl  0x3c(%esp), %eax
01 c0                         add %eax, %eax
8d 50 01                      leal  0x1(%eax), %edx
89 10                         movl  %edx, (%eax)
8b 00                         movl  (%eax), %eax
89 44 24 04                   movl  %eax, 0x4(%esp)
8b 00                         movl  (%eax), %eax
99                            cdq 
89 c6                         mov %eax, %esi
31 d0                         xor %edx, %eax
c1 ee 1f                      shr $0x1f, %esi
29 d0                         sub %edx, %eax
89 b5 5c fb ff ff             movl  %esi, -0x4a4(%ebp)
89 85 20 fb ff ff             movl  %eax, -0x4e0(%ebp)
50                            pushl  %eax
8b 4c 24 10                   movl  0x10(%esp), %ecx
89 c8                         mov %ecx, %eax
01 c0                         add %eax, %eax
29 c1                         sub %eax, %ecx
8b b5 20 fb ff ff             movl  -0x4e0(%ebp), %esi
upointer
8b 54 24 38                   movl  0x38(%esp), %edx
89 50 04                      movl  %edx, 0x4(%eax)
8b 40 04                      movl  0x4(%eax), %eax
89 44 24 38                   movl  %eax, 0x38(%esp)
83 7c 24 38 00                cmpl  $0x0, 0x38(%esp)
75 d8                         jnz 0x8048a9e
8b 44 24 38                   movl  0x38(%esp), %eax
e8 8c 70 00 00                calll  0x804fb40
e8 3a 8c ff ff                calll  0x8048780
8b 1c 24                      movl  (%esp), %ebx
c3                            retl  
81 c3 ba 94 08 00             add $0x894ba, %ebx
83 ec 08                      sub $0x8, %esp
8d 44 24 14                   leal  0x14(%esp), %eax
83 ec 04                      sub $0x4, %esp
50                            pushl  %eax
e8 78 06 03 00                calll  0x80801e0
89 e5                         mov %esp, %ebp
53                            pushl  %ebx
e8 95 85 fc ff                calll  0x8048780
int
83 44 24 3c 01                addl  $0x1, 0x3c(%esp)
83 7c 24 3c 04                cmpl  $0x4, 0x3c(%esp)
7e b7                         jle 0x8048a4b
e8 d9 38 01 00                calll  0x805c330
e8 48 c4 fe ff                calll  0x8048780
8b 1c 24                      movl  (%esp), %ebx
c3                            retl  
81 c3 c8 cc 07 00             add $0x7ccc8, %ebx
83 ec 10                      sub $0x10, %esp
0f 85 6d 01 00 00             jnz 0x805c4c0
0f 87 a9 00 00 00             jnbe 0x805c408
e9 50 ff ff ff                jmp 0x805c366
0f 82 72 01 00 00             jb 0x805c4e0
0f 85 6a 01 00 00             jnz 0x805c4e0
0f 84 95 00 00 00             jz 0x805c420
0f 82 c9 00 00 00             jb 0x805c460
0f 84 29 ff ff ff             jz 0x805c397
0f 85 53 01 00 00             jnz 0x805c4f8
8d 83 20 05 00 00             leal  0x520(%ebx), %eax
e8 5e e2 ff ff                calll  0x805a610
int
83 7c 24 3c 04                cmpl  $0x4, 0x3c(%esp)
7e b7                         jle 0x8048a4b
e8 d9 38 01 00                calll  0x805c330
e8 48 c4 fe ff                calll  0x8048780
8b 1c 24                      movl  (%esp), %ebx
c3                            retl  
81 c3 c8 cc 07 00             add $0x7ccc8, %ebx
83 ec 10                      sub $0x10, %esp
0f 85 6d 01 00 00             jnz 0x805c4c0
0f 87 a9 00 00 00             jnbe 0x805c408
e9 50 ff ff ff                jmp 0x805c366
0f 82 72 01 00 00             jb 0x805c4e0
0f 85 6a 01 00 00             jnz 0x805c4e0
0f 84 95 00 00 00             jz 0x805c420
0f 82 c9 00 00 00             jb 0x805c460
0f 84 29 ff ff ff             jz 0x805c397
0f 85 53 01 00 00             jnz 0x805c4f8
8d 83 20 05 00 00             leal  0x520(%ebx), %eax
e8 5e e2 ff ff                calll  0x805a610
53                            pushl  %ebx
int
8b 44 24 3c                   movl  0x3c(%esp), %eax
01 c0                         add %eax, %eax
8d 50 01                      leal  0x1(%eax), %edx
89 10                         movl  %edx, (%eax)
8b 00                         movl  (%eax), %eax
89 44 24 04                   movl  %eax, 0x4(%esp)
8b 00                         movl  (%eax), %eax
99                            cdq 
89 c6                         mov %eax, %esi
31 d0                         xor %edx, %eax
c1 ee 1f                      shr $0x1f, %esi
29 d0                         sub %edx, %eax
89 b5 5c fb ff ff             movl  %esi, -0x4a4(%ebp)
89 85 20 fb ff ff             movl  %eax, -0x4e0(%ebp)
50                            pushl  %eax
8b 4c 24 10                   movl  0x10(%esp), %ecx
89 c8                         mov %ecx, %eax
01 c0                         add %eax, %eax
29 c1                         sub %eax, %ecx
8b b5 20 fb ff ff             movl  -0x4e0(%ebp), %esi
upointer
8b 54 24 38                   movl  0x38(%esp), %edx
89 50 04                      movl  %edx, 0x4(%eax)
8b 40 04                      movl  0x4(%eax), %eax
89 44 24 38                   movl  %eax, 0x38(%esp)
83 7c 24 38 00                cmpl  $0x0, 0x38(%esp)
75 d8                         jnz 0x8048a9e
8b 44 24 38                   movl  0x38(%esp), %eax
e8 8c 70 00 00                calll  0x804fb40
e8 3a 8c ff ff                calll  0x8048780
8b 1c 24                      movl  (%esp), %ebx
c3                            retl  
81 c3 ba 94 08 00             add $0x894ba, %ebx
83 ec 08                      sub $0x8, %esp
8d 44 24 14                   leal  0x14(%esp), %eax
83 ec 04                      sub $0x4, %esp
50                            pushl  %eax
e8 78 06 03 00                calll  0x80801e0
89 e5                         mov %esp, %ebp
53                            pushl  %ebx
e8 95 85 fc ff                calll  0x8048780
int
83 44 24 3c 01                addl  $0x1, 0x3c(%esp)
83 7c 24 3c 04                cmpl  $0x4, 0x3c(%esp)
7e b7                         jle 0x8048a4b
e8 d9 38 01 00                calll  0x805c330
e8 48 c4 fe ff                calll  0x8048780
8b 1c 24                      movl  (%esp), %ebx
c3                            retl  
81 c3 c8 cc 07 00             add $0x7ccc8, %ebx
83 ec 10                      sub $0x10, %esp
0f 85 6d 01 00 00             jnz 0x805c4c0
0f 87 a9 00 00 00             jnbe 0x805c408
e9 50 ff ff ff                jmp 0x805c366
0f 82 72 01 00 00             jb 0x805c4e0
0f 85 6a 01 00 00             jnz 0x805c4e0
0f 84 95 00 00 00             jz 0x805c420
0f 82 c9 00 00 00             jb 0x805c460
0f 84 29 ff ff ff             jz 0x805c397
0f 85 53 01 00 00             jnz 0x805c4f8
8d 83 20 05 00 00             leal  0x520(%ebx), %eax
e8 5e e2 ff ff                calll  0x805a610
int
83 7c 24 3c 04                cmpl  $0x4, 0x3c(%esp)
7e b7                         jle 0x8048a4b
e8 d9 38 01 00                calll  0x805c330
e8 48 c4 fe ff                calll  0x8048780
8b 1c 24                      movl  (%esp), %ebx
c3                            retl  
81 c3 c8 cc 07 00             add $0x7ccc8, %ebx
83 ec 10                      sub $0x10, %esp
0f 85 6d 01 00 00             jnz 0x805c4c0
0f 87 a9 00 00 00             jnbe 0x805c408
e9 50 ff ff ff                jmp 0x805c366
0f 82 72 01 00 00             jb 0x805c4e0
0f 85 6a 01 00 00             jnz 0x805c4e0
0f 84 95 00 00 00             jz 0x805c420
0f 82 c9 00 00 00             jb 0x805c460
0f 84 29 ff ff ff             jz 0x805c397
0f 85 53 01 00 00             jnz 0x805c4f8
8d 83 20 05 00 00             leal  0x520(%ebx), %eax
e8 5e e2 ff ff                calll  0x805a610
53                            pushl  %ebx
int
8b 44 24 3c                   movl  0x3c(%esp), %eax
01 c0                         add %eax, %eax
8d 50 01                      leal  0x1(%eax), %edx
89 10                         movl  %edx, (%eax)
8b 00                         movl  (%eax), %eax
89 44 24 04                   movl  %eax, 0x4(%esp)
8b 00                         movl  (%eax), %eax
99                            cdq 
89 c6                         mov %eax, %esi
31 d0                         xor %edx, %eax
c1 ee 1f                      shr $0x1f, %esi
29 d0                         sub %edx, %eax
89 b5 5c fb ff ff             movl  %esi, -0x4a4(%ebp)
89 85 20 fb ff ff             movl  %eax, -0x4e0(%ebp)
50                            pushl  %eax
8b 4c 24 10                   movl  0x10(%esp), %ecx
89 c8                         mov %ecx, %eax
01 c0                         add %eax, %eax
29 c1                         sub %eax, %ecx
8b b5 20 fb ff ff             movl  -0x4e0(%ebp), %esi
upointer
8b 54 24 38                   movl  0x38(%esp), %edx
89 50 04                      movl  %edx, 0x4(%eax)
8b 40 04                      movl  0x4(%eax), %eax
89 44 24 38                   movl  %eax, 0x38(%esp)
83 7c 24 38 00                cmpl  $0x0, 0x38(%esp)
75 d8                         jnz 0x8048a9e
8b 44 24 38                   movl  0x38(%esp), %eax
e8 8c 70 00 00                calll  0x804fb40
e8 3a 8c ff ff                calll  0x8048780
8b 1c 24                      movl  (%esp), %ebx
c3                            retl  
81 c3 ba 94 08 00             add $0x894ba, %ebx
83 ec 08                      sub $0x8, %esp
8d 44 24 14                   leal  0x14(%esp), %eax
83 ec 04                      sub $0x4, %esp
50                            pushl  %eax
e8 78 06 03 00                calll  0x80801e0
89 e5                         mov %esp, %ebp
53                            pushl  %ebx
e8 95 85 fc ff                calll  0x8048780
int
83 44 24 3c 01                addl  $0x1, 0x3c(%esp)
83 7c 24 3c 04                cmpl  $0x4, 0x3c(%esp)
7e b7                         jle 0x8048a4b
e8 d9 38 01 00                calll  0x805c330
e8 48 c4 fe ff                calll  0x8048780
8b 1c 24                      movl  (%esp), %ebx
c3                            retl  
81 c3 c8 cc 07 00             add $0x7ccc8, %ebx
83 ec 10                      sub $0x10, %esp
0f 85 6d 01 00 00             jnz 0x805c4c0
0f 87 a9 00 00 00             jnbe 0x805c408
e9 50 ff ff ff                jmp 0x805c366
0f 82 72 01 00 00             jb 0x805c4e0
0f 85 6a 01 00 00             jnz 0x805c4e0
0f 84 95 00 00 00             jz 0x805c420
0f 82 c9 00 00 00             jb 0x805c460
0f 84 29 ff ff ff             jz 0x805c397
0f 85 53 01 00 00             jnz 0x805c4f8
8d 83 20 05 00 00             leal  0x520(%ebx), %eax
e8 5e e2 ff ff                calll  0x805a610
int
83 7c 24 3c 04                cmpl  $0x4, 0x3c(%esp)
7e b7                         jle 0x8048a4b
e8 d9 38 01 00                calll  0x805c330
e8 48 c4 fe ff                calll  0x8048780
8b 1c 24                      movl  (%esp), %ebx
c3                            retl  
81 c3 c8 cc 07 00             add $0x7ccc8, %ebx
83 ec 10                      sub $0x10, %esp
0f 85 6d 01 00 00             jnz 0x805c4c0
0f 87 a9 00 00 00             jnbe 0x805c408
e9 50 ff ff ff                jmp 0x805c366
0f 82 72 01 00 00             jb 0x805c4e0
0f 85 6a 01 00 00             jnz 0x805c4e0
0f 84 95 00 00 00             jz 0x805c420
0f 82 c9 00 00 00             jb 0x805c460
0f 84 29 ff ff ff             jz 0x805c397
0f 85 53 01 00 00             jnz 0x805c4f8
8d 83 20 05 00 00             leal  0x520(%ebx), %eax
e8 5e e2 ff ff                calll  0x805a610
53                            pushl  %ebx
int
8b 44 24 3c                   movl  0x3c(%esp), %eax
01 c0                         add %eax, %eax
8d 50 01                      leal  0x1(%eax), %edx
89 10                         movl  %edx, (%eax)
8b 00                         movl  (%eax), %eax
89 44 24 04                   movl  %eax, 0x4(%esp)
8b 00                         movl  (%eax), %eax
99                            cdq 
89 c6                         mov %eax, %esi
31 d0                         xor %edx, %eax
c1 ee 1f                      shr $0x1f, %esi
29 d0                         sub %edx, %eax
89 b5 5c fb ff ff             movl  %esi, -0x4a4(%ebp)
89 85 20 fb ff ff             movl  %eax, -0x4e0(%ebp)
50                            pushl  %eax
8b 4c 24 10                   movl  0x10(%esp), %ecx
89 c8                         mov %ecx, %eax
01 c0                         add %eax, %eax
29 c1                         sub %eax, %ecx
8b b5 20 fb ff ff             movl  -0x4e0(%ebp), %esi
upointer
8b 54 24 38                   movl  0x38(%esp), %edx
89 50 04                      movl  %edx, 0x4(%eax)
8b 40 04                      movl  0x4(%eax), %eax
89 44 24 38                   movl  %eax, 0x38(%esp)
83 7c 24 38 00                cmpl  $0x0, 0x38(%esp)
75 d8                         jnz 0x8048a9e
8b 44 24 38                   movl  0x38(%esp), %eax
e8 8c 70 00 00                calll  0x804fb40
e8 3a 8c ff ff                calll  0x8048780
8b 1c 24                      movl  (%esp), %ebx
c3                            retl  
81 c3 ba 94 08 00             add $0x894ba, %ebx
83 ec 08                      sub $0x8, %esp
8d 44 24 14                   leal  0x14(%esp), %eax
83 ec 04                      sub $0x4, %esp
50                            pushl  %eax
e8 78 06 03 00                calll  0x80801e0
89 e5                         mov %esp, %ebp
53                            pushl  %ebx
e8 95 85 fc ff                calll  0x8048780
int
83 44 24 3c 01                addl  $0x1, 0x3c(%esp)
83 7c 24 3c 04                cmpl  $0x4, 0x3c(%esp)
7e b7                         jle 0x8048a4b
eb 21                         jmp 0x8048abf
75 d8                         jnz 0x8048a9e
e8 8c 70 00 00                calll  0x804fb40
e8 3a 8c ff ff                calll  0x8048780
8b 1c 24                      movl  (%esp), %ebx
c3                            retl  
81 c3 ba 94 08 00             add $0x894ba, %ebx
83 ec 08                      sub $0x8, %esp
8d 44 24 14                   leal  0x14(%esp), %eax
83 ec 04                      sub $0x4, %esp
50                            pushl  %eax
e8 78 06 03 00                calll  0x80801e0
89 e5                         mov %esp, %ebp
53                            pushl  %ebx
e8 95 85 fc ff                calll  0x8048780
8b 1c 24                      movl  (%esp), %ebx
c3                            retl  
int
83 7c 24 3c 04                cmpl  $0x4, 0x3c(%esp)
7e b7                         jle 0x8048a4b
eb 21                         jmp 0x8048abf
75 d8                         jnz 0x8048a9e
e8 8c 70 00 00                calll  0x804fb40
e8 3a 8c ff ff                calll  0x8048780
8b 1c 24                      movl  (%esp), %ebx
c3                            retl  
81 c3 ba 94 08 00             add $0x894ba, %ebx
83 ec 08                      sub $0x8, %esp
8d 44 24 14                   leal  0x14(%esp), %eax
83 ec 04                      sub $0x4, %esp
50                            pushl  %eax
e8 78 06 03 00                calll  0x80801e0
89 e5                         mov %esp, %ebp
53                            pushl  %ebx
e8 95 85 fc ff                calll  0x8048780
8b 1c 24                      movl  (%esp), %ebx
c3                            retl  
81 c3 15 8e 05 00             add $0x58e15, %ebx
upointer
83 7c 24 38 00                cmpl  $0x0, 0x38(%esp)
75 d8                         jnz 0x8048a9e
e8 8c 70 00 00                calll  0x804fb40
e8 3a 8c ff ff                calll  0x8048780
8b 1c 24                      movl  (%esp), %ebx
c3                            retl  
81 c3 ba 94 08 00             add $0x894ba, %ebx
83 ec 08                      sub $0x8, %esp
8d 44 24 14                   leal  0x14(%esp), %eax
83 ec 04                      sub $0x4, %esp
50                            pushl  %eax
e8 78 06 03 00                calll  0x80801e0
89 e5                         mov %esp, %ebp
53                            pushl  %ebx
e8 95 85 fc ff                calll  0x8048780
8b 1c 24                      movl  (%esp), %ebx
c3                            retl  
81 c3 15 8e 05 00             add $0x58e15, %ebx
81 ec ec 04 00 00             sub $0x4ec, %esp
8b 45 10                      movl  0x10(%ebp), %eax
upointer
83 7c 24 38 00                cmpl  $0x0, 0x38(%esp)
75 d8                         jnz 0x8048a9e
e8 8c 70 00 00                calll  0x804fb40
e8 3a 8c ff ff                calll  0x8048780
8b 1c 24                      movl  (%esp), %ebx
c3                            retl  
81 c3 ba 94 08 00             add $0x894ba, %ebx
83 ec 08                      sub $0x8, %esp
8d 44 24 14                   leal  0x14(%esp), %eax
83 ec 04                      sub $0x4, %esp
50                            pushl  %eax
e8 78 06 03 00                calll  0x80801e0
89 e5                         mov %esp, %ebp
53                            pushl  %ebx
e8 95 85 fc ff                calll  0x8048780
8b 1c 24                      movl  (%esp), %ebx
c3                            retl  
81 c3 15 8e 05 00             add $0x58e15, %ebx
81 ec ec 04 00 00             sub $0x4ec, %esp
8b 45 10                      movl  0x10(%ebp), %eax
upointer
83 7c 24 38 00                cmpl  $0x0, 0x38(%esp)
75 d8                         jnz 0x8048a9e
e8 8c 70 00 00                calll  0x804fb40
e8 3a 8c ff ff                calll  0x8048780
8b 1c 24                      movl  (%esp), %ebx
c3                            retl  
81 c3 ba 94 08 00             add $0x894ba, %ebx
83 ec 08                      sub $0x8, %esp
8d 44 24 14                   leal  0x14(%esp), %eax
83 ec 04                      sub $0x4, %esp
50                            pushl  %eax
e8 78 06 03 00                calll  0x80801e0
89 e5                         mov %esp, %ebp
53                            pushl  %ebx
e8 95 85 fc ff                calll  0x8048780
8b 1c 24                      movl  (%esp), %ebx
c3                            retl  
81 c3 15 8e 05 00             add $0x58e15, %ebx
81 ec ec 04 00 00             sub $0x4ec, %esp
8b 45 10                      movl  0x10(%ebp), %eax
upointer
83 7c 24 38 00                cmpl  $0x0, 0x38(%esp)
75 d8                         jnz 0x8048a9e
e8 8c 70 00 00                calll  0x804fb40
e8 3a 8c ff ff                calll  0x8048780
8b 1c 24                      movl  (%esp), %ebx
c3                            retl  
81 c3 ba 94 08 00             add $0x894ba, %ebx
83 ec 08                      sub $0x8, %esp
8d 44 24 14                   leal  0x14(%esp), %eax
83 ec 04                      sub $0x4, %esp
50                            pushl  %eax
e8 78 06 03 00                calll  0x80801e0
89 e5                         mov %esp, %ebp
53                            pushl  %ebx
e8 95 85 fc ff                calll  0x8048780
8b 1c 24                      movl  (%esp), %ebx
c3                            retl  
81 c3 15 8e 05 00             add $0x58e15, %ebx
81 ec ec 04 00 00             sub $0x4ec, %esp
8b 45 10                      movl  0x10(%ebp), %eax
upointer
83 7c 24 38 00                cmpl  $0x0, 0x38(%esp)
75 d8                         jnz 0x8048a9e
e8 8c 70 00 00                calll  0x804fb40
e8 3a 8c ff ff                calll  0x8048780
8b 1c 24                      movl  (%esp), %ebx
c3                            retl  
81 c3 ba 94 08 00             add $0x894ba, %ebx
83 ec 08                      sub $0x8, %esp
8d 44 24 14                   leal  0x14(%esp), %eax
83 ec 04                      sub $0x4, %esp
50                            pushl  %eax
e8 78 06 03 00                calll  0x80801e0
89 e5                         mov %esp, %ebp
53                            pushl  %ebx
e8 95 85 fc ff                calll  0x8048780
8b 1c 24                      movl  (%esp), %ebx
c3                            retl  
81 c3 15 8e 05 00             add $0x58e15, %ebx
81 ec ec 04 00 00             sub $0x4ec, %esp
8b 45 10                      movl  0x10(%ebp), %eax
upointer
83 7c 24 38 00                cmpl  $0x0, 0x38(%esp)
75 d8                         jnz 0x8048a9e
e8 9e 78 00 00                calll  0x8050370
e8 a9 cc ff ff                calll  0x804d023
8b 3c 24                      movl  (%esp), %edi
c3                            retl  
81 c7 86 8c 08 00             add $0x88c86, %edi
83 ec 1c                      sub $0x1c, %esp
75 3d                         jnz 0x80503d8
74 28                         jz 0x80503d4
74 01                         jz 0x80503bc
74 07                         jz 0x80503c8
73 4c                         jnb 0x8050430
75 27                         jnz 0x805041f
75 1e                         jnz 0x805041f
74 01                         jz 0x8050413
74 07                         jz 0x805041f
c3                            retl  
e8 47 38 01 00                calll  0x805c330
e8 48 c4 fe ff                calll  0x8048780
int
8b 44 24 30                   movl  0x30(%esp), %eax
c1 e0 02                      shl $0x2, %eax
89 04 24                      movl  %eax, (%esp)
8b 74 24 20                   movl  0x20(%esp), %esi
8d 46 13                      leal  0x13(%esi), %eax
83 f8 0f                      cmp $0xf, %eax
0f 87 a9 00 00 00             jnbe 0x805c408
83 e0 f0                      and $0xfffffff0, %eax
83 f8 df                      cmp $0xffffffdf, %eax
0f 97 c2                      setnbe %dl
e9 50 ff ff ff                jmp 0x805c366
39 f0                         cmp %esi, %eax
0f 82 72 01 00 00             jb 0x805c4e0
84 d2                         test %dl, %dl
0f 85 6a 01 00 00             jnz 0x805c4e0
83 e8 01                      sub $0x1, %eax
c1 e8 04                      shr $0x4, %eax
0f 84 95 00 00 00             jz 0x805c420
0f 82 c9 00 00 00             jb 0x805c460
0f 84 29 ff ff ff             jz 0x805c397
int
8b 44 24 30                   movl  0x30(%esp), %eax
89 44 24 04                   movl  %eax, 0x4(%esp)
83 7d 0c 00                   cmpl  $0x0, 0xc(%ebp)
75 0a                         jnz 0x804888a
83 7d 0c 01                   cmpl  $0x1, 0xc(%ebp)
75 0a                         jnz 0x804889a
e9 c7 00 00 00                jmp 0x804897a
0f 85 2f ff ff ff             jnz 0x80488b3
eb 4d                         jmp 0x8048917
3b 45 0c                      cmpl  0xc(%ebp), %eax
7c ab                         jl 0x80488ca
74 34                         jz 0x8048913
3b 45 0c                      cmpl  0xc(%ebp), %eax
7c ab                         jl 0x80488ca
74 34                         jz 0x8048913
3b 45 0c                      cmpl  0xc(%ebp), %eax
7c ab                         jl 0x80488ca
74 55                         jz 0x804897a
0f 85 2f ff ff ff             jnz 0x80488b3
upointer
8b 44 24 2c                   movl  0x2c(%esp), %eax
89 04 24                      movl  %eax, (%esp)
8b 45 08                      movl  0x8(%ebp), %eax
01 d0                         add %edx, %eax
8b 45 08                      movl  0x8(%ebp), %eax
01 d0                         add %edx, %eax
int
83 7d f0 ff                   cmpl  $0xffffffff, -0x10(%ebp)
0f 85 2f ff ff ff             jnz 0x80488b3
eb 4d                         jmp 0x8048917
7c ab                         jl 0x80488ca
74 34                         jz 0x8048913
7c ab                         jl 0x80488ca
74 34                         jz 0x8048913
7c ab                         jl 0x80488ca
74 55                         jz 0x804897a
0f 85 2f ff ff ff             jnz 0x80488b3
int
83 45 f4 01                   addl  $0x1, -0xc(%ebp)
8b 45 f4                      movl  -0xc(%ebp), %eax
8b 45 f4                      movl  -0xc(%ebp), %eax
83 45 f4 01                   addl  $0x1, -0xc(%ebp)
8b 45 f4                      movl  -0xc(%ebp), %eax
upointer
8b 44 24 28                   movl  0x28(%esp), %eax
89 44 24 38                   movl  %eax, 0x38(%esp)
83 7c 24 38 00                cmpl  $0x0, 0x38(%esp)
75 d8                         jnz 0x8048b26
e8 16 78 00 00                calll  0x8050370
e8 a9 cc ff ff                calll  0x804d023
8b 3c 24                      movl  (%esp), %edi
c3                            retl  
81 c7 86 8c 08 00             add $0x88c86, %edi
83 ec 1c                      sub $0x1c, %esp
75 3d                         jnz 0x80503d8
74 28                         jz 0x80503d4
74 01                         jz 0x80503bc
74 07                         jz 0x80503c8
73 4c                         jnb 0x8050430
75 27                         jnz 0x805041f
75 1e                         jnz 0x805041f
74 01                         jz 0x8050413
74 07                         jz 0x805041f
c3                            retl  
upointer
83 7c 24 38 00                cmpl  $0x0, 0x38(%esp)
75 d8                         jnz 0x8048b26
e8 16 78 00 00                calll  0x8050370
e8 a9 cc ff ff                calll  0x804d023
8b 3c 24                      movl  (%esp), %edi
c3                            retl  
81 c7 86 8c 08 00             add $0x88c86, %edi
83 ec 1c                      sub $0x1c, %esp
75 3d                         jnz 0x80503d8
74 28                         jz 0x80503d4
74 01                         jz 0x80503bc
74 07                         jz 0x80503c8
73 4c                         jnb 0x8050430
75 27                         jnz 0x805041f
75 1e                         jnz 0x805041f
74 01                         jz 0x8050413
74 07                         jz 0x805041f
c3                            retl  
