int
8b 44 24 54                   movl  0x54(%esp), %eax
89 44 24 0c                   movl  %eax, 0xc(%esp)
3b 45 14                      cmpl  0x14(%ebp), %eax
0f 8c 5b ff ff ff             jl 0x8048917
e8 36 ff ff ff                calll  0x8048874
eb 41                         jmp 0x80488ca
7c b4                         jl 0x8048889
7d 08                         jnl 0x80488c4
7c b4                         jl 0x8048889
7d 08                         jnl 0x80488c4
7c b4                         jl 0x8048889
7d 08                         jnl 0x80488c4
eb 06                         jmp 0x80488ca
7c b4                         jl 0x8048889
74 16                         jz 0x80488f3
74 07                         jz 0x80488fa
eb 03                         jmp 0x80488fd
c3                            retl  
79 03                         jns 0x804894a
eb 29                         jmp 0x804897e
int
8b 44 24 58                   movl  0x58(%esp), %eax
89 44 24 04                   movl  %eax, 0x4(%esp)
8b 45 0c                      movl  0xc(%ebp), %eax
89 45 f4                      movl  %eax, -0xc(%ebp)
8b 45 f4                      movl  -0xc(%ebp), %eax
89 44 24 04                   movl  %eax, 0x4(%esp)
8b 45 0c                      movl  0xc(%ebp), %eax
89 45 f8                      movl  %eax, -0x8(%ebp)
3b 45 f8                      cmpl  -0x8(%ebp), %eax
7c b4                         jl 0x8048889
8b 55 f8                      movl  -0x8(%ebp), %edx
29 c2                         sub %eax, %edx
89 d0                         mov %edx, %eax
89 c2                         mov %eax, %edx
c1 ea 1f                      shr $0x1f, %edx
01 d0                         add %edx, %eax
d1 f8                         sar $0x1, %eax
8b 55 f8                      movl  -0x8(%ebp), %edx
29 c2                         sub %eax, %edx
89 d0                         mov %edx, %eax
int
8b 45 f4                      movl  -0xc(%ebp), %eax
89 44 24 04                   movl  %eax, 0x4(%esp)
8b 45 0c                      movl  0xc(%ebp), %eax
89 45 f8                      movl  %eax, -0x8(%ebp)
3b 45 f8                      cmpl  -0x8(%ebp), %eax
7c b4                         jl 0x8048889
8b 55 f8                      movl  -0x8(%ebp), %edx
29 c2                         sub %eax, %edx
89 d0                         mov %edx, %eax
89 c2                         mov %eax, %edx
c1 ea 1f                      shr $0x1f, %edx
01 d0                         add %edx, %eax
d1 f8                         sar $0x1, %eax
8b 55 f8                      movl  -0x8(%ebp), %edx
29 c2                         sub %eax, %edx
89 d0                         mov %edx, %eax
89 45 f4                      movl  %eax, -0xc(%ebp)
8b 45 f4                      movl  -0xc(%ebp), %eax
01 d0                         add %edx, %eax
7d 08                         jnl 0x80488c4
int
3b 45 f8                      cmpl  -0x8(%ebp), %eax
7c b4                         jl 0x8048889
7d 08                         jnl 0x80488c4
7c b4                         jl 0x8048889
7d 08                         jnl 0x80488c4
7c b4                         jl 0x8048889
7d 08                         jnl 0x80488c4
eb 06                         jmp 0x80488ca
7c b4                         jl 0x8048889
74 16                         jz 0x80488f3
74 07                         jz 0x80488fa
eb 03                         jmp 0x80488fd
int
8b 45 fc                      movl  -0x4(%ebp), %eax
29 c2                         sub %eax, %edx
89 d0                         mov %edx, %eax
89 c2                         mov %eax, %edx
c1 ea 1f                      shr $0x1f, %edx
01 d0                         add %edx, %eax
d1 f8                         sar $0x1, %eax
29 c2                         sub %eax, %edx
89 d0                         mov %edx, %eax
89 45 f4                      movl  %eax, -0xc(%ebp)
8b 45 f4                      movl  -0xc(%ebp), %eax
01 d0                         add %edx, %eax
8b 45 f4                      movl  -0xc(%ebp), %eax
89 45 f8                      movl  %eax, -0x8(%ebp)
3b 45 f8                      cmpl  -0x8(%ebp), %eax
7c b4                         jl 0x8048889
8b 55 f8                      movl  -0x8(%ebp), %edx
29 c2                         sub %eax, %edx
89 d0                         mov %edx, %eax
89 c2                         mov %eax, %edx
int
8b 55 f8                      movl  -0x8(%ebp), %edx
29 c2                         sub %eax, %edx
89 d0                         mov %edx, %eax
89 c2                         mov %eax, %edx
c1 ea 1f                      shr $0x1f, %edx
01 d0                         add %edx, %eax
d1 f8                         sar $0x1, %eax
29 c2                         sub %eax, %edx
89 d0                         mov %edx, %eax
89 45 f4                      movl  %eax, -0xc(%ebp)
8b 45 f4                      movl  -0xc(%ebp), %eax
01 d0                         add %edx, %eax
8b 45 f4                      movl  -0xc(%ebp), %eax
89 45 f8                      movl  %eax, -0x8(%ebp)
3b 45 f8                      cmpl  -0x8(%ebp), %eax
7c b4                         jl 0x8048889
8b 55 f8                      movl  -0x8(%ebp), %edx
29 c2                         sub %eax, %edx
89 d0                         mov %edx, %eax
89 c2                         mov %eax, %edx
int
8b 55 f8                      movl  -0x8(%ebp), %edx
29 c2                         sub %eax, %edx
89 d0                         mov %edx, %eax
89 45 f4                      movl  %eax, -0xc(%ebp)
8b 45 f4                      movl  -0xc(%ebp), %eax
01 d0                         add %edx, %eax
8b 45 f4                      movl  -0xc(%ebp), %eax
89 45 f8                      movl  %eax, -0x8(%ebp)
3b 45 f8                      cmpl  -0x8(%ebp), %eax
7c b4                         jl 0x8048889
8b 55 f8                      movl  -0x8(%ebp), %edx
29 c2                         sub %eax, %edx
89 d0                         mov %edx, %eax
89 c2                         mov %eax, %edx
c1 ea 1f                      shr $0x1f, %edx
01 d0                         add %edx, %eax
d1 f8                         sar $0x1, %eax
8b 55 f8                      movl  -0x8(%ebp), %edx
29 c2                         sub %eax, %edx
89 d0                         mov %edx, %eax
int
3b 45 f8                      cmpl  -0x8(%ebp), %eax
7c b4                         jl 0x8048889
7d 08                         jnl 0x80488c4
7c b4                         jl 0x8048889
7d 08                         jnl 0x80488c4
eb 06                         jmp 0x80488ca
7c b4                         jl 0x8048889
74 16                         jz 0x80488f3
74 07                         jz 0x80488fa
eb 03                         jmp 0x80488fd
int
8b 45 fc                      movl  -0x4(%ebp), %eax
29 c2                         sub %eax, %edx
89 d0                         mov %edx, %eax
89 c2                         mov %eax, %edx
c1 ea 1f                      shr $0x1f, %edx
01 d0                         add %edx, %eax
d1 f8                         sar $0x1, %eax
29 c2                         sub %eax, %edx
89 d0                         mov %edx, %eax
89 45 f4                      movl  %eax, -0xc(%ebp)
8b 45 f4                      movl  -0xc(%ebp), %eax
01 d0                         add %edx, %eax
8b 45 f4                      movl  -0xc(%ebp), %eax
89 45 f8                      movl  %eax, -0x8(%ebp)
3b 45 f8                      cmpl  -0x8(%ebp), %eax
7c b4                         jl 0x8048889
8b 55 f8                      movl  -0x8(%ebp), %edx
29 c2                         sub %eax, %edx
89 d0                         mov %edx, %eax
89 c2                         mov %eax, %edx
int
8b 55 f8                      movl  -0x8(%ebp), %edx
29 c2                         sub %eax, %edx
89 d0                         mov %edx, %eax
89 c2                         mov %eax, %edx
c1 ea 1f                      shr $0x1f, %edx
01 d0                         add %edx, %eax
d1 f8                         sar $0x1, %eax
29 c2                         sub %eax, %edx
89 d0                         mov %edx, %eax
89 45 f4                      movl  %eax, -0xc(%ebp)
8b 45 f4                      movl  -0xc(%ebp), %eax
01 d0                         add %edx, %eax
8b 45 f4                      movl  -0xc(%ebp), %eax
89 45 f8                      movl  %eax, -0x8(%ebp)
3b 45 f8                      cmpl  -0x8(%ebp), %eax
7c b4                         jl 0x8048889
8b 55 f8                      movl  -0x8(%ebp), %edx
29 c2                         sub %eax, %edx
89 d0                         mov %edx, %eax
89 c2                         mov %eax, %edx
int
8b 55 f8                      movl  -0x8(%ebp), %edx
29 c2                         sub %eax, %edx
89 d0                         mov %edx, %eax
89 45 f4                      movl  %eax, -0xc(%ebp)
8b 45 f4                      movl  -0xc(%ebp), %eax
01 d0                         add %edx, %eax
8b 45 f4                      movl  -0xc(%ebp), %eax
89 45 f8                      movl  %eax, -0x8(%ebp)
3b 45 f8                      cmpl  -0x8(%ebp), %eax
7c b4                         jl 0x8048889
8b 55 f8                      movl  -0x8(%ebp), %edx
29 c2                         sub %eax, %edx
89 d0                         mov %edx, %eax
89 c2                         mov %eax, %edx
c1 ea 1f                      shr $0x1f, %edx
01 d0                         add %edx, %eax
d1 f8                         sar $0x1, %eax
8b 55 f8                      movl  -0x8(%ebp), %edx
29 c2                         sub %eax, %edx
89 d0                         mov %edx, %eax
int
3b 45 f8                      cmpl  -0x8(%ebp), %eax
7c b4                         jl 0x8048889
7d 08                         jnl 0x80488c4
eb 06                         jmp 0x80488ca
7c b4                         jl 0x8048889
74 16                         jz 0x80488f3
74 07                         jz 0x80488fa
eb 03                         jmp 0x80488fd
int
8b 45 fc                      movl  -0x4(%ebp), %eax
29 c2                         sub %eax, %edx
89 d0                         mov %edx, %eax
89 c2                         mov %eax, %edx
c1 ea 1f                      shr $0x1f, %edx
01 d0                         add %edx, %eax
d1 f8                         sar $0x1, %eax
29 c2                         sub %eax, %edx
89 d0                         mov %edx, %eax
89 45 f4                      movl  %eax, -0xc(%ebp)
8b 45 f4                      movl  -0xc(%ebp), %eax
01 d0                         add %edx, %eax
8b 45 f4                      movl  -0xc(%ebp), %eax
89 45 fc                      movl  %eax, -0x4(%ebp)
8b 45 fc                      movl  -0x4(%ebp), %eax
83 c0 01                      add $0x1, %eax
01 d0                         add %edx, %eax
01 c2                         add %eax, %edx
01 c2                         add %eax, %edx
01 c2                         add %eax, %edx
int
8b 55 f8                      movl  -0x8(%ebp), %edx
29 c2                         sub %eax, %edx
89 d0                         mov %edx, %eax
89 c2                         mov %eax, %edx
c1 ea 1f                      shr $0x1f, %edx
01 d0                         add %edx, %eax
d1 f8                         sar $0x1, %eax
29 c2                         sub %eax, %edx
89 d0                         mov %edx, %eax
89 45 f4                      movl  %eax, -0xc(%ebp)
8b 45 f4                      movl  -0xc(%ebp), %eax
01 d0                         add %edx, %eax
8b 45 f4                      movl  -0xc(%ebp), %eax
89 45 fc                      movl  %eax, -0x4(%ebp)
8b 45 fc                      movl  -0x4(%ebp), %eax
83 c0 01                      add $0x1, %eax
01 d0                         add %edx, %eax
01 c2                         add %eax, %edx
01 c2                         add %eax, %edx
01 c2                         add %eax, %edx
int
8b 55 f8                      movl  -0x8(%ebp), %edx
29 c2                         sub %eax, %edx
89 d0                         mov %edx, %eax
89 45 f4                      movl  %eax, -0xc(%ebp)
8b 45 f4                      movl  -0xc(%ebp), %eax
01 d0                         add %edx, %eax
8b 45 f4                      movl  -0xc(%ebp), %eax
89 45 fc                      movl  %eax, -0x4(%ebp)
8b 45 fc                      movl  -0x4(%ebp), %eax
83 c0 01                      add $0x1, %eax
01 d0                         add %edx, %eax
01 c2                         add %eax, %edx
01 c2                         add %eax, %edx
01 c2                         add %eax, %edx
01 c2                         add %eax, %edx
01 c2                         add %eax, %edx
01 d0                         add %edx, %eax
int
3b 45 f8                      cmpl  -0x8(%ebp), %eax
7c b4                         jl 0x8048889
74 16                         jz 0x80488f3
74 07                         jz 0x80488fa
eb 03                         jmp 0x80488fd
int
8b 45 f8                      movl  -0x8(%ebp), %eax
f7 d0                         not %eax
89 45 f0                      movl  %eax, -0x10(%ebp)
83 7d f0 00                   cmpl  $0x0, -0x10(%ebp)
79 03                         jns 0x804894a
f7 55 f0                      notl  -0x10(%ebp)
eb 29                         jmp 0x804897e
3b 45 f0                      cmpl  -0x10(%ebp), %eax
7d cf                         jnl 0x8048955
3b 45 f0                      cmpl  -0x10(%ebp), %eax
7d cf                         jnl 0x8048955
3b 45 f0                      cmpl  -0x10(%ebp), %eax
7d cf                         jnl 0x8048955
3b 45 f0                      cmpl  -0x10(%ebp), %eax
7d cf                         jnl 0x8048955
3b 45 f0                      cmpl  -0x10(%ebp), %eax
7d cf                         jnl 0x8048955
8b 45 f0                      movl  -0x10(%ebp), %eax
0f 8c 5b ff ff ff             jl 0x8048917
e8 36 ff ff ff                calll  0x8048874
int
8b 45 f4                      movl  -0xc(%ebp), %eax
83 e8 01                      sub $0x1, %eax
89 45 f8                      movl  %eax, -0x8(%ebp)
8b 45 f8                      movl  -0x8(%ebp), %eax
8b 45 f8                      movl  -0x8(%ebp), %eax
83 c0 01                      add $0x1, %eax
8b 45 f8                      movl  -0x8(%ebp), %eax
83 6d f8 01                   subl  $0x1, -0x8(%ebp)
8b 45 f8                      movl  -0x8(%ebp), %eax
8b 45 f8                      movl  -0x8(%ebp), %eax
83 c0 01                      add $0x1, %eax
8b 45 f8                      movl  -0x8(%ebp), %eax
83 6d f8 01                   subl  $0x1, -0x8(%ebp)
8b 45 f8                      movl  -0x8(%ebp), %eax
8b 45 f8                      movl  -0x8(%ebp), %eax
83 c0 01                      add $0x1, %eax
8b 45 f8                      movl  -0x8(%ebp), %eax
83 6d f8 01                   subl  $0x1, -0x8(%ebp)
8b 45 f8                      movl  -0x8(%ebp), %eax
8b 45 f8                      movl  -0x8(%ebp), %eax
int
83 6d f8 01                   subl  $0x1, -0x8(%ebp)
8b 45 f8                      movl  -0x8(%ebp), %eax
8b 45 f8                      movl  -0x8(%ebp), %eax
83 c0 01                      add $0x1, %eax
8b 45 f8                      movl  -0x8(%ebp), %eax
83 6d f8 01                   subl  $0x1, -0x8(%ebp)
8b 45 f8                      movl  -0x8(%ebp), %eax
8b 45 f8                      movl  -0x8(%ebp), %eax
83 c0 01                      add $0x1, %eax
8b 45 f8                      movl  -0x8(%ebp), %eax
83 6d f8 01                   subl  $0x1, -0x8(%ebp)
8b 45 f8                      movl  -0x8(%ebp), %eax
8b 45 f8                      movl  -0x8(%ebp), %eax
83 c0 01                      add $0x1, %eax
8b 45 f8                      movl  -0x8(%ebp), %eax
83 6d f8 01                   subl  $0x1, -0x8(%ebp)
8b 45 f8                      movl  -0x8(%ebp), %eax
int
83 6d f8 01                   subl  $0x1, -0x8(%ebp)
8b 45 f8                      movl  -0x8(%ebp), %eax
8b 45 f8                      movl  -0x8(%ebp), %eax
83 c0 01                      add $0x1, %eax
8b 45 f8                      movl  -0x8(%ebp), %eax
83 6d f8 01                   subl  $0x1, -0x8(%ebp)
8b 45 f8                      movl  -0x8(%ebp), %eax
8b 45 f8                      movl  -0x8(%ebp), %eax
83 c0 01                      add $0x1, %eax
8b 45 f8                      movl  -0x8(%ebp), %eax
83 6d f8 01                   subl  $0x1, -0x8(%ebp)
8b 45 f8                      movl  -0x8(%ebp), %eax
int
83 6d f8 01                   subl  $0x1, -0x8(%ebp)
8b 45 f8                      movl  -0x8(%ebp), %eax
8b 45 f8                      movl  -0x8(%ebp), %eax
83 c0 01                      add $0x1, %eax
8b 45 f8                      movl  -0x8(%ebp), %eax
83 6d f8 01                   subl  $0x1, -0x8(%ebp)
8b 45 f8                      movl  -0x8(%ebp), %eax
int
83 45 f4 01                   addl  $0x1, -0xc(%ebp)
8b 45 f4                      movl  -0xc(%ebp), %eax
89 44 24 04                   movl  %eax, 0x4(%esp)
8b 45 0c                      movl  0xc(%ebp), %eax
89 45 f8                      movl  %eax, -0x8(%ebp)
3b 45 f8                      cmpl  -0x8(%ebp), %eax
7c b4                         jl 0x8048889
8b 55 f8                      movl  -0x8(%ebp), %edx
29 c2                         sub %eax, %edx
89 d0                         mov %edx, %eax
89 c2                         mov %eax, %edx
c1 ea 1f                      shr $0x1f, %edx
01 d0                         add %edx, %eax
d1 f8                         sar $0x1, %eax
8b 55 f8                      movl  -0x8(%ebp), %edx
29 c2                         sub %eax, %edx
89 d0                         mov %edx, %eax
89 45 f4                      movl  %eax, -0xc(%ebp)
8b 45 f4                      movl  -0xc(%ebp), %eax
01 d0                         add %edx, %eax
int
83 45 fc 01                   addl  $0x1, -0x4(%ebp)
8b 45 fc                      movl  -0x4(%ebp), %eax
8b 45 fc                      movl  -0x4(%ebp), %eax
8b 45 fc                      movl  -0x4(%ebp), %eax
83 45 fc 01                   addl  $0x1, -0x4(%ebp)
8b 45 fc                      movl  -0x4(%ebp), %eax
8b 45 fc                      movl  -0x4(%ebp), %eax
8b 45 fc                      movl  -0x4(%ebp), %eax
83 45 fc 01                   addl  $0x1, -0x4(%ebp)
8b 45 fc                      movl  -0x4(%ebp), %eax
8b 45 fc                      movl  -0x4(%ebp), %eax
8b 45 fc                      movl  -0x4(%ebp), %eax
83 45 fc 01                   addl  $0x1, -0x4(%ebp)
8b 45 fc                      movl  -0x4(%ebp), %eax
8b 45 fc                      movl  -0x4(%ebp), %eax
8b 45 fc                      movl  -0x4(%ebp), %eax
83 45 fc 01                   addl  $0x1, -0x4(%ebp)
8b 45 fc                      movl  -0x4(%ebp), %eax
int
8b 45 f4                      movl  -0xc(%ebp), %eax
89 44 24 04                   movl  %eax, 0x4(%esp)
8b 45 0c                      movl  0xc(%ebp), %eax
89 45 f8                      movl  %eax, -0x8(%ebp)
3b 45 f8                      cmpl  -0x8(%ebp), %eax
7c b4                         jl 0x8048889
8b 55 f8                      movl  -0x8(%ebp), %edx
29 c2                         sub %eax, %edx
89 d0                         mov %edx, %eax
89 c2                         mov %eax, %edx
c1 ea 1f                      shr $0x1f, %edx
01 d0                         add %edx, %eax
d1 f8                         sar $0x1, %eax
8b 55 f8                      movl  -0x8(%ebp), %edx
29 c2                         sub %eax, %edx
89 d0                         mov %edx, %eax
89 45 f4                      movl  %eax, -0xc(%ebp)
8b 45 f4                      movl  -0xc(%ebp), %eax
01 d0                         add %edx, %eax
7d 08                         jnl 0x80488c4
int
3b 45 f8                      cmpl  -0x8(%ebp), %eax
7c b4                         jl 0x8048889
7d 08                         jnl 0x80488c4
7c b4                         jl 0x8048889
7d 08                         jnl 0x80488c4
eb 06                         jmp 0x80488ca
7c b4                         jl 0x8048889
7d 08                         jnl 0x80488c4
eb 06                         jmp 0x80488ca
7c b4                         jl 0x8048889
74 16                         jz 0x80488f3
74 07                         jz 0x80488fa
eb 03                         jmp 0x80488fd
int
8b 45 fc                      movl  -0x4(%ebp), %eax
29 c2                         sub %eax, %edx
89 d0                         mov %edx, %eax
89 c2                         mov %eax, %edx
c1 ea 1f                      shr $0x1f, %edx
01 d0                         add %edx, %eax
d1 f8                         sar $0x1, %eax
29 c2                         sub %eax, %edx
89 d0                         mov %edx, %eax
89 45 f4                      movl  %eax, -0xc(%ebp)
8b 45 f4                      movl  -0xc(%ebp), %eax
01 d0                         add %edx, %eax
8b 45 f4                      movl  -0xc(%ebp), %eax
89 45 f8                      movl  %eax, -0x8(%ebp)
3b 45 f8                      cmpl  -0x8(%ebp), %eax
7c b4                         jl 0x8048889
8b 55 f8                      movl  -0x8(%ebp), %edx
29 c2                         sub %eax, %edx
89 d0                         mov %edx, %eax
89 c2                         mov %eax, %edx
int
8b 55 f8                      movl  -0x8(%ebp), %edx
29 c2                         sub %eax, %edx
89 d0                         mov %edx, %eax
89 c2                         mov %eax, %edx
c1 ea 1f                      shr $0x1f, %edx
01 d0                         add %edx, %eax
d1 f8                         sar $0x1, %eax
29 c2                         sub %eax, %edx
89 d0                         mov %edx, %eax
89 45 f4                      movl  %eax, -0xc(%ebp)
8b 45 f4                      movl  -0xc(%ebp), %eax
01 d0                         add %edx, %eax
8b 45 f4                      movl  -0xc(%ebp), %eax
89 45 f8                      movl  %eax, -0x8(%ebp)
3b 45 f8                      cmpl  -0x8(%ebp), %eax
7c b4                         jl 0x8048889
8b 55 f8                      movl  -0x8(%ebp), %edx
29 c2                         sub %eax, %edx
89 d0                         mov %edx, %eax
89 c2                         mov %eax, %edx
int
8b 55 f8                      movl  -0x8(%ebp), %edx
29 c2                         sub %eax, %edx
89 d0                         mov %edx, %eax
89 45 f4                      movl  %eax, -0xc(%ebp)
8b 45 f4                      movl  -0xc(%ebp), %eax
01 d0                         add %edx, %eax
8b 45 f4                      movl  -0xc(%ebp), %eax
89 45 f8                      movl  %eax, -0x8(%ebp)
3b 45 f8                      cmpl  -0x8(%ebp), %eax
7c b4                         jl 0x8048889
8b 55 f8                      movl  -0x8(%ebp), %edx
29 c2                         sub %eax, %edx
89 d0                         mov %edx, %eax
89 c2                         mov %eax, %edx
c1 ea 1f                      shr $0x1f, %edx
01 d0                         add %edx, %eax
d1 f8                         sar $0x1, %eax
8b 55 f8                      movl  -0x8(%ebp), %edx
29 c2                         sub %eax, %edx
89 d0                         mov %edx, %eax
int
3b 45 f8                      cmpl  -0x8(%ebp), %eax
7c b4                         jl 0x8048889
7d 08                         jnl 0x80488c4
eb 06                         jmp 0x80488ca
7c b4                         jl 0x8048889
7d 08                         jnl 0x80488c4
eb 06                         jmp 0x80488ca
7c b4                         jl 0x8048889
74 16                         jz 0x80488f3
74 07                         jz 0x80488fa
eb 03                         jmp 0x80488fd
int
8b 45 fc                      movl  -0x4(%ebp), %eax
29 c2                         sub %eax, %edx
89 d0                         mov %edx, %eax
89 c2                         mov %eax, %edx
c1 ea 1f                      shr $0x1f, %edx
01 d0                         add %edx, %eax
d1 f8                         sar $0x1, %eax
29 c2                         sub %eax, %edx
89 d0                         mov %edx, %eax
89 45 f4                      movl  %eax, -0xc(%ebp)
8b 45 f4                      movl  -0xc(%ebp), %eax
01 d0                         add %edx, %eax
8b 45 f4                      movl  -0xc(%ebp), %eax
89 45 fc                      movl  %eax, -0x4(%ebp)
8b 45 fc                      movl  -0x4(%ebp), %eax
83 c0 01                      add $0x1, %eax
8b 45 fc                      movl  -0x4(%ebp), %eax
29 c2                         sub %eax, %edx
89 d0                         mov %edx, %eax
89 c2                         mov %eax, %edx
int
8b 55 f8                      movl  -0x8(%ebp), %edx
29 c2                         sub %eax, %edx
89 d0                         mov %edx, %eax
89 c2                         mov %eax, %edx
c1 ea 1f                      shr $0x1f, %edx
01 d0                         add %edx, %eax
d1 f8                         sar $0x1, %eax
29 c2                         sub %eax, %edx
89 d0                         mov %edx, %eax
89 45 f4                      movl  %eax, -0xc(%ebp)
8b 45 f4                      movl  -0xc(%ebp), %eax
01 d0                         add %edx, %eax
8b 45 f4                      movl  -0xc(%ebp), %eax
89 45 fc                      movl  %eax, -0x4(%ebp)
8b 45 fc                      movl  -0x4(%ebp), %eax
83 c0 01                      add $0x1, %eax
8b 45 fc                      movl  -0x4(%ebp), %eax
29 c2                         sub %eax, %edx
89 d0                         mov %edx, %eax
89 c2                         mov %eax, %edx
int
8b 55 f8                      movl  -0x8(%ebp), %edx
29 c2                         sub %eax, %edx
89 d0                         mov %edx, %eax
89 45 f4                      movl  %eax, -0xc(%ebp)
8b 45 f4                      movl  -0xc(%ebp), %eax
01 d0                         add %edx, %eax
8b 45 f4                      movl  -0xc(%ebp), %eax
89 45 fc                      movl  %eax, -0x4(%ebp)
8b 45 fc                      movl  -0x4(%ebp), %eax
83 c0 01                      add $0x1, %eax
8b 45 fc                      movl  -0x4(%ebp), %eax
29 c2                         sub %eax, %edx
89 d0                         mov %edx, %eax
89 c2                         mov %eax, %edx
c1 ea 1f                      shr $0x1f, %edx
01 d0                         add %edx, %eax
d1 f8                         sar $0x1, %eax
29 c2                         sub %eax, %edx
89 d0                         mov %edx, %eax
89 45 f4                      movl  %eax, -0xc(%ebp)
int
3b 45 f8                      cmpl  -0x8(%ebp), %eax
7c b4                         jl 0x8048889
7d 08                         jnl 0x80488c4
eb 06                         jmp 0x80488ca
7c b4                         jl 0x8048889
74 16                         jz 0x80488f3
74 07                         jz 0x80488fa
eb 03                         jmp 0x80488fd
int
8b 45 fc                      movl  -0x4(%ebp), %eax
29 c2                         sub %eax, %edx
89 d0                         mov %edx, %eax
89 c2                         mov %eax, %edx
c1 ea 1f                      shr $0x1f, %edx
01 d0                         add %edx, %eax
d1 f8                         sar $0x1, %eax
29 c2                         sub %eax, %edx
89 d0                         mov %edx, %eax
89 45 f4                      movl  %eax, -0xc(%ebp)
8b 45 f4                      movl  -0xc(%ebp), %eax
01 d0                         add %edx, %eax
8b 45 f4                      movl  -0xc(%ebp), %eax
89 45 fc                      movl  %eax, -0x4(%ebp)
8b 45 fc                      movl  -0x4(%ebp), %eax
83 c0 01                      add $0x1, %eax
01 d0                         add %edx, %eax
01 c2                         add %eax, %edx
01 c2                         add %eax, %edx
01 c2                         add %eax, %edx
int
8b 55 f8                      movl  -0x8(%ebp), %edx
29 c2                         sub %eax, %edx
89 d0                         mov %edx, %eax
89 c2                         mov %eax, %edx
c1 ea 1f                      shr $0x1f, %edx
01 d0                         add %edx, %eax
d1 f8                         sar $0x1, %eax
29 c2                         sub %eax, %edx
89 d0                         mov %edx, %eax
89 45 f4                      movl  %eax, -0xc(%ebp)
8b 45 f4                      movl  -0xc(%ebp), %eax
01 d0                         add %edx, %eax
8b 45 f4                      movl  -0xc(%ebp), %eax
89 45 fc                      movl  %eax, -0x4(%ebp)
8b 45 fc                      movl  -0x4(%ebp), %eax
83 c0 01                      add $0x1, %eax
01 d0                         add %edx, %eax
01 c2                         add %eax, %edx
01 c2                         add %eax, %edx
01 c2                         add %eax, %edx
int
8b 55 f8                      movl  -0x8(%ebp), %edx
29 c2                         sub %eax, %edx
89 d0                         mov %edx, %eax
89 45 f4                      movl  %eax, -0xc(%ebp)
8b 45 f4                      movl  -0xc(%ebp), %eax
01 d0                         add %edx, %eax
8b 45 f4                      movl  -0xc(%ebp), %eax
89 45 fc                      movl  %eax, -0x4(%ebp)
8b 45 fc                      movl  -0x4(%ebp), %eax
83 c0 01                      add $0x1, %eax
01 d0                         add %edx, %eax
01 c2                         add %eax, %edx
01 c2                         add %eax, %edx
01 c2                         add %eax, %edx
01 c2                         add %eax, %edx
01 d0                         add %edx, %eax
int
3b 45 f8                      cmpl  -0x8(%ebp), %eax
7c b4                         jl 0x8048889
74 16                         jz 0x80488f3
74 07                         jz 0x80488fa
eb 03                         jmp 0x80488fd
int
8b 45 f8                      movl  -0x8(%ebp), %eax
f7 d0                         not %eax
89 45 f0                      movl  %eax, -0x10(%ebp)
83 7d f0 00                   cmpl  $0x0, -0x10(%ebp)
79 03                         jns 0x804894a
f7 55 f0                      notl  -0x10(%ebp)
eb 29                         jmp 0x804897e
3b 45 f0                      cmpl  -0x10(%ebp), %eax
7d cf                         jnl 0x8048955
3b 45 f0                      cmpl  -0x10(%ebp), %eax
7d cf                         jnl 0x8048955
3b 45 f0                      cmpl  -0x10(%ebp), %eax
7d cf                         jnl 0x8048955
3b 45 f0                      cmpl  -0x10(%ebp), %eax
7d cf                         jnl 0x8048955
8b 45 f0                      movl  -0x10(%ebp), %eax
0f 8c 5b ff ff ff             jl 0x8048917
e8 36 ff ff ff                calll  0x8048874
eb 41                         jmp 0x80488ca
7c b4                         jl 0x8048889
int
8b 45 f4                      movl  -0xc(%ebp), %eax
83 e8 01                      sub $0x1, %eax
89 45 f8                      movl  %eax, -0x8(%ebp)
8b 45 f8                      movl  -0x8(%ebp), %eax
8b 45 f8                      movl  -0x8(%ebp), %eax
83 c0 01                      add $0x1, %eax
8b 45 f8                      movl  -0x8(%ebp), %eax
83 6d f8 01                   subl  $0x1, -0x8(%ebp)
8b 45 f8                      movl  -0x8(%ebp), %eax
8b 45 f8                      movl  -0x8(%ebp), %eax
83 c0 01                      add $0x1, %eax
8b 45 f8                      movl  -0x8(%ebp), %eax
83 6d f8 01                   subl  $0x1, -0x8(%ebp)
8b 45 f8                      movl  -0x8(%ebp), %eax
8b 45 f8                      movl  -0x8(%ebp), %eax
83 c0 01                      add $0x1, %eax
8b 45 f8                      movl  -0x8(%ebp), %eax
83 6d f8 01                   subl  $0x1, -0x8(%ebp)
8b 45 f8                      movl  -0x8(%ebp), %eax
int
83 6d f8 01                   subl  $0x1, -0x8(%ebp)
8b 45 f8                      movl  -0x8(%ebp), %eax
8b 45 f8                      movl  -0x8(%ebp), %eax
83 c0 01                      add $0x1, %eax
8b 45 f8                      movl  -0x8(%ebp), %eax
83 6d f8 01                   subl  $0x1, -0x8(%ebp)
8b 45 f8                      movl  -0x8(%ebp), %eax
8b 45 f8                      movl  -0x8(%ebp), %eax
83 c0 01                      add $0x1, %eax
8b 45 f8                      movl  -0x8(%ebp), %eax
83 6d f8 01                   subl  $0x1, -0x8(%ebp)
8b 45 f8                      movl  -0x8(%ebp), %eax
int
83 6d f8 01                   subl  $0x1, -0x8(%ebp)
8b 45 f8                      movl  -0x8(%ebp), %eax
8b 45 f8                      movl  -0x8(%ebp), %eax
83 c0 01                      add $0x1, %eax
8b 45 f8                      movl  -0x8(%ebp), %eax
83 6d f8 01                   subl  $0x1, -0x8(%ebp)
8b 45 f8                      movl  -0x8(%ebp), %eax
int
83 45 f4 01                   addl  $0x1, -0xc(%ebp)
8b 45 f4                      movl  -0xc(%ebp), %eax
89 44 24 04                   movl  %eax, 0x4(%esp)
8b 45 0c                      movl  0xc(%ebp), %eax
89 45 f8                      movl  %eax, -0x8(%ebp)
3b 45 f8                      cmpl  -0x8(%ebp), %eax
7c b4                         jl 0x8048889
8b 55 f8                      movl  -0x8(%ebp), %edx
29 c2                         sub %eax, %edx
89 d0                         mov %edx, %eax
89 c2                         mov %eax, %edx
c1 ea 1f                      shr $0x1f, %edx
01 d0                         add %edx, %eax
d1 f8                         sar $0x1, %eax
8b 55 f8                      movl  -0x8(%ebp), %edx
29 c2                         sub %eax, %edx
89 d0                         mov %edx, %eax
89 45 f4                      movl  %eax, -0xc(%ebp)
8b 45 f4                      movl  -0xc(%ebp), %eax
01 d0                         add %edx, %eax
int
83 45 fc 01                   addl  $0x1, -0x4(%ebp)
8b 45 fc                      movl  -0x4(%ebp), %eax
8b 45 fc                      movl  -0x4(%ebp), %eax
8b 45 fc                      movl  -0x4(%ebp), %eax
83 45 fc 01                   addl  $0x1, -0x4(%ebp)
8b 45 fc                      movl  -0x4(%ebp), %eax
8b 45 fc                      movl  -0x4(%ebp), %eax
8b 45 fc                      movl  -0x4(%ebp), %eax
83 45 fc 01                   addl  $0x1, -0x4(%ebp)
8b 45 fc                      movl  -0x4(%ebp), %eax
8b 45 fc                      movl  -0x4(%ebp), %eax
8b 45 fc                      movl  -0x4(%ebp), %eax
83 45 fc 01                   addl  $0x1, -0x4(%ebp)
8b 45 fc                      movl  -0x4(%ebp), %eax
int
8b 45 f4                      movl  -0xc(%ebp), %eax
89 44 24 04                   movl  %eax, 0x4(%esp)
8b 45 0c                      movl  0xc(%ebp), %eax
89 45 f8                      movl  %eax, -0x8(%ebp)
3b 45 f8                      cmpl  -0x8(%ebp), %eax
7c b4                         jl 0x8048889
8b 55 f8                      movl  -0x8(%ebp), %edx
29 c2                         sub %eax, %edx
89 d0                         mov %edx, %eax
89 c2                         mov %eax, %edx
c1 ea 1f                      shr $0x1f, %edx
01 d0                         add %edx, %eax
d1 f8                         sar $0x1, %eax
8b 55 f8                      movl  -0x8(%ebp), %edx
29 c2                         sub %eax, %edx
89 d0                         mov %edx, %eax
89 45 f4                      movl  %eax, -0xc(%ebp)
8b 45 f4                      movl  -0xc(%ebp), %eax
01 d0                         add %edx, %eax
7d 08                         jnl 0x80488c4
int
3b 45 f8                      cmpl  -0x8(%ebp), %eax
7c b4                         jl 0x8048889
7d 08                         jnl 0x80488c4
eb 06                         jmp 0x80488ca
7c b4                         jl 0x8048889
7d 08                         jnl 0x80488c4
7c b4                         jl 0x8048889
7d 08                         jnl 0x80488c4
eb 06                         jmp 0x80488ca
7c b4                         jl 0x8048889
74 16                         jz 0x80488f3
74 07                         jz 0x80488fa
eb 03                         jmp 0x80488fd
int
8b 45 fc                      movl  -0x4(%ebp), %eax
29 c2                         sub %eax, %edx
89 d0                         mov %edx, %eax
89 c2                         mov %eax, %edx
c1 ea 1f                      shr $0x1f, %edx
01 d0                         add %edx, %eax
d1 f8                         sar $0x1, %eax
29 c2                         sub %eax, %edx
89 d0                         mov %edx, %eax
89 45 f4                      movl  %eax, -0xc(%ebp)
8b 45 f4                      movl  -0xc(%ebp), %eax
01 d0                         add %edx, %eax
8b 45 f4                      movl  -0xc(%ebp), %eax
89 45 fc                      movl  %eax, -0x4(%ebp)
8b 45 fc                      movl  -0x4(%ebp), %eax
83 c0 01                      add $0x1, %eax
8b 45 fc                      movl  -0x4(%ebp), %eax
29 c2                         sub %eax, %edx
89 d0                         mov %edx, %eax
89 c2                         mov %eax, %edx
int
8b 55 f8                      movl  -0x8(%ebp), %edx
29 c2                         sub %eax, %edx
89 d0                         mov %edx, %eax
89 c2                         mov %eax, %edx
c1 ea 1f                      shr $0x1f, %edx
01 d0                         add %edx, %eax
d1 f8                         sar $0x1, %eax
29 c2                         sub %eax, %edx
89 d0                         mov %edx, %eax
89 45 f4                      movl  %eax, -0xc(%ebp)
8b 45 f4                      movl  -0xc(%ebp), %eax
01 d0                         add %edx, %eax
8b 45 f4                      movl  -0xc(%ebp), %eax
89 45 fc                      movl  %eax, -0x4(%ebp)
8b 45 fc                      movl  -0x4(%ebp), %eax
83 c0 01                      add $0x1, %eax
8b 45 fc                      movl  -0x4(%ebp), %eax
29 c2                         sub %eax, %edx
89 d0                         mov %edx, %eax
89 c2                         mov %eax, %edx
int
8b 55 f8                      movl  -0x8(%ebp), %edx
29 c2                         sub %eax, %edx
89 d0                         mov %edx, %eax
89 45 f4                      movl  %eax, -0xc(%ebp)
8b 45 f4                      movl  -0xc(%ebp), %eax
01 d0                         add %edx, %eax
8b 45 f4                      movl  -0xc(%ebp), %eax
89 45 fc                      movl  %eax, -0x4(%ebp)
8b 45 fc                      movl  -0x4(%ebp), %eax
83 c0 01                      add $0x1, %eax
8b 45 fc                      movl  -0x4(%ebp), %eax
29 c2                         sub %eax, %edx
89 d0                         mov %edx, %eax
89 c2                         mov %eax, %edx
c1 ea 1f                      shr $0x1f, %edx
01 d0                         add %edx, %eax
d1 f8                         sar $0x1, %eax
29 c2                         sub %eax, %edx
89 d0                         mov %edx, %eax
89 45 f4                      movl  %eax, -0xc(%ebp)
int
3b 45 f8                      cmpl  -0x8(%ebp), %eax
7c b4                         jl 0x8048889
7d 08                         jnl 0x80488c4
7c b4                         jl 0x8048889
7d 08                         jnl 0x80488c4
eb 06                         jmp 0x80488ca
7c b4                         jl 0x8048889
74 16                         jz 0x80488f3
74 07                         jz 0x80488fa
eb 03                         jmp 0x80488fd
int
8b 45 fc                      movl  -0x4(%ebp), %eax
29 c2                         sub %eax, %edx
89 d0                         mov %edx, %eax
89 c2                         mov %eax, %edx
c1 ea 1f                      shr $0x1f, %edx
01 d0                         add %edx, %eax
d1 f8                         sar $0x1, %eax
29 c2                         sub %eax, %edx
89 d0                         mov %edx, %eax
89 45 f4                      movl  %eax, -0xc(%ebp)
8b 45 f4                      movl  -0xc(%ebp), %eax
01 d0                         add %edx, %eax
8b 45 f4                      movl  -0xc(%ebp), %eax
89 45 f8                      movl  %eax, -0x8(%ebp)
3b 45 f8                      cmpl  -0x8(%ebp), %eax
7c b4                         jl 0x8048889
8b 55 f8                      movl  -0x8(%ebp), %edx
29 c2                         sub %eax, %edx
89 d0                         mov %edx, %eax
89 c2                         mov %eax, %edx
int
8b 55 f8                      movl  -0x8(%ebp), %edx
29 c2                         sub %eax, %edx
89 d0                         mov %edx, %eax
89 c2                         mov %eax, %edx
c1 ea 1f                      shr $0x1f, %edx
01 d0                         add %edx, %eax
d1 f8                         sar $0x1, %eax
29 c2                         sub %eax, %edx
89 d0                         mov %edx, %eax
89 45 f4                      movl  %eax, -0xc(%ebp)
8b 45 f4                      movl  -0xc(%ebp), %eax
01 d0                         add %edx, %eax
8b 45 f4                      movl  -0xc(%ebp), %eax
89 45 f8                      movl  %eax, -0x8(%ebp)
3b 45 f8                      cmpl  -0x8(%ebp), %eax
7c b4                         jl 0x8048889
8b 55 f8                      movl  -0x8(%ebp), %edx
29 c2                         sub %eax, %edx
89 d0                         mov %edx, %eax
89 c2                         mov %eax, %edx
int
8b 55 f8                      movl  -0x8(%ebp), %edx
29 c2                         sub %eax, %edx
89 d0                         mov %edx, %eax
89 45 f4                      movl  %eax, -0xc(%ebp)
8b 45 f4                      movl  -0xc(%ebp), %eax
01 d0                         add %edx, %eax
8b 45 f4                      movl  -0xc(%ebp), %eax
89 45 f8                      movl  %eax, -0x8(%ebp)
3b 45 f8                      cmpl  -0x8(%ebp), %eax
7c b4                         jl 0x8048889
8b 55 f8                      movl  -0x8(%ebp), %edx
29 c2                         sub %eax, %edx
89 d0                         mov %edx, %eax
89 c2                         mov %eax, %edx
c1 ea 1f                      shr $0x1f, %edx
01 d0                         add %edx, %eax
d1 f8                         sar $0x1, %eax
8b 55 f8                      movl  -0x8(%ebp), %edx
29 c2                         sub %eax, %edx
89 d0                         mov %edx, %eax
int
3b 45 f8                      cmpl  -0x8(%ebp), %eax
7c b4                         jl 0x8048889
7d 08                         jnl 0x80488c4
eb 06                         jmp 0x80488ca
7c b4                         jl 0x8048889
74 16                         jz 0x80488f3
74 07                         jz 0x80488fa
eb 03                         jmp 0x80488fd
int
8b 45 fc                      movl  -0x4(%ebp), %eax
29 c2                         sub %eax, %edx
89 d0                         mov %edx, %eax
89 c2                         mov %eax, %edx
c1 ea 1f                      shr $0x1f, %edx
01 d0                         add %edx, %eax
d1 f8                         sar $0x1, %eax
29 c2                         sub %eax, %edx
89 d0                         mov %edx, %eax
89 45 f4                      movl  %eax, -0xc(%ebp)
8b 45 f4                      movl  -0xc(%ebp), %eax
01 d0                         add %edx, %eax
8b 45 f4                      movl  -0xc(%ebp), %eax
89 45 fc                      movl  %eax, -0x4(%ebp)
8b 45 fc                      movl  -0x4(%ebp), %eax
83 c0 01                      add $0x1, %eax
01 d0                         add %edx, %eax
01 c2                         add %eax, %edx
01 c2                         add %eax, %edx
01 c2                         add %eax, %edx
int
8b 55 f8                      movl  -0x8(%ebp), %edx
29 c2                         sub %eax, %edx
89 d0                         mov %edx, %eax
89 c2                         mov %eax, %edx
c1 ea 1f                      shr $0x1f, %edx
01 d0                         add %edx, %eax
d1 f8                         sar $0x1, %eax
29 c2                         sub %eax, %edx
89 d0                         mov %edx, %eax
89 45 f4                      movl  %eax, -0xc(%ebp)
8b 45 f4                      movl  -0xc(%ebp), %eax
01 d0                         add %edx, %eax
8b 45 f4                      movl  -0xc(%ebp), %eax
89 45 fc                      movl  %eax, -0x4(%ebp)
8b 45 fc                      movl  -0x4(%ebp), %eax
83 c0 01                      add $0x1, %eax
01 d0                         add %edx, %eax
01 c2                         add %eax, %edx
01 c2                         add %eax, %edx
01 c2                         add %eax, %edx
int
8b 55 f8                      movl  -0x8(%ebp), %edx
29 c2                         sub %eax, %edx
89 d0                         mov %edx, %eax
89 45 f4                      movl  %eax, -0xc(%ebp)
8b 45 f4                      movl  -0xc(%ebp), %eax
01 d0                         add %edx, %eax
8b 45 f4                      movl  -0xc(%ebp), %eax
89 45 fc                      movl  %eax, -0x4(%ebp)
8b 45 fc                      movl  -0x4(%ebp), %eax
83 c0 01                      add $0x1, %eax
01 d0                         add %edx, %eax
01 c2                         add %eax, %edx
01 c2                         add %eax, %edx
01 c2                         add %eax, %edx
01 d0                         add %edx, %eax
int
3b 45 f8                      cmpl  -0x8(%ebp), %eax
7c b4                         jl 0x8048889
74 16                         jz 0x80488f3
74 07                         jz 0x80488fa
eb 03                         jmp 0x80488fd
int
8b 45 f8                      movl  -0x8(%ebp), %eax
f7 d0                         not %eax
89 45 f0                      movl  %eax, -0x10(%ebp)
83 7d f0 00                   cmpl  $0x0, -0x10(%ebp)
79 03                         jns 0x804894a
f7 55 f0                      notl  -0x10(%ebp)
eb 29                         jmp 0x804897e
3b 45 f0                      cmpl  -0x10(%ebp), %eax
7d cf                         jnl 0x8048955
3b 45 f0                      cmpl  -0x10(%ebp), %eax
7d cf                         jnl 0x8048955
3b 45 f0                      cmpl  -0x10(%ebp), %eax
7d cf                         jnl 0x8048955
8b 45 f0                      movl  -0x10(%ebp), %eax
0f 8c 5b ff ff ff             jl 0x8048917
e8 36 ff ff ff                calll  0x8048874
eb 41                         jmp 0x80488ca
7c b4                         jl 0x8048889
7d 08                         jnl 0x80488c4
eb 06                         jmp 0x80488ca
int
8b 45 f4                      movl  -0xc(%ebp), %eax
83 e8 01                      sub $0x1, %eax
89 45 f8                      movl  %eax, -0x8(%ebp)
8b 45 f8                      movl  -0x8(%ebp), %eax
8b 45 f8                      movl  -0x8(%ebp), %eax
83 c0 01                      add $0x1, %eax
8b 45 f8                      movl  -0x8(%ebp), %eax
83 6d f8 01                   subl  $0x1, -0x8(%ebp)
8b 45 f8                      movl  -0x8(%ebp), %eax
8b 45 f8                      movl  -0x8(%ebp), %eax
83 c0 01                      add $0x1, %eax
8b 45 f8                      movl  -0x8(%ebp), %eax
83 6d f8 01                   subl  $0x1, -0x8(%ebp)
8b 45 f8                      movl  -0x8(%ebp), %eax
int
83 6d f8 01                   subl  $0x1, -0x8(%ebp)
8b 45 f8                      movl  -0x8(%ebp), %eax
8b 45 f8                      movl  -0x8(%ebp), %eax
83 c0 01                      add $0x1, %eax
8b 45 f8                      movl  -0x8(%ebp), %eax
83 6d f8 01                   subl  $0x1, -0x8(%ebp)
8b 45 f8                      movl  -0x8(%ebp), %eax
int
83 45 f4 01                   addl  $0x1, -0xc(%ebp)
8b 45 f4                      movl  -0xc(%ebp), %eax
89 44 24 04                   movl  %eax, 0x4(%esp)
8b 45 0c                      movl  0xc(%ebp), %eax
89 45 f8                      movl  %eax, -0x8(%ebp)
3b 45 f8                      cmpl  -0x8(%ebp), %eax
7c b4                         jl 0x8048889
8b 55 f8                      movl  -0x8(%ebp), %edx
29 c2                         sub %eax, %edx
89 d0                         mov %edx, %eax
89 c2                         mov %eax, %edx
c1 ea 1f                      shr $0x1f, %edx
01 d0                         add %edx, %eax
d1 f8                         sar $0x1, %eax
8b 55 f8                      movl  -0x8(%ebp), %edx
29 c2                         sub %eax, %edx
89 d0                         mov %edx, %eax
89 45 f4                      movl  %eax, -0xc(%ebp)
8b 45 f4                      movl  -0xc(%ebp), %eax
01 d0                         add %edx, %eax
int
83 45 fc 01                   addl  $0x1, -0x4(%ebp)
8b 45 fc                      movl  -0x4(%ebp), %eax
8b 45 fc                      movl  -0x4(%ebp), %eax
8b 45 fc                      movl  -0x4(%ebp), %eax
83 45 fc 01                   addl  $0x1, -0x4(%ebp)
8b 45 fc                      movl  -0x4(%ebp), %eax
8b 45 fc                      movl  -0x4(%ebp), %eax
8b 45 fc                      movl  -0x4(%ebp), %eax
83 45 fc 01                   addl  $0x1, -0x4(%ebp)
8b 45 fc                      movl  -0x4(%ebp), %eax
int
8b 45 f4                      movl  -0xc(%ebp), %eax
89 44 24 04                   movl  %eax, 0x4(%esp)
8b 45 0c                      movl  0xc(%ebp), %eax
89 45 f8                      movl  %eax, -0x8(%ebp)
3b 45 f8                      cmpl  -0x8(%ebp), %eax
7c b4                         jl 0x8048889
8b 55 f8                      movl  -0x8(%ebp), %edx
29 c2                         sub %eax, %edx
89 d0                         mov %edx, %eax
89 c2                         mov %eax, %edx
c1 ea 1f                      shr $0x1f, %edx
01 d0                         add %edx, %eax
d1 f8                         sar $0x1, %eax
8b 55 f8                      movl  -0x8(%ebp), %edx
29 c2                         sub %eax, %edx
89 d0                         mov %edx, %eax
89 45 f4                      movl  %eax, -0xc(%ebp)
8b 45 f4                      movl  -0xc(%ebp), %eax
01 d0                         add %edx, %eax
7d 08                         jnl 0x80488c4
int
3b 45 f8                      cmpl  -0x8(%ebp), %eax
7c b4                         jl 0x8048889
7d 08                         jnl 0x80488c4
eb 06                         jmp 0x80488ca
7c b4                         jl 0x8048889
7d 08                         jnl 0x80488c4
eb 06                         jmp 0x80488ca
7c b4                         jl 0x8048889
7d 08                         jnl 0x80488c4
7c b4                         jl 0x8048889
74 16                         jz 0x80488f3
74 07                         jz 0x80488fa
eb 03                         jmp 0x80488fd
int
8b 45 fc                      movl  -0x4(%ebp), %eax
29 c2                         sub %eax, %edx
89 d0                         mov %edx, %eax
89 c2                         mov %eax, %edx
c1 ea 1f                      shr $0x1f, %edx
01 d0                         add %edx, %eax
d1 f8                         sar $0x1, %eax
29 c2                         sub %eax, %edx
89 d0                         mov %edx, %eax
89 45 f4                      movl  %eax, -0xc(%ebp)
8b 45 f4                      movl  -0xc(%ebp), %eax
01 d0                         add %edx, %eax
8b 45 f4                      movl  -0xc(%ebp), %eax
89 45 fc                      movl  %eax, -0x4(%ebp)
8b 45 fc                      movl  -0x4(%ebp), %eax
83 c0 01                      add $0x1, %eax
8b 45 fc                      movl  -0x4(%ebp), %eax
29 c2                         sub %eax, %edx
89 d0                         mov %edx, %eax
89 c2                         mov %eax, %edx
int
8b 55 f8                      movl  -0x8(%ebp), %edx
29 c2                         sub %eax, %edx
89 d0                         mov %edx, %eax
89 c2                         mov %eax, %edx
c1 ea 1f                      shr $0x1f, %edx
01 d0                         add %edx, %eax
d1 f8                         sar $0x1, %eax
29 c2                         sub %eax, %edx
89 d0                         mov %edx, %eax
89 45 f4                      movl  %eax, -0xc(%ebp)
8b 45 f4                      movl  -0xc(%ebp), %eax
01 d0                         add %edx, %eax
8b 45 f4                      movl  -0xc(%ebp), %eax
89 45 fc                      movl  %eax, -0x4(%ebp)
8b 45 fc                      movl  -0x4(%ebp), %eax
83 c0 01                      add $0x1, %eax
8b 45 fc                      movl  -0x4(%ebp), %eax
29 c2                         sub %eax, %edx
89 d0                         mov %edx, %eax
89 c2                         mov %eax, %edx
int
8b 55 f8                      movl  -0x8(%ebp), %edx
29 c2                         sub %eax, %edx
89 d0                         mov %edx, %eax
89 45 f4                      movl  %eax, -0xc(%ebp)
8b 45 f4                      movl  -0xc(%ebp), %eax
01 d0                         add %edx, %eax
8b 45 f4                      movl  -0xc(%ebp), %eax
89 45 fc                      movl  %eax, -0x4(%ebp)
8b 45 fc                      movl  -0x4(%ebp), %eax
83 c0 01                      add $0x1, %eax
8b 45 fc                      movl  -0x4(%ebp), %eax
29 c2                         sub %eax, %edx
89 d0                         mov %edx, %eax
89 c2                         mov %eax, %edx
c1 ea 1f                      shr $0x1f, %edx
01 d0                         add %edx, %eax
d1 f8                         sar $0x1, %eax
29 c2                         sub %eax, %edx
89 d0                         mov %edx, %eax
89 45 f4                      movl  %eax, -0xc(%ebp)
int
3b 45 f8                      cmpl  -0x8(%ebp), %eax
7c b4                         jl 0x8048889
7d 08                         jnl 0x80488c4
eb 06                         jmp 0x80488ca
7c b4                         jl 0x8048889
7d 08                         jnl 0x80488c4
7c b4                         jl 0x8048889
74 16                         jz 0x80488f3
74 07                         jz 0x80488fa
eb 03                         jmp 0x80488fd
int
8b 45 fc                      movl  -0x4(%ebp), %eax
29 c2                         sub %eax, %edx
89 d0                         mov %edx, %eax
89 c2                         mov %eax, %edx
c1 ea 1f                      shr $0x1f, %edx
01 d0                         add %edx, %eax
d1 f8                         sar $0x1, %eax
29 c2                         sub %eax, %edx
89 d0                         mov %edx, %eax
89 45 f4                      movl  %eax, -0xc(%ebp)
8b 45 f4                      movl  -0xc(%ebp), %eax
01 d0                         add %edx, %eax
8b 45 f4                      movl  -0xc(%ebp), %eax
89 45 fc                      movl  %eax, -0x4(%ebp)
8b 45 fc                      movl  -0x4(%ebp), %eax
83 c0 01                      add $0x1, %eax
8b 45 fc                      movl  -0x4(%ebp), %eax
29 c2                         sub %eax, %edx
89 d0                         mov %edx, %eax
89 c2                         mov %eax, %edx
int
8b 55 f8                      movl  -0x8(%ebp), %edx
29 c2                         sub %eax, %edx
89 d0                         mov %edx, %eax
89 c2                         mov %eax, %edx
c1 ea 1f                      shr $0x1f, %edx
01 d0                         add %edx, %eax
d1 f8                         sar $0x1, %eax
29 c2                         sub %eax, %edx
89 d0                         mov %edx, %eax
89 45 f4                      movl  %eax, -0xc(%ebp)
8b 45 f4                      movl  -0xc(%ebp), %eax
01 d0                         add %edx, %eax
8b 45 f4                      movl  -0xc(%ebp), %eax
89 45 fc                      movl  %eax, -0x4(%ebp)
8b 45 fc                      movl  -0x4(%ebp), %eax
83 c0 01                      add $0x1, %eax
8b 45 fc                      movl  -0x4(%ebp), %eax
29 c2                         sub %eax, %edx
89 d0                         mov %edx, %eax
89 c2                         mov %eax, %edx
int
8b 55 f8                      movl  -0x8(%ebp), %edx
29 c2                         sub %eax, %edx
89 d0                         mov %edx, %eax
89 45 f4                      movl  %eax, -0xc(%ebp)
8b 45 f4                      movl  -0xc(%ebp), %eax
01 d0                         add %edx, %eax
8b 45 f4                      movl  -0xc(%ebp), %eax
89 45 fc                      movl  %eax, -0x4(%ebp)
8b 45 fc                      movl  -0x4(%ebp), %eax
83 c0 01                      add $0x1, %eax
8b 45 fc                      movl  -0x4(%ebp), %eax
29 c2                         sub %eax, %edx
89 d0                         mov %edx, %eax
89 c2                         mov %eax, %edx
c1 ea 1f                      shr $0x1f, %edx
01 d0                         add %edx, %eax
d1 f8                         sar $0x1, %eax
29 c2                         sub %eax, %edx
89 d0                         mov %edx, %eax
89 45 f4                      movl  %eax, -0xc(%ebp)
int
3b 45 f8                      cmpl  -0x8(%ebp), %eax
7c b4                         jl 0x8048889
7d 08                         jnl 0x80488c4
7c b4                         jl 0x8048889
74 16                         jz 0x80488f3
74 07                         jz 0x80488fa
eb 03                         jmp 0x80488fd
int
8b 45 fc                      movl  -0x4(%ebp), %eax
29 c2                         sub %eax, %edx
89 d0                         mov %edx, %eax
89 c2                         mov %eax, %edx
c1 ea 1f                      shr $0x1f, %edx
01 d0                         add %edx, %eax
d1 f8                         sar $0x1, %eax
29 c2                         sub %eax, %edx
89 d0                         mov %edx, %eax
89 45 f4                      movl  %eax, -0xc(%ebp)
8b 45 f4                      movl  -0xc(%ebp), %eax
01 d0                         add %edx, %eax
8b 45 f4                      movl  -0xc(%ebp), %eax
89 45 f8                      movl  %eax, -0x8(%ebp)
3b 45 f8                      cmpl  -0x8(%ebp), %eax
7c b4                         jl 0x8048889
8b 45 f8                      movl  -0x8(%ebp), %eax
74 16                         jz 0x80488f3
8b 45 f8                      movl  -0x8(%ebp), %eax
01 d0                         add %edx, %eax
int
8b 55 f8                      movl  -0x8(%ebp), %edx
29 c2                         sub %eax, %edx
89 d0                         mov %edx, %eax
89 c2                         mov %eax, %edx
c1 ea 1f                      shr $0x1f, %edx
01 d0                         add %edx, %eax
d1 f8                         sar $0x1, %eax
29 c2                         sub %eax, %edx
89 d0                         mov %edx, %eax
89 45 f4                      movl  %eax, -0xc(%ebp)
8b 45 f4                      movl  -0xc(%ebp), %eax
01 d0                         add %edx, %eax
8b 45 f4                      movl  -0xc(%ebp), %eax
89 45 f8                      movl  %eax, -0x8(%ebp)
3b 45 f8                      cmpl  -0x8(%ebp), %eax
7c b4                         jl 0x8048889
8b 45 f8                      movl  -0x8(%ebp), %eax
74 16                         jz 0x80488f3
8b 45 f8                      movl  -0x8(%ebp), %eax
01 d0                         add %edx, %eax
int
8b 55 f8                      movl  -0x8(%ebp), %edx
29 c2                         sub %eax, %edx
89 d0                         mov %edx, %eax
89 45 f4                      movl  %eax, -0xc(%ebp)
8b 45 f4                      movl  -0xc(%ebp), %eax
01 d0                         add %edx, %eax
8b 45 f4                      movl  -0xc(%ebp), %eax
89 45 f8                      movl  %eax, -0x8(%ebp)
3b 45 f8                      cmpl  -0x8(%ebp), %eax
7c b4                         jl 0x8048889
8b 45 f8                      movl  -0x8(%ebp), %eax
74 16                         jz 0x80488f3
8b 45 f8                      movl  -0x8(%ebp), %eax
01 d0                         add %edx, %eax
74 07                         jz 0x80488fa
8b 45 f8                      movl  -0x8(%ebp), %eax
f7 d0                         not %eax
eb 03                         jmp 0x80488fd
89 45 f0                      movl  %eax, -0x10(%ebp)
83 7d f0 00                   cmpl  $0x0, -0x10(%ebp)
int
3b 45 f8                      cmpl  -0x8(%ebp), %eax
7c b4                         jl 0x8048889
74 16                         jz 0x80488f3
74 07                         jz 0x80488fa
eb 03                         jmp 0x80488fd
int
8b 45 f8                      movl  -0x8(%ebp), %eax
f7 d0                         not %eax
89 45 f0                      movl  %eax, -0x10(%ebp)
83 7d f0 00                   cmpl  $0x0, -0x10(%ebp)
79 03                         jns 0x804894a
f7 55 f0                      notl  -0x10(%ebp)
eb 29                         jmp 0x804897e
3b 45 f0                      cmpl  -0x10(%ebp), %eax
7d cf                         jnl 0x8048955
3b 45 f0                      cmpl  -0x10(%ebp), %eax
7d cf                         jnl 0x8048955
8b 45 f0                      movl  -0x10(%ebp), %eax
0f 8c 5b ff ff ff             jl 0x8048917
e8 36 ff ff ff                calll  0x8048874
eb 41                         jmp 0x80488ca
7c b4                         jl 0x8048889
7d 08                         jnl 0x80488c4
eb 06                         jmp 0x80488ca
7c b4                         jl 0x8048889
7d 08                         jnl 0x80488c4
int
8b 45 f4                      movl  -0xc(%ebp), %eax
83 e8 01                      sub $0x1, %eax
89 45 f8                      movl  %eax, -0x8(%ebp)
8b 45 f8                      movl  -0x8(%ebp), %eax
8b 45 f8                      movl  -0x8(%ebp), %eax
83 c0 01                      add $0x1, %eax
8b 45 f8                      movl  -0x8(%ebp), %eax
83 6d f8 01                   subl  $0x1, -0x8(%ebp)
8b 45 f8                      movl  -0x8(%ebp), %eax
int
83 45 f4 01                   addl  $0x1, -0xc(%ebp)
8b 45 f4                      movl  -0xc(%ebp), %eax
89 44 24 04                   movl  %eax, 0x4(%esp)
8b 45 0c                      movl  0xc(%ebp), %eax
89 45 f8                      movl  %eax, -0x8(%ebp)
3b 45 f8                      cmpl  -0x8(%ebp), %eax
7c b4                         jl 0x8048889
8b 55 f8                      movl  -0x8(%ebp), %edx
29 c2                         sub %eax, %edx
89 d0                         mov %edx, %eax
89 c2                         mov %eax, %edx
c1 ea 1f                      shr $0x1f, %edx
01 d0                         add %edx, %eax
d1 f8                         sar $0x1, %eax
8b 55 f8                      movl  -0x8(%ebp), %edx
29 c2                         sub %eax, %edx
89 d0                         mov %edx, %eax
89 45 f4                      movl  %eax, -0xc(%ebp)
8b 45 f4                      movl  -0xc(%ebp), %eax
01 d0                         add %edx, %eax
int
83 45 fc 01                   addl  $0x1, -0x4(%ebp)
8b 45 fc                      movl  -0x4(%ebp), %eax
8b 45 fc                      movl  -0x4(%ebp), %eax
8b 45 fc                      movl  -0x4(%ebp), %eax
83 45 fc 01                   addl  $0x1, -0x4(%ebp)
8b 45 fc                      movl  -0x4(%ebp), %eax
int
8b 45 f4                      movl  -0xc(%ebp), %eax
89 44 24 04                   movl  %eax, 0x4(%esp)
8b 45 0c                      movl  0xc(%ebp), %eax
89 45 f8                      movl  %eax, -0x8(%ebp)
3b 45 f8                      cmpl  -0x8(%ebp), %eax
7c b4                         jl 0x8048889
8b 55 f8                      movl  -0x8(%ebp), %edx
29 c2                         sub %eax, %edx
89 d0                         mov %edx, %eax
89 c2                         mov %eax, %edx
c1 ea 1f                      shr $0x1f, %edx
01 d0                         add %edx, %eax
d1 f8                         sar $0x1, %eax
8b 55 f8                      movl  -0x8(%ebp), %edx
29 c2                         sub %eax, %edx
89 d0                         mov %edx, %eax
89 45 f4                      movl  %eax, -0xc(%ebp)
8b 45 f4                      movl  -0xc(%ebp), %eax
01 d0                         add %edx, %eax
7d 08                         jnl 0x80488c4
int
3b 45 f8                      cmpl  -0x8(%ebp), %eax
7c b4                         jl 0x8048889
7d 08                         jnl 0x80488c4
eb 06                         jmp 0x80488ca
7c b4                         jl 0x8048889
7d 08                         jnl 0x80488c4
eb 06                         jmp 0x80488ca
7c b4                         jl 0x8048889
7d 08                         jnl 0x80488c4
eb 06                         jmp 0x80488ca
7c b4                         jl 0x8048889
74 16                         jz 0x80488f3
eb 03                         jmp 0x80488fd
int
8b 45 fc                      movl  -0x4(%ebp), %eax
29 c2                         sub %eax, %edx
89 d0                         mov %edx, %eax
89 c2                         mov %eax, %edx
c1 ea 1f                      shr $0x1f, %edx
01 d0                         add %edx, %eax
d1 f8                         sar $0x1, %eax
29 c2                         sub %eax, %edx
89 d0                         mov %edx, %eax
89 45 f4                      movl  %eax, -0xc(%ebp)
8b 45 f4                      movl  -0xc(%ebp), %eax
01 d0                         add %edx, %eax
8b 45 f4                      movl  -0xc(%ebp), %eax
89 45 fc                      movl  %eax, -0x4(%ebp)
8b 45 fc                      movl  -0x4(%ebp), %eax
83 c0 01                      add $0x1, %eax
8b 45 fc                      movl  -0x4(%ebp), %eax
29 c2                         sub %eax, %edx
89 d0                         mov %edx, %eax
89 c2                         mov %eax, %edx
int
8b 55 f8                      movl  -0x8(%ebp), %edx
29 c2                         sub %eax, %edx
89 d0                         mov %edx, %eax
89 c2                         mov %eax, %edx
c1 ea 1f                      shr $0x1f, %edx
01 d0                         add %edx, %eax
d1 f8                         sar $0x1, %eax
29 c2                         sub %eax, %edx
89 d0                         mov %edx, %eax
89 45 f4                      movl  %eax, -0xc(%ebp)
8b 45 f4                      movl  -0xc(%ebp), %eax
01 d0                         add %edx, %eax
8b 45 f4                      movl  -0xc(%ebp), %eax
89 45 fc                      movl  %eax, -0x4(%ebp)
8b 45 fc                      movl  -0x4(%ebp), %eax
83 c0 01                      add $0x1, %eax
8b 45 fc                      movl  -0x4(%ebp), %eax
29 c2                         sub %eax, %edx
89 d0                         mov %edx, %eax
89 c2                         mov %eax, %edx
int
8b 55 f8                      movl  -0x8(%ebp), %edx
29 c2                         sub %eax, %edx
89 d0                         mov %edx, %eax
89 45 f4                      movl  %eax, -0xc(%ebp)
8b 45 f4                      movl  -0xc(%ebp), %eax
01 d0                         add %edx, %eax
8b 45 f4                      movl  -0xc(%ebp), %eax
89 45 fc                      movl  %eax, -0x4(%ebp)
8b 45 fc                      movl  -0x4(%ebp), %eax
83 c0 01                      add $0x1, %eax
8b 45 fc                      movl  -0x4(%ebp), %eax
29 c2                         sub %eax, %edx
89 d0                         mov %edx, %eax
89 c2                         mov %eax, %edx
c1 ea 1f                      shr $0x1f, %edx
01 d0                         add %edx, %eax
d1 f8                         sar $0x1, %eax
29 c2                         sub %eax, %edx
89 d0                         mov %edx, %eax
89 45 f4                      movl  %eax, -0xc(%ebp)
int
3b 45 f8                      cmpl  -0x8(%ebp), %eax
7c b4                         jl 0x8048889
7d 08                         jnl 0x80488c4
eb 06                         jmp 0x80488ca
7c b4                         jl 0x8048889
7d 08                         jnl 0x80488c4
eb 06                         jmp 0x80488ca
7c b4                         jl 0x8048889
74 16                         jz 0x80488f3
eb 03                         jmp 0x80488fd
int
8b 45 fc                      movl  -0x4(%ebp), %eax
29 c2                         sub %eax, %edx
89 d0                         mov %edx, %eax
89 c2                         mov %eax, %edx
c1 ea 1f                      shr $0x1f, %edx
01 d0                         add %edx, %eax
d1 f8                         sar $0x1, %eax
29 c2                         sub %eax, %edx
89 d0                         mov %edx, %eax
89 45 f4                      movl  %eax, -0xc(%ebp)
8b 45 f4                      movl  -0xc(%ebp), %eax
01 d0                         add %edx, %eax
8b 45 f4                      movl  -0xc(%ebp), %eax
89 45 fc                      movl  %eax, -0x4(%ebp)
8b 45 fc                      movl  -0x4(%ebp), %eax
83 c0 01                      add $0x1, %eax
8b 45 fc                      movl  -0x4(%ebp), %eax
29 c2                         sub %eax, %edx
89 d0                         mov %edx, %eax
89 c2                         mov %eax, %edx
int
8b 55 f8                      movl  -0x8(%ebp), %edx
29 c2                         sub %eax, %edx
89 d0                         mov %edx, %eax
89 c2                         mov %eax, %edx
c1 ea 1f                      shr $0x1f, %edx
01 d0                         add %edx, %eax
d1 f8                         sar $0x1, %eax
29 c2                         sub %eax, %edx
89 d0                         mov %edx, %eax
89 45 f4                      movl  %eax, -0xc(%ebp)
8b 45 f4                      movl  -0xc(%ebp), %eax
01 d0                         add %edx, %eax
8b 45 f4                      movl  -0xc(%ebp), %eax
89 45 fc                      movl  %eax, -0x4(%ebp)
8b 45 fc                      movl  -0x4(%ebp), %eax
83 c0 01                      add $0x1, %eax
8b 45 fc                      movl  -0x4(%ebp), %eax
29 c2                         sub %eax, %edx
89 d0                         mov %edx, %eax
89 c2                         mov %eax, %edx
int
8b 55 f8                      movl  -0x8(%ebp), %edx
29 c2                         sub %eax, %edx
89 d0                         mov %edx, %eax
89 45 f4                      movl  %eax, -0xc(%ebp)
8b 45 f4                      movl  -0xc(%ebp), %eax
01 d0                         add %edx, %eax
8b 45 f4                      movl  -0xc(%ebp), %eax
89 45 fc                      movl  %eax, -0x4(%ebp)
8b 45 fc                      movl  -0x4(%ebp), %eax
83 c0 01                      add $0x1, %eax
8b 45 fc                      movl  -0x4(%ebp), %eax
29 c2                         sub %eax, %edx
89 d0                         mov %edx, %eax
89 c2                         mov %eax, %edx
c1 ea 1f                      shr $0x1f, %edx
01 d0                         add %edx, %eax
d1 f8                         sar $0x1, %eax
29 c2                         sub %eax, %edx
89 d0                         mov %edx, %eax
89 45 f4                      movl  %eax, -0xc(%ebp)
int
3b 45 f8                      cmpl  -0x8(%ebp), %eax
7c b4                         jl 0x8048889
7d 08                         jnl 0x80488c4
eb 06                         jmp 0x80488ca
7c b4                         jl 0x8048889
74 16                         jz 0x80488f3
eb 03                         jmp 0x80488fd
int
8b 45 fc                      movl  -0x4(%ebp), %eax
29 c2                         sub %eax, %edx
89 d0                         mov %edx, %eax
89 c2                         mov %eax, %edx
c1 ea 1f                      shr $0x1f, %edx
01 d0                         add %edx, %eax
d1 f8                         sar $0x1, %eax
29 c2                         sub %eax, %edx
89 d0                         mov %edx, %eax
89 45 f4                      movl  %eax, -0xc(%ebp)
8b 45 f4                      movl  -0xc(%ebp), %eax
01 d0                         add %edx, %eax
8b 45 f4                      movl  -0xc(%ebp), %eax
89 45 fc                      movl  %eax, -0x4(%ebp)
8b 45 fc                      movl  -0x4(%ebp), %eax
83 c0 01                      add $0x1, %eax
01 c2                         add %eax, %edx
int
8b 55 f8                      movl  -0x8(%ebp), %edx
29 c2                         sub %eax, %edx
89 d0                         mov %edx, %eax
89 c2                         mov %eax, %edx
c1 ea 1f                      shr $0x1f, %edx
01 d0                         add %edx, %eax
d1 f8                         sar $0x1, %eax
29 c2                         sub %eax, %edx
89 d0                         mov %edx, %eax
89 45 f4                      movl  %eax, -0xc(%ebp)
8b 45 f4                      movl  -0xc(%ebp), %eax
01 d0                         add %edx, %eax
8b 45 f4                      movl  -0xc(%ebp), %eax
89 45 fc                      movl  %eax, -0x4(%ebp)
8b 45 fc                      movl  -0x4(%ebp), %eax
83 c0 01                      add $0x1, %eax
01 c2                         add %eax, %edx
int
8b 55 f8                      movl  -0x8(%ebp), %edx
29 c2                         sub %eax, %edx
89 d0                         mov %edx, %eax
89 45 f4                      movl  %eax, -0xc(%ebp)
8b 45 f4                      movl  -0xc(%ebp), %eax
01 d0                         add %edx, %eax
8b 45 f4                      movl  -0xc(%ebp), %eax
89 45 fc                      movl  %eax, -0x4(%ebp)
8b 45 fc                      movl  -0x4(%ebp), %eax
83 c0 01                      add $0x1, %eax
01 c2                         add %eax, %edx
int
3b 45 f8                      cmpl  -0x8(%ebp), %eax
7c b4                         jl 0x8048889
74 16                         jz 0x80488f3
eb 03                         jmp 0x80488fd
int
8b 45 f8                      movl  -0x8(%ebp), %eax
f7 d0                         not %eax
89 45 f0                      movl  %eax, -0x10(%ebp)
83 7d f0 00                   cmpl  $0x0, -0x10(%ebp)
79 03                         jns 0x804894a
f7 55 f0                      notl  -0x10(%ebp)
eb 29                         jmp 0x804897e
3b 45 f0                      cmpl  -0x10(%ebp), %eax
7d cf                         jnl 0x8048955
8b 45 f0                      movl  -0x10(%ebp), %eax
0f 8c 5b ff ff ff             jl 0x8048917
int
8b 45 f4                      movl  -0xc(%ebp), %eax
83 e8 01                      sub $0x1, %eax
89 45 f8                      movl  %eax, -0x8(%ebp)
8b 45 f8                      movl  -0x8(%ebp), %eax
int
8b 44 24 5c                   movl  0x5c(%esp), %eax
83 f8 09                      cmp $0x9, %eax
76 da                         jbe 0x8048a7d
e8 fb 6f 00 00                calll  0x804fa90
e8 ea 8c ff ff                calll  0x8048780
8b 1c 24                      movl  (%esp), %ebx
c3                            retl  
81 c3 6a 95 08 00             add $0x8956a, %ebx
83 ec 08                      sub $0x8, %esp
8d 44 24 14                   leal  0x14(%esp), %eax
83 ec 04                      sub $0x4, %esp
50                            pushl  %eax
e8 78 06 03 00                calll  0x8080130
89 e5                         mov %esp, %ebp
53                            pushl  %ebx
e8 45 86 fc ff                calll  0x8048780
8b 1c 24                      movl  (%esp), %ebx
c3                            retl  
81 c3 c5 8e 05 00             add $0x58ec5, %ebx
81 ec ec 04 00 00             sub $0x4ec, %esp
int
8b 44 84 2c                   movl  0x2c(%esp,%eax,4), %eax
89 44 24 04                   movl  %eax, 0x4(%esp)
8b 00                         movl  (%eax), %eax
99                            cdq 
89 c6                         mov %eax, %esi
31 d0                         xor %edx, %eax
c1 ee 1f                      shr $0x1f, %esi
29 d0                         sub %edx, %eax
89 b5 5c fb ff ff             movl  %esi, -0x4a4(%ebp)
89 85 20 fb ff ff             movl  %eax, -0x4e0(%ebp)
50                            pushl  %eax
8b 4c 24 10                   movl  0x10(%esp), %ecx
89 c8                         mov %ecx, %eax
01 c0                         add %eax, %eax
29 c1                         sub %eax, %ecx
8b b5 20 fb ff ff             movl  -0x4e0(%ebp), %esi
85 f6                         test %esi, %esi
0f 84 42 0d 00 00             jz 0x80816f8
75 1f                         jnz 0x80809e8
0f 85 0c 0d 00 00             jnz 0x808171a
int
83 44 24 5c 01                addl  $0x1, 0x5c(%esp)
8b 44 24 5c                   movl  0x5c(%esp), %eax
83 f8 09                      cmp $0x9, %eax
76 da                         jbe 0x8048a7d
8b 44 24 5c                   movl  0x5c(%esp), %eax
e8 fb 6f 00 00                calll  0x804fa90
e8 ea 8c ff ff                calll  0x8048780
8b 1c 24                      movl  (%esp), %ebx
c3                            retl  
81 c3 6a 95 08 00             add $0x8956a, %ebx
83 ec 08                      sub $0x8, %esp
8d 44 24 14                   leal  0x14(%esp), %eax
83 ec 04                      sub $0x4, %esp
50                            pushl  %eax
e8 78 06 03 00                calll  0x8080130
89 e5                         mov %esp, %ebp
53                            pushl  %ebx
e8 45 86 fc ff                calll  0x8048780
8b 1c 24                      movl  (%esp), %ebx
c3                            retl  
int
8b 44 24 5c                   movl  0x5c(%esp), %eax
83 f8 09                      cmp $0x9, %eax
76 da                         jbe 0x8048a7d
e8 fb 6f 00 00                calll  0x804fa90
e8 ea 8c ff ff                calll  0x8048780
8b 1c 24                      movl  (%esp), %ebx
c3                            retl  
81 c3 6a 95 08 00             add $0x8956a, %ebx
83 ec 08                      sub $0x8, %esp
8d 44 24 14                   leal  0x14(%esp), %eax
83 ec 04                      sub $0x4, %esp
50                            pushl  %eax
e8 78 06 03 00                calll  0x8080130
89 e5                         mov %esp, %ebp
53                            pushl  %ebx
e8 45 86 fc ff                calll  0x8048780
8b 1c 24                      movl  (%esp), %ebx
c3                            retl  
81 c3 c5 8e 05 00             add $0x58ec5, %ebx
81 ec ec 04 00 00             sub $0x4ec, %esp
int
83 44 24 5c 01                addl  $0x1, 0x5c(%esp)
8b 44 24 5c                   movl  0x5c(%esp), %eax
83 f8 09                      cmp $0x9, %eax
76 da                         jbe 0x8048a7d
8b 44 24 5c                   movl  0x5c(%esp), %eax
e8 fb 6f 00 00                calll  0x804fa90
e8 ea 8c ff ff                calll  0x8048780
8b 1c 24                      movl  (%esp), %ebx
c3                            retl  
81 c3 6a 95 08 00             add $0x8956a, %ebx
83 ec 08                      sub $0x8, %esp
8d 44 24 14                   leal  0x14(%esp), %eax
83 ec 04                      sub $0x4, %esp
50                            pushl  %eax
e8 78 06 03 00                calll  0x8080130
89 e5                         mov %esp, %ebp
53                            pushl  %ebx
e8 45 86 fc ff                calll  0x8048780
8b 1c 24                      movl  (%esp), %ebx
c3                            retl  
int
8b 44 24 5c                   movl  0x5c(%esp), %eax
83 f8 09                      cmp $0x9, %eax
76 da                         jbe 0x8048a7d
e8 fb 6f 00 00                calll  0x804fa90
e8 ea 8c ff ff                calll  0x8048780
8b 1c 24                      movl  (%esp), %ebx
c3                            retl  
81 c3 6a 95 08 00             add $0x8956a, %ebx
83 ec 08                      sub $0x8, %esp
8d 44 24 14                   leal  0x14(%esp), %eax
83 ec 04                      sub $0x4, %esp
50                            pushl  %eax
e8 78 06 03 00                calll  0x8080130
89 e5                         mov %esp, %ebp
53                            pushl  %ebx
e8 45 86 fc ff                calll  0x8048780
8b 1c 24                      movl  (%esp), %ebx
c3                            retl  
81 c3 c5 8e 05 00             add $0x58ec5, %ebx
81 ec ec 04 00 00             sub $0x4ec, %esp
int
83 44 24 5c 01                addl  $0x1, 0x5c(%esp)
8b 44 24 5c                   movl  0x5c(%esp), %eax
83 f8 09                      cmp $0x9, %eax
76 da                         jbe 0x8048a7d
8b 44 24 5c                   movl  0x5c(%esp), %eax
e8 fb 6f 00 00                calll  0x804fa90
e8 ea 8c ff ff                calll  0x8048780
8b 1c 24                      movl  (%esp), %ebx
c3                            retl  
81 c3 6a 95 08 00             add $0x8956a, %ebx
83 ec 08                      sub $0x8, %esp
8d 44 24 14                   leal  0x14(%esp), %eax
83 ec 04                      sub $0x4, %esp
50                            pushl  %eax
e8 78 06 03 00                calll  0x8080130
89 e5                         mov %esp, %ebp
53                            pushl  %ebx
e8 45 86 fc ff                calll  0x8048780
8b 1c 24                      movl  (%esp), %ebx
c3                            retl  
int
8b 44 24 5c                   movl  0x5c(%esp), %eax
83 f8 09                      cmp $0x9, %eax
76 da                         jbe 0x8048a7d
e8 fb 6f 00 00                calll  0x804fa90
e8 ea 8c ff ff                calll  0x8048780
8b 1c 24                      movl  (%esp), %ebx
c3                            retl  
81 c3 6a 95 08 00             add $0x8956a, %ebx
83 ec 08                      sub $0x8, %esp
8d 44 24 14                   leal  0x14(%esp), %eax
83 ec 04                      sub $0x4, %esp
50                            pushl  %eax
e8 78 06 03 00                calll  0x8080130
89 e5                         mov %esp, %ebp
53                            pushl  %ebx
e8 45 86 fc ff                calll  0x8048780
8b 1c 24                      movl  (%esp), %ebx
c3                            retl  
81 c3 c5 8e 05 00             add $0x58ec5, %ebx
81 ec ec 04 00 00             sub $0x4ec, %esp
int
83 44 24 5c 01                addl  $0x1, 0x5c(%esp)
8b 44 24 5c                   movl  0x5c(%esp), %eax
83 f8 09                      cmp $0x9, %eax
76 da                         jbe 0x8048a7d
8b 44 24 5c                   movl  0x5c(%esp), %eax
e8 fb 6f 00 00                calll  0x804fa90
e8 ea 8c ff ff                calll  0x8048780
8b 1c 24                      movl  (%esp), %ebx
c3                            retl  
81 c3 6a 95 08 00             add $0x8956a, %ebx
83 ec 08                      sub $0x8, %esp
8d 44 24 14                   leal  0x14(%esp), %eax
83 ec 04                      sub $0x4, %esp
50                            pushl  %eax
e8 78 06 03 00                calll  0x8080130
89 e5                         mov %esp, %ebp
53                            pushl  %ebx
e8 45 86 fc ff                calll  0x8048780
8b 1c 24                      movl  (%esp), %ebx
c3                            retl  
int
8b 44 24 5c                   movl  0x5c(%esp), %eax
83 f8 09                      cmp $0x9, %eax
76 da                         jbe 0x8048a7d
e8 fb 6f 00 00                calll  0x804fa90
e8 ea 8c ff ff                calll  0x8048780
8b 1c 24                      movl  (%esp), %ebx
c3                            retl  
81 c3 6a 95 08 00             add $0x8956a, %ebx
83 ec 08                      sub $0x8, %esp
8d 44 24 14                   leal  0x14(%esp), %eax
83 ec 04                      sub $0x4, %esp
50                            pushl  %eax
e8 78 06 03 00                calll  0x8080130
89 e5                         mov %esp, %ebp
53                            pushl  %ebx
e8 45 86 fc ff                calll  0x8048780
8b 1c 24                      movl  (%esp), %ebx
c3                            retl  
81 c3 c5 8e 05 00             add $0x58ec5, %ebx
81 ec ec 04 00 00             sub $0x4ec, %esp
int
83 44 24 5c 01                addl  $0x1, 0x5c(%esp)
8b 44 24 5c                   movl  0x5c(%esp), %eax
83 f8 09                      cmp $0x9, %eax
76 da                         jbe 0x8048a7d
8b 44 24 5c                   movl  0x5c(%esp), %eax
e8 fb 6f 00 00                calll  0x804fa90
e8 ea 8c ff ff                calll  0x8048780
8b 1c 24                      movl  (%esp), %ebx
c3                            retl  
81 c3 6a 95 08 00             add $0x8956a, %ebx
83 ec 08                      sub $0x8, %esp
8d 44 24 14                   leal  0x14(%esp), %eax
83 ec 04                      sub $0x4, %esp
50                            pushl  %eax
e8 78 06 03 00                calll  0x8080130
89 e5                         mov %esp, %ebp
53                            pushl  %ebx
e8 45 86 fc ff                calll  0x8048780
8b 1c 24                      movl  (%esp), %ebx
c3                            retl  
int
8b 44 24 5c                   movl  0x5c(%esp), %eax
83 f8 09                      cmp $0x9, %eax
76 da                         jbe 0x8048a7d
e8 fb 6f 00 00                calll  0x804fa90
e8 ea 8c ff ff                calll  0x8048780
8b 1c 24                      movl  (%esp), %ebx
c3                            retl  
81 c3 6a 95 08 00             add $0x8956a, %ebx
83 ec 08                      sub $0x8, %esp
8d 44 24 14                   leal  0x14(%esp), %eax
83 ec 04                      sub $0x4, %esp
50                            pushl  %eax
e8 78 06 03 00                calll  0x8080130
89 e5                         mov %esp, %ebp
53                            pushl  %ebx
e8 45 86 fc ff                calll  0x8048780
8b 1c 24                      movl  (%esp), %ebx
c3                            retl  
81 c3 c5 8e 05 00             add $0x58ec5, %ebx
81 ec ec 04 00 00             sub $0x4ec, %esp
int
83 44 24 5c 01                addl  $0x1, 0x5c(%esp)
8b 44 24 5c                   movl  0x5c(%esp), %eax
83 f8 09                      cmp $0x9, %eax
76 da                         jbe 0x8048a7d
8b 44 24 5c                   movl  0x5c(%esp), %eax
e8 fb 6f 00 00                calll  0x804fa90
e8 ea 8c ff ff                calll  0x8048780
8b 1c 24                      movl  (%esp), %ebx
c3                            retl  
81 c3 6a 95 08 00             add $0x8956a, %ebx
83 ec 08                      sub $0x8, %esp
8d 44 24 14                   leal  0x14(%esp), %eax
83 ec 04                      sub $0x4, %esp
50                            pushl  %eax
e8 78 06 03 00                calll  0x8080130
89 e5                         mov %esp, %ebp
53                            pushl  %ebx
e8 45 86 fc ff                calll  0x8048780
8b 1c 24                      movl  (%esp), %ebx
c3                            retl  
int
8b 44 24 5c                   movl  0x5c(%esp), %eax
83 f8 09                      cmp $0x9, %eax
76 da                         jbe 0x8048a7d
e8 fb 6f 00 00                calll  0x804fa90
e8 ea 8c ff ff                calll  0x8048780
8b 1c 24                      movl  (%esp), %ebx
c3                            retl  
81 c3 6a 95 08 00             add $0x8956a, %ebx
83 ec 08                      sub $0x8, %esp
8d 44 24 14                   leal  0x14(%esp), %eax
83 ec 04                      sub $0x4, %esp
50                            pushl  %eax
e8 78 06 03 00                calll  0x8080130
89 e5                         mov %esp, %ebp
53                            pushl  %ebx
e8 45 86 fc ff                calll  0x8048780
8b 1c 24                      movl  (%esp), %ebx
c3                            retl  
81 c3 c5 8e 05 00             add $0x58ec5, %ebx
81 ec ec 04 00 00             sub $0x4ec, %esp
int
83 44 24 5c 01                addl  $0x1, 0x5c(%esp)
8b 44 24 5c                   movl  0x5c(%esp), %eax
83 f8 09                      cmp $0x9, %eax
76 da                         jbe 0x8048a7d
8b 44 24 5c                   movl  0x5c(%esp), %eax
e8 fb 6f 00 00                calll  0x804fa90
e8 ea 8c ff ff                calll  0x8048780
8b 1c 24                      movl  (%esp), %ebx
c3                            retl  
81 c3 6a 95 08 00             add $0x8956a, %ebx
83 ec 08                      sub $0x8, %esp
8d 44 24 14                   leal  0x14(%esp), %eax
83 ec 04                      sub $0x4, %esp
50                            pushl  %eax
e8 78 06 03 00                calll  0x8080130
89 e5                         mov %esp, %ebp
53                            pushl  %ebx
e8 45 86 fc ff                calll  0x8048780
8b 1c 24                      movl  (%esp), %ebx
c3                            retl  
int
8b 44 24 5c                   movl  0x5c(%esp), %eax
83 f8 09                      cmp $0x9, %eax
76 da                         jbe 0x8048a7d
e8 fb 6f 00 00                calll  0x804fa90
e8 ea 8c ff ff                calll  0x8048780
8b 1c 24                      movl  (%esp), %ebx
c3                            retl  
81 c3 6a 95 08 00             add $0x8956a, %ebx
83 ec 08                      sub $0x8, %esp
8d 44 24 14                   leal  0x14(%esp), %eax
83 ec 04                      sub $0x4, %esp
50                            pushl  %eax
e8 78 06 03 00                calll  0x8080130
89 e5                         mov %esp, %ebp
53                            pushl  %ebx
e8 45 86 fc ff                calll  0x8048780
8b 1c 24                      movl  (%esp), %ebx
c3                            retl  
81 c3 c5 8e 05 00             add $0x58ec5, %ebx
81 ec ec 04 00 00             sub $0x4ec, %esp
int
83 44 24 5c 01                addl  $0x1, 0x5c(%esp)
8b 44 24 5c                   movl  0x5c(%esp), %eax
83 f8 09                      cmp $0x9, %eax
76 da                         jbe 0x8048a7d
8b 44 24 5c                   movl  0x5c(%esp), %eax
e8 fb 6f 00 00                calll  0x804fa90
e8 ea 8c ff ff                calll  0x8048780
8b 1c 24                      movl  (%esp), %ebx
c3                            retl  
81 c3 6a 95 08 00             add $0x8956a, %ebx
83 ec 08                      sub $0x8, %esp
8d 44 24 14                   leal  0x14(%esp), %eax
83 ec 04                      sub $0x4, %esp
50                            pushl  %eax
e8 78 06 03 00                calll  0x8080130
89 e5                         mov %esp, %ebp
53                            pushl  %ebx
e8 45 86 fc ff                calll  0x8048780
8b 1c 24                      movl  (%esp), %ebx
c3                            retl  
int
8b 44 24 5c                   movl  0x5c(%esp), %eax
83 f8 09                      cmp $0x9, %eax
76 da                         jbe 0x8048a7d
e8 fb 6f 00 00                calll  0x804fa90
e8 ea 8c ff ff                calll  0x8048780
8b 1c 24                      movl  (%esp), %ebx
c3                            retl  
81 c3 6a 95 08 00             add $0x8956a, %ebx
83 ec 08                      sub $0x8, %esp
8d 44 24 14                   leal  0x14(%esp), %eax
83 ec 04                      sub $0x4, %esp
50                            pushl  %eax
e8 78 06 03 00                calll  0x8080130
89 e5                         mov %esp, %ebp
53                            pushl  %ebx
e8 45 86 fc ff                calll  0x8048780
8b 1c 24                      movl  (%esp), %ebx
c3                            retl  
81 c3 c5 8e 05 00             add $0x58ec5, %ebx
81 ec ec 04 00 00             sub $0x4ec, %esp
int
83 44 24 5c 01                addl  $0x1, 0x5c(%esp)
8b 44 24 5c                   movl  0x5c(%esp), %eax
83 f8 09                      cmp $0x9, %eax
76 da                         jbe 0x8048a7d
8b 44 24 5c                   movl  0x5c(%esp), %eax
e8 fb 6f 00 00                calll  0x804fa90
e8 ea 8c ff ff                calll  0x8048780
8b 1c 24                      movl  (%esp), %ebx
c3                            retl  
81 c3 6a 95 08 00             add $0x8956a, %ebx
83 ec 08                      sub $0x8, %esp
8d 44 24 14                   leal  0x14(%esp), %eax
83 ec 04                      sub $0x4, %esp
50                            pushl  %eax
e8 78 06 03 00                calll  0x8080130
89 e5                         mov %esp, %ebp
53                            pushl  %ebx
e8 45 86 fc ff                calll  0x8048780
8b 1c 24                      movl  (%esp), %ebx
c3                            retl  
int
8b 44 24 5c                   movl  0x5c(%esp), %eax
83 f8 09                      cmp $0x9, %eax
76 da                         jbe 0x8048a7d
e8 fb 6f 00 00                calll  0x804fa90
e8 ea 8c ff ff                calll  0x8048780
8b 1c 24                      movl  (%esp), %ebx
c3                            retl  
81 c3 6a 95 08 00             add $0x8956a, %ebx
83 ec 08                      sub $0x8, %esp
8d 44 24 14                   leal  0x14(%esp), %eax
83 ec 04                      sub $0x4, %esp
50                            pushl  %eax
e8 78 06 03 00                calll  0x8080130
89 e5                         mov %esp, %ebp
53                            pushl  %ebx
e8 45 86 fc ff                calll  0x8048780
8b 1c 24                      movl  (%esp), %ebx
c3                            retl  
81 c3 c5 8e 05 00             add $0x58ec5, %ebx
81 ec ec 04 00 00             sub $0x4ec, %esp
int
83 44 24 5c 01                addl  $0x1, 0x5c(%esp)
8b 44 24 5c                   movl  0x5c(%esp), %eax
83 f8 09                      cmp $0x9, %eax
76 da                         jbe 0x8048a7d
e8 11 78 00 00                calll  0x80502c0
e8 a9 cc ff ff                calll  0x804cf73
8b 3c 24                      movl  (%esp), %edi
c3                            retl  
81 c7 36 8d 08 00             add $0x88d36, %edi
83 ec 1c                      sub $0x1c, %esp
75 3d                         jnz 0x8050328
74 28                         jz 0x8050324
74 01                         jz 0x805030c
74 07                         jz 0x8050318
73 4c                         jnb 0x8050380
75 27                         jnz 0x805036f
75 1e                         jnz 0x805036f
74 01                         jz 0x8050363
74 07                         jz 0x805036f
c3                            retl  
int
8b 44 24 5c                   movl  0x5c(%esp), %eax
83 f8 09                      cmp $0x9, %eax
76 da                         jbe 0x8048a7d
e8 11 78 00 00                calll  0x80502c0
e8 a9 cc ff ff                calll  0x804cf73
8b 3c 24                      movl  (%esp), %edi
c3                            retl  
81 c7 36 8d 08 00             add $0x88d36, %edi
83 ec 1c                      sub $0x1c, %esp
75 3d                         jnz 0x8050328
74 28                         jz 0x8050324
74 01                         jz 0x805030c
74 07                         jz 0x8050318
73 4c                         jnb 0x8050380
75 27                         jnz 0x805036f
75 1e                         jnz 0x805036f
74 01                         jz 0x8050363
74 07                         jz 0x805036f
c3                            retl  
