int
3b 44 24 1c                   cmpl  0x1c(%esp), %eax
7f 85                         jnle 0x80488e4
e8 09 ff ff ff                calll  0x8048874
eb 2e                         jmp 0x80488b6
75 cc                         jnz 0x8048888
c3                            retl  
eb 21                         jmp 0x8048992
75 d8                         jnz 0x8048971
e8 fb 7d 00 00                calll  0x80507a0
89 e5                         mov %esp, %ebp
e8 b9 c6 ff ff                calll  0x804ce63
8b 3c 24                      movl  (%esp), %edi
c3                            retl  
81 c7 56 88 08 00             add $0x88856, %edi
83 ec 1c                      sub $0x1c, %esp
75 3d                         jnz 0x8050808
74 28                         jz 0x8050804
74 01                         jz 0x80507ec
74 07                         jz 0x80507f8
73 4c                         jnb 0x8050860
upointer
8b 44 24 18                   movl  0x18(%esp), %eax
89 04 24                      movl  %eax, (%esp)
8b 45 08                      movl  0x8(%ebp), %eax
89 45 f8                      movl  %eax, -0x8(%ebp)
8b 45 f8                      movl  -0x8(%ebp), %eax
89 45 fc                      movl  %eax, -0x4(%ebp)
83 7d fc 00                   cmpl  $0x0, -0x4(%ebp)
75 cc                         jnz 0x8048888
8b 45 08                      movl  0x8(%ebp), %eax
89 44 24 10                   movl  %eax, 0x10(%esp)
83 7c 24 10 00                cmpl  $0x0, 0x10(%esp)
75 d8                         jnz 0x8048971
e8 fb 7d 00 00                calll  0x80507a0
e8 b9 c6 ff ff                calll  0x804ce63
8b 3c 24                      movl  (%esp), %edi
c3                            retl  
81 c7 56 88 08 00             add $0x88856, %edi
83 ec 1c                      sub $0x1c, %esp
75 3d                         jnz 0x8050808
74 28                         jz 0x8050804
upointer
8b 45 f8                      movl  -0x8(%ebp), %eax
89 45 fc                      movl  %eax, -0x4(%ebp)
83 7d fc 00                   cmpl  $0x0, -0x4(%ebp)
75 cc                         jnz 0x8048888
upointer
83 7c 24 10 00                cmpl  $0x0, 0x10(%esp)
75 d8                         jnz 0x8048971
e8 fb 7d 00 00                calll  0x80507a0
e8 b9 c6 ff ff                calll  0x804ce63
8b 3c 24                      movl  (%esp), %edi
c3                            retl  
81 c7 56 88 08 00             add $0x88856, %edi
83 ec 1c                      sub $0x1c, %esp
75 3d                         jnz 0x8050808
74 28                         jz 0x8050804
74 01                         jz 0x80507ec
74 07                         jz 0x80507f8
73 4c                         jnb 0x8050860
83 ec 08                      sub $0x8, %esp
89 fb                         mov %edi, %ebx
e8 64 53 00 00                calll  0x8055bd0
57                            pushl  %edi
53                            pushl  %ebx
e8 46 37 ff ff                calll  0x8049322
8b 04 24                      movl  (%esp), %eax
