int
8b 44 24 18                   movl  0x18(%esp), %eax
c1 e0 02                      shl $0x2, %eax
89 04 24                      movl  %eax, (%esp)
8b 74 24 20                   movl  0x20(%esp), %esi
8d 46 13                      leal  0x13(%esi), %eax
83 f8 0f                      cmp $0xf, %eax
0f 87 a9 00 00 00             jnbe 0x805c7d8
83 e0 f0                      and $0xfffffff0, %eax
83 f8 df                      cmp $0xffffffdf, %eax
0f 97 c2                      setnbe %dl
e9 50 ff ff ff                jmp 0x805c736
39 f0                         cmp %esi, %eax
0f 82 72 01 00 00             jb 0x805c8b0
84 d2                         test %dl, %dl
0f 85 6a 01 00 00             jnz 0x805c8b0
83 e8 01                      sub $0x1, %eax
c1 e8 04                      shr $0x4, %eax
0f 84 95 00 00 00             jz 0x805c7f0
0f 82 c9 00 00 00             jb 0x805c830
0f 84 29 ff ff ff             jz 0x805c767
int
3b 44 24 18                   cmpl  0x18(%esp), %eax
7c c0                         jl 0x80489ed
e8 33 fe ff ff                calll  0x8048874
75 0a                         jnz 0x804888a
e9 30 01 00 00                jmp 0x80489ba
c3                            retl  
e8 cf 75 00 00                calll  0x8050020
e8 5a 87 ff ff                calll  0x8048780
8b 1c 24                      movl  (%esp), %ebx
c3                            retl  
81 c3 da 8f 08 00             add $0x88fda, %ebx
83 ec 08                      sub $0x8, %esp
8d 44 24 14                   leal  0x14(%esp), %eax
83 ec 04                      sub $0x4, %esp
50                            pushl  %eax
e8 a8 ff 02 00                calll  0x807fff0
89 e5                         mov %esp, %ebp
53                            pushl  %ebx
e8 85 87 fc ff                calll  0x8048780
8b 1c 24                      movl  (%esp), %ebx
int
8b 44 24 18                   movl  0x18(%esp), %eax
89 44 24 04                   movl  %eax, 0x4(%esp)
83 7d 0c 00                   cmpl  $0x0, 0xc(%ebp)
75 0a                         jnz 0x804888a
e9 30 01 00 00                jmp 0x80489ba
upointer
8b 44 24 14                   movl  0x14(%esp), %eax
89 04 24                      movl  %eax, (%esp)
89 44 24 04                   movl  %eax, 0x4(%esp)
8b 00                         movl  (%eax), %eax
99                            cdq 
89 c6                         mov %eax, %esi
31 d0                         xor %edx, %eax
c1 ee 1f                      shr $0x1f, %esi
29 d0                         sub %edx, %eax
89 b5 5c fb ff ff             movl  %esi, -0x4a4(%ebp)
89 85 20 fb ff ff             movl  %eax, -0x4e0(%ebp)
50                            pushl  %eax
8b 4c 24 10                   movl  0x10(%esp), %ecx
89 c8                         mov %ecx, %eax
01 c0                         add %eax, %eax
29 c1                         sub %eax, %ecx
8b b5 20 fb ff ff             movl  -0x4e0(%ebp), %esi
85 f6                         test %esi, %esi
0f 84 42 0d 00 00             jz 0x80815b8
0f 84 a1 07 00 00             jz 0x8081d71
