int
8b 44 24 2c                   movl  0x2c(%esp), %eax
89 44 24 08                   movl  %eax, 0x8(%esp)
2b 45 10                      subl  0x10(%ebp), %eax
89 45 e4                      movl  %eax, -0x1c(%ebp)
8b 45 e4                      movl  -0x1c(%ebp), %eax
c1 f8 1f                      sar $0x1f, %eax
89 c2                         mov %eax, %edx
33 55 e4                      xorl  -0x1c(%ebp), %edx
29 c2                         sub %eax, %edx
39 c2                         cmp %eax, %edx
7d 06                         jnl 0x804894a
8b 45 e4                      movl  -0x1c(%ebp), %eax
89 45 f0                      movl  %eax, -0x10(%ebp)
83 7d e4 00                   cmpl  $0x0, -0x1c(%ebp)
79 06                         jns 0x8048956
eb 11                         jmp 0x8048967
0f 8c 74 ff ff ff             jl 0x80488e7
01 d0                         add %edx, %eax
2b 45 10                      subl  0x10(%ebp), %eax
89 45 e4                      movl  %eax, -0x1c(%ebp)
int
3b 45 f4                      cmpl  -0xc(%ebp), %eax
0f 8f 4a ff ff ff             jnle 0x80488d0
e9 80 00 00 00                jmp 0x8048967
0f 8c 74 ff ff ff             jl 0x80488e7
7d 06                         jnl 0x804894a
79 06                         jns 0x8048956
eb 11                         jmp 0x8048967
0f 8c 74 ff ff ff             jl 0x80488e7
7d 06                         jnl 0x804894a
79 06                         jns 0x8048956
eb 11                         jmp 0x8048967
0f 8c 74 ff ff ff             jl 0x80488e7
0f 8f 4a ff ff ff             jnle 0x80488d0
e9 80 00 00 00                jmp 0x8048967
0f 8c 74 ff ff ff             jl 0x80488e7
7d 06                         jnl 0x804894a
79 06                         jns 0x8048956
7e 06                         jle 0x8048962
eb 05                         jmp 0x8048967
0f 8c 74 ff ff ff             jl 0x80488e7
int
8b 45 f4                      movl  -0xc(%ebp), %eax
83 c0 01                      add $0x1, %eax
89 45 ec                      movl  %eax, -0x14(%ebp)
8b 45 ec                      movl  -0x14(%ebp), %eax
8b 45 ec                      movl  -0x14(%ebp), %eax
83 45 ec 01                   addl  $0x1, -0x14(%ebp)
8b 45 ec                      movl  -0x14(%ebp), %eax
8b 45 ec                      movl  -0x14(%ebp), %eax
83 45 ec 01                   addl  $0x1, -0x14(%ebp)
8b 45 ec                      movl  -0x14(%ebp), %eax
int
8b 45 f0                      movl  -0x10(%ebp), %eax
c1 f8 1f                      sar $0x1f, %eax
89 c1                         mov %eax, %ecx
89 c8                         mov %ecx, %eax
29 c8                         sub %ecx, %eax
39 c2                         cmp %eax, %edx
7d 06                         jnl 0x804894a
79 06                         jns 0x8048956
eb 11                         jmp 0x8048967
0f 8c 74 ff ff ff             jl 0x80488e7
01 c8                         add %ecx, %eax
01 c8                         add %ecx, %eax
7d 06                         jnl 0x804894a
79 06                         jns 0x8048956
eb 11                         jmp 0x8048967
0f 8c 74 ff ff ff             jl 0x80488e7
0f 8f 4a ff ff ff             jnle 0x80488d0
e9 80 00 00 00                jmp 0x8048967
0f 8c 74 ff ff ff             jl 0x80488e7
7d 06                         jnl 0x804894a
int
33 45 f0                      xorl  -0x10(%ebp), %eax
29 c8                         sub %ecx, %eax
39 c2                         cmp %eax, %edx
7d 06                         jnl 0x804894a
79 06                         jns 0x8048956
eb 11                         jmp 0x8048967
0f 8c 74 ff ff ff             jl 0x80488e7
7d 06                         jnl 0x804894a
79 06                         jns 0x8048956
eb 11                         jmp 0x8048967
0f 8c 74 ff ff ff             jl 0x80488e7
0f 8f 4a ff ff ff             jnle 0x80488d0
e9 80 00 00 00                jmp 0x8048967
0f 8c 74 ff ff ff             jl 0x80488e7
7d 06                         jnl 0x804894a
79 06                         jns 0x8048956
7e 06                         jle 0x8048962
eb 05                         jmp 0x8048967
0f 8c 74 ff ff ff             jl 0x80488e7
0f 8f 4a ff ff ff             jnle 0x80488d0
int
8b 45 f0                      movl  -0x10(%ebp), %eax
c1 f8 1f                      sar $0x1f, %eax
89 c1                         mov %eax, %ecx
89 c8                         mov %ecx, %eax
29 c8                         sub %ecx, %eax
39 c2                         cmp %eax, %edx
7d 06                         jnl 0x804894a
79 06                         jns 0x8048956
eb 11                         jmp 0x8048967
0f 8c 74 ff ff ff             jl 0x80488e7
0f 8f 4a ff ff ff             jnle 0x80488d0
e9 80 00 00 00                jmp 0x8048967
0f 8c 74 ff ff ff             jl 0x80488e7
01 c8                         add %ecx, %eax
01 c8                         add %ecx, %eax
7d 06                         jnl 0x804894a
79 06                         jns 0x8048956
7e 06                         jle 0x8048962
eb 05                         jmp 0x8048967
0f 8c 74 ff ff ff             jl 0x80488e7
int
33 45 f0                      xorl  -0x10(%ebp), %eax
29 c8                         sub %ecx, %eax
39 c2                         cmp %eax, %edx
7d 06                         jnl 0x804894a
79 06                         jns 0x8048956
eb 11                         jmp 0x8048967
0f 8c 74 ff ff ff             jl 0x80488e7
0f 8f 4a ff ff ff             jnle 0x80488d0
e9 80 00 00 00                jmp 0x8048967
0f 8c 74 ff ff ff             jl 0x80488e7
7d 06                         jnl 0x804894a
79 06                         jns 0x8048956
7e 06                         jle 0x8048962
eb 05                         jmp 0x8048967
0f 8c 74 ff ff ff             jl 0x80488e7
0f 8f 4a ff ff ff             jnle 0x80488d0
int
83 45 f4 01                   addl  $0x1, -0xc(%ebp)
3b 45 f4                      cmpl  -0xc(%ebp), %eax
0f 8f 4a ff ff ff             jnle 0x80488d0
8b 45 f4                      movl  -0xc(%ebp), %eax
83 c0 01                      add $0x1, %eax
89 45 ec                      movl  %eax, -0x14(%ebp)
e9 80 00 00 00                jmp 0x8048967
8b 45 ec                      movl  -0x14(%ebp), %eax
0f 8c 74 ff ff ff             jl 0x80488e7
8b 45 f4                      movl  -0xc(%ebp), %eax
8b 45 ec                      movl  -0x14(%ebp), %eax
7d 06                         jnl 0x804894a
79 06                         jns 0x8048956
7e 06                         jle 0x8048962
eb 05                         jmp 0x8048967
8b 45 ec                      movl  -0x14(%ebp), %eax
0f 8c 74 ff ff ff             jl 0x80488e7
83 45 f4 01                   addl  $0x1, -0xc(%ebp)
3b 45 f4                      cmpl  -0xc(%ebp), %eax
0f 8f 4a ff ff ff             jnle 0x80488d0
int
3b 45 f4                      cmpl  -0xc(%ebp), %eax
0f 8f 4a ff ff ff             jnle 0x80488d0
e9 80 00 00 00                jmp 0x8048967
0f 8c 74 ff ff ff             jl 0x80488e7
7d 06                         jnl 0x804894a
79 06                         jns 0x8048956
7e 06                         jle 0x8048962
eb 05                         jmp 0x8048967
0f 8c 74 ff ff ff             jl 0x80488e7
0f 8f 4a ff ff ff             jnle 0x80488d0
int
8b 45 f4                      movl  -0xc(%ebp), %eax
83 c0 01                      add $0x1, %eax
89 45 ec                      movl  %eax, -0x14(%ebp)
8b 45 ec                      movl  -0x14(%ebp), %eax
8b 45 ec                      movl  -0x14(%ebp), %eax
8b 45 ec                      movl  -0x14(%ebp), %eax
int
8b 45 f0                      movl  -0x10(%ebp), %eax
c1 f8 1f                      sar $0x1f, %eax
89 c1                         mov %eax, %ecx
89 c8                         mov %ecx, %eax
29 c8                         sub %ecx, %eax
39 c2                         cmp %eax, %edx
7d 06                         jnl 0x804894a
79 06                         jns 0x8048956
7e 06                         jle 0x8048962
eb 05                         jmp 0x8048967
0f 8c 74 ff ff ff             jl 0x80488e7
0f 8f 4a ff ff ff             jnle 0x80488d0
int
33 45 f0                      xorl  -0x10(%ebp), %eax
29 c8                         sub %ecx, %eax
39 c2                         cmp %eax, %edx
7d 06                         jnl 0x804894a
79 06                         jns 0x8048956
7e 06                         jle 0x8048962
eb 05                         jmp 0x8048967
0f 8c 74 ff ff ff             jl 0x80488e7
0f 8f 4a ff ff ff             jnle 0x80488d0
int
8b 55 f0                      movl  -0x10(%ebp), %edx
01 d0                         add %edx, %eax
89 44 24 04                   movl  %eax, 0x4(%esp)
8b 00                         movl  (%eax), %eax
99                            cdq 
89 c6                         mov %eax, %esi
31 d0                         xor %edx, %eax
c1 ee 1f                      shr $0x1f, %esi
29 d0                         sub %edx, %eax
89 b5 5c fb ff ff             movl  %esi, -0x4a4(%ebp)
89 85 20 fb ff ff             movl  %eax, -0x4e0(%ebp)
50                            pushl  %eax
8b 4c 24 10                   movl  0x10(%esp), %ecx
89 c8                         mov %ecx, %eax
01 c0                         add %eax, %eax
29 c1                         sub %eax, %ecx
8b b5 20 fb ff ff             movl  -0x4e0(%ebp), %esi
85 f6                         test %esi, %esi
0f 84 42 0d 00 00             jz 0x8081528
75 1f                         jnz 0x8080818
