int
8b 44 24 18                   movl  0x18(%esp), %eax
c1 e0 02                      shl $0x2, %eax
89 04 24                      movl  %eax, (%esp)
8b 74 24 20                   movl  0x20(%esp), %esi
8d 46 13                      leal  0x13(%esi), %eax
83 f8 0f                      cmp $0xf, %eax
0f 87 a9 00 00 00             jnbe 0x805c3f8
83 e0 f0                      and $0xfffffff0, %eax
83 f8 df                      cmp $0xffffffdf, %eax
0f 97 c2                      setnbe %dl
e9 50 ff ff ff                jmp 0x805c356
39 f0                         cmp %esi, %eax
0f 82 72 01 00 00             jb 0x805c4d0
84 d2                         test %dl, %dl
0f 85 6a 01 00 00             jnz 0x805c4d0
83 e8 01                      sub $0x1, %eax
c1 e8 04                      shr $0x4, %eax
0f 84 95 00 00 00             jz 0x805c410
0f 82 c9 00 00 00             jb 0x805c450
0f 84 29 ff ff ff             jz 0x805c387
int
8b 44 24 18                   movl  0x18(%esp), %eax
c1 e0 02                      shl $0x2, %eax
89 04 24                      movl  %eax, (%esp)
8b 74 24 20                   movl  0x20(%esp), %esi
8d 46 13                      leal  0x13(%esi), %eax
83 f8 0f                      cmp $0xf, %eax
0f 87 a9 00 00 00             jnbe 0x805c3f8
83 e0 f0                      and $0xfffffff0, %eax
83 f8 df                      cmp $0xffffffdf, %eax
0f 97 c2                      setnbe %dl
e9 50 ff ff ff                jmp 0x805c356
39 f0                         cmp %esi, %eax
0f 82 72 01 00 00             jb 0x805c4d0
84 d2                         test %dl, %dl
0f 85 6a 01 00 00             jnz 0x805c4d0
83 e8 01                      sub $0x1, %eax
c1 e8 04                      shr $0x4, %eax
0f 84 95 00 00 00             jz 0x805c410
0f 82 c9 00 00 00             jb 0x805c450
0f 84 29 ff ff ff             jz 0x805c387
int
3b 44 24 18                   cmpl  0x18(%esp), %eax
7c a5                         jl 0x8048b36
e8 a0 37 01 00                calll  0x805c320
e8 58 c4 fe ff                calll  0x8048780
8b 1c 24                      movl  (%esp), %ebx
c3                            retl  
81 c3 d8 cc 07 00             add $0x7ccd8, %ebx
83 ec 10                      sub $0x10, %esp
0f 85 6d 01 00 00             jnz 0x805c4b0
0f 87 a9 00 00 00             jnbe 0x805c3f8
e9 50 ff ff ff                jmp 0x805c356
0f 82 72 01 00 00             jb 0x805c4d0
0f 85 6a 01 00 00             jnz 0x805c4d0
0f 84 95 00 00 00             jz 0x805c410
0f 82 c9 00 00 00             jb 0x805c450
0f 84 29 ff ff ff             jz 0x805c387
0f 85 53 01 00 00             jnz 0x805c4e8
8d 83 20 05 00 00             leal  0x520(%ebx), %eax
e8 5e e2 ff ff                calll  0x805a600
53                            pushl  %ebx
int
8b 54 24 1c                   movl  0x1c(%esp), %edx
83 c2 01                      add $0x1, %edx
89 10                         movl  %edx, (%eax)
8d 1c 02                      leal  (%edx,%eax,1), %ebx
01 d0                         add %edx, %eax
8b 00                         movl  (%eax), %eax
c1 e0 02                      shl $0x2, %eax
89 04 24                      movl  %eax, (%esp)
53                            pushl  %ebx
8b 74 24 20                   movl  0x20(%esp), %esi
8d 46 13                      leal  0x13(%esi), %eax
83 f8 0f                      cmp $0xf, %eax
0f 87 a9 00 00 00             jnbe 0x805c3f8
83 e0 f0                      and $0xfffffff0, %eax
83 f8 df                      cmp $0xffffffdf, %eax
0f 97 c2                      setnbe %dl
e9 50 ff ff ff                jmp 0x805c356
39 f0                         cmp %esi, %eax
0f 82 72 01 00 00             jb 0x805c4d0
84 d2                         test %dl, %dl
int
83 44 24 1c 01                addl  $0x1, 0x1c(%esp)
8b 44 24 1c                   movl  0x1c(%esp), %eax
8b 44 24 1c                   movl  0x1c(%esp), %eax
8b 54 24 1c                   movl  0x1c(%esp), %edx
83 c2 01                      add $0x1, %edx
89 10                         movl  %edx, (%eax)
8b 44 24 1c                   movl  0x1c(%esp), %eax
8d 1c 02                      leal  (%edx,%eax,1), %ebx
8b 44 24 1c                   movl  0x1c(%esp), %eax
01 d0                         add %edx, %eax
8b 00                         movl  (%eax), %eax
c1 e0 02                      shl $0x2, %eax
89 04 24                      movl  %eax, (%esp)
53                            pushl  %ebx
8b 74 24 20                   movl  0x20(%esp), %esi
8d 46 13                      leal  0x13(%esi), %eax
83 f8 0f                      cmp $0xf, %eax
0f 87 a9 00 00 00             jnbe 0x805c3f8
83 e0 f0                      and $0xfffffff0, %eax
83 f8 df                      cmp $0xffffffdf, %eax
int
3b 44 24 18                   cmpl  0x18(%esp), %eax
7c a5                         jl 0x8048b36
e8 a0 37 01 00                calll  0x805c320
e8 58 c4 fe ff                calll  0x8048780
8b 1c 24                      movl  (%esp), %ebx
c3                            retl  
81 c3 d8 cc 07 00             add $0x7ccd8, %ebx
83 ec 10                      sub $0x10, %esp
0f 85 6d 01 00 00             jnz 0x805c4b0
0f 87 a9 00 00 00             jnbe 0x805c3f8
e9 50 ff ff ff                jmp 0x805c356
0f 82 72 01 00 00             jb 0x805c4d0
0f 85 6a 01 00 00             jnz 0x805c4d0
0f 84 95 00 00 00             jz 0x805c410
0f 82 c9 00 00 00             jb 0x805c450
0f 84 29 ff ff ff             jz 0x805c387
0f 85 53 01 00 00             jnz 0x805c4e8
8d 83 20 05 00 00             leal  0x520(%ebx), %eax
e8 5e e2 ff ff                calll  0x805a600
53                            pushl  %ebx
int
8b 54 24 1c                   movl  0x1c(%esp), %edx
83 c2 01                      add $0x1, %edx
89 10                         movl  %edx, (%eax)
8d 1c 02                      leal  (%edx,%eax,1), %ebx
01 d0                         add %edx, %eax
8b 00                         movl  (%eax), %eax
c1 e0 02                      shl $0x2, %eax
89 04 24                      movl  %eax, (%esp)
53                            pushl  %ebx
8b 74 24 20                   movl  0x20(%esp), %esi
8d 46 13                      leal  0x13(%esi), %eax
83 f8 0f                      cmp $0xf, %eax
0f 87 a9 00 00 00             jnbe 0x805c3f8
83 e0 f0                      and $0xfffffff0, %eax
83 f8 df                      cmp $0xffffffdf, %eax
0f 97 c2                      setnbe %dl
e9 50 ff ff ff                jmp 0x805c356
39 f0                         cmp %esi, %eax
0f 82 72 01 00 00             jb 0x805c4d0
84 d2                         test %dl, %dl
int
83 44 24 1c 01                addl  $0x1, 0x1c(%esp)
8b 44 24 1c                   movl  0x1c(%esp), %eax
8b 44 24 1c                   movl  0x1c(%esp), %eax
8b 54 24 1c                   movl  0x1c(%esp), %edx
83 c2 01                      add $0x1, %edx
89 10                         movl  %edx, (%eax)
8b 44 24 1c                   movl  0x1c(%esp), %eax
8d 1c 02                      leal  (%edx,%eax,1), %ebx
8b 44 24 1c                   movl  0x1c(%esp), %eax
01 d0                         add %edx, %eax
8b 00                         movl  (%eax), %eax
c1 e0 02                      shl $0x2, %eax
89 04 24                      movl  %eax, (%esp)
53                            pushl  %ebx
8b 74 24 20                   movl  0x20(%esp), %esi
8d 46 13                      leal  0x13(%esi), %eax
83 f8 0f                      cmp $0xf, %eax
0f 87 a9 00 00 00             jnbe 0x805c3f8
83 e0 f0                      and $0xfffffff0, %eax
83 f8 df                      cmp $0xffffffdf, %eax
int
3b 44 24 18                   cmpl  0x18(%esp), %eax
7c a5                         jl 0x8048b36
e8 a0 37 01 00                calll  0x805c320
e8 58 c4 fe ff                calll  0x8048780
8b 1c 24                      movl  (%esp), %ebx
c3                            retl  
81 c3 d8 cc 07 00             add $0x7ccd8, %ebx
83 ec 10                      sub $0x10, %esp
0f 85 6d 01 00 00             jnz 0x805c4b0
0f 87 a9 00 00 00             jnbe 0x805c3f8
e9 50 ff ff ff                jmp 0x805c356
0f 82 72 01 00 00             jb 0x805c4d0
0f 85 6a 01 00 00             jnz 0x805c4d0
0f 84 95 00 00 00             jz 0x805c410
0f 82 c9 00 00 00             jb 0x805c450
0f 84 29 ff ff ff             jz 0x805c387
0f 85 53 01 00 00             jnz 0x805c4e8
8d 83 20 05 00 00             leal  0x520(%ebx), %eax
e8 5e e2 ff ff                calll  0x805a600
53                            pushl  %ebx
int
8b 54 24 1c                   movl  0x1c(%esp), %edx
83 c2 01                      add $0x1, %edx
89 10                         movl  %edx, (%eax)
8d 1c 02                      leal  (%edx,%eax,1), %ebx
01 d0                         add %edx, %eax
8b 00                         movl  (%eax), %eax
c1 e0 02                      shl $0x2, %eax
89 04 24                      movl  %eax, (%esp)
53                            pushl  %ebx
8b 74 24 20                   movl  0x20(%esp), %esi
8d 46 13                      leal  0x13(%esi), %eax
83 f8 0f                      cmp $0xf, %eax
0f 87 a9 00 00 00             jnbe 0x805c3f8
83 e0 f0                      and $0xfffffff0, %eax
83 f8 df                      cmp $0xffffffdf, %eax
0f 97 c2                      setnbe %dl
e9 50 ff ff ff                jmp 0x805c356
39 f0                         cmp %esi, %eax
0f 82 72 01 00 00             jb 0x805c4d0
84 d2                         test %dl, %dl
int
83 44 24 1c 01                addl  $0x1, 0x1c(%esp)
8b 44 24 1c                   movl  0x1c(%esp), %eax
8b 44 24 1c                   movl  0x1c(%esp), %eax
8b 54 24 1c                   movl  0x1c(%esp), %edx
83 c2 01                      add $0x1, %edx
89 10                         movl  %edx, (%eax)
8b 44 24 1c                   movl  0x1c(%esp), %eax
8d 1c 02                      leal  (%edx,%eax,1), %ebx
8b 44 24 1c                   movl  0x1c(%esp), %eax
01 d0                         add %edx, %eax
8b 00                         movl  (%eax), %eax
c1 e0 02                      shl $0x2, %eax
89 04 24                      movl  %eax, (%esp)
53                            pushl  %ebx
8b 74 24 20                   movl  0x20(%esp), %esi
8d 46 13                      leal  0x13(%esi), %eax
83 f8 0f                      cmp $0xf, %eax
0f 87 a9 00 00 00             jnbe 0x805c3f8
83 e0 f0                      and $0xfffffff0, %eax
83 f8 df                      cmp $0xffffffdf, %eax
int
3b 44 24 18                   cmpl  0x18(%esp), %eax
7c a5                         jl 0x8048b36
e8 a0 37 01 00                calll  0x805c320
e8 58 c4 fe ff                calll  0x8048780
8b 1c 24                      movl  (%esp), %ebx
c3                            retl  
81 c3 d8 cc 07 00             add $0x7ccd8, %ebx
83 ec 10                      sub $0x10, %esp
0f 85 6d 01 00 00             jnz 0x805c4b0
0f 87 a9 00 00 00             jnbe 0x805c3f8
e9 50 ff ff ff                jmp 0x805c356
0f 82 72 01 00 00             jb 0x805c4d0
0f 85 6a 01 00 00             jnz 0x805c4d0
0f 84 95 00 00 00             jz 0x805c410
0f 82 c9 00 00 00             jb 0x805c450
0f 84 29 ff ff ff             jz 0x805c387
0f 85 53 01 00 00             jnz 0x805c4e8
8d 83 20 05 00 00             leal  0x520(%ebx), %eax
e8 5e e2 ff ff                calll  0x805a600
53                            pushl  %ebx
int
8b 54 24 1c                   movl  0x1c(%esp), %edx
83 c2 01                      add $0x1, %edx
89 10                         movl  %edx, (%eax)
8d 1c 02                      leal  (%edx,%eax,1), %ebx
01 d0                         add %edx, %eax
8b 00                         movl  (%eax), %eax
c1 e0 02                      shl $0x2, %eax
89 04 24                      movl  %eax, (%esp)
53                            pushl  %ebx
8b 74 24 20                   movl  0x20(%esp), %esi
8d 46 13                      leal  0x13(%esi), %eax
83 f8 0f                      cmp $0xf, %eax
0f 87 a9 00 00 00             jnbe 0x805c3f8
83 e0 f0                      and $0xfffffff0, %eax
83 f8 df                      cmp $0xffffffdf, %eax
0f 97 c2                      setnbe %dl
e9 50 ff ff ff                jmp 0x805c356
39 f0                         cmp %esi, %eax
0f 82 72 01 00 00             jb 0x805c4d0
84 d2                         test %dl, %dl
int
3b 44 24 18                   cmpl  0x18(%esp), %eax
7c a5                         jl 0x8048b36
e8 81 fd ff ff                calll  0x80489d3
e8 38 39 01 00                calll  0x805c320
e8 58 c4 fe ff                calll  0x8048780
8b 1c 24                      movl  (%esp), %ebx
c3                            retl  
81 c3 d8 cc 07 00             add $0x7ccd8, %ebx
83 ec 10                      sub $0x10, %esp
0f 85 6d 01 00 00             jnz 0x805c4b0
0f 87 a9 00 00 00             jnbe 0x805c3f8
e9 50 ff ff ff                jmp 0x805c356
0f 82 72 01 00 00             jb 0x805c4d0
0f 85 6a 01 00 00             jnz 0x805c4d0
0f 84 95 00 00 00             jz 0x805c410
0f 82 c9 00 00 00             jb 0x805c450
0f 84 29 ff ff ff             jz 0x805c387
0f 85 53 01 00 00             jnz 0x805c4e8
8d 83 20 05 00 00             leal  0x520(%ebx), %eax
e8 5e e2 ff ff                calll  0x805a600
upointer
8b 44 24 10                   movl  0x10(%esp), %eax
89 44 24 08                   movl  %eax, 0x8(%esp)
8b 45 10                      movl  0x10(%ebp), %eax
01 d0                         add %edx, %eax
8b 45 10                      movl  0x10(%ebp), %eax
01 d0                         add %edx, %eax
8b 45 10                      movl  0x10(%ebp), %eax
01 d0                         add %edx, %eax
8b 45 10                      movl  0x10(%ebp), %eax
01 d0                         add %edx, %eax
8b 45 10                      movl  0x10(%ebp), %eax
01 d0                         add %edx, %eax
8b 45 10                      movl  0x10(%ebp), %eax
01 d0                         add %edx, %eax
8b 45 10                      movl  0x10(%ebp), %eax
01 d0                         add %edx, %eax
8b 45 10                      movl  0x10(%ebp), %eax
01 d0                         add %edx, %eax
8b 45 10                      movl  0x10(%ebp), %eax
01 d0                         add %edx, %eax
int
8b 44 24 18                   movl  0x18(%esp), %eax
89 44 24 04                   movl  %eax, 0x4(%esp)
8b 45 0c                      movl  0xc(%ebp), %eax
c1 e0 02                      shl $0x2, %eax
89 04 24                      movl  %eax, (%esp)
8b 74 24 20                   movl  0x20(%esp), %esi
8d 46 13                      leal  0x13(%esi), %eax
83 f8 0f                      cmp $0xf, %eax
0f 87 a9 00 00 00             jnbe 0x805c3f8
83 e0 f0                      and $0xfffffff0, %eax
83 f8 df                      cmp $0xffffffdf, %eax
0f 97 c2                      setnbe %dl
e9 50 ff ff ff                jmp 0x805c356
39 f0                         cmp %esi, %eax
0f 82 72 01 00 00             jb 0x805c4d0
84 d2                         test %dl, %dl
0f 85 6a 01 00 00             jnz 0x805c4d0
83 e8 01                      sub $0x1, %eax
c1 e8 04                      shr $0x4, %eax
0f 84 95 00 00 00             jz 0x805c410
upointer
8b 44 24 14                   movl  0x14(%esp), %eax
89 04 24                      movl  %eax, (%esp)
8b 45 08                      movl  0x8(%ebp), %eax
89 04 24                      movl  %eax, (%esp)
8b 45 08                      movl  0x8(%ebp), %eax
89 04 24                      movl  %eax, (%esp)
8b 45 08                      movl  0x8(%ebp), %eax
89 04 24                      movl  %eax, (%esp)
8b 45 08                      movl  0x8(%ebp), %eax
89 04 24                      movl  %eax, (%esp)
8b 45 08                      movl  0x8(%ebp), %eax
01 d0                         add %edx, %eax
8b 45 08                      movl  0x8(%ebp), %eax
89 04 24                      movl  %eax, (%esp)
8b 45 08                      movl  0x8(%ebp), %eax
01 d0                         add %edx, %eax
8b 45 08                      movl  0x8(%ebp), %eax
01 c8                         add %ecx, %eax
8b 45 08                      movl  0x8(%ebp), %eax
89 04 24                      movl  %eax, (%esp)
int
83 45 f4 01                   addl  $0x1, -0xc(%ebp)
8b 45 f4                      movl  -0xc(%ebp), %eax
8b 45 f4                      movl  -0xc(%ebp), %eax
8b 45 f4                      movl  -0xc(%ebp), %eax
8b 45 f4                      movl  -0xc(%ebp), %eax
8b 45 f4                      movl  -0xc(%ebp), %eax
83 45 f4 01                   addl  $0x1, -0xc(%ebp)
8b 45 f4                      movl  -0xc(%ebp), %eax
8b 45 f4                      movl  -0xc(%ebp), %eax
8b 45 f4                      movl  -0xc(%ebp), %eax
8b 45 f4                      movl  -0xc(%ebp), %eax
8b 45 f4                      movl  -0xc(%ebp), %eax
83 45 f4 01                   addl  $0x1, -0xc(%ebp)
8b 45 f4                      movl  -0xc(%ebp), %eax
8b 45 f4                      movl  -0xc(%ebp), %eax
8b 45 f4                      movl  -0xc(%ebp), %eax
8b 45 f4                      movl  -0xc(%ebp), %eax
8b 45 f4                      movl  -0xc(%ebp), %eax
83 45 f4 01                   addl  $0x1, -0xc(%ebp)
8b 45 f4                      movl  -0xc(%ebp), %eax
int
83 45 f4 01                   addl  $0x1, -0xc(%ebp)
8b 45 f4                      movl  -0xc(%ebp), %eax
8b 45 f4                      movl  -0xc(%ebp), %eax
8b 45 f4                      movl  -0xc(%ebp), %eax
8b 45 f4                      movl  -0xc(%ebp), %eax
8b 45 f4                      movl  -0xc(%ebp), %eax
83 45 f4 01                   addl  $0x1, -0xc(%ebp)
8b 45 f4                      movl  -0xc(%ebp), %eax
8b 45 f4                      movl  -0xc(%ebp), %eax
8b 45 f4                      movl  -0xc(%ebp), %eax
8b 45 f4                      movl  -0xc(%ebp), %eax
8b 45 f4                      movl  -0xc(%ebp), %eax
83 45 f4 01                   addl  $0x1, -0xc(%ebp)
8b 45 f4                      movl  -0xc(%ebp), %eax
int
83 45 f4 01                   addl  $0x1, -0xc(%ebp)
8b 45 f4                      movl  -0xc(%ebp), %eax
8b 45 f4                      movl  -0xc(%ebp), %eax
8b 45 f4                      movl  -0xc(%ebp), %eax
8b 45 f4                      movl  -0xc(%ebp), %eax
8b 45 f4                      movl  -0xc(%ebp), %eax
83 45 f4 01                   addl  $0x1, -0xc(%ebp)
8b 45 f4                      movl  -0xc(%ebp), %eax
int
83 45 f4 01                   addl  $0x1, -0xc(%ebp)
8b 45 f4                      movl  -0xc(%ebp), %eax
8b 45 f4                      movl  -0xc(%ebp), %eax
8b 45 f4                      movl  -0xc(%ebp), %eax
83 45 f4 01                   addl  $0x1, -0xc(%ebp)
8b 45 f4                      movl  -0xc(%ebp), %eax
8b 45 f4                      movl  -0xc(%ebp), %eax
8b 45 f4                      movl  -0xc(%ebp), %eax
83 45 f4 01                   addl  $0x1, -0xc(%ebp)
8b 45 f4                      movl  -0xc(%ebp), %eax
8b 45 f4                      movl  -0xc(%ebp), %eax
8b 45 f4                      movl  -0xc(%ebp), %eax
83 45 f4 01                   addl  $0x1, -0xc(%ebp)
8b 45 f4                      movl  -0xc(%ebp), %eax
int
83 45 f4 01                   addl  $0x1, -0xc(%ebp)
8b 45 f4                      movl  -0xc(%ebp), %eax
8b 45 f4                      movl  -0xc(%ebp), %eax
8b 45 f4                      movl  -0xc(%ebp), %eax
83 45 f4 01                   addl  $0x1, -0xc(%ebp)
8b 45 f4                      movl  -0xc(%ebp), %eax
8b 45 f4                      movl  -0xc(%ebp), %eax
8b 45 f4                      movl  -0xc(%ebp), %eax
83 45 f4 01                   addl  $0x1, -0xc(%ebp)
8b 45 f4                      movl  -0xc(%ebp), %eax
int
83 45 f4 01                   addl  $0x1, -0xc(%ebp)
8b 45 f4                      movl  -0xc(%ebp), %eax
8b 45 f4                      movl  -0xc(%ebp), %eax
8b 45 f4                      movl  -0xc(%ebp), %eax
83 45 f4 01                   addl  $0x1, -0xc(%ebp)
8b 45 f4                      movl  -0xc(%ebp), %eax
upointer
8b 45 f0                      movl  -0x10(%ebp), %eax
89 44 24 18                   movl  %eax, 0x18(%esp)
8b 45 20                      movl  0x20(%ebp), %eax
01 d0                         add %edx, %eax
8b 45 20                      movl  0x20(%ebp), %eax
89 44 24 18                   movl  %eax, 0x18(%esp)
8b 45 20                      movl  0x20(%ebp), %eax
01 d0                         add %edx, %eax
8b 45 20                      movl  0x20(%ebp), %eax
89 44 24 18                   movl  %eax, 0x18(%esp)
8b 45 20                      movl  0x20(%ebp), %eax
01 d0                         add %edx, %eax
8b 45 20                      movl  0x20(%ebp), %eax
89 44 24 18                   movl  %eax, 0x18(%esp)
8b 45 20                      movl  0x20(%ebp), %eax
89 44 24 18                   movl  %eax, 0x18(%esp)
8b 45 20                      movl  0x20(%ebp), %eax
01 d0                         add %edx, %eax
8b 45 20                      movl  0x20(%ebp), %eax
89 44 24 18                   movl  %eax, 0x18(%esp)
upointer
8b 45 ec                      movl  -0x14(%ebp), %eax
89 44 24 14                   movl  %eax, 0x14(%esp)
8b 45 1c                      movl  0x1c(%ebp), %eax
89 44 24 14                   movl  %eax, 0x14(%esp)
8b 45 1c                      movl  0x1c(%ebp), %eax
89 44 24 14                   movl  %eax, 0x14(%esp)
8b 45 1c                      movl  0x1c(%ebp), %eax
89 44 24 14                   movl  %eax, 0x14(%esp)
8b 45 1c                      movl  0x1c(%ebp), %eax
89 44 24 14                   movl  %eax, 0x14(%esp)
8b 45 1c                      movl  0x1c(%ebp), %eax
01 d0                         add %edx, %eax
8b 45 1c                      movl  0x1c(%ebp), %eax
01 d0                         add %edx, %eax
8b 45 1c                      movl  0x1c(%ebp), %eax
89 44 24 14                   movl  %eax, 0x14(%esp)
8b 45 1c                      movl  0x1c(%ebp), %eax
89 44 24 14                   movl  %eax, 0x14(%esp)
8b 45 1c                      movl  0x1c(%ebp), %eax
89 44 24 14                   movl  %eax, 0x14(%esp)
