int
8b 44 24 28                   movl  0x28(%esp), %eax
89 44 24 08                   movl  %eax, 0x8(%esp)
8b 55 10                      movl  0x10(%ebp), %edx
29 c2                         sub %eax, %edx
89 d0                         mov %edx, %eax
89 45 e0                      movl  %eax, -0x20(%ebp)
01 d0                         add %edx, %eax
3b 45 e0                      cmpl  -0x20(%ebp), %eax
7d 40                         jnl 0x80489a8
0f 8d b3 00 00 00             jnl 0x8048a2b
01 d0                         add %edx, %eax
74 c5                         jz 0x8048968
e9 83 00 00 00                jmp 0x8048a2b
0f 8c 00 ff ff ff             jl 0x8048937
8b 55 10                      movl  0x10(%ebp), %edx
29 c2                         sub %eax, %edx
89 d0                         mov %edx, %eax
89 45 e0                      movl  %eax, -0x20(%ebp)
01 d0                         add %edx, %eax
3b 45 e0                      cmpl  -0x20(%ebp), %eax
int
8b 44 24 2c                   movl  0x2c(%esp), %eax
89 44 24 04                   movl  %eax, 0x4(%esp)
8b 45 0c                      movl  0xc(%ebp), %eax
c1 e0 03                      shl $0x3, %eax
89 04 24                      movl  %eax, (%esp)
8b 74 24 20                   movl  0x20(%esp), %esi
8d 46 13                      leal  0x13(%esi), %eax
83 f8 0f                      cmp $0xf, %eax
0f 87 a9 00 00 00             jnbe 0x805c3f8
83 e0 f0                      and $0xfffffff0, %eax
83 f8 df                      cmp $0xffffffdf, %eax
0f 97 c2                      setnbe %dl
e9 50 ff ff ff                jmp 0x805c356
39 f0                         cmp %esi, %eax
0f 82 72 01 00 00             jb 0x805c4d0
84 d2                         test %dl, %dl
0f 85 6a 01 00 00             jnz 0x805c4d0
83 e8 01                      sub $0x1, %eax
c1 e8 04                      shr $0x4, %eax
0f 84 95 00 00 00             jz 0x805c410
upointer
8b 45 ec                      movl  -0x14(%ebp), %eax
01 c2                         add %eax, %edx
01 c2                         add %eax, %edx
01 c2                         add %eax, %edx
01 c2                         add %eax, %edx
01 c2                         add %eax, %edx
01 c2                         add %eax, %edx
upointer
8b 45 ec                      movl  -0x14(%ebp), %eax
01 c2                         add %eax, %edx
01 c2                         add %eax, %edx
01 c2                         add %eax, %edx
01 c2                         add %eax, %edx
01 c2                         add %eax, %edx
int
83 45 f4 01                   addl  $0x1, -0xc(%ebp)
8b 45 f4                      movl  -0xc(%ebp), %eax
8b 45 f4                      movl  -0xc(%ebp), %eax
8b 45 f4                      movl  -0xc(%ebp), %eax
8b 45 f4                      movl  -0xc(%ebp), %eax
8b 45 f4                      movl  -0xc(%ebp), %eax
89 42 04                      movl  %eax, 0x4(%edx)
83 45 f4 01                   addl  $0x1, -0xc(%ebp)
8b 45 f4                      movl  -0xc(%ebp), %eax
8b 45 f4                      movl  -0xc(%ebp), %eax
8b 45 f4                      movl  -0xc(%ebp), %eax
8b 45 f4                      movl  -0xc(%ebp), %eax
8b 45 f4                      movl  -0xc(%ebp), %eax
89 42 04                      movl  %eax, 0x4(%edx)
83 45 f4 01                   addl  $0x1, -0xc(%ebp)
8b 45 f4                      movl  -0xc(%ebp), %eax
8b 40 04                      movl  0x4(%eax), %eax
89 02                         movl  %eax, (%edx)
8b 10                         movl  (%eax), %edx
89 54 24 08                   movl  %edx, 0x8(%esp)
upointer
8b 45 ec                      movl  -0x14(%ebp), %eax
01 c2                         add %eax, %edx
01 c2                         add %eax, %edx
01 c2                         add %eax, %edx
01 c2                         add %eax, %edx
upointer
8b 45 ec                      movl  -0x14(%ebp), %eax
01 c2                         add %eax, %edx
01 c2                         add %eax, %edx
01 c2                         add %eax, %edx
int
83 45 f4 01                   addl  $0x1, -0xc(%ebp)
8b 45 f4                      movl  -0xc(%ebp), %eax
8b 45 f4                      movl  -0xc(%ebp), %eax
8b 45 f4                      movl  -0xc(%ebp), %eax
8b 45 f4                      movl  -0xc(%ebp), %eax
8b 45 f4                      movl  -0xc(%ebp), %eax
89 42 04                      movl  %eax, 0x4(%edx)
83 45 f4 01                   addl  $0x1, -0xc(%ebp)
8b 45 f4                      movl  -0xc(%ebp), %eax
8b 40 04                      movl  0x4(%eax), %eax
89 02                         movl  %eax, (%edx)
8b 10                         movl  (%eax), %edx
89 54 24 08                   movl  %edx, 0x8(%esp)
8b 00                         movl  (%eax), %eax
99                            cdq 
89 c6                         mov %eax, %esi
31 d0                         xor %edx, %eax
c1 ee 1f                      shr $0x1f, %esi
29 d0                         sub %edx, %eax
89 b5 5c fb ff ff             movl  %esi, -0x4a4(%ebp)
int
8b 45 f4                      movl  -0xc(%ebp), %eax
89 42 04                      movl  %eax, 0x4(%edx)
8b 40 04                      movl  0x4(%eax), %eax
89 02                         movl  %eax, (%edx)
8b 10                         movl  (%eax), %edx
89 54 24 08                   movl  %edx, 0x8(%esp)
8b 00                         movl  (%eax), %eax
99                            cdq 
89 c6                         mov %eax, %esi
31 d0                         xor %edx, %eax
c1 ee 1f                      shr $0x1f, %esi
29 d0                         sub %edx, %eax
89 b5 5c fb ff ff             movl  %esi, -0x4a4(%ebp)
89 85 20 fb ff ff             movl  %eax, -0x4e0(%ebp)
50                            pushl  %eax
8b 4c 24 10                   movl  0x10(%esp), %ecx
89 c8                         mov %ecx, %eax
01 c0                         add %eax, %eax
29 c1                         sub %eax, %ecx
8b b5 20 fb ff ff             movl  -0x4e0(%ebp), %esi
upointer
8b 45 ec                      movl  -0x14(%ebp), %eax
89 04 24                      movl  %eax, (%esp)
ff 74 24 2c                   pushl  0x2c(%esp)
8b 45 08                      movl  0x8(%ebp), %eax
89 45 b4                      movl  %eax, -0x4c(%ebp)
f6 45 b4 03                   testb  $0x3, -0x4c(%ebp)
75 24                         jnz 0x804ec20
0f 84 08 01 00 00             jz 0x804ed0e
0f 84 e8 00 00 00             jz 0x804ecf8
f6 45 b4 07                   testb  $0x7, -0x4c(%ebp)
0f 85 0e ff ff ff             jnz 0x804ec10
e9 12 ff ff ff                jmp 0x804ec20
76 0e                         jbe 0x804ec34
8b 55 b4                      movl  -0x4c(%ebp), %edx
e8 3c fa ff ff                calll  0x804e670
e8 05 a1 ff ff                calll  0x8048780
8b 1c 24                      movl  (%esp), %ebx
c3                            retl  
81 c3 85 a9 08 00             add $0x8a985, %ebx
83 ec 3c                      sub $0x3c, %esp
int
3b 45 f0                      cmpl  -0x10(%ebp), %eax
0f 8c 00 ff ff ff             jl 0x8048937
7d 40                         jnl 0x80489a8
0f 8d b3 00 00 00             jnl 0x8048a2b
74 c5                         jz 0x8048968
e9 83 00 00 00                jmp 0x8048a2b
0f 8c 00 ff ff ff             jl 0x8048937
7d 40                         jnl 0x80489a8
7e 37                         jle 0x80489f5
eb 11                         jmp 0x8048a3c
int
83 45 f4 01                   addl  $0x1, -0xc(%ebp)
8b 45 f4                      movl  -0xc(%ebp), %eax
8b 45 f4                      movl  -0xc(%ebp), %eax
8b 45 f4                      movl  -0xc(%ebp), %eax
05 ff ff ff 1f                add $0x1fffffff, %eax
8b 45 f4                      movl  -0xc(%ebp), %eax
8b 45 f4                      movl  -0xc(%ebp), %eax
8b 45 f4                      movl  -0xc(%ebp), %eax
int
3b 45 f0                      cmpl  -0x10(%ebp), %eax
0f 8d b3 00 00 00             jnl 0x8048a2b
74 c5                         jz 0x8048968
e9 83 00 00 00                jmp 0x8048a2b
0f 8c 00 ff ff ff             jl 0x8048937
7d 40                         jnl 0x80489a8
7e 37                         jle 0x80489f5
eb 11                         jmp 0x8048a3c
int
3b 45 f0                      cmpl  -0x10(%ebp), %eax
0f 8c 00 ff ff ff             jl 0x8048937
7d 40                         jnl 0x80489a8
7e 37                         jle 0x80489f5
eb 11                         jmp 0x8048a3c
upointer
8b 45 e4                      movl  -0x1c(%ebp), %eax
89 44 24 24                   movl  %eax, 0x24(%esp)
83 7c 24 24 00                cmpl  $0x0, 0x24(%esp)
74 25                         jz 0x8048abb
8b 44 24 24                   movl  0x24(%esp), %eax
83 c0 04                      add $0x4, %eax
8b 44 24 24                   movl  0x24(%esp), %eax
e8 e7 6f 00 00                calll  0x804faa0
e8 da 8c ff ff                calll  0x8048780
8b 1c 24                      movl  (%esp), %ebx
c3                            retl  
81 c3 5a 95 08 00             add $0x8955a, %ebx
83 ec 08                      sub $0x8, %esp
8d 44 24 14                   leal  0x14(%esp), %eax
83 ec 04                      sub $0x4, %esp
50                            pushl  %eax
e8 08 07 03 00                calll  0x80801d0
89 e5                         mov %esp, %ebp
53                            pushl  %ebx
e8 a5 85 fc ff                calll  0x8048780
upointer
83 7c 24 24 00                cmpl  $0x0, 0x24(%esp)
74 25                         jz 0x8048abb
e8 e7 6f 00 00                calll  0x804faa0
e8 da 8c ff ff                calll  0x8048780
8b 1c 24                      movl  (%esp), %ebx
c3                            retl  
81 c3 5a 95 08 00             add $0x8955a, %ebx
83 ec 08                      sub $0x8, %esp
8d 44 24 14                   leal  0x14(%esp), %eax
83 ec 04                      sub $0x4, %esp
50                            pushl  %eax
e8 08 07 03 00                calll  0x80801d0
89 e5                         mov %esp, %ebp
53                            pushl  %ebx
e8 a5 85 fc ff                calll  0x8048780
8b 1c 24                      movl  (%esp), %ebx
c3                            retl  
81 c3 25 8e 05 00             add $0x58e25, %ebx
81 ec ec 04 00 00             sub $0x4ec, %esp
8b 45 10                      movl  0x10(%ebp), %eax
